[2026-04-15 07:04:40,986][anemoi.training.train.train][INFO] - Skipping config validation.
[2026-04-15 07:04:40,986][anemoi.training.train.train][INFO] - Starting from checkpoint: True
[2026-04-15 07:04:40,986][anemoi.training.train.train][INFO] - Run id: BigTransformer
[2026-04-15 07:04:40,987][anemoi.training.train.train][INFO] - Checkpoints path: {'root': PosixPath('/mnt/weatherloss/WindPower/training/EGU26/BigTransformer/checkpoint/BigTransformer'), 'every_n_epochs': 'anemoi-by_epoch-epoch_{epoch:03d}-step_{step:06d}', 'every_n_train_steps': 'anemoi-by_step-epoch_{epoch:03d}-step_{step:06d}', 'every_n_minutes': 'anemoi-by_time-epoch_{epoch:03d}-step_{step:06d}'}
[2026-04-15 07:04:40,987][anemoi.training.train.train][INFO] - Plots path: /mnt/weatherloss/WindPower/training/EGU26/BigTransformer/plots/BigTransformer
[2026-04-15 07:04:41,510][anemoi.graphs.nodes.builders.from_file][INFO] - Reading the dataset from {'cutout': [{'dataset': '/mnt/weatherloss/WindPower/data/EGU26/Anemoidatasets/New_Cerra_A_large.zarr'}, {'dataset': '/mnt/weatherloss/WindPower/data/EGU26/Anemoidatasets/era5_A_large.zarr'}], 'min_distance_km': 0, 'adjust': 'all'}.
[2026-04-15 07:04:43,693][anemoi.graphs.generate.masks][INFO] - Fitting KNNAreaMaskBuilder with 72668 reference nodes from "data (cutout)".
[2026-04-15 07:05:01,120][anemoi.graphs.edges.builders.knn][INFO] - Using KNN-Edges (with 12 nearest neighbours) between data and hidden.
[2026-04-15 07:05:01,130][anemoi.graphs.edges.builders.base][WARNING] - The 'torch-cluster' library is not installed.
Installing 'torch-cluster' can significantly improve performance for graph creation.
You can install it using:
    TORCH_VERSION=$(python -c "import torch; print(torch.__version__)")
    pip install torch-cluster -f https://data.pyg.org/whl/torch-${TORCH_VERSION}.html

[2026-04-15 07:05:01,346][anemoi.graphs.edges.builders.cutoff][INFO] - Using CutOff-Edges (with radius = 15.0 km [direct]) between data and hidden.
[2026-04-15 07:05:01,346][anemoi.graphs.edges.builders.base][WARNING] - The 'torch-cluster' library is not installed.
Installing 'torch-cluster' can significantly improve performance for graph creation.
You can install it using:
    TORCH_VERSION=$(python -c "import torch; print(torch.__version__)")
    pip install torch-cluster -f https://data.pyg.org/whl/torch-${TORCH_VERSION}.html

[2026-04-15 07:05:54,511][anemoi.graphs.edges.builders.knn][INFO] - Using KNN-Edges (with 3 nearest neighbours) between hidden and data.
[2026-04-15 07:05:54,512][anemoi.graphs.edges.builders.base][WARNING] - The 'torch-cluster' library is not installed.
Installing 'torch-cluster' can significantly improve performance for graph creation.
You can install it using:
    TORCH_VERSION=$(python -c "import torch; print(torch.__version__)")
    pip install torch-cluster -f https://data.pyg.org/whl/torch-${TORCH_VERSION}.html

[2026-04-15 07:05:54,797][anemoi.graphs.create][INFO] - Cleaning graph.
[2026-04-15 07:05:54,797][anemoi.graphs.create][INFO] - _grid_reference_distance deleted from graph.
[2026-04-15 07:05:54,797][anemoi.graphs.create][INFO] - _dataset deleted from graph.
[2026-04-15 07:05:54,797][anemoi.graphs.create][INFO] - _grid_reference_distance deleted from graph.
[2026-04-15 07:05:54,797][anemoi.graphs.create][INFO] - _area_mask_builder deleted from graph.
[2026-04-15 07:05:54,797][anemoi.graphs.create][INFO] - _resolutions deleted from graph.
[2026-04-15 07:05:54,798][anemoi.graphs.create][INFO] - _node_ordering deleted from graph.
[2026-04-15 07:05:54,798][anemoi.graphs.create][INFO] - _nx_graph deleted from graph.
[2026-04-15 07:05:54,803][anemoi.graphs.processors.post_process][INFO] - Removing 120985 edges from ('data', 'to', 'hidden').
[2026-04-15 07:05:54,807][anemoi.graphs.processors.post_process][INFO] - Recomputing edge attribute edge_length.
[2026-04-15 07:05:54,809][anemoi.graphs.processors.post_process][INFO] - Recomputing edge attribute edge_dirs.
[2026-04-15 07:05:54,969][anemoi.graphs.processors.post_process][INFO] - Removing 4649 nodes from data.
[2026-04-15 07:05:55,786][anemoi.graphs.processors.post_process][INFO] - An attribute indices_connected_nodes has been added with the indices to mask the nodes from the original graph.
[2026-04-15 07:05:55,884][anemoi.graphs.create][INFO] - Graph saved at /mnt/weatherloss/WindPower/graphs/EGU26/EGUgraph15km.pt.
[2026-04-15 07:05:56,629][anemoi.training.data.datamodule][WARNING] - Falling back rollout to: 1
[2026-04-15 07:05:56,629][anemoi.training.data.datamodule][INFO] - Timeincrement set to 1 for data with frequency, 10800, and timestep, 10800
[2026-04-15 07:05:56,630][anemoi.training.data.grid_indices][INFO] - The graph attribute indices_connected_nodes of the data nodes will be used to masking the spatial dimension.
[2026-04-15 07:05:56,632][anemoi.training.train.train][INFO] - Number of data variables: 67
[2026-04-15 07:05:56,633][anemoi.training.train.train][INFO] - Variables: ['cos_julian_day', 'cos_latitude', 'cos_longitude', 'insolation', 'lsm', 'mcc', 'msl', 'q_1000', 'q_500', 'q_600', 'q_700', 'q_750', 'q_800', 'q_850', 'q_900', 'q_950', 'sin_julian_day', 'sin_latitude', 'sin_longitude', 't2m', 't_1000', 't_500', 't_600', 't_700', 't_750', 't_800', 't_850', 't_900', 't_950', 'u_1000', 'u_500', 'u_600', 'u_700', 'u_750', 'u_800', 'u_850', 'u_900', 'u_950', 'v_1000', 'v_500', 'v_600', 'v_700', 'v_750', 'v_800', 'v_850', 'v_900', 'v_950', 'wdir100_cos', 'wdir100_sin', 'wdir10_cos', 'wdir10_sin', 'ws10', 'ws100', 'z_1000', 'z_500', 'z_600', 'z_700', 'z_750', 'z_800', 'z_850', 'z_900', 'z_950', 'z_sfc', 'power', 'capacity', 'turbinecount', 'turbinemask']
[2026-04-15 07:05:56,633][anemoi.training.train.train][INFO] - Total number of prognostic variables: 55
[2026-04-15 07:05:56,633][anemoi.training.train.train][INFO] - Total number of auxiliary variables: 12
[2026-04-15 07:05:56,633][anemoi.training.train.train][INFO] - Total GPU count / model group size: 2 - NB: the learning rate will be scaled by this factor!
[2026-04-15 07:05:56,634][anemoi.training.train.train][INFO] - Effective learning rate: 2.500e-04
[2026-04-15 07:05:56,634][anemoi.training.train.train][INFO] - Training limits: max_epochs=30, max_steps=200000. Training will stop when either limit is reached first. Learning rate scheduler will run for 200000 steps.
[2026-04-15 07:05:56,667][anemoi.models.migrations.migrator][INFO] - Loading migration 1755530253_initial
[2026-04-15 07:05:56,667][anemoi.models.migrations.migrator][INFO] - Loading migration 1762857427_deprecate_eda
[2026-04-15 07:05:56,667][anemoi.models.migrations.migrator][INFO] - Loading migration 1762857428_chunking_fix
[2026-04-15 07:05:56,667][anemoi.models.migrations.migrator][INFO] - Loading migration 1763479917_hardware_schema_update
[2026-04-15 07:05:57,166][anemoi.training.train.train][INFO] - TensorBoard logger enabled
[2026-04-15 07:05:57,241][anemoi.training.train.train][INFO] - Initial seed: Rank 1, initial seed 4552, running with random seed: 4552
[2026-04-15 07:05:59,465][anemoi.models.preprocessing.imputer][WARNING] - If placement of NaNs for diagnostic variables in inference output is desired, this needs to be handled by postprocessors: power
[2026-04-15 07:05:59,465][anemoi.models.preprocessing.imputer][INFO] - Imputer: replacing NaNs in power with value 0.0
[2026-04-15 07:05:59,465][anemoi.models.preprocessing.imputer][INFO] - Imputer: replacing NaNs in capacity with value 0.0
[2026-04-15 07:05:59,465][anemoi.models.preprocessing.imputer][INFO] - Imputer: replacing NaNs in turbinecount with value 0.0
[2026-04-15 07:05:59,465][anemoi.models.preprocessing.imputer][INFO] - Imputer: replacing NaNs in turbinemask with value 0.0
[2026-04-15 07:05:59,468][anemoi.models.preprocessing.normalizer][INFO] - Normalizing: cos_latitude is not normalized.
[2026-04-15 07:05:59,469][anemoi.models.preprocessing.normalizer][INFO] - Normalizing: cos_longitude is not normalized.
[2026-04-15 07:05:59,469][anemoi.models.preprocessing.normalizer][INFO] - Normalizing: lsm is not normalized.
[2026-04-15 07:05:59,469][anemoi.models.preprocessing.normalizer][INFO] - Normalizing: mcc is not normalized.
[2026-04-15 07:05:59,469][anemoi.models.preprocessing.normalizer][INFO] - Normalizing: sin_latitude is not normalized.
[2026-04-15 07:05:59,469][anemoi.models.preprocessing.normalizer][INFO] - Normalizing: sin_longitude is not normalized.
[2026-04-15 07:05:59,469][anemoi.models.preprocessing.normalizer][INFO] - Normalizing: turbinemask is not normalized.
[2026-04-15 07:05:59,566][anemoi.models.layers.utils][INFO] - Linear kernel: torch.nn.Linear.
[2026-04-15 07:05:59,567][anemoi.models.layers.utils][INFO] - LayerNorm kernel: torch.nn.LayerNorm.
[2026-04-15 07:05:59,567][anemoi.models.layers.utils][INFO] - Activation kernel: torch.nn.GELU.
[2026-04-15 07:05:59,568][anemoi.models.layers.utils][INFO] - QueryNorm kernel: anemoi.models.layers.normalization.AutocastLayerNorm.
[2026-04-15 07:05:59,569][anemoi.models.layers.utils][INFO] - KeyNorm kernel: anemoi.models.layers.normalization.AutocastLayerNorm.
[2026-04-15 07:05:59,911][anemoi.models.layers.block][INFO] - GraphTransformerMapperBlock using triton graph attention backend.
[2026-04-15 07:05:59,920][anemoi.models.layers.utils][INFO] - Linear kernel: torch.nn.Linear.
[2026-04-15 07:05:59,921][anemoi.models.layers.utils][INFO] - LayerNorm kernel: torch.nn.LayerNorm.
[2026-04-15 07:05:59,922][anemoi.models.layers.utils][INFO] - Activation kernel: torch.nn.GELU.
[2026-04-15 07:05:59,922][anemoi.models.layers.utils][INFO] - QueryNorm kernel: anemoi.models.layers.normalization.AutocastLayerNorm.
[2026-04-15 07:05:59,923][anemoi.models.layers.utils][INFO] - KeyNorm kernel: anemoi.models.layers.normalization.AutocastLayerNorm.
[2026-04-15 07:06:00,109][anemoi.models.layers.attention][INFO] - Using flash attention v2
[2026-04-15 07:06:00,133][anemoi.models.layers.attention][INFO] - Using flash attention v2
[2026-04-15 07:06:00,155][anemoi.models.layers.attention][INFO] - Using flash attention v2
[2026-04-15 07:06:00,177][anemoi.models.layers.attention][INFO] - Using flash attention v2
[2026-04-15 07:06:00,201][anemoi.models.layers.attention][INFO] - Using flash attention v2
[2026-04-15 07:06:00,223][anemoi.models.layers.attention][INFO] - Using flash attention v2
[2026-04-15 07:06:00,245][anemoi.models.layers.attention][INFO] - Using flash attention v2
[2026-04-15 07:06:00,268][anemoi.models.layers.attention][INFO] - Using flash attention v2
[2026-04-15 07:06:00,293][anemoi.models.layers.attention][INFO] - Using flash attention v2
[2026-04-15 07:06:00,323][anemoi.models.layers.attention][INFO] - Using flash attention v2
[2026-04-15 07:06:00,352][anemoi.models.layers.attention][INFO] - Using flash attention v2
[2026-04-15 07:06:00,383][anemoi.models.layers.attention][INFO] - Using flash attention v2
[2026-04-15 07:06:00,419][anemoi.models.layers.utils][INFO] - Linear kernel: torch.nn.Linear.
[2026-04-15 07:06:00,420][anemoi.models.layers.utils][INFO] - LayerNorm kernel: torch.nn.LayerNorm.
[2026-04-15 07:06:00,420][anemoi.models.layers.utils][INFO] - Activation kernel: torch.nn.GELU.
[2026-04-15 07:06:00,421][anemoi.models.layers.utils][INFO] - QueryNorm kernel: anemoi.models.layers.normalization.AutocastLayerNorm.
[2026-04-15 07:06:00,421][anemoi.models.layers.utils][INFO] - KeyNorm kernel: anemoi.models.layers.normalization.AutocastLayerNorm.
[2026-04-15 07:06:00,494][anemoi.models.layers.block][INFO] - GraphTransformerMapperBlock using triton graph attention backend.
[2026-04-15 07:06:00,844][anemoi.training.losses.scalers.variable_level][INFO] - Variable Level Scaling: Applying ReluVariableLevelScaler scaling to pl variables (['q', 't', 'u', 'v', 'z'])
[2026-04-15 07:06:00,844][anemoi.training.losses.scalers.variable_level][INFO] - with slope = 0.001 and y-intercept/minimum = 0.2.
[2026-04-15 07:06:00,931][anemoi.training.data.grid_indices][INFO] - The graph attribute indices_connected_nodes of the data nodes will be used to masking the spatial dimension.
[2026-04-15 07:06:00,933][anemoi.training.train.train][INFO] - The following submodules will NOT be trained: []
[2026-04-15 07:06:00,935][anemoi.training.train.train][INFO] - Resuming training from last checkpoint: /mnt/weatherloss/WindPower/training/EGU26/BigTransformer/checkpoint/BigTransformer/last.ckpt
[2026-04-15 07:06:23,311][anemoi.training.data.dataset][INFO] - NativeGridDataset.set_group_info(): global_rank 1, model_comm_group_id 1, model_comm_group_rank 0, model_comm_num_groups 2, reader_group_rank 0
[2026-04-15 07:06:23,867][anemoi.training.data.dataset][INFO] - Worker 0 (pid 643525, global_rank 1, model comm group 1)  has low/high range 13271 / 14929
[2026-04-15 07:06:23,966][anemoi.training.data.dataset][INFO] - Worker 0 (train, pid 643525, glob. rank 1, model comm group 1, group_rank 0, seed group id 1, base_seed 4552, sanity rnd 0.767620)
[2026-04-15 07:06:24,864][anemoi.training.data.dataset][INFO] - Worker 1 (pid 643621, global_rank 1, model comm group 1)  has low/high range 14929 / 16587
[2026-04-15 07:06:24,964][anemoi.training.data.dataset][INFO] - Worker 1 (train, pid 643621, glob. rank 1, model comm group 1, group_rank 0, seed group id 1, base_seed 4552, sanity rnd 0.767620)
[2026-04-15 07:06:26,066][anemoi.training.data.dataset][INFO] - Worker 2 (pid 643722, global_rank 1, model comm group 1)  has low/high range 16587 / 18245
[2026-04-15 07:06:26,266][anemoi.training.data.dataset][INFO] - Worker 2 (train, pid 643722, glob. rank 1, model comm group 1, group_rank 0, seed group id 1, base_seed 4552, sanity rnd 0.767620)
[2026-04-15 07:06:27,564][anemoi.training.data.dataset][INFO] - Worker 3 (pid 643821, global_rank 1, model comm group 1)  has low/high range 18245 / 19903
[2026-04-15 07:06:27,664][anemoi.training.data.dataset][INFO] - Worker 3 (train, pid 643821, glob. rank 1, model comm group 1, group_rank 0, seed group id 1, base_seed 4552, sanity rnd 0.767620)
[2026-04-15 07:06:28,766][anemoi.training.data.dataset][INFO] - Worker 4 (pid 643920, global_rank 1, model comm group 1)  has low/high range 19903 / 21561
[2026-04-15 07:06:28,865][anemoi.training.data.dataset][INFO] - Worker 4 (train, pid 643920, glob. rank 1, model comm group 1, group_rank 0, seed group id 1, base_seed 4552, sanity rnd 0.767620)
[2026-04-15 07:06:29,676][anemoi.training.data.dataset][INFO] - Worker 5 (pid 643982, global_rank 1, model comm group 1)  has low/high range 21561 / 23219
[2026-04-15 07:06:29,767][anemoi.training.data.dataset][INFO] - Worker 5 (train, pid 643982, glob. rank 1, model comm group 1, group_rank 0, seed group id 1, base_seed 4552, sanity rnd 0.767620)
[2026-04-15 07:06:30,569][anemoi.training.data.dataset][INFO] - Worker 6 (pid 644075, global_rank 1, model comm group 1)  has low/high range 23219 / 24877
[2026-04-15 07:06:30,667][anemoi.training.data.dataset][INFO] - Worker 6 (train, pid 644075, glob. rank 1, model comm group 1, group_rank 0, seed group id 1, base_seed 4552, sanity rnd 0.767620)
[2026-04-15 07:06:31,169][anemoi.training.data.dataset][INFO] - Worker 7 (pid 644175, global_rank 1, model comm group 1)  has low/high range 24877 / 26535
[2026-04-15 07:06:31,171][anemoi.training.data.dataset][INFO] - Worker 7 (train, pid 644175, glob. rank 1, model comm group 1, group_rank 0, seed group id 1, base_seed 4552, sanity rnd 0.767620)
[2026-04-15 07:06:36,771][anemoi.training.data.datamodule][WARNING] - Falling back rollout to: 1
[2026-04-15 07:06:36,774][anemoi.training.data.dataset][INFO] - NativeGridDataset.set_group_info(): global_rank 1, model_comm_group_id 1, model_comm_group_rank 0, model_comm_num_groups 2, reader_group_rank 0
[2026-04-15 07:06:36,776][anemoi.models.data_indices.collection][INFO] - The order of the variables in the model matches the order in the data.
[2026-04-15 08:41:50,667][anemoi.training.data.dataset][INFO] - Worker 0 (pid 688276, global_rank 1, model comm group 1)  has low/high range 727 / 817
[2026-04-15 08:41:50,669][anemoi.training.data.dataset][INFO] - Worker 0 (validation, pid 688276, glob. rank 1, model comm group 1, group_rank 0, seed group id 1, base_seed 4552, sanity rnd 0.767620)
[2026-04-15 08:41:51,276][anemoi.training.data.dataset][INFO] - Worker 1 (pid 688372, global_rank 1, model comm group 1)  has low/high range 817 / 907
[2026-04-15 08:41:51,278][anemoi.training.data.dataset][INFO] - Worker 1 (validation, pid 688372, glob. rank 1, model comm group 1, group_rank 0, seed group id 1, base_seed 4552, sanity rnd 0.767620)
[2026-04-15 08:41:51,777][anemoi.training.data.dataset][INFO] - Worker 2 (pid 688515, global_rank 1, model comm group 1)  has low/high range 907 / 997
[2026-04-15 08:41:51,779][anemoi.training.data.dataset][INFO] - Worker 2 (validation, pid 688515, glob. rank 1, model comm group 1, group_rank 0, seed group id 1, base_seed 4552, sanity rnd 0.767620)
[2026-04-15 08:41:52,269][anemoi.training.data.dataset][INFO] - Worker 3 (pid 688611, global_rank 1, model comm group 1)  has low/high range 997 / 1087
[2026-04-15 08:41:52,273][anemoi.training.data.dataset][INFO] - Worker 3 (validation, pid 688611, glob. rank 1, model comm group 1, group_rank 0, seed group id 1, base_seed 4552, sanity rnd 0.767620)
[2026-04-15 08:41:52,865][anemoi.training.data.dataset][INFO] - Worker 4 (pid 688710, global_rank 1, model comm group 1)  has low/high range 1087 / 1177
[2026-04-15 08:41:52,867][anemoi.training.data.dataset][INFO] - Worker 4 (validation, pid 688710, glob. rank 1, model comm group 1, group_rank 0, seed group id 1, base_seed 4552, sanity rnd 0.767620)
[2026-04-15 08:41:53,273][anemoi.training.data.dataset][INFO] - Worker 5 (pid 688806, global_rank 1, model comm group 1)  has low/high range 1177 / 1267
[2026-04-15 08:41:53,364][anemoi.training.data.dataset][INFO] - Worker 5 (validation, pid 688806, glob. rank 1, model comm group 1, group_rank 0, seed group id 1, base_seed 4552, sanity rnd 0.767620)
[2026-04-15 08:41:53,778][anemoi.training.data.dataset][INFO] - Worker 6 (pid 688905, global_rank 1, model comm group 1)  has low/high range 1267 / 1357
[2026-04-15 08:41:53,870][anemoi.training.data.dataset][INFO] - Worker 6 (validation, pid 688905, glob. rank 1, model comm group 1, group_rank 0, seed group id 1, base_seed 4552, sanity rnd 0.767620)
[2026-04-15 08:41:54,372][anemoi.training.data.dataset][INFO] - Worker 7 (pid 689014, global_rank 1, model comm group 1)  has low/high range 1357 / 1447
[2026-04-15 08:41:54,376][anemoi.training.data.dataset][INFO] - Worker 7 (validation, pid 689014, glob. rank 1, model comm group 1, group_rank 0, seed group id 1, base_seed 4552, sanity rnd 0.767620)
[2026-04-15 08:41:56,970][anemoi.models.data_indices.collection][INFO] - The order of the variables in the model matches the order in the data.
[2026-04-15 10:37:12,279][anemoi.models.data_indices.collection][INFO] - The order of the variables in the model matches the order in the data.
[2026-04-15 12:25:46,167][anemoi.models.data_indices.collection][INFO] - The order of the variables in the model matches the order in the data.
[2026-04-15 13:43:16,367][anemoi.models.data_indices.collection][INFO] - The order of the variables in the model matches the order in the data.
