[2025-09-23 12:43:38,993][anemoi.training.train.train][INFO] - Skipping config validation.
[2025-09-23 12:43:38,993][anemoi.training.train.train][INFO] - Starting from checkpoint: False
[2025-09-23 12:43:38,994][anemoi.training.train.train][INFO] - Run id: 9d1ba36d-66a8-4679-ab4a-653f658a9b58
[2025-09-23 12:43:38,994][anemoi.training.train.train][INFO] - Checkpoints path: /mnt/data/weatherloss/WindPower/training/Runs/checkpoint/9d1ba36d-66a8-4679-ab4a-653f658a9b58
[2025-09-23 12:43:38,994][anemoi.training.train.train][INFO] - Plots path: /mnt/data/weatherloss/WindPower/training/Runs/plots/9d1ba36d-66a8-4679-ab4a-653f658a9b58
[2025-09-23 12:43:39,382][anemoi.graphs.nodes.builders.from_file][INFO] - Reading the dataset from {'dataset': '/mnt/data/weatherloss/WindPower/data/CERRA5.zarr', 'select': ['t2m', 'mcc', 'msl', 'si10', 'sr', 'wdir10', 'orog', 'ws100', 'wind_power']}.
[2025-09-23 12:43:43,505][anemoi.graphs.edges.builders.knn][INFO] - Using KNN-Edges (with 12 nearest neighbours) between data and hidden.
[2025-09-23 12:44:07,036][anemoi.graphs.edges.builders.knn][INFO] - Using KNN-Edges (with 3 nearest neighbours) between hidden and data.
[2025-09-23 12:44:07,084][anemoi.graphs.create][INFO] - Cleaning graph.
[2025-09-23 12:44:07,084][anemoi.graphs.create][INFO] - _grid_reference_distance deleted from graph.
[2025-09-23 12:44:07,084][anemoi.graphs.create][INFO] - _dataset deleted from graph.
[2025-09-23 12:44:07,084][anemoi.graphs.create][INFO] - _grid_reference_distance deleted from graph.
[2025-09-23 12:44:07,085][anemoi.graphs.create][INFO] - _node_ordering deleted from graph.
[2025-09-23 12:44:07,085][anemoi.graphs.create][INFO] - _nx_graph deleted from graph.
[2025-09-23 12:44:07,085][anemoi.graphs.create][INFO] - _resolutions deleted from graph.
[2025-09-23 12:44:07,145][anemoi.graphs.create][INFO] - Graph saved at /mnt/data/weatherloss/WindPower/training/Runs/graphs/pretrain_n320.pt.
[2025-09-23 12:44:07,170][anemoi.training.data.datamodule.singledatamodule][WARNING] - Falling back rollout to: 1
[2025-09-23 12:44:07,170][anemoi.training.data.datamodule.singledatamodule][INFO] - Timeincrement set to 1 for data with frequency, 10800, and timestep, 10800
[2025-09-23 12:44:07,171][anemoi.training.train.train][INFO] - Number of data variables: 9
[2025-09-23 12:44:07,171][anemoi.training.train.train][INFO] - Variables: ['t2m', 'mcc', 'msl', 'si10', 'sr', 'wdir10', 'orog', 'ws100', 'wind_power']
[2025-09-23 12:44:07,171][anemoi.training.train.train][INFO] - Total number of prognostic variables: 8
[2025-09-23 12:44:07,171][anemoi.training.train.train][INFO] - Total number of auxiliary variables: 1
[2025-09-23 12:44:07,171][anemoi.training.train.train][INFO] - Total GPU count / model group size: 6 - NB: the learning rate will be scaled by this factor!
[2025-09-23 12:44:07,171][anemoi.training.train.train][INFO] - Effective learning rate: 2.500e-04
[2025-09-23 12:44:07,171][anemoi.training.train.train][INFO] - Training limits: max_epochs=5, max_steps=3000. Training will stop when either limit is reached first. Learning rate scheduler will run for 3000 steps.
[2025-09-23 12:44:07,183][anemoi.models.migrations.migrator][INFO] - Loading migration 1755530253_initial
[2025-09-23 12:44:07,205][anemoi.training.train.train][INFO] - TensorBoard logger enabled
[2025-09-23 12:44:07,237][anemoi.training.train.train][INFO] - Initial seed: Rank 5, initial seed 28000, running with random seed: 28000
[2025-09-23 12:44:08,008][anemoi.models.layers.utils][INFO] - Linear kernel: torch.nn.Linear.
[2025-09-23 12:44:08,009][anemoi.models.layers.utils][INFO] - LayerNorm kernel: torch.nn.LayerNorm.
[2025-09-23 12:44:08,010][anemoi.models.layers.utils][INFO] - Activation kernel: torch.nn.GELU.
[2025-09-23 12:44:08,011][anemoi.models.layers.utils][INFO] - QueryNorm kernel: anemoi.models.layers.normalization.AutocastLayerNorm.
[2025-09-23 12:44:08,012][anemoi.models.layers.utils][INFO] - KeyNorm kernel: anemoi.models.layers.normalization.AutocastLayerNorm.
[2025-09-23 12:44:08,061][anemoi.models.layers.utils][INFO] - Linear kernel: torch.nn.Linear.
[2025-09-23 12:44:08,062][anemoi.models.layers.utils][INFO] - LayerNorm kernel: torch.nn.LayerNorm.
[2025-09-23 12:44:08,063][anemoi.models.layers.utils][INFO] - Activation kernel: torch.nn.GELU.
[2025-09-23 12:44:08,064][anemoi.models.layers.utils][INFO] - QueryNorm kernel: anemoi.models.layers.normalization.AutocastLayerNorm.
[2025-09-23 12:44:08,064][anemoi.models.layers.utils][INFO] - KeyNorm kernel: anemoi.models.layers.normalization.AutocastLayerNorm.
[2025-09-23 12:44:08,173][anemoi.models.layers.utils][INFO] - Linear kernel: torch.nn.Linear.
[2025-09-23 12:44:08,174][anemoi.models.layers.utils][INFO] - LayerNorm kernel: torch.nn.LayerNorm.
[2025-09-23 12:44:08,174][anemoi.models.layers.utils][INFO] - Activation kernel: torch.nn.GELU.
[2025-09-23 12:44:08,175][anemoi.models.layers.utils][INFO] - QueryNorm kernel: anemoi.models.layers.normalization.AutocastLayerNorm.
[2025-09-23 12:44:08,176][anemoi.models.layers.utils][INFO] - KeyNorm kernel: anemoi.models.layers.normalization.AutocastLayerNorm.
[2025-09-23 12:44:08,252][anemoi.training.losses.scalers.variable_level][INFO] - Variable Level Scaling: Applying ReluVariableLevelScaler scaling to pl variables ({'param': []})
[2025-09-23 12:44:08,252][anemoi.training.losses.scalers.variable_level][INFO] - with slope = 0.001 and y-intercept/minimum = 0.2.
[2025-09-23 12:44:08,302][anemoi.training.train.train][INFO] - The following submodules will NOT be trained: []
[2025-09-23 12:45:01,818][anemoi.training.data.datamodule.singledatamodule][WARNING] - Falling back rollout to: 1
[2025-09-23 12:45:01,905][anemoi.training.data.dataset.singledataset][INFO] - Worker 0 (pid 2884784, global_rank 5, model comm group 5)  has low/high range 395 / 404
[2025-09-23 12:45:01,907][anemoi.training.data.dataset.singledataset][INFO] - Worker 0 (validation, pid 2884784, glob. rank 5, model comm group 5, group_rank 0, seed group id 5, base_seed 28000, sanity rnd 0.762165)
[2025-09-23 12:45:01,947][anemoi.training.data.dataset.singledataset][INFO] - Worker 1 (pid 2884864, global_rank 5, model comm group 5)  has low/high range 404 / 413
[2025-09-23 12:45:01,948][anemoi.training.data.dataset.singledataset][INFO] - Worker 1 (validation, pid 2884864, glob. rank 5, model comm group 5, group_rank 0, seed group id 5, base_seed 28000, sanity rnd 0.762165)
[2025-09-23 12:45:01,985][anemoi.training.data.dataset.singledataset][INFO] - Worker 2 (pid 2884976, global_rank 5, model comm group 5)  has low/high range 413 / 422
[2025-09-23 12:45:01,987][anemoi.training.data.dataset.singledataset][INFO] - Worker 2 (validation, pid 2884976, glob. rank 5, model comm group 5, group_rank 0, seed group id 5, base_seed 28000, sanity rnd 0.762165)
[2025-09-23 12:45:02,018][anemoi.training.data.dataset.singledataset][INFO] - Worker 3 (pid 2885055, global_rank 5, model comm group 5)  has low/high range 422 / 431
[2025-09-23 12:45:02,019][anemoi.training.data.dataset.singledataset][INFO] - Worker 3 (validation, pid 2885055, glob. rank 5, model comm group 5, group_rank 0, seed group id 5, base_seed 28000, sanity rnd 0.762165)
[2025-09-23 12:45:02,052][anemoi.training.data.dataset.singledataset][INFO] - Worker 4 (pid 2885151, global_rank 5, model comm group 5)  has low/high range 431 / 440
[2025-09-23 12:45:02,053][anemoi.training.data.dataset.singledataset][INFO] - Worker 4 (validation, pid 2885151, glob. rank 5, model comm group 5, group_rank 0, seed group id 5, base_seed 28000, sanity rnd 0.762165)
[2025-09-23 12:45:02,086][anemoi.training.data.dataset.singledataset][INFO] - Worker 5 (pid 2885247, global_rank 5, model comm group 5)  has low/high range 440 / 449
[2025-09-23 12:45:02,088][anemoi.training.data.dataset.singledataset][INFO] - Worker 5 (validation, pid 2885247, glob. rank 5, model comm group 5, group_rank 0, seed group id 5, base_seed 28000, sanity rnd 0.762165)
[2025-09-23 12:45:02,121][anemoi.training.data.dataset.singledataset][INFO] - Worker 6 (pid 2885355, global_rank 5, model comm group 5)  has low/high range 449 / 458
[2025-09-23 12:45:02,123][anemoi.training.data.dataset.singledataset][INFO] - Worker 6 (validation, pid 2885355, glob. rank 5, model comm group 5, group_rank 0, seed group id 5, base_seed 28000, sanity rnd 0.762165)
[2025-09-23 12:45:02,157][anemoi.models.data_indices.collection][INFO] - The order of the variables in the model matches the order in the data.
[2025-09-23 12:45:02,157][anemoi.training.data.dataset.singledataset][INFO] - Worker 7 (pid 2885472, global_rank 5, model comm group 5)  has low/high range 458 / 467
[2025-09-23 12:45:02,159][anemoi.training.data.dataset.singledataset][INFO] - Worker 7 (validation, pid 2885472, glob. rank 5, model comm group 5, group_rank 0, seed group id 5, base_seed 28000, sanity rnd 0.762165)
[2025-09-23 12:45:06,115][anemoi.training.data.dataset.singledataset][INFO] - Worker 0 (pid 2885639, global_rank 5, model comm group 5)  has low/high range 2430 / 2511
[2025-09-23 12:45:06,116][anemoi.training.data.dataset.singledataset][INFO] - Worker 0 (train, pid 2885639, glob. rank 5, model comm group 5, group_rank 0, seed group id 5, base_seed 28000, sanity rnd 0.762165)
[2025-09-23 12:45:06,158][anemoi.training.data.dataset.singledataset][INFO] - Worker 1 (pid 2885766, global_rank 5, model comm group 5)  has low/high range 2511 / 2592
[2025-09-23 12:45:06,160][anemoi.training.data.dataset.singledataset][INFO] - Worker 1 (train, pid 2885766, glob. rank 5, model comm group 5, group_rank 0, seed group id 5, base_seed 28000, sanity rnd 0.762165)
[2025-09-23 12:45:06,202][anemoi.training.data.dataset.singledataset][INFO] - Worker 2 (pid 2885862, global_rank 5, model comm group 5)  has low/high range 2592 / 2673
[2025-09-23 12:45:06,203][anemoi.training.data.dataset.singledataset][INFO] - Worker 2 (train, pid 2885862, glob. rank 5, model comm group 5, group_rank 0, seed group id 5, base_seed 28000, sanity rnd 0.762165)
[2025-09-23 12:45:06,246][anemoi.training.data.dataset.singledataset][INFO] - Worker 3 (pid 2885958, global_rank 5, model comm group 5)  has low/high range 2673 / 2754
[2025-09-23 12:45:06,248][anemoi.training.data.dataset.singledataset][INFO] - Worker 3 (train, pid 2885958, glob. rank 5, model comm group 5, group_rank 0, seed group id 5, base_seed 28000, sanity rnd 0.762165)
[2025-09-23 12:45:06,289][anemoi.training.data.dataset.singledataset][INFO] - Worker 4 (pid 2886054, global_rank 5, model comm group 5)  has low/high range 2754 / 2835
[2025-09-23 12:45:06,290][anemoi.training.data.dataset.singledataset][INFO] - Worker 4 (train, pid 2886054, glob. rank 5, model comm group 5, group_rank 0, seed group id 5, base_seed 28000, sanity rnd 0.762165)
[2025-09-23 12:45:06,332][anemoi.training.data.dataset.singledataset][INFO] - Worker 5 (pid 2886169, global_rank 5, model comm group 5)  has low/high range 2835 / 2916
[2025-09-23 12:45:06,334][anemoi.training.data.dataset.singledataset][INFO] - Worker 5 (train, pid 2886169, glob. rank 5, model comm group 5, group_rank 0, seed group id 5, base_seed 28000, sanity rnd 0.762165)
[2025-09-23 12:45:06,340][anemoi.models.data_indices.collection][INFO] - The order of the variables in the model matches the order in the data.
[2025-09-23 13:03:22,676][anemoi.models.data_indices.collection][INFO] - The order of the variables in the model matches the order in the data.
[2025-09-23 13:22:23,715][anemoi.models.data_indices.collection][INFO] - The order of the variables in the model matches the order in the data.
