[2025-09-23 12:43:38,571][anemoi.training.train.train][INFO] - Skipping config validation.
[2025-09-23 12:43:38,571][anemoi.training.train.train][INFO] - Starting from checkpoint: False
[2025-09-23 12:43:38,572][anemoi.training.train.train][INFO] - Run id: 076641ac-e1ee-47d8-be98-e26998c82fbd
[2025-09-23 12:43:38,572][anemoi.training.train.train][INFO] - Checkpoints path: /mnt/data/weatherloss/WindPower/training/Runs/checkpoint/076641ac-e1ee-47d8-be98-e26998c82fbd
[2025-09-23 12:43:38,572][anemoi.training.train.train][INFO] - Plots path: /mnt/data/weatherloss/WindPower/training/Runs/plots/076641ac-e1ee-47d8-be98-e26998c82fbd
[2025-09-23 12:43:38,933][anemoi.graphs.nodes.builders.from_file][INFO] - Reading the dataset from {'dataset': '/mnt/data/weatherloss/WindPower/data/CERRA5.zarr', 'select': ['t2m', 'mcc', 'msl', 'si10', 'sr', 'wdir10', 'orog', 'ws100', 'wind_power']}.
[2025-09-23 12:43:42,766][anemoi.graphs.edges.builders.knn][INFO] - Using KNN-Edges (with 12 nearest neighbours) between data and hidden.
[2025-09-23 12:44:06,409][anemoi.graphs.edges.builders.knn][INFO] - Using KNN-Edges (with 3 nearest neighbours) between hidden and data.
[2025-09-23 12:44:06,457][anemoi.graphs.create][INFO] - Cleaning graph.
[2025-09-23 12:44:06,457][anemoi.graphs.create][INFO] - _grid_reference_distance deleted from graph.
[2025-09-23 12:44:06,457][anemoi.graphs.create][INFO] - _dataset deleted from graph.
[2025-09-23 12:44:06,458][anemoi.graphs.create][INFO] - _grid_reference_distance deleted from graph.
[2025-09-23 12:44:06,459][anemoi.graphs.create][INFO] - _node_ordering deleted from graph.
[2025-09-23 12:44:06,459][anemoi.graphs.create][INFO] - _resolutions deleted from graph.
[2025-09-23 12:44:06,459][anemoi.graphs.create][INFO] - _nx_graph deleted from graph.
[2025-09-23 12:44:06,560][anemoi.graphs.create][INFO] - Graph saved at /mnt/data/weatherloss/WindPower/training/Runs/graphs/pretrain_n320.pt.
[2025-09-23 12:44:06,588][anemoi.training.data.datamodule.singledatamodule][WARNING] - Falling back rollout to: 1
[2025-09-23 12:44:06,588][anemoi.training.data.datamodule.singledatamodule][INFO] - Timeincrement set to 1 for data with frequency, 10800, and timestep, 10800
[2025-09-23 12:44:06,589][anemoi.training.train.train][INFO] - Number of data variables: 9
[2025-09-23 12:44:06,589][anemoi.training.train.train][INFO] - Variables: ['t2m', 'mcc', 'msl', 'si10', 'sr', 'wdir10', 'orog', 'ws100', 'wind_power']
[2025-09-23 12:44:06,589][anemoi.training.train.train][INFO] - Total number of prognostic variables: 8
[2025-09-23 12:44:06,589][anemoi.training.train.train][INFO] - Total number of auxiliary variables: 1
[2025-09-23 12:44:06,589][anemoi.training.train.train][INFO] - Total GPU count / model group size: 6 - NB: the learning rate will be scaled by this factor!
[2025-09-23 12:44:06,590][anemoi.training.train.train][INFO] - Effective learning rate: 2.500e-04
[2025-09-23 12:44:06,590][anemoi.training.train.train][INFO] - Training limits: max_epochs=5, max_steps=3000. Training will stop when either limit is reached first. Learning rate scheduler will run for 3000 steps.
[2025-09-23 12:44:06,608][anemoi.models.migrations.migrator][INFO] - Loading migration 1755530253_initial
[2025-09-23 12:44:06,635][anemoi.training.train.train][INFO] - TensorBoard logger enabled
[2025-09-23 12:44:06,680][anemoi.training.train.train][INFO] - Initial seed: Rank 2, initial seed 28000, running with random seed: 28000
[2025-09-23 12:44:07,088][anemoi.models.layers.utils][INFO] - Linear kernel: torch.nn.Linear.
[2025-09-23 12:44:07,089][anemoi.models.layers.utils][INFO] - LayerNorm kernel: torch.nn.LayerNorm.
[2025-09-23 12:44:07,089][anemoi.models.layers.utils][INFO] - Activation kernel: torch.nn.GELU.
[2025-09-23 12:44:07,090][anemoi.models.layers.utils][INFO] - QueryNorm kernel: anemoi.models.layers.normalization.AutocastLayerNorm.
[2025-09-23 12:44:07,090][anemoi.models.layers.utils][INFO] - KeyNorm kernel: anemoi.models.layers.normalization.AutocastLayerNorm.
[2025-09-23 12:44:07,126][anemoi.models.layers.utils][INFO] - Linear kernel: torch.nn.Linear.
[2025-09-23 12:44:07,126][anemoi.models.layers.utils][INFO] - LayerNorm kernel: torch.nn.LayerNorm.
[2025-09-23 12:44:07,127][anemoi.models.layers.utils][INFO] - Activation kernel: torch.nn.GELU.
[2025-09-23 12:44:07,127][anemoi.models.layers.utils][INFO] - QueryNorm kernel: anemoi.models.layers.normalization.AutocastLayerNorm.
[2025-09-23 12:44:07,127][anemoi.models.layers.utils][INFO] - KeyNorm kernel: anemoi.models.layers.normalization.AutocastLayerNorm.
[2025-09-23 12:44:07,210][anemoi.models.layers.utils][INFO] - Linear kernel: torch.nn.Linear.
[2025-09-23 12:44:07,211][anemoi.models.layers.utils][INFO] - LayerNorm kernel: torch.nn.LayerNorm.
[2025-09-23 12:44:07,211][anemoi.models.layers.utils][INFO] - Activation kernel: torch.nn.GELU.
[2025-09-23 12:44:07,212][anemoi.models.layers.utils][INFO] - QueryNorm kernel: anemoi.models.layers.normalization.AutocastLayerNorm.
[2025-09-23 12:44:07,212][anemoi.models.layers.utils][INFO] - KeyNorm kernel: anemoi.models.layers.normalization.AutocastLayerNorm.
[2025-09-23 12:44:07,262][anemoi.training.losses.scalers.variable_level][INFO] - Variable Level Scaling: Applying ReluVariableLevelScaler scaling to pl variables ({'param': []})
[2025-09-23 12:44:07,262][anemoi.training.losses.scalers.variable_level][INFO] - with slope = 0.001 and y-intercept/minimum = 0.2.
[2025-09-23 12:44:07,304][anemoi.training.train.train][INFO] - The following submodules will NOT be trained: []
[2025-09-23 12:45:01,821][anemoi.training.data.datamodule.singledatamodule][WARNING] - Falling back rollout to: 1
[2025-09-23 12:45:01,910][anemoi.training.data.dataset.singledataset][INFO] - Worker 0 (pid 2884783, global_rank 2, model comm group 2)  has low/high range 158 / 167
[2025-09-23 12:45:01,912][anemoi.training.data.dataset.singledataset][INFO] - Worker 0 (validation, pid 2884783, glob. rank 2, model comm group 2, group_rank 0, seed group id 2, base_seed 28000, sanity rnd 0.762165)
[2025-09-23 12:45:01,953][anemoi.training.data.dataset.singledataset][INFO] - Worker 1 (pid 2884896, global_rank 2, model comm group 2)  has low/high range 167 / 176
[2025-09-23 12:45:01,954][anemoi.training.data.dataset.singledataset][INFO] - Worker 1 (validation, pid 2884896, glob. rank 2, model comm group 2, group_rank 0, seed group id 2, base_seed 28000, sanity rnd 0.762165)
[2025-09-23 12:45:01,988][anemoi.training.data.dataset.singledataset][INFO] - Worker 2 (pid 2885007, global_rank 2, model comm group 2)  has low/high range 176 / 185
[2025-09-23 12:45:01,990][anemoi.training.data.dataset.singledataset][INFO] - Worker 2 (validation, pid 2885007, glob. rank 2, model comm group 2, group_rank 0, seed group id 2, base_seed 28000, sanity rnd 0.762165)
[2025-09-23 12:45:02,022][anemoi.training.data.dataset.singledataset][INFO] - Worker 3 (pid 2885072, global_rank 2, model comm group 2)  has low/high range 185 / 194
[2025-09-23 12:45:02,023][anemoi.training.data.dataset.singledataset][INFO] - Worker 3 (validation, pid 2885072, glob. rank 2, model comm group 2, group_rank 0, seed group id 2, base_seed 28000, sanity rnd 0.762165)
[2025-09-23 12:45:02,057][anemoi.training.data.dataset.singledataset][INFO] - Worker 4 (pid 2885168, global_rank 2, model comm group 2)  has low/high range 194 / 203
[2025-09-23 12:45:02,058][anemoi.training.data.dataset.singledataset][INFO] - Worker 4 (validation, pid 2885168, glob. rank 2, model comm group 2, group_rank 0, seed group id 2, base_seed 28000, sanity rnd 0.762165)
[2025-09-23 12:45:02,093][anemoi.training.data.dataset.singledataset][INFO] - Worker 5 (pid 2885279, global_rank 2, model comm group 2)  has low/high range 203 / 212
[2025-09-23 12:45:02,095][anemoi.training.data.dataset.singledataset][INFO] - Worker 5 (validation, pid 2885279, glob. rank 2, model comm group 2, group_rank 0, seed group id 2, base_seed 28000, sanity rnd 0.762165)
[2025-09-23 12:45:02,129][anemoi.training.data.dataset.singledataset][INFO] - Worker 6 (pid 2885398, global_rank 2, model comm group 2)  has low/high range 212 / 221
[2025-09-23 12:45:02,131][anemoi.training.data.dataset.singledataset][INFO] - Worker 6 (validation, pid 2885398, glob. rank 2, model comm group 2, group_rank 0, seed group id 2, base_seed 28000, sanity rnd 0.762165)
[2025-09-23 12:45:02,163][anemoi.models.data_indices.collection][INFO] - The order of the variables in the model matches the order in the data.
[2025-09-23 12:45:02,163][anemoi.training.data.dataset.singledataset][INFO] - Worker 7 (pid 2885498, global_rank 2, model comm group 2)  has low/high range 221 / 230
[2025-09-23 12:45:02,164][anemoi.training.data.dataset.singledataset][INFO] - Worker 7 (validation, pid 2885498, glob. rank 2, model comm group 2, group_rank 0, seed group id 2, base_seed 28000, sanity rnd 0.762165)
[2025-09-23 12:45:06,113][anemoi.training.data.dataset.singledataset][INFO] - Worker 0 (pid 2885638, global_rank 2, model comm group 2)  has low/high range 972 / 1053
[2025-09-23 12:45:06,114][anemoi.training.data.dataset.singledataset][INFO] - Worker 0 (train, pid 2885638, glob. rank 2, model comm group 2, group_rank 0, seed group id 2, base_seed 28000, sanity rnd 0.762165)
[2025-09-23 12:45:06,152][anemoi.training.data.dataset.singledataset][INFO] - Worker 1 (pid 2885734, global_rank 2, model comm group 2)  has low/high range 1053 / 1134
[2025-09-23 12:45:06,153][anemoi.training.data.dataset.singledataset][INFO] - Worker 1 (train, pid 2885734, glob. rank 2, model comm group 2, group_rank 0, seed group id 2, base_seed 28000, sanity rnd 0.762165)
[2025-09-23 12:45:06,196][anemoi.training.data.dataset.singledataset][INFO] - Worker 2 (pid 2885845, global_rank 2, model comm group 2)  has low/high range 1134 / 1215
[2025-09-23 12:45:06,198][anemoi.training.data.dataset.singledataset][INFO] - Worker 2 (train, pid 2885845, glob. rank 2, model comm group 2, group_rank 0, seed group id 2, base_seed 28000, sanity rnd 0.762165)
[2025-09-23 12:45:06,238][anemoi.training.data.dataset.singledataset][INFO] - Worker 3 (pid 2885931, global_rank 2, model comm group 2)  has low/high range 1215 / 1296
[2025-09-23 12:45:06,239][anemoi.training.data.dataset.singledataset][INFO] - Worker 3 (train, pid 2885931, glob. rank 2, model comm group 2, group_rank 0, seed group id 2, base_seed 28000, sanity rnd 0.762165)
[2025-09-23 12:45:06,282][anemoi.training.data.dataset.singledataset][INFO] - Worker 4 (pid 2886021, global_rank 2, model comm group 2)  has low/high range 1296 / 1377
[2025-09-23 12:45:06,283][anemoi.training.data.dataset.singledataset][INFO] - Worker 4 (train, pid 2886021, glob. rank 2, model comm group 2, group_rank 0, seed group id 2, base_seed 28000, sanity rnd 0.762165)
[2025-09-23 12:45:06,323][anemoi.training.data.dataset.singledataset][INFO] - Worker 5 (pid 2886117, global_rank 2, model comm group 2)  has low/high range 1377 / 1458
[2025-09-23 12:45:06,324][anemoi.training.data.dataset.singledataset][INFO] - Worker 5 (train, pid 2886117, glob. rank 2, model comm group 2, group_rank 0, seed group id 2, base_seed 28000, sanity rnd 0.762165)
[2025-09-23 12:45:06,334][anemoi.models.data_indices.collection][INFO] - The order of the variables in the model matches the order in the data.
[2025-09-23 13:03:22,669][anemoi.models.data_indices.collection][INFO] - The order of the variables in the model matches the order in the data.
[2025-09-23 13:22:23,696][anemoi.models.data_indices.collection][INFO] - The order of the variables in the model matches the order in the data.
