[2025-09-23 12:43:08,517][anemoi.training.train.train][INFO] - Skipping config validation.
[2025-09-23 12:43:08,518][anemoi.training.train.train][INFO] - Starting from checkpoint: False
[2025-09-23 12:43:08,518][anemoi.training.train.train][INFO] - Run id: 97491142-3994-42c7-969c-06545fda36bf
[2025-09-23 12:43:08,518][anemoi.training.train.train][INFO] - Checkpoints path: /mnt/data/weatherloss/WindPower/training/Runs/checkpoint/97491142-3994-42c7-969c-06545fda36bf
[2025-09-23 12:43:08,518][anemoi.training.train.train][INFO] - Plots path: /mnt/data/weatherloss/WindPower/training/Runs/plots/97491142-3994-42c7-969c-06545fda36bf
[2025-09-23 12:43:08,905][anemoi.graphs.nodes.builders.from_file][INFO] - Reading the dataset from {'dataset': '/mnt/data/weatherloss/WindPower/data/CERRA5.zarr', 'select': ['t2m', 'mcc', 'msl', 'si10', 'sr', 'wdir10', 'orog', 'ws100', 'wind_power']}.
[2025-09-23 12:43:12,123][anemoi.graphs.edges.builders.knn][INFO] - Using KNN-Edges (with 12 nearest neighbours) between data and hidden.
[2025-09-23 12:43:33,645][anemoi.graphs.edges.builders.knn][INFO] - Using KNN-Edges (with 3 nearest neighbours) between hidden and data.
[2025-09-23 12:43:33,692][anemoi.graphs.create][INFO] - Cleaning graph.
[2025-09-23 12:43:33,692][anemoi.graphs.create][INFO] - _grid_reference_distance deleted from graph.
[2025-09-23 12:43:33,692][anemoi.graphs.create][INFO] - _dataset deleted from graph.
[2025-09-23 12:43:33,692][anemoi.graphs.create][INFO] - _grid_reference_distance deleted from graph.
[2025-09-23 12:43:33,692][anemoi.graphs.create][INFO] - _resolutions deleted from graph.
[2025-09-23 12:43:33,692][anemoi.graphs.create][INFO] - _nx_graph deleted from graph.
[2025-09-23 12:43:33,693][anemoi.graphs.create][INFO] - _node_ordering deleted from graph.
[2025-09-23 12:43:33,771][anemoi.graphs.create][INFO] - Graph saved at /mnt/data/weatherloss/WindPower/training/Runs/graphs/pretrain_n320.pt.
[2025-09-23 12:43:33,789][anemoi.training.data.datamodule.singledatamodule][WARNING] - Falling back rollout to: 1
[2025-09-23 12:43:33,789][anemoi.training.data.datamodule.singledatamodule][INFO] - Timeincrement set to 1 for data with frequency, 10800, and timestep, 10800
[2025-09-23 12:43:33,790][anemoi.training.train.train][INFO] - Number of data variables: 9
[2025-09-23 12:43:33,790][anemoi.training.train.train][INFO] - Variables: ['t2m', 'mcc', 'msl', 'si10', 'sr', 'wdir10', 'orog', 'ws100', 'wind_power']
[2025-09-23 12:43:33,790][anemoi.training.train.train][INFO] - Total number of prognostic variables: 8
[2025-09-23 12:43:33,790][anemoi.training.train.train][INFO] - Total number of auxiliary variables: 1
[2025-09-23 12:43:33,790][anemoi.training.train.train][INFO] - Total GPU count / model group size: 6 - NB: the learning rate will be scaled by this factor!
[2025-09-23 12:43:33,790][anemoi.training.train.train][INFO] - Effective learning rate: 2.500e-04
[2025-09-23 12:43:33,791][anemoi.training.train.train][INFO] - Training limits: max_epochs=5, max_steps=3000. Training will stop when either limit is reached first. Learning rate scheduler will run for 3000 steps.
[2025-09-23 12:43:33,802][anemoi.models.migrations.migrator][INFO] - Loading migration 1755530253_initial
[2025-09-23 12:43:33,819][anemoi.training.train.train][INFO] - TensorBoard logger enabled
[2025-09-23 12:43:33,820][pytorch_lightning.utilities.rank_zero][INFO] - Using 16bit Automatic Mixed Precision (AMP)
[2025-09-23 12:43:33,828][pytorch_lightning.utilities.rank_zero][INFO] - GPU available: True (cuda), used: True
[2025-09-23 12:43:33,829][pytorch_lightning.utilities.rank_zero][INFO] - TPU available: False, using: 0 TPU cores
[2025-09-23 12:43:33,829][pytorch_lightning.utilities.rank_zero][INFO] - HPU available: False, using: 0 HPUs
[2025-09-23 12:43:33,847][lightning_fabric.utilities.seed][INFO] - Seed set to 28000
[2025-09-23 12:43:33,849][anemoi.training.train.train][INFO] - Initial seed: Rank 0, initial seed 28000, running with random seed: 28000
[2025-09-23 12:43:34,442][anemoi.models.layers.utils][INFO] - Linear kernel: torch.nn.Linear.
[2025-09-23 12:43:34,443][anemoi.models.layers.utils][INFO] - LayerNorm kernel: torch.nn.LayerNorm.
[2025-09-23 12:43:34,443][anemoi.models.layers.utils][INFO] - Activation kernel: torch.nn.GELU.
[2025-09-23 12:43:34,444][anemoi.models.layers.utils][INFO] - QueryNorm kernel: anemoi.models.layers.normalization.AutocastLayerNorm.
[2025-09-23 12:43:34,445][anemoi.models.layers.utils][INFO] - KeyNorm kernel: anemoi.models.layers.normalization.AutocastLayerNorm.
[2025-09-23 12:43:34,482][anemoi.models.layers.utils][INFO] - Linear kernel: torch.nn.Linear.
[2025-09-23 12:43:34,483][anemoi.models.layers.utils][INFO] - LayerNorm kernel: torch.nn.LayerNorm.
[2025-09-23 12:43:34,483][anemoi.models.layers.utils][INFO] - Activation kernel: torch.nn.GELU.
[2025-09-23 12:43:34,483][anemoi.models.layers.utils][INFO] - QueryNorm kernel: anemoi.models.layers.normalization.AutocastLayerNorm.
[2025-09-23 12:43:34,484][anemoi.models.layers.utils][INFO] - KeyNorm kernel: anemoi.models.layers.normalization.AutocastLayerNorm.
[2025-09-23 12:43:34,560][anemoi.models.layers.utils][INFO] - Linear kernel: torch.nn.Linear.
[2025-09-23 12:43:34,561][anemoi.models.layers.utils][INFO] - LayerNorm kernel: torch.nn.LayerNorm.
[2025-09-23 12:43:34,561][anemoi.models.layers.utils][INFO] - Activation kernel: torch.nn.GELU.
[2025-09-23 12:43:34,561][anemoi.models.layers.utils][INFO] - QueryNorm kernel: anemoi.models.layers.normalization.AutocastLayerNorm.
[2025-09-23 12:43:34,562][anemoi.models.layers.utils][INFO] - KeyNorm kernel: anemoi.models.layers.normalization.AutocastLayerNorm.
[2025-09-23 12:43:34,613][anemoi.training.losses.scalers.variable_level][INFO] - Variable Level Scaling: Applying ReluVariableLevelScaler scaling to pl variables ({'param': []})
[2025-09-23 12:43:34,613][anemoi.training.losses.scalers.variable_level][INFO] - with slope = 0.001 and y-intercept/minimum = 0.2.
[2025-09-23 12:43:34,647][anemoi.training.train.train][INFO] - The following submodules will NOT be trained: []
[2025-09-23 12:43:34,728][lightning_fabric.utilities.distributed][INFO] - Initializing distributed: GLOBAL_RANK: 0, MEMBER: 1/6
[2025-09-23 12:44:08,907][pytorch_lightning.utilities.rank_zero][INFO] - ----------------------------------------------------------------------------------------------------
distributed_backend=nccl
All distributed processes registered. Starting with 6 processes
----------------------------------------------------------------------------------------------------

[2025-09-23 12:44:09,060][pytorch_lightning.accelerators.cuda][INFO] - LOCAL_RANK: 0 - CUDA_VISIBLE_DEVICES: [0,1,2,3,4,5]
[2025-09-23 12:44:09,465][lightning_fabric.utilities.seed][INFO] - [rank: 0] Seed set to 28000
[2025-09-23 12:44:09,472][pytorch_lightning.callbacks.model_summary][INFO] - 
  | Name    | Type                 | Params | Mode 
---------------------------------------------------------
0 | model   | AnemoiModelInterface | 43.1 M | train
1 | loss    | MSELoss              | 0      | train
2 | metrics | ModuleDict           | 0      | train
---------------------------------------------------------
43.1 M    Trainable params
0         Non-trainable params
43.1 M    Total params
172.436   Total estimated model params size (MB)
312       Modules in train mode
0         Modules in eval mode
[2025-09-23 12:45:01,822][anemoi.training.data.datamodule.singledatamodule][WARNING] - Falling back rollout to: 1
[2025-09-23 12:45:01,871][anemoi.training.data.dataset.singledataset][INFO] - Worker 0 (pid 2884719, global_rank 0, model comm group 0)  has low/high range 0 / 9
[2025-09-23 12:45:01,873][anemoi.training.data.dataset.singledataset][INFO] - Worker 0 (validation, pid 2884719, glob. rank 0, model comm group 0, group_rank 0, seed group id 0, base_seed 28000, sanity rnd 0.762165)
[2025-09-23 12:45:01,903][anemoi.training.data.dataset.singledataset][INFO] - Worker 1 (pid 2884752, global_rank 0, model comm group 0)  has low/high range 9 / 18
[2025-09-23 12:45:01,905][anemoi.training.data.dataset.singledataset][INFO] - Worker 1 (validation, pid 2884752, glob. rank 0, model comm group 0, group_rank 0, seed group id 0, base_seed 28000, sanity rnd 0.762165)
[2025-09-23 12:45:01,940][anemoi.training.data.dataset.singledataset][INFO] - Worker 2 (pid 2884832, global_rank 0, model comm group 0)  has low/high range 18 / 27
[2025-09-23 12:45:01,941][anemoi.training.data.dataset.singledataset][INFO] - Worker 2 (validation, pid 2884832, glob. rank 0, model comm group 0, group_rank 0, seed group id 0, base_seed 28000, sanity rnd 0.762165)
[2025-09-23 12:45:01,971][anemoi.training.data.dataset.singledataset][INFO] - Worker 3 (pid 2884928, global_rank 0, model comm group 0)  has low/high range 27 / 36
[2025-09-23 12:45:01,973][anemoi.training.data.dataset.singledataset][INFO] - Worker 3 (validation, pid 2884928, glob. rank 0, model comm group 0, group_rank 0, seed group id 0, base_seed 28000, sanity rnd 0.762165)
[2025-09-23 12:45:02,008][anemoi.training.data.dataset.singledataset][INFO] - Worker 4 (pid 2885024, global_rank 0, model comm group 0)  has low/high range 36 / 45
[2025-09-23 12:45:02,010][anemoi.training.data.dataset.singledataset][INFO] - Worker 4 (validation, pid 2885024, glob. rank 0, model comm group 0, group_rank 0, seed group id 0, base_seed 28000, sanity rnd 0.762165)
[2025-09-23 12:45:02,044][anemoi.training.data.dataset.singledataset][INFO] - Worker 5 (pid 2885135, global_rank 0, model comm group 0)  has low/high range 45 / 54
[2025-09-23 12:45:02,045][anemoi.training.data.dataset.singledataset][INFO] - Worker 5 (validation, pid 2885135, glob. rank 0, model comm group 0, group_rank 0, seed group id 0, base_seed 28000, sanity rnd 0.762165)
[2025-09-23 12:45:02,078][anemoi.training.data.dataset.singledataset][INFO] - Worker 6 (pid 2885231, global_rank 0, model comm group 0)  has low/high range 54 / 63
[2025-09-23 12:45:02,079][anemoi.training.data.dataset.singledataset][INFO] - Worker 6 (validation, pid 2885231, glob. rank 0, model comm group 0, group_rank 0, seed group id 0, base_seed 28000, sanity rnd 0.762165)
[2025-09-23 12:45:02,112][anemoi.training.data.dataset.singledataset][INFO] - Worker 7 (pid 2885327, global_rank 0, model comm group 0)  has low/high range 63 / 72
[2025-09-23 12:45:02,114][anemoi.training.data.dataset.singledataset][INFO] - Worker 7 (validation, pid 2885327, glob. rank 0, model comm group 0, group_rank 0, seed group id 0, base_seed 28000, sanity rnd 0.762165)
[2025-09-23 12:45:02,114][anemoi.models.data_indices.collection][INFO] - The order of the variables in the model matches the order in the data.
[2025-09-23 12:45:06,113][anemoi.training.data.dataset.singledataset][INFO] - Worker 0 (pid 2885637, global_rank 0, model comm group 0)  has low/high range 0 / 81
[2025-09-23 12:45:06,115][anemoi.training.data.dataset.singledataset][INFO] - Worker 0 (train, pid 2885637, glob. rank 0, model comm group 0, group_rank 0, seed group id 0, base_seed 28000, sanity rnd 0.762165)
[2025-09-23 12:45:06,151][anemoi.training.data.dataset.singledataset][INFO] - Worker 1 (pid 2885733, global_rank 0, model comm group 0)  has low/high range 81 / 162
[2025-09-23 12:45:06,153][anemoi.training.data.dataset.singledataset][INFO] - Worker 1 (train, pid 2885733, glob. rank 0, model comm group 0, group_rank 0, seed group id 0, base_seed 28000, sanity rnd 0.762165)
[2025-09-23 12:45:06,193][anemoi.training.data.dataset.singledataset][INFO] - Worker 2 (pid 2885829, global_rank 0, model comm group 0)  has low/high range 162 / 243
[2025-09-23 12:45:06,195][anemoi.training.data.dataset.singledataset][INFO] - Worker 2 (train, pid 2885829, glob. rank 0, model comm group 0, group_rank 0, seed group id 0, base_seed 28000, sanity rnd 0.762165)
[2025-09-23 12:45:06,236][anemoi.training.data.dataset.singledataset][INFO] - Worker 3 (pid 2885925, global_rank 0, model comm group 0)  has low/high range 243 / 324
[2025-09-23 12:45:06,237][anemoi.training.data.dataset.singledataset][INFO] - Worker 3 (train, pid 2885925, glob. rank 0, model comm group 0, group_rank 0, seed group id 0, base_seed 28000, sanity rnd 0.762165)
[2025-09-23 12:45:06,283][anemoi.training.data.dataset.singledataset][INFO] - Worker 4 (pid 2886022, global_rank 0, model comm group 0)  has low/high range 324 / 405
[2025-09-23 12:45:06,285][anemoi.training.data.dataset.singledataset][INFO] - Worker 4 (train, pid 2886022, glob. rank 0, model comm group 0, group_rank 0, seed group id 0, base_seed 28000, sanity rnd 0.762165)
[2025-09-23 12:45:06,340][anemoi.models.data_indices.collection][INFO] - The order of the variables in the model matches the order in the data.
[2025-09-23 12:45:06,345][anemoi.training.data.dataset.singledataset][INFO] - Worker 5 (pid 2886228, global_rank 0, model comm group 0)  has low/high range 405 / 486
[2025-09-23 12:45:06,346][anemoi.training.data.dataset.singledataset][INFO] - Worker 5 (train, pid 2886228, glob. rank 0, model comm group 0, group_rank 0, seed group id 0, base_seed 28000, sanity rnd 0.762165)
[2025-09-23 13:03:22,663][anemoi.models.data_indices.collection][INFO] - The order of the variables in the model matches the order in the data.
[2025-09-23 13:04:06,248][anemoi.utils.checkpoints][INFO] - Adding extra information to checkpoint /mnt/data/weatherloss/WindPower/training/Runs/checkpoint/97491142-3994-42c7-969c-06545fda36bf/inference-last.ckpt
[2025-09-23 13:04:06,249][anemoi.utils.checkpoints][INFO] - Saving metadata to inference-last/anemoi-metadata/ai-models.json
[2025-09-23 13:04:06,250][anemoi.utils.checkpoints][INFO] - Saving supporting array `latitudes` to inference-last/anemoi-metadata/latitudes.numpy (shape=(3355,), dtype=float64)
[2025-09-23 13:04:06,250][anemoi.utils.checkpoints][INFO] - Saving supporting array `longitudes` to inference-last/anemoi-metadata/longitudes.numpy (shape=(3355,), dtype=float64)
[2025-09-23 13:04:07,842][anemoi.utils.checkpoints][INFO] - Adding extra information to checkpoint /mnt/data/weatherloss/WindPower/training/Runs/checkpoint/97491142-3994-42c7-969c-06545fda36bf/last.ckpt
[2025-09-23 13:04:07,842][anemoi.utils.checkpoints][INFO] - Saving metadata to archive/anemoi-metadata/ai-models.json
[2025-09-23 13:04:07,843][anemoi.utils.checkpoints][INFO] - Saving supporting array `latitudes` to archive/anemoi-metadata/latitudes.numpy (shape=(3355,), dtype=float64)
[2025-09-23 13:04:07,843][anemoi.utils.checkpoints][INFO] - Saving supporting array `longitudes` to archive/anemoi-metadata/longitudes.numpy (shape=(3355,), dtype=float64)
[2025-09-23 13:04:08,176][anemoi.utils.checkpoints][INFO] - Adding extra information to checkpoint /mnt/data/weatherloss/WindPower/training/Runs/checkpoint/97491142-3994-42c7-969c-06545fda36bf/inference-anemoi-by_epoch-epoch_000-step_000486.ckpt
[2025-09-23 13:04:08,176][anemoi.utils.checkpoints][INFO] - Saving metadata to inference-anemoi-by_epoch-epoch_000-step_000486/anemoi-metadata/ai-models.json
[2025-09-23 13:04:08,177][anemoi.utils.checkpoints][INFO] - Saving supporting array `latitudes` to inference-anemoi-by_epoch-epoch_000-step_000486/anemoi-metadata/latitudes.numpy (shape=(3355,), dtype=float64)
[2025-09-23 13:04:08,177][anemoi.utils.checkpoints][INFO] - Saving supporting array `longitudes` to inference-anemoi-by_epoch-epoch_000-step_000486/anemoi-metadata/longitudes.numpy (shape=(3355,), dtype=float64)
[2025-09-23 13:04:09,915][anemoi.utils.checkpoints][INFO] - Adding extra information to checkpoint /mnt/data/weatherloss/WindPower/training/Runs/checkpoint/97491142-3994-42c7-969c-06545fda36bf/anemoi-by_epoch-epoch_000-step_000486.ckpt
[2025-09-23 13:04:09,915][anemoi.utils.checkpoints][INFO] - Saving metadata to archive/anemoi-metadata/ai-models.json
[2025-09-23 13:04:09,915][anemoi.utils.checkpoints][INFO] - Saving supporting array `latitudes` to archive/anemoi-metadata/latitudes.numpy (shape=(3355,), dtype=float64)
[2025-09-23 13:04:09,915][anemoi.utils.checkpoints][INFO] - Saving supporting array `longitudes` to archive/anemoi-metadata/longitudes.numpy (shape=(3355,), dtype=float64)
[2025-09-23 13:04:10,354][anemoi.utils.checkpoints][INFO] - Adding extra information to checkpoint /mnt/data/weatherloss/WindPower/training/Runs/checkpoint/97491142-3994-42c7-969c-06545fda36bf/inference-last.ckpt
[2025-09-23 13:04:10,354][anemoi.utils.checkpoints][INFO] - Saving metadata to inference-last/anemoi-metadata/ai-models.json
[2025-09-23 13:04:10,354][anemoi.utils.checkpoints][INFO] - Saving supporting array `latitudes` to inference-last/anemoi-metadata/latitudes.numpy (shape=(3355,), dtype=float64)
[2025-09-23 13:04:10,354][anemoi.utils.checkpoints][INFO] - Saving supporting array `longitudes` to inference-last/anemoi-metadata/longitudes.numpy (shape=(3355,), dtype=float64)
[2025-09-23 13:04:12,129][anemoi.utils.checkpoints][INFO] - Adding extra information to checkpoint /mnt/data/weatherloss/WindPower/training/Runs/checkpoint/97491142-3994-42c7-969c-06545fda36bf/last.ckpt
[2025-09-23 13:04:12,130][anemoi.utils.checkpoints][INFO] - Saving metadata to archive/anemoi-metadata/ai-models.json
[2025-09-23 13:04:12,130][anemoi.utils.checkpoints][INFO] - Saving supporting array `latitudes` to archive/anemoi-metadata/latitudes.numpy (shape=(3355,), dtype=float64)
[2025-09-23 13:04:12,130][anemoi.utils.checkpoints][INFO] - Saving supporting array `longitudes` to archive/anemoi-metadata/longitudes.numpy (shape=(3355,), dtype=float64)
[2025-09-23 13:22:23,698][anemoi.models.data_indices.collection][INFO] - The order of the variables in the model matches the order in the data.
[2025-09-23 13:23:07,198][anemoi.utils.checkpoints][INFO] - Adding extra information to checkpoint /mnt/data/weatherloss/WindPower/training/Runs/checkpoint/97491142-3994-42c7-969c-06545fda36bf/inference-last.ckpt
[2025-09-23 13:23:07,198][anemoi.utils.checkpoints][INFO] - Saving metadata to inference-last/anemoi-metadata/ai-models.json
[2025-09-23 13:23:07,198][anemoi.utils.checkpoints][INFO] - Saving supporting array `latitudes` to inference-last/anemoi-metadata/latitudes.numpy (shape=(3355,), dtype=float64)
[2025-09-23 13:23:07,198][anemoi.utils.checkpoints][INFO] - Saving supporting array `longitudes` to inference-last/anemoi-metadata/longitudes.numpy (shape=(3355,), dtype=float64)
[2025-09-23 13:23:08,952][anemoi.utils.checkpoints][INFO] - Adding extra information to checkpoint /mnt/data/weatherloss/WindPower/training/Runs/checkpoint/97491142-3994-42c7-969c-06545fda36bf/last.ckpt
[2025-09-23 13:23:08,952][anemoi.utils.checkpoints][INFO] - Saving metadata to archive/anemoi-metadata/ai-models.json
[2025-09-23 13:23:08,952][anemoi.utils.checkpoints][INFO] - Saving supporting array `latitudes` to archive/anemoi-metadata/latitudes.numpy (shape=(3355,), dtype=float64)
[2025-09-23 13:23:08,952][anemoi.utils.checkpoints][INFO] - Saving supporting array `longitudes` to archive/anemoi-metadata/longitudes.numpy (shape=(3355,), dtype=float64)
[2025-09-23 13:23:09,178][anemoi.utils.checkpoints][INFO] - Adding extra information to checkpoint /mnt/data/weatherloss/WindPower/training/Runs/checkpoint/97491142-3994-42c7-969c-06545fda36bf/inference-anemoi-by_epoch-epoch_001-step_000972.ckpt
[2025-09-23 13:23:09,178][anemoi.utils.checkpoints][INFO] - Saving metadata to inference-anemoi-by_epoch-epoch_001-step_000972/anemoi-metadata/ai-models.json
[2025-09-23 13:23:09,179][anemoi.utils.checkpoints][INFO] - Saving supporting array `latitudes` to inference-anemoi-by_epoch-epoch_001-step_000972/anemoi-metadata/latitudes.numpy (shape=(3355,), dtype=float64)
[2025-09-23 13:23:09,179][anemoi.utils.checkpoints][INFO] - Saving supporting array `longitudes` to inference-anemoi-by_epoch-epoch_001-step_000972/anemoi-metadata/longitudes.numpy (shape=(3355,), dtype=float64)
[2025-09-23 13:23:10,597][anemoi.utils.checkpoints][INFO] - Adding extra information to checkpoint /mnt/data/weatherloss/WindPower/training/Runs/checkpoint/97491142-3994-42c7-969c-06545fda36bf/anemoi-by_epoch-epoch_001-step_000972.ckpt
[2025-09-23 13:23:10,597][anemoi.utils.checkpoints][INFO] - Saving metadata to archive/anemoi-metadata/ai-models.json
[2025-09-23 13:23:10,598][anemoi.utils.checkpoints][INFO] - Saving supporting array `latitudes` to archive/anemoi-metadata/latitudes.numpy (shape=(3355,), dtype=float64)
[2025-09-23 13:23:10,598][anemoi.utils.checkpoints][INFO] - Saving supporting array `longitudes` to archive/anemoi-metadata/longitudes.numpy (shape=(3355,), dtype=float64)
[2025-09-23 13:23:10,940][anemoi.utils.checkpoints][INFO] - Adding extra information to checkpoint /mnt/data/weatherloss/WindPower/training/Runs/checkpoint/97491142-3994-42c7-969c-06545fda36bf/inference-last.ckpt
[2025-09-23 13:23:10,940][anemoi.utils.checkpoints][INFO] - Saving metadata to inference-last/anemoi-metadata/ai-models.json
[2025-09-23 13:23:10,940][anemoi.utils.checkpoints][INFO] - Saving supporting array `latitudes` to inference-last/anemoi-metadata/latitudes.numpy (shape=(3355,), dtype=float64)
[2025-09-23 13:23:10,940][anemoi.utils.checkpoints][INFO] - Saving supporting array `longitudes` to inference-last/anemoi-metadata/longitudes.numpy (shape=(3355,), dtype=float64)
[2025-09-23 13:23:12,606][anemoi.utils.checkpoints][INFO] - Adding extra information to checkpoint /mnt/data/weatherloss/WindPower/training/Runs/checkpoint/97491142-3994-42c7-969c-06545fda36bf/last.ckpt
[2025-09-23 13:23:12,606][anemoi.utils.checkpoints][INFO] - Saving metadata to archive/anemoi-metadata/ai-models.json
[2025-09-23 13:23:12,606][anemoi.utils.checkpoints][INFO] - Saving supporting array `latitudes` to archive/anemoi-metadata/latitudes.numpy (shape=(3355,), dtype=float64)
[2025-09-23 13:23:12,606][anemoi.utils.checkpoints][INFO] - Saving supporting array `longitudes` to archive/anemoi-metadata/longitudes.numpy (shape=(3355,), dtype=float64)
