[2026-03-28 09:05:35,953][anemoi.training.train.train][INFO] - Skipping config validation.
[2026-03-28 09:05:35,953][anemoi.training.train.train][INFO] - Starting from checkpoint: True
[2026-03-28 09:05:35,953][anemoi.training.train.train][INFO] - Run id: Finetune
[2026-03-28 09:05:35,953][anemoi.training.train.train][INFO] - Checkpoints path: {'root': PosixPath('/mnt/weatherloss/WindPower/training/EGU26/checkpoint/Finetune'), 'every_n_epochs': 'anemoi-by_epoch-epoch_{epoch:03d}-step_{step:06d}', 'every_n_train_steps': 'anemoi-by_step-epoch_{epoch:03d}-step_{step:06d}', 'every_n_minutes': 'anemoi-by_time-epoch_{epoch:03d}-step_{step:06d}'}
[2026-03-28 09:05:35,953][anemoi.training.train.train][INFO] - Plots path: /mnt/weatherloss/WindPower/training/EGU26/plots/Finetune
[2026-03-28 09:05:36,067][anemoi.training.train.train][INFO] - Loading graph data from /mnt/weatherloss/WindPower/graphs/EGU26/EGUgraph15km.pt
[2026-03-28 09:05:36,511][anemoi.training.data.datamodule][WARNING] - Falling back rollout to: 1
[2026-03-28 09:05:36,511][anemoi.training.data.datamodule][INFO] - Timeincrement set to 1 for data with frequency, 10800, and timestep, 10800
[2026-03-28 09:05:36,512][anemoi.training.data.grid_indices][INFO] - The graph attribute indices_connected_nodes of the data nodes will be used to masking the spatial dimension.
[2026-03-28 09:05:36,513][anemoi.training.train.train][INFO] - Number of data variables: 67
[2026-03-28 09:05:36,514][anemoi.training.train.train][INFO] - Variables: ['cos_julian_day', 'cos_latitude', 'cos_longitude', 'insolation', 'lsm', 'mcc', 'msl', 'q_1000', 'q_500', 'q_600', 'q_700', 'q_750', 'q_800', 'q_850', 'q_900', 'q_950', 'sin_julian_day', 'sin_latitude', 'sin_longitude', 't2m', 't_1000', 't_500', 't_600', 't_700', 't_750', 't_800', 't_850', 't_900', 't_950', 'u_1000', 'u_500', 'u_600', 'u_700', 'u_750', 'u_800', 'u_850', 'u_900', 'u_950', 'v_1000', 'v_500', 'v_600', 'v_700', 'v_750', 'v_800', 'v_850', 'v_900', 'v_950', 'wdir100_cos', 'wdir100_sin', 'wdir10_cos', 'wdir10_sin', 'ws10', 'ws100', 'z_1000', 'z_500', 'z_600', 'z_700', 'z_750', 'z_800', 'z_850', 'z_900', 'z_950', 'z_sfc', 'power', 'capacity', 'turbinecount', 'turbinemask']
[2026-03-28 09:05:36,514][anemoi.training.train.train][INFO] - Total number of prognostic variables: 55
[2026-03-28 09:05:36,514][anemoi.training.train.train][INFO] - Total number of auxiliary variables: 12
[2026-03-28 09:05:36,514][anemoi.training.train.train][INFO] - Total GPU count / model group size: 1 - NB: the learning rate will be scaled by this factor!
[2026-03-28 09:05:36,514][anemoi.training.train.train][INFO] - Effective learning rate: 3.125e-06
[2026-03-28 09:05:36,514][anemoi.training.train.train][INFO] - Training limits: max_epochs=20, max_steps=6000. Training will stop when either limit is reached first. Learning rate scheduler will run for 6000 steps.
[2026-03-28 09:05:36,534][anemoi.models.migrations.migrator][INFO] - Loading migration 1755530253_initial
[2026-03-28 09:05:36,534][anemoi.models.migrations.migrator][INFO] - Loading migration 1762857427_deprecate_eda
[2026-03-28 09:05:36,534][anemoi.models.migrations.migrator][INFO] - Loading migration 1762857428_chunking_fix
[2026-03-28 09:05:36,534][anemoi.models.migrations.migrator][INFO] - Loading migration 1763479917_hardware_schema_update
[2026-03-28 09:05:36,567][anemoi.training.train.train][INFO] - TensorBoard logger enabled
[2026-03-28 09:05:36,569][pytorch_lightning.utilities.rank_zero][INFO] - Using 16bit Automatic Mixed Precision (AMP)
[2026-03-28 09:05:36,576][pytorch_lightning.utilities.rank_zero][INFO] - GPU available: True (cuda), used: True
[2026-03-28 09:05:36,576][pytorch_lightning.utilities.rank_zero][INFO] - TPU available: False, using: 0 TPU cores
[2026-03-28 09:05:36,615][lightning_fabric.utilities.seed][INFO] - Seed set to 485655
[2026-03-28 09:05:36,619][anemoi.training.train.train][INFO] - Initial seed: Rank 0, initial seed 485655, running with random seed: 485655
[2026-03-28 09:05:38,523][anemoi.models.preprocessing.imputer][WARNING] - If placement of NaNs for diagnostic variables in inference output is desired, this needs to be handled by postprocessors: power
[2026-03-28 09:05:38,524][anemoi.models.preprocessing.imputer][INFO] - Imputer: replacing NaNs in power with value 0.0
[2026-03-28 09:05:38,524][anemoi.models.preprocessing.imputer][INFO] - Imputer: replacing NaNs in capacity with value 0.0
[2026-03-28 09:05:38,524][anemoi.models.preprocessing.imputer][INFO] - Imputer: replacing NaNs in turbinecount with value 0.0
[2026-03-28 09:05:38,524][anemoi.models.preprocessing.imputer][INFO] - Imputer: replacing NaNs in turbinemask with value 0.0
[2026-03-28 09:05:38,527][anemoi.models.preprocessing.normalizer][INFO] - Normalizing: cos_latitude is not normalized.
[2026-03-28 09:05:38,527][anemoi.models.preprocessing.normalizer][INFO] - Normalizing: cos_longitude is not normalized.
[2026-03-28 09:05:38,527][anemoi.models.preprocessing.normalizer][INFO] - Normalizing: lsm is not normalized.
[2026-03-28 09:05:38,527][anemoi.models.preprocessing.normalizer][INFO] - Normalizing: mcc is not normalized.
[2026-03-28 09:05:38,527][anemoi.models.preprocessing.normalizer][INFO] - Normalizing: sin_latitude is not normalized.
[2026-03-28 09:05:38,527][anemoi.models.preprocessing.normalizer][INFO] - Normalizing: sin_longitude is not normalized.
[2026-03-28 09:05:38,527][anemoi.models.preprocessing.normalizer][INFO] - Normalizing: turbinemask is not normalized.
[2026-03-28 09:05:38,615][anemoi.models.layers.utils][INFO] - Linear kernel: torch.nn.Linear.
[2026-03-28 09:05:38,616][anemoi.models.layers.utils][INFO] - LayerNorm kernel: torch.nn.LayerNorm.
[2026-03-28 09:05:38,616][anemoi.models.layers.utils][INFO] - Activation kernel: torch.nn.GELU.
[2026-03-28 09:05:38,617][anemoi.models.layers.utils][INFO] - QueryNorm kernel: anemoi.models.layers.normalization.AutocastLayerNorm.
[2026-03-28 09:05:38,618][anemoi.models.layers.utils][INFO] - KeyNorm kernel: anemoi.models.layers.normalization.AutocastLayerNorm.
[2026-03-28 09:05:38,634][anemoi.models.layers.block][INFO] - GraphTransformerMapperBlock using triton graph attention backend.
[2026-03-28 09:05:38,639][anemoi.models.layers.utils][INFO] - Linear kernel: torch.nn.Linear.
[2026-03-28 09:05:38,640][anemoi.models.layers.utils][INFO] - LayerNorm kernel: torch.nn.LayerNorm.
[2026-03-28 09:05:38,641][anemoi.models.layers.utils][INFO] - Activation kernel: torch.nn.GELU.
[2026-03-28 09:05:38,641][anemoi.models.layers.utils][INFO] - QueryNorm kernel: anemoi.models.layers.normalization.AutocastLayerNorm.
[2026-03-28 09:05:38,643][anemoi.models.layers.utils][INFO] - KeyNorm kernel: anemoi.models.layers.normalization.AutocastLayerNorm.
[2026-03-28 09:05:38,659][anemoi.models.layers.block][INFO] - GraphTransformerProcessorBlock using triton graph attention backend.
[2026-03-28 09:05:38,672][anemoi.models.layers.block][INFO] - GraphTransformerProcessorBlock using triton graph attention backend.
[2026-03-28 09:05:38,686][anemoi.models.layers.block][INFO] - GraphTransformerProcessorBlock using triton graph attention backend.
[2026-03-28 09:05:38,699][anemoi.models.layers.block][INFO] - GraphTransformerProcessorBlock using triton graph attention backend.
[2026-03-28 09:05:38,713][anemoi.models.layers.block][INFO] - GraphTransformerProcessorBlock using triton graph attention backend.
[2026-03-28 09:05:38,726][anemoi.models.layers.block][INFO] - GraphTransformerProcessorBlock using triton graph attention backend.
[2026-03-28 09:05:38,740][anemoi.models.layers.block][INFO] - GraphTransformerProcessorBlock using triton graph attention backend.
[2026-03-28 09:05:38,753][anemoi.models.layers.block][INFO] - GraphTransformerProcessorBlock using triton graph attention backend.
[2026-03-28 09:05:38,757][anemoi.models.layers.utils][INFO] - Linear kernel: torch.nn.Linear.
[2026-03-28 09:05:38,758][anemoi.models.layers.utils][INFO] - LayerNorm kernel: torch.nn.LayerNorm.
[2026-03-28 09:05:38,759][anemoi.models.layers.utils][INFO] - Activation kernel: torch.nn.GELU.
[2026-03-28 09:05:38,759][anemoi.models.layers.utils][INFO] - QueryNorm kernel: anemoi.models.layers.normalization.AutocastLayerNorm.
[2026-03-28 09:05:38,760][anemoi.models.layers.utils][INFO] - KeyNorm kernel: anemoi.models.layers.normalization.AutocastLayerNorm.
[2026-03-28 09:05:38,776][anemoi.models.layers.block][INFO] - GraphTransformerMapperBlock using triton graph attention backend.
[2026-03-28 09:05:38,898][anemoi.training.losses.scalers.variable_level][INFO] - Variable Level Scaling: Applying ReluVariableLevelScaler scaling to pl variables (['q', 't', 'u', 'v', 'z'])
[2026-03-28 09:05:38,898][anemoi.training.losses.scalers.variable_level][INFO] - with slope = 0.001 and y-intercept/minimum = 0.2.
