[2026-03-17 08:55:43,896][anemoi.training.train.train][INFO] - Skipping config validation.
[2026-03-17 08:55:43,896][anemoi.training.train.train][INFO] - Starting from checkpoint: False
[2026-03-17 08:55:43,896][anemoi.training.train.train][INFO] - Run id: 9d57ce34-7743-4848-ac8f-c7868a76b1ca
[2026-03-17 08:55:43,896][anemoi.training.train.train][INFO] - Checkpoints path: {'root': PosixPath('/mnt/weatherloss/WindPower/training/EGU26/NoPower/checkpoint/9d57ce34-7743-4848-ac8f-c7868a76b1ca'), 'every_n_epochs': 'anemoi-by_epoch-epoch_{epoch:03d}-step_{step:06d}', 'every_n_train_steps': 'anemoi-by_step-epoch_{epoch:03d}-step_{step:06d}', 'every_n_minutes': 'anemoi-by_time-epoch_{epoch:03d}-step_{step:06d}'}
[2026-03-17 08:55:43,896][anemoi.training.train.train][INFO] - Plots path: /mnt/weatherloss/WindPower/training/EGU26/NoPower/plots/9d57ce34-7743-4848-ac8f-c7868a76b1ca
[2026-03-17 08:55:44,207][anemoi.graphs.nodes.builders.from_file][INFO] - Reading the dataset from {'cutout': [{'dataset': '/mnt/weatherloss/WindPower/data/EGU26/Anemoidatasets/Cerra_A.zarr'}, {'dataset': '/mnt/weatherloss/WindPower/data/EGU26/Anemoidatasets/era5_A2.zarr'}], 'min_distance_km': 0, 'adjust': 'all'}.
[2026-03-17 08:55:45,193][anemoi.graphs.generate.masks][INFO] - Fitting KNNAreaMaskBuilder with 24444 reference nodes from "data (cutout)".
[2026-03-17 08:56:00,162][anemoi.graphs.edges.builders.knn][INFO] - Using KNN-Edges (with 12 nearest neighbours) between data and hidden.
[2026-03-17 08:56:00,169][anemoi.graphs.edges.builders.base][WARNING] - The 'torch-cluster' library is not installed.
Installing 'torch-cluster' can significantly improve performance for graph creation.
You can install it using:
    TORCH_VERSION=$(python -c "import torch; print(torch.__version__)")
    pip install torch-cluster -f https://data.pyg.org/whl/torch-${TORCH_VERSION}.html

[2026-03-17 08:56:00,263][anemoi.graphs.edges.builders.cutoff][INFO] - Using CutOff-Edges (with radius = 15.0 km [direct]) between data and hidden.
[2026-03-17 08:56:00,264][anemoi.graphs.edges.builders.base][WARNING] - The 'torch-cluster' library is not installed.
Installing 'torch-cluster' can significantly improve performance for graph creation.
You can install it using:
    TORCH_VERSION=$(python -c "import torch; print(torch.__version__)")
    pip install torch-cluster -f https://data.pyg.org/whl/torch-${TORCH_VERSION}.html

[2026-03-17 08:56:40,760][anemoi.graphs.edges.builders.knn][INFO] - Using KNN-Edges (with 3 nearest neighbours) between hidden and data.
[2026-03-17 08:56:40,761][anemoi.graphs.edges.builders.base][WARNING] - The 'torch-cluster' library is not installed.
Installing 'torch-cluster' can significantly improve performance for graph creation.
You can install it using:
    TORCH_VERSION=$(python -c "import torch; print(torch.__version__)")
    pip install torch-cluster -f https://data.pyg.org/whl/torch-${TORCH_VERSION}.html

[2026-03-17 08:56:40,821][anemoi.graphs.create][INFO] - Cleaning graph.
[2026-03-17 08:56:40,821][anemoi.graphs.create][INFO] - _grid_reference_distance deleted from graph.
[2026-03-17 08:56:40,821][anemoi.graphs.create][INFO] - _dataset deleted from graph.
[2026-03-17 08:56:40,821][anemoi.graphs.create][INFO] - _grid_reference_distance deleted from graph.
[2026-03-17 08:56:40,821][anemoi.graphs.create][INFO] - _nx_graph deleted from graph.
[2026-03-17 08:56:40,821][anemoi.graphs.create][INFO] - _resolutions deleted from graph.
[2026-03-17 08:56:40,821][anemoi.graphs.create][INFO] - _area_mask_builder deleted from graph.
[2026-03-17 08:56:40,822][anemoi.graphs.create][INFO] - _node_ordering deleted from graph.
[2026-03-17 08:56:40,826][anemoi.graphs.processors.post_process][INFO] - Removing 79028 edges from ('data', 'to', 'hidden').
[2026-03-17 08:56:40,828][anemoi.graphs.processors.post_process][INFO] - Recomputing edge attribute edge_length.
[2026-03-17 08:56:40,830][anemoi.graphs.processors.post_process][INFO] - Recomputing edge attribute edge_dirs.
[2026-03-17 08:56:40,833][anemoi.graphs.processors.post_process][INFO] - Removing 3365 nodes from data.
[2026-03-17 08:56:40,850][anemoi.graphs.processors.post_process][INFO] - An attribute indices_connected_nodes has been added with the indices to mask the nodes from the original graph.
[2026-03-17 08:56:40,858][anemoi.graphs.create][INFO] - Graph saved at /mnt/weatherloss/WindPower/graphs/EGU26/EGUgraph15km.pt.
[2026-03-17 08:56:41,192][anemoi.training.data.datamodule][WARNING] - Falling back rollout to: 1
[2026-03-17 08:56:41,192][anemoi.training.data.datamodule][INFO] - Timeincrement set to 1 for data with frequency, 10800, and timestep, 10800
[2026-03-17 08:56:41,193][anemoi.training.data.grid_indices][INFO] - The graph attribute indices_connected_nodes of the data nodes will be used to masking the spatial dimension.
[2026-03-17 08:56:41,193][anemoi.training.train.train][INFO] - Number of data variables: 63
[2026-03-17 08:56:41,193][anemoi.training.train.train][INFO] - Variables: ['cos_julian_day', 'cos_latitude', 'cos_longitude', 'insolation', 'lsm', 'mcc', 'msl', 'q_1000', 'q_500', 'q_600', 'q_700', 'q_750', 'q_800', 'q_850', 'q_900', 'q_950', 'sin_julian_day', 'sin_latitude', 'sin_longitude', 't2m', 't_1000', 't_500', 't_600', 't_700', 't_750', 't_800', 't_850', 't_900', 't_950', 'u_1000', 'u_500', 'u_600', 'u_700', 'u_750', 'u_800', 'u_850', 'u_900', 'u_950', 'v_1000', 'v_500', 'v_600', 'v_700', 'v_750', 'v_800', 'v_850', 'v_900', 'v_950', 'wdir100_cos', 'wdir100_sin', 'wdir10_cos', 'wdir10_sin', 'ws10', 'ws100', 'z_1000', 'z_500', 'z_600', 'z_700', 'z_750', 'z_800', 'z_850', 'z_900', 'z_950', 'z_sfc']
[2026-03-17 08:56:41,194][anemoi.training.train.train][INFO] - Total number of prognostic variables: 54
[2026-03-17 08:56:41,194][anemoi.training.train.train][INFO] - Total number of auxiliary variables: 9
[2026-03-17 08:56:41,194][anemoi.training.train.train][INFO] - Total GPU count / model group size: 1 - NB: the learning rate will be scaled by this factor!
[2026-03-17 08:56:41,194][anemoi.training.train.train][INFO] - Effective learning rate: 3.125e-05
[2026-03-17 08:56:41,194][anemoi.training.train.train][INFO] - Training limits: max_epochs=20, max_steps=150000. Training will stop when either limit is reached first. Learning rate scheduler will run for 150000 steps.
[2026-03-17 08:56:41,213][anemoi.models.migrations.migrator][INFO] - Loading migration 1755530253_initial
[2026-03-17 08:56:41,213][anemoi.models.migrations.migrator][INFO] - Loading migration 1762857427_deprecate_eda
[2026-03-17 08:56:41,213][anemoi.models.migrations.migrator][INFO] - Loading migration 1762857428_chunking_fix
[2026-03-17 08:56:41,213][anemoi.models.migrations.migrator][INFO] - Loading migration 1763479917_hardware_schema_update
[2026-03-17 08:56:41,245][anemoi.training.train.train][INFO] - TensorBoard logger enabled
[2026-03-17 08:56:41,247][pytorch_lightning.utilities.rank_zero][INFO] - Using 16bit Automatic Mixed Precision (AMP)
[2026-03-17 08:56:41,255][pytorch_lightning.utilities.rank_zero][INFO] - GPU available: True (cuda), used: True
[2026-03-17 08:56:41,255][pytorch_lightning.utilities.rank_zero][INFO] - TPU available: False, using: 0 TPU cores
[2026-03-17 08:56:41,290][lightning_fabric.utilities.seed][INFO] - Seed set to 78526
[2026-03-17 08:56:41,291][anemoi.training.train.train][INFO] - Initial seed: Rank 0, initial seed 78526, running with random seed: 78526
