[2026-04-18 13:49:15,667][anemoi.training.train.train][INFO] - Skipping config validation.
[2026-04-18 13:49:15,667][anemoi.training.train.train][INFO] - Starting from checkpoint: True
[2026-04-18 13:49:15,667][anemoi.training.train.train][INFO] - Run id: BigTransformer
[2026-04-18 13:49:15,667][anemoi.training.train.train][INFO] - Checkpoints path: {'root': PosixPath('/mnt/weatherloss/WindPower/training/EGU26/BigTransformer/checkpoint/BigTransformer'), 'every_n_epochs': 'anemoi-by_epoch-epoch_{epoch:03d}-step_{step:06d}', 'every_n_train_steps': 'anemoi-by_step-epoch_{epoch:03d}-step_{step:06d}', 'every_n_minutes': 'anemoi-by_time-epoch_{epoch:03d}-step_{step:06d}'}
[2026-04-18 13:49:15,667][anemoi.training.train.train][INFO] - Plots path: /mnt/weatherloss/WindPower/training/EGU26/BigTransformer/plots/BigTransformer
[2026-04-18 13:49:16,364][anemoi.graphs.nodes.builders.from_file][INFO] - Reading the dataset from {'cutout': [{'dataset': '/mnt/weatherloss/WindPower/data/EGU26/Anemoidatasets/New_Cerra_A_large.zarr'}, {'dataset': '/mnt/weatherloss/WindPower/data/EGU26/Anemoidatasets/era5_A_large.zarr'}], 'min_distance_km': 0, 'adjust': 'all'}.
[2026-04-18 13:49:22,653][anemoi.graphs.generate.masks][INFO] - Fitting KNNAreaMaskBuilder with 72668 reference nodes from "data (cutout)".
[2026-04-18 13:50:21,550][anemoi.graphs.edges.builders.knn][INFO] - Using KNN-Edges (with 12 nearest neighbours) between data and hidden.
[2026-04-18 13:50:21,568][anemoi.graphs.edges.builders.base][WARNING] - The 'torch-cluster' library is not installed.
Installing 'torch-cluster' can significantly improve performance for graph creation.
You can install it using:
    TORCH_VERSION=$(python -c "import torch; print(torch.__version__)")
    pip install torch-cluster -f https://data.pyg.org/whl/torch-${TORCH_VERSION}.html

[2026-04-18 13:50:21,979][anemoi.graphs.edges.builders.cutoff][INFO] - Using CutOff-Edges (with radius = 15.0 km [direct]) between data and hidden.
[2026-04-18 13:50:21,980][anemoi.graphs.edges.builders.base][WARNING] - The 'torch-cluster' library is not installed.
Installing 'torch-cluster' can significantly improve performance for graph creation.
You can install it using:
    TORCH_VERSION=$(python -c "import torch; print(torch.__version__)")
    pip install torch-cluster -f https://data.pyg.org/whl/torch-${TORCH_VERSION}.html

[2026-04-18 13:52:12,950][anemoi.graphs.edges.builders.knn][INFO] - Using KNN-Edges (with 3 nearest neighbours) between hidden and data.
[2026-04-18 13:52:12,952][anemoi.graphs.edges.builders.base][WARNING] - The 'torch-cluster' library is not installed.
Installing 'torch-cluster' can significantly improve performance for graph creation.
You can install it using:
    TORCH_VERSION=$(python -c "import torch; print(torch.__version__)")
    pip install torch-cluster -f https://data.pyg.org/whl/torch-${TORCH_VERSION}.html

[2026-04-18 13:52:13,629][anemoi.graphs.create][INFO] - Cleaning graph.
[2026-04-18 13:52:13,629][anemoi.graphs.create][INFO] - _grid_reference_distance deleted from graph.
[2026-04-18 13:52:13,630][anemoi.graphs.create][INFO] - _dataset deleted from graph.
[2026-04-18 13:52:13,630][anemoi.graphs.create][INFO] - _grid_reference_distance deleted from graph.
[2026-04-18 13:52:13,630][anemoi.graphs.create][INFO] - _nx_graph deleted from graph.
[2026-04-18 13:52:13,630][anemoi.graphs.create][INFO] - _resolutions deleted from graph.
[2026-04-18 13:52:13,630][anemoi.graphs.create][INFO] - _area_mask_builder deleted from graph.
[2026-04-18 13:52:13,630][anemoi.graphs.create][INFO] - _node_ordering deleted from graph.
[2026-04-18 13:52:13,948][anemoi.graphs.processors.post_process][INFO] - Removing 120985 edges from ('data', 'to', 'hidden').
[2026-04-18 13:52:15,147][anemoi.graphs.processors.post_process][INFO] - Recomputing edge attribute edge_length.
[2026-04-18 13:52:15,251][anemoi.graphs.processors.post_process][INFO] - Recomputing edge attribute edge_dirs.
[2026-04-18 13:52:16,500][anemoi.graphs.processors.post_process][INFO] - Removing 4649 nodes from data.
[2026-04-18 13:52:19,252][anemoi.graphs.processors.post_process][INFO] - An attribute indices_connected_nodes has been added with the indices to mask the nodes from the original graph.
[2026-04-18 13:52:19,755][anemoi.graphs.create][INFO] - Graph saved at /mnt/weatherloss/WindPower/graphs/EGU26/EGUgraph15km.pt.
[2026-04-18 13:52:21,022][anemoi.training.data.datamodule][INFO] - Timeincrement set to 1 for data with frequency, 10800, and timestep, 10800
[2026-04-18 13:52:21,023][anemoi.training.data.grid_indices][INFO] - The graph attribute indices_connected_nodes of the data nodes will be used to masking the spatial dimension.
[2026-04-18 13:52:21,025][anemoi.training.train.train][INFO] - Number of data variables: 67
[2026-04-18 13:52:21,025][anemoi.training.train.train][INFO] - Variables: ['cos_julian_day', 'cos_latitude', 'cos_longitude', 'insolation', 'lsm', 'mcc', 'msl', 'q_1000', 'q_500', 'q_600', 'q_700', 'q_750', 'q_800', 'q_850', 'q_900', 'q_950', 'sin_julian_day', 'sin_latitude', 'sin_longitude', 't2m', 't_1000', 't_500', 't_600', 't_700', 't_750', 't_800', 't_850', 't_900', 't_950', 'u_1000', 'u_500', 'u_600', 'u_700', 'u_750', 'u_800', 'u_850', 'u_900', 'u_950', 'v_1000', 'v_500', 'v_600', 'v_700', 'v_750', 'v_800', 'v_850', 'v_900', 'v_950', 'wdir100_cos', 'wdir100_sin', 'wdir10_cos', 'wdir10_sin', 'ws10', 'ws100', 'z_1000', 'z_500', 'z_600', 'z_700', 'z_750', 'z_800', 'z_850', 'z_900', 'z_950', 'z_sfc', 'power', 'capacity', 'turbinecount', 'turbinemask']
[2026-04-18 13:52:21,025][anemoi.training.train.train][INFO] - Total number of prognostic variables: 55
[2026-04-18 13:52:21,026][anemoi.training.train.train][INFO] - Total number of auxiliary variables: 12
[2026-04-18 13:52:21,026][anemoi.training.train.train][INFO] - Total GPU count / model group size: 2 - NB: the learning rate will be scaled by this factor!
[2026-04-18 13:52:21,026][anemoi.training.train.train][INFO] - Effective learning rate: 1.280e-05
[2026-04-18 13:52:21,026][anemoi.training.train.train][INFO] - Training limits: max_epochs=40, max_steps=210000. Training will stop when either limit is reached first. Learning rate scheduler will run for 10000 steps.
[2026-04-18 13:52:21,063][anemoi.models.migrations.migrator][INFO] - Loading migration 1755530253_initial
[2026-04-18 13:52:21,063][anemoi.models.migrations.migrator][INFO] - Loading migration 1762857427_deprecate_eda
[2026-04-18 13:52:21,063][anemoi.models.migrations.migrator][INFO] - Loading migration 1762857428_chunking_fix
[2026-04-18 13:52:21,063][anemoi.models.migrations.migrator][INFO] - Loading migration 1763479917_hardware_schema_update
[2026-04-18 13:52:21,113][anemoi.training.train.train][INFO] - TensorBoard logger enabled
[2026-04-18 13:52:21,115][pytorch_lightning.utilities.rank_zero][INFO] - Using 16bit Automatic Mixed Precision (AMP)
[2026-04-18 13:52:21,126][pytorch_lightning.utilities.rank_zero][INFO] - GPU available: True (cuda), used: True
[2026-04-18 13:52:21,127][pytorch_lightning.utilities.rank_zero][INFO] - TPU available: False, using: 0 TPU cores
[2026-04-18 13:52:21,186][lightning_fabric.utilities.seed][INFO] - Seed set to 444000
[2026-04-18 13:52:21,190][anemoi.training.train.train][INFO] - Initial seed: Rank 0, initial seed 444000, running with random seed: 444000
[2026-04-18 13:52:23,608][anemoi.models.preprocessing.imputer][WARNING] - If placement of NaNs for diagnostic variables in inference output is desired, this needs to be handled by postprocessors: power
[2026-04-18 13:52:23,608][anemoi.models.preprocessing.imputer][INFO] - Imputer: replacing NaNs in power with value 0.0
[2026-04-18 13:52:23,608][anemoi.models.preprocessing.imputer][INFO] - Imputer: replacing NaNs in capacity with value 0.0
[2026-04-18 13:52:23,608][anemoi.models.preprocessing.imputer][INFO] - Imputer: replacing NaNs in turbinecount with value 0.0
[2026-04-18 13:52:23,608][anemoi.models.preprocessing.imputer][INFO] - Imputer: replacing NaNs in turbinemask with value 0.0
[2026-04-18 13:52:23,612][anemoi.models.preprocessing.normalizer][INFO] - Normalizing: cos_latitude is not normalized.
[2026-04-18 13:52:23,612][anemoi.models.preprocessing.normalizer][INFO] - Normalizing: cos_longitude is not normalized.
[2026-04-18 13:52:23,612][anemoi.models.preprocessing.normalizer][INFO] - Normalizing: lsm is not normalized.
[2026-04-18 13:52:23,612][anemoi.models.preprocessing.normalizer][INFO] - Normalizing: mcc is not normalized.
[2026-04-18 13:52:23,612][anemoi.models.preprocessing.normalizer][INFO] - Normalizing: sin_latitude is not normalized.
[2026-04-18 13:52:23,612][anemoi.models.preprocessing.normalizer][INFO] - Normalizing: sin_longitude is not normalized.
[2026-04-18 13:52:23,612][anemoi.models.preprocessing.normalizer][INFO] - Normalizing: turbinemask is not normalized.
[2026-04-18 13:52:24,648][anemoi.models.layers.utils][INFO] - Linear kernel: torch.nn.Linear.
[2026-04-18 13:52:24,648][anemoi.models.layers.utils][INFO] - LayerNorm kernel: torch.nn.LayerNorm.
[2026-04-18 13:52:24,649][anemoi.models.layers.utils][INFO] - Activation kernel: torch.nn.GELU.
[2026-04-18 13:52:24,650][anemoi.models.layers.utils][INFO] - QueryNorm kernel: anemoi.models.layers.normalization.AutocastLayerNorm.
[2026-04-18 13:52:24,651][anemoi.models.layers.utils][INFO] - KeyNorm kernel: anemoi.models.layers.normalization.AutocastLayerNorm.
[2026-04-18 13:52:25,851][anemoi.models.layers.block][INFO] - GraphTransformerMapperBlock using triton graph attention backend.
[2026-04-18 13:52:25,858][anemoi.models.layers.utils][INFO] - Linear kernel: torch.nn.Linear.
[2026-04-18 13:52:25,859][anemoi.models.layers.utils][INFO] - LayerNorm kernel: torch.nn.LayerNorm.
[2026-04-18 13:52:25,859][anemoi.models.layers.utils][INFO] - Activation kernel: torch.nn.GELU.
[2026-04-18 13:52:25,948][anemoi.models.layers.utils][INFO] - QueryNorm kernel: anemoi.models.layers.normalization.AutocastLayerNorm.
[2026-04-18 13:52:25,949][anemoi.models.layers.utils][INFO] - KeyNorm kernel: anemoi.models.layers.normalization.AutocastLayerNorm.
[2026-04-18 13:52:26,213][anemoi.models.layers.attention][INFO] - Using flash attention v2
[2026-04-18 13:52:26,237][anemoi.models.layers.attention][INFO] - Using flash attention v2
[2026-04-18 13:52:26,268][anemoi.models.layers.attention][INFO] - Using flash attention v2
[2026-04-18 13:52:26,295][anemoi.models.layers.attention][INFO] - Using flash attention v2
[2026-04-18 13:52:26,349][anemoi.models.layers.attention][INFO] - Using flash attention v2
[2026-04-18 13:52:26,376][anemoi.models.layers.attention][INFO] - Using flash attention v2
[2026-04-18 13:52:26,403][anemoi.models.layers.attention][INFO] - Using flash attention v2
[2026-04-18 13:52:26,429][anemoi.models.layers.attention][INFO] - Using flash attention v2
[2026-04-18 13:52:26,471][anemoi.models.layers.attention][INFO] - Using flash attention v2
[2026-04-18 13:52:26,498][anemoi.models.layers.attention][INFO] - Using flash attention v2
[2026-04-18 13:52:26,525][anemoi.models.layers.attention][INFO] - Using flash attention v2
[2026-04-18 13:52:26,560][anemoi.models.layers.attention][INFO] - Using flash attention v2
[2026-04-18 13:52:26,592][anemoi.models.layers.utils][INFO] - Linear kernel: torch.nn.Linear.
[2026-04-18 13:52:26,592][anemoi.models.layers.utils][INFO] - LayerNorm kernel: torch.nn.LayerNorm.
[2026-04-18 13:52:26,593][anemoi.models.layers.utils][INFO] - Activation kernel: torch.nn.GELU.
[2026-04-18 13:52:26,594][anemoi.models.layers.utils][INFO] - QueryNorm kernel: anemoi.models.layers.normalization.AutocastLayerNorm.
[2026-04-18 13:52:26,594][anemoi.models.layers.utils][INFO] - KeyNorm kernel: anemoi.models.layers.normalization.AutocastLayerNorm.
[2026-04-18 13:52:27,352][anemoi.models.layers.block][INFO] - GraphTransformerMapperBlock using triton graph attention backend.
[2026-04-18 13:52:29,154][anemoi.training.losses.scalers.variable_level][INFO] - Variable Level Scaling: Applying ReluVariableLevelScaler scaling to pl variables (['q', 't', 'u', 'v', 'z'])
[2026-04-18 13:52:29,154][anemoi.training.losses.scalers.variable_level][INFO] - with slope = 0.001 and y-intercept/minimum = 0.2.
[2026-04-18 13:52:29,883][anemoi.training.data.grid_indices][INFO] - The graph attribute indices_connected_nodes of the data nodes will be used to masking the spatial dimension.
[2026-04-18 13:52:29,886][anemoi.training.train.train][INFO] - The following submodules will NOT be trained: []
[2026-04-18 13:52:29,887][anemoi.training.train.train][INFO] - Resuming training from last checkpoint: /mnt/weatherloss/WindPower/training/EGU26/BigTransformer/checkpoint/BigTransformer/last.ckpt
[2026-04-18 13:52:30,550][lightning_fabric.utilities.distributed][INFO] - Initializing distributed: GLOBAL_RANK: 0, MEMBER: 1/2
[2026-04-18 13:55:55,855][pytorch_lightning.utilities.rank_zero][INFO] - ----------------------------------------------------------------------------------------------------
distributed_backend=nccl
All distributed processes registered. Starting with 2 processes
----------------------------------------------------------------------------------------------------

[2026-04-18 13:55:57,053][pytorch_lightning.utilities.rank_zero][INFO] - Restoring states from the checkpoint path at /mnt/weatherloss/WindPower/training/EGU26/BigTransformer/checkpoint/BigTransformer/last.ckpt
[2026-04-18 13:56:24,548][pytorch_lightning.accelerators.cuda][INFO] - LOCAL_RANK: 0 - CUDA_VISIBLE_DEVICES: [0,1]
[2026-04-18 13:56:26,793][lightning_fabric.utilities.seed][INFO] - [rank: 0] Seed set to 444000
[2026-04-18 13:57:03,761][pytorch_lightning.utilities.rank_zero][INFO] - Restored all states from the checkpoint at /mnt/weatherloss/WindPower/training/EGU26/BigTransformer/checkpoint/BigTransformer/last.ckpt
[2026-04-18 13:57:03,768][anemoi.training.data.dataset][INFO] - NativeGridDataset.set_group_info(): global_rank 0, model_comm_group_id 0, model_comm_group_rank 0, model_comm_num_groups 2, reader_group_rank 0
[2026-04-18 13:57:06,951][anemoi.training.data.dataset][INFO] - Worker 0 (pid 2800, global_rank 0, model comm group 0)  has low/high range 0 / 1658
[2026-04-18 13:57:06,952][anemoi.training.data.dataset][INFO] - Worker 0 (train, pid 2800, glob. rank 0, model comm group 0, group_rank 0, seed group id 0, base_seed 444000, sanity rnd 0.050479)
[2026-04-18 13:57:11,549][anemoi.training.data.dataset][INFO] - Worker 2 (pid 2946, global_rank 0, model comm group 0)  has low/high range 3316 / 4974
[2026-04-18 13:57:11,550][anemoi.training.data.dataset][INFO] - Worker 2 (train, pid 2946, glob. rank 0, model comm group 0, group_rank 0, seed group id 0, base_seed 444000, sanity rnd 0.050479)
[2026-04-18 13:57:20,547][anemoi.training.data.dataset][INFO] - Worker 1 (pid 2896, global_rank 0, model comm group 0)  has low/high range 1658 / 3316
[2026-04-18 13:57:23,448][anemoi.training.data.dataset][INFO] - Worker 3 (pid 3091, global_rank 0, model comm group 0)  has low/high range 4974 / 6632
[2026-04-18 13:57:23,450][anemoi.training.data.dataset][INFO] - Worker 3 (train, pid 3091, glob. rank 0, model comm group 0, group_rank 0, seed group id 0, base_seed 444000, sanity rnd 0.050479)
[2026-04-18 13:57:23,849][anemoi.training.data.dataset][INFO] - Worker 4 (pid 3235, global_rank 0, model comm group 0)  has low/high range 6632 / 8290
[2026-04-18 13:57:23,851][anemoi.training.data.dataset][INFO] - Worker 4 (train, pid 3235, glob. rank 0, model comm group 0, group_rank 0, seed group id 0, base_seed 444000, sanity rnd 0.050479)
[2026-04-18 13:57:24,250][anemoi.training.data.dataset][INFO] - Worker 1 (train, pid 2896, glob. rank 0, model comm group 0, group_rank 0, seed group id 0, base_seed 444000, sanity rnd 0.050479)
[2026-04-18 13:57:26,648][anemoi.training.data.dataset][INFO] - Worker 5 (pid 3334, global_rank 0, model comm group 0)  has low/high range 8290 / 9948
[2026-04-18 13:57:27,247][anemoi.training.data.dataset][INFO] - Worker 5 (train, pid 3334, glob. rank 0, model comm group 0, group_rank 0, seed group id 0, base_seed 444000, sanity rnd 0.050479)
[2026-04-18 13:57:32,050][anemoi.training.data.dataset][INFO] - Worker 6 (pid 3498, global_rank 0, model comm group 0)  has low/high range 9948 / 11606
[2026-04-18 13:57:32,052][anemoi.training.data.dataset][INFO] - Worker 6 (train, pid 3498, glob. rank 0, model comm group 0, group_rank 0, seed group id 0, base_seed 444000, sanity rnd 0.050479)
[2026-04-18 13:57:38,250][anemoi.training.data.dataset][INFO] - Worker 7 (pid 3554, global_rank 0, model comm group 0)  has low/high range 11606 / 13264
[2026-04-18 13:57:38,253][anemoi.training.data.dataset][INFO] - Worker 7 (train, pid 3554, glob. rank 0, model comm group 0, group_rank 0, seed group id 0, base_seed 444000, sanity rnd 0.050479)
[2026-04-18 13:57:49,249][anemoi.training.data.dataset][INFO] - NativeGridDataset.set_group_info(): global_rank 0, model_comm_group_id 0, model_comm_group_rank 0, model_comm_num_groups 2, reader_group_rank 0
[2026-04-18 13:57:49,250][anemoi.models.data_indices.collection][INFO] - The order of the variables in the model matches the order in the data.
