[2026-04-18 13:52:37,733][anemoi.training.train.train][INFO] - Skipping config validation.
[2026-04-18 13:52:37,733][anemoi.training.train.train][INFO] - Starting from checkpoint: True
[2026-04-18 13:52:37,733][anemoi.training.train.train][INFO] - Run id: BigTransformer
[2026-04-18 13:52:37,733][anemoi.training.train.train][INFO] - Checkpoints path: {'root': PosixPath('/mnt/weatherloss/WindPower/training/EGU26/BigTransformer/checkpoint/BigTransformer'), 'every_n_epochs': 'anemoi-by_epoch-epoch_{epoch:03d}-step_{step:06d}', 'every_n_train_steps': 'anemoi-by_step-epoch_{epoch:03d}-step_{step:06d}', 'every_n_minutes': 'anemoi-by_time-epoch_{epoch:03d}-step_{step:06d}'}
[2026-04-18 13:52:37,733][anemoi.training.train.train][INFO] - Plots path: /mnt/weatherloss/WindPower/training/EGU26/BigTransformer/plots/BigTransformer
[2026-04-18 13:52:38,190][anemoi.graphs.nodes.builders.from_file][INFO] - Reading the dataset from {'cutout': [{'dataset': '/mnt/weatherloss/WindPower/data/EGU26/Anemoidatasets/New_Cerra_A_large.zarr'}, {'dataset': '/mnt/weatherloss/WindPower/data/EGU26/Anemoidatasets/era5_A_large.zarr'}], 'min_distance_km': 0, 'adjust': 'all'}.
[2026-04-18 13:52:43,371][anemoi.graphs.generate.masks][INFO] - Fitting KNNAreaMaskBuilder with 72668 reference nodes from "data (cutout)".
[2026-04-18 13:53:39,957][anemoi.graphs.edges.builders.knn][INFO] - Using KNN-Edges (with 12 nearest neighbours) between data and hidden.
[2026-04-18 13:53:39,964][anemoi.graphs.edges.builders.base][WARNING] - The 'torch-cluster' library is not installed.
Installing 'torch-cluster' can significantly improve performance for graph creation.
You can install it using:
    TORCH_VERSION=$(python -c "import torch; print(torch.__version__)")
    pip install torch-cluster -f https://data.pyg.org/whl/torch-${TORCH_VERSION}.html

[2026-04-18 13:53:40,334][anemoi.graphs.edges.builders.cutoff][INFO] - Using CutOff-Edges (with radius = 15.0 km [direct]) between data and hidden.
[2026-04-18 13:53:40,335][anemoi.graphs.edges.builders.base][WARNING] - The 'torch-cluster' library is not installed.
Installing 'torch-cluster' can significantly improve performance for graph creation.
You can install it using:
    TORCH_VERSION=$(python -c "import torch; print(torch.__version__)")
    pip install torch-cluster -f https://data.pyg.org/whl/torch-${TORCH_VERSION}.html

[2026-04-18 13:55:36,248][anemoi.graphs.edges.builders.knn][INFO] - Using KNN-Edges (with 3 nearest neighbours) between hidden and data.
[2026-04-18 13:55:36,250][anemoi.graphs.edges.builders.base][WARNING] - The 'torch-cluster' library is not installed.
Installing 'torch-cluster' can significantly improve performance for graph creation.
You can install it using:
    TORCH_VERSION=$(python -c "import torch; print(torch.__version__)")
    pip install torch-cluster -f https://data.pyg.org/whl/torch-${TORCH_VERSION}.html

[2026-04-18 13:55:37,024][anemoi.graphs.create][INFO] - Cleaning graph.
[2026-04-18 13:55:37,024][anemoi.graphs.create][INFO] - _grid_reference_distance deleted from graph.
[2026-04-18 13:55:37,024][anemoi.graphs.create][INFO] - _dataset deleted from graph.
[2026-04-18 13:55:37,024][anemoi.graphs.create][INFO] - _grid_reference_distance deleted from graph.
[2026-04-18 13:55:37,024][anemoi.graphs.create][INFO] - _area_mask_builder deleted from graph.
[2026-04-18 13:55:37,025][anemoi.graphs.create][INFO] - _node_ordering deleted from graph.
[2026-04-18 13:55:37,025][anemoi.graphs.create][INFO] - _nx_graph deleted from graph.
[2026-04-18 13:55:37,025][anemoi.graphs.create][INFO] - _resolutions deleted from graph.
[2026-04-18 13:55:37,147][anemoi.graphs.processors.post_process][INFO] - Removing 120985 edges from ('data', 'to', 'hidden').
[2026-04-18 13:55:38,147][anemoi.graphs.processors.post_process][INFO] - Recomputing edge attribute edge_length.
[2026-04-18 13:55:38,547][anemoi.graphs.processors.post_process][INFO] - Recomputing edge attribute edge_dirs.
[2026-04-18 13:55:38,947][anemoi.graphs.processors.post_process][INFO] - Removing 4649 nodes from data.
[2026-04-18 13:55:42,152][anemoi.graphs.processors.post_process][INFO] - An attribute indices_connected_nodes has been added with the indices to mask the nodes from the original graph.
[2026-04-18 13:55:42,755][anemoi.graphs.create][INFO] - Graph saved at /mnt/weatherloss/WindPower/graphs/EGU26/EGUgraph15km.pt.
[2026-04-18 13:55:43,681][anemoi.training.data.datamodule][INFO] - Timeincrement set to 1 for data with frequency, 10800, and timestep, 10800
[2026-04-18 13:55:43,683][anemoi.training.data.grid_indices][INFO] - The graph attribute indices_connected_nodes of the data nodes will be used to masking the spatial dimension.
[2026-04-18 13:55:43,684][anemoi.training.train.train][INFO] - Number of data variables: 67
[2026-04-18 13:55:43,685][anemoi.training.train.train][INFO] - Variables: ['cos_julian_day', 'cos_latitude', 'cos_longitude', 'insolation', 'lsm', 'mcc', 'msl', 'q_1000', 'q_500', 'q_600', 'q_700', 'q_750', 'q_800', 'q_850', 'q_900', 'q_950', 'sin_julian_day', 'sin_latitude', 'sin_longitude', 't2m', 't_1000', 't_500', 't_600', 't_700', 't_750', 't_800', 't_850', 't_900', 't_950', 'u_1000', 'u_500', 'u_600', 'u_700', 'u_750', 'u_800', 'u_850', 'u_900', 'u_950', 'v_1000', 'v_500', 'v_600', 'v_700', 'v_750', 'v_800', 'v_850', 'v_900', 'v_950', 'wdir100_cos', 'wdir100_sin', 'wdir10_cos', 'wdir10_sin', 'ws10', 'ws100', 'z_1000', 'z_500', 'z_600', 'z_700', 'z_750', 'z_800', 'z_850', 'z_900', 'z_950', 'z_sfc', 'power', 'capacity', 'turbinecount', 'turbinemask']
[2026-04-18 13:55:43,685][anemoi.training.train.train][INFO] - Total number of prognostic variables: 55
[2026-04-18 13:55:43,686][anemoi.training.train.train][INFO] - Total number of auxiliary variables: 12
[2026-04-18 13:55:43,686][anemoi.training.train.train][INFO] - Total GPU count / model group size: 2 - NB: the learning rate will be scaled by this factor!
[2026-04-18 13:55:43,687][anemoi.training.train.train][INFO] - Effective learning rate: 1.280e-05
[2026-04-18 13:55:43,687][anemoi.training.train.train][INFO] - Training limits: max_epochs=40, max_steps=210000. Training will stop when either limit is reached first. Learning rate scheduler will run for 10000 steps.
[2026-04-18 13:55:43,717][anemoi.models.migrations.migrator][INFO] - Loading migration 1755530253_initial
[2026-04-18 13:55:43,717][anemoi.models.migrations.migrator][INFO] - Loading migration 1762857427_deprecate_eda
[2026-04-18 13:55:43,717][anemoi.models.migrations.migrator][INFO] - Loading migration 1762857428_chunking_fix
[2026-04-18 13:55:43,717][anemoi.models.migrations.migrator][INFO] - Loading migration 1763479917_hardware_schema_update
[2026-04-18 13:55:44,210][anemoi.training.train.train][INFO] - TensorBoard logger enabled
[2026-04-18 13:55:44,287][anemoi.training.train.train][INFO] - Initial seed: Rank 1, initial seed 444000, running with random seed: 444000
[2026-04-18 13:55:46,611][anemoi.models.preprocessing.imputer][WARNING] - If placement of NaNs for diagnostic variables in inference output is desired, this needs to be handled by postprocessors: power
[2026-04-18 13:55:46,611][anemoi.models.preprocessing.imputer][INFO] - Imputer: replacing NaNs in power with value 0.0
[2026-04-18 13:55:46,611][anemoi.models.preprocessing.imputer][INFO] - Imputer: replacing NaNs in capacity with value 0.0
[2026-04-18 13:55:46,611][anemoi.models.preprocessing.imputer][INFO] - Imputer: replacing NaNs in turbinecount with value 0.0
[2026-04-18 13:55:46,611][anemoi.models.preprocessing.imputer][INFO] - Imputer: replacing NaNs in turbinemask with value 0.0
[2026-04-18 13:55:46,615][anemoi.models.preprocessing.normalizer][INFO] - Normalizing: cos_latitude is not normalized.
[2026-04-18 13:55:46,616][anemoi.models.preprocessing.normalizer][INFO] - Normalizing: cos_longitude is not normalized.
[2026-04-18 13:55:46,616][anemoi.models.preprocessing.normalizer][INFO] - Normalizing: lsm is not normalized.
[2026-04-18 13:55:46,616][anemoi.models.preprocessing.normalizer][INFO] - Normalizing: mcc is not normalized.
[2026-04-18 13:55:46,616][anemoi.models.preprocessing.normalizer][INFO] - Normalizing: sin_latitude is not normalized.
[2026-04-18 13:55:46,616][anemoi.models.preprocessing.normalizer][INFO] - Normalizing: sin_longitude is not normalized.
[2026-04-18 13:55:46,616][anemoi.models.preprocessing.normalizer][INFO] - Normalizing: turbinemask is not normalized.
[2026-04-18 13:55:47,252][anemoi.models.layers.utils][INFO] - Linear kernel: torch.nn.Linear.
[2026-04-18 13:55:47,253][anemoi.models.layers.utils][INFO] - LayerNorm kernel: torch.nn.LayerNorm.
[2026-04-18 13:55:47,254][anemoi.models.layers.utils][INFO] - Activation kernel: torch.nn.GELU.
[2026-04-18 13:55:47,256][anemoi.models.layers.utils][INFO] - QueryNorm kernel: anemoi.models.layers.normalization.AutocastLayerNorm.
[2026-04-18 13:55:47,257][anemoi.models.layers.utils][INFO] - KeyNorm kernel: anemoi.models.layers.normalization.AutocastLayerNorm.
[2026-04-18 13:55:48,273][anemoi.models.layers.block][INFO] - GraphTransformerMapperBlock using triton graph attention backend.
[2026-04-18 13:55:48,286][anemoi.models.layers.utils][INFO] - Linear kernel: torch.nn.Linear.
[2026-04-18 13:55:48,287][anemoi.models.layers.utils][INFO] - LayerNorm kernel: torch.nn.LayerNorm.
[2026-04-18 13:55:48,288][anemoi.models.layers.utils][INFO] - Activation kernel: torch.nn.GELU.
[2026-04-18 13:55:48,289][anemoi.models.layers.utils][INFO] - QueryNorm kernel: anemoi.models.layers.normalization.AutocastLayerNorm.
[2026-04-18 13:55:48,292][anemoi.models.layers.utils][INFO] - KeyNorm kernel: anemoi.models.layers.normalization.AutocastLayerNorm.
[2026-04-18 13:55:48,565][anemoi.models.layers.attention][INFO] - Using flash attention v2
[2026-04-18 13:55:48,593][anemoi.models.layers.attention][INFO] - Using flash attention v2
[2026-04-18 13:55:48,615][anemoi.models.layers.attention][INFO] - Using flash attention v2
[2026-04-18 13:55:48,638][anemoi.models.layers.attention][INFO] - Using flash attention v2
[2026-04-18 13:55:48,671][anemoi.models.layers.attention][INFO] - Using flash attention v2
[2026-04-18 13:55:48,691][anemoi.models.layers.attention][INFO] - Using flash attention v2
[2026-04-18 13:55:48,710][anemoi.models.layers.attention][INFO] - Using flash attention v2
[2026-04-18 13:55:48,731][anemoi.models.layers.attention][INFO] - Using flash attention v2
[2026-04-18 13:55:48,760][anemoi.models.layers.attention][INFO] - Using flash attention v2
[2026-04-18 13:55:48,781][anemoi.models.layers.attention][INFO] - Using flash attention v2
[2026-04-18 13:55:48,810][anemoi.models.layers.attention][INFO] - Using flash attention v2
[2026-04-18 13:55:48,851][anemoi.models.layers.attention][INFO] - Using flash attention v2
[2026-04-18 13:55:48,884][anemoi.models.layers.utils][INFO] - Linear kernel: torch.nn.Linear.
[2026-04-18 13:55:48,884][anemoi.models.layers.utils][INFO] - LayerNorm kernel: torch.nn.LayerNorm.
[2026-04-18 13:55:48,885][anemoi.models.layers.utils][INFO] - Activation kernel: torch.nn.GELU.
[2026-04-18 13:55:48,886][anemoi.models.layers.utils][INFO] - QueryNorm kernel: anemoi.models.layers.normalization.AutocastLayerNorm.
[2026-04-18 13:55:48,886][anemoi.models.layers.utils][INFO] - KeyNorm kernel: anemoi.models.layers.normalization.AutocastLayerNorm.
[2026-04-18 13:55:50,051][anemoi.models.layers.block][INFO] - GraphTransformerMapperBlock using triton graph attention backend.
[2026-04-18 13:55:52,589][anemoi.training.losses.scalers.variable_level][INFO] - Variable Level Scaling: Applying ReluVariableLevelScaler scaling to pl variables (['q', 't', 'u', 'v', 'z'])
[2026-04-18 13:55:52,589][anemoi.training.losses.scalers.variable_level][INFO] - with slope = 0.001 and y-intercept/minimum = 0.2.
[2026-04-18 13:55:53,324][anemoi.training.data.grid_indices][INFO] - The graph attribute indices_connected_nodes of the data nodes will be used to masking the spatial dimension.
[2026-04-18 13:55:53,326][anemoi.training.train.train][INFO] - The following submodules will NOT be trained: []
[2026-04-18 13:55:53,327][anemoi.training.train.train][INFO] - Resuming training from last checkpoint: /mnt/weatherloss/WindPower/training/EGU26/BigTransformer/checkpoint/BigTransformer/last.ckpt
[2026-04-18 13:57:03,769][anemoi.training.data.dataset][INFO] - NativeGridDataset.set_group_info(): global_rank 1, model_comm_group_id 1, model_comm_group_rank 0, model_comm_num_groups 2, reader_group_rank 0
[2026-04-18 13:57:06,350][anemoi.training.data.dataset][INFO] - Worker 0 (pid 2799, global_rank 1, model comm group 1)  has low/high range 13265 / 14923
[2026-04-18 13:57:06,352][anemoi.training.data.dataset][INFO] - Worker 0 (train, pid 2799, glob. rank 1, model comm group 1, group_rank 0, seed group id 1, base_seed 444000, sanity rnd 0.050479)
[2026-04-18 13:57:12,047][anemoi.training.data.dataset][INFO] - Worker 1 (pid 2895, global_rank 1, model comm group 1)  has low/high range 14923 / 16581
[2026-04-18 13:57:12,848][anemoi.training.data.dataset][INFO] - Worker 1 (train, pid 2895, glob. rank 1, model comm group 1, group_rank 0, seed group id 1, base_seed 444000, sanity rnd 0.050479)
[2026-04-18 13:57:14,547][anemoi.training.data.dataset][INFO] - Worker 2 (pid 2996, global_rank 1, model comm group 1)  has low/high range 16581 / 18239
[2026-04-18 13:57:21,753][anemoi.training.data.dataset][INFO] - Worker 6 (pid 3383, global_rank 1, model comm group 1)  has low/high range 23213 / 24871
[2026-04-18 13:57:22,247][anemoi.training.data.dataset][INFO] - Worker 6 (train, pid 3383, glob. rank 1, model comm group 1, group_rank 0, seed group id 1, base_seed 444000, sanity rnd 0.050479)
[2026-04-18 13:57:22,950][anemoi.training.data.dataset][INFO] - Worker 5 (pid 3236, global_rank 1, model comm group 1)  has low/high range 21555 / 23213
[2026-04-18 13:57:22,952][anemoi.training.data.dataset][INFO] - Worker 5 (train, pid 3236, glob. rank 1, model comm group 1, group_rank 0, seed group id 1, base_seed 444000, sanity rnd 0.050479)
[2026-04-18 13:57:23,349][anemoi.training.data.dataset][INFO] - Worker 4 (pid 3187, global_rank 1, model comm group 1)  has low/high range 19897 / 21555
[2026-04-18 13:57:25,147][anemoi.training.data.dataset][INFO] - Worker 3 (pid 3092, global_rank 1, model comm group 1)  has low/high range 18239 / 19897
[2026-04-18 13:57:15,248][anemoi.training.data.dataset][INFO] - Worker 2 (train, pid 2996, glob. rank 1, model comm group 1, group_rank 0, seed group id 1, base_seed 444000, sanity rnd 0.050479)
[2026-04-18 13:57:25,451][anemoi.training.data.dataset][INFO] - Worker 4 (train, pid 3187, glob. rank 1, model comm group 1, group_rank 0, seed group id 1, base_seed 444000, sanity rnd 0.050479)
[2026-04-18 13:57:26,347][anemoi.training.data.dataset][INFO] - Worker 3 (train, pid 3092, glob. rank 1, model comm group 1, group_rank 0, seed group id 1, base_seed 444000, sanity rnd 0.050479)
[2026-04-18 13:57:29,549][anemoi.training.data.dataset][INFO] - Worker 7 (pid 3435, global_rank 1, model comm group 1)  has low/high range 24871 / 26529
[2026-04-18 13:57:29,551][anemoi.training.data.dataset][INFO] - Worker 7 (train, pid 3435, glob. rank 1, model comm group 1, group_rank 0, seed group id 1, base_seed 444000, sanity rnd 0.050479)
[2026-04-18 13:57:49,249][anemoi.training.data.dataset][INFO] - NativeGridDataset.set_group_info(): global_rank 1, model_comm_group_id 1, model_comm_group_rank 0, model_comm_num_groups 2, reader_group_rank 0
[2026-04-18 13:57:49,251][anemoi.models.data_indices.collection][INFO] - The order of the variables in the model matches the order in the data.
