[2026-04-15 21:32:50,123][anemoi.training.train.train][INFO] - Skipping config validation.
[2026-04-15 21:32:50,123][anemoi.training.train.train][INFO] - Starting from checkpoint: True
[2026-04-15 21:32:50,124][anemoi.training.train.train][INFO] - Run id: BigTransformer
[2026-04-15 21:32:50,124][anemoi.training.train.train][INFO] - Checkpoints path: {'root': PosixPath('/mnt/weatherloss/WindPower/training/EGU26/BigTransformer/checkpoint/BigTransformer'), 'every_n_epochs': 'anemoi-by_epoch-epoch_{epoch:03d}-step_{step:06d}', 'every_n_train_steps': 'anemoi-by_step-epoch_{epoch:03d}-step_{step:06d}', 'every_n_minutes': 'anemoi-by_time-epoch_{epoch:03d}-step_{step:06d}'}
[2026-04-15 21:32:50,124][anemoi.training.train.train][INFO] - Plots path: /mnt/weatherloss/WindPower/training/EGU26/BigTransformer/plots/BigTransformer
[2026-04-15 21:32:50,753][anemoi.graphs.nodes.builders.from_file][INFO] - Reading the dataset from {'cutout': [{'dataset': '/mnt/weatherloss/WindPower/data/EGU26/Anemoidatasets/New_Cerra_A_large.zarr'}, {'dataset': '/mnt/weatherloss/WindPower/data/EGU26/Anemoidatasets/era5_A_large.zarr'}], 'min_distance_km': 0, 'adjust': 'all'}.
[2026-04-15 21:32:53,420][anemoi.graphs.generate.masks][INFO] - Fitting KNNAreaMaskBuilder with 72668 reference nodes from "data (cutout)".
[2026-04-15 21:33:11,704][anemoi.graphs.edges.builders.knn][INFO] - Using KNN-Edges (with 12 nearest neighbours) between data and hidden.
[2026-04-15 21:33:11,712][anemoi.graphs.edges.builders.base][WARNING] - The 'torch-cluster' library is not installed.
Installing 'torch-cluster' can significantly improve performance for graph creation.
You can install it using:
    TORCH_VERSION=$(python -c "import torch; print(torch.__version__)")
    pip install torch-cluster -f https://data.pyg.org/whl/torch-${TORCH_VERSION}.html

[2026-04-15 21:33:11,887][anemoi.graphs.edges.builders.cutoff][INFO] - Using CutOff-Edges (with radius = 15.0 km [direct]) between data and hidden.
[2026-04-15 21:33:11,888][anemoi.graphs.edges.builders.base][WARNING] - The 'torch-cluster' library is not installed.
Installing 'torch-cluster' can significantly improve performance for graph creation.
You can install it using:
    TORCH_VERSION=$(python -c "import torch; print(torch.__version__)")
    pip install torch-cluster -f https://data.pyg.org/whl/torch-${TORCH_VERSION}.html

[2026-04-15 21:34:02,104][anemoi.graphs.edges.builders.knn][INFO] - Using KNN-Edges (with 3 nearest neighbours) between hidden and data.
[2026-04-15 21:34:02,105][anemoi.graphs.edges.builders.base][WARNING] - The 'torch-cluster' library is not installed.
Installing 'torch-cluster' can significantly improve performance for graph creation.
You can install it using:
    TORCH_VERSION=$(python -c "import torch; print(torch.__version__)")
    pip install torch-cluster -f https://data.pyg.org/whl/torch-${TORCH_VERSION}.html

[2026-04-15 21:34:02,337][anemoi.graphs.create][INFO] - Cleaning graph.
[2026-04-15 21:34:02,338][anemoi.graphs.create][INFO] - _grid_reference_distance deleted from graph.
[2026-04-15 21:34:02,338][anemoi.graphs.create][INFO] - _dataset deleted from graph.
[2026-04-15 21:34:02,338][anemoi.graphs.create][INFO] - _grid_reference_distance deleted from graph.
[2026-04-15 21:34:02,338][anemoi.graphs.create][INFO] - _resolutions deleted from graph.
[2026-04-15 21:34:02,338][anemoi.graphs.create][INFO] - _area_mask_builder deleted from graph.
[2026-04-15 21:34:02,338][anemoi.graphs.create][INFO] - _node_ordering deleted from graph.
[2026-04-15 21:34:02,338][anemoi.graphs.create][INFO] - _nx_graph deleted from graph.
[2026-04-15 21:34:02,342][anemoi.graphs.processors.post_process][INFO] - Removing 120985 edges from ('data', 'to', 'hidden').
[2026-04-15 21:34:02,345][anemoi.graphs.processors.post_process][INFO] - Recomputing edge attribute edge_length.
[2026-04-15 21:34:02,347][anemoi.graphs.processors.post_process][INFO] - Recomputing edge attribute edge_dirs.
[2026-04-15 21:34:02,369][anemoi.graphs.processors.post_process][INFO] - Removing 4649 nodes from data.
[2026-04-15 21:34:03,583][anemoi.graphs.processors.post_process][INFO] - An attribute indices_connected_nodes has been added with the indices to mask the nodes from the original graph.
[2026-04-15 21:34:03,672][anemoi.graphs.create][INFO] - Graph saved at /mnt/weatherloss/WindPower/graphs/EGU26/EGUgraph15km.pt.
[2026-04-15 21:34:04,479][anemoi.training.data.datamodule][WARNING] - Falling back rollout to: 1
[2026-04-15 21:34:04,480][anemoi.training.data.datamodule][INFO] - Timeincrement set to 1 for data with frequency, 10800, and timestep, 10800
[2026-04-15 21:34:04,481][anemoi.training.data.grid_indices][INFO] - The graph attribute indices_connected_nodes of the data nodes will be used to masking the spatial dimension.
[2026-04-15 21:34:04,482][anemoi.training.train.train][INFO] - Number of data variables: 67
[2026-04-15 21:34:04,483][anemoi.training.train.train][INFO] - Variables: ['cos_julian_day', 'cos_latitude', 'cos_longitude', 'insolation', 'lsm', 'mcc', 'msl', 'q_1000', 'q_500', 'q_600', 'q_700', 'q_750', 'q_800', 'q_850', 'q_900', 'q_950', 'sin_julian_day', 'sin_latitude', 'sin_longitude', 't2m', 't_1000', 't_500', 't_600', 't_700', 't_750', 't_800', 't_850', 't_900', 't_950', 'u_1000', 'u_500', 'u_600', 'u_700', 'u_750', 'u_800', 'u_850', 'u_900', 'u_950', 'v_1000', 'v_500', 'v_600', 'v_700', 'v_750', 'v_800', 'v_850', 'v_900', 'v_950', 'wdir100_cos', 'wdir100_sin', 'wdir10_cos', 'wdir10_sin', 'ws10', 'ws100', 'z_1000', 'z_500', 'z_600', 'z_700', 'z_750', 'z_800', 'z_850', 'z_900', 'z_950', 'z_sfc', 'power', 'capacity', 'turbinecount', 'turbinemask']
[2026-04-15 21:34:04,483][anemoi.training.train.train][INFO] - Total number of prognostic variables: 55
[2026-04-15 21:34:04,483][anemoi.training.train.train][INFO] - Total number of auxiliary variables: 12
[2026-04-15 21:34:04,483][anemoi.training.train.train][INFO] - Total GPU count / model group size: 2 - NB: the learning rate will be scaled by this factor!
[2026-04-15 21:34:04,483][anemoi.training.train.train][INFO] - Effective learning rate: 2.500e-04
[2026-04-15 21:34:04,483][anemoi.training.train.train][INFO] - Training limits: max_epochs=30, max_steps=200000. Training will stop when either limit is reached first. Learning rate scheduler will run for 200000 steps.
[2026-04-15 21:34:04,513][anemoi.models.migrations.migrator][INFO] - Loading migration 1755530253_initial
[2026-04-15 21:34:04,514][anemoi.models.migrations.migrator][INFO] - Loading migration 1762857427_deprecate_eda
[2026-04-15 21:34:04,514][anemoi.models.migrations.migrator][INFO] - Loading migration 1762857428_chunking_fix
[2026-04-15 21:34:04,514][anemoi.models.migrations.migrator][INFO] - Loading migration 1763479917_hardware_schema_update
[2026-04-15 21:34:04,912][anemoi.training.train.train][INFO] - TensorBoard logger enabled
[2026-04-15 21:34:04,986][anemoi.training.train.train][INFO] - Initial seed: Rank 1, initial seed 323389, running with random seed: 323389
[2026-04-15 21:34:06,988][anemoi.models.preprocessing.imputer][WARNING] - If placement of NaNs for diagnostic variables in inference output is desired, this needs to be handled by postprocessors: power
[2026-04-15 21:34:06,988][anemoi.models.preprocessing.imputer][INFO] - Imputer: replacing NaNs in power with value 0.0
[2026-04-15 21:34:06,988][anemoi.models.preprocessing.imputer][INFO] - Imputer: replacing NaNs in capacity with value 0.0
[2026-04-15 21:34:06,988][anemoi.models.preprocessing.imputer][INFO] - Imputer: replacing NaNs in turbinecount with value 0.0
[2026-04-15 21:34:06,988][anemoi.models.preprocessing.imputer][INFO] - Imputer: replacing NaNs in turbinemask with value 0.0
[2026-04-15 21:34:06,992][anemoi.models.preprocessing.normalizer][INFO] - Normalizing: cos_latitude is not normalized.
[2026-04-15 21:34:06,992][anemoi.models.preprocessing.normalizer][INFO] - Normalizing: cos_longitude is not normalized.
[2026-04-15 21:34:06,992][anemoi.models.preprocessing.normalizer][INFO] - Normalizing: lsm is not normalized.
[2026-04-15 21:34:06,992][anemoi.models.preprocessing.normalizer][INFO] - Normalizing: mcc is not normalized.
[2026-04-15 21:34:06,992][anemoi.models.preprocessing.normalizer][INFO] - Normalizing: sin_latitude is not normalized.
[2026-04-15 21:34:06,992][anemoi.models.preprocessing.normalizer][INFO] - Normalizing: sin_longitude is not normalized.
[2026-04-15 21:34:06,992][anemoi.models.preprocessing.normalizer][INFO] - Normalizing: turbinemask is not normalized.
[2026-04-15 21:34:07,573][anemoi.models.layers.utils][INFO] - Linear kernel: torch.nn.Linear.
[2026-04-15 21:34:07,574][anemoi.models.layers.utils][INFO] - LayerNorm kernel: torch.nn.LayerNorm.
[2026-04-15 21:34:07,574][anemoi.models.layers.utils][INFO] - Activation kernel: torch.nn.GELU.
[2026-04-15 21:34:07,575][anemoi.models.layers.utils][INFO] - QueryNorm kernel: anemoi.models.layers.normalization.AutocastLayerNorm.
[2026-04-15 21:34:07,576][anemoi.models.layers.utils][INFO] - KeyNorm kernel: anemoi.models.layers.normalization.AutocastLayerNorm.
[2026-04-15 21:34:07,788][anemoi.models.layers.block][INFO] - GraphTransformerMapperBlock using triton graph attention backend.
[2026-04-15 21:34:07,794][anemoi.models.layers.utils][INFO] - Linear kernel: torch.nn.Linear.
[2026-04-15 21:34:07,795][anemoi.models.layers.utils][INFO] - LayerNorm kernel: torch.nn.LayerNorm.
[2026-04-15 21:34:07,795][anemoi.models.layers.utils][INFO] - Activation kernel: torch.nn.GELU.
[2026-04-15 21:34:07,796][anemoi.models.layers.utils][INFO] - QueryNorm kernel: anemoi.models.layers.normalization.AutocastLayerNorm.
[2026-04-15 21:34:07,798][anemoi.models.layers.utils][INFO] - KeyNorm kernel: anemoi.models.layers.normalization.AutocastLayerNorm.
[2026-04-15 21:34:07,962][anemoi.models.layers.attention][INFO] - Using flash attention v2
[2026-04-15 21:34:07,984][anemoi.models.layers.attention][INFO] - Using flash attention v2
[2026-04-15 21:34:08,006][anemoi.models.layers.attention][INFO] - Using flash attention v2
[2026-04-15 21:34:08,026][anemoi.models.layers.attention][INFO] - Using flash attention v2
[2026-04-15 21:34:08,046][anemoi.models.layers.attention][INFO] - Using flash attention v2
[2026-04-15 21:34:08,069][anemoi.models.layers.attention][INFO] - Using flash attention v2
[2026-04-15 21:34:08,091][anemoi.models.layers.attention][INFO] - Using flash attention v2
[2026-04-15 21:34:08,111][anemoi.models.layers.attention][INFO] - Using flash attention v2
[2026-04-15 21:34:08,131][anemoi.models.layers.attention][INFO] - Using flash attention v2
[2026-04-15 21:34:08,150][anemoi.models.layers.attention][INFO] - Using flash attention v2
[2026-04-15 21:34:08,176][anemoi.models.layers.attention][INFO] - Using flash attention v2
[2026-04-15 21:34:08,205][anemoi.models.layers.attention][INFO] - Using flash attention v2
[2026-04-15 21:34:08,237][anemoi.models.layers.utils][INFO] - Linear kernel: torch.nn.Linear.
[2026-04-15 21:34:08,237][anemoi.models.layers.utils][INFO] - LayerNorm kernel: torch.nn.LayerNorm.
[2026-04-15 21:34:08,238][anemoi.models.layers.utils][INFO] - Activation kernel: torch.nn.GELU.
[2026-04-15 21:34:08,239][anemoi.models.layers.utils][INFO] - QueryNorm kernel: anemoi.models.layers.normalization.AutocastLayerNorm.
[2026-04-15 21:34:08,239][anemoi.models.layers.utils][INFO] - KeyNorm kernel: anemoi.models.layers.normalization.AutocastLayerNorm.
[2026-04-15 21:34:08,292][anemoi.models.layers.block][INFO] - GraphTransformerMapperBlock using triton graph attention backend.
[2026-04-15 21:34:08,444][anemoi.training.losses.scalers.variable_level][INFO] - Variable Level Scaling: Applying ReluVariableLevelScaler scaling to pl variables (['q', 't', 'u', 'v', 'z'])
[2026-04-15 21:34:08,444][anemoi.training.losses.scalers.variable_level][INFO] - with slope = 0.001 and y-intercept/minimum = 0.2.
[2026-04-15 21:34:08,572][anemoi.training.data.grid_indices][INFO] - The graph attribute indices_connected_nodes of the data nodes will be used to masking the spatial dimension.
[2026-04-15 21:34:08,574][anemoi.training.train.train][INFO] - The following submodules will NOT be trained: []
[2026-04-15 21:34:08,575][anemoi.training.train.train][INFO] - Resuming training from last checkpoint: /mnt/weatherloss/WindPower/training/EGU26/BigTransformer/checkpoint/BigTransformer/last.ckpt
[2026-04-15 21:34:43,349][anemoi.training.data.dataset][INFO] - NativeGridDataset.set_group_info(): global_rank 1, model_comm_group_id 1, model_comm_group_rank 0, model_comm_num_groups 2, reader_group_rank 0
[2026-04-15 21:34:43,865][anemoi.training.data.dataset][INFO] - Worker 0 (pid 1060987, global_rank 1, model comm group 1)  has low/high range 13271 / 14929
[2026-04-15 21:34:43,868][anemoi.training.data.dataset][INFO] - Worker 0 (train, pid 1060987, glob. rank 1, model comm group 1, group_rank 0, seed group id 1, base_seed 323389, sanity rnd 0.265215)
[2026-04-15 21:34:43,971][anemoi.training.data.dataset][INFO] - Worker 1 (pid 1061086, global_rank 1, model comm group 1)  has low/high range 14929 / 16587
[2026-04-15 21:34:43,973][anemoi.training.data.dataset][INFO] - Worker 1 (train, pid 1061086, glob. rank 1, model comm group 1, group_rank 0, seed group id 1, base_seed 323389, sanity rnd 0.265215)
[2026-04-15 21:34:44,764][anemoi.training.data.dataset][INFO] - Worker 2 (pid 1061182, global_rank 1, model comm group 1)  has low/high range 16587 / 18245
[2026-04-15 21:34:44,768][anemoi.training.data.dataset][INFO] - Worker 2 (train, pid 1061182, glob. rank 1, model comm group 1, group_rank 0, seed group id 1, base_seed 323389, sanity rnd 0.265215)
[2026-04-15 21:34:45,272][anemoi.training.data.dataset][INFO] - Worker 3 (pid 1061283, global_rank 1, model comm group 1)  has low/high range 18245 / 19903
[2026-04-15 21:34:45,366][anemoi.training.data.dataset][INFO] - Worker 3 (train, pid 1061283, glob. rank 1, model comm group 1, group_rank 0, seed group id 1, base_seed 323389, sanity rnd 0.265215)
[2026-04-15 21:34:45,769][anemoi.training.data.dataset][INFO] - Worker 4 (pid 1061381, global_rank 1, model comm group 1)  has low/high range 19903 / 21561
[2026-04-15 21:34:45,771][anemoi.training.data.dataset][INFO] - Worker 4 (train, pid 1061381, glob. rank 1, model comm group 1, group_rank 0, seed group id 1, base_seed 323389, sanity rnd 0.265215)
[2026-04-15 21:34:46,465][anemoi.training.data.dataset][INFO] - Worker 5 (pid 1061477, global_rank 1, model comm group 1)  has low/high range 21561 / 23219
[2026-04-15 21:34:46,467][anemoi.training.data.dataset][INFO] - Worker 5 (train, pid 1061477, glob. rank 1, model comm group 1, group_rank 0, seed group id 1, base_seed 323389, sanity rnd 0.265215)
[2026-04-15 21:34:46,880][anemoi.training.data.dataset][INFO] - Worker 6 (pid 1061578, global_rank 1, model comm group 1)  has low/high range 23219 / 24877
[2026-04-15 21:34:46,965][anemoi.training.data.dataset][INFO] - Worker 6 (train, pid 1061578, glob. rank 1, model comm group 1, group_rank 0, seed group id 1, base_seed 323389, sanity rnd 0.265215)
[2026-04-15 21:34:47,469][anemoi.training.data.dataset][INFO] - Worker 7 (pid 1061674, global_rank 1, model comm group 1)  has low/high range 24877 / 26535
[2026-04-15 21:34:47,565][anemoi.training.data.dataset][INFO] - Worker 7 (train, pid 1061674, glob. rank 1, model comm group 1, group_rank 0, seed group id 1, base_seed 323389, sanity rnd 0.265215)
[2026-04-15 21:34:51,505][anemoi.training.data.datamodule][WARNING] - Falling back rollout to: 1
[2026-04-15 21:34:51,551][anemoi.training.data.dataset][INFO] - NativeGridDataset.set_group_info(): global_rank 1, model_comm_group_id 1, model_comm_group_rank 0, model_comm_num_groups 2, reader_group_rank 0
[2026-04-15 21:34:51,553][anemoi.models.data_indices.collection][INFO] - The order of the variables in the model matches the order in the data.
[2026-04-15 23:34:46,266][anemoi.training.data.dataset][INFO] - Worker 0 (pid 1110223, global_rank 1, model comm group 1)  has low/high range 727 / 817
[2026-04-15 23:34:46,366][anemoi.training.data.dataset][INFO] - Worker 0 (validation, pid 1110223, glob. rank 1, model comm group 1, group_rank 0, seed group id 1, base_seed 323389, sanity rnd 0.265215)
[2026-04-15 23:34:46,970][anemoi.training.data.dataset][INFO] - Worker 1 (pid 1110312, global_rank 1, model comm group 1)  has low/high range 817 / 907
[2026-04-15 23:34:46,972][anemoi.training.data.dataset][INFO] - Worker 1 (validation, pid 1110312, glob. rank 1, model comm group 1, group_rank 0, seed group id 1, base_seed 323389, sanity rnd 0.265215)
[2026-04-15 23:34:47,469][anemoi.training.data.dataset][INFO] - Worker 2 (pid 1110382, global_rank 1, model comm group 1)  has low/high range 907 / 997
[2026-04-15 23:34:47,472][anemoi.training.data.dataset][INFO] - Worker 2 (validation, pid 1110382, glob. rank 1, model comm group 1, group_rank 0, seed group id 1, base_seed 323389, sanity rnd 0.265215)
[2026-04-15 23:34:47,868][anemoi.training.data.dataset][INFO] - Worker 3 (pid 1110517, global_rank 1, model comm group 1)  has low/high range 997 / 1087
[2026-04-15 23:34:47,964][anemoi.training.data.dataset][INFO] - Worker 3 (validation, pid 1110517, glob. rank 1, model comm group 1, group_rank 0, seed group id 1, base_seed 323389, sanity rnd 0.265215)
[2026-04-15 23:34:48,474][anemoi.training.data.dataset][INFO] - Worker 4 (pid 1110613, global_rank 1, model comm group 1)  has low/high range 1087 / 1177
[2026-04-15 23:34:48,568][anemoi.training.data.dataset][INFO] - Worker 4 (validation, pid 1110613, glob. rank 1, model comm group 1, group_rank 0, seed group id 1, base_seed 323389, sanity rnd 0.265215)
[2026-04-15 23:34:49,071][anemoi.training.data.dataset][INFO] - Worker 5 (pid 1110712, global_rank 1, model comm group 1)  has low/high range 1177 / 1267
[2026-04-15 23:34:49,164][anemoi.training.data.dataset][INFO] - Worker 5 (validation, pid 1110712, glob. rank 1, model comm group 1, group_rank 0, seed group id 1, base_seed 323389, sanity rnd 0.265215)
[2026-04-15 23:34:49,667][anemoi.training.data.dataset][INFO] - Worker 6 (pid 1110808, global_rank 1, model comm group 1)  has low/high range 1267 / 1357
[2026-04-15 23:34:49,669][anemoi.training.data.dataset][INFO] - Worker 6 (validation, pid 1110808, glob. rank 1, model comm group 1, group_rank 0, seed group id 1, base_seed 323389, sanity rnd 0.265215)
[2026-04-15 23:34:50,267][anemoi.training.data.dataset][INFO] - Worker 7 (pid 1110917, global_rank 1, model comm group 1)  has low/high range 1357 / 1447
[2026-04-15 23:34:50,269][anemoi.training.data.dataset][INFO] - Worker 7 (validation, pid 1110917, glob. rank 1, model comm group 1, group_rank 0, seed group id 1, base_seed 323389, sanity rnd 0.265215)
[2026-04-15 23:34:52,270][anemoi.models.data_indices.collection][INFO] - The order of the variables in the model matches the order in the data.
[2026-04-16 02:08:55,478][anemoi.models.data_indices.collection][INFO] - The order of the variables in the model matches the order in the data.
[2026-04-16 04:44:43,872][anemoi.models.data_indices.collection][INFO] - The order of the variables in the model matches the order in the data.
[2026-04-16 07:17:42,874][anemoi.models.data_indices.collection][INFO] - The order of the variables in the model matches the order in the data.
