[2026-04-15 21:31:24,014][anemoi.training.train.train][INFO] - Skipping config validation.
[2026-04-15 21:31:24,014][anemoi.training.train.train][INFO] - Starting from checkpoint: True
[2026-04-15 21:31:24,014][anemoi.training.train.train][INFO] - Run id: BigTransformer
[2026-04-15 21:31:24,015][anemoi.training.train.train][INFO] - Checkpoints path: {'root': PosixPath('/mnt/weatherloss/WindPower/training/EGU26/BigTransformer/checkpoint/BigTransformer'), 'every_n_epochs': 'anemoi-by_epoch-epoch_{epoch:03d}-step_{step:06d}', 'every_n_train_steps': 'anemoi-by_step-epoch_{epoch:03d}-step_{step:06d}', 'every_n_minutes': 'anemoi-by_time-epoch_{epoch:03d}-step_{step:06d}'}
[2026-04-15 21:31:24,015][anemoi.training.train.train][INFO] - Plots path: /mnt/weatherloss/WindPower/training/EGU26/BigTransformer/plots/BigTransformer
[2026-04-15 21:31:24,674][anemoi.graphs.nodes.builders.from_file][INFO] - Reading the dataset from {'cutout': [{'dataset': '/mnt/weatherloss/WindPower/data/EGU26/Anemoidatasets/New_Cerra_A_large.zarr'}, {'dataset': '/mnt/weatherloss/WindPower/data/EGU26/Anemoidatasets/era5_A_large.zarr'}], 'min_distance_km': 0, 'adjust': 'all'}.
[2026-04-15 21:31:27,237][anemoi.graphs.generate.masks][INFO] - Fitting KNNAreaMaskBuilder with 72668 reference nodes from "data (cutout)".
[2026-04-15 21:31:45,124][anemoi.graphs.edges.builders.knn][INFO] - Using KNN-Edges (with 12 nearest neighbours) between data and hidden.
[2026-04-15 21:31:45,135][anemoi.graphs.edges.builders.base][WARNING] - The 'torch-cluster' library is not installed.
Installing 'torch-cluster' can significantly improve performance for graph creation.
You can install it using:
    TORCH_VERSION=$(python -c "import torch; print(torch.__version__)")
    pip install torch-cluster -f https://data.pyg.org/whl/torch-${TORCH_VERSION}.html

[2026-04-15 21:31:45,306][anemoi.graphs.edges.builders.cutoff][INFO] - Using CutOff-Edges (with radius = 15.0 km [direct]) between data and hidden.
[2026-04-15 21:31:45,307][anemoi.graphs.edges.builders.base][WARNING] - The 'torch-cluster' library is not installed.
Installing 'torch-cluster' can significantly improve performance for graph creation.
You can install it using:
    TORCH_VERSION=$(python -c "import torch; print(torch.__version__)")
    pip install torch-cluster -f https://data.pyg.org/whl/torch-${TORCH_VERSION}.html

[2026-04-15 21:32:38,181][anemoi.graphs.edges.builders.knn][INFO] - Using KNN-Edges (with 3 nearest neighbours) between hidden and data.
[2026-04-15 21:32:38,181][anemoi.graphs.edges.builders.base][WARNING] - The 'torch-cluster' library is not installed.
Installing 'torch-cluster' can significantly improve performance for graph creation.
You can install it using:
    TORCH_VERSION=$(python -c "import torch; print(torch.__version__)")
    pip install torch-cluster -f https://data.pyg.org/whl/torch-${TORCH_VERSION}.html

[2026-04-15 21:32:38,518][anemoi.graphs.create][INFO] - Cleaning graph.
[2026-04-15 21:32:38,518][anemoi.graphs.create][INFO] - _grid_reference_distance deleted from graph.
[2026-04-15 21:32:38,518][anemoi.graphs.create][INFO] - _dataset deleted from graph.
[2026-04-15 21:32:38,519][anemoi.graphs.create][INFO] - _grid_reference_distance deleted from graph.
[2026-04-15 21:32:38,519][anemoi.graphs.create][INFO] - _resolutions deleted from graph.
[2026-04-15 21:32:38,519][anemoi.graphs.create][INFO] - _nx_graph deleted from graph.
[2026-04-15 21:32:38,519][anemoi.graphs.create][INFO] - _node_ordering deleted from graph.
[2026-04-15 21:32:38,519][anemoi.graphs.create][INFO] - _area_mask_builder deleted from graph.
[2026-04-15 21:32:38,524][anemoi.graphs.processors.post_process][INFO] - Removing 120985 edges from ('data', 'to', 'hidden').
[2026-04-15 21:32:38,528][anemoi.graphs.processors.post_process][INFO] - Recomputing edge attribute edge_length.
[2026-04-15 21:32:38,530][anemoi.graphs.processors.post_process][INFO] - Recomputing edge attribute edge_dirs.
[2026-04-15 21:32:38,566][anemoi.graphs.processors.post_process][INFO] - Removing 4649 nodes from data.
[2026-04-15 21:32:39,069][anemoi.graphs.processors.post_process][INFO] - An attribute indices_connected_nodes has been added with the indices to mask the nodes from the original graph.
[2026-04-15 21:32:39,169][anemoi.graphs.create][INFO] - Graph saved at /mnt/weatherloss/WindPower/graphs/EGU26/EGUgraph15km.pt.
[2026-04-15 21:32:39,916][anemoi.training.data.datamodule][WARNING] - Falling back rollout to: 1
[2026-04-15 21:32:39,916][anemoi.training.data.datamodule][INFO] - Timeincrement set to 1 for data with frequency, 10800, and timestep, 10800
[2026-04-15 21:32:39,917][anemoi.training.data.grid_indices][INFO] - The graph attribute indices_connected_nodes of the data nodes will be used to masking the spatial dimension.
[2026-04-15 21:32:39,918][anemoi.training.train.train][INFO] - Number of data variables: 67
[2026-04-15 21:32:39,919][anemoi.training.train.train][INFO] - Variables: ['cos_julian_day', 'cos_latitude', 'cos_longitude', 'insolation', 'lsm', 'mcc', 'msl', 'q_1000', 'q_500', 'q_600', 'q_700', 'q_750', 'q_800', 'q_850', 'q_900', 'q_950', 'sin_julian_day', 'sin_latitude', 'sin_longitude', 't2m', 't_1000', 't_500', 't_600', 't_700', 't_750', 't_800', 't_850', 't_900', 't_950', 'u_1000', 'u_500', 'u_600', 'u_700', 'u_750', 'u_800', 'u_850', 'u_900', 'u_950', 'v_1000', 'v_500', 'v_600', 'v_700', 'v_750', 'v_800', 'v_850', 'v_900', 'v_950', 'wdir100_cos', 'wdir100_sin', 'wdir10_cos', 'wdir10_sin', 'ws10', 'ws100', 'z_1000', 'z_500', 'z_600', 'z_700', 'z_750', 'z_800', 'z_850', 'z_900', 'z_950', 'z_sfc', 'power', 'capacity', 'turbinecount', 'turbinemask']
[2026-04-15 21:32:39,919][anemoi.training.train.train][INFO] - Total number of prognostic variables: 55
[2026-04-15 21:32:39,919][anemoi.training.train.train][INFO] - Total number of auxiliary variables: 12
[2026-04-15 21:32:39,919][anemoi.training.train.train][INFO] - Total GPU count / model group size: 2 - NB: the learning rate will be scaled by this factor!
[2026-04-15 21:32:39,920][anemoi.training.train.train][INFO] - Effective learning rate: 2.500e-04
[2026-04-15 21:32:39,920][anemoi.training.train.train][INFO] - Training limits: max_epochs=30, max_steps=200000. Training will stop when either limit is reached first. Learning rate scheduler will run for 200000 steps.
[2026-04-15 21:32:39,950][anemoi.models.migrations.migrator][INFO] - Loading migration 1755530253_initial
[2026-04-15 21:32:39,950][anemoi.models.migrations.migrator][INFO] - Loading migration 1762857427_deprecate_eda
[2026-04-15 21:32:39,951][anemoi.models.migrations.migrator][INFO] - Loading migration 1762857428_chunking_fix
[2026-04-15 21:32:39,951][anemoi.models.migrations.migrator][INFO] - Loading migration 1763479917_hardware_schema_update
[2026-04-15 21:32:40,346][anemoi.training.train.train][INFO] - TensorBoard logger enabled
[2026-04-15 21:32:40,348][pytorch_lightning.utilities.rank_zero][INFO] - Using 16bit Automatic Mixed Precision (AMP)
[2026-04-15 21:32:40,359][pytorch_lightning.utilities.rank_zero][INFO] - GPU available: True (cuda), used: True
[2026-04-15 21:32:40,360][pytorch_lightning.utilities.rank_zero][INFO] - TPU available: False, using: 0 TPU cores
[2026-04-15 21:32:40,416][lightning_fabric.utilities.seed][INFO] - Seed set to 323389
[2026-04-15 21:32:40,418][anemoi.training.train.train][INFO] - Initial seed: Rank 0, initial seed 323389, running with random seed: 323389
[2026-04-15 21:32:42,554][anemoi.models.preprocessing.imputer][WARNING] - If placement of NaNs for diagnostic variables in inference output is desired, this needs to be handled by postprocessors: power
[2026-04-15 21:32:42,554][anemoi.models.preprocessing.imputer][INFO] - Imputer: replacing NaNs in power with value 0.0
[2026-04-15 21:32:42,554][anemoi.models.preprocessing.imputer][INFO] - Imputer: replacing NaNs in capacity with value 0.0
[2026-04-15 21:32:42,554][anemoi.models.preprocessing.imputer][INFO] - Imputer: replacing NaNs in turbinecount with value 0.0
[2026-04-15 21:32:42,554][anemoi.models.preprocessing.imputer][INFO] - Imputer: replacing NaNs in turbinemask with value 0.0
[2026-04-15 21:32:42,557][anemoi.models.preprocessing.normalizer][INFO] - Normalizing: cos_latitude is not normalized.
[2026-04-15 21:32:42,557][anemoi.models.preprocessing.normalizer][INFO] - Normalizing: cos_longitude is not normalized.
[2026-04-15 21:32:42,557][anemoi.models.preprocessing.normalizer][INFO] - Normalizing: lsm is not normalized.
[2026-04-15 21:32:42,557][anemoi.models.preprocessing.normalizer][INFO] - Normalizing: mcc is not normalized.
[2026-04-15 21:32:42,557][anemoi.models.preprocessing.normalizer][INFO] - Normalizing: sin_latitude is not normalized.
[2026-04-15 21:32:42,557][anemoi.models.preprocessing.normalizer][INFO] - Normalizing: sin_longitude is not normalized.
[2026-04-15 21:32:42,558][anemoi.models.preprocessing.normalizer][INFO] - Normalizing: turbinemask is not normalized.
[2026-04-15 21:32:42,636][anemoi.models.layers.utils][INFO] - Linear kernel: torch.nn.Linear.
[2026-04-15 21:32:42,637][anemoi.models.layers.utils][INFO] - LayerNorm kernel: torch.nn.LayerNorm.
[2026-04-15 21:32:42,638][anemoi.models.layers.utils][INFO] - Activation kernel: torch.nn.GELU.
[2026-04-15 21:32:42,638][anemoi.models.layers.utils][INFO] - QueryNorm kernel: anemoi.models.layers.normalization.AutocastLayerNorm.
[2026-04-15 21:32:42,665][anemoi.models.layers.utils][INFO] - KeyNorm kernel: anemoi.models.layers.normalization.AutocastLayerNorm.
[2026-04-15 21:32:42,911][anemoi.models.layers.block][INFO] - GraphTransformerMapperBlock using triton graph attention backend.
[2026-04-15 21:32:42,921][anemoi.models.layers.utils][INFO] - Linear kernel: torch.nn.Linear.
[2026-04-15 21:32:42,922][anemoi.models.layers.utils][INFO] - LayerNorm kernel: torch.nn.LayerNorm.
[2026-04-15 21:32:42,923][anemoi.models.layers.utils][INFO] - Activation kernel: torch.nn.GELU.
[2026-04-15 21:32:42,924][anemoi.models.layers.utils][INFO] - QueryNorm kernel: anemoi.models.layers.normalization.AutocastLayerNorm.
[2026-04-15 21:32:42,925][anemoi.models.layers.utils][INFO] - KeyNorm kernel: anemoi.models.layers.normalization.AutocastLayerNorm.
[2026-04-15 21:32:43,089][anemoi.models.layers.attention][INFO] - Using flash attention v2
[2026-04-15 21:32:43,114][anemoi.models.layers.attention][INFO] - Using flash attention v2
[2026-04-15 21:32:43,141][anemoi.models.layers.attention][INFO] - Using flash attention v2
[2026-04-15 21:32:43,168][anemoi.models.layers.attention][INFO] - Using flash attention v2
[2026-04-15 21:32:43,196][anemoi.models.layers.attention][INFO] - Using flash attention v2
[2026-04-15 21:32:43,223][anemoi.models.layers.attention][INFO] - Using flash attention v2
[2026-04-15 21:32:43,250][anemoi.models.layers.attention][INFO] - Using flash attention v2
[2026-04-15 21:32:43,278][anemoi.models.layers.attention][INFO] - Using flash attention v2
[2026-04-15 21:32:43,304][anemoi.models.layers.attention][INFO] - Using flash attention v2
[2026-04-15 21:32:43,331][anemoi.models.layers.attention][INFO] - Using flash attention v2
[2026-04-15 21:32:43,360][anemoi.models.layers.attention][INFO] - Using flash attention v2
[2026-04-15 21:32:43,387][anemoi.models.layers.attention][INFO] - Using flash attention v2
[2026-04-15 21:32:43,419][anemoi.models.layers.utils][INFO] - Linear kernel: torch.nn.Linear.
[2026-04-15 21:32:43,420][anemoi.models.layers.utils][INFO] - LayerNorm kernel: torch.nn.LayerNorm.
[2026-04-15 21:32:43,420][anemoi.models.layers.utils][INFO] - Activation kernel: torch.nn.GELU.
[2026-04-15 21:32:43,421][anemoi.models.layers.utils][INFO] - QueryNorm kernel: anemoi.models.layers.normalization.AutocastLayerNorm.
[2026-04-15 21:32:43,422][anemoi.models.layers.utils][INFO] - KeyNorm kernel: anemoi.models.layers.normalization.AutocastLayerNorm.
[2026-04-15 21:32:43,489][anemoi.models.layers.block][INFO] - GraphTransformerMapperBlock using triton graph attention backend.
[2026-04-15 21:32:43,802][anemoi.training.losses.scalers.variable_level][INFO] - Variable Level Scaling: Applying ReluVariableLevelScaler scaling to pl variables (['q', 't', 'u', 'v', 'z'])
[2026-04-15 21:32:43,802][anemoi.training.losses.scalers.variable_level][INFO] - with slope = 0.001 and y-intercept/minimum = 0.2.
[2026-04-15 21:32:44,024][anemoi.training.data.grid_indices][INFO] - The graph attribute indices_connected_nodes of the data nodes will be used to masking the spatial dimension.
[2026-04-15 21:32:44,026][anemoi.training.train.train][INFO] - The following submodules will NOT be trained: []
[2026-04-15 21:32:44,027][anemoi.training.train.train][INFO] - Resuming training from last checkpoint: /mnt/weatherloss/WindPower/training/EGU26/BigTransformer/checkpoint/BigTransformer/last.ckpt
[2026-04-15 21:32:44,365][lightning_fabric.utilities.distributed][INFO] - Initializing distributed: GLOBAL_RANK: 0, MEMBER: 1/2
[2026-04-15 21:34:09,204][pytorch_lightning.utilities.rank_zero][INFO] - ----------------------------------------------------------------------------------------------------
distributed_backend=nccl
All distributed processes registered. Starting with 2 processes
----------------------------------------------------------------------------------------------------

[2026-04-15 21:34:09,661][pytorch_lightning.utilities.rank_zero][INFO] - Restoring states from the checkpoint path at /mnt/weatherloss/WindPower/training/EGU26/BigTransformer/checkpoint/BigTransformer/last.ckpt
[2026-04-15 21:34:26,864][pytorch_lightning.accelerators.cuda][INFO] - LOCAL_RANK: 0 - CUDA_VISIBLE_DEVICES: [0,1]
[2026-04-15 21:34:27,258][lightning_fabric.utilities.seed][INFO] - [rank: 0] Seed set to 323389
[2026-04-15 21:34:43,343][pytorch_lightning.utilities.rank_zero][INFO] - Restored all states from the checkpoint at /mnt/weatherloss/WindPower/training/EGU26/BigTransformer/checkpoint/BigTransformer/last.ckpt
[2026-04-15 21:34:43,349][anemoi.training.data.dataset][INFO] - NativeGridDataset.set_group_info(): global_rank 0, model_comm_group_id 0, model_comm_group_rank 0, model_comm_num_groups 2, reader_group_rank 0
[2026-04-15 21:34:43,868][anemoi.training.data.dataset][INFO] - Worker 0 (pid 1060988, global_rank 0, model comm group 0)  has low/high range 0 / 1658
[2026-04-15 21:34:43,870][anemoi.training.data.dataset][INFO] - Worker 0 (train, pid 1060988, glob. rank 0, model comm group 0, group_rank 0, seed group id 0, base_seed 323389, sanity rnd 0.265215)
[2026-04-15 21:34:44,365][anemoi.training.data.dataset][INFO] - Worker 1 (pid 1061134, global_rank 0, model comm group 0)  has low/high range 1658 / 3316
[2026-04-15 21:34:44,367][anemoi.training.data.dataset][INFO] - Worker 1 (train, pid 1061134, glob. rank 0, model comm group 0, group_rank 0, seed group id 0, base_seed 323389, sanity rnd 0.265215)
[2026-04-15 21:34:44,874][anemoi.training.data.dataset][INFO] - Worker 2 (pid 1061233, global_rank 0, model comm group 0)  has low/high range 3316 / 4974
[2026-04-15 21:34:45,064][anemoi.training.data.dataset][INFO] - Worker 2 (train, pid 1061233, glob. rank 0, model comm group 0, group_rank 0, seed group id 0, base_seed 323389, sanity rnd 0.265215)
[2026-04-15 21:34:45,568][anemoi.training.data.dataset][INFO] - Worker 3 (pid 1061331, global_rank 0, model comm group 0)  has low/high range 4974 / 6632
[2026-04-15 21:34:45,571][anemoi.training.data.dataset][INFO] - Worker 3 (train, pid 1061331, glob. rank 0, model comm group 0, group_rank 0, seed group id 0, base_seed 323389, sanity rnd 0.265215)
[2026-04-15 21:34:46,166][anemoi.training.data.dataset][INFO] - Worker 4 (pid 1061429, global_rank 0, model comm group 0)  has low/high range 6632 / 8290
[2026-04-15 21:34:46,169][anemoi.training.data.dataset][INFO] - Worker 4 (train, pid 1061429, glob. rank 0, model comm group 0, group_rank 0, seed group id 0, base_seed 323389, sanity rnd 0.265215)
[2026-04-15 21:34:46,769][anemoi.training.data.dataset][INFO] - Worker 5 (pid 1061525, global_rank 0, model comm group 0)  has low/high range 8290 / 9948
[2026-04-15 21:34:46,773][anemoi.training.data.dataset][INFO] - Worker 5 (train, pid 1061525, glob. rank 0, model comm group 0, group_rank 0, seed group id 0, base_seed 323389, sanity rnd 0.265215)
[2026-04-15 21:34:47,285][anemoi.training.data.dataset][INFO] - Worker 6 (pid 1061626, global_rank 0, model comm group 0)  has low/high range 9948 / 11606
[2026-04-15 21:34:47,364][anemoi.training.data.dataset][INFO] - Worker 6 (train, pid 1061626, glob. rank 0, model comm group 0, group_rank 0, seed group id 0, base_seed 323389, sanity rnd 0.265215)
[2026-04-15 21:34:47,964][anemoi.training.data.dataset][INFO] - Worker 7 (pid 1061734, global_rank 0, model comm group 0)  has low/high range 11606 / 13264
[2026-04-15 21:34:47,967][anemoi.training.data.dataset][INFO] - Worker 7 (train, pid 1061734, glob. rank 0, model comm group 0, group_rank 0, seed group id 0, base_seed 323389, sanity rnd 0.265215)
[2026-04-15 21:34:51,549][anemoi.training.data.datamodule][WARNING] - Falling back rollout to: 1
[2026-04-15 21:34:51,551][anemoi.training.data.dataset][INFO] - NativeGridDataset.set_group_info(): global_rank 0, model_comm_group_id 0, model_comm_group_rank 0, model_comm_num_groups 2, reader_group_rank 0
[2026-04-15 21:34:51,553][anemoi.models.data_indices.collection][INFO] - The order of the variables in the model matches the order in the data.
[2026-04-15 23:34:46,266][anemoi.training.data.dataset][INFO] - Worker 0 (pid 1110178, global_rank 0, model comm group 0)  has low/high range 0 / 90
[2026-04-15 23:34:46,367][anemoi.training.data.dataset][INFO] - Worker 0 (validation, pid 1110178, glob. rank 0, model comm group 0, group_rank 0, seed group id 0, base_seed 323389, sanity rnd 0.265215)
[2026-04-15 23:34:46,764][anemoi.training.data.dataset][INFO] - Worker 1 (pid 1110274, global_rank 0, model comm group 0)  has low/high range 90 / 180
[2026-04-15 23:34:46,771][anemoi.training.data.dataset][INFO] - Worker 1 (validation, pid 1110274, glob. rank 0, model comm group 0, group_rank 0, seed group id 0, base_seed 323389, sanity rnd 0.265215)
[2026-04-15 23:34:47,263][anemoi.training.data.dataset][INFO] - Worker 2 (pid 1110370, global_rank 0, model comm group 0)  has low/high range 180 / 270
[2026-04-15 23:34:47,266][anemoi.training.data.dataset][INFO] - Worker 2 (validation, pid 1110370, glob. rank 0, model comm group 0, group_rank 0, seed group id 0, base_seed 323389, sanity rnd 0.265215)
[2026-04-15 23:34:47,764][anemoi.training.data.dataset][INFO] - Worker 3 (pid 1110467, global_rank 0, model comm group 0)  has low/high range 270 / 360
[2026-04-15 23:34:47,774][anemoi.training.data.dataset][INFO] - Worker 3 (validation, pid 1110467, glob. rank 0, model comm group 0, group_rank 0, seed group id 0, base_seed 323389, sanity rnd 0.265215)
[2026-04-15 23:34:48,266][anemoi.training.data.dataset][INFO] - Worker 4 (pid 1110565, global_rank 0, model comm group 0)  has low/high range 360 / 450
[2026-04-15 23:34:48,269][anemoi.training.data.dataset][INFO] - Worker 4 (validation, pid 1110565, glob. rank 0, model comm group 0, group_rank 0, seed group id 0, base_seed 323389, sanity rnd 0.265215)
[2026-04-15 23:34:48,767][anemoi.training.data.dataset][INFO] - Worker 5 (pid 1110664, global_rank 0, model comm group 0)  has low/high range 450 / 540
[2026-04-15 23:34:48,770][anemoi.training.data.dataset][INFO] - Worker 5 (validation, pid 1110664, glob. rank 0, model comm group 0, group_rank 0, seed group id 0, base_seed 323389, sanity rnd 0.265215)
[2026-04-15 23:34:49,277][anemoi.training.data.dataset][INFO] - Worker 6 (pid 1110760, global_rank 0, model comm group 0)  has low/high range 540 / 630
[2026-04-15 23:34:49,363][anemoi.training.data.dataset][INFO] - Worker 6 (validation, pid 1110760, glob. rank 0, model comm group 0, group_rank 0, seed group id 0, base_seed 323389, sanity rnd 0.265215)
[2026-04-15 23:34:49,964][anemoi.training.data.dataset][INFO] - Worker 7 (pid 1110856, global_rank 0, model comm group 0)  has low/high range 630 / 720
[2026-04-15 23:34:49,967][anemoi.training.data.dataset][INFO] - Worker 7 (validation, pid 1110856, glob. rank 0, model comm group 0, group_rank 0, seed group id 0, base_seed 323389, sanity rnd 0.265215)
[2026-04-15 23:34:51,768][anemoi.models.data_indices.collection][INFO] - The order of the variables in the model matches the order in the data.
[2026-04-15 23:48:33,207][anemoi.utils.checkpoints][INFO] - Adding extra information to checkpoint /mnt/weatherloss/WindPower/training/EGU26/BigTransformer/checkpoint/BigTransformer/inference-anemoi-by_epoch-epoch_009-step_132640.ckpt
[2026-04-15 23:48:33,207][anemoi.utils.checkpoints][INFO] - Saving metadata to inference-anemoi-by_epoch-epoch_009-step_132640/anemoi-metadata/anemoi.json
[2026-04-15 23:48:33,209][anemoi.utils.checkpoints][INFO] - Saving supporting array `latitudes` to inference-anemoi-by_epoch-epoch_009-step_132640/anemoi-metadata/latitudes.numpy (shape=(82068,), dtype=float64)
[2026-04-15 23:48:33,210][anemoi.utils.checkpoints][INFO] - Saving supporting array `longitudes` to inference-anemoi-by_epoch-epoch_009-step_132640/anemoi-metadata/longitudes.numpy (shape=(82068,), dtype=float64)
[2026-04-15 23:48:33,211][anemoi.utils.checkpoints][INFO] - Saving supporting array `lam_0/cutout_mask` to inference-anemoi-by_epoch-epoch_009-step_132640/anemoi-metadata/lam_0/cutout_mask.numpy (shape=(72668,), dtype=bool)
[2026-04-15 23:48:33,211][anemoi.utils.checkpoints][INFO] - Saving supporting array `global/cutout_mask` to inference-anemoi-by_epoch-epoch_009-step_132640/anemoi-metadata/global/cutout_mask.numpy (shape=(13965,), dtype=bool)
[2026-04-15 23:48:33,211][anemoi.utils.checkpoints][INFO] - Saving supporting array `source0/latitudes` to inference-anemoi-by_epoch-epoch_009-step_132640/anemoi-metadata/source0/latitudes.numpy (shape=(72668,), dtype=float64)
[2026-04-15 23:48:33,212][anemoi.utils.checkpoints][INFO] - Saving supporting array `source0/longitudes` to inference-anemoi-by_epoch-epoch_009-step_132640/anemoi-metadata/source0/longitudes.numpy (shape=(72668,), dtype=float64)
[2026-04-15 23:48:33,213][anemoi.utils.checkpoints][INFO] - Saving supporting array `source1/latitudes` to inference-anemoi-by_epoch-epoch_009-step_132640/anemoi-metadata/source1/latitudes.numpy (shape=(13965,), dtype=float64)
[2026-04-15 23:48:33,213][anemoi.utils.checkpoints][INFO] - Saving supporting array `source1/longitudes` to inference-anemoi-by_epoch-epoch_009-step_132640/anemoi-metadata/source1/longitudes.numpy (shape=(13965,), dtype=float64)
[2026-04-15 23:48:33,213][anemoi.utils.checkpoints][INFO] - Saving supporting array `grid_indices` to inference-anemoi-by_epoch-epoch_009-step_132640/anemoi-metadata/grid_indices.numpy (shape=(77419,), dtype=int64)
[2026-04-15 23:48:36,608][anemoi.utils.checkpoints][INFO] - Adding extra information to checkpoint /mnt/weatherloss/WindPower/training/EGU26/BigTransformer/checkpoint/BigTransformer/anemoi-by_epoch-epoch_009-step_132640.ckpt
[2026-04-15 23:48:36,609][anemoi.utils.checkpoints][INFO] - Saving metadata to archive/anemoi-metadata/anemoi.json
[2026-04-15 23:48:36,610][anemoi.utils.checkpoints][INFO] - Saving supporting array `latitudes` to archive/anemoi-metadata/latitudes.numpy (shape=(82068,), dtype=float64)
[2026-04-15 23:48:36,611][anemoi.utils.checkpoints][INFO] - Saving supporting array `longitudes` to archive/anemoi-metadata/longitudes.numpy (shape=(82068,), dtype=float64)
[2026-04-15 23:48:36,612][anemoi.utils.checkpoints][INFO] - Saving supporting array `lam_0/cutout_mask` to archive/anemoi-metadata/lam_0/cutout_mask.numpy (shape=(72668,), dtype=bool)
[2026-04-15 23:48:36,612][anemoi.utils.checkpoints][INFO] - Saving supporting array `global/cutout_mask` to archive/anemoi-metadata/global/cutout_mask.numpy (shape=(13965,), dtype=bool)
[2026-04-15 23:48:36,612][anemoi.utils.checkpoints][INFO] - Saving supporting array `source0/latitudes` to archive/anemoi-metadata/source0/latitudes.numpy (shape=(72668,), dtype=float64)
[2026-04-15 23:48:36,613][anemoi.utils.checkpoints][INFO] - Saving supporting array `source0/longitudes` to archive/anemoi-metadata/source0/longitudes.numpy (shape=(72668,), dtype=float64)
[2026-04-15 23:48:36,614][anemoi.utils.checkpoints][INFO] - Saving supporting array `source1/latitudes` to archive/anemoi-metadata/source1/latitudes.numpy (shape=(13965,), dtype=float64)
[2026-04-15 23:48:36,614][anemoi.utils.checkpoints][INFO] - Saving supporting array `source1/longitudes` to archive/anemoi-metadata/source1/longitudes.numpy (shape=(13965,), dtype=float64)
[2026-04-15 23:48:36,614][anemoi.utils.checkpoints][INFO] - Saving supporting array `grid_indices` to archive/anemoi-metadata/grid_indices.numpy (shape=(77419,), dtype=int64)
[2026-04-15 23:48:37,147][anemoi.utils.checkpoints][INFO] - Adding extra information to checkpoint /mnt/weatherloss/WindPower/training/EGU26/BigTransformer/checkpoint/BigTransformer/inference-last.ckpt
[2026-04-15 23:48:37,147][anemoi.utils.checkpoints][INFO] - Saving metadata to inference-last/anemoi-metadata/anemoi.json
[2026-04-15 23:48:37,149][anemoi.utils.checkpoints][INFO] - Saving supporting array `latitudes` to inference-last/anemoi-metadata/latitudes.numpy (shape=(82068,), dtype=float64)
[2026-04-15 23:48:37,150][anemoi.utils.checkpoints][INFO] - Saving supporting array `longitudes` to inference-last/anemoi-metadata/longitudes.numpy (shape=(82068,), dtype=float64)
[2026-04-15 23:48:37,151][anemoi.utils.checkpoints][INFO] - Saving supporting array `lam_0/cutout_mask` to inference-last/anemoi-metadata/lam_0/cutout_mask.numpy (shape=(72668,), dtype=bool)
[2026-04-15 23:48:37,151][anemoi.utils.checkpoints][INFO] - Saving supporting array `global/cutout_mask` to inference-last/anemoi-metadata/global/cutout_mask.numpy (shape=(13965,), dtype=bool)
[2026-04-15 23:48:37,151][anemoi.utils.checkpoints][INFO] - Saving supporting array `source0/latitudes` to inference-last/anemoi-metadata/source0/latitudes.numpy (shape=(72668,), dtype=float64)
[2026-04-15 23:48:37,152][anemoi.utils.checkpoints][INFO] - Saving supporting array `source0/longitudes` to inference-last/anemoi-metadata/source0/longitudes.numpy (shape=(72668,), dtype=float64)
[2026-04-15 23:48:37,153][anemoi.utils.checkpoints][INFO] - Saving supporting array `source1/latitudes` to inference-last/anemoi-metadata/source1/latitudes.numpy (shape=(13965,), dtype=float64)
[2026-04-15 23:48:37,153][anemoi.utils.checkpoints][INFO] - Saving supporting array `source1/longitudes` to inference-last/anemoi-metadata/source1/longitudes.numpy (shape=(13965,), dtype=float64)
[2026-04-15 23:48:37,153][anemoi.utils.checkpoints][INFO] - Saving supporting array `grid_indices` to inference-last/anemoi-metadata/grid_indices.numpy (shape=(77419,), dtype=int64)
[2026-04-15 23:48:40,141][anemoi.utils.checkpoints][INFO] - Adding extra information to checkpoint /mnt/weatherloss/WindPower/training/EGU26/BigTransformer/checkpoint/BigTransformer/last.ckpt
[2026-04-15 23:48:40,141][anemoi.utils.checkpoints][INFO] - Saving metadata to archive/anemoi-metadata/anemoi.json
[2026-04-15 23:48:40,143][anemoi.utils.checkpoints][INFO] - Saving supporting array `latitudes` to archive/anemoi-metadata/latitudes.numpy (shape=(82068,), dtype=float64)
[2026-04-15 23:48:40,144][anemoi.utils.checkpoints][INFO] - Saving supporting array `longitudes` to archive/anemoi-metadata/longitudes.numpy (shape=(82068,), dtype=float64)
[2026-04-15 23:48:40,145][anemoi.utils.checkpoints][INFO] - Saving supporting array `lam_0/cutout_mask` to archive/anemoi-metadata/lam_0/cutout_mask.numpy (shape=(72668,), dtype=bool)
[2026-04-15 23:48:40,145][anemoi.utils.checkpoints][INFO] - Saving supporting array `global/cutout_mask` to archive/anemoi-metadata/global/cutout_mask.numpy (shape=(13965,), dtype=bool)
[2026-04-15 23:48:40,145][anemoi.utils.checkpoints][INFO] - Saving supporting array `source0/latitudes` to archive/anemoi-metadata/source0/latitudes.numpy (shape=(72668,), dtype=float64)
[2026-04-15 23:48:40,146][anemoi.utils.checkpoints][INFO] - Saving supporting array `source0/longitudes` to archive/anemoi-metadata/source0/longitudes.numpy (shape=(72668,), dtype=float64)
[2026-04-15 23:48:40,147][anemoi.utils.checkpoints][INFO] - Saving supporting array `source1/latitudes` to archive/anemoi-metadata/source1/latitudes.numpy (shape=(13965,), dtype=float64)
[2026-04-15 23:48:40,147][anemoi.utils.checkpoints][INFO] - Saving supporting array `source1/longitudes` to archive/anemoi-metadata/source1/longitudes.numpy (shape=(13965,), dtype=float64)
[2026-04-15 23:48:40,147][anemoi.utils.checkpoints][INFO] - Saving supporting array `grid_indices` to archive/anemoi-metadata/grid_indices.numpy (shape=(77419,), dtype=int64)
[2026-04-16 02:08:56,173][anemoi.models.data_indices.collection][INFO] - The order of the variables in the model matches the order in the data.
[2026-04-16 02:24:29,541][anemoi.utils.checkpoints][INFO] - Adding extra information to checkpoint /mnt/weatherloss/WindPower/training/EGU26/BigTransformer/checkpoint/BigTransformer/inference-anemoi-by_epoch-epoch_010-step_145904.ckpt
[2026-04-16 02:24:29,541][anemoi.utils.checkpoints][INFO] - Saving metadata to inference-anemoi-by_epoch-epoch_010-step_145904/anemoi-metadata/anemoi.json
[2026-04-16 02:24:29,543][anemoi.utils.checkpoints][INFO] - Saving supporting array `latitudes` to inference-anemoi-by_epoch-epoch_010-step_145904/anemoi-metadata/latitudes.numpy (shape=(82068,), dtype=float64)
[2026-04-16 02:24:29,544][anemoi.utils.checkpoints][INFO] - Saving supporting array `longitudes` to inference-anemoi-by_epoch-epoch_010-step_145904/anemoi-metadata/longitudes.numpy (shape=(82068,), dtype=float64)
[2026-04-16 02:24:29,545][anemoi.utils.checkpoints][INFO] - Saving supporting array `lam_0/cutout_mask` to inference-anemoi-by_epoch-epoch_010-step_145904/anemoi-metadata/lam_0/cutout_mask.numpy (shape=(72668,), dtype=bool)
[2026-04-16 02:24:29,546][anemoi.utils.checkpoints][INFO] - Saving supporting array `global/cutout_mask` to inference-anemoi-by_epoch-epoch_010-step_145904/anemoi-metadata/global/cutout_mask.numpy (shape=(13965,), dtype=bool)
[2026-04-16 02:24:29,546][anemoi.utils.checkpoints][INFO] - Saving supporting array `source0/latitudes` to inference-anemoi-by_epoch-epoch_010-step_145904/anemoi-metadata/source0/latitudes.numpy (shape=(72668,), dtype=float64)
[2026-04-16 02:24:29,547][anemoi.utils.checkpoints][INFO] - Saving supporting array `source0/longitudes` to inference-anemoi-by_epoch-epoch_010-step_145904/anemoi-metadata/source0/longitudes.numpy (shape=(72668,), dtype=float64)
[2026-04-16 02:24:29,547][anemoi.utils.checkpoints][INFO] - Saving supporting array `source1/latitudes` to inference-anemoi-by_epoch-epoch_010-step_145904/anemoi-metadata/source1/latitudes.numpy (shape=(13965,), dtype=float64)
[2026-04-16 02:24:29,548][anemoi.utils.checkpoints][INFO] - Saving supporting array `source1/longitudes` to inference-anemoi-by_epoch-epoch_010-step_145904/anemoi-metadata/source1/longitudes.numpy (shape=(13965,), dtype=float64)
[2026-04-16 02:24:29,548][anemoi.utils.checkpoints][INFO] - Saving supporting array `grid_indices` to inference-anemoi-by_epoch-epoch_010-step_145904/anemoi-metadata/grid_indices.numpy (shape=(77419,), dtype=int64)
[2026-04-16 02:24:32,266][anemoi.utils.checkpoints][INFO] - Adding extra information to checkpoint /mnt/weatherloss/WindPower/training/EGU26/BigTransformer/checkpoint/BigTransformer/anemoi-by_epoch-epoch_010-step_145904.ckpt
[2026-04-16 02:24:32,266][anemoi.utils.checkpoints][INFO] - Saving metadata to archive/anemoi-metadata/anemoi.json
[2026-04-16 02:24:32,268][anemoi.utils.checkpoints][INFO] - Saving supporting array `latitudes` to archive/anemoi-metadata/latitudes.numpy (shape=(82068,), dtype=float64)
[2026-04-16 02:24:32,269][anemoi.utils.checkpoints][INFO] - Saving supporting array `longitudes` to archive/anemoi-metadata/longitudes.numpy (shape=(82068,), dtype=float64)
[2026-04-16 02:24:32,270][anemoi.utils.checkpoints][INFO] - Saving supporting array `lam_0/cutout_mask` to archive/anemoi-metadata/lam_0/cutout_mask.numpy (shape=(72668,), dtype=bool)
[2026-04-16 02:24:32,270][anemoi.utils.checkpoints][INFO] - Saving supporting array `global/cutout_mask` to archive/anemoi-metadata/global/cutout_mask.numpy (shape=(13965,), dtype=bool)
[2026-04-16 02:24:32,271][anemoi.utils.checkpoints][INFO] - Saving supporting array `source0/latitudes` to archive/anemoi-metadata/source0/latitudes.numpy (shape=(72668,), dtype=float64)
[2026-04-16 02:24:32,272][anemoi.utils.checkpoints][INFO] - Saving supporting array `source0/longitudes` to archive/anemoi-metadata/source0/longitudes.numpy (shape=(72668,), dtype=float64)
[2026-04-16 02:24:32,272][anemoi.utils.checkpoints][INFO] - Saving supporting array `source1/latitudes` to archive/anemoi-metadata/source1/latitudes.numpy (shape=(13965,), dtype=float64)
[2026-04-16 02:24:32,273][anemoi.utils.checkpoints][INFO] - Saving supporting array `source1/longitudes` to archive/anemoi-metadata/source1/longitudes.numpy (shape=(13965,), dtype=float64)
[2026-04-16 02:24:32,273][anemoi.utils.checkpoints][INFO] - Saving supporting array `grid_indices` to archive/anemoi-metadata/grid_indices.numpy (shape=(77419,), dtype=int64)
[2026-04-16 02:24:32,710][anemoi.utils.checkpoints][INFO] - Adding extra information to checkpoint /mnt/weatherloss/WindPower/training/EGU26/BigTransformer/checkpoint/BigTransformer/inference-last.ckpt
[2026-04-16 02:24:32,710][anemoi.utils.checkpoints][INFO] - Saving metadata to inference-last/anemoi-metadata/anemoi.json
[2026-04-16 02:24:32,712][anemoi.utils.checkpoints][INFO] - Saving supporting array `latitudes` to inference-last/anemoi-metadata/latitudes.numpy (shape=(82068,), dtype=float64)
[2026-04-16 02:24:32,712][anemoi.utils.checkpoints][INFO] - Saving supporting array `longitudes` to inference-last/anemoi-metadata/longitudes.numpy (shape=(82068,), dtype=float64)
[2026-04-16 02:24:32,713][anemoi.utils.checkpoints][INFO] - Saving supporting array `lam_0/cutout_mask` to inference-last/anemoi-metadata/lam_0/cutout_mask.numpy (shape=(72668,), dtype=bool)
[2026-04-16 02:24:32,713][anemoi.utils.checkpoints][INFO] - Saving supporting array `global/cutout_mask` to inference-last/anemoi-metadata/global/cutout_mask.numpy (shape=(13965,), dtype=bool)
[2026-04-16 02:24:32,713][anemoi.utils.checkpoints][INFO] - Saving supporting array `source0/latitudes` to inference-last/anemoi-metadata/source0/latitudes.numpy (shape=(72668,), dtype=float64)
[2026-04-16 02:24:32,714][anemoi.utils.checkpoints][INFO] - Saving supporting array `source0/longitudes` to inference-last/anemoi-metadata/source0/longitudes.numpy (shape=(72668,), dtype=float64)
[2026-04-16 02:24:32,714][anemoi.utils.checkpoints][INFO] - Saving supporting array `source1/latitudes` to inference-last/anemoi-metadata/source1/latitudes.numpy (shape=(13965,), dtype=float64)
[2026-04-16 02:24:32,715][anemoi.utils.checkpoints][INFO] - Saving supporting array `source1/longitudes` to inference-last/anemoi-metadata/source1/longitudes.numpy (shape=(13965,), dtype=float64)
[2026-04-16 02:24:32,715][anemoi.utils.checkpoints][INFO] - Saving supporting array `grid_indices` to inference-last/anemoi-metadata/grid_indices.numpy (shape=(77419,), dtype=int64)
[2026-04-16 02:24:35,472][anemoi.utils.checkpoints][INFO] - Adding extra information to checkpoint /mnt/weatherloss/WindPower/training/EGU26/BigTransformer/checkpoint/BigTransformer/last.ckpt
[2026-04-16 02:24:35,472][anemoi.utils.checkpoints][INFO] - Saving metadata to archive/anemoi-metadata/anemoi.json
[2026-04-16 02:24:35,473][anemoi.utils.checkpoints][INFO] - Saving supporting array `latitudes` to archive/anemoi-metadata/latitudes.numpy (shape=(82068,), dtype=float64)
[2026-04-16 02:24:35,474][anemoi.utils.checkpoints][INFO] - Saving supporting array `longitudes` to archive/anemoi-metadata/longitudes.numpy (shape=(82068,), dtype=float64)
[2026-04-16 02:24:35,475][anemoi.utils.checkpoints][INFO] - Saving supporting array `lam_0/cutout_mask` to archive/anemoi-metadata/lam_0/cutout_mask.numpy (shape=(72668,), dtype=bool)
[2026-04-16 02:24:35,475][anemoi.utils.checkpoints][INFO] - Saving supporting array `global/cutout_mask` to archive/anemoi-metadata/global/cutout_mask.numpy (shape=(13965,), dtype=bool)
[2026-04-16 02:24:35,475][anemoi.utils.checkpoints][INFO] - Saving supporting array `source0/latitudes` to archive/anemoi-metadata/source0/latitudes.numpy (shape=(72668,), dtype=float64)
[2026-04-16 02:24:35,475][anemoi.utils.checkpoints][INFO] - Saving supporting array `source0/longitudes` to archive/anemoi-metadata/source0/longitudes.numpy (shape=(72668,), dtype=float64)
[2026-04-16 02:24:35,476][anemoi.utils.checkpoints][INFO] - Saving supporting array `source1/latitudes` to archive/anemoi-metadata/source1/latitudes.numpy (shape=(13965,), dtype=float64)
[2026-04-16 02:24:35,476][anemoi.utils.checkpoints][INFO] - Saving supporting array `source1/longitudes` to archive/anemoi-metadata/source1/longitudes.numpy (shape=(13965,), dtype=float64)
[2026-04-16 02:24:35,476][anemoi.utils.checkpoints][INFO] - Saving supporting array `grid_indices` to archive/anemoi-metadata/grid_indices.numpy (shape=(77419,), dtype=int64)
[2026-04-16 04:44:43,676][anemoi.models.data_indices.collection][INFO] - The order of the variables in the model matches the order in the data.
[2026-04-16 04:59:33,256][anemoi.utils.checkpoints][INFO] - Adding extra information to checkpoint /mnt/weatherloss/WindPower/training/EGU26/BigTransformer/checkpoint/BigTransformer/inference-anemoi-by_epoch-epoch_011-step_159168.ckpt
[2026-04-16 04:59:33,256][anemoi.utils.checkpoints][INFO] - Saving metadata to inference-anemoi-by_epoch-epoch_011-step_159168/anemoi-metadata/anemoi.json
[2026-04-16 04:59:33,257][anemoi.utils.checkpoints][INFO] - Saving supporting array `latitudes` to inference-anemoi-by_epoch-epoch_011-step_159168/anemoi-metadata/latitudes.numpy (shape=(82068,), dtype=float64)
[2026-04-16 04:59:33,258][anemoi.utils.checkpoints][INFO] - Saving supporting array `longitudes` to inference-anemoi-by_epoch-epoch_011-step_159168/anemoi-metadata/longitudes.numpy (shape=(82068,), dtype=float64)
[2026-04-16 04:59:33,259][anemoi.utils.checkpoints][INFO] - Saving supporting array `lam_0/cutout_mask` to inference-anemoi-by_epoch-epoch_011-step_159168/anemoi-metadata/lam_0/cutout_mask.numpy (shape=(72668,), dtype=bool)
[2026-04-16 04:59:33,259][anemoi.utils.checkpoints][INFO] - Saving supporting array `global/cutout_mask` to inference-anemoi-by_epoch-epoch_011-step_159168/anemoi-metadata/global/cutout_mask.numpy (shape=(13965,), dtype=bool)
[2026-04-16 04:59:33,259][anemoi.utils.checkpoints][INFO] - Saving supporting array `source0/latitudes` to inference-anemoi-by_epoch-epoch_011-step_159168/anemoi-metadata/source0/latitudes.numpy (shape=(72668,), dtype=float64)
[2026-04-16 04:59:33,259][anemoi.utils.checkpoints][INFO] - Saving supporting array `source0/longitudes` to inference-anemoi-by_epoch-epoch_011-step_159168/anemoi-metadata/source0/longitudes.numpy (shape=(72668,), dtype=float64)
[2026-04-16 04:59:33,260][anemoi.utils.checkpoints][INFO] - Saving supporting array `source1/latitudes` to inference-anemoi-by_epoch-epoch_011-step_159168/anemoi-metadata/source1/latitudes.numpy (shape=(13965,), dtype=float64)
[2026-04-16 04:59:33,260][anemoi.utils.checkpoints][INFO] - Saving supporting array `source1/longitudes` to inference-anemoi-by_epoch-epoch_011-step_159168/anemoi-metadata/source1/longitudes.numpy (shape=(13965,), dtype=float64)
[2026-04-16 04:59:33,260][anemoi.utils.checkpoints][INFO] - Saving supporting array `grid_indices` to inference-anemoi-by_epoch-epoch_011-step_159168/anemoi-metadata/grid_indices.numpy (shape=(77419,), dtype=int64)
[2026-04-16 04:59:35,966][anemoi.utils.checkpoints][INFO] - Adding extra information to checkpoint /mnt/weatherloss/WindPower/training/EGU26/BigTransformer/checkpoint/BigTransformer/anemoi-by_epoch-epoch_011-step_159168.ckpt
[2026-04-16 04:59:35,967][anemoi.utils.checkpoints][INFO] - Saving metadata to archive/anemoi-metadata/anemoi.json
[2026-04-16 04:59:35,968][anemoi.utils.checkpoints][INFO] - Saving supporting array `latitudes` to archive/anemoi-metadata/latitudes.numpy (shape=(82068,), dtype=float64)
[2026-04-16 04:59:35,969][anemoi.utils.checkpoints][INFO] - Saving supporting array `longitudes` to archive/anemoi-metadata/longitudes.numpy (shape=(82068,), dtype=float64)
[2026-04-16 04:59:35,970][anemoi.utils.checkpoints][INFO] - Saving supporting array `lam_0/cutout_mask` to archive/anemoi-metadata/lam_0/cutout_mask.numpy (shape=(72668,), dtype=bool)
[2026-04-16 04:59:35,970][anemoi.utils.checkpoints][INFO] - Saving supporting array `global/cutout_mask` to archive/anemoi-metadata/global/cutout_mask.numpy (shape=(13965,), dtype=bool)
[2026-04-16 04:59:35,970][anemoi.utils.checkpoints][INFO] - Saving supporting array `source0/latitudes` to archive/anemoi-metadata/source0/latitudes.numpy (shape=(72668,), dtype=float64)
[2026-04-16 04:59:35,971][anemoi.utils.checkpoints][INFO] - Saving supporting array `source0/longitudes` to archive/anemoi-metadata/source0/longitudes.numpy (shape=(72668,), dtype=float64)
[2026-04-16 04:59:35,972][anemoi.utils.checkpoints][INFO] - Saving supporting array `source1/latitudes` to archive/anemoi-metadata/source1/latitudes.numpy (shape=(13965,), dtype=float64)
[2026-04-16 04:59:35,972][anemoi.utils.checkpoints][INFO] - Saving supporting array `source1/longitudes` to archive/anemoi-metadata/source1/longitudes.numpy (shape=(13965,), dtype=float64)
[2026-04-16 04:59:35,972][anemoi.utils.checkpoints][INFO] - Saving supporting array `grid_indices` to archive/anemoi-metadata/grid_indices.numpy (shape=(77419,), dtype=int64)
[2026-04-16 04:59:36,453][anemoi.utils.checkpoints][INFO] - Adding extra information to checkpoint /mnt/weatherloss/WindPower/training/EGU26/BigTransformer/checkpoint/BigTransformer/inference-last.ckpt
[2026-04-16 04:59:36,454][anemoi.utils.checkpoints][INFO] - Saving metadata to inference-last/anemoi-metadata/anemoi.json
[2026-04-16 04:59:36,455][anemoi.utils.checkpoints][INFO] - Saving supporting array `latitudes` to inference-last/anemoi-metadata/latitudes.numpy (shape=(82068,), dtype=float64)
[2026-04-16 04:59:36,456][anemoi.utils.checkpoints][INFO] - Saving supporting array `longitudes` to inference-last/anemoi-metadata/longitudes.numpy (shape=(82068,), dtype=float64)
[2026-04-16 04:59:36,457][anemoi.utils.checkpoints][INFO] - Saving supporting array `lam_0/cutout_mask` to inference-last/anemoi-metadata/lam_0/cutout_mask.numpy (shape=(72668,), dtype=bool)
[2026-04-16 04:59:36,457][anemoi.utils.checkpoints][INFO] - Saving supporting array `global/cutout_mask` to inference-last/anemoi-metadata/global/cutout_mask.numpy (shape=(13965,), dtype=bool)
[2026-04-16 04:59:36,457][anemoi.utils.checkpoints][INFO] - Saving supporting array `source0/latitudes` to inference-last/anemoi-metadata/source0/latitudes.numpy (shape=(72668,), dtype=float64)
[2026-04-16 04:59:36,458][anemoi.utils.checkpoints][INFO] - Saving supporting array `source0/longitudes` to inference-last/anemoi-metadata/source0/longitudes.numpy (shape=(72668,), dtype=float64)
[2026-04-16 04:59:36,459][anemoi.utils.checkpoints][INFO] - Saving supporting array `source1/latitudes` to inference-last/anemoi-metadata/source1/latitudes.numpy (shape=(13965,), dtype=float64)
[2026-04-16 04:59:36,459][anemoi.utils.checkpoints][INFO] - Saving supporting array `source1/longitudes` to inference-last/anemoi-metadata/source1/longitudes.numpy (shape=(13965,), dtype=float64)
[2026-04-16 04:59:36,459][anemoi.utils.checkpoints][INFO] - Saving supporting array `grid_indices` to inference-last/anemoi-metadata/grid_indices.numpy (shape=(77419,), dtype=int64)
[2026-04-16 04:59:39,552][anemoi.utils.checkpoints][INFO] - Adding extra information to checkpoint /mnt/weatherloss/WindPower/training/EGU26/BigTransformer/checkpoint/BigTransformer/last.ckpt
[2026-04-16 04:59:39,553][anemoi.utils.checkpoints][INFO] - Saving metadata to archive/anemoi-metadata/anemoi.json
[2026-04-16 04:59:39,554][anemoi.utils.checkpoints][INFO] - Saving supporting array `latitudes` to archive/anemoi-metadata/latitudes.numpy (shape=(82068,), dtype=float64)
[2026-04-16 04:59:39,555][anemoi.utils.checkpoints][INFO] - Saving supporting array `longitudes` to archive/anemoi-metadata/longitudes.numpy (shape=(82068,), dtype=float64)
[2026-04-16 04:59:39,556][anemoi.utils.checkpoints][INFO] - Saving supporting array `lam_0/cutout_mask` to archive/anemoi-metadata/lam_0/cutout_mask.numpy (shape=(72668,), dtype=bool)
[2026-04-16 04:59:39,556][anemoi.utils.checkpoints][INFO] - Saving supporting array `global/cutout_mask` to archive/anemoi-metadata/global/cutout_mask.numpy (shape=(13965,), dtype=bool)
[2026-04-16 04:59:39,556][anemoi.utils.checkpoints][INFO] - Saving supporting array `source0/latitudes` to archive/anemoi-metadata/source0/latitudes.numpy (shape=(72668,), dtype=float64)
[2026-04-16 04:59:39,557][anemoi.utils.checkpoints][INFO] - Saving supporting array `source0/longitudes` to archive/anemoi-metadata/source0/longitudes.numpy (shape=(72668,), dtype=float64)
[2026-04-16 04:59:39,558][anemoi.utils.checkpoints][INFO] - Saving supporting array `source1/latitudes` to archive/anemoi-metadata/source1/latitudes.numpy (shape=(13965,), dtype=float64)
[2026-04-16 04:59:39,558][anemoi.utils.checkpoints][INFO] - Saving supporting array `source1/longitudes` to archive/anemoi-metadata/source1/longitudes.numpy (shape=(13965,), dtype=float64)
[2026-04-16 04:59:39,558][anemoi.utils.checkpoints][INFO] - Saving supporting array `grid_indices` to archive/anemoi-metadata/grid_indices.numpy (shape=(77419,), dtype=int64)
[2026-04-16 07:17:42,966][anemoi.models.data_indices.collection][INFO] - The order of the variables in the model matches the order in the data.
[2026-04-16 07:43:41,516][anemoi.utils.checkpoints][INFO] - Adding extra information to checkpoint /mnt/weatherloss/WindPower/training/EGU26/BigTransformer/checkpoint/BigTransformer/inference-anemoi-by_epoch-epoch_012-step_172432.ckpt
[2026-04-16 07:43:41,516][anemoi.utils.checkpoints][INFO] - Saving metadata to inference-anemoi-by_epoch-epoch_012-step_172432/anemoi-metadata/anemoi.json
[2026-04-16 07:43:41,518][anemoi.utils.checkpoints][INFO] - Saving supporting array `latitudes` to inference-anemoi-by_epoch-epoch_012-step_172432/anemoi-metadata/latitudes.numpy (shape=(82068,), dtype=float64)
[2026-04-16 07:43:41,519][anemoi.utils.checkpoints][INFO] - Saving supporting array `longitudes` to inference-anemoi-by_epoch-epoch_012-step_172432/anemoi-metadata/longitudes.numpy (shape=(82068,), dtype=float64)
[2026-04-16 07:43:41,520][anemoi.utils.checkpoints][INFO] - Saving supporting array `lam_0/cutout_mask` to inference-anemoi-by_epoch-epoch_012-step_172432/anemoi-metadata/lam_0/cutout_mask.numpy (shape=(72668,), dtype=bool)
[2026-04-16 07:43:41,520][anemoi.utils.checkpoints][INFO] - Saving supporting array `global/cutout_mask` to inference-anemoi-by_epoch-epoch_012-step_172432/anemoi-metadata/global/cutout_mask.numpy (shape=(13965,), dtype=bool)
[2026-04-16 07:43:41,520][anemoi.utils.checkpoints][INFO] - Saving supporting array `source0/latitudes` to inference-anemoi-by_epoch-epoch_012-step_172432/anemoi-metadata/source0/latitudes.numpy (shape=(72668,), dtype=float64)
[2026-04-16 07:43:41,521][anemoi.utils.checkpoints][INFO] - Saving supporting array `source0/longitudes` to inference-anemoi-by_epoch-epoch_012-step_172432/anemoi-metadata/source0/longitudes.numpy (shape=(72668,), dtype=float64)
[2026-04-16 07:43:41,522][anemoi.utils.checkpoints][INFO] - Saving supporting array `source1/latitudes` to inference-anemoi-by_epoch-epoch_012-step_172432/anemoi-metadata/source1/latitudes.numpy (shape=(13965,), dtype=float64)
[2026-04-16 07:43:41,522][anemoi.utils.checkpoints][INFO] - Saving supporting array `source1/longitudes` to inference-anemoi-by_epoch-epoch_012-step_172432/anemoi-metadata/source1/longitudes.numpy (shape=(13965,), dtype=float64)
[2026-04-16 07:43:41,522][anemoi.utils.checkpoints][INFO] - Saving supporting array `grid_indices` to inference-anemoi-by_epoch-epoch_012-step_172432/anemoi-metadata/grid_indices.numpy (shape=(77419,), dtype=int64)
[2026-04-16 07:43:44,547][anemoi.utils.checkpoints][INFO] - Adding extra information to checkpoint /mnt/weatherloss/WindPower/training/EGU26/BigTransformer/checkpoint/BigTransformer/anemoi-by_epoch-epoch_012-step_172432.ckpt
[2026-04-16 07:43:44,547][anemoi.utils.checkpoints][INFO] - Saving metadata to archive/anemoi-metadata/anemoi.json
[2026-04-16 07:43:44,549][anemoi.utils.checkpoints][INFO] - Saving supporting array `latitudes` to archive/anemoi-metadata/latitudes.numpy (shape=(82068,), dtype=float64)
[2026-04-16 07:43:44,550][anemoi.utils.checkpoints][INFO] - Saving supporting array `longitudes` to archive/anemoi-metadata/longitudes.numpy (shape=(82068,), dtype=float64)
[2026-04-16 07:43:44,550][anemoi.utils.checkpoints][INFO] - Saving supporting array `lam_0/cutout_mask` to archive/anemoi-metadata/lam_0/cutout_mask.numpy (shape=(72668,), dtype=bool)
[2026-04-16 07:43:44,551][anemoi.utils.checkpoints][INFO] - Saving supporting array `global/cutout_mask` to archive/anemoi-metadata/global/cutout_mask.numpy (shape=(13965,), dtype=bool)
[2026-04-16 07:43:44,551][anemoi.utils.checkpoints][INFO] - Saving supporting array `source0/latitudes` to archive/anemoi-metadata/source0/latitudes.numpy (shape=(72668,), dtype=float64)
[2026-04-16 07:43:44,551][anemoi.utils.checkpoints][INFO] - Saving supporting array `source0/longitudes` to archive/anemoi-metadata/source0/longitudes.numpy (shape=(72668,), dtype=float64)
[2026-04-16 07:43:44,552][anemoi.utils.checkpoints][INFO] - Saving supporting array `source1/latitudes` to archive/anemoi-metadata/source1/latitudes.numpy (shape=(13965,), dtype=float64)
[2026-04-16 07:43:44,552][anemoi.utils.checkpoints][INFO] - Saving supporting array `source1/longitudes` to archive/anemoi-metadata/source1/longitudes.numpy (shape=(13965,), dtype=float64)
[2026-04-16 07:43:44,553][anemoi.utils.checkpoints][INFO] - Saving supporting array `grid_indices` to archive/anemoi-metadata/grid_indices.numpy (shape=(77419,), dtype=int64)
[2026-04-16 07:43:44,971][anemoi.utils.checkpoints][INFO] - Adding extra information to checkpoint /mnt/weatherloss/WindPower/training/EGU26/BigTransformer/checkpoint/BigTransformer/inference-last.ckpt
[2026-04-16 07:43:44,971][anemoi.utils.checkpoints][INFO] - Saving metadata to inference-last/anemoi-metadata/anemoi.json
[2026-04-16 07:43:44,973][anemoi.utils.checkpoints][INFO] - Saving supporting array `latitudes` to inference-last/anemoi-metadata/latitudes.numpy (shape=(82068,), dtype=float64)
[2026-04-16 07:43:44,974][anemoi.utils.checkpoints][INFO] - Saving supporting array `longitudes` to inference-last/anemoi-metadata/longitudes.numpy (shape=(82068,), dtype=float64)
[2026-04-16 07:43:44,975][anemoi.utils.checkpoints][INFO] - Saving supporting array `lam_0/cutout_mask` to inference-last/anemoi-metadata/lam_0/cutout_mask.numpy (shape=(72668,), dtype=bool)
[2026-04-16 07:43:44,975][anemoi.utils.checkpoints][INFO] - Saving supporting array `global/cutout_mask` to inference-last/anemoi-metadata/global/cutout_mask.numpy (shape=(13965,), dtype=bool)
[2026-04-16 07:43:44,975][anemoi.utils.checkpoints][INFO] - Saving supporting array `source0/latitudes` to inference-last/anemoi-metadata/source0/latitudes.numpy (shape=(72668,), dtype=float64)
[2026-04-16 07:43:44,976][anemoi.utils.checkpoints][INFO] - Saving supporting array `source0/longitudes` to inference-last/anemoi-metadata/source0/longitudes.numpy (shape=(72668,), dtype=float64)
[2026-04-16 07:43:44,977][anemoi.utils.checkpoints][INFO] - Saving supporting array `source1/latitudes` to inference-last/anemoi-metadata/source1/latitudes.numpy (shape=(13965,), dtype=float64)
[2026-04-16 07:43:44,977][anemoi.utils.checkpoints][INFO] - Saving supporting array `source1/longitudes` to inference-last/anemoi-metadata/source1/longitudes.numpy (shape=(13965,), dtype=float64)
[2026-04-16 07:43:44,977][anemoi.utils.checkpoints][INFO] - Saving supporting array `grid_indices` to inference-last/anemoi-metadata/grid_indices.numpy (shape=(77419,), dtype=int64)
[2026-04-16 07:43:48,214][anemoi.utils.checkpoints][INFO] - Adding extra information to checkpoint /mnt/weatherloss/WindPower/training/EGU26/BigTransformer/checkpoint/BigTransformer/last.ckpt
[2026-04-16 07:43:48,214][anemoi.utils.checkpoints][INFO] - Saving metadata to archive/anemoi-metadata/anemoi.json
[2026-04-16 07:43:48,216][anemoi.utils.checkpoints][INFO] - Saving supporting array `latitudes` to archive/anemoi-metadata/latitudes.numpy (shape=(82068,), dtype=float64)
[2026-04-16 07:43:48,216][anemoi.utils.checkpoints][INFO] - Saving supporting array `longitudes` to archive/anemoi-metadata/longitudes.numpy (shape=(82068,), dtype=float64)
[2026-04-16 07:43:48,217][anemoi.utils.checkpoints][INFO] - Saving supporting array `lam_0/cutout_mask` to archive/anemoi-metadata/lam_0/cutout_mask.numpy (shape=(72668,), dtype=bool)
[2026-04-16 07:43:48,217][anemoi.utils.checkpoints][INFO] - Saving supporting array `global/cutout_mask` to archive/anemoi-metadata/global/cutout_mask.numpy (shape=(13965,), dtype=bool)
[2026-04-16 07:43:48,217][anemoi.utils.checkpoints][INFO] - Saving supporting array `source0/latitudes` to archive/anemoi-metadata/source0/latitudes.numpy (shape=(72668,), dtype=float64)
[2026-04-16 07:43:48,218][anemoi.utils.checkpoints][INFO] - Saving supporting array `source0/longitudes` to archive/anemoi-metadata/source0/longitudes.numpy (shape=(72668,), dtype=float64)
[2026-04-16 07:43:48,218][anemoi.utils.checkpoints][INFO] - Saving supporting array `source1/latitudes` to archive/anemoi-metadata/source1/latitudes.numpy (shape=(13965,), dtype=float64)
[2026-04-16 07:43:48,218][anemoi.utils.checkpoints][INFO] - Saving supporting array `source1/longitudes` to archive/anemoi-metadata/source1/longitudes.numpy (shape=(13965,), dtype=float64)
[2026-04-16 07:43:48,218][anemoi.utils.checkpoints][INFO] - Saving supporting array `grid_indices` to archive/anemoi-metadata/grid_indices.numpy (shape=(77419,), dtype=int64)
[2026-04-16 07:43:54,468][pytorch_lightning.utilities.rank_zero][INFO] - 
Detected KeyboardInterrupt, attempting graceful shutdown ...
