[2026-04-14 14:28:15,820][anemoi.training.train.train][INFO] - Skipping config validation.
[2026-04-14 14:28:15,820][anemoi.training.train.train][INFO] - Starting from checkpoint: False
[2026-04-14 14:28:15,820][anemoi.training.train.train][INFO] - Run id: 1dcb69b1-d4c5-45d9-a7cd-ac478a6d2621
[2026-04-14 14:28:15,821][anemoi.training.train.train][INFO] - Checkpoints path: {'root': PosixPath('/mnt/weatherloss/WindPower/training/EGU26/BigTransformer/checkpoint/1dcb69b1-d4c5-45d9-a7cd-ac478a6d2621'), 'every_n_epochs': 'anemoi-by_epoch-epoch_{epoch:03d}-step_{step:06d}', 'every_n_train_steps': 'anemoi-by_step-epoch_{epoch:03d}-step_{step:06d}', 'every_n_minutes': 'anemoi-by_time-epoch_{epoch:03d}-step_{step:06d}'}
[2026-04-14 14:28:15,821][anemoi.training.train.train][INFO] - Plots path: /mnt/weatherloss/WindPower/training/EGU26/BigTransformer/plots/1dcb69b1-d4c5-45d9-a7cd-ac478a6d2621
[2026-04-14 14:28:16,108][anemoi.graphs.nodes.builders.from_file][INFO] - Reading the dataset from {'cutout': [{'dataset': '/mnt/weatherloss/WindPower/data/EGU26/Anemoidatasets/New_Cerra_A_large.zarr'}, {'dataset': '/mnt/weatherloss/WindPower/data/EGU26/Anemoidatasets/era5_A_large.zarr'}], 'min_distance_km': 0, 'adjust': 'all'}.
[2026-04-14 14:28:18,171][anemoi.graphs.generate.masks][INFO] - Fitting KNNAreaMaskBuilder with 72668 reference nodes from "data (cutout)".
[2026-04-14 14:28:37,065][anemoi.graphs.edges.builders.knn][INFO] - Using KNN-Edges (with 12 nearest neighbours) between data and hidden.
[2026-04-14 14:28:37,085][anemoi.graphs.edges.builders.base][WARNING] - The 'torch-cluster' library is not installed.
Installing 'torch-cluster' can significantly improve performance for graph creation.
You can install it using:
    TORCH_VERSION=$(python -c "import torch; print(torch.__version__)")
    pip install torch-cluster -f https://data.pyg.org/whl/torch-${TORCH_VERSION}.html

[2026-04-14 14:28:37,333][anemoi.graphs.edges.builders.cutoff][INFO] - Using CutOff-Edges (with radius = 15.0 km [direct]) between data and hidden.
[2026-04-14 14:28:37,333][anemoi.graphs.edges.builders.base][WARNING] - The 'torch-cluster' library is not installed.
Installing 'torch-cluster' can significantly improve performance for graph creation.
You can install it using:
    TORCH_VERSION=$(python -c "import torch; print(torch.__version__)")
    pip install torch-cluster -f https://data.pyg.org/whl/torch-${TORCH_VERSION}.html

[2026-04-14 14:29:26,868][anemoi.graphs.edges.builders.knn][INFO] - Using KNN-Edges (with 3 nearest neighbours) between hidden and data.
[2026-04-14 14:29:26,869][anemoi.graphs.edges.builders.base][WARNING] - The 'torch-cluster' library is not installed.
Installing 'torch-cluster' can significantly improve performance for graph creation.
You can install it using:
    TORCH_VERSION=$(python -c "import torch; print(torch.__version__)")
    pip install torch-cluster -f https://data.pyg.org/whl/torch-${TORCH_VERSION}.html

[2026-04-14 14:29:27,195][anemoi.graphs.create][INFO] - Cleaning graph.
[2026-04-14 14:29:27,196][anemoi.graphs.create][INFO] - _grid_reference_distance deleted from graph.
[2026-04-14 14:29:27,196][anemoi.graphs.create][INFO] - _dataset deleted from graph.
[2026-04-14 14:29:27,196][anemoi.graphs.create][INFO] - _grid_reference_distance deleted from graph.
[2026-04-14 14:29:27,196][anemoi.graphs.create][INFO] - _resolutions deleted from graph.
[2026-04-14 14:29:27,196][anemoi.graphs.create][INFO] - _node_ordering deleted from graph.
[2026-04-14 14:29:27,196][anemoi.graphs.create][INFO] - _area_mask_builder deleted from graph.
[2026-04-14 14:29:27,196][anemoi.graphs.create][INFO] - _nx_graph deleted from graph.
[2026-04-14 14:29:27,201][anemoi.graphs.processors.post_process][INFO] - Removing 120985 edges from ('data', 'to', 'hidden').
[2026-04-14 14:29:27,205][anemoi.graphs.processors.post_process][INFO] - Recomputing edge attribute edge_length.
[2026-04-14 14:29:27,207][anemoi.graphs.processors.post_process][INFO] - Recomputing edge attribute edge_dirs.
[2026-04-14 14:29:27,338][anemoi.graphs.processors.post_process][INFO] - Removing 4649 nodes from data.
[2026-04-14 14:29:27,958][anemoi.graphs.processors.post_process][INFO] - An attribute indices_connected_nodes has been added with the indices to mask the nodes from the original graph.
[2026-04-14 14:29:28,170][anemoi.graphs.create][INFO] - Graph saved at /mnt/weatherloss/WindPower/graphs/EGU26/EGUgraph15km.pt.
[2026-04-14 14:29:28,969][anemoi.training.data.datamodule][WARNING] - Falling back rollout to: 1
[2026-04-14 14:29:28,970][anemoi.training.data.datamodule][INFO] - Timeincrement set to 1 for data with frequency, 10800, and timestep, 10800
[2026-04-14 14:29:28,971][anemoi.training.data.grid_indices][INFO] - The graph attribute indices_connected_nodes of the data nodes will be used to masking the spatial dimension.
[2026-04-14 14:29:28,973][anemoi.training.train.train][INFO] - Number of data variables: 67
[2026-04-14 14:29:28,974][anemoi.training.train.train][INFO] - Variables: ['cos_julian_day', 'cos_latitude', 'cos_longitude', 'insolation', 'lsm', 'mcc', 'msl', 'q_1000', 'q_500', 'q_600', 'q_700', 'q_750', 'q_800', 'q_850', 'q_900', 'q_950', 'sin_julian_day', 'sin_latitude', 'sin_longitude', 't2m', 't_1000', 't_500', 't_600', 't_700', 't_750', 't_800', 't_850', 't_900', 't_950', 'u_1000', 'u_500', 'u_600', 'u_700', 'u_750', 'u_800', 'u_850', 'u_900', 'u_950', 'v_1000', 'v_500', 'v_600', 'v_700', 'v_750', 'v_800', 'v_850', 'v_900', 'v_950', 'wdir100_cos', 'wdir100_sin', 'wdir10_cos', 'wdir10_sin', 'ws10', 'ws100', 'z_1000', 'z_500', 'z_600', 'z_700', 'z_750', 'z_800', 'z_850', 'z_900', 'z_950', 'z_sfc', 'power', 'capacity', 'turbinecount', 'turbinemask']
[2026-04-14 14:29:28,974][anemoi.training.train.train][INFO] - Total number of prognostic variables: 55
[2026-04-14 14:29:28,974][anemoi.training.train.train][INFO] - Total number of auxiliary variables: 12
[2026-04-14 14:29:28,974][anemoi.training.train.train][INFO] - Total GPU count / model group size: 2 - NB: the learning rate will be scaled by this factor!
[2026-04-14 14:29:28,976][anemoi.training.train.train][INFO] - Effective learning rate: 2.500e-04
[2026-04-14 14:29:28,976][anemoi.training.train.train][INFO] - Training limits: max_epochs=30, max_steps=200000. Training will stop when either limit is reached first. Learning rate scheduler will run for 200000 steps.
[2026-04-14 14:29:29,006][anemoi.models.migrations.migrator][INFO] - Loading migration 1755530253_initial
[2026-04-14 14:29:29,006][anemoi.models.migrations.migrator][INFO] - Loading migration 1762857427_deprecate_eda
[2026-04-14 14:29:29,006][anemoi.models.migrations.migrator][INFO] - Loading migration 1762857428_chunking_fix
[2026-04-14 14:29:29,006][anemoi.models.migrations.migrator][INFO] - Loading migration 1763479917_hardware_schema_update
[2026-04-14 14:29:29,055][anemoi.training.train.train][INFO] - TensorBoard logger enabled
