[2026-04-14 15:07:49,213][anemoi.training.train.train][INFO] - Skipping config validation.
[2026-04-14 15:07:49,213][anemoi.training.train.train][INFO] - Starting from checkpoint: False
[2026-04-14 15:07:49,213][anemoi.training.train.train][INFO] - Run id: 8fc35052-e864-4b5a-98f5-82c22b23f334
[2026-04-14 15:07:49,213][anemoi.training.train.train][INFO] - Checkpoints path: {'root': PosixPath('/mnt/weatherloss/WindPower/training/EGU26/SyntheticGT/checkpoint/8fc35052-e864-4b5a-98f5-82c22b23f334'), 'every_n_epochs': 'anemoi-by_epoch-epoch_{epoch:03d}-step_{step:06d}', 'every_n_train_steps': 'anemoi-by_step-epoch_{epoch:03d}-step_{step:06d}', 'every_n_minutes': 'anemoi-by_time-epoch_{epoch:03d}-step_{step:06d}'}
[2026-04-14 15:07:49,213][anemoi.training.train.train][INFO] - Plots path: /mnt/weatherloss/WindPower/training/EGU26/SyntheticGT/plots/8fc35052-e864-4b5a-98f5-82c22b23f334
[2026-04-14 15:07:49,641][anemoi.graphs.nodes.builders.from_file][INFO] - Reading the dataset from {'cutout': [{'dataset': '/mnt/weatherloss/WindPower/data/EGU26/Anemoidatasets/NewFilled_Cerra_A_large.zarr'}, {'dataset': '/mnt/weatherloss/WindPower/data/EGU26/Anemoidatasets/era5_A_large.zarr'}], 'min_distance_km': 0, 'adjust': 'all'}.
[2026-04-14 15:07:51,451][anemoi.graphs.generate.masks][INFO] - Fitting KNNAreaMaskBuilder with 72668 reference nodes from "data (cutout)".
[2026-04-14 15:08:08,255][anemoi.graphs.edges.builders.knn][INFO] - Using KNN-Edges (with 12 nearest neighbours) between data and hidden.
[2026-04-14 15:08:08,262][anemoi.graphs.edges.builders.base][WARNING] - The 'torch-cluster' library is not installed.
Installing 'torch-cluster' can significantly improve performance for graph creation.
You can install it using:
    TORCH_VERSION=$(python -c "import torch; print(torch.__version__)")
    pip install torch-cluster -f https://data.pyg.org/whl/torch-${TORCH_VERSION}.html

[2026-04-14 15:08:08,414][anemoi.graphs.edges.builders.cutoff][INFO] - Using CutOff-Edges (with radius = 15.0 km [direct]) between data and hidden.
[2026-04-14 15:08:08,414][anemoi.graphs.edges.builders.base][WARNING] - The 'torch-cluster' library is not installed.
Installing 'torch-cluster' can significantly improve performance for graph creation.
You can install it using:
    TORCH_VERSION=$(python -c "import torch; print(torch.__version__)")
    pip install torch-cluster -f https://data.pyg.org/whl/torch-${TORCH_VERSION}.html

[2026-04-14 15:09:29,537][anemoi.graphs.edges.builders.knn][INFO] - Using KNN-Edges (with 3 nearest neighbours) between hidden and data.
[2026-04-14 15:09:29,538][anemoi.graphs.edges.builders.base][WARNING] - The 'torch-cluster' library is not installed.
Installing 'torch-cluster' can significantly improve performance for graph creation.
You can install it using:
    TORCH_VERSION=$(python -c "import torch; print(torch.__version__)")
    pip install torch-cluster -f https://data.pyg.org/whl/torch-${TORCH_VERSION}.html

[2026-04-14 15:09:29,803][anemoi.graphs.create][INFO] - Cleaning graph.
[2026-04-14 15:09:29,803][anemoi.graphs.create][INFO] - _grid_reference_distance deleted from graph.
[2026-04-14 15:09:29,803][anemoi.graphs.create][INFO] - _dataset deleted from graph.
[2026-04-14 15:09:29,803][anemoi.graphs.create][INFO] - _grid_reference_distance deleted from graph.
[2026-04-14 15:09:29,803][anemoi.graphs.create][INFO] - _nx_graph deleted from graph.
[2026-04-14 15:09:29,803][anemoi.graphs.create][INFO] - _resolutions deleted from graph.
[2026-04-14 15:09:29,804][anemoi.graphs.create][INFO] - _node_ordering deleted from graph.
[2026-04-14 15:09:29,804][anemoi.graphs.create][INFO] - _area_mask_builder deleted from graph.
[2026-04-14 15:09:29,809][anemoi.graphs.processors.post_process][INFO] - Removing 120985 edges from ('data', 'to', 'hidden').
[2026-04-14 15:09:29,812][anemoi.graphs.processors.post_process][INFO] - Recomputing edge attribute edge_length.
[2026-04-14 15:09:29,814][anemoi.graphs.processors.post_process][INFO] - Recomputing edge attribute edge_dirs.
[2026-04-14 15:09:30,359][anemoi.graphs.processors.post_process][INFO] - Removing 4649 nodes from data.
[2026-04-14 15:09:30,843][anemoi.graphs.processors.post_process][INFO] - An attribute indices_connected_nodes has been added with the indices to mask the nodes from the original graph.
[2026-04-14 15:09:31,045][anemoi.graphs.create][INFO] - Graph saved at /mnt/weatherloss/WindPower/graphs/EGU26/EGUgraph15km.pt.
[2026-04-14 15:09:31,751][anemoi.training.data.datamodule][WARNING] - Falling back rollout to: 1
[2026-04-14 15:09:31,751][anemoi.training.data.datamodule][INFO] - Timeincrement set to 1 for data with frequency, 10800, and timestep, 10800
[2026-04-14 15:09:31,752][anemoi.training.data.grid_indices][INFO] - The graph attribute indices_connected_nodes of the data nodes will be used to masking the spatial dimension.
[2026-04-14 15:09:31,753][anemoi.training.train.train][INFO] - Number of data variables: 67
[2026-04-14 15:09:31,754][anemoi.training.train.train][INFO] - Variables: ['cos_julian_day', 'cos_latitude', 'cos_longitude', 'insolation', 'lsm', 'mcc', 'msl', 'q_1000', 'q_500', 'q_600', 'q_700', 'q_750', 'q_800', 'q_850', 'q_900', 'q_950', 'sin_julian_day', 'sin_latitude', 'sin_longitude', 't2m', 't_1000', 't_500', 't_600', 't_700', 't_750', 't_800', 't_850', 't_900', 't_950', 'u_1000', 'u_500', 'u_600', 'u_700', 'u_750', 'u_800', 'u_850', 'u_900', 'u_950', 'v_1000', 'v_500', 'v_600', 'v_700', 'v_750', 'v_800', 'v_850', 'v_900', 'v_950', 'wdir100_cos', 'wdir100_sin', 'wdir10_cos', 'wdir10_sin', 'ws10', 'ws100', 'z_1000', 'z_500', 'z_600', 'z_700', 'z_750', 'z_800', 'z_850', 'z_900', 'z_950', 'z_sfc', 'power', 'capacity', 'turbinecount', 'turbinemask']
[2026-04-14 15:09:31,754][anemoi.training.train.train][INFO] - Total number of prognostic variables: 55
[2026-04-14 15:09:31,754][anemoi.training.train.train][INFO] - Total number of auxiliary variables: 12
[2026-04-14 15:09:31,754][anemoi.training.train.train][INFO] - Total GPU count / model group size: 2 - NB: the learning rate will be scaled by this factor!
[2026-04-14 15:09:31,754][anemoi.training.train.train][INFO] - Effective learning rate: 5.000e-04
[2026-04-14 15:09:31,754][anemoi.training.train.train][INFO] - Training limits: max_epochs=30, max_steps=200000. Training will stop when either limit is reached first. Learning rate scheduler will run for 200000 steps.
[2026-04-14 15:09:31,775][anemoi.models.migrations.migrator][INFO] - Loading migration 1755530253_initial
[2026-04-14 15:09:31,775][anemoi.models.migrations.migrator][INFO] - Loading migration 1762857427_deprecate_eda
[2026-04-14 15:09:31,775][anemoi.models.migrations.migrator][INFO] - Loading migration 1762857428_chunking_fix
[2026-04-14 15:09:31,775][anemoi.models.migrations.migrator][INFO] - Loading migration 1763479917_hardware_schema_update
[2026-04-14 15:09:31,810][anemoi.training.train.train][INFO] - TensorBoard logger enabled
[2026-04-14 15:09:31,812][pytorch_lightning.utilities.rank_zero][INFO] - Using 16bit Automatic Mixed Precision (AMP)
[2026-04-14 15:09:31,819][pytorch_lightning.utilities.rank_zero][INFO] - GPU available: True (cuda), used: True
[2026-04-14 15:09:31,820][pytorch_lightning.utilities.rank_zero][INFO] - TPU available: False, using: 0 TPU cores
[2026-04-14 15:09:31,857][lightning_fabric.utilities.seed][INFO] - Seed set to 455000
[2026-04-14 15:09:31,859][anemoi.training.train.train][INFO] - Initial seed: Rank 0, initial seed 455000, running with random seed: 455000
[2026-04-14 15:09:33,648][anemoi.models.preprocessing.imputer][WARNING] - If placement of NaNs for diagnostic variables in inference output is desired, this needs to be handled by postprocessors: power
[2026-04-14 15:09:33,648][anemoi.models.preprocessing.imputer][INFO] - Imputer: replacing NaNs in power with value 0.0
[2026-04-14 15:09:33,648][anemoi.models.preprocessing.imputer][INFO] - Imputer: replacing NaNs in capacity with value 0.0
[2026-04-14 15:09:33,648][anemoi.models.preprocessing.imputer][INFO] - Imputer: replacing NaNs in turbinecount with value 0.0
[2026-04-14 15:09:33,648][anemoi.models.preprocessing.imputer][INFO] - Imputer: replacing NaNs in turbinemask with value 0.0
[2026-04-14 15:09:33,650][anemoi.models.preprocessing.normalizer][INFO] - Normalizing: cos_latitude is not normalized.
[2026-04-14 15:09:33,650][anemoi.models.preprocessing.normalizer][INFO] - Normalizing: cos_longitude is not normalized.
[2026-04-14 15:09:33,650][anemoi.models.preprocessing.normalizer][INFO] - Normalizing: lsm is not normalized.
[2026-04-14 15:09:33,650][anemoi.models.preprocessing.normalizer][INFO] - Normalizing: mcc is not normalized.
[2026-04-14 15:09:33,651][anemoi.models.preprocessing.normalizer][INFO] - Normalizing: sin_latitude is not normalized.
[2026-04-14 15:09:33,651][anemoi.models.preprocessing.normalizer][INFO] - Normalizing: sin_longitude is not normalized.
[2026-04-14 15:09:33,651][anemoi.models.preprocessing.normalizer][INFO] - Normalizing: turbinemask is not normalized.
[2026-04-14 15:09:33,738][anemoi.models.layers.utils][INFO] - Linear kernel: torch.nn.Linear.
[2026-04-14 15:09:33,738][anemoi.models.layers.utils][INFO] - LayerNorm kernel: torch.nn.LayerNorm.
[2026-04-14 15:09:33,739][anemoi.models.layers.utils][INFO] - Activation kernel: torch.nn.GELU.
[2026-04-14 15:09:33,740][anemoi.models.layers.utils][INFO] - QueryNorm kernel: anemoi.models.layers.normalization.AutocastLayerNorm.
[2026-04-14 15:09:33,740][anemoi.models.layers.utils][INFO] - KeyNorm kernel: anemoi.models.layers.normalization.AutocastLayerNorm.
[2026-04-14 15:09:33,935][anemoi.models.layers.block][INFO] - GraphTransformerMapperBlock using triton graph attention backend.
[2026-04-14 15:09:33,940][anemoi.models.layers.utils][INFO] - Linear kernel: torch.nn.Linear.
[2026-04-14 15:09:33,941][anemoi.models.layers.utils][INFO] - LayerNorm kernel: torch.nn.LayerNorm.
[2026-04-14 15:09:33,941][anemoi.models.layers.utils][INFO] - Activation kernel: torch.nn.GELU.
[2026-04-14 15:09:33,942][anemoi.models.layers.utils][INFO] - QueryNorm kernel: anemoi.models.layers.normalization.AutocastLayerNorm.
[2026-04-14 15:09:33,942][anemoi.models.layers.utils][INFO] - KeyNorm kernel: anemoi.models.layers.normalization.AutocastLayerNorm.
[2026-04-14 15:09:34,134][anemoi.models.layers.block][INFO] - GraphTransformerProcessorBlock using triton graph attention backend.
[2026-04-14 15:09:34,149][anemoi.models.layers.block][INFO] - GraphTransformerProcessorBlock using triton graph attention backend.
[2026-04-14 15:09:34,163][anemoi.models.layers.block][INFO] - GraphTransformerProcessorBlock using triton graph attention backend.
[2026-04-14 15:09:34,182][anemoi.models.layers.block][INFO] - GraphTransformerProcessorBlock using triton graph attention backend.
[2026-04-14 15:09:34,242][anemoi.models.layers.block][INFO] - GraphTransformerProcessorBlock using triton graph attention backend.
[2026-04-14 15:09:34,257][anemoi.models.layers.block][INFO] - GraphTransformerProcessorBlock using triton graph attention backend.
[2026-04-14 15:09:34,275][anemoi.models.layers.block][INFO] - GraphTransformerProcessorBlock using triton graph attention backend.
[2026-04-14 15:09:34,297][anemoi.models.layers.block][INFO] - GraphTransformerProcessorBlock using triton graph attention backend.
[2026-04-14 15:09:34,302][anemoi.models.layers.utils][INFO] - Linear kernel: torch.nn.Linear.
[2026-04-14 15:09:34,302][anemoi.models.layers.utils][INFO] - LayerNorm kernel: torch.nn.LayerNorm.
[2026-04-14 15:09:34,303][anemoi.models.layers.utils][INFO] - Activation kernel: torch.nn.GELU.
[2026-04-14 15:09:34,304][anemoi.models.layers.utils][INFO] - QueryNorm kernel: anemoi.models.layers.normalization.AutocastLayerNorm.
[2026-04-14 15:09:34,304][anemoi.models.layers.utils][INFO] - KeyNorm kernel: anemoi.models.layers.normalization.AutocastLayerNorm.
[2026-04-14 15:09:34,434][anemoi.models.layers.block][INFO] - GraphTransformerMapperBlock using triton graph attention backend.
[2026-04-14 15:09:34,772][anemoi.training.losses.scalers.variable_level][INFO] - Variable Level Scaling: Applying ReluVariableLevelScaler scaling to pl variables (['q', 't', 'u', 'v', 'z'])
[2026-04-14 15:09:34,772][anemoi.training.losses.scalers.variable_level][INFO] - with slope = 0.001 and y-intercept/minimum = 0.2.
[2026-04-14 15:09:35,002][anemoi.training.data.grid_indices][INFO] - The graph attribute indices_connected_nodes of the data nodes will be used to masking the spatial dimension.
[2026-04-14 15:09:35,004][anemoi.training.train.train][INFO] - The following submodules will NOT be trained: []
[2026-04-14 15:09:35,244][lightning_fabric.utilities.distributed][INFO] - Initializing distributed: GLOBAL_RANK: 0, MEMBER: 1/2
[2026-04-14 15:11:13,386][pytorch_lightning.utilities.rank_zero][INFO] - ----------------------------------------------------------------------------------------------------
distributed_backend=nccl
All distributed processes registered. Starting with 2 processes
----------------------------------------------------------------------------------------------------

[2026-04-14 15:11:13,835][pytorch_lightning.accelerators.cuda][INFO] - LOCAL_RANK: 0 - CUDA_VISIBLE_DEVICES: [0,1]
[2026-04-14 15:11:13,982][lightning_fabric.utilities.seed][INFO] - [rank: 0] Seed set to 455000
[2026-04-14 15:11:29,175][anemoi.training.data.datamodule][WARNING] - Falling back rollout to: 1
[2026-04-14 15:11:29,176][anemoi.training.data.dataset][INFO] - NativeGridDataset.set_group_info(): global_rank 0, model_comm_group_id 0, model_comm_group_rank 0, model_comm_num_groups 2, reader_group_rank 0
[2026-04-14 15:11:29,836][anemoi.training.data.dataset][INFO] - Worker 0 (pid 9738, global_rank 0, model comm group 0)  has low/high range 0 / 90
[2026-04-14 15:11:29,838][anemoi.training.data.dataset][INFO] - Worker 0 (validation, pid 9738, glob. rank 0, model comm group 0, group_rank 0, seed group id 0, base_seed 455000, sanity rnd 0.904419)
[2026-04-14 15:11:30,435][anemoi.training.data.dataset][INFO] - Worker 1 (pid 9833, global_rank 0, model comm group 0)  has low/high range 90 / 180
[2026-04-14 15:11:30,635][anemoi.training.data.dataset][INFO] - Worker 1 (validation, pid 9833, glob. rank 0, model comm group 0, group_rank 0, seed group id 0, base_seed 455000, sanity rnd 0.904419)
[2026-04-14 15:11:31,539][anemoi.training.data.dataset][INFO] - Worker 2 (pid 9931, global_rank 0, model comm group 0)  has low/high range 180 / 270
[2026-04-14 15:11:31,636][anemoi.training.data.dataset][INFO] - Worker 2 (validation, pid 9931, glob. rank 0, model comm group 0, group_rank 0, seed group id 0, base_seed 455000, sanity rnd 0.904419)
[2026-04-14 15:11:32,335][anemoi.training.data.dataset][INFO] - Worker 3 (pid 10032, global_rank 0, model comm group 0)  has low/high range 270 / 360
[2026-04-14 15:11:32,338][anemoi.training.data.dataset][INFO] - Worker 3 (validation, pid 10032, glob. rank 0, model comm group 0, group_rank 0, seed group id 0, base_seed 455000, sanity rnd 0.904419)
[2026-04-14 15:11:33,935][anemoi.training.data.dataset][INFO] - Worker 4 (pid 10128, global_rank 0, model comm group 0)  has low/high range 360 / 450
[2026-04-14 15:11:33,938][anemoi.training.data.dataset][INFO] - Worker 4 (validation, pid 10128, glob. rank 0, model comm group 0, group_rank 0, seed group id 0, base_seed 455000, sanity rnd 0.904419)
[2026-04-14 15:11:34,034][anemoi.training.data.dataset][INFO] - Worker 5 (pid 10182, global_rank 0, model comm group 0)  has low/high range 450 / 540
[2026-04-14 15:11:34,039][anemoi.training.data.dataset][INFO] - Worker 5 (validation, pid 10182, glob. rank 0, model comm group 0, group_rank 0, seed group id 0, base_seed 455000, sanity rnd 0.904419)
[2026-04-14 15:11:35,335][anemoi.training.data.dataset][INFO] - Worker 7 (pid 10375, global_rank 0, model comm group 0)  has low/high range 630 / 720
[2026-04-14 15:11:35,337][anemoi.training.data.dataset][INFO] - Worker 6 (pid 10277, global_rank 0, model comm group 0)  has low/high range 540 / 630
[2026-04-14 15:11:35,433][anemoi.training.data.dataset][INFO] - Worker 7 (validation, pid 10375, glob. rank 0, model comm group 0, group_rank 0, seed group id 0, base_seed 455000, sanity rnd 0.904419)
[2026-04-14 15:11:35,534][anemoi.training.data.dataset][INFO] - Worker 6 (validation, pid 10277, glob. rank 0, model comm group 0, group_rank 0, seed group id 0, base_seed 455000, sanity rnd 0.904419)
[2026-04-14 15:11:35,638][anemoi.models.data_indices.collection][INFO] - The order of the variables in the model matches the order in the data.
[2026-04-14 15:11:41,359][anemoi.training.data.dataset][INFO] - NativeGridDataset.set_group_info(): global_rank 0, model_comm_group_id 0, model_comm_group_rank 0, model_comm_num_groups 2, reader_group_rank 0
[2026-04-14 15:11:41,638][anemoi.training.data.dataset][INFO] - Worker 0 (pid 10657, global_rank 0, model comm group 0)  has low/high range 0 / 1658
[2026-04-14 15:11:41,735][anemoi.training.data.dataset][INFO] - Worker 0 (train, pid 10657, glob. rank 0, model comm group 0, group_rank 0, seed group id 0, base_seed 455000, sanity rnd 0.904419)
[2026-04-14 15:11:43,238][anemoi.training.data.dataset][INFO] - Worker 1 (pid 10754, global_rank 0, model comm group 0)  has low/high range 1658 / 3316
[2026-04-14 15:11:43,536][anemoi.training.data.dataset][INFO] - Worker 1 (train, pid 10754, glob. rank 0, model comm group 0, group_rank 0, seed group id 0, base_seed 455000, sanity rnd 0.904419)
[2026-04-14 15:11:43,836][anemoi.training.data.dataset][INFO] - Worker 2 (pid 10849, global_rank 0, model comm group 0)  has low/high range 3316 / 4974
[2026-04-14 15:11:43,933][anemoi.training.data.dataset][INFO] - Worker 2 (train, pid 10849, glob. rank 0, model comm group 0, group_rank 0, seed group id 0, base_seed 455000, sanity rnd 0.904419)
[2026-04-14 15:11:45,136][anemoi.training.data.dataset][INFO] - Worker 3 (pid 10945, global_rank 0, model comm group 0)  has low/high range 4974 / 6632
[2026-04-14 15:11:45,138][anemoi.training.data.dataset][INFO] - Worker 3 (train, pid 10945, glob. rank 0, model comm group 0, group_rank 0, seed group id 0, base_seed 455000, sanity rnd 0.904419)
[2026-04-14 15:11:45,738][anemoi.training.data.dataset][INFO] - Worker 4 (pid 11041, global_rank 0, model comm group 0)  has low/high range 6632 / 8290
[2026-04-14 15:11:45,837][anemoi.training.data.dataset][INFO] - Worker 4 (train, pid 11041, glob. rank 0, model comm group 0, group_rank 0, seed group id 0, base_seed 455000, sanity rnd 0.904419)
[2026-04-14 15:11:46,639][anemoi.training.data.dataset][INFO] - Worker 5 (pid 11142, global_rank 0, model comm group 0)  has low/high range 8290 / 9948
[2026-04-14 15:11:46,737][anemoi.training.data.dataset][INFO] - Worker 5 (train, pid 11142, glob. rank 0, model comm group 0, group_rank 0, seed group id 0, base_seed 455000, sanity rnd 0.904419)
[2026-04-14 15:11:47,636][anemoi.training.data.dataset][INFO] - Worker 6 (pid 11241, global_rank 0, model comm group 0)  has low/high range 9948 / 11606
[2026-04-14 15:11:47,735][anemoi.training.data.dataset][INFO] - Worker 6 (train, pid 11241, glob. rank 0, model comm group 0, group_rank 0, seed group id 0, base_seed 455000, sanity rnd 0.904419)
[2026-04-14 15:11:48,235][anemoi.training.data.dataset][INFO] - Worker 7 (pid 11305, global_rank 0, model comm group 0)  has low/high range 11606 / 13264
[2026-04-14 15:11:48,334][anemoi.training.data.dataset][INFO] - Worker 7 (train, pid 11305, glob. rank 0, model comm group 0, group_rank 0, seed group id 0, base_seed 455000, sanity rnd 0.904419)
[2026-04-14 15:11:50,454][anemoi.models.data_indices.collection][INFO] - The order of the variables in the model matches the order in the data.
[2026-04-14 19:21:42,175][lightning_fabric.strategies.launchers.subprocess_script][INFO] - [rank: 1] Child process with PID 8482 terminated with code -6. Forcefully terminating all other processes to avoid zombies 🧟
