[2026-04-19 19:06:53,060][anemoi.training.train.train][INFO] - Skipping config validation.
[2026-04-19 19:06:53,061][anemoi.training.train.train][INFO] - Starting from checkpoint: True
[2026-04-19 19:06:53,061][anemoi.training.train.train][INFO] - Run id: BigTransformer
[2026-04-19 19:06:53,061][anemoi.training.train.train][INFO] - Checkpoints path: {'root': PosixPath('/mnt/weatherloss/WindPower/training/EGU26/BigTransformer/checkpoint/BigTransformer'), 'every_n_epochs': 'anemoi-by_epoch-epoch_{epoch:03d}-step_{step:06d}', 'every_n_train_steps': 'anemoi-by_step-epoch_{epoch:03d}-step_{step:06d}', 'every_n_minutes': 'anemoi-by_time-epoch_{epoch:03d}-step_{step:06d}'}
[2026-04-19 19:06:53,061][anemoi.training.train.train][INFO] - Plots path: /mnt/weatherloss/WindPower/training/EGU26/BigTransformer/plots/BigTransformer
[2026-04-19 19:06:53,709][anemoi.graphs.nodes.builders.from_file][INFO] - Reading the dataset from {'cutout': [{'dataset': '/mnt/weatherloss/WindPower/data/EGU26/Anemoidatasets/New_Cerra_A_large.zarr'}, {'dataset': '/mnt/weatherloss/WindPower/data/EGU26/Anemoidatasets/era5_A_large.zarr'}], 'min_distance_km': 0, 'adjust': 'all'}.
[2026-04-19 19:06:58,341][anemoi.graphs.generate.masks][INFO] - Fitting KNNAreaMaskBuilder with 72668 reference nodes from "data (cutout)".
[2026-04-19 19:07:58,042][anemoi.graphs.edges.builders.knn][INFO] - Using KNN-Edges (with 12 nearest neighbours) between data and hidden.
[2026-04-19 19:07:58,062][anemoi.graphs.edges.builders.base][WARNING] - The 'torch-cluster' library is not installed.
Installing 'torch-cluster' can significantly improve performance for graph creation.
You can install it using:
    TORCH_VERSION=$(python -c "import torch; print(torch.__version__)")
    pip install torch-cluster -f https://data.pyg.org/whl/torch-${TORCH_VERSION}.html

[2026-04-19 19:07:58,478][anemoi.graphs.edges.builders.cutoff][INFO] - Using CutOff-Edges (with radius = 15.0 km [direct]) between data and hidden.
[2026-04-19 19:07:58,479][anemoi.graphs.edges.builders.base][WARNING] - The 'torch-cluster' library is not installed.
Installing 'torch-cluster' can significantly improve performance for graph creation.
You can install it using:
    TORCH_VERSION=$(python -c "import torch; print(torch.__version__)")
    pip install torch-cluster -f https://data.pyg.org/whl/torch-${TORCH_VERSION}.html

[2026-04-19 19:09:58,428][anemoi.graphs.edges.builders.knn][INFO] - Using KNN-Edges (with 3 nearest neighbours) between hidden and data.
[2026-04-19 19:09:58,430][anemoi.graphs.edges.builders.base][WARNING] - The 'torch-cluster' library is not installed.
Installing 'torch-cluster' can significantly improve performance for graph creation.
You can install it using:
    TORCH_VERSION=$(python -c "import torch; print(torch.__version__)")
    pip install torch-cluster -f https://data.pyg.org/whl/torch-${TORCH_VERSION}.html

[2026-04-19 19:09:58,968][anemoi.graphs.create][INFO] - Cleaning graph.
[2026-04-19 19:09:58,968][anemoi.graphs.create][INFO] - _grid_reference_distance deleted from graph.
[2026-04-19 19:09:58,968][anemoi.graphs.create][INFO] - _dataset deleted from graph.
[2026-04-19 19:09:58,968][anemoi.graphs.create][INFO] - _grid_reference_distance deleted from graph.
[2026-04-19 19:09:58,968][anemoi.graphs.create][INFO] - _nx_graph deleted from graph.
[2026-04-19 19:09:58,968][anemoi.graphs.create][INFO] - _resolutions deleted from graph.
[2026-04-19 19:09:58,969][anemoi.graphs.create][INFO] - _area_mask_builder deleted from graph.
[2026-04-19 19:09:58,969][anemoi.graphs.create][INFO] - _node_ordering deleted from graph.
[2026-04-19 19:09:59,016][anemoi.graphs.processors.post_process][INFO] - Removing 120985 edges from ('data', 'to', 'hidden').
[2026-04-19 19:09:59,816][anemoi.graphs.processors.post_process][INFO] - Recomputing edge attribute edge_length.
[2026-04-19 19:09:59,920][anemoi.graphs.processors.post_process][INFO] - Recomputing edge attribute edge_dirs.
[2026-04-19 19:10:00,317][anemoi.graphs.processors.post_process][INFO] - Removing 4649 nodes from data.
[2026-04-19 19:10:03,719][anemoi.graphs.processors.post_process][INFO] - An attribute indices_connected_nodes has been added with the indices to mask the nodes from the original graph.
[2026-04-19 19:10:04,225][anemoi.graphs.create][INFO] - Graph saved at /mnt/weatherloss/WindPower/graphs/EGU26/EGUgraph15km.pt.
[2026-04-19 19:10:05,135][anemoi.training.data.datamodule][INFO] - Timeincrement set to 1 for data with frequency, 10800, and timestep, 10800
[2026-04-19 19:10:05,136][anemoi.training.data.grid_indices][INFO] - The graph attribute indices_connected_nodes of the data nodes will be used to masking the spatial dimension.
[2026-04-19 19:10:05,137][anemoi.training.train.train][INFO] - Number of data variables: 67
[2026-04-19 19:10:05,137][anemoi.training.train.train][INFO] - Variables: ['cos_julian_day', 'cos_latitude', 'cos_longitude', 'insolation', 'lsm', 'mcc', 'msl', 'q_1000', 'q_500', 'q_600', 'q_700', 'q_750', 'q_800', 'q_850', 'q_900', 'q_950', 'sin_julian_day', 'sin_latitude', 'sin_longitude', 't2m', 't_1000', 't_500', 't_600', 't_700', 't_750', 't_800', 't_850', 't_900', 't_950', 'u_1000', 'u_500', 'u_600', 'u_700', 'u_750', 'u_800', 'u_850', 'u_900', 'u_950', 'v_1000', 'v_500', 'v_600', 'v_700', 'v_750', 'v_800', 'v_850', 'v_900', 'v_950', 'wdir100_cos', 'wdir100_sin', 'wdir10_cos', 'wdir10_sin', 'ws10', 'ws100', 'z_1000', 'z_500', 'z_600', 'z_700', 'z_750', 'z_800', 'z_850', 'z_900', 'z_950', 'z_sfc', 'power', 'capacity', 'turbinecount', 'turbinemask']
[2026-04-19 19:10:05,138][anemoi.training.train.train][INFO] - Total number of prognostic variables: 55
[2026-04-19 19:10:05,139][anemoi.training.train.train][INFO] - Total number of auxiliary variables: 12
[2026-04-19 19:10:05,139][anemoi.training.train.train][INFO] - Total GPU count / model group size: 2 - NB: the learning rate will be scaled by this factor!
[2026-04-19 19:10:05,139][anemoi.training.train.train][INFO] - Effective learning rate: 1.280e-05
[2026-04-19 19:10:05,139][anemoi.training.train.train][INFO] - Training limits: max_epochs=40, max_steps=210000. Training will stop when either limit is reached first. Learning rate scheduler will run for 10000 steps.
[2026-04-19 19:10:05,171][anemoi.models.migrations.migrator][INFO] - Loading migration 1755530253_initial
[2026-04-19 19:10:05,171][anemoi.models.migrations.migrator][INFO] - Loading migration 1762857427_deprecate_eda
[2026-04-19 19:10:05,171][anemoi.models.migrations.migrator][INFO] - Loading migration 1762857428_chunking_fix
[2026-04-19 19:10:05,171][anemoi.models.migrations.migrator][INFO] - Loading migration 1763479917_hardware_schema_update
[2026-04-19 19:10:05,635][anemoi.training.train.train][INFO] - TensorBoard logger enabled
[2026-04-19 19:10:05,637][pytorch_lightning.utilities.rank_zero][INFO] - Using 16bit Automatic Mixed Precision (AMP)
[2026-04-19 19:10:05,648][pytorch_lightning.utilities.rank_zero][INFO] - GPU available: True (cuda), used: True
[2026-04-19 19:10:05,648][pytorch_lightning.utilities.rank_zero][INFO] - TPU available: False, using: 0 TPU cores
[2026-04-19 19:10:05,705][lightning_fabric.utilities.seed][INFO] - Seed set to 4266
[2026-04-19 19:10:05,708][anemoi.training.train.train][INFO] - Initial seed: Rank 0, initial seed 4266, running with random seed: 4266
[2026-04-19 19:10:08,461][anemoi.models.preprocessing.imputer][WARNING] - If placement of NaNs for diagnostic variables in inference output is desired, this needs to be handled by postprocessors: power
[2026-04-19 19:10:08,461][anemoi.models.preprocessing.imputer][INFO] - Imputer: replacing NaNs in power with value 0.0
[2026-04-19 19:10:08,461][anemoi.models.preprocessing.imputer][INFO] - Imputer: replacing NaNs in capacity with value 0.0
[2026-04-19 19:10:08,461][anemoi.models.preprocessing.imputer][INFO] - Imputer: replacing NaNs in turbinecount with value 0.0
[2026-04-19 19:10:08,461][anemoi.models.preprocessing.imputer][INFO] - Imputer: replacing NaNs in turbinemask with value 0.0
[2026-04-19 19:10:08,464][anemoi.models.preprocessing.normalizer][INFO] - Normalizing: cos_latitude is not normalized.
[2026-04-19 19:10:08,464][anemoi.models.preprocessing.normalizer][INFO] - Normalizing: cos_longitude is not normalized.
[2026-04-19 19:10:08,464][anemoi.models.preprocessing.normalizer][INFO] - Normalizing: lsm is not normalized.
[2026-04-19 19:10:08,464][anemoi.models.preprocessing.normalizer][INFO] - Normalizing: mcc is not normalized.
[2026-04-19 19:10:08,464][anemoi.models.preprocessing.normalizer][INFO] - Normalizing: sin_latitude is not normalized.
[2026-04-19 19:10:08,464][anemoi.models.preprocessing.normalizer][INFO] - Normalizing: sin_longitude is not normalized.
[2026-04-19 19:10:08,465][anemoi.models.preprocessing.normalizer][INFO] - Normalizing: turbinemask is not normalized.
[2026-04-19 19:10:09,322][anemoi.models.layers.utils][INFO] - Linear kernel: torch.nn.Linear.
[2026-04-19 19:10:09,322][anemoi.models.layers.utils][INFO] - LayerNorm kernel: torch.nn.LayerNorm.
[2026-04-19 19:10:09,416][anemoi.models.layers.utils][INFO] - Activation kernel: torch.nn.GELU.
[2026-04-19 19:10:09,418][anemoi.models.layers.utils][INFO] - QueryNorm kernel: anemoi.models.layers.normalization.AutocastLayerNorm.
[2026-04-19 19:10:09,419][anemoi.models.layers.utils][INFO] - KeyNorm kernel: anemoi.models.layers.normalization.AutocastLayerNorm.
[2026-04-19 19:10:10,219][anemoi.models.layers.block][INFO] - GraphTransformerMapperBlock using triton graph attention backend.
[2026-04-19 19:10:10,225][anemoi.models.layers.utils][INFO] - Linear kernel: torch.nn.Linear.
[2026-04-19 19:10:10,226][anemoi.models.layers.utils][INFO] - LayerNorm kernel: torch.nn.LayerNorm.
[2026-04-19 19:10:10,227][anemoi.models.layers.utils][INFO] - Activation kernel: torch.nn.GELU.
[2026-04-19 19:10:10,227][anemoi.models.layers.utils][INFO] - QueryNorm kernel: anemoi.models.layers.normalization.AutocastLayerNorm.
[2026-04-19 19:10:10,228][anemoi.models.layers.utils][INFO] - KeyNorm kernel: anemoi.models.layers.normalization.AutocastLayerNorm.
[2026-04-19 19:10:10,513][anemoi.models.layers.attention][INFO] - Using flash attention v2
[2026-04-19 19:10:10,535][anemoi.models.layers.attention][INFO] - Using flash attention v2
[2026-04-19 19:10:10,555][anemoi.models.layers.attention][INFO] - Using flash attention v2
[2026-04-19 19:10:10,575][anemoi.models.layers.attention][INFO] - Using flash attention v2
[2026-04-19 19:10:10,595][anemoi.models.layers.attention][INFO] - Using flash attention v2
[2026-04-19 19:10:10,623][anemoi.models.layers.attention][INFO] - Using flash attention v2
[2026-04-19 19:10:10,644][anemoi.models.layers.attention][INFO] - Using flash attention v2
[2026-04-19 19:10:10,664][anemoi.models.layers.attention][INFO] - Using flash attention v2
[2026-04-19 19:10:10,684][anemoi.models.layers.attention][INFO] - Using flash attention v2
[2026-04-19 19:10:10,704][anemoi.models.layers.attention][INFO] - Using flash attention v2
[2026-04-19 19:10:10,732][anemoi.models.layers.attention][INFO] - Using flash attention v2
[2026-04-19 19:10:10,756][anemoi.models.layers.attention][INFO] - Using flash attention v2
[2026-04-19 19:10:10,788][anemoi.models.layers.utils][INFO] - Linear kernel: torch.nn.Linear.
[2026-04-19 19:10:10,788][anemoi.models.layers.utils][INFO] - LayerNorm kernel: torch.nn.LayerNorm.
[2026-04-19 19:10:10,789][anemoi.models.layers.utils][INFO] - Activation kernel: torch.nn.GELU.
[2026-04-19 19:10:10,789][anemoi.models.layers.utils][INFO] - QueryNorm kernel: anemoi.models.layers.normalization.AutocastLayerNorm.
[2026-04-19 19:10:10,790][anemoi.models.layers.utils][INFO] - KeyNorm kernel: anemoi.models.layers.normalization.AutocastLayerNorm.
[2026-04-19 19:10:11,719][anemoi.models.layers.block][INFO] - GraphTransformerMapperBlock using triton graph attention backend.
[2026-04-19 19:10:13,824][anemoi.training.losses.scalers.variable_level][INFO] - Variable Level Scaling: Applying ReluVariableLevelScaler scaling to pl variables (['q', 't', 'u', 'v', 'z'])
[2026-04-19 19:10:13,824][anemoi.training.losses.scalers.variable_level][INFO] - with slope = 0.001 and y-intercept/minimum = 0.2.
[2026-04-19 19:10:14,651][anemoi.training.data.grid_indices][INFO] - The graph attribute indices_connected_nodes of the data nodes will be used to masking the spatial dimension.
[2026-04-19 19:10:14,653][anemoi.training.train.train][INFO] - The following submodules will NOT be trained: []
[2026-04-19 19:10:14,654][anemoi.training.train.train][INFO] - Resuming training from last checkpoint: /mnt/weatherloss/WindPower/training/EGU26/BigTransformer/checkpoint/BigTransformer/last.ckpt
[2026-04-19 19:10:15,522][lightning_fabric.utilities.distributed][INFO] - Initializing distributed: GLOBAL_RANK: 0, MEMBER: 1/2
