[2026-04-14 15:06:40,789][anemoi.training.train.train][INFO] - Skipping config validation.
[2026-04-14 15:06:40,789][anemoi.training.train.train][INFO] - Starting from checkpoint: False
[2026-04-14 15:06:40,789][anemoi.training.train.train][INFO] - Run id: 569884c0-3f04-4545-889d-4dfe531ad2c4
[2026-04-14 15:06:40,789][anemoi.training.train.train][INFO] - Checkpoints path: {'root': PosixPath('/mnt/weatherloss/WindPower/training/EGU26/BigTransformer/checkpoint/569884c0-3f04-4545-889d-4dfe531ad2c4'), 'every_n_epochs': 'anemoi-by_epoch-epoch_{epoch:03d}-step_{step:06d}', 'every_n_train_steps': 'anemoi-by_step-epoch_{epoch:03d}-step_{step:06d}', 'every_n_minutes': 'anemoi-by_time-epoch_{epoch:03d}-step_{step:06d}'}
[2026-04-14 15:06:40,789][anemoi.training.train.train][INFO] - Plots path: /mnt/weatherloss/WindPower/training/EGU26/BigTransformer/plots/569884c0-3f04-4545-889d-4dfe531ad2c4
[2026-04-14 15:06:41,222][anemoi.graphs.nodes.builders.from_file][INFO] - Reading the dataset from {'cutout': [{'dataset': '/mnt/weatherloss/WindPower/data/EGU26/Anemoidatasets/New_Cerra_A_large.zarr'}, {'dataset': '/mnt/weatherloss/WindPower/data/EGU26/Anemoidatasets/era5_A_large.zarr'}], 'min_distance_km': 0, 'adjust': 'all'}.
[2026-04-14 15:06:42,899][anemoi.graphs.generate.masks][INFO] - Fitting KNNAreaMaskBuilder with 72668 reference nodes from "data (cutout)".
[2026-04-14 15:06:59,694][anemoi.graphs.edges.builders.knn][INFO] - Using KNN-Edges (with 12 nearest neighbours) between data and hidden.
[2026-04-14 15:06:59,716][anemoi.graphs.edges.builders.base][WARNING] - The 'torch-cluster' library is not installed.
Installing 'torch-cluster' can significantly improve performance for graph creation.
You can install it using:
    TORCH_VERSION=$(python -c "import torch; print(torch.__version__)")
    pip install torch-cluster -f https://data.pyg.org/whl/torch-${TORCH_VERSION}.html

[2026-04-14 15:06:59,945][anemoi.graphs.edges.builders.cutoff][INFO] - Using CutOff-Edges (with radius = 15.0 km [direct]) between data and hidden.
[2026-04-14 15:06:59,946][anemoi.graphs.edges.builders.base][WARNING] - The 'torch-cluster' library is not installed.
Installing 'torch-cluster' can significantly improve performance for graph creation.
You can install it using:
    TORCH_VERSION=$(python -c "import torch; print(torch.__version__)")
    pip install torch-cluster -f https://data.pyg.org/whl/torch-${TORCH_VERSION}.html

[2026-04-14 15:07:46,768][anemoi.graphs.edges.builders.knn][INFO] - Using KNN-Edges (with 3 nearest neighbours) between hidden and data.
[2026-04-14 15:07:46,769][anemoi.graphs.edges.builders.base][WARNING] - The 'torch-cluster' library is not installed.
Installing 'torch-cluster' can significantly improve performance for graph creation.
You can install it using:
    TORCH_VERSION=$(python -c "import torch; print(torch.__version__)")
    pip install torch-cluster -f https://data.pyg.org/whl/torch-${TORCH_VERSION}.html

[2026-04-14 15:07:47,083][anemoi.graphs.create][INFO] - Cleaning graph.
[2026-04-14 15:07:47,083][anemoi.graphs.create][INFO] - _grid_reference_distance deleted from graph.
[2026-04-14 15:07:47,083][anemoi.graphs.create][INFO] - _dataset deleted from graph.
[2026-04-14 15:07:47,083][anemoi.graphs.create][INFO] - _grid_reference_distance deleted from graph.
[2026-04-14 15:07:47,084][anemoi.graphs.create][INFO] - _node_ordering deleted from graph.
[2026-04-14 15:07:47,084][anemoi.graphs.create][INFO] - _resolutions deleted from graph.
[2026-04-14 15:07:47,084][anemoi.graphs.create][INFO] - _area_mask_builder deleted from graph.
[2026-04-14 15:07:47,084][anemoi.graphs.create][INFO] - _nx_graph deleted from graph.
[2026-04-14 15:07:47,089][anemoi.graphs.processors.post_process][INFO] - Removing 120985 edges from ('data', 'to', 'hidden').
[2026-04-14 15:07:47,092][anemoi.graphs.processors.post_process][INFO] - Recomputing edge attribute edge_length.
[2026-04-14 15:07:47,094][anemoi.graphs.processors.post_process][INFO] - Recomputing edge attribute edge_dirs.
[2026-04-14 15:07:47,165][anemoi.graphs.processors.post_process][INFO] - Removing 4649 nodes from data.
[2026-04-14 15:07:47,877][anemoi.graphs.processors.post_process][INFO] - An attribute indices_connected_nodes has been added with the indices to mask the nodes from the original graph.
[2026-04-14 15:07:47,997][anemoi.graphs.create][INFO] - Graph saved at /mnt/weatherloss/WindPower/graphs/EGU26/EGUgraph15km.pt.
[2026-04-14 15:07:48,743][anemoi.training.data.datamodule][WARNING] - Falling back rollout to: 1
[2026-04-14 15:07:48,743][anemoi.training.data.datamodule][INFO] - Timeincrement set to 1 for data with frequency, 10800, and timestep, 10800
[2026-04-14 15:07:48,744][anemoi.training.data.grid_indices][INFO] - The graph attribute indices_connected_nodes of the data nodes will be used to masking the spatial dimension.
[2026-04-14 15:07:48,746][anemoi.training.train.train][INFO] - Number of data variables: 67
[2026-04-14 15:07:48,747][anemoi.training.train.train][INFO] - Variables: ['cos_julian_day', 'cos_latitude', 'cos_longitude', 'insolation', 'lsm', 'mcc', 'msl', 'q_1000', 'q_500', 'q_600', 'q_700', 'q_750', 'q_800', 'q_850', 'q_900', 'q_950', 'sin_julian_day', 'sin_latitude', 'sin_longitude', 't2m', 't_1000', 't_500', 't_600', 't_700', 't_750', 't_800', 't_850', 't_900', 't_950', 'u_1000', 'u_500', 'u_600', 'u_700', 'u_750', 'u_800', 'u_850', 'u_900', 'u_950', 'v_1000', 'v_500', 'v_600', 'v_700', 'v_750', 'v_800', 'v_850', 'v_900', 'v_950', 'wdir100_cos', 'wdir100_sin', 'wdir10_cos', 'wdir10_sin', 'ws10', 'ws100', 'z_1000', 'z_500', 'z_600', 'z_700', 'z_750', 'z_800', 'z_850', 'z_900', 'z_950', 'z_sfc', 'power', 'capacity', 'turbinecount', 'turbinemask']
[2026-04-14 15:07:48,747][anemoi.training.train.train][INFO] - Total number of prognostic variables: 55
[2026-04-14 15:07:48,747][anemoi.training.train.train][INFO] - Total number of auxiliary variables: 12
[2026-04-14 15:07:48,747][anemoi.training.train.train][INFO] - Total GPU count / model group size: 2 - NB: the learning rate will be scaled by this factor!
[2026-04-14 15:07:48,747][anemoi.training.train.train][INFO] - Effective learning rate: 2.500e-04
[2026-04-14 15:07:48,747][anemoi.training.train.train][INFO] - Training limits: max_epochs=30, max_steps=200000. Training will stop when either limit is reached first. Learning rate scheduler will run for 200000 steps.
[2026-04-14 15:07:48,778][anemoi.models.migrations.migrator][INFO] - Loading migration 1755530253_initial
[2026-04-14 15:07:48,778][anemoi.models.migrations.migrator][INFO] - Loading migration 1762857427_deprecate_eda
[2026-04-14 15:07:48,778][anemoi.models.migrations.migrator][INFO] - Loading migration 1762857428_chunking_fix
[2026-04-14 15:07:48,778][anemoi.models.migrations.migrator][INFO] - Loading migration 1763479917_hardware_schema_update
[2026-04-14 15:07:49,136][anemoi.training.train.train][INFO] - TensorBoard logger enabled
[2026-04-14 15:07:49,205][anemoi.training.train.train][INFO] - Initial seed: Rank 1, initial seed 4552, running with random seed: 4552
[2026-04-14 15:07:51,114][anemoi.models.preprocessing.imputer][WARNING] - If placement of NaNs for diagnostic variables in inference output is desired, this needs to be handled by postprocessors: power
[2026-04-14 15:07:51,114][anemoi.models.preprocessing.imputer][INFO] - Imputer: replacing NaNs in power with value 0.0
[2026-04-14 15:07:51,114][anemoi.models.preprocessing.imputer][INFO] - Imputer: replacing NaNs in capacity with value 0.0
[2026-04-14 15:07:51,114][anemoi.models.preprocessing.imputer][INFO] - Imputer: replacing NaNs in turbinecount with value 0.0
[2026-04-14 15:07:51,114][anemoi.models.preprocessing.imputer][INFO] - Imputer: replacing NaNs in turbinemask with value 0.0
[2026-04-14 15:07:51,117][anemoi.models.preprocessing.normalizer][INFO] - Normalizing: cos_latitude is not normalized.
[2026-04-14 15:07:51,118][anemoi.models.preprocessing.normalizer][INFO] - Normalizing: cos_longitude is not normalized.
[2026-04-14 15:07:51,118][anemoi.models.preprocessing.normalizer][INFO] - Normalizing: lsm is not normalized.
[2026-04-14 15:07:51,118][anemoi.models.preprocessing.normalizer][INFO] - Normalizing: mcc is not normalized.
[2026-04-14 15:07:51,118][anemoi.models.preprocessing.normalizer][INFO] - Normalizing: sin_latitude is not normalized.
[2026-04-14 15:07:51,120][anemoi.models.preprocessing.normalizer][INFO] - Normalizing: sin_longitude is not normalized.
[2026-04-14 15:07:51,120][anemoi.models.preprocessing.normalizer][INFO] - Normalizing: turbinemask is not normalized.
[2026-04-14 15:07:51,268][anemoi.models.layers.utils][INFO] - Linear kernel: torch.nn.Linear.
[2026-04-14 15:07:51,269][anemoi.models.layers.utils][INFO] - LayerNorm kernel: torch.nn.LayerNorm.
[2026-04-14 15:07:51,270][anemoi.models.layers.utils][INFO] - Activation kernel: torch.nn.GELU.
[2026-04-14 15:07:51,272][anemoi.models.layers.utils][INFO] - QueryNorm kernel: anemoi.models.layers.normalization.AutocastLayerNorm.
[2026-04-14 15:07:51,273][anemoi.models.layers.utils][INFO] - KeyNorm kernel: anemoi.models.layers.normalization.AutocastLayerNorm.
[2026-04-14 15:07:51,566][anemoi.models.layers.block][INFO] - GraphTransformerMapperBlock using triton graph attention backend.
[2026-04-14 15:07:51,578][anemoi.models.layers.utils][INFO] - Linear kernel: torch.nn.Linear.
[2026-04-14 15:07:51,579][anemoi.models.layers.utils][INFO] - LayerNorm kernel: torch.nn.LayerNorm.
[2026-04-14 15:07:51,580][anemoi.models.layers.utils][INFO] - Activation kernel: torch.nn.GELU.
[2026-04-14 15:07:51,581][anemoi.models.layers.utils][INFO] - QueryNorm kernel: anemoi.models.layers.normalization.AutocastLayerNorm.
[2026-04-14 15:07:51,583][anemoi.models.layers.utils][INFO] - KeyNorm kernel: anemoi.models.layers.normalization.AutocastLayerNorm.
[2026-04-14 15:07:51,770][anemoi.models.layers.attention][INFO] - Using flash attention v2
[2026-04-14 15:07:51,796][anemoi.models.layers.attention][INFO] - Using flash attention v2
[2026-04-14 15:07:51,825][anemoi.models.layers.attention][INFO] - Using flash attention v2
[2026-04-14 15:07:51,851][anemoi.models.layers.attention][INFO] - Using flash attention v2
[2026-04-14 15:07:51,878][anemoi.models.layers.attention][INFO] - Using flash attention v2
[2026-04-14 15:07:51,906][anemoi.models.layers.attention][INFO] - Using flash attention v2
[2026-04-14 15:07:51,933][anemoi.models.layers.attention][INFO] - Using flash attention v2
[2026-04-14 15:07:51,959][anemoi.models.layers.attention][INFO] - Using flash attention v2
[2026-04-14 15:07:51,985][anemoi.models.layers.attention][INFO] - Using flash attention v2
[2026-04-14 15:07:52,012][anemoi.models.layers.attention][INFO] - Using flash attention v2
[2026-04-14 15:07:52,038][anemoi.models.layers.attention][INFO] - Using flash attention v2
[2026-04-14 15:07:52,065][anemoi.models.layers.attention][INFO] - Using flash attention v2
[2026-04-14 15:07:52,096][anemoi.models.layers.utils][INFO] - Linear kernel: torch.nn.Linear.
[2026-04-14 15:07:52,097][anemoi.models.layers.utils][INFO] - LayerNorm kernel: torch.nn.LayerNorm.
[2026-04-14 15:07:52,097][anemoi.models.layers.utils][INFO] - Activation kernel: torch.nn.GELU.
[2026-04-14 15:07:52,098][anemoi.models.layers.utils][INFO] - QueryNorm kernel: anemoi.models.layers.normalization.AutocastLayerNorm.
[2026-04-14 15:07:52,099][anemoi.models.layers.utils][INFO] - KeyNorm kernel: anemoi.models.layers.normalization.AutocastLayerNorm.
[2026-04-14 15:07:52,186][anemoi.models.layers.block][INFO] - GraphTransformerMapperBlock using triton graph attention backend.
[2026-04-14 15:07:52,447][anemoi.training.losses.scalers.variable_level][INFO] - Variable Level Scaling: Applying ReluVariableLevelScaler scaling to pl variables (['q', 't', 'u', 'v', 'z'])
[2026-04-14 15:07:52,448][anemoi.training.losses.scalers.variable_level][INFO] - with slope = 0.001 and y-intercept/minimum = 0.2.
[2026-04-14 15:07:52,681][anemoi.training.data.grid_indices][INFO] - The graph attribute indices_connected_nodes of the data nodes will be used to masking the spatial dimension.
[2026-04-14 15:07:52,685][anemoi.training.train.train][INFO] - The following submodules will NOT be trained: []
[2026-04-14 15:08:09,683][anemoi.training.data.datamodule][WARNING] - Falling back rollout to: 1
[2026-04-14 15:08:09,686][anemoi.training.data.dataset][INFO] - NativeGridDataset.set_group_info(): global_rank 1, model_comm_group_id 1, model_comm_group_rank 0, model_comm_num_groups 2, reader_group_rank 0
[2026-04-14 15:08:10,666][anemoi.training.data.dataset][INFO] - Worker 0 (pid 12631, global_rank 1, model comm group 1)  has low/high range 727 / 817
[2026-04-14 15:08:10,668][anemoi.training.data.dataset][INFO] - Worker 0 (validation, pid 12631, glob. rank 1, model comm group 1, group_rank 0, seed group id 1, base_seed 4552, sanity rnd 0.767620)
[2026-04-14 15:08:11,066][anemoi.training.data.dataset][INFO] - Worker 1 (pid 12727, global_rank 1, model comm group 1)  has low/high range 817 / 907
[2026-04-14 15:08:11,264][anemoi.training.data.dataset][INFO] - Worker 1 (validation, pid 12727, glob. rank 1, model comm group 1, group_rank 0, seed group id 1, base_seed 4552, sanity rnd 0.767620)
[2026-04-14 15:08:11,967][anemoi.training.data.dataset][INFO] - Worker 2 (pid 12874, global_rank 1, model comm group 1)  has low/high range 907 / 997
[2026-04-14 15:08:11,969][anemoi.training.data.dataset][INFO] - Worker 2 (validation, pid 12874, glob. rank 1, model comm group 1, group_rank 0, seed group id 1, base_seed 4552, sanity rnd 0.767620)
[2026-04-14 15:08:13,168][anemoi.training.data.dataset][INFO] - Worker 3 (pid 12971, global_rank 1, model comm group 1)  has low/high range 997 / 1087
[2026-04-14 15:08:13,368][anemoi.training.data.dataset][INFO] - Worker 3 (validation, pid 12971, glob. rank 1, model comm group 1, group_rank 0, seed group id 1, base_seed 4552, sanity rnd 0.767620)
[2026-04-14 15:08:13,666][anemoi.training.data.dataset][INFO] - Worker 4 (pid 13022, global_rank 1, model comm group 1)  has low/high range 1087 / 1177
[2026-04-14 15:08:13,669][anemoi.training.data.dataset][INFO] - Worker 4 (validation, pid 13022, glob. rank 1, model comm group 1, group_rank 0, seed group id 1, base_seed 4552, sanity rnd 0.767620)
[2026-04-14 15:08:14,666][anemoi.training.data.dataset][INFO] - Worker 5 (pid 13121, global_rank 1, model comm group 1)  has low/high range 1177 / 1267
[2026-04-14 15:08:14,766][anemoi.training.data.dataset][INFO] - Worker 5 (validation, pid 13121, glob. rank 1, model comm group 1, group_rank 0, seed group id 1, base_seed 4552, sanity rnd 0.767620)
[2026-04-14 15:08:15,464][anemoi.training.data.dataset][INFO] - Worker 6 (pid 13218, global_rank 1, model comm group 1)  has low/high range 1267 / 1357
[2026-04-14 15:08:15,467][anemoi.training.data.dataset][INFO] - Worker 6 (validation, pid 13218, glob. rank 1, model comm group 1, group_rank 0, seed group id 1, base_seed 4552, sanity rnd 0.767620)
[2026-04-14 15:08:16,266][anemoi.training.data.dataset][INFO] - Worker 7 (pid 13268, global_rank 1, model comm group 1)  has low/high range 1357 / 1447
[2026-04-14 15:08:16,269][anemoi.training.data.dataset][INFO] - Worker 7 (validation, pid 13268, glob. rank 1, model comm group 1, group_rank 0, seed group id 1, base_seed 4552, sanity rnd 0.767620)
[2026-04-14 15:08:16,271][anemoi.models.data_indices.collection][INFO] - The order of the variables in the model matches the order in the data.
[2026-04-14 15:08:26,472][anemoi.training.data.dataset][INFO] - NativeGridDataset.set_group_info(): global_rank 1, model_comm_group_id 1, model_comm_group_rank 0, model_comm_num_groups 2, reader_group_rank 0
[2026-04-14 15:08:27,168][anemoi.training.data.dataset][INFO] - Worker 0 (pid 13540, global_rank 1, model comm group 1)  has low/high range 13271 / 14929
[2026-04-14 15:08:27,267][anemoi.training.data.dataset][INFO] - Worker 0 (train, pid 13540, glob. rank 1, model comm group 1, group_rank 0, seed group id 1, base_seed 4552, sanity rnd 0.767620)
[2026-04-14 15:08:28,764][anemoi.training.data.dataset][INFO] - Worker 1 (pid 13683, global_rank 1, model comm group 1)  has low/high range 14929 / 16587
[2026-04-14 15:08:28,767][anemoi.training.data.dataset][INFO] - Worker 1 (train, pid 13683, glob. rank 1, model comm group 1, group_rank 0, seed group id 1, base_seed 4552, sanity rnd 0.767620)
[2026-04-14 15:08:29,264][anemoi.training.data.dataset][INFO] - Worker 2 (pid 13781, global_rank 1, model comm group 1)  has low/high range 16587 / 18245
[2026-04-14 15:08:29,268][anemoi.training.data.dataset][INFO] - Worker 2 (train, pid 13781, glob. rank 1, model comm group 1, group_rank 0, seed group id 1, base_seed 4552, sanity rnd 0.767620)
[2026-04-14 15:08:30,369][anemoi.training.data.dataset][INFO] - Worker 3 (pid 13879, global_rank 1, model comm group 1)  has low/high range 18245 / 19903
[2026-04-14 15:08:30,465][anemoi.training.data.dataset][INFO] - Worker 3 (train, pid 13879, glob. rank 1, model comm group 1, group_rank 0, seed group id 1, base_seed 4552, sanity rnd 0.767620)
[2026-04-14 15:08:31,169][anemoi.training.data.dataset][INFO] - Worker 4 (pid 13927, global_rank 1, model comm group 1)  has low/high range 19903 / 21561
[2026-04-14 15:08:31,268][anemoi.training.data.dataset][INFO] - Worker 4 (train, pid 13927, glob. rank 1, model comm group 1, group_rank 0, seed group id 1, base_seed 4552, sanity rnd 0.767620)
[2026-04-14 15:08:31,768][anemoi.training.data.dataset][INFO] - Worker 5 (pid 14028, global_rank 1, model comm group 1)  has low/high range 21561 / 23219
[2026-04-14 15:08:32,367][anemoi.training.data.dataset][INFO] - Worker 5 (train, pid 14028, glob. rank 1, model comm group 1, group_rank 0, seed group id 1, base_seed 4552, sanity rnd 0.767620)
[2026-04-14 15:08:32,865][anemoi.training.data.dataset][INFO] - Worker 6 (pid 14126, global_rank 1, model comm group 1)  has low/high range 23219 / 24877
[2026-04-14 15:08:32,867][anemoi.training.data.dataset][INFO] - Worker 6 (train, pid 14126, glob. rank 1, model comm group 1, group_rank 0, seed group id 1, base_seed 4552, sanity rnd 0.767620)
[2026-04-14 15:08:33,471][anemoi.training.data.dataset][INFO] - Worker 7 (pid 14222, global_rank 1, model comm group 1)  has low/high range 24877 / 26535
[2026-04-14 15:08:33,473][anemoi.training.data.dataset][INFO] - Worker 7 (train, pid 14222, glob. rank 1, model comm group 1, group_rank 0, seed group id 1, base_seed 4552, sanity rnd 0.767620)
[2026-04-14 15:08:45,572][anemoi.models.data_indices.collection][INFO] - The order of the variables in the model matches the order in the data.
