[2026-01-07 08:08:26,628][anemoi.training.train.train][INFO] - Skipping config validation.
[2026-01-07 08:08:26,628][anemoi.training.train.train][INFO] - Starting from checkpoint: True
[2026-01-07 08:08:26,628][anemoi.training.train.train][INFO] - Run id: 8276a997-e9e2-4382-89ef-ae78f97ac47c
[2026-01-07 08:08:26,628][anemoi.training.train.train][INFO] - Checkpoints path: {'root': PosixPath('/mnt/weatherloss/WindPower/training/CI/GraphTransformer/checkpoint/8276a997-e9e2-4382-89ef-ae78f97ac47c'), 'every_n_epochs': 'anemoi-by_epoch-epoch_{epoch:03d}-step_{step:06d}', 'every_n_train_steps': 'anemoi-by_step-epoch_{epoch:03d}-step_{step:06d}', 'every_n_minutes': 'anemoi-by_time-epoch_{epoch:03d}-step_{step:06d}'}
[2026-01-07 08:08:26,628][anemoi.training.train.train][INFO] - Plots path: /mnt/weatherloss/WindPower/training/CI/GraphTransformer/plots/8276a997-e9e2-4382-89ef-ae78f97ac47c
[2026-01-07 08:08:27,057][anemoi.graphs.nodes.builders.from_file][INFO] - Reading the dataset from {'cutout': [{'dataset': '/mnt/weatherloss/WindPower/data/NorthSea/Anemoidatasets/Cerra_CI_HR_A.zarr'}, {'dataset': '/mnt/weatherloss/WindPower/data/NorthSea/Anemoidatasets/Cerra_CI_LR_A.zarr'}], 'min_distance_km': 0, 'adjust': 'all'}.
[2026-01-07 08:08:27,743][anemoi.graphs.generate.masks][INFO] - Fitting KNNAreaMaskBuilder with 24386 reference nodes from "data (cutout)".
[2026-01-07 08:08:44,168][anemoi.graphs.edges.builders.knn][INFO] - Using KNN-Edges (with 12 nearest neighbours) between data and hidden.
[2026-01-07 08:08:44,181][anemoi.graphs.edges.builders.base][WARNING] - The 'torch-cluster' library is not installed.
Installing 'torch-cluster' can significantly improve performance for graph creation.
You can install it using:
    TORCH_VERSION=$(python -c "import torch; print(torch.__version__)")
    pip install torch-cluster -f https://data.pyg.org/whl/torch-${TORCH_VERSION}.html

[2026-01-07 08:08:44,280][anemoi.graphs.edges.builders.cutoff][INFO] - Using CutOff-Edges (with radius = 65.0 km [factor=4.00]) between data and hidden.
[2026-01-07 08:08:44,280][anemoi.graphs.edges.builders.base][WARNING] - The 'torch-cluster' library is not installed.
Installing 'torch-cluster' can significantly improve performance for graph creation.
You can install it using:
    TORCH_VERSION=$(python -c "import torch; print(torch.__version__)")
    pip install torch-cluster -f https://data.pyg.org/whl/torch-${TORCH_VERSION}.html

[2026-01-07 08:09:29,297][anemoi.graphs.edges.builders.knn][INFO] - Using KNN-Edges (with 3 nearest neighbours) between hidden and data.
[2026-01-07 08:09:29,297][anemoi.graphs.edges.builders.base][WARNING] - The 'torch-cluster' library is not installed.
Installing 'torch-cluster' can significantly improve performance for graph creation.
You can install it using:
    TORCH_VERSION=$(python -c "import torch; print(torch.__version__)")
    pip install torch-cluster -f https://data.pyg.org/whl/torch-${TORCH_VERSION}.html

[2026-01-07 08:09:29,359][anemoi.graphs.create][INFO] - Cleaning graph.
[2026-01-07 08:09:29,359][anemoi.graphs.create][INFO] - _grid_reference_distance deleted from graph.
[2026-01-07 08:09:29,359][anemoi.graphs.create][INFO] - _dataset deleted from graph.
[2026-01-07 08:09:29,359][anemoi.graphs.create][INFO] - _grid_reference_distance deleted from graph.
[2026-01-07 08:09:29,360][anemoi.graphs.create][INFO] - _node_ordering deleted from graph.
[2026-01-07 08:09:29,360][anemoi.graphs.create][INFO] - _resolutions deleted from graph.
[2026-01-07 08:09:29,360][anemoi.graphs.create][INFO] - _nx_graph deleted from graph.
[2026-01-07 08:09:29,360][anemoi.graphs.create][INFO] - _area_mask_builder deleted from graph.
[2026-01-07 08:09:29,364][anemoi.graphs.processors.post_process][INFO] - Removing 70655 edges from ('data', 'to', 'hidden').
[2026-01-07 08:09:29,367][anemoi.graphs.processors.post_process][INFO] - Recomputing edge attribute edge_length.
[2026-01-07 08:09:29,369][anemoi.graphs.processors.post_process][INFO] - Recomputing edge attribute edge_dirs.
[2026-01-07 08:09:29,373][anemoi.graphs.processors.post_process][INFO] - Removing 0 nodes from data.
[2026-01-07 08:09:29,400][anemoi.graphs.processors.post_process][INFO] - An attribute indices_connected_nodes has been added with the indices to mask the nodes from the original graph.
[2026-01-07 08:09:29,411][anemoi.graphs.create][INFO] - Graph saved at /mnt/weatherloss/WindPower/graphs/Northsea.pt.
[2026-01-07 08:09:29,696][anemoi.training.data.datamodule][INFO] - Timeincrement set to 1 for data with frequency, 10800, and timestep, 10800
[2026-01-07 08:09:29,697][anemoi.training.data.grid_indices][INFO] - The graph attribute indices_connected_nodes of the data nodes will be used to masking the spatial dimension.
[2026-01-07 08:09:29,699][anemoi.training.train.train][INFO] - Number of data variables: 71
[2026-01-07 08:09:29,699][anemoi.training.train.train][INFO] - Variables: ['cos_latitude', 'cos_longitude', 'insolation', 'julian_day', 'lsm', 'mcc', 'msl', 'r_1000', 'r_500', 'r_600', 'r_700', 'r_750', 'r_800', 'r_850', 'r_900', 'r_950', 'sin_latitude', 'sin_longitude', 'surface_geopotential', 't2m', 't_1000', 't_500', 't_600', 't_700', 't_750', 't_800', 't_850', 't_900', 't_950', 'u_1000', 'u_500', 'u_600', 'u_700', 'u_750', 'u_800', 'u_850', 'u_900', 'u_950', 'v_1000', 'v_500', 'v_600', 'v_700', 'v_750', 'v_800', 'v_850', 'v_900', 'v_950', 'wdir10_cos', 'wdir10_sin', 'wdir_cos100', 'wdir_cos150', 'wdir_cos200', 'wdir_cos50', 'wdir_sin100', 'wdir_sin150', 'wdir_sin200', 'wdir_sin50', 'ws10', 'ws100', 'ws150', 'ws200', 'ws50', 'z_1000', 'z_500', 'z_600', 'z_700', 'z_750', 'z_800', 'z_850', 'z_900', 'z_950']
[2026-01-07 08:09:29,699][anemoi.training.train.train][INFO] - Total number of prognostic variables: 63
[2026-01-07 08:09:29,699][anemoi.training.train.train][INFO] - Total number of auxiliary variables: 8
[2026-01-07 08:09:29,699][anemoi.training.train.train][INFO] - Total GPU count / model group size: 1 - NB: the learning rate will be scaled by this factor!
[2026-01-07 08:09:29,700][anemoi.training.train.train][INFO] - Effective learning rate: 2.500e-04
[2026-01-07 08:09:29,700][anemoi.training.train.train][INFO] - Training limits: max_epochs=25, max_steps=185000. Training will stop when either limit is reached first. Learning rate scheduler will run for 185000 steps.
[2026-01-07 08:09:29,720][anemoi.models.migrations.migrator][INFO] - Loading migration 1755530253_initial
[2026-01-07 08:09:29,720][anemoi.models.migrations.migrator][INFO] - Loading migration 1762857427_deprecate_eda
[2026-01-07 08:09:29,720][anemoi.models.migrations.migrator][INFO] - Loading migration 1762857428_chunking_fix
[2026-01-07 08:09:29,720][anemoi.models.migrations.migrator][INFO] - Loading migration 1763479917_hardware_schema_update
[2026-01-07 08:09:29,750][anemoi.training.train.train][INFO] - TensorBoard logger enabled
[2026-01-07 08:09:29,753][pytorch_lightning.utilities.rank_zero][INFO] - Using 16bit Automatic Mixed Precision (AMP)
[2026-01-07 08:09:29,765][pytorch_lightning.utilities.rank_zero][INFO] - GPU available: True (cuda), used: True
[2026-01-07 08:09:29,765][pytorch_lightning.utilities.rank_zero][INFO] - TPU available: False, using: 0 TPU cores
