[2026-03-18 08:11:31,669][anemoi.training.train.train][INFO] - Skipping config validation.
[2026-03-18 08:11:31,669][anemoi.training.train.train][INFO] - Starting from checkpoint: True
[2026-03-18 08:11:31,669][anemoi.training.train.train][INFO] - Run id: NoPower
[2026-03-18 08:11:31,669][anemoi.training.train.train][INFO] - Checkpoints path: {'root': PosixPath('/mnt/weatherloss/WindPower/training/EGU26/NoPower/checkpoint/NoPower'), 'every_n_epochs': 'anemoi-by_epoch-epoch_{epoch:03d}-step_{step:06d}', 'every_n_train_steps': 'anemoi-by_step-epoch_{epoch:03d}-step_{step:06d}', 'every_n_minutes': 'anemoi-by_time-epoch_{epoch:03d}-step_{step:06d}'}
[2026-03-18 08:11:31,670][anemoi.training.train.train][INFO] - Plots path: /mnt/weatherloss/WindPower/training/EGU26/NoPower/plots/NoPower
[2026-03-18 08:11:31,944][anemoi.graphs.nodes.builders.from_file][INFO] - Reading the dataset from {'cutout': [{'dataset': '/mnt/weatherloss/WindPower/data/EGU26/Anemoidatasets/Cerra_A.zarr'}, {'dataset': '/mnt/weatherloss/WindPower/data/EGU26/Anemoidatasets/era5_A2.zarr'}], 'min_distance_km': 0, 'adjust': 'all'}.
[2026-03-18 08:11:32,929][anemoi.graphs.generate.masks][INFO] - Fitting KNNAreaMaskBuilder with 24444 reference nodes from "data (cutout)".
[2026-03-18 08:11:47,994][anemoi.graphs.edges.builders.knn][INFO] - Using KNN-Edges (with 12 nearest neighbours) between data and hidden.
[2026-03-18 08:11:48,009][anemoi.graphs.edges.builders.base][WARNING] - The 'torch-cluster' library is not installed.
Installing 'torch-cluster' can significantly improve performance for graph creation.
You can install it using:
    TORCH_VERSION=$(python -c "import torch; print(torch.__version__)")
    pip install torch-cluster -f https://data.pyg.org/whl/torch-${TORCH_VERSION}.html

[2026-03-18 08:11:48,130][anemoi.graphs.edges.builders.cutoff][INFO] - Using CutOff-Edges (with radius = 15.0 km [direct]) between data and hidden.
[2026-03-18 08:11:48,131][anemoi.graphs.edges.builders.base][WARNING] - The 'torch-cluster' library is not installed.
Installing 'torch-cluster' can significantly improve performance for graph creation.
You can install it using:
    TORCH_VERSION=$(python -c "import torch; print(torch.__version__)")
    pip install torch-cluster -f https://data.pyg.org/whl/torch-${TORCH_VERSION}.html

[2026-03-18 08:12:28,854][anemoi.graphs.edges.builders.knn][INFO] - Using KNN-Edges (with 3 nearest neighbours) between hidden and data.
[2026-03-18 08:12:28,854][anemoi.graphs.edges.builders.base][WARNING] - The 'torch-cluster' library is not installed.
Installing 'torch-cluster' can significantly improve performance for graph creation.
You can install it using:
    TORCH_VERSION=$(python -c "import torch; print(torch.__version__)")
    pip install torch-cluster -f https://data.pyg.org/whl/torch-${TORCH_VERSION}.html

[2026-03-18 08:12:28,915][anemoi.graphs.create][INFO] - Cleaning graph.
[2026-03-18 08:12:28,916][anemoi.graphs.create][INFO] - _grid_reference_distance deleted from graph.
[2026-03-18 08:12:28,916][anemoi.graphs.create][INFO] - _dataset deleted from graph.
[2026-03-18 08:12:28,916][anemoi.graphs.create][INFO] - _grid_reference_distance deleted from graph.
[2026-03-18 08:12:28,916][anemoi.graphs.create][INFO] - _nx_graph deleted from graph.
[2026-03-18 08:12:28,916][anemoi.graphs.create][INFO] - _node_ordering deleted from graph.
[2026-03-18 08:12:28,916][anemoi.graphs.create][INFO] - _area_mask_builder deleted from graph.
[2026-03-18 08:12:28,916][anemoi.graphs.create][INFO] - _resolutions deleted from graph.
[2026-03-18 08:12:28,919][anemoi.graphs.processors.post_process][INFO] - Removing 79028 edges from ('data', 'to', 'hidden').
[2026-03-18 08:12:28,922][anemoi.graphs.processors.post_process][INFO] - Recomputing edge attribute edge_length.
[2026-03-18 08:12:28,924][anemoi.graphs.processors.post_process][INFO] - Recomputing edge attribute edge_dirs.
[2026-03-18 08:12:28,927][anemoi.graphs.processors.post_process][INFO] - Removing 3365 nodes from data.
[2026-03-18 08:12:28,944][anemoi.graphs.processors.post_process][INFO] - An attribute indices_connected_nodes has been added with the indices to mask the nodes from the original graph.
[2026-03-18 08:12:28,951][anemoi.graphs.create][INFO] - Graph saved at /mnt/weatherloss/WindPower/graphs/EGU26/EGUgraph15km.pt.
[2026-03-18 08:12:29,263][anemoi.training.data.datamodule][INFO] - Timeincrement set to 1 for data with frequency, 10800, and timestep, 10800
[2026-03-18 08:12:29,263][anemoi.training.data.grid_indices][INFO] - The graph attribute indices_connected_nodes of the data nodes will be used to masking the spatial dimension.
[2026-03-18 08:12:29,264][anemoi.training.train.train][INFO] - Number of data variables: 63
[2026-03-18 08:12:29,264][anemoi.training.train.train][INFO] - Variables: ['cos_julian_day', 'cos_latitude', 'cos_longitude', 'insolation', 'lsm', 'mcc', 'msl', 'q_1000', 'q_500', 'q_600', 'q_700', 'q_750', 'q_800', 'q_850', 'q_900', 'q_950', 'sin_julian_day', 'sin_latitude', 'sin_longitude', 't2m', 't_1000', 't_500', 't_600', 't_700', 't_750', 't_800', 't_850', 't_900', 't_950', 'u_1000', 'u_500', 'u_600', 'u_700', 'u_750', 'u_800', 'u_850', 'u_900', 'u_950', 'v_1000', 'v_500', 'v_600', 'v_700', 'v_750', 'v_800', 'v_850', 'v_900', 'v_950', 'wdir100_cos', 'wdir100_sin', 'wdir10_cos', 'wdir10_sin', 'ws10', 'ws100', 'z_1000', 'z_500', 'z_600', 'z_700', 'z_750', 'z_800', 'z_850', 'z_900', 'z_950', 'z_sfc']
[2026-03-18 08:12:29,264][anemoi.training.train.train][INFO] - Total number of prognostic variables: 54
[2026-03-18 08:12:29,264][anemoi.training.train.train][INFO] - Total number of auxiliary variables: 9
[2026-03-18 08:12:29,264][anemoi.training.train.train][INFO] - Total GPU count / model group size: 1 - NB: the learning rate will be scaled by this factor!
[2026-03-18 08:12:29,265][anemoi.training.train.train][INFO] - Effective learning rate: 8.000e-07
[2026-03-18 08:12:29,265][anemoi.training.train.train][INFO] - Training limits: max_epochs=20, max_steps=156000. Training will stop when either limit is reached first. Learning rate scheduler will run for 6000 steps.
[2026-03-18 08:12:29,284][anemoi.models.migrations.migrator][INFO] - Loading migration 1755530253_initial
[2026-03-18 08:12:29,284][anemoi.models.migrations.migrator][INFO] - Loading migration 1762857427_deprecate_eda
[2026-03-18 08:12:29,284][anemoi.models.migrations.migrator][INFO] - Loading migration 1762857428_chunking_fix
[2026-03-18 08:12:29,284][anemoi.models.migrations.migrator][INFO] - Loading migration 1763479917_hardware_schema_update
[2026-03-18 08:12:29,316][anemoi.training.train.train][INFO] - TensorBoard logger enabled
[2026-03-18 08:12:29,318][pytorch_lightning.utilities.rank_zero][INFO] - Using 16bit Automatic Mixed Precision (AMP)
[2026-03-18 08:12:29,326][pytorch_lightning.utilities.rank_zero][INFO] - GPU available: True (cuda), used: True
[2026-03-18 08:12:29,326][pytorch_lightning.utilities.rank_zero][INFO] - TPU available: False, using: 0 TPU cores
[2026-03-18 08:12:29,362][lightning_fabric.utilities.seed][INFO] - Seed set to 78526
[2026-03-18 08:12:29,363][anemoi.training.train.train][INFO] - Initial seed: Rank 0, initial seed 78526, running with random seed: 78526
[2026-03-18 08:13:15,862][anemoi.models.preprocessing][WARNING] - ConstantImputer: Using default method none for all variables not specified in the config.
[2026-03-18 08:13:15,865][anemoi.models.preprocessing.normalizer][INFO] - Normalizing: cos_latitude is not normalized.
[2026-03-18 08:13:15,865][anemoi.models.preprocessing.normalizer][INFO] - Normalizing: cos_longitude is not normalized.
[2026-03-18 08:13:15,865][anemoi.models.preprocessing.normalizer][INFO] - Normalizing: lsm is not normalized.
[2026-03-18 08:13:15,865][anemoi.models.preprocessing.normalizer][INFO] - Normalizing: mcc is not normalized.
[2026-03-18 08:13:15,865][anemoi.models.preprocessing.normalizer][INFO] - Normalizing: sin_latitude is not normalized.
[2026-03-18 08:13:15,865][anemoi.models.preprocessing.normalizer][INFO] - Normalizing: sin_longitude is not normalized.
[2026-03-18 08:13:15,945][anemoi.models.layers.utils][INFO] - Linear kernel: torch.nn.Linear.
[2026-03-18 08:13:15,945][anemoi.models.layers.utils][INFO] - LayerNorm kernel: torch.nn.LayerNorm.
[2026-03-18 08:13:15,946][anemoi.models.layers.utils][INFO] - Activation kernel: torch.nn.GELU.
[2026-03-18 08:13:15,947][anemoi.models.layers.utils][INFO] - QueryNorm kernel: anemoi.models.layers.normalization.AutocastLayerNorm.
[2026-03-18 08:13:15,949][anemoi.models.layers.utils][INFO] - KeyNorm kernel: anemoi.models.layers.normalization.AutocastLayerNorm.
[2026-03-18 08:13:15,970][anemoi.models.layers.block][INFO] - GraphTransformerMapperBlock using triton graph attention backend.
[2026-03-18 08:13:15,978][anemoi.models.layers.utils][INFO] - Linear kernel: torch.nn.Linear.
[2026-03-18 08:13:15,979][anemoi.models.layers.utils][INFO] - LayerNorm kernel: torch.nn.LayerNorm.
[2026-03-18 08:13:15,980][anemoi.models.layers.utils][INFO] - Activation kernel: torch.nn.GELU.
[2026-03-18 08:13:15,980][anemoi.models.layers.utils][INFO] - QueryNorm kernel: anemoi.models.layers.normalization.AutocastLayerNorm.
[2026-03-18 08:13:15,981][anemoi.models.layers.utils][INFO] - KeyNorm kernel: anemoi.models.layers.normalization.AutocastLayerNorm.
[2026-03-18 08:13:16,008][anemoi.models.layers.block][INFO] - GraphTransformerProcessorBlock using triton graph attention backend.
[2026-03-18 08:13:16,018][anemoi.models.layers.block][INFO] - GraphTransformerProcessorBlock using triton graph attention backend.
[2026-03-18 08:13:16,029][anemoi.models.layers.block][INFO] - GraphTransformerProcessorBlock using triton graph attention backend.
[2026-03-18 08:13:16,039][anemoi.models.layers.block][INFO] - GraphTransformerProcessorBlock using triton graph attention backend.
[2026-03-18 08:13:16,049][anemoi.models.layers.block][INFO] - GraphTransformerProcessorBlock using triton graph attention backend.
[2026-03-18 08:13:16,060][anemoi.models.layers.block][INFO] - GraphTransformerProcessorBlock using triton graph attention backend.
[2026-03-18 08:13:16,070][anemoi.models.layers.block][INFO] - GraphTransformerProcessorBlock using triton graph attention backend.
[2026-03-18 08:13:16,080][anemoi.models.layers.block][INFO] - GraphTransformerProcessorBlock using triton graph attention backend.
[2026-03-18 08:13:16,084][anemoi.models.layers.utils][INFO] - Linear kernel: torch.nn.Linear.
[2026-03-18 08:13:16,085][anemoi.models.layers.utils][INFO] - LayerNorm kernel: torch.nn.LayerNorm.
[2026-03-18 08:13:16,085][anemoi.models.layers.utils][INFO] - Activation kernel: torch.nn.GELU.
[2026-03-18 08:13:16,086][anemoi.models.layers.utils][INFO] - QueryNorm kernel: anemoi.models.layers.normalization.AutocastLayerNorm.
[2026-03-18 08:13:16,087][anemoi.models.layers.utils][INFO] - KeyNorm kernel: anemoi.models.layers.normalization.AutocastLayerNorm.
[2026-03-18 08:13:16,098][anemoi.models.layers.block][INFO] - GraphTransformerMapperBlock using triton graph attention backend.
[2026-03-18 08:13:16,200][anemoi.training.losses.scalers.variable_level][INFO] - Variable Level Scaling: Applying ReluVariableLevelScaler scaling to pl variables (['q', 't', 'u', 'v', 'z'])
[2026-03-18 08:13:16,200][anemoi.training.losses.scalers.variable_level][INFO] - with slope = 0.001 and y-intercept/minimum = 0.2.
[2026-03-18 08:13:16,284][anemoi.training.data.grid_indices][INFO] - The graph attribute indices_connected_nodes of the data nodes will be used to masking the spatial dimension.
[2026-03-18 08:13:16,285][anemoi.training.train.train][INFO] - The following submodules will NOT be trained: []
[2026-03-18 08:13:16,285][anemoi.training.train.train][INFO] - Resuming training from last checkpoint: /mnt/weatherloss/WindPower/training/EGU26/NoPower/checkpoint/NoPower/last.ckpt
[2026-03-18 08:13:16,308][lightning_fabric.utilities.distributed][INFO] - Initializing distributed: GLOBAL_RANK: 0, MEMBER: 1/1
[2026-03-18 08:13:16,462][pytorch_lightning.utilities.rank_zero][INFO] - ----------------------------------------------------------------------------------------------------
distributed_backend=nccl
All distributed processes registered. Starting with 1 processes
----------------------------------------------------------------------------------------------------

[2026-03-18 08:13:16,570][pytorch_lightning.utilities.rank_zero][INFO] - Restoring states from the checkpoint path at /mnt/weatherloss/WindPower/training/EGU26/NoPower/checkpoint/NoPower/last.ckpt
[2026-03-18 08:13:20,322][pytorch_lightning.accelerators.cuda][INFO] - LOCAL_RANK: 0 - CUDA_VISIBLE_DEVICES: [0]
[2026-03-18 08:13:20,500][lightning_fabric.utilities.seed][INFO] - [rank: 0] Seed set to 78526
[2026-03-18 08:13:28,553][pytorch_lightning.utilities.rank_zero][INFO] - Restored all states from the checkpoint at /mnt/weatherloss/WindPower/training/EGU26/NoPower/checkpoint/NoPower/last.ckpt
[2026-03-18 08:13:28,556][anemoi.training.data.dataset][INFO] - NativeGridDataset.set_group_info(): global_rank 0, model_comm_group_id 0, model_comm_group_rank 0, model_comm_num_groups 1, reader_group_rank 0
[2026-03-18 08:13:28,627][anemoi.training.data.dataset][INFO] - Worker 0 (pid 365290, global_rank 0, model comm group 0)  has low/high range 0 / 13265
[2026-03-18 08:13:28,726][anemoi.training.data.dataset][INFO] - Worker 1 (pid 365386, global_rank 0, model comm group 0)  has low/high range 13265 / 26530
[2026-03-18 08:13:29,345][anemoi.training.data.dataset][INFO] - NativeGridDataset.set_group_info(): global_rank 0, model_comm_group_id 0, model_comm_group_rank 0, model_comm_num_groups 1, reader_group_rank 0
[2026-03-18 08:13:29,346][anemoi.models.data_indices.collection][INFO] - The order of the variables in the model matches the order in the data.
[2026-03-18 08:16:28,009][anemoi.training.data.dataset][INFO] - Worker 0 (pid 366148, global_rank 0, model comm group 0)  has low/high range 0 / 721
[2026-03-18 08:16:28,022][anemoi.models.data_indices.collection][INFO] - The order of the variables in the model matches the order in the data.
[2026-03-18 08:16:28,119][anemoi.training.data.dataset][INFO] - Worker 1 (pid 366244, global_rank 0, model comm group 0)  has low/high range 721 / 1442
[2026-03-18 08:16:30,306][anemoi.utils.checkpoints][INFO] - Adding extra information to checkpoint /mnt/weatherloss/WindPower/training/EGU26/NoPower/checkpoint/NoPower/inference-anemoi-by_epoch-epoch_006-step_151001.ckpt
[2026-03-18 08:16:30,306][anemoi.utils.checkpoints][INFO] - Saving metadata to inference-anemoi-by_epoch-epoch_006-step_151001/anemoi-metadata/anemoi.json
[2026-03-18 08:16:30,308][anemoi.utils.checkpoints][INFO] - Saving supporting array `latitudes` to inference-anemoi-by_epoch-epoch_006-step_151001/anemoi-metadata/latitudes.numpy (shape=(30844,), dtype=float64)
[2026-03-18 08:16:30,308][anemoi.utils.checkpoints][INFO] - Saving supporting array `longitudes` to inference-anemoi-by_epoch-epoch_006-step_151001/anemoi-metadata/longitudes.numpy (shape=(30844,), dtype=float64)
[2026-03-18 08:16:30,309][anemoi.utils.checkpoints][INFO] - Saving supporting array `lam_0/cutout_mask` to inference-anemoi-by_epoch-epoch_006-step_151001/anemoi-metadata/lam_0/cutout_mask.numpy (shape=(24444,), dtype=bool)
[2026-03-18 08:16:30,309][anemoi.utils.checkpoints][INFO] - Saving supporting array `global/cutout_mask` to inference-anemoi-by_epoch-epoch_006-step_151001/anemoi-metadata/global/cutout_mask.numpy (shape=(7905,), dtype=bool)
[2026-03-18 08:16:30,309][anemoi.utils.checkpoints][INFO] - Saving supporting array `source0/latitudes` to inference-anemoi-by_epoch-epoch_006-step_151001/anemoi-metadata/source0/latitudes.numpy (shape=(24444,), dtype=float64)
[2026-03-18 08:16:30,309][anemoi.utils.checkpoints][INFO] - Saving supporting array `source0/longitudes` to inference-anemoi-by_epoch-epoch_006-step_151001/anemoi-metadata/source0/longitudes.numpy (shape=(24444,), dtype=float64)
[2026-03-18 08:16:30,309][anemoi.utils.checkpoints][INFO] - Saving supporting array `source1/latitudes` to inference-anemoi-by_epoch-epoch_006-step_151001/anemoi-metadata/source1/latitudes.numpy (shape=(7905,), dtype=float64)
[2026-03-18 08:16:30,309][anemoi.utils.checkpoints][INFO] - Saving supporting array `source1/longitudes` to inference-anemoi-by_epoch-epoch_006-step_151001/anemoi-metadata/source1/longitudes.numpy (shape=(7905,), dtype=float64)
[2026-03-18 08:16:30,309][anemoi.utils.checkpoints][INFO] - Saving supporting array `grid_indices` to inference-anemoi-by_epoch-epoch_006-step_151001/anemoi-metadata/grid_indices.numpy (shape=(27479,), dtype=int64)
[2026-03-18 08:16:31,339][anemoi.utils.checkpoints][INFO] - Adding extra information to checkpoint /mnt/weatherloss/WindPower/training/EGU26/NoPower/checkpoint/NoPower/anemoi-by_epoch-epoch_006-step_151001.ckpt
[2026-03-18 08:16:31,339][anemoi.utils.checkpoints][INFO] - Saving metadata to archive/anemoi-metadata/anemoi.json
[2026-03-18 08:16:31,340][anemoi.utils.checkpoints][INFO] - Saving supporting array `latitudes` to archive/anemoi-metadata/latitudes.numpy (shape=(30844,), dtype=float64)
[2026-03-18 08:16:31,340][anemoi.utils.checkpoints][INFO] - Saving supporting array `longitudes` to archive/anemoi-metadata/longitudes.numpy (shape=(30844,), dtype=float64)
[2026-03-18 08:16:31,341][anemoi.utils.checkpoints][INFO] - Saving supporting array `lam_0/cutout_mask` to archive/anemoi-metadata/lam_0/cutout_mask.numpy (shape=(24444,), dtype=bool)
[2026-03-18 08:16:31,341][anemoi.utils.checkpoints][INFO] - Saving supporting array `global/cutout_mask` to archive/anemoi-metadata/global/cutout_mask.numpy (shape=(7905,), dtype=bool)
[2026-03-18 08:16:31,341][anemoi.utils.checkpoints][INFO] - Saving supporting array `source0/latitudes` to archive/anemoi-metadata/source0/latitudes.numpy (shape=(24444,), dtype=float64)
[2026-03-18 08:16:31,341][anemoi.utils.checkpoints][INFO] - Saving supporting array `source0/longitudes` to archive/anemoi-metadata/source0/longitudes.numpy (shape=(24444,), dtype=float64)
[2026-03-18 08:16:31,341][anemoi.utils.checkpoints][INFO] - Saving supporting array `source1/latitudes` to archive/anemoi-metadata/source1/latitudes.numpy (shape=(7905,), dtype=float64)
[2026-03-18 08:16:31,341][anemoi.utils.checkpoints][INFO] - Saving supporting array `source1/longitudes` to archive/anemoi-metadata/source1/longitudes.numpy (shape=(7905,), dtype=float64)
[2026-03-18 08:16:31,341][anemoi.utils.checkpoints][INFO] - Saving supporting array `grid_indices` to archive/anemoi-metadata/grid_indices.numpy (shape=(27479,), dtype=int64)
[2026-03-18 08:16:31,491][anemoi.utils.checkpoints][INFO] - Adding extra information to checkpoint /mnt/weatherloss/WindPower/training/EGU26/NoPower/checkpoint/NoPower/inference-last.ckpt
[2026-03-18 08:16:31,491][anemoi.utils.checkpoints][INFO] - Saving metadata to inference-last/anemoi-metadata/anemoi.json
[2026-03-18 08:16:31,493][anemoi.utils.checkpoints][INFO] - Saving supporting array `latitudes` to inference-last/anemoi-metadata/latitudes.numpy (shape=(30844,), dtype=float64)
[2026-03-18 08:16:31,493][anemoi.utils.checkpoints][INFO] - Saving supporting array `longitudes` to inference-last/anemoi-metadata/longitudes.numpy (shape=(30844,), dtype=float64)
[2026-03-18 08:16:31,493][anemoi.utils.checkpoints][INFO] - Saving supporting array `lam_0/cutout_mask` to inference-last/anemoi-metadata/lam_0/cutout_mask.numpy (shape=(24444,), dtype=bool)
[2026-03-18 08:16:31,493][anemoi.utils.checkpoints][INFO] - Saving supporting array `global/cutout_mask` to inference-last/anemoi-metadata/global/cutout_mask.numpy (shape=(7905,), dtype=bool)
[2026-03-18 08:16:31,493][anemoi.utils.checkpoints][INFO] - Saving supporting array `source0/latitudes` to inference-last/anemoi-metadata/source0/latitudes.numpy (shape=(24444,), dtype=float64)
[2026-03-18 08:17:13,301][anemoi.utils.checkpoints][INFO] - Saving supporting array `source0/longitudes` to inference-last/anemoi-metadata/source0/longitudes.numpy (shape=(24444,), dtype=float64)
[2026-03-18 08:17:13,302][anemoi.utils.checkpoints][INFO] - Saving supporting array `source1/latitudes` to inference-last/anemoi-metadata/source1/latitudes.numpy (shape=(7905,), dtype=float64)
[2026-03-18 08:17:13,302][anemoi.utils.checkpoints][INFO] - Saving supporting array `source1/longitudes` to inference-last/anemoi-metadata/source1/longitudes.numpy (shape=(7905,), dtype=float64)
[2026-03-18 08:17:13,302][anemoi.utils.checkpoints][INFO] - Saving supporting array `grid_indices` to inference-last/anemoi-metadata/grid_indices.numpy (shape=(27479,), dtype=int64)
[2026-03-18 08:17:14,398][anemoi.utils.checkpoints][INFO] - Adding extra information to checkpoint /mnt/weatherloss/WindPower/training/EGU26/NoPower/checkpoint/NoPower/last.ckpt
[2026-03-18 08:17:14,398][anemoi.utils.checkpoints][INFO] - Saving metadata to archive/anemoi-metadata/anemoi.json
[2026-03-18 08:17:14,400][anemoi.utils.checkpoints][INFO] - Saving supporting array `latitudes` to archive/anemoi-metadata/latitudes.numpy (shape=(30844,), dtype=float64)
[2026-03-18 08:17:14,401][anemoi.utils.checkpoints][INFO] - Saving supporting array `longitudes` to archive/anemoi-metadata/longitudes.numpy (shape=(30844,), dtype=float64)
[2026-03-18 08:17:14,401][anemoi.utils.checkpoints][INFO] - Saving supporting array `lam_0/cutout_mask` to archive/anemoi-metadata/lam_0/cutout_mask.numpy (shape=(24444,), dtype=bool)
[2026-03-18 08:17:14,401][anemoi.utils.checkpoints][INFO] - Saving supporting array `global/cutout_mask` to archive/anemoi-metadata/global/cutout_mask.numpy (shape=(7905,), dtype=bool)
[2026-03-18 08:17:14,401][anemoi.utils.checkpoints][INFO] - Saving supporting array `source0/latitudes` to archive/anemoi-metadata/source0/latitudes.numpy (shape=(24444,), dtype=float64)
[2026-03-18 08:17:14,401][anemoi.utils.checkpoints][INFO] - Saving supporting array `source0/longitudes` to archive/anemoi-metadata/source0/longitudes.numpy (shape=(24444,), dtype=float64)
[2026-03-18 08:17:14,402][anemoi.utils.checkpoints][INFO] - Saving supporting array `source1/latitudes` to archive/anemoi-metadata/source1/latitudes.numpy (shape=(7905,), dtype=float64)
[2026-03-18 08:17:14,402][anemoi.utils.checkpoints][INFO] - Saving supporting array `source1/longitudes` to archive/anemoi-metadata/source1/longitudes.numpy (shape=(7905,), dtype=float64)
[2026-03-18 08:17:14,402][anemoi.utils.checkpoints][INFO] - Saving supporting array `grid_indices` to archive/anemoi-metadata/grid_indices.numpy (shape=(27479,), dtype=int64)
[2026-03-18 08:21:25,589][anemoi.models.data_indices.collection][INFO] - The order of the variables in the model matches the order in the data.
[2026-03-18 08:21:27,780][anemoi.utils.checkpoints][INFO] - Adding extra information to checkpoint /mnt/weatherloss/WindPower/training/EGU26/NoPower/checkpoint/NoPower/inference-anemoi-by_epoch-epoch_007-step_152001.ckpt
[2026-03-18 08:21:27,780][anemoi.utils.checkpoints][INFO] - Saving metadata to inference-anemoi-by_epoch-epoch_007-step_152001/anemoi-metadata/anemoi.json
[2026-03-18 08:21:27,782][anemoi.utils.checkpoints][INFO] - Saving supporting array `latitudes` to inference-anemoi-by_epoch-epoch_007-step_152001/anemoi-metadata/latitudes.numpy (shape=(30844,), dtype=float64)
[2026-03-18 08:21:27,782][anemoi.utils.checkpoints][INFO] - Saving supporting array `longitudes` to inference-anemoi-by_epoch-epoch_007-step_152001/anemoi-metadata/longitudes.numpy (shape=(30844,), dtype=float64)
[2026-03-18 08:21:27,783][anemoi.utils.checkpoints][INFO] - Saving supporting array `lam_0/cutout_mask` to inference-anemoi-by_epoch-epoch_007-step_152001/anemoi-metadata/lam_0/cutout_mask.numpy (shape=(24444,), dtype=bool)
[2026-03-18 08:21:27,783][anemoi.utils.checkpoints][INFO] - Saving supporting array `global/cutout_mask` to inference-anemoi-by_epoch-epoch_007-step_152001/anemoi-metadata/global/cutout_mask.numpy (shape=(7905,), dtype=bool)
[2026-03-18 08:21:27,783][anemoi.utils.checkpoints][INFO] - Saving supporting array `source0/latitudes` to inference-anemoi-by_epoch-epoch_007-step_152001/anemoi-metadata/source0/latitudes.numpy (shape=(24444,), dtype=float64)
[2026-03-18 08:21:27,783][anemoi.utils.checkpoints][INFO] - Saving supporting array `source0/longitudes` to inference-anemoi-by_epoch-epoch_007-step_152001/anemoi-metadata/source0/longitudes.numpy (shape=(24444,), dtype=float64)
[2026-03-18 08:21:27,783][anemoi.utils.checkpoints][INFO] - Saving supporting array `source1/latitudes` to inference-anemoi-by_epoch-epoch_007-step_152001/anemoi-metadata/source1/latitudes.numpy (shape=(7905,), dtype=float64)
[2026-03-18 08:21:27,783][anemoi.utils.checkpoints][INFO] - Saving supporting array `source1/longitudes` to inference-anemoi-by_epoch-epoch_007-step_152001/anemoi-metadata/source1/longitudes.numpy (shape=(7905,), dtype=float64)
[2026-03-18 08:21:27,783][anemoi.utils.checkpoints][INFO] - Saving supporting array `grid_indices` to inference-anemoi-by_epoch-epoch_007-step_152001/anemoi-metadata/grid_indices.numpy (shape=(27479,), dtype=int64)
[2026-03-18 08:21:28,619][anemoi.utils.checkpoints][INFO] - Adding extra information to checkpoint /mnt/weatherloss/WindPower/training/EGU26/NoPower/checkpoint/NoPower/anemoi-by_epoch-epoch_007-step_152001.ckpt
[2026-03-18 08:21:28,620][anemoi.utils.checkpoints][INFO] - Saving metadata to archive/anemoi-metadata/anemoi.json
[2026-03-18 08:21:28,621][anemoi.utils.checkpoints][INFO] - Saving supporting array `latitudes` to archive/anemoi-metadata/latitudes.numpy (shape=(30844,), dtype=float64)
[2026-03-18 08:21:28,621][anemoi.utils.checkpoints][INFO] - Saving supporting array `longitudes` to archive/anemoi-metadata/longitudes.numpy (shape=(30844,), dtype=float64)
[2026-03-18 08:21:28,622][anemoi.utils.checkpoints][INFO] - Saving supporting array `lam_0/cutout_mask` to archive/anemoi-metadata/lam_0/cutout_mask.numpy (shape=(24444,), dtype=bool)
[2026-03-18 08:21:28,622][anemoi.utils.checkpoints][INFO] - Saving supporting array `global/cutout_mask` to archive/anemoi-metadata/global/cutout_mask.numpy (shape=(7905,), dtype=bool)
[2026-03-18 08:21:28,622][anemoi.utils.checkpoints][INFO] - Saving supporting array `source0/latitudes` to archive/anemoi-metadata/source0/latitudes.numpy (shape=(24444,), dtype=float64)
[2026-03-18 08:21:28,622][anemoi.utils.checkpoints][INFO] - Saving supporting array `source0/longitudes` to archive/anemoi-metadata/source0/longitudes.numpy (shape=(24444,), dtype=float64)
[2026-03-18 08:21:28,622][anemoi.utils.checkpoints][INFO] - Saving supporting array `source1/latitudes` to archive/anemoi-metadata/source1/latitudes.numpy (shape=(7905,), dtype=float64)
[2026-03-18 08:21:28,622][anemoi.utils.checkpoints][INFO] - Saving supporting array `source1/longitudes` to archive/anemoi-metadata/source1/longitudes.numpy (shape=(7905,), dtype=float64)
[2026-03-18 08:21:28,622][anemoi.utils.checkpoints][INFO] - Saving supporting array `grid_indices` to archive/anemoi-metadata/grid_indices.numpy (shape=(27479,), dtype=int64)
[2026-03-18 08:21:28,787][anemoi.utils.checkpoints][INFO] - Adding extra information to checkpoint /mnt/weatherloss/WindPower/training/EGU26/NoPower/checkpoint/NoPower/inference-last.ckpt
[2026-03-18 08:21:28,787][anemoi.utils.checkpoints][INFO] - Saving metadata to inference-last/anemoi-metadata/anemoi.json
[2026-03-18 08:21:28,789][anemoi.utils.checkpoints][INFO] - Saving supporting array `latitudes` to inference-last/anemoi-metadata/latitudes.numpy (shape=(30844,), dtype=float64)
[2026-03-18 08:21:28,789][anemoi.utils.checkpoints][INFO] - Saving supporting array `longitudes` to inference-last/anemoi-metadata/longitudes.numpy (shape=(30844,), dtype=float64)
[2026-03-18 08:21:28,789][anemoi.utils.checkpoints][INFO] - Saving supporting array `lam_0/cutout_mask` to inference-last/anemoi-metadata/lam_0/cutout_mask.numpy (shape=(24444,), dtype=bool)
[2026-03-18 08:21:28,789][anemoi.utils.checkpoints][INFO] - Saving supporting array `global/cutout_mask` to inference-last/anemoi-metadata/global/cutout_mask.numpy (shape=(7905,), dtype=bool)
[2026-03-18 08:21:28,789][anemoi.utils.checkpoints][INFO] - Saving supporting array `source0/latitudes` to inference-last/anemoi-metadata/source0/latitudes.numpy (shape=(24444,), dtype=float64)
[2026-03-18 08:21:28,790][anemoi.utils.checkpoints][INFO] - Saving supporting array `source0/longitudes` to inference-last/anemoi-metadata/source0/longitudes.numpy (shape=(24444,), dtype=float64)
[2026-03-18 08:21:28,790][anemoi.utils.checkpoints][INFO] - Saving supporting array `source1/latitudes` to inference-last/anemoi-metadata/source1/latitudes.numpy (shape=(7905,), dtype=float64)
[2026-03-18 08:21:28,790][anemoi.utils.checkpoints][INFO] - Saving supporting array `source1/longitudes` to inference-last/anemoi-metadata/source1/longitudes.numpy (shape=(7905,), dtype=float64)
[2026-03-18 08:21:28,790][anemoi.utils.checkpoints][INFO] - Saving supporting array `grid_indices` to inference-last/anemoi-metadata/grid_indices.numpy (shape=(27479,), dtype=int64)
[2026-03-18 08:21:29,766][anemoi.utils.checkpoints][INFO] - Adding extra information to checkpoint /mnt/weatherloss/WindPower/training/EGU26/NoPower/checkpoint/NoPower/last.ckpt
[2026-03-18 08:21:29,766][anemoi.utils.checkpoints][INFO] - Saving metadata to archive/anemoi-metadata/anemoi.json
[2026-03-18 08:21:29,767][anemoi.utils.checkpoints][INFO] - Saving supporting array `latitudes` to archive/anemoi-metadata/latitudes.numpy (shape=(30844,), dtype=float64)
[2026-03-18 08:21:29,768][anemoi.utils.checkpoints][INFO] - Saving supporting array `longitudes` to archive/anemoi-metadata/longitudes.numpy (shape=(30844,), dtype=float64)
[2026-03-18 08:21:29,768][anemoi.utils.checkpoints][INFO] - Saving supporting array `lam_0/cutout_mask` to archive/anemoi-metadata/lam_0/cutout_mask.numpy (shape=(24444,), dtype=bool)
[2026-03-18 08:21:29,768][anemoi.utils.checkpoints][INFO] - Saving supporting array `global/cutout_mask` to archive/anemoi-metadata/global/cutout_mask.numpy (shape=(7905,), dtype=bool)
[2026-03-18 08:21:29,768][anemoi.utils.checkpoints][INFO] - Saving supporting array `source0/latitudes` to archive/anemoi-metadata/source0/latitudes.numpy (shape=(24444,), dtype=float64)
[2026-03-18 08:21:29,768][anemoi.utils.checkpoints][INFO] - Saving supporting array `source0/longitudes` to archive/anemoi-metadata/source0/longitudes.numpy (shape=(24444,), dtype=float64)
[2026-03-18 08:21:29,768][anemoi.utils.checkpoints][INFO] - Saving supporting array `source1/latitudes` to archive/anemoi-metadata/source1/latitudes.numpy (shape=(7905,), dtype=float64)
[2026-03-18 08:21:29,768][anemoi.utils.checkpoints][INFO] - Saving supporting array `source1/longitudes` to archive/anemoi-metadata/source1/longitudes.numpy (shape=(7905,), dtype=float64)
[2026-03-18 08:21:29,769][anemoi.utils.checkpoints][INFO] - Saving supporting array `grid_indices` to archive/anemoi-metadata/grid_indices.numpy (shape=(27479,), dtype=int64)
[2026-03-18 08:26:54,215][anemoi.models.data_indices.collection][INFO] - The order of the variables in the model matches the order in the data.
[2026-03-18 08:26:56,340][anemoi.utils.checkpoints][INFO] - Adding extra information to checkpoint /mnt/weatherloss/WindPower/training/EGU26/NoPower/checkpoint/NoPower/inference-anemoi-by_epoch-epoch_008-step_153001.ckpt
[2026-03-18 08:26:56,340][anemoi.utils.checkpoints][INFO] - Saving metadata to inference-anemoi-by_epoch-epoch_008-step_153001/anemoi-metadata/anemoi.json
[2026-03-18 08:26:56,342][anemoi.utils.checkpoints][INFO] - Saving supporting array `latitudes` to inference-anemoi-by_epoch-epoch_008-step_153001/anemoi-metadata/latitudes.numpy (shape=(30844,), dtype=float64)
[2026-03-18 08:26:56,342][anemoi.utils.checkpoints][INFO] - Saving supporting array `longitudes` to inference-anemoi-by_epoch-epoch_008-step_153001/anemoi-metadata/longitudes.numpy (shape=(30844,), dtype=float64)
[2026-03-18 08:26:56,342][anemoi.utils.checkpoints][INFO] - Saving supporting array `lam_0/cutout_mask` to inference-anemoi-by_epoch-epoch_008-step_153001/anemoi-metadata/lam_0/cutout_mask.numpy (shape=(24444,), dtype=bool)
[2026-03-18 08:26:56,342][anemoi.utils.checkpoints][INFO] - Saving supporting array `global/cutout_mask` to inference-anemoi-by_epoch-epoch_008-step_153001/anemoi-metadata/global/cutout_mask.numpy (shape=(7905,), dtype=bool)
[2026-03-18 08:26:56,342][anemoi.utils.checkpoints][INFO] - Saving supporting array `source0/latitudes` to inference-anemoi-by_epoch-epoch_008-step_153001/anemoi-metadata/source0/latitudes.numpy (shape=(24444,), dtype=float64)
[2026-03-18 08:26:56,343][anemoi.utils.checkpoints][INFO] - Saving supporting array `source0/longitudes` to inference-anemoi-by_epoch-epoch_008-step_153001/anemoi-metadata/source0/longitudes.numpy (shape=(24444,), dtype=float64)
[2026-03-18 08:26:56,343][anemoi.utils.checkpoints][INFO] - Saving supporting array `source1/latitudes` to inference-anemoi-by_epoch-epoch_008-step_153001/anemoi-metadata/source1/latitudes.numpy (shape=(7905,), dtype=float64)
[2026-03-18 08:26:56,343][anemoi.utils.checkpoints][INFO] - Saving supporting array `source1/longitudes` to inference-anemoi-by_epoch-epoch_008-step_153001/anemoi-metadata/source1/longitudes.numpy (shape=(7905,), dtype=float64)
[2026-03-18 08:26:56,343][anemoi.utils.checkpoints][INFO] - Saving supporting array `grid_indices` to inference-anemoi-by_epoch-epoch_008-step_153001/anemoi-metadata/grid_indices.numpy (shape=(27479,), dtype=int64)
[2026-03-18 08:26:57,168][anemoi.utils.checkpoints][INFO] - Adding extra information to checkpoint /mnt/weatherloss/WindPower/training/EGU26/NoPower/checkpoint/NoPower/anemoi-by_epoch-epoch_008-step_153001.ckpt
[2026-03-18 08:26:57,168][anemoi.utils.checkpoints][INFO] - Saving metadata to archive/anemoi-metadata/anemoi.json
[2026-03-18 08:26:57,170][anemoi.utils.checkpoints][INFO] - Saving supporting array `latitudes` to archive/anemoi-metadata/latitudes.numpy (shape=(30844,), dtype=float64)
[2026-03-18 08:26:57,170][anemoi.utils.checkpoints][INFO] - Saving supporting array `longitudes` to archive/anemoi-metadata/longitudes.numpy (shape=(30844,), dtype=float64)
[2026-03-18 08:26:57,170][anemoi.utils.checkpoints][INFO] - Saving supporting array `lam_0/cutout_mask` to archive/anemoi-metadata/lam_0/cutout_mask.numpy (shape=(24444,), dtype=bool)
[2026-03-18 08:26:57,170][anemoi.utils.checkpoints][INFO] - Saving supporting array `global/cutout_mask` to archive/anemoi-metadata/global/cutout_mask.numpy (shape=(7905,), dtype=bool)
[2026-03-18 08:26:57,170][anemoi.utils.checkpoints][INFO] - Saving supporting array `source0/latitudes` to archive/anemoi-metadata/source0/latitudes.numpy (shape=(24444,), dtype=float64)
[2026-03-18 08:26:57,171][anemoi.utils.checkpoints][INFO] - Saving supporting array `source0/longitudes` to archive/anemoi-metadata/source0/longitudes.numpy (shape=(24444,), dtype=float64)
[2026-03-18 08:26:57,171][anemoi.utils.checkpoints][INFO] - Saving supporting array `source1/latitudes` to archive/anemoi-metadata/source1/latitudes.numpy (shape=(7905,), dtype=float64)
[2026-03-18 08:26:57,171][anemoi.utils.checkpoints][INFO] - Saving supporting array `source1/longitudes` to archive/anemoi-metadata/source1/longitudes.numpy (shape=(7905,), dtype=float64)
[2026-03-18 08:26:57,171][anemoi.utils.checkpoints][INFO] - Saving supporting array `grid_indices` to archive/anemoi-metadata/grid_indices.numpy (shape=(27479,), dtype=int64)
[2026-03-18 08:26:57,328][anemoi.utils.checkpoints][INFO] - Adding extra information to checkpoint /mnt/weatherloss/WindPower/training/EGU26/NoPower/checkpoint/NoPower/inference-last.ckpt
[2026-03-18 08:26:57,328][anemoi.utils.checkpoints][INFO] - Saving metadata to inference-last/anemoi-metadata/anemoi.json
[2026-03-18 08:26:57,330][anemoi.utils.checkpoints][INFO] - Saving supporting array `latitudes` to inference-last/anemoi-metadata/latitudes.numpy (shape=(30844,), dtype=float64)
[2026-03-18 08:26:57,330][anemoi.utils.checkpoints][INFO] - Saving supporting array `longitudes` to inference-last/anemoi-metadata/longitudes.numpy (shape=(30844,), dtype=float64)
[2026-03-18 08:26:57,330][anemoi.utils.checkpoints][INFO] - Saving supporting array `lam_0/cutout_mask` to inference-last/anemoi-metadata/lam_0/cutout_mask.numpy (shape=(24444,), dtype=bool)
[2026-03-18 08:26:57,330][anemoi.utils.checkpoints][INFO] - Saving supporting array `global/cutout_mask` to inference-last/anemoi-metadata/global/cutout_mask.numpy (shape=(7905,), dtype=bool)
[2026-03-18 08:26:57,330][anemoi.utils.checkpoints][INFO] - Saving supporting array `source0/latitudes` to inference-last/anemoi-metadata/source0/latitudes.numpy (shape=(24444,), dtype=float64)
[2026-03-18 08:26:57,330][anemoi.utils.checkpoints][INFO] - Saving supporting array `source0/longitudes` to inference-last/anemoi-metadata/source0/longitudes.numpy (shape=(24444,), dtype=float64)
[2026-03-18 08:26:57,331][anemoi.utils.checkpoints][INFO] - Saving supporting array `source1/latitudes` to inference-last/anemoi-metadata/source1/latitudes.numpy (shape=(7905,), dtype=float64)
[2026-03-18 08:26:57,331][anemoi.utils.checkpoints][INFO] - Saving supporting array `source1/longitudes` to inference-last/anemoi-metadata/source1/longitudes.numpy (shape=(7905,), dtype=float64)
[2026-03-18 08:26:57,331][anemoi.utils.checkpoints][INFO] - Saving supporting array `grid_indices` to inference-last/anemoi-metadata/grid_indices.numpy (shape=(27479,), dtype=int64)
[2026-03-18 08:26:58,281][anemoi.utils.checkpoints][INFO] - Adding extra information to checkpoint /mnt/weatherloss/WindPower/training/EGU26/NoPower/checkpoint/NoPower/last.ckpt
[2026-03-18 08:26:58,281][anemoi.utils.checkpoints][INFO] - Saving metadata to archive/anemoi-metadata/anemoi.json
[2026-03-18 08:26:58,283][anemoi.utils.checkpoints][INFO] - Saving supporting array `latitudes` to archive/anemoi-metadata/latitudes.numpy (shape=(30844,), dtype=float64)
[2026-03-18 08:26:58,284][anemoi.utils.checkpoints][INFO] - Saving supporting array `longitudes` to archive/anemoi-metadata/longitudes.numpy (shape=(30844,), dtype=float64)
[2026-03-18 08:26:58,284][anemoi.utils.checkpoints][INFO] - Saving supporting array `lam_0/cutout_mask` to archive/anemoi-metadata/lam_0/cutout_mask.numpy (shape=(24444,), dtype=bool)
[2026-03-18 08:26:58,284][anemoi.utils.checkpoints][INFO] - Saving supporting array `global/cutout_mask` to archive/anemoi-metadata/global/cutout_mask.numpy (shape=(7905,), dtype=bool)
[2026-03-18 08:26:58,284][anemoi.utils.checkpoints][INFO] - Saving supporting array `source0/latitudes` to archive/anemoi-metadata/source0/latitudes.numpy (shape=(24444,), dtype=float64)
[2026-03-18 08:26:58,284][anemoi.utils.checkpoints][INFO] - Saving supporting array `source0/longitudes` to archive/anemoi-metadata/source0/longitudes.numpy (shape=(24444,), dtype=float64)
[2026-03-18 08:26:58,285][anemoi.utils.checkpoints][INFO] - Saving supporting array `source1/latitudes` to archive/anemoi-metadata/source1/latitudes.numpy (shape=(7905,), dtype=float64)
[2026-03-18 08:26:58,285][anemoi.utils.checkpoints][INFO] - Saving supporting array `source1/longitudes` to archive/anemoi-metadata/source1/longitudes.numpy (shape=(7905,), dtype=float64)
[2026-03-18 08:26:58,285][anemoi.utils.checkpoints][INFO] - Saving supporting array `grid_indices` to archive/anemoi-metadata/grid_indices.numpy (shape=(27479,), dtype=int64)
[2026-03-18 08:33:32,487][anemoi.models.data_indices.collection][INFO] - The order of the variables in the model matches the order in the data.
[2026-03-18 08:33:34,767][anemoi.utils.checkpoints][INFO] - Adding extra information to checkpoint /mnt/weatherloss/WindPower/training/EGU26/NoPower/checkpoint/NoPower/inference-anemoi-by_epoch-epoch_009-step_154001.ckpt
[2026-03-18 08:33:34,767][anemoi.utils.checkpoints][INFO] - Saving metadata to inference-anemoi-by_epoch-epoch_009-step_154001/anemoi-metadata/anemoi.json
[2026-03-18 08:33:34,768][anemoi.utils.checkpoints][INFO] - Saving supporting array `latitudes` to inference-anemoi-by_epoch-epoch_009-step_154001/anemoi-metadata/latitudes.numpy (shape=(30844,), dtype=float64)
[2026-03-18 08:33:34,769][anemoi.utils.checkpoints][INFO] - Saving supporting array `longitudes` to inference-anemoi-by_epoch-epoch_009-step_154001/anemoi-metadata/longitudes.numpy (shape=(30844,), dtype=float64)
[2026-03-18 08:33:34,769][anemoi.utils.checkpoints][INFO] - Saving supporting array `lam_0/cutout_mask` to inference-anemoi-by_epoch-epoch_009-step_154001/anemoi-metadata/lam_0/cutout_mask.numpy (shape=(24444,), dtype=bool)
[2026-03-18 08:33:34,769][anemoi.utils.checkpoints][INFO] - Saving supporting array `global/cutout_mask` to inference-anemoi-by_epoch-epoch_009-step_154001/anemoi-metadata/global/cutout_mask.numpy (shape=(7905,), dtype=bool)
[2026-03-18 08:33:34,769][anemoi.utils.checkpoints][INFO] - Saving supporting array `source0/latitudes` to inference-anemoi-by_epoch-epoch_009-step_154001/anemoi-metadata/source0/latitudes.numpy (shape=(24444,), dtype=float64)
[2026-03-18 08:33:34,769][anemoi.utils.checkpoints][INFO] - Saving supporting array `source0/longitudes` to inference-anemoi-by_epoch-epoch_009-step_154001/anemoi-metadata/source0/longitudes.numpy (shape=(24444,), dtype=float64)
[2026-03-18 08:33:34,770][anemoi.utils.checkpoints][INFO] - Saving supporting array `source1/latitudes` to inference-anemoi-by_epoch-epoch_009-step_154001/anemoi-metadata/source1/latitudes.numpy (shape=(7905,), dtype=float64)
[2026-03-18 08:33:34,770][anemoi.utils.checkpoints][INFO] - Saving supporting array `source1/longitudes` to inference-anemoi-by_epoch-epoch_009-step_154001/anemoi-metadata/source1/longitudes.numpy (shape=(7905,), dtype=float64)
[2026-03-18 08:33:34,770][anemoi.utils.checkpoints][INFO] - Saving supporting array `grid_indices` to inference-anemoi-by_epoch-epoch_009-step_154001/anemoi-metadata/grid_indices.numpy (shape=(27479,), dtype=int64)
[2026-03-18 08:33:35,594][anemoi.utils.checkpoints][INFO] - Adding extra information to checkpoint /mnt/weatherloss/WindPower/training/EGU26/NoPower/checkpoint/NoPower/anemoi-by_epoch-epoch_009-step_154001.ckpt
[2026-03-18 08:33:35,594][anemoi.utils.checkpoints][INFO] - Saving metadata to archive/anemoi-metadata/anemoi.json
[2026-03-18 08:33:35,596][anemoi.utils.checkpoints][INFO] - Saving supporting array `latitudes` to archive/anemoi-metadata/latitudes.numpy (shape=(30844,), dtype=float64)
[2026-03-18 08:33:35,596][anemoi.utils.checkpoints][INFO] - Saving supporting array `longitudes` to archive/anemoi-metadata/longitudes.numpy (shape=(30844,), dtype=float64)
[2026-03-18 08:33:35,596][anemoi.utils.checkpoints][INFO] - Saving supporting array `lam_0/cutout_mask` to archive/anemoi-metadata/lam_0/cutout_mask.numpy (shape=(24444,), dtype=bool)
[2026-03-18 08:33:35,596][anemoi.utils.checkpoints][INFO] - Saving supporting array `global/cutout_mask` to archive/anemoi-metadata/global/cutout_mask.numpy (shape=(7905,), dtype=bool)
[2026-03-18 08:33:35,596][anemoi.utils.checkpoints][INFO] - Saving supporting array `source0/latitudes` to archive/anemoi-metadata/source0/latitudes.numpy (shape=(24444,), dtype=float64)
[2026-03-18 08:33:35,597][anemoi.utils.checkpoints][INFO] - Saving supporting array `source0/longitudes` to archive/anemoi-metadata/source0/longitudes.numpy (shape=(24444,), dtype=float64)
[2026-03-18 08:33:35,597][anemoi.utils.checkpoints][INFO] - Saving supporting array `source1/latitudes` to archive/anemoi-metadata/source1/latitudes.numpy (shape=(7905,), dtype=float64)
[2026-03-18 08:33:35,597][anemoi.utils.checkpoints][INFO] - Saving supporting array `source1/longitudes` to archive/anemoi-metadata/source1/longitudes.numpy (shape=(7905,), dtype=float64)
[2026-03-18 08:33:35,597][anemoi.utils.checkpoints][INFO] - Saving supporting array `grid_indices` to archive/anemoi-metadata/grid_indices.numpy (shape=(27479,), dtype=int64)
[2026-03-18 08:33:35,795][anemoi.utils.checkpoints][INFO] - Adding extra information to checkpoint /mnt/weatherloss/WindPower/training/EGU26/NoPower/checkpoint/NoPower/inference-last.ckpt
[2026-03-18 08:33:35,795][anemoi.utils.checkpoints][INFO] - Saving metadata to inference-last/anemoi-metadata/anemoi.json
[2026-03-18 08:33:35,796][anemoi.utils.checkpoints][INFO] - Saving supporting array `latitudes` to inference-last/anemoi-metadata/latitudes.numpy (shape=(30844,), dtype=float64)
[2026-03-18 08:33:35,797][anemoi.utils.checkpoints][INFO] - Saving supporting array `longitudes` to inference-last/anemoi-metadata/longitudes.numpy (shape=(30844,), dtype=float64)
[2026-03-18 08:33:35,797][anemoi.utils.checkpoints][INFO] - Saving supporting array `lam_0/cutout_mask` to inference-last/anemoi-metadata/lam_0/cutout_mask.numpy (shape=(24444,), dtype=bool)
[2026-03-18 08:33:35,797][anemoi.utils.checkpoints][INFO] - Saving supporting array `global/cutout_mask` to inference-last/anemoi-metadata/global/cutout_mask.numpy (shape=(7905,), dtype=bool)
[2026-03-18 08:33:35,797][anemoi.utils.checkpoints][INFO] - Saving supporting array `source0/latitudes` to inference-last/anemoi-metadata/source0/latitudes.numpy (shape=(24444,), dtype=float64)
[2026-03-18 08:33:35,797][anemoi.utils.checkpoints][INFO] - Saving supporting array `source0/longitudes` to inference-last/anemoi-metadata/source0/longitudes.numpy (shape=(24444,), dtype=float64)
[2026-03-18 08:33:35,797][anemoi.utils.checkpoints][INFO] - Saving supporting array `source1/latitudes` to inference-last/anemoi-metadata/source1/latitudes.numpy (shape=(7905,), dtype=float64)
[2026-03-18 08:33:35,798][anemoi.utils.checkpoints][INFO] - Saving supporting array `source1/longitudes` to inference-last/anemoi-metadata/source1/longitudes.numpy (shape=(7905,), dtype=float64)
[2026-03-18 08:33:35,798][anemoi.utils.checkpoints][INFO] - Saving supporting array `grid_indices` to inference-last/anemoi-metadata/grid_indices.numpy (shape=(27479,), dtype=int64)
[2026-03-18 08:33:36,760][anemoi.utils.checkpoints][INFO] - Adding extra information to checkpoint /mnt/weatherloss/WindPower/training/EGU26/NoPower/checkpoint/NoPower/last.ckpt
[2026-03-18 08:33:36,761][anemoi.utils.checkpoints][INFO] - Saving metadata to archive/anemoi-metadata/anemoi.json
[2026-03-18 08:33:36,762][anemoi.utils.checkpoints][INFO] - Saving supporting array `latitudes` to archive/anemoi-metadata/latitudes.numpy (shape=(30844,), dtype=float64)
[2026-03-18 08:33:36,763][anemoi.utils.checkpoints][INFO] - Saving supporting array `longitudes` to archive/anemoi-metadata/longitudes.numpy (shape=(30844,), dtype=float64)
[2026-03-18 08:33:36,763][anemoi.utils.checkpoints][INFO] - Saving supporting array `lam_0/cutout_mask` to archive/anemoi-metadata/lam_0/cutout_mask.numpy (shape=(24444,), dtype=bool)
[2026-03-18 08:33:36,763][anemoi.utils.checkpoints][INFO] - Saving supporting array `global/cutout_mask` to archive/anemoi-metadata/global/cutout_mask.numpy (shape=(7905,), dtype=bool)
[2026-03-18 08:33:36,763][anemoi.utils.checkpoints][INFO] - Saving supporting array `source0/latitudes` to archive/anemoi-metadata/source0/latitudes.numpy (shape=(24444,), dtype=float64)
[2026-03-18 08:33:36,764][anemoi.utils.checkpoints][INFO] - Saving supporting array `source0/longitudes` to archive/anemoi-metadata/source0/longitudes.numpy (shape=(24444,), dtype=float64)
[2026-03-18 08:33:36,764][anemoi.utils.checkpoints][INFO] - Saving supporting array `source1/latitudes` to archive/anemoi-metadata/source1/latitudes.numpy (shape=(7905,), dtype=float64)
[2026-03-18 08:33:36,764][anemoi.utils.checkpoints][INFO] - Saving supporting array `source1/longitudes` to archive/anemoi-metadata/source1/longitudes.numpy (shape=(7905,), dtype=float64)
[2026-03-18 08:33:36,764][anemoi.utils.checkpoints][INFO] - Saving supporting array `grid_indices` to archive/anemoi-metadata/grid_indices.numpy (shape=(27479,), dtype=int64)
[2026-03-18 08:41:27,865][anemoi.models.data_indices.collection][INFO] - The order of the variables in the model matches the order in the data.
[2026-03-18 08:41:30,188][anemoi.utils.checkpoints][INFO] - Adding extra information to checkpoint /mnt/weatherloss/WindPower/training/EGU26/NoPower/checkpoint/NoPower/inference-anemoi-by_epoch-epoch_010-step_155001.ckpt
[2026-03-18 08:41:30,188][anemoi.utils.checkpoints][INFO] - Saving metadata to inference-anemoi-by_epoch-epoch_010-step_155001/anemoi-metadata/anemoi.json
[2026-03-18 08:41:30,190][anemoi.utils.checkpoints][INFO] - Saving supporting array `latitudes` to inference-anemoi-by_epoch-epoch_010-step_155001/anemoi-metadata/latitudes.numpy (shape=(30844,), dtype=float64)
[2026-03-18 08:41:30,190][anemoi.utils.checkpoints][INFO] - Saving supporting array `longitudes` to inference-anemoi-by_epoch-epoch_010-step_155001/anemoi-metadata/longitudes.numpy (shape=(30844,), dtype=float64)
[2026-03-18 08:41:30,190][anemoi.utils.checkpoints][INFO] - Saving supporting array `lam_0/cutout_mask` to inference-anemoi-by_epoch-epoch_010-step_155001/anemoi-metadata/lam_0/cutout_mask.numpy (shape=(24444,), dtype=bool)
[2026-03-18 08:41:30,190][anemoi.utils.checkpoints][INFO] - Saving supporting array `global/cutout_mask` to inference-anemoi-by_epoch-epoch_010-step_155001/anemoi-metadata/global/cutout_mask.numpy (shape=(7905,), dtype=bool)
[2026-03-18 08:41:30,190][anemoi.utils.checkpoints][INFO] - Saving supporting array `source0/latitudes` to inference-anemoi-by_epoch-epoch_010-step_155001/anemoi-metadata/source0/latitudes.numpy (shape=(24444,), dtype=float64)
[2026-03-18 08:41:30,191][anemoi.utils.checkpoints][INFO] - Saving supporting array `source0/longitudes` to inference-anemoi-by_epoch-epoch_010-step_155001/anemoi-metadata/source0/longitudes.numpy (shape=(24444,), dtype=float64)
[2026-03-18 08:41:30,191][anemoi.utils.checkpoints][INFO] - Saving supporting array `source1/latitudes` to inference-anemoi-by_epoch-epoch_010-step_155001/anemoi-metadata/source1/latitudes.numpy (shape=(7905,), dtype=float64)
[2026-03-18 08:41:30,191][anemoi.utils.checkpoints][INFO] - Saving supporting array `source1/longitudes` to inference-anemoi-by_epoch-epoch_010-step_155001/anemoi-metadata/source1/longitudes.numpy (shape=(7905,), dtype=float64)
[2026-03-18 08:41:30,191][anemoi.utils.checkpoints][INFO] - Saving supporting array `grid_indices` to inference-anemoi-by_epoch-epoch_010-step_155001/anemoi-metadata/grid_indices.numpy (shape=(27479,), dtype=int64)
[2026-03-18 08:41:31,035][anemoi.utils.checkpoints][INFO] - Adding extra information to checkpoint /mnt/weatherloss/WindPower/training/EGU26/NoPower/checkpoint/NoPower/anemoi-by_epoch-epoch_010-step_155001.ckpt
[2026-03-18 08:41:31,035][anemoi.utils.checkpoints][INFO] - Saving metadata to archive/anemoi-metadata/anemoi.json
[2026-03-18 08:41:31,036][anemoi.utils.checkpoints][INFO] - Saving supporting array `latitudes` to archive/anemoi-metadata/latitudes.numpy (shape=(30844,), dtype=float64)
[2026-03-18 08:41:31,037][anemoi.utils.checkpoints][INFO] - Saving supporting array `longitudes` to archive/anemoi-metadata/longitudes.numpy (shape=(30844,), dtype=float64)
[2026-03-18 08:41:31,037][anemoi.utils.checkpoints][INFO] - Saving supporting array `lam_0/cutout_mask` to archive/anemoi-metadata/lam_0/cutout_mask.numpy (shape=(24444,), dtype=bool)
[2026-03-18 08:41:31,037][anemoi.utils.checkpoints][INFO] - Saving supporting array `global/cutout_mask` to archive/anemoi-metadata/global/cutout_mask.numpy (shape=(7905,), dtype=bool)
[2026-03-18 08:41:31,037][anemoi.utils.checkpoints][INFO] - Saving supporting array `source0/latitudes` to archive/anemoi-metadata/source0/latitudes.numpy (shape=(24444,), dtype=float64)
[2026-03-18 08:41:31,037][anemoi.utils.checkpoints][INFO] - Saving supporting array `source0/longitudes` to archive/anemoi-metadata/source0/longitudes.numpy (shape=(24444,), dtype=float64)
[2026-03-18 08:41:31,037][anemoi.utils.checkpoints][INFO] - Saving supporting array `source1/latitudes` to archive/anemoi-metadata/source1/latitudes.numpy (shape=(7905,), dtype=float64)
[2026-03-18 08:41:31,038][anemoi.utils.checkpoints][INFO] - Saving supporting array `source1/longitudes` to archive/anemoi-metadata/source1/longitudes.numpy (shape=(7905,), dtype=float64)
[2026-03-18 08:41:31,038][anemoi.utils.checkpoints][INFO] - Saving supporting array `grid_indices` to archive/anemoi-metadata/grid_indices.numpy (shape=(27479,), dtype=int64)
[2026-03-18 08:41:31,206][anemoi.utils.checkpoints][INFO] - Adding extra information to checkpoint /mnt/weatherloss/WindPower/training/EGU26/NoPower/checkpoint/NoPower/inference-last.ckpt
[2026-03-18 08:41:31,206][anemoi.utils.checkpoints][INFO] - Saving metadata to inference-last/anemoi-metadata/anemoi.json
[2026-03-18 08:41:31,208][anemoi.utils.checkpoints][INFO] - Saving supporting array `latitudes` to inference-last/anemoi-metadata/latitudes.numpy (shape=(30844,), dtype=float64)
[2026-03-18 08:41:31,208][anemoi.utils.checkpoints][INFO] - Saving supporting array `longitudes` to inference-last/anemoi-metadata/longitudes.numpy (shape=(30844,), dtype=float64)
[2026-03-18 08:41:31,208][anemoi.utils.checkpoints][INFO] - Saving supporting array `lam_0/cutout_mask` to inference-last/anemoi-metadata/lam_0/cutout_mask.numpy (shape=(24444,), dtype=bool)
[2026-03-18 08:41:31,208][anemoi.utils.checkpoints][INFO] - Saving supporting array `global/cutout_mask` to inference-last/anemoi-metadata/global/cutout_mask.numpy (shape=(7905,), dtype=bool)
[2026-03-18 08:41:31,209][anemoi.utils.checkpoints][INFO] - Saving supporting array `source0/latitudes` to inference-last/anemoi-metadata/source0/latitudes.numpy (shape=(24444,), dtype=float64)
[2026-03-18 08:41:31,209][anemoi.utils.checkpoints][INFO] - Saving supporting array `source0/longitudes` to inference-last/anemoi-metadata/source0/longitudes.numpy (shape=(24444,), dtype=float64)
[2026-03-18 08:41:31,209][anemoi.utils.checkpoints][INFO] - Saving supporting array `source1/latitudes` to inference-last/anemoi-metadata/source1/latitudes.numpy (shape=(7905,), dtype=float64)
[2026-03-18 08:41:31,209][anemoi.utils.checkpoints][INFO] - Saving supporting array `source1/longitudes` to inference-last/anemoi-metadata/source1/longitudes.numpy (shape=(7905,), dtype=float64)
[2026-03-18 08:41:31,209][anemoi.utils.checkpoints][INFO] - Saving supporting array `grid_indices` to inference-last/anemoi-metadata/grid_indices.numpy (shape=(27479,), dtype=int64)
[2026-03-18 08:41:32,278][anemoi.utils.checkpoints][INFO] - Adding extra information to checkpoint /mnt/weatherloss/WindPower/training/EGU26/NoPower/checkpoint/NoPower/last.ckpt
[2026-03-18 08:41:32,278][anemoi.utils.checkpoints][INFO] - Saving metadata to archive/anemoi-metadata/anemoi.json
[2026-03-18 08:41:32,280][anemoi.utils.checkpoints][INFO] - Saving supporting array `latitudes` to archive/anemoi-metadata/latitudes.numpy (shape=(30844,), dtype=float64)
[2026-03-18 08:41:32,280][anemoi.utils.checkpoints][INFO] - Saving supporting array `longitudes` to archive/anemoi-metadata/longitudes.numpy (shape=(30844,), dtype=float64)
[2026-03-18 08:41:32,281][anemoi.utils.checkpoints][INFO] - Saving supporting array `lam_0/cutout_mask` to archive/anemoi-metadata/lam_0/cutout_mask.numpy (shape=(24444,), dtype=bool)
[2026-03-18 08:41:32,281][anemoi.utils.checkpoints][INFO] - Saving supporting array `global/cutout_mask` to archive/anemoi-metadata/global/cutout_mask.numpy (shape=(7905,), dtype=bool)
[2026-03-18 08:41:32,281][anemoi.utils.checkpoints][INFO] - Saving supporting array `source0/latitudes` to archive/anemoi-metadata/source0/latitudes.numpy (shape=(24444,), dtype=float64)
[2026-03-18 08:41:32,281][anemoi.utils.checkpoints][INFO] - Saving supporting array `source0/longitudes` to archive/anemoi-metadata/source0/longitudes.numpy (shape=(24444,), dtype=float64)
[2026-03-18 08:41:32,281][anemoi.utils.checkpoints][INFO] - Saving supporting array `source1/latitudes` to archive/anemoi-metadata/source1/latitudes.numpy (shape=(7905,), dtype=float64)
[2026-03-18 08:41:32,281][anemoi.utils.checkpoints][INFO] - Saving supporting array `source1/longitudes` to archive/anemoi-metadata/source1/longitudes.numpy (shape=(7905,), dtype=float64)
[2026-03-18 08:41:32,281][anemoi.utils.checkpoints][INFO] - Saving supporting array `grid_indices` to archive/anemoi-metadata/grid_indices.numpy (shape=(27479,), dtype=int64)
[2026-03-18 08:50:42,127][pytorch_lightning.utilities.rank_zero][INFO] - `Trainer.fit` stopped: `max_steps=156000` reached.
[2026-03-18 08:50:42,245][anemoi.utils.checkpoints][INFO] - Adding extra information to checkpoint /mnt/weatherloss/WindPower/training/EGU26/NoPower/checkpoint/NoPower/inference-anemoi-by_time-epoch_011-step_156000.ckpt
[2026-03-18 08:50:42,245][anemoi.utils.checkpoints][INFO] - Saving metadata to inference-anemoi-by_time-epoch_011-step_156000/anemoi-metadata/anemoi.json
[2026-03-18 08:50:42,246][anemoi.utils.checkpoints][INFO] - Saving supporting array `latitudes` to inference-anemoi-by_time-epoch_011-step_156000/anemoi-metadata/latitudes.numpy (shape=(30844,), dtype=float64)
[2026-03-18 08:50:42,246][anemoi.utils.checkpoints][INFO] - Saving supporting array `longitudes` to inference-anemoi-by_time-epoch_011-step_156000/anemoi-metadata/longitudes.numpy (shape=(30844,), dtype=float64)
[2026-03-18 08:50:42,247][anemoi.utils.checkpoints][INFO] - Saving supporting array `lam_0/cutout_mask` to inference-anemoi-by_time-epoch_011-step_156000/anemoi-metadata/lam_0/cutout_mask.numpy (shape=(24444,), dtype=bool)
[2026-03-18 08:50:42,247][anemoi.utils.checkpoints][INFO] - Saving supporting array `global/cutout_mask` to inference-anemoi-by_time-epoch_011-step_156000/anemoi-metadata/global/cutout_mask.numpy (shape=(7905,), dtype=bool)
[2026-03-18 08:50:42,247][anemoi.utils.checkpoints][INFO] - Saving supporting array `source0/latitudes` to inference-anemoi-by_time-epoch_011-step_156000/anemoi-metadata/source0/latitudes.numpy (shape=(24444,), dtype=float64)
[2026-03-18 08:50:42,247][anemoi.utils.checkpoints][INFO] - Saving supporting array `source0/longitudes` to inference-anemoi-by_time-epoch_011-step_156000/anemoi-metadata/source0/longitudes.numpy (shape=(24444,), dtype=float64)
[2026-03-18 08:50:42,247][anemoi.utils.checkpoints][INFO] - Saving supporting array `source1/latitudes` to inference-anemoi-by_time-epoch_011-step_156000/anemoi-metadata/source1/latitudes.numpy (shape=(7905,), dtype=float64)
[2026-03-18 08:50:42,247][anemoi.utils.checkpoints][INFO] - Saving supporting array `source1/longitudes` to inference-anemoi-by_time-epoch_011-step_156000/anemoi-metadata/source1/longitudes.numpy (shape=(7905,), dtype=float64)
[2026-03-18 08:50:42,247][anemoi.utils.checkpoints][INFO] - Saving supporting array `grid_indices` to inference-anemoi-by_time-epoch_011-step_156000/anemoi-metadata/grid_indices.numpy (shape=(27479,), dtype=int64)
[2026-03-18 08:50:43,067][anemoi.utils.checkpoints][INFO] - Adding extra information to checkpoint /mnt/weatherloss/WindPower/training/EGU26/NoPower/checkpoint/NoPower/anemoi-by_time-epoch_011-step_156000.ckpt
[2026-03-18 08:50:43,067][anemoi.utils.checkpoints][INFO] - Saving metadata to archive/anemoi-metadata/anemoi.json
[2026-03-18 08:50:43,069][anemoi.utils.checkpoints][INFO] - Saving supporting array `latitudes` to archive/anemoi-metadata/latitudes.numpy (shape=(30844,), dtype=float64)
[2026-03-18 08:50:43,069][anemoi.utils.checkpoints][INFO] - Saving supporting array `longitudes` to archive/anemoi-metadata/longitudes.numpy (shape=(30844,), dtype=float64)
[2026-03-18 08:50:43,069][anemoi.utils.checkpoints][INFO] - Saving supporting array `lam_0/cutout_mask` to archive/anemoi-metadata/lam_0/cutout_mask.numpy (shape=(24444,), dtype=bool)
[2026-03-18 08:50:43,069][anemoi.utils.checkpoints][INFO] - Saving supporting array `global/cutout_mask` to archive/anemoi-metadata/global/cutout_mask.numpy (shape=(7905,), dtype=bool)
[2026-03-18 08:50:43,069][anemoi.utils.checkpoints][INFO] - Saving supporting array `source0/latitudes` to archive/anemoi-metadata/source0/latitudes.numpy (shape=(24444,), dtype=float64)
[2026-03-18 08:50:43,070][anemoi.utils.checkpoints][INFO] - Saving supporting array `source0/longitudes` to archive/anemoi-metadata/source0/longitudes.numpy (shape=(24444,), dtype=float64)
[2026-03-18 08:50:43,070][anemoi.utils.checkpoints][INFO] - Saving supporting array `source1/latitudes` to archive/anemoi-metadata/source1/latitudes.numpy (shape=(7905,), dtype=float64)
[2026-03-18 08:50:43,070][anemoi.utils.checkpoints][INFO] - Saving supporting array `source1/longitudes` to archive/anemoi-metadata/source1/longitudes.numpy (shape=(7905,), dtype=float64)
[2026-03-18 08:50:43,070][anemoi.utils.checkpoints][INFO] - Saving supporting array `grid_indices` to archive/anemoi-metadata/grid_indices.numpy (shape=(27479,), dtype=int64)
[2026-03-18 08:50:43,219][anemoi.utils.checkpoints][INFO] - Adding extra information to checkpoint /mnt/weatherloss/WindPower/training/EGU26/NoPower/checkpoint/NoPower/inference-last.ckpt
[2026-03-18 08:50:43,219][anemoi.utils.checkpoints][INFO] - Saving metadata to inference-last/anemoi-metadata/anemoi.json
[2026-03-18 08:50:43,221][anemoi.utils.checkpoints][INFO] - Saving supporting array `latitudes` to inference-last/anemoi-metadata/latitudes.numpy (shape=(30844,), dtype=float64)
[2026-03-18 08:50:43,221][anemoi.utils.checkpoints][INFO] - Saving supporting array `longitudes` to inference-last/anemoi-metadata/longitudes.numpy (shape=(30844,), dtype=float64)
[2026-03-18 08:50:43,221][anemoi.utils.checkpoints][INFO] - Saving supporting array `lam_0/cutout_mask` to inference-last/anemoi-metadata/lam_0/cutout_mask.numpy (shape=(24444,), dtype=bool)
[2026-03-18 08:50:43,221][anemoi.utils.checkpoints][INFO] - Saving supporting array `global/cutout_mask` to inference-last/anemoi-metadata/global/cutout_mask.numpy (shape=(7905,), dtype=bool)
[2026-03-18 08:50:43,221][anemoi.utils.checkpoints][INFO] - Saving supporting array `source0/latitudes` to inference-last/anemoi-metadata/source0/latitudes.numpy (shape=(24444,), dtype=float64)
[2026-03-18 08:50:43,221][anemoi.utils.checkpoints][INFO] - Saving supporting array `source0/longitudes` to inference-last/anemoi-metadata/source0/longitudes.numpy (shape=(24444,), dtype=float64)
[2026-03-18 08:50:43,222][anemoi.utils.checkpoints][INFO] - Saving supporting array `source1/latitudes` to inference-last/anemoi-metadata/source1/latitudes.numpy (shape=(7905,), dtype=float64)
[2026-03-18 08:50:43,222][anemoi.utils.checkpoints][INFO] - Saving supporting array `source1/longitudes` to inference-last/anemoi-metadata/source1/longitudes.numpy (shape=(7905,), dtype=float64)
[2026-03-18 08:50:43,222][anemoi.utils.checkpoints][INFO] - Saving supporting array `grid_indices` to inference-last/anemoi-metadata/grid_indices.numpy (shape=(27479,), dtype=int64)
[2026-03-18 08:50:44,217][anemoi.utils.checkpoints][INFO] - Adding extra information to checkpoint /mnt/weatherloss/WindPower/training/EGU26/NoPower/checkpoint/NoPower/last.ckpt
[2026-03-18 08:50:44,217][anemoi.utils.checkpoints][INFO] - Saving metadata to archive/anemoi-metadata/anemoi.json
[2026-03-18 08:50:44,219][anemoi.utils.checkpoints][INFO] - Saving supporting array `latitudes` to archive/anemoi-metadata/latitudes.numpy (shape=(30844,), dtype=float64)
[2026-03-18 08:50:44,219][anemoi.utils.checkpoints][INFO] - Saving supporting array `longitudes` to archive/anemoi-metadata/longitudes.numpy (shape=(30844,), dtype=float64)
[2026-03-18 08:50:44,219][anemoi.utils.checkpoints][INFO] - Saving supporting array `lam_0/cutout_mask` to archive/anemoi-metadata/lam_0/cutout_mask.numpy (shape=(24444,), dtype=bool)
[2026-03-18 08:50:44,220][anemoi.utils.checkpoints][INFO] - Saving supporting array `global/cutout_mask` to archive/anemoi-metadata/global/cutout_mask.numpy (shape=(7905,), dtype=bool)
[2026-03-18 08:50:44,220][anemoi.utils.checkpoints][INFO] - Saving supporting array `source0/latitudes` to archive/anemoi-metadata/source0/latitudes.numpy (shape=(24444,), dtype=float64)
[2026-03-18 08:50:44,220][anemoi.utils.checkpoints][INFO] - Saving supporting array `source0/longitudes` to archive/anemoi-metadata/source0/longitudes.numpy (shape=(24444,), dtype=float64)
[2026-03-18 08:50:44,220][anemoi.utils.checkpoints][INFO] - Saving supporting array `source1/latitudes` to archive/anemoi-metadata/source1/latitudes.numpy (shape=(7905,), dtype=float64)
[2026-03-18 08:50:44,220][anemoi.utils.checkpoints][INFO] - Saving supporting array `source1/longitudes` to archive/anemoi-metadata/source1/longitudes.numpy (shape=(7905,), dtype=float64)
[2026-03-18 08:50:44,220][anemoi.utils.checkpoints][INFO] - Saving supporting array `grid_indices` to archive/anemoi-metadata/grid_indices.numpy (shape=(27479,), dtype=int64)
[2026-03-18 08:50:44,358][anemoi.utils.checkpoints][INFO] - Adding extra information to checkpoint /mnt/weatherloss/WindPower/training/EGU26/NoPower/checkpoint/NoPower/inference-anemoi-by_epoch-epoch_011-step_156000.ckpt
[2026-03-18 08:50:44,358][anemoi.utils.checkpoints][INFO] - Saving metadata to inference-anemoi-by_epoch-epoch_011-step_156000/anemoi-metadata/anemoi.json
[2026-03-18 08:50:44,360][anemoi.utils.checkpoints][INFO] - Saving supporting array `latitudes` to inference-anemoi-by_epoch-epoch_011-step_156000/anemoi-metadata/latitudes.numpy (shape=(30844,), dtype=float64)
[2026-03-18 08:50:44,360][anemoi.utils.checkpoints][INFO] - Saving supporting array `longitudes` to inference-anemoi-by_epoch-epoch_011-step_156000/anemoi-metadata/longitudes.numpy (shape=(30844,), dtype=float64)
[2026-03-18 08:50:44,361][anemoi.utils.checkpoints][INFO] - Saving supporting array `lam_0/cutout_mask` to inference-anemoi-by_epoch-epoch_011-step_156000/anemoi-metadata/lam_0/cutout_mask.numpy (shape=(24444,), dtype=bool)
[2026-03-18 08:50:44,361][anemoi.utils.checkpoints][INFO] - Saving supporting array `global/cutout_mask` to inference-anemoi-by_epoch-epoch_011-step_156000/anemoi-metadata/global/cutout_mask.numpy (shape=(7905,), dtype=bool)
[2026-03-18 08:50:44,361][anemoi.utils.checkpoints][INFO] - Saving supporting array `source0/latitudes` to inference-anemoi-by_epoch-epoch_011-step_156000/anemoi-metadata/source0/latitudes.numpy (shape=(24444,), dtype=float64)
[2026-03-18 08:50:44,361][anemoi.utils.checkpoints][INFO] - Saving supporting array `source0/longitudes` to inference-anemoi-by_epoch-epoch_011-step_156000/anemoi-metadata/source0/longitudes.numpy (shape=(24444,), dtype=float64)
[2026-03-18 08:50:44,361][anemoi.utils.checkpoints][INFO] - Saving supporting array `source1/latitudes` to inference-anemoi-by_epoch-epoch_011-step_156000/anemoi-metadata/source1/latitudes.numpy (shape=(7905,), dtype=float64)
[2026-03-18 08:50:44,362][anemoi.utils.checkpoints][INFO] - Saving supporting array `source1/longitudes` to inference-anemoi-by_epoch-epoch_011-step_156000/anemoi-metadata/source1/longitudes.numpy (shape=(7905,), dtype=float64)
[2026-03-18 08:50:44,362][anemoi.utils.checkpoints][INFO] - Saving supporting array `grid_indices` to inference-anemoi-by_epoch-epoch_011-step_156000/anemoi-metadata/grid_indices.numpy (shape=(27479,), dtype=int64)
[2026-03-18 08:50:45,313][anemoi.utils.checkpoints][INFO] - Adding extra information to checkpoint /mnt/weatherloss/WindPower/training/EGU26/NoPower/checkpoint/NoPower/anemoi-by_epoch-epoch_011-step_156000.ckpt
[2026-03-18 08:50:45,314][anemoi.utils.checkpoints][INFO] - Saving metadata to archive/anemoi-metadata/anemoi.json
[2026-03-18 08:50:45,315][anemoi.utils.checkpoints][INFO] - Saving supporting array `latitudes` to archive/anemoi-metadata/latitudes.numpy (shape=(30844,), dtype=float64)
[2026-03-18 08:50:45,316][anemoi.utils.checkpoints][INFO] - Saving supporting array `longitudes` to archive/anemoi-metadata/longitudes.numpy (shape=(30844,), dtype=float64)
[2026-03-18 08:50:45,316][anemoi.utils.checkpoints][INFO] - Saving supporting array `lam_0/cutout_mask` to archive/anemoi-metadata/lam_0/cutout_mask.numpy (shape=(24444,), dtype=bool)
[2026-03-18 08:50:45,316][anemoi.utils.checkpoints][INFO] - Saving supporting array `global/cutout_mask` to archive/anemoi-metadata/global/cutout_mask.numpy (shape=(7905,), dtype=bool)
[2026-03-18 08:50:45,316][anemoi.utils.checkpoints][INFO] - Saving supporting array `source0/latitudes` to archive/anemoi-metadata/source0/latitudes.numpy (shape=(24444,), dtype=float64)
[2026-03-18 08:50:45,317][anemoi.utils.checkpoints][INFO] - Saving supporting array `source0/longitudes` to archive/anemoi-metadata/source0/longitudes.numpy (shape=(24444,), dtype=float64)
[2026-03-18 08:50:45,317][anemoi.utils.checkpoints][INFO] - Saving supporting array `source1/latitudes` to archive/anemoi-metadata/source1/latitudes.numpy (shape=(7905,), dtype=float64)
[2026-03-18 08:50:45,317][anemoi.utils.checkpoints][INFO] - Saving supporting array `source1/longitudes` to archive/anemoi-metadata/source1/longitudes.numpy (shape=(7905,), dtype=float64)
[2026-03-18 08:50:45,317][anemoi.utils.checkpoints][INFO] - Saving supporting array `grid_indices` to archive/anemoi-metadata/grid_indices.numpy (shape=(27479,), dtype=int64)
[2026-03-18 08:50:45,505][anemoi.utils.checkpoints][INFO] - Adding extra information to checkpoint /mnt/weatherloss/WindPower/training/EGU26/NoPower/checkpoint/NoPower/inference-last.ckpt
[2026-03-18 08:50:45,505][anemoi.utils.checkpoints][INFO] - Saving metadata to inference-last/anemoi-metadata/anemoi.json
[2026-03-18 08:50:45,507][anemoi.utils.checkpoints][INFO] - Saving supporting array `latitudes` to inference-last/anemoi-metadata/latitudes.numpy (shape=(30844,), dtype=float64)
[2026-03-18 08:50:45,507][anemoi.utils.checkpoints][INFO] - Saving supporting array `longitudes` to inference-last/anemoi-metadata/longitudes.numpy (shape=(30844,), dtype=float64)
[2026-03-18 08:50:45,507][anemoi.utils.checkpoints][INFO] - Saving supporting array `lam_0/cutout_mask` to inference-last/anemoi-metadata/lam_0/cutout_mask.numpy (shape=(24444,), dtype=bool)
[2026-03-18 08:50:45,507][anemoi.utils.checkpoints][INFO] - Saving supporting array `global/cutout_mask` to inference-last/anemoi-metadata/global/cutout_mask.numpy (shape=(7905,), dtype=bool)
[2026-03-18 08:50:45,508][anemoi.utils.checkpoints][INFO] - Saving supporting array `source0/latitudes` to inference-last/anemoi-metadata/source0/latitudes.numpy (shape=(24444,), dtype=float64)
[2026-03-18 08:50:45,508][anemoi.utils.checkpoints][INFO] - Saving supporting array `source0/longitudes` to inference-last/anemoi-metadata/source0/longitudes.numpy (shape=(24444,), dtype=float64)
[2026-03-18 08:50:45,508][anemoi.utils.checkpoints][INFO] - Saving supporting array `source1/latitudes` to inference-last/anemoi-metadata/source1/latitudes.numpy (shape=(7905,), dtype=float64)
[2026-03-18 08:50:45,508][anemoi.utils.checkpoints][INFO] - Saving supporting array `source1/longitudes` to inference-last/anemoi-metadata/source1/longitudes.numpy (shape=(7905,), dtype=float64)
[2026-03-18 08:50:45,508][anemoi.utils.checkpoints][INFO] - Saving supporting array `grid_indices` to inference-last/anemoi-metadata/grid_indices.numpy (shape=(27479,), dtype=int64)
[2026-03-18 08:50:46,557][anemoi.utils.checkpoints][INFO] - Adding extra information to checkpoint /mnt/weatherloss/WindPower/training/EGU26/NoPower/checkpoint/NoPower/last.ckpt
[2026-03-18 08:50:46,557][anemoi.utils.checkpoints][INFO] - Saving metadata to archive/anemoi-metadata/anemoi.json
[2026-03-18 08:50:46,559][anemoi.utils.checkpoints][INFO] - Saving supporting array `latitudes` to archive/anemoi-metadata/latitudes.numpy (shape=(30844,), dtype=float64)
[2026-03-18 08:50:46,559][anemoi.utils.checkpoints][INFO] - Saving supporting array `longitudes` to archive/anemoi-metadata/longitudes.numpy (shape=(30844,), dtype=float64)
[2026-03-18 08:50:46,559][anemoi.utils.checkpoints][INFO] - Saving supporting array `lam_0/cutout_mask` to archive/anemoi-metadata/lam_0/cutout_mask.numpy (shape=(24444,), dtype=bool)
[2026-03-18 08:50:46,559][anemoi.utils.checkpoints][INFO] - Saving supporting array `global/cutout_mask` to archive/anemoi-metadata/global/cutout_mask.numpy (shape=(7905,), dtype=bool)
[2026-03-18 08:50:46,559][anemoi.utils.checkpoints][INFO] - Saving supporting array `source0/latitudes` to archive/anemoi-metadata/source0/latitudes.numpy (shape=(24444,), dtype=float64)
[2026-03-18 08:50:46,560][anemoi.utils.checkpoints][INFO] - Saving supporting array `source0/longitudes` to archive/anemoi-metadata/source0/longitudes.numpy (shape=(24444,), dtype=float64)
[2026-03-18 08:50:46,560][anemoi.utils.checkpoints][INFO] - Saving supporting array `source1/latitudes` to archive/anemoi-metadata/source1/latitudes.numpy (shape=(7905,), dtype=float64)
[2026-03-18 08:50:46,560][anemoi.utils.checkpoints][INFO] - Saving supporting array `source1/longitudes` to archive/anemoi-metadata/source1/longitudes.numpy (shape=(7905,), dtype=float64)
[2026-03-18 08:50:46,560][anemoi.utils.checkpoints][INFO] - Saving supporting array `grid_indices` to archive/anemoi-metadata/grid_indices.numpy (shape=(27479,), dtype=int64)
