[2026-01-07 08:11:07,149][anemoi.training.train.train][INFO] - Skipping config validation.
[2026-01-07 08:11:07,149][anemoi.training.train.train][INFO] - Starting from checkpoint: True
[2026-01-07 08:11:07,150][anemoi.training.train.train][INFO] - Run id: 5f04ff8a-6e18-4f1e-82e4-57871016750e
[2026-01-07 08:11:07,150][anemoi.training.train.train][INFO] - Checkpoints path: {'root': PosixPath('/mnt/weatherloss/WindPower/training/CI/GNN/checkpoint/5f04ff8a-6e18-4f1e-82e4-57871016750e'), 'every_n_epochs': 'anemoi-by_epoch-epoch_{epoch:03d}-step_{step:06d}', 'every_n_train_steps': 'anemoi-by_step-epoch_{epoch:03d}-step_{step:06d}', 'every_n_minutes': 'anemoi-by_time-epoch_{epoch:03d}-step_{step:06d}'}
[2026-01-07 08:11:07,150][anemoi.training.train.train][INFO] - Plots path: /mnt/weatherloss/WindPower/training/CI/GNN/plots/5f04ff8a-6e18-4f1e-82e4-57871016750e
[2026-01-07 08:11:07,401][anemoi.graphs.nodes.builders.from_file][INFO] - Reading the dataset from {'cutout': [{'dataset': '/mnt/weatherloss/WindPower/data/NorthSea/Anemoidatasets/Cerra_CI_HR_A.zarr'}, {'dataset': '/mnt/weatherloss/WindPower/data/NorthSea/Anemoidatasets/Cerra_CI_LR_A.zarr'}], 'min_distance_km': 0, 'adjust': 'all'}.
[2026-01-07 08:11:08,092][anemoi.graphs.generate.masks][INFO] - Fitting KNNAreaMaskBuilder with 24386 reference nodes from "data (cutout)".
[2026-01-07 08:11:26,624][anemoi.graphs.edges.builders.knn][INFO] - Using KNN-Edges (with 12 nearest neighbours) between data and hidden.
[2026-01-07 08:11:26,636][anemoi.graphs.edges.builders.base][WARNING] - The 'torch-cluster' library is not installed.
Installing 'torch-cluster' can significantly improve performance for graph creation.
You can install it using:
    TORCH_VERSION=$(python -c "import torch; print(torch.__version__)")
    pip install torch-cluster -f https://data.pyg.org/whl/torch-${TORCH_VERSION}.html

[2026-01-07 08:11:26,753][anemoi.graphs.edges.builders.cutoff][INFO] - Using CutOff-Edges (with radius = 65.0 km [factor=4.00]) between data and hidden.
[2026-01-07 08:11:26,754][anemoi.graphs.edges.builders.base][WARNING] - The 'torch-cluster' library is not installed.
Installing 'torch-cluster' can significantly improve performance for graph creation.
You can install it using:
    TORCH_VERSION=$(python -c "import torch; print(torch.__version__)")
    pip install torch-cluster -f https://data.pyg.org/whl/torch-${TORCH_VERSION}.html

[2026-01-07 08:12:11,484][anemoi.graphs.edges.builders.knn][INFO] - Using KNN-Edges (with 3 nearest neighbours) between hidden and data.
[2026-01-07 08:12:11,485][anemoi.graphs.edges.builders.base][WARNING] - The 'torch-cluster' library is not installed.
Installing 'torch-cluster' can significantly improve performance for graph creation.
You can install it using:
    TORCH_VERSION=$(python -c "import torch; print(torch.__version__)")
    pip install torch-cluster -f https://data.pyg.org/whl/torch-${TORCH_VERSION}.html

[2026-01-07 08:12:11,545][anemoi.graphs.create][INFO] - Cleaning graph.
[2026-01-07 08:12:11,545][anemoi.graphs.create][INFO] - _grid_reference_distance deleted from graph.
[2026-01-07 08:12:11,545][anemoi.graphs.create][INFO] - _dataset deleted from graph.
[2026-01-07 08:12:11,545][anemoi.graphs.create][INFO] - _grid_reference_distance deleted from graph.
[2026-01-07 08:12:11,545][anemoi.graphs.create][INFO] - _node_ordering deleted from graph.
[2026-01-07 08:12:11,545][anemoi.graphs.create][INFO] - _nx_graph deleted from graph.
[2026-01-07 08:12:11,546][anemoi.graphs.create][INFO] - _resolutions deleted from graph.
[2026-01-07 08:12:11,546][anemoi.graphs.create][INFO] - _area_mask_builder deleted from graph.
[2026-01-07 08:12:11,556][anemoi.graphs.processors.post_process][INFO] - Removing 70655 edges from ('data', 'to', 'hidden').
[2026-01-07 08:12:11,560][anemoi.graphs.processors.post_process][INFO] - Recomputing edge attribute edge_length.
[2026-01-07 08:12:11,562][anemoi.graphs.processors.post_process][INFO] - Recomputing edge attribute edge_dirs.
[2026-01-07 08:12:11,565][anemoi.graphs.processors.post_process][INFO] - Removing 0 nodes from data.
[2026-01-07 08:12:11,586][anemoi.graphs.processors.post_process][INFO] - An attribute indices_connected_nodes has been added with the indices to mask the nodes from the original graph.
[2026-01-07 08:12:11,595][anemoi.graphs.create][INFO] - Graph saved at /mnt/weatherloss/WindPower/graphs/Northsea.pt.
[2026-01-07 08:12:11,786][anemoi.training.data.datamodule][INFO] - Timeincrement set to 1 for data with frequency, 10800, and timestep, 10800
[2026-01-07 08:12:11,787][anemoi.training.data.grid_indices][INFO] - The graph attribute indices_connected_nodes of the data nodes will be used to masking the spatial dimension.
[2026-01-07 08:12:11,787][anemoi.training.train.train][INFO] - Number of data variables: 71
[2026-01-07 08:12:11,788][anemoi.training.train.train][INFO] - Variables: ['cos_latitude', 'cos_longitude', 'insolation', 'julian_day', 'lsm', 'mcc', 'msl', 'r_1000', 'r_500', 'r_600', 'r_700', 'r_750', 'r_800', 'r_850', 'r_900', 'r_950', 'sin_latitude', 'sin_longitude', 'surface_geopotential', 't2m', 't_1000', 't_500', 't_600', 't_700', 't_750', 't_800', 't_850', 't_900', 't_950', 'u_1000', 'u_500', 'u_600', 'u_700', 'u_750', 'u_800', 'u_850', 'u_900', 'u_950', 'v_1000', 'v_500', 'v_600', 'v_700', 'v_750', 'v_800', 'v_850', 'v_900', 'v_950', 'wdir10_cos', 'wdir10_sin', 'wdir_cos100', 'wdir_cos150', 'wdir_cos200', 'wdir_cos50', 'wdir_sin100', 'wdir_sin150', 'wdir_sin200', 'wdir_sin50', 'ws10', 'ws100', 'ws150', 'ws200', 'ws50', 'z_1000', 'z_500', 'z_600', 'z_700', 'z_750', 'z_800', 'z_850', 'z_900', 'z_950']
[2026-01-07 08:12:11,788][anemoi.training.train.train][INFO] - Total number of prognostic variables: 63
[2026-01-07 08:12:11,788][anemoi.training.train.train][INFO] - Total number of auxiliary variables: 8
[2026-01-07 08:12:11,788][anemoi.training.train.train][INFO] - Total GPU count / model group size: 1 - NB: the learning rate will be scaled by this factor!
[2026-01-07 08:12:11,788][anemoi.training.train.train][INFO] - Effective learning rate: 2.500e-04
[2026-01-07 08:12:11,788][anemoi.training.train.train][INFO] - Training limits: max_epochs=25, max_steps=185000. Training will stop when either limit is reached first. Learning rate scheduler will run for 185000 steps.
[2026-01-07 08:12:11,802][anemoi.models.migrations.migrator][INFO] - Loading migration 1755530253_initial
[2026-01-07 08:12:11,802][anemoi.models.migrations.migrator][INFO] - Loading migration 1762857427_deprecate_eda
[2026-01-07 08:12:11,802][anemoi.models.migrations.migrator][INFO] - Loading migration 1762857428_chunking_fix
[2026-01-07 08:12:11,802][anemoi.models.migrations.migrator][INFO] - Loading migration 1763479917_hardware_schema_update
[2026-01-07 08:12:11,821][anemoi.training.train.train][INFO] - TensorBoard logger enabled
[2026-01-07 08:12:11,823][pytorch_lightning.utilities.rank_zero][INFO] - Using 16bit Automatic Mixed Precision (AMP)
[2026-01-07 08:12:11,830][pytorch_lightning.utilities.rank_zero][INFO] - GPU available: True (cuda), used: True
[2026-01-07 08:12:11,831][pytorch_lightning.utilities.rank_zero][INFO] - TPU available: False, using: 0 TPU cores
[2026-01-07 08:12:11,831][anemoi.training.train.train][INFO] - Recompile limit set to 32
[2026-01-07 08:12:11,854][lightning_fabric.utilities.seed][INFO] - Seed set to 4528
[2026-01-07 08:12:11,855][anemoi.training.train.train][INFO] - Initial seed: Rank 0, initial seed 4528, running with random seed: 4528
[2026-01-07 08:12:12,201][anemoi.models.preprocessing.normalizer][INFO] - Normalizing: cos_latitude is not normalized.
[2026-01-07 08:12:12,201][anemoi.models.preprocessing.normalizer][INFO] - Normalizing: cos_longitude is not normalized.
[2026-01-07 08:12:12,201][anemoi.models.preprocessing.normalizer][INFO] - Normalizing: lsm is not normalized.
[2026-01-07 08:12:12,201][anemoi.models.preprocessing.normalizer][INFO] - Normalizing: sin_latitude is not normalized.
[2026-01-07 08:12:12,201][anemoi.models.preprocessing.normalizer][INFO] - Normalizing: sin_longitude is not normalized.
[2026-01-07 08:12:12,201][anemoi.models.preprocessing.normalizer][INFO] - Normalizing: wdir10_cos is not normalized.
[2026-01-07 08:12:12,201][anemoi.models.preprocessing.normalizer][INFO] - Normalizing: wdir10_sin is not normalized.
[2026-01-07 08:12:12,201][anemoi.models.preprocessing.normalizer][INFO] - Normalizing: wdir_cos100 is not normalized.
[2026-01-07 08:12:12,201][anemoi.models.preprocessing.normalizer][INFO] - Normalizing: wdir_cos150 is not normalized.
[2026-01-07 08:12:12,201][anemoi.models.preprocessing.normalizer][INFO] - Normalizing: wdir_cos200 is not normalized.
[2026-01-07 08:12:12,201][anemoi.models.preprocessing.normalizer][INFO] - Normalizing: wdir_cos50 is not normalized.
[2026-01-07 08:12:12,201][anemoi.models.preprocessing.normalizer][INFO] - Normalizing: wdir_sin100 is not normalized.
[2026-01-07 08:12:12,201][anemoi.models.preprocessing.normalizer][INFO] - Normalizing: wdir_sin150 is not normalized.
[2026-01-07 08:12:12,201][anemoi.models.preprocessing.normalizer][INFO] - Normalizing: wdir_sin200 is not normalized.
[2026-01-07 08:12:12,201][anemoi.models.preprocessing.normalizer][INFO] - Normalizing: wdir_sin50 is not normalized.
[2026-01-07 08:12:12,239][anemoi.models.layers.utils][INFO] - Linear kernel: torch.nn.Linear.
[2026-01-07 08:12:12,239][anemoi.models.layers.utils][INFO] - LayerNorm kernel: torch.nn.LayerNorm.
[2026-01-07 08:12:12,239][anemoi.models.layers.utils][INFO] - Activation kernel: torch.nn.GELU.
[2026-01-07 08:12:12,240][anemoi.models.layers.utils][INFO] - QueryNorm kernel: anemoi.models.layers.normalization.AutocastLayerNorm.
[2026-01-07 08:12:12,241][anemoi.models.layers.utils][INFO] - KeyNorm kernel: anemoi.models.layers.normalization.AutocastLayerNorm.
[2026-01-07 08:12:12,270][anemoi.models.layers.utils][INFO] - Linear kernel: torch.nn.Linear.
[2026-01-07 08:12:12,270][anemoi.models.layers.utils][INFO] - LayerNorm kernel: torch.nn.LayerNorm.
[2026-01-07 08:12:12,271][anemoi.models.layers.utils][INFO] - Activation kernel: torch.nn.GELU.
[2026-01-07 08:12:12,271][anemoi.models.layers.utils][INFO] - QueryNorm kernel: anemoi.models.layers.normalization.AutocastLayerNorm.
[2026-01-07 08:12:12,271][anemoi.models.layers.utils][INFO] - KeyNorm kernel: anemoi.models.layers.normalization.AutocastLayerNorm.
[2026-01-07 08:12:12,300][anemoi.models.layers.utils][INFO] - Linear kernel: torch.nn.Linear.
[2026-01-07 08:12:12,300][anemoi.models.layers.utils][INFO] - LayerNorm kernel: torch.nn.LayerNorm.
[2026-01-07 08:12:12,300][anemoi.models.layers.utils][INFO] - Activation kernel: torch.nn.GELU.
[2026-01-07 08:12:12,301][anemoi.models.layers.utils][INFO] - QueryNorm kernel: anemoi.models.layers.normalization.AutocastLayerNorm.
[2026-01-07 08:12:12,301][anemoi.models.layers.utils][INFO] - KeyNorm kernel: anemoi.models.layers.normalization.AutocastLayerNorm.
[2026-01-07 08:12:12,394][anemoi.training.losses.scalers.variable_level][INFO] - Variable Level Scaling: Applying ReluVariableLevelScaler scaling to pl variables ({'param': []})
[2026-01-07 08:12:12,394][anemoi.training.losses.scalers.variable_level][INFO] - with slope = 0.001 and y-intercept/minimum = 0.2.
[2026-01-07 08:12:12,432][anemoi.training.data.grid_indices][INFO] - The graph attribute indices_connected_nodes of the data nodes will be used to masking the spatial dimension.
[2026-01-07 08:12:12,432][anemoi.training.train.train][INFO] - The following submodules will NOT be trained: []
[2026-01-07 08:12:12,433][anemoi.training.train.train][INFO] - Resuming training from last checkpoint: /mnt/weatherloss/WindPower/training/CI/GNN/checkpoint/5f04ff8a-6e18-4f1e-82e4-57871016750e/last.ckpt
[2026-01-07 08:12:12,455][lightning_fabric.utilities.distributed][INFO] - Initializing distributed: GLOBAL_RANK: 0, MEMBER: 1/1
[2026-01-07 08:12:12,624][pytorch_lightning.utilities.rank_zero][INFO] - ----------------------------------------------------------------------------------------------------
distributed_backend=nccl
All distributed processes registered. Starting with 1 processes
----------------------------------------------------------------------------------------------------

[2026-01-07 08:12:12,734][pytorch_lightning.utilities.rank_zero][INFO] - Restoring states from the checkpoint path at /mnt/weatherloss/WindPower/training/CI/GNN/checkpoint/5f04ff8a-6e18-4f1e-82e4-57871016750e/last.ckpt
[2026-01-07 08:12:16,781][pytorch_lightning.accelerators.cuda][INFO] - LOCAL_RANK: 0 - CUDA_VISIBLE_DEVICES: [0]
[2026-01-07 08:12:16,946][lightning_fabric.utilities.seed][INFO] - [rank: 0] Seed set to 4528
[2026-01-07 08:12:26,578][pytorch_lightning.utilities.rank_zero][INFO] - Restored all states from the checkpoint at /mnt/weatherloss/WindPower/training/CI/GNN/checkpoint/5f04ff8a-6e18-4f1e-82e4-57871016750e/last.ckpt
[2026-01-07 08:12:26,582][anemoi.training.data.dataset][INFO] - NativeGridDataset.set_group_info(): global_rank 0, model_comm_group_id 0, model_comm_group_rank 0, model_comm_num_groups 1, reader_group_rank 0
[2026-01-07 08:12:26,668][anemoi.training.data.dataset][INFO] - Worker 0 (pid 461055, global_rank 0, model comm group 0)  has low/high range 0 / 5963
[2026-01-07 08:12:26,670][anemoi.training.data.dataset][INFO] - Worker 0 (train, pid 461055, glob. rank 0, model comm group 0, group_rank 0, seed group id 0, base_seed 4528, sanity rnd 0.729572)
[2026-01-07 08:12:26,780][anemoi.training.data.dataset][INFO] - Worker 1 (pid 461154, global_rank 0, model comm group 0)  has low/high range 5963 / 11926
[2026-01-07 08:12:26,782][anemoi.training.data.dataset][INFO] - Worker 1 (train, pid 461154, glob. rank 0, model comm group 0, group_rank 0, seed group id 0, base_seed 4528, sanity rnd 0.729572)
[2026-01-07 08:12:27,596][anemoi.training.data.dataset][INFO] - NativeGridDataset.set_group_info(): global_rank 0, model_comm_group_id 0, model_comm_group_rank 0, model_comm_num_groups 1, reader_group_rank 0
[2026-01-07 08:12:27,598][anemoi.models.data_indices.collection][INFO] - The order of the variables in the model matches the order in the data.
[2026-01-07 11:23:44,845][anemoi.training.data.dataset][INFO] - Worker 0 (pid 503137, global_rank 0, model comm group 0)  has low/high range 0 / 723
[2026-01-07 11:23:44,847][anemoi.training.data.dataset][INFO] - Worker 0 (validation, pid 503137, glob. rank 0, model comm group 0, group_rank 0, seed group id 0, base_seed 4528, sanity rnd 0.729572)
[2026-01-07 11:23:44,986][anemoi.training.data.dataset][INFO] - Worker 1 (pid 503241, global_rank 0, model comm group 0)  has low/high range 723 / 1446
[2026-01-07 11:23:44,989][anemoi.training.data.dataset][INFO] - Worker 1 (validation, pid 503241, glob. rank 0, model comm group 0, group_rank 0, seed group id 0, base_seed 4528, sanity rnd 0.729572)
[2026-01-07 11:23:45,250][anemoi.models.data_indices.collection][INFO] - The order of the variables in the model matches the order in the data.
[2026-01-07 12:14:32,052][anemoi.utils.checkpoints][INFO] - Adding extra information to checkpoint /mnt/weatherloss/WindPower/training/CI/GNN/checkpoint/5f04ff8a-6e18-4f1e-82e4-57871016750e/inference-anemoi-by_epoch-epoch_008-step_111926.ckpt
[2026-01-07 12:14:32,053][anemoi.utils.checkpoints][INFO] - Saving metadata to inference-anemoi-by_epoch-epoch_008-step_111926/anemoi-metadata/ai-models.json
[2026-01-07 12:14:32,054][anemoi.utils.checkpoints][INFO] - Saving supporting array `latitudes` to inference-anemoi-by_epoch-epoch_008-step_111926/anemoi-metadata/latitudes.numpy (shape=(25427,), dtype=float64)
[2026-01-07 12:14:32,055][anemoi.utils.checkpoints][INFO] - Saving supporting array `longitudes` to inference-anemoi-by_epoch-epoch_008-step_111926/anemoi-metadata/longitudes.numpy (shape=(25427,), dtype=float64)
[2026-01-07 12:14:32,055][anemoi.utils.checkpoints][INFO] - Saving supporting array `lam_0/cutout_mask` to inference-anemoi-by_epoch-epoch_008-step_111926/anemoi-metadata/lam_0/cutout_mask.numpy (shape=(24386,), dtype=bool)
[2026-01-07 12:14:32,055][anemoi.utils.checkpoints][INFO] - Saving supporting array `global/cutout_mask` to inference-anemoi-by_epoch-epoch_008-step_111926/anemoi-metadata/global/cutout_mask.numpy (shape=(2021,), dtype=bool)
[2026-01-07 12:14:32,055][anemoi.utils.checkpoints][INFO] - Saving supporting array `source0/latitudes` to inference-anemoi-by_epoch-epoch_008-step_111926/anemoi-metadata/source0/latitudes.numpy (shape=(24386,), dtype=float64)
[2026-01-07 12:14:32,056][anemoi.utils.checkpoints][INFO] - Saving supporting array `source0/longitudes` to inference-anemoi-by_epoch-epoch_008-step_111926/anemoi-metadata/source0/longitudes.numpy (shape=(24386,), dtype=float64)
[2026-01-07 12:14:32,056][anemoi.utils.checkpoints][INFO] - Saving supporting array `source1/latitudes` to inference-anemoi-by_epoch-epoch_008-step_111926/anemoi-metadata/source1/latitudes.numpy (shape=(2021,), dtype=float64)
[2026-01-07 12:14:32,056][anemoi.utils.checkpoints][INFO] - Saving supporting array `source1/longitudes` to inference-anemoi-by_epoch-epoch_008-step_111926/anemoi-metadata/source1/longitudes.numpy (shape=(2021,), dtype=float64)
[2026-01-07 12:14:32,056][anemoi.utils.checkpoints][INFO] - Saving supporting array `grid_indices` to inference-anemoi-by_epoch-epoch_008-step_111926/anemoi-metadata/grid_indices.numpy (shape=(25427,), dtype=int64)
[2026-01-07 12:14:32,463][anemoi.utils.checkpoints][INFO] - Adding extra information to checkpoint /mnt/weatherloss/WindPower/training/CI/GNN/checkpoint/5f04ff8a-6e18-4f1e-82e4-57871016750e/anemoi-by_epoch-epoch_008-step_111926.ckpt
[2026-01-07 12:14:32,463][anemoi.utils.checkpoints][INFO] - Saving metadata to archive/anemoi-metadata/ai-models.json
[2026-01-07 12:14:32,464][anemoi.utils.checkpoints][INFO] - Saving supporting array `latitudes` to archive/anemoi-metadata/latitudes.numpy (shape=(25427,), dtype=float64)
[2026-01-07 12:14:32,465][anemoi.utils.checkpoints][INFO] - Saving supporting array `longitudes` to archive/anemoi-metadata/longitudes.numpy (shape=(25427,), dtype=float64)
[2026-01-07 12:14:32,465][anemoi.utils.checkpoints][INFO] - Saving supporting array `lam_0/cutout_mask` to archive/anemoi-metadata/lam_0/cutout_mask.numpy (shape=(24386,), dtype=bool)
[2026-01-07 12:14:32,465][anemoi.utils.checkpoints][INFO] - Saving supporting array `global/cutout_mask` to archive/anemoi-metadata/global/cutout_mask.numpy (shape=(2021,), dtype=bool)
[2026-01-07 12:14:32,465][anemoi.utils.checkpoints][INFO] - Saving supporting array `source0/latitudes` to archive/anemoi-metadata/source0/latitudes.numpy (shape=(24386,), dtype=float64)
[2026-01-07 12:14:32,466][anemoi.utils.checkpoints][INFO] - Saving supporting array `source0/longitudes` to archive/anemoi-metadata/source0/longitudes.numpy (shape=(24386,), dtype=float64)
[2026-01-07 12:14:32,466][anemoi.utils.checkpoints][INFO] - Saving supporting array `source1/latitudes` to archive/anemoi-metadata/source1/latitudes.numpy (shape=(2021,), dtype=float64)
[2026-01-07 12:14:32,466][anemoi.utils.checkpoints][INFO] - Saving supporting array `source1/longitudes` to archive/anemoi-metadata/source1/longitudes.numpy (shape=(2021,), dtype=float64)
[2026-01-07 12:14:32,466][anemoi.utils.checkpoints][INFO] - Saving supporting array `grid_indices` to archive/anemoi-metadata/grid_indices.numpy (shape=(25427,), dtype=int64)
[2026-01-07 12:14:32,569][anemoi.utils.checkpoints][INFO] - Adding extra information to checkpoint /mnt/weatherloss/WindPower/training/CI/GNN/checkpoint/5f04ff8a-6e18-4f1e-82e4-57871016750e/inference-last.ckpt
[2026-01-07 12:14:32,569][anemoi.utils.checkpoints][INFO] - Saving metadata to inference-last/anemoi-metadata/ai-models.json
[2026-01-07 12:14:32,571][anemoi.utils.checkpoints][INFO] - Saving supporting array `latitudes` to inference-last/anemoi-metadata/latitudes.numpy (shape=(25427,), dtype=float64)
[2026-01-07 12:14:32,571][anemoi.utils.checkpoints][INFO] - Saving supporting array `longitudes` to inference-last/anemoi-metadata/longitudes.numpy (shape=(25427,), dtype=float64)
[2026-01-07 12:14:32,571][anemoi.utils.checkpoints][INFO] - Saving supporting array `lam_0/cutout_mask` to inference-last/anemoi-metadata/lam_0/cutout_mask.numpy (shape=(24386,), dtype=bool)
[2026-01-07 12:14:32,571][anemoi.utils.checkpoints][INFO] - Saving supporting array `global/cutout_mask` to inference-last/anemoi-metadata/global/cutout_mask.numpy (shape=(2021,), dtype=bool)
[2026-01-07 12:14:32,571][anemoi.utils.checkpoints][INFO] - Saving supporting array `source0/latitudes` to inference-last/anemoi-metadata/source0/latitudes.numpy (shape=(24386,), dtype=float64)
[2026-01-07 12:14:32,572][anemoi.utils.checkpoints][INFO] - Saving supporting array `source0/longitudes` to inference-last/anemoi-metadata/source0/longitudes.numpy (shape=(24386,), dtype=float64)
[2026-01-07 12:14:32,572][anemoi.utils.checkpoints][INFO] - Saving supporting array `source1/latitudes` to inference-last/anemoi-metadata/source1/latitudes.numpy (shape=(2021,), dtype=float64)
[2026-01-07 12:14:32,572][anemoi.utils.checkpoints][INFO] - Saving supporting array `source1/longitudes` to inference-last/anemoi-metadata/source1/longitudes.numpy (shape=(2021,), dtype=float64)
[2026-01-07 12:14:32,572][anemoi.utils.checkpoints][INFO] - Saving supporting array `grid_indices` to inference-last/anemoi-metadata/grid_indices.numpy (shape=(25427,), dtype=int64)
[2026-01-07 12:14:32,969][anemoi.utils.checkpoints][INFO] - Adding extra information to checkpoint /mnt/weatherloss/WindPower/training/CI/GNN/checkpoint/5f04ff8a-6e18-4f1e-82e4-57871016750e/last.ckpt
[2026-01-07 12:14:32,969][anemoi.utils.checkpoints][INFO] - Saving metadata to archive/anemoi-metadata/ai-models.json
[2026-01-07 12:14:32,971][anemoi.utils.checkpoints][INFO] - Saving supporting array `latitudes` to archive/anemoi-metadata/latitudes.numpy (shape=(25427,), dtype=float64)
[2026-01-07 12:14:32,971][anemoi.utils.checkpoints][INFO] - Saving supporting array `longitudes` to archive/anemoi-metadata/longitudes.numpy (shape=(25427,), dtype=float64)
[2026-01-07 12:14:32,971][anemoi.utils.checkpoints][INFO] - Saving supporting array `lam_0/cutout_mask` to archive/anemoi-metadata/lam_0/cutout_mask.numpy (shape=(24386,), dtype=bool)
[2026-01-07 12:14:32,971][anemoi.utils.checkpoints][INFO] - Saving supporting array `global/cutout_mask` to archive/anemoi-metadata/global/cutout_mask.numpy (shape=(2021,), dtype=bool)
[2026-01-07 12:14:32,971][anemoi.utils.checkpoints][INFO] - Saving supporting array `source0/latitudes` to archive/anemoi-metadata/source0/latitudes.numpy (shape=(24386,), dtype=float64)
[2026-01-07 12:14:32,971][anemoi.utils.checkpoints][INFO] - Saving supporting array `source0/longitudes` to archive/anemoi-metadata/source0/longitudes.numpy (shape=(24386,), dtype=float64)
[2026-01-07 12:14:32,971][anemoi.utils.checkpoints][INFO] - Saving supporting array `source1/latitudes` to archive/anemoi-metadata/source1/latitudes.numpy (shape=(2021,), dtype=float64)
[2026-01-07 12:14:32,972][anemoi.utils.checkpoints][INFO] - Saving supporting array `source1/longitudes` to archive/anemoi-metadata/source1/longitudes.numpy (shape=(2021,), dtype=float64)
[2026-01-07 12:14:32,972][anemoi.utils.checkpoints][INFO] - Saving supporting array `grid_indices` to archive/anemoi-metadata/grid_indices.numpy (shape=(25427,), dtype=int64)
[2026-01-07 13:38:51,665][anemoi.models.data_indices.collection][INFO] - The order of the variables in the model matches the order in the data.
[2026-01-07 14:08:26,455][anemoi.utils.checkpoints][INFO] - Adding extra information to checkpoint /mnt/weatherloss/WindPower/training/CI/GNN/checkpoint/5f04ff8a-6e18-4f1e-82e4-57871016750e/inference-anemoi-by_epoch-epoch_009-step_123852.ckpt
[2026-01-07 14:08:26,455][anemoi.utils.checkpoints][INFO] - Saving metadata to inference-anemoi-by_epoch-epoch_009-step_123852/anemoi-metadata/ai-models.json
[2026-01-07 14:08:26,456][anemoi.utils.checkpoints][INFO] - Saving supporting array `latitudes` to inference-anemoi-by_epoch-epoch_009-step_123852/anemoi-metadata/latitudes.numpy (shape=(25427,), dtype=float64)
[2026-01-07 14:08:26,457][anemoi.utils.checkpoints][INFO] - Saving supporting array `longitudes` to inference-anemoi-by_epoch-epoch_009-step_123852/anemoi-metadata/longitudes.numpy (shape=(25427,), dtype=float64)
[2026-01-07 14:08:26,457][anemoi.utils.checkpoints][INFO] - Saving supporting array `lam_0/cutout_mask` to inference-anemoi-by_epoch-epoch_009-step_123852/anemoi-metadata/lam_0/cutout_mask.numpy (shape=(24386,), dtype=bool)
[2026-01-07 14:08:26,457][anemoi.utils.checkpoints][INFO] - Saving supporting array `global/cutout_mask` to inference-anemoi-by_epoch-epoch_009-step_123852/anemoi-metadata/global/cutout_mask.numpy (shape=(2021,), dtype=bool)
[2026-01-07 14:08:26,457][anemoi.utils.checkpoints][INFO] - Saving supporting array `source0/latitudes` to inference-anemoi-by_epoch-epoch_009-step_123852/anemoi-metadata/source0/latitudes.numpy (shape=(24386,), dtype=float64)
[2026-01-07 14:08:26,457][anemoi.utils.checkpoints][INFO] - Saving supporting array `source0/longitudes` to inference-anemoi-by_epoch-epoch_009-step_123852/anemoi-metadata/source0/longitudes.numpy (shape=(24386,), dtype=float64)
[2026-01-07 14:08:26,458][anemoi.utils.checkpoints][INFO] - Saving supporting array `source1/latitudes` to inference-anemoi-by_epoch-epoch_009-step_123852/anemoi-metadata/source1/latitudes.numpy (shape=(2021,), dtype=float64)
[2026-01-07 14:08:26,458][anemoi.utils.checkpoints][INFO] - Saving supporting array `source1/longitudes` to inference-anemoi-by_epoch-epoch_009-step_123852/anemoi-metadata/source1/longitudes.numpy (shape=(2021,), dtype=float64)
[2026-01-07 14:08:26,458][anemoi.utils.checkpoints][INFO] - Saving supporting array `grid_indices` to inference-anemoi-by_epoch-epoch_009-step_123852/anemoi-metadata/grid_indices.numpy (shape=(25427,), dtype=int64)
[2026-01-07 14:08:26,867][anemoi.utils.checkpoints][INFO] - Adding extra information to checkpoint /mnt/weatherloss/WindPower/training/CI/GNN/checkpoint/5f04ff8a-6e18-4f1e-82e4-57871016750e/anemoi-by_epoch-epoch_009-step_123852.ckpt
[2026-01-07 14:08:26,867][anemoi.utils.checkpoints][INFO] - Saving metadata to archive/anemoi-metadata/ai-models.json
[2026-01-07 14:08:26,869][anemoi.utils.checkpoints][INFO] - Saving supporting array `latitudes` to archive/anemoi-metadata/latitudes.numpy (shape=(25427,), dtype=float64)
[2026-01-07 14:08:26,869][anemoi.utils.checkpoints][INFO] - Saving supporting array `longitudes` to archive/anemoi-metadata/longitudes.numpy (shape=(25427,), dtype=float64)
[2026-01-07 14:08:26,869][anemoi.utils.checkpoints][INFO] - Saving supporting array `lam_0/cutout_mask` to archive/anemoi-metadata/lam_0/cutout_mask.numpy (shape=(24386,), dtype=bool)
[2026-01-07 14:08:26,869][anemoi.utils.checkpoints][INFO] - Saving supporting array `global/cutout_mask` to archive/anemoi-metadata/global/cutout_mask.numpy (shape=(2021,), dtype=bool)
[2026-01-07 14:08:26,869][anemoi.utils.checkpoints][INFO] - Saving supporting array `source0/latitudes` to archive/anemoi-metadata/source0/latitudes.numpy (shape=(24386,), dtype=float64)
[2026-01-07 14:08:26,870][anemoi.utils.checkpoints][INFO] - Saving supporting array `source0/longitudes` to archive/anemoi-metadata/source0/longitudes.numpy (shape=(24386,), dtype=float64)
[2026-01-07 14:08:26,870][anemoi.utils.checkpoints][INFO] - Saving supporting array `source1/latitudes` to archive/anemoi-metadata/source1/latitudes.numpy (shape=(2021,), dtype=float64)
[2026-01-07 14:08:26,870][anemoi.utils.checkpoints][INFO] - Saving supporting array `source1/longitudes` to archive/anemoi-metadata/source1/longitudes.numpy (shape=(2021,), dtype=float64)
[2026-01-07 14:08:26,870][anemoi.utils.checkpoints][INFO] - Saving supporting array `grid_indices` to archive/anemoi-metadata/grid_indices.numpy (shape=(25427,), dtype=int64)
[2026-01-07 14:08:26,970][anemoi.utils.checkpoints][INFO] - Adding extra information to checkpoint /mnt/weatherloss/WindPower/training/CI/GNN/checkpoint/5f04ff8a-6e18-4f1e-82e4-57871016750e/inference-last.ckpt
[2026-01-07 14:08:26,970][anemoi.utils.checkpoints][INFO] - Saving metadata to inference-last/anemoi-metadata/ai-models.json
[2026-01-07 14:08:26,971][anemoi.utils.checkpoints][INFO] - Saving supporting array `latitudes` to inference-last/anemoi-metadata/latitudes.numpy (shape=(25427,), dtype=float64)
[2026-01-07 14:08:26,971][anemoi.utils.checkpoints][INFO] - Saving supporting array `longitudes` to inference-last/anemoi-metadata/longitudes.numpy (shape=(25427,), dtype=float64)
[2026-01-07 14:08:26,972][anemoi.utils.checkpoints][INFO] - Saving supporting array `lam_0/cutout_mask` to inference-last/anemoi-metadata/lam_0/cutout_mask.numpy (shape=(24386,), dtype=bool)
[2026-01-07 14:08:26,972][anemoi.utils.checkpoints][INFO] - Saving supporting array `global/cutout_mask` to inference-last/anemoi-metadata/global/cutout_mask.numpy (shape=(2021,), dtype=bool)
[2026-01-07 14:08:26,972][anemoi.utils.checkpoints][INFO] - Saving supporting array `source0/latitudes` to inference-last/anemoi-metadata/source0/latitudes.numpy (shape=(24386,), dtype=float64)
[2026-01-07 14:08:26,972][anemoi.utils.checkpoints][INFO] - Saving supporting array `source0/longitudes` to inference-last/anemoi-metadata/source0/longitudes.numpy (shape=(24386,), dtype=float64)
[2026-01-07 14:08:26,972][anemoi.utils.checkpoints][INFO] - Saving supporting array `source1/latitudes` to inference-last/anemoi-metadata/source1/latitudes.numpy (shape=(2021,), dtype=float64)
[2026-01-07 14:08:26,972][anemoi.utils.checkpoints][INFO] - Saving supporting array `source1/longitudes` to inference-last/anemoi-metadata/source1/longitudes.numpy (shape=(2021,), dtype=float64)
[2026-01-07 14:08:26,972][anemoi.utils.checkpoints][INFO] - Saving supporting array `grid_indices` to inference-last/anemoi-metadata/grid_indices.numpy (shape=(25427,), dtype=int64)
[2026-01-07 14:08:27,318][anemoi.utils.checkpoints][INFO] - Adding extra information to checkpoint /mnt/weatherloss/WindPower/training/CI/GNN/checkpoint/5f04ff8a-6e18-4f1e-82e4-57871016750e/last.ckpt
[2026-01-07 14:08:27,318][anemoi.utils.checkpoints][INFO] - Saving metadata to archive/anemoi-metadata/ai-models.json
[2026-01-07 14:08:27,319][anemoi.utils.checkpoints][INFO] - Saving supporting array `latitudes` to archive/anemoi-metadata/latitudes.numpy (shape=(25427,), dtype=float64)
[2026-01-07 14:08:27,319][anemoi.utils.checkpoints][INFO] - Saving supporting array `longitudes` to archive/anemoi-metadata/longitudes.numpy (shape=(25427,), dtype=float64)
[2026-01-07 14:08:27,319][anemoi.utils.checkpoints][INFO] - Saving supporting array `lam_0/cutout_mask` to archive/anemoi-metadata/lam_0/cutout_mask.numpy (shape=(24386,), dtype=bool)
[2026-01-07 14:08:27,319][anemoi.utils.checkpoints][INFO] - Saving supporting array `global/cutout_mask` to archive/anemoi-metadata/global/cutout_mask.numpy (shape=(2021,), dtype=bool)
[2026-01-07 14:08:27,319][anemoi.utils.checkpoints][INFO] - Saving supporting array `source0/latitudes` to archive/anemoi-metadata/source0/latitudes.numpy (shape=(24386,), dtype=float64)
[2026-01-07 14:08:27,320][anemoi.utils.checkpoints][INFO] - Saving supporting array `source0/longitudes` to archive/anemoi-metadata/source0/longitudes.numpy (shape=(24386,), dtype=float64)
[2026-01-07 14:08:27,320][anemoi.utils.checkpoints][INFO] - Saving supporting array `source1/latitudes` to archive/anemoi-metadata/source1/latitudes.numpy (shape=(2021,), dtype=float64)
[2026-01-07 14:08:27,320][anemoi.utils.checkpoints][INFO] - Saving supporting array `source1/longitudes` to archive/anemoi-metadata/source1/longitudes.numpy (shape=(2021,), dtype=float64)
[2026-01-07 14:08:27,320][anemoi.utils.checkpoints][INFO] - Saving supporting array `grid_indices` to archive/anemoi-metadata/grid_indices.numpy (shape=(25427,), dtype=int64)
[2026-01-07 18:57:53,822][anemoi.models.data_indices.collection][INFO] - The order of the variables in the model matches the order in the data.
[2026-01-07 19:01:59,438][anemoi.utils.checkpoints][INFO] - Adding extra information to checkpoint /mnt/weatherloss/WindPower/training/CI/GNN/checkpoint/5f04ff8a-6e18-4f1e-82e4-57871016750e/inference-anemoi-by_epoch-epoch_010-step_135778.ckpt
[2026-01-07 19:01:59,438][anemoi.utils.checkpoints][INFO] - Saving metadata to inference-anemoi-by_epoch-epoch_010-step_135778/anemoi-metadata/ai-models.json
[2026-01-07 19:01:59,439][anemoi.utils.checkpoints][INFO] - Saving supporting array `latitudes` to inference-anemoi-by_epoch-epoch_010-step_135778/anemoi-metadata/latitudes.numpy (shape=(25427,), dtype=float64)
[2026-01-07 19:01:59,440][anemoi.utils.checkpoints][INFO] - Saving supporting array `longitudes` to inference-anemoi-by_epoch-epoch_010-step_135778/anemoi-metadata/longitudes.numpy (shape=(25427,), dtype=float64)
[2026-01-07 19:01:59,440][anemoi.utils.checkpoints][INFO] - Saving supporting array `lam_0/cutout_mask` to inference-anemoi-by_epoch-epoch_010-step_135778/anemoi-metadata/lam_0/cutout_mask.numpy (shape=(24386,), dtype=bool)
[2026-01-07 19:01:59,440][anemoi.utils.checkpoints][INFO] - Saving supporting array `global/cutout_mask` to inference-anemoi-by_epoch-epoch_010-step_135778/anemoi-metadata/global/cutout_mask.numpy (shape=(2021,), dtype=bool)
[2026-01-07 19:01:59,440][anemoi.utils.checkpoints][INFO] - Saving supporting array `source0/latitudes` to inference-anemoi-by_epoch-epoch_010-step_135778/anemoi-metadata/source0/latitudes.numpy (shape=(24386,), dtype=float64)
[2026-01-07 19:01:59,440][anemoi.utils.checkpoints][INFO] - Saving supporting array `source0/longitudes` to inference-anemoi-by_epoch-epoch_010-step_135778/anemoi-metadata/source0/longitudes.numpy (shape=(24386,), dtype=float64)
[2026-01-07 19:01:59,440][anemoi.utils.checkpoints][INFO] - Saving supporting array `source1/latitudes` to inference-anemoi-by_epoch-epoch_010-step_135778/anemoi-metadata/source1/latitudes.numpy (shape=(2021,), dtype=float64)
[2026-01-07 19:01:59,440][anemoi.utils.checkpoints][INFO] - Saving supporting array `source1/longitudes` to inference-anemoi-by_epoch-epoch_010-step_135778/anemoi-metadata/source1/longitudes.numpy (shape=(2021,), dtype=float64)
[2026-01-07 19:01:59,440][anemoi.utils.checkpoints][INFO] - Saving supporting array `grid_indices` to inference-anemoi-by_epoch-epoch_010-step_135778/anemoi-metadata/grid_indices.numpy (shape=(25427,), dtype=int64)
[2026-01-07 19:01:59,785][anemoi.utils.checkpoints][INFO] - Adding extra information to checkpoint /mnt/weatherloss/WindPower/training/CI/GNN/checkpoint/5f04ff8a-6e18-4f1e-82e4-57871016750e/anemoi-by_epoch-epoch_010-step_135778.ckpt
[2026-01-07 19:01:59,785][anemoi.utils.checkpoints][INFO] - Saving metadata to archive/anemoi-metadata/ai-models.json
[2026-01-07 19:01:59,786][anemoi.utils.checkpoints][INFO] - Saving supporting array `latitudes` to archive/anemoi-metadata/latitudes.numpy (shape=(25427,), dtype=float64)
[2026-01-07 19:01:59,787][anemoi.utils.checkpoints][INFO] - Saving supporting array `longitudes` to archive/anemoi-metadata/longitudes.numpy (shape=(25427,), dtype=float64)
[2026-01-07 19:01:59,787][anemoi.utils.checkpoints][INFO] - Saving supporting array `lam_0/cutout_mask` to archive/anemoi-metadata/lam_0/cutout_mask.numpy (shape=(24386,), dtype=bool)
[2026-01-07 19:01:59,787][anemoi.utils.checkpoints][INFO] - Saving supporting array `global/cutout_mask` to archive/anemoi-metadata/global/cutout_mask.numpy (shape=(2021,), dtype=bool)
[2026-01-07 19:01:59,787][anemoi.utils.checkpoints][INFO] - Saving supporting array `source0/latitudes` to archive/anemoi-metadata/source0/latitudes.numpy (shape=(24386,), dtype=float64)
[2026-01-07 19:01:59,787][anemoi.utils.checkpoints][INFO] - Saving supporting array `source0/longitudes` to archive/anemoi-metadata/source0/longitudes.numpy (shape=(24386,), dtype=float64)
[2026-01-07 19:01:59,787][anemoi.utils.checkpoints][INFO] - Saving supporting array `source1/latitudes` to archive/anemoi-metadata/source1/latitudes.numpy (shape=(2021,), dtype=float64)
[2026-01-07 19:01:59,788][anemoi.utils.checkpoints][INFO] - Saving supporting array `source1/longitudes` to archive/anemoi-metadata/source1/longitudes.numpy (shape=(2021,), dtype=float64)
[2026-01-07 19:01:59,788][anemoi.utils.checkpoints][INFO] - Saving supporting array `grid_indices` to archive/anemoi-metadata/grid_indices.numpy (shape=(25427,), dtype=int64)
[2026-01-07 19:01:59,865][anemoi.utils.checkpoints][INFO] - Adding extra information to checkpoint /mnt/weatherloss/WindPower/training/CI/GNN/checkpoint/5f04ff8a-6e18-4f1e-82e4-57871016750e/inference-last.ckpt
[2026-01-07 19:01:59,865][anemoi.utils.checkpoints][INFO] - Saving metadata to inference-last/anemoi-metadata/ai-models.json
[2026-01-07 19:01:59,866][anemoi.utils.checkpoints][INFO] - Saving supporting array `latitudes` to inference-last/anemoi-metadata/latitudes.numpy (shape=(25427,), dtype=float64)
[2026-01-07 19:01:59,867][anemoi.utils.checkpoints][INFO] - Saving supporting array `longitudes` to inference-last/anemoi-metadata/longitudes.numpy (shape=(25427,), dtype=float64)
[2026-01-07 19:01:59,867][anemoi.utils.checkpoints][INFO] - Saving supporting array `lam_0/cutout_mask` to inference-last/anemoi-metadata/lam_0/cutout_mask.numpy (shape=(24386,), dtype=bool)
[2026-01-07 19:01:59,867][anemoi.utils.checkpoints][INFO] - Saving supporting array `global/cutout_mask` to inference-last/anemoi-metadata/global/cutout_mask.numpy (shape=(2021,), dtype=bool)
[2026-01-07 19:01:59,867][anemoi.utils.checkpoints][INFO] - Saving supporting array `source0/latitudes` to inference-last/anemoi-metadata/source0/latitudes.numpy (shape=(24386,), dtype=float64)
[2026-01-07 19:01:59,867][anemoi.utils.checkpoints][INFO] - Saving supporting array `source0/longitudes` to inference-last/anemoi-metadata/source0/longitudes.numpy (shape=(24386,), dtype=float64)
[2026-01-07 19:01:59,867][anemoi.utils.checkpoints][INFO] - Saving supporting array `source1/latitudes` to inference-last/anemoi-metadata/source1/latitudes.numpy (shape=(2021,), dtype=float64)
[2026-01-07 19:01:59,867][anemoi.utils.checkpoints][INFO] - Saving supporting array `source1/longitudes` to inference-last/anemoi-metadata/source1/longitudes.numpy (shape=(2021,), dtype=float64)
[2026-01-07 19:01:59,867][anemoi.utils.checkpoints][INFO] - Saving supporting array `grid_indices` to inference-last/anemoi-metadata/grid_indices.numpy (shape=(25427,), dtype=int64)
[2026-01-07 19:02:00,240][anemoi.utils.checkpoints][INFO] - Adding extra information to checkpoint /mnt/weatherloss/WindPower/training/CI/GNN/checkpoint/5f04ff8a-6e18-4f1e-82e4-57871016750e/last.ckpt
[2026-01-07 19:02:00,240][anemoi.utils.checkpoints][INFO] - Saving metadata to archive/anemoi-metadata/ai-models.json
[2026-01-07 19:02:00,241][anemoi.utils.checkpoints][INFO] - Saving supporting array `latitudes` to archive/anemoi-metadata/latitudes.numpy (shape=(25427,), dtype=float64)
[2026-01-07 19:02:00,241][anemoi.utils.checkpoints][INFO] - Saving supporting array `longitudes` to archive/anemoi-metadata/longitudes.numpy (shape=(25427,), dtype=float64)
[2026-01-07 19:02:00,242][anemoi.utils.checkpoints][INFO] - Saving supporting array `lam_0/cutout_mask` to archive/anemoi-metadata/lam_0/cutout_mask.numpy (shape=(24386,), dtype=bool)
[2026-01-07 19:02:00,242][anemoi.utils.checkpoints][INFO] - Saving supporting array `global/cutout_mask` to archive/anemoi-metadata/global/cutout_mask.numpy (shape=(2021,), dtype=bool)
[2026-01-07 19:02:00,242][anemoi.utils.checkpoints][INFO] - Saving supporting array `source0/latitudes` to archive/anemoi-metadata/source0/latitudes.numpy (shape=(24386,), dtype=float64)
[2026-01-07 19:02:00,242][anemoi.utils.checkpoints][INFO] - Saving supporting array `source0/longitudes` to archive/anemoi-metadata/source0/longitudes.numpy (shape=(24386,), dtype=float64)
[2026-01-07 19:02:00,242][anemoi.utils.checkpoints][INFO] - Saving supporting array `source1/latitudes` to archive/anemoi-metadata/source1/latitudes.numpy (shape=(2021,), dtype=float64)
[2026-01-07 19:02:00,242][anemoi.utils.checkpoints][INFO] - Saving supporting array `source1/longitudes` to archive/anemoi-metadata/source1/longitudes.numpy (shape=(2021,), dtype=float64)
[2026-01-07 19:02:00,242][anemoi.utils.checkpoints][INFO] - Saving supporting array `grid_indices` to archive/anemoi-metadata/grid_indices.numpy (shape=(25427,), dtype=int64)
[2026-01-07 20:56:35,865][anemoi.models.data_indices.collection][INFO] - The order of the variables in the model matches the order in the data.
[2026-01-07 21:01:53,935][anemoi.utils.checkpoints][INFO] - Adding extra information to checkpoint /mnt/weatherloss/WindPower/training/CI/GNN/checkpoint/5f04ff8a-6e18-4f1e-82e4-57871016750e/inference-anemoi-by_epoch-epoch_011-step_147704.ckpt
[2026-01-07 21:01:53,935][anemoi.utils.checkpoints][INFO] - Saving metadata to inference-anemoi-by_epoch-epoch_011-step_147704/anemoi-metadata/ai-models.json
[2026-01-07 21:01:53,936][anemoi.utils.checkpoints][INFO] - Saving supporting array `latitudes` to inference-anemoi-by_epoch-epoch_011-step_147704/anemoi-metadata/latitudes.numpy (shape=(25427,), dtype=float64)
[2026-01-07 21:01:53,936][anemoi.utils.checkpoints][INFO] - Saving supporting array `longitudes` to inference-anemoi-by_epoch-epoch_011-step_147704/anemoi-metadata/longitudes.numpy (shape=(25427,), dtype=float64)
[2026-01-07 21:01:53,937][anemoi.utils.checkpoints][INFO] - Saving supporting array `lam_0/cutout_mask` to inference-anemoi-by_epoch-epoch_011-step_147704/anemoi-metadata/lam_0/cutout_mask.numpy (shape=(24386,), dtype=bool)
[2026-01-07 21:01:53,937][anemoi.utils.checkpoints][INFO] - Saving supporting array `global/cutout_mask` to inference-anemoi-by_epoch-epoch_011-step_147704/anemoi-metadata/global/cutout_mask.numpy (shape=(2021,), dtype=bool)
[2026-01-07 21:01:53,937][anemoi.utils.checkpoints][INFO] - Saving supporting array `source0/latitudes` to inference-anemoi-by_epoch-epoch_011-step_147704/anemoi-metadata/source0/latitudes.numpy (shape=(24386,), dtype=float64)
[2026-01-07 21:01:53,937][anemoi.utils.checkpoints][INFO] - Saving supporting array `source0/longitudes` to inference-anemoi-by_epoch-epoch_011-step_147704/anemoi-metadata/source0/longitudes.numpy (shape=(24386,), dtype=float64)
[2026-01-07 21:01:53,937][anemoi.utils.checkpoints][INFO] - Saving supporting array `source1/latitudes` to inference-anemoi-by_epoch-epoch_011-step_147704/anemoi-metadata/source1/latitudes.numpy (shape=(2021,), dtype=float64)
[2026-01-07 21:01:53,937][anemoi.utils.checkpoints][INFO] - Saving supporting array `source1/longitudes` to inference-anemoi-by_epoch-epoch_011-step_147704/anemoi-metadata/source1/longitudes.numpy (shape=(2021,), dtype=float64)
[2026-01-07 21:01:53,937][anemoi.utils.checkpoints][INFO] - Saving supporting array `grid_indices` to inference-anemoi-by_epoch-epoch_011-step_147704/anemoi-metadata/grid_indices.numpy (shape=(25427,), dtype=int64)
[2026-01-07 21:01:54,264][anemoi.utils.checkpoints][INFO] - Adding extra information to checkpoint /mnt/weatherloss/WindPower/training/CI/GNN/checkpoint/5f04ff8a-6e18-4f1e-82e4-57871016750e/anemoi-by_epoch-epoch_011-step_147704.ckpt
[2026-01-07 21:01:54,265][anemoi.utils.checkpoints][INFO] - Saving metadata to archive/anemoi-metadata/ai-models.json
[2026-01-07 21:01:54,266][anemoi.utils.checkpoints][INFO] - Saving supporting array `latitudes` to archive/anemoi-metadata/latitudes.numpy (shape=(25427,), dtype=float64)
[2026-01-07 21:01:54,266][anemoi.utils.checkpoints][INFO] - Saving supporting array `longitudes` to archive/anemoi-metadata/longitudes.numpy (shape=(25427,), dtype=float64)
[2026-01-07 21:01:54,266][anemoi.utils.checkpoints][INFO] - Saving supporting array `lam_0/cutout_mask` to archive/anemoi-metadata/lam_0/cutout_mask.numpy (shape=(24386,), dtype=bool)
[2026-01-07 21:01:54,266][anemoi.utils.checkpoints][INFO] - Saving supporting array `global/cutout_mask` to archive/anemoi-metadata/global/cutout_mask.numpy (shape=(2021,), dtype=bool)
[2026-01-07 21:01:54,266][anemoi.utils.checkpoints][INFO] - Saving supporting array `source0/latitudes` to archive/anemoi-metadata/source0/latitudes.numpy (shape=(24386,), dtype=float64)
[2026-01-07 21:01:54,266][anemoi.utils.checkpoints][INFO] - Saving supporting array `source0/longitudes` to archive/anemoi-metadata/source0/longitudes.numpy (shape=(24386,), dtype=float64)
[2026-01-07 21:01:54,267][anemoi.utils.checkpoints][INFO] - Saving supporting array `source1/latitudes` to archive/anemoi-metadata/source1/latitudes.numpy (shape=(2021,), dtype=float64)
[2026-01-07 21:01:54,267][anemoi.utils.checkpoints][INFO] - Saving supporting array `source1/longitudes` to archive/anemoi-metadata/source1/longitudes.numpy (shape=(2021,), dtype=float64)
[2026-01-07 21:01:54,267][anemoi.utils.checkpoints][INFO] - Saving supporting array `grid_indices` to archive/anemoi-metadata/grid_indices.numpy (shape=(25427,), dtype=int64)
[2026-01-07 21:01:54,354][anemoi.utils.checkpoints][INFO] - Adding extra information to checkpoint /mnt/weatherloss/WindPower/training/CI/GNN/checkpoint/5f04ff8a-6e18-4f1e-82e4-57871016750e/inference-last.ckpt
[2026-01-07 21:01:54,354][anemoi.utils.checkpoints][INFO] - Saving metadata to inference-last/anemoi-metadata/ai-models.json
[2026-01-07 21:01:54,356][anemoi.utils.checkpoints][INFO] - Saving supporting array `latitudes` to inference-last/anemoi-metadata/latitudes.numpy (shape=(25427,), dtype=float64)
[2026-01-07 21:01:54,356][anemoi.utils.checkpoints][INFO] - Saving supporting array `longitudes` to inference-last/anemoi-metadata/longitudes.numpy (shape=(25427,), dtype=float64)
[2026-01-07 21:01:54,357][anemoi.utils.checkpoints][INFO] - Saving supporting array `lam_0/cutout_mask` to inference-last/anemoi-metadata/lam_0/cutout_mask.numpy (shape=(24386,), dtype=bool)
[2026-01-07 21:01:54,357][anemoi.utils.checkpoints][INFO] - Saving supporting array `global/cutout_mask` to inference-last/anemoi-metadata/global/cutout_mask.numpy (shape=(2021,), dtype=bool)
[2026-01-07 21:01:54,357][anemoi.utils.checkpoints][INFO] - Saving supporting array `source0/latitudes` to inference-last/anemoi-metadata/source0/latitudes.numpy (shape=(24386,), dtype=float64)
[2026-01-07 21:01:54,357][anemoi.utils.checkpoints][INFO] - Saving supporting array `source0/longitudes` to inference-last/anemoi-metadata/source0/longitudes.numpy (shape=(24386,), dtype=float64)
[2026-01-07 21:01:54,357][anemoi.utils.checkpoints][INFO] - Saving supporting array `source1/latitudes` to inference-last/anemoi-metadata/source1/latitudes.numpy (shape=(2021,), dtype=float64)
[2026-01-07 21:01:54,357][anemoi.utils.checkpoints][INFO] - Saving supporting array `source1/longitudes` to inference-last/anemoi-metadata/source1/longitudes.numpy (shape=(2021,), dtype=float64)
[2026-01-07 21:01:54,357][anemoi.utils.checkpoints][INFO] - Saving supporting array `grid_indices` to inference-last/anemoi-metadata/grid_indices.numpy (shape=(25427,), dtype=int64)
[2026-01-07 21:01:54,783][anemoi.utils.checkpoints][INFO] - Adding extra information to checkpoint /mnt/weatherloss/WindPower/training/CI/GNN/checkpoint/5f04ff8a-6e18-4f1e-82e4-57871016750e/last.ckpt
[2026-01-07 21:01:54,784][anemoi.utils.checkpoints][INFO] - Saving metadata to archive/anemoi-metadata/ai-models.json
[2026-01-07 21:01:54,785][anemoi.utils.checkpoints][INFO] - Saving supporting array `latitudes` to archive/anemoi-metadata/latitudes.numpy (shape=(25427,), dtype=float64)
[2026-01-07 21:01:54,786][anemoi.utils.checkpoints][INFO] - Saving supporting array `longitudes` to archive/anemoi-metadata/longitudes.numpy (shape=(25427,), dtype=float64)
[2026-01-07 21:01:54,786][anemoi.utils.checkpoints][INFO] - Saving supporting array `lam_0/cutout_mask` to archive/anemoi-metadata/lam_0/cutout_mask.numpy (shape=(24386,), dtype=bool)
[2026-01-07 21:01:54,786][anemoi.utils.checkpoints][INFO] - Saving supporting array `global/cutout_mask` to archive/anemoi-metadata/global/cutout_mask.numpy (shape=(2021,), dtype=bool)
[2026-01-07 21:01:54,786][anemoi.utils.checkpoints][INFO] - Saving supporting array `source0/latitudes` to archive/anemoi-metadata/source0/latitudes.numpy (shape=(24386,), dtype=float64)
[2026-01-07 21:01:54,786][anemoi.utils.checkpoints][INFO] - Saving supporting array `source0/longitudes` to archive/anemoi-metadata/source0/longitudes.numpy (shape=(24386,), dtype=float64)
[2026-01-07 21:01:54,787][anemoi.utils.checkpoints][INFO] - Saving supporting array `source1/latitudes` to archive/anemoi-metadata/source1/latitudes.numpy (shape=(2021,), dtype=float64)
[2026-01-07 21:01:54,787][anemoi.utils.checkpoints][INFO] - Saving supporting array `source1/longitudes` to archive/anemoi-metadata/source1/longitudes.numpy (shape=(2021,), dtype=float64)
[2026-01-07 21:01:54,787][anemoi.utils.checkpoints][INFO] - Saving supporting array `grid_indices` to archive/anemoi-metadata/grid_indices.numpy (shape=(25427,), dtype=int64)
[2026-01-07 23:24:57,339][anemoi.models.data_indices.collection][INFO] - The order of the variables in the model matches the order in the data.
[2026-01-07 23:31:27,688][anemoi.utils.checkpoints][INFO] - Adding extra information to checkpoint /mnt/weatherloss/WindPower/training/CI/GNN/checkpoint/5f04ff8a-6e18-4f1e-82e4-57871016750e/inference-anemoi-by_epoch-epoch_012-step_159630.ckpt
[2026-01-07 23:31:27,688][anemoi.utils.checkpoints][INFO] - Saving metadata to inference-anemoi-by_epoch-epoch_012-step_159630/anemoi-metadata/ai-models.json
[2026-01-07 23:31:27,690][anemoi.utils.checkpoints][INFO] - Saving supporting array `latitudes` to inference-anemoi-by_epoch-epoch_012-step_159630/anemoi-metadata/latitudes.numpy (shape=(25427,), dtype=float64)
[2026-01-07 23:31:27,690][anemoi.utils.checkpoints][INFO] - Saving supporting array `longitudes` to inference-anemoi-by_epoch-epoch_012-step_159630/anemoi-metadata/longitudes.numpy (shape=(25427,), dtype=float64)
[2026-01-07 23:31:27,690][anemoi.utils.checkpoints][INFO] - Saving supporting array `lam_0/cutout_mask` to inference-anemoi-by_epoch-epoch_012-step_159630/anemoi-metadata/lam_0/cutout_mask.numpy (shape=(24386,), dtype=bool)
[2026-01-07 23:31:27,690][anemoi.utils.checkpoints][INFO] - Saving supporting array `global/cutout_mask` to inference-anemoi-by_epoch-epoch_012-step_159630/anemoi-metadata/global/cutout_mask.numpy (shape=(2021,), dtype=bool)
[2026-01-07 23:31:27,690][anemoi.utils.checkpoints][INFO] - Saving supporting array `source0/latitudes` to inference-anemoi-by_epoch-epoch_012-step_159630/anemoi-metadata/source0/latitudes.numpy (shape=(24386,), dtype=float64)
[2026-01-07 23:31:27,690][anemoi.utils.checkpoints][INFO] - Saving supporting array `source0/longitudes` to inference-anemoi-by_epoch-epoch_012-step_159630/anemoi-metadata/source0/longitudes.numpy (shape=(24386,), dtype=float64)
[2026-01-07 23:31:27,691][anemoi.utils.checkpoints][INFO] - Saving supporting array `source1/latitudes` to inference-anemoi-by_epoch-epoch_012-step_159630/anemoi-metadata/source1/latitudes.numpy (shape=(2021,), dtype=float64)
[2026-01-07 23:31:27,691][anemoi.utils.checkpoints][INFO] - Saving supporting array `source1/longitudes` to inference-anemoi-by_epoch-epoch_012-step_159630/anemoi-metadata/source1/longitudes.numpy (shape=(2021,), dtype=float64)
[2026-01-07 23:31:27,691][anemoi.utils.checkpoints][INFO] - Saving supporting array `grid_indices` to inference-anemoi-by_epoch-epoch_012-step_159630/anemoi-metadata/grid_indices.numpy (shape=(25427,), dtype=int64)
[2026-01-07 23:31:28,033][anemoi.utils.checkpoints][INFO] - Adding extra information to checkpoint /mnt/weatherloss/WindPower/training/CI/GNN/checkpoint/5f04ff8a-6e18-4f1e-82e4-57871016750e/anemoi-by_epoch-epoch_012-step_159630.ckpt
[2026-01-07 23:31:28,033][anemoi.utils.checkpoints][INFO] - Saving metadata to archive/anemoi-metadata/ai-models.json
[2026-01-07 23:31:28,035][anemoi.utils.checkpoints][INFO] - Saving supporting array `latitudes` to archive/anemoi-metadata/latitudes.numpy (shape=(25427,), dtype=float64)
[2026-01-07 23:31:28,035][anemoi.utils.checkpoints][INFO] - Saving supporting array `longitudes` to archive/anemoi-metadata/longitudes.numpy (shape=(25427,), dtype=float64)
[2026-01-07 23:31:28,035][anemoi.utils.checkpoints][INFO] - Saving supporting array `lam_0/cutout_mask` to archive/anemoi-metadata/lam_0/cutout_mask.numpy (shape=(24386,), dtype=bool)
[2026-01-07 23:31:28,035][anemoi.utils.checkpoints][INFO] - Saving supporting array `global/cutout_mask` to archive/anemoi-metadata/global/cutout_mask.numpy (shape=(2021,), dtype=bool)
[2026-01-07 23:31:28,035][anemoi.utils.checkpoints][INFO] - Saving supporting array `source0/latitudes` to archive/anemoi-metadata/source0/latitudes.numpy (shape=(24386,), dtype=float64)
[2026-01-07 23:31:28,035][anemoi.utils.checkpoints][INFO] - Saving supporting array `source0/longitudes` to archive/anemoi-metadata/source0/longitudes.numpy (shape=(24386,), dtype=float64)
[2026-01-07 23:31:28,036][anemoi.utils.checkpoints][INFO] - Saving supporting array `source1/latitudes` to archive/anemoi-metadata/source1/latitudes.numpy (shape=(2021,), dtype=float64)
[2026-01-07 23:31:28,036][anemoi.utils.checkpoints][INFO] - Saving supporting array `source1/longitudes` to archive/anemoi-metadata/source1/longitudes.numpy (shape=(2021,), dtype=float64)
[2026-01-07 23:31:28,036][anemoi.utils.checkpoints][INFO] - Saving supporting array `grid_indices` to archive/anemoi-metadata/grid_indices.numpy (shape=(25427,), dtype=int64)
[2026-01-07 23:31:28,133][anemoi.utils.checkpoints][INFO] - Adding extra information to checkpoint /mnt/weatherloss/WindPower/training/CI/GNN/checkpoint/5f04ff8a-6e18-4f1e-82e4-57871016750e/inference-last.ckpt
[2026-01-07 23:31:28,133][anemoi.utils.checkpoints][INFO] - Saving metadata to inference-last/anemoi-metadata/ai-models.json
[2026-01-07 23:31:28,135][anemoi.utils.checkpoints][INFO] - Saving supporting array `latitudes` to inference-last/anemoi-metadata/latitudes.numpy (shape=(25427,), dtype=float64)
[2026-01-07 23:31:28,135][anemoi.utils.checkpoints][INFO] - Saving supporting array `longitudes` to inference-last/anemoi-metadata/longitudes.numpy (shape=(25427,), dtype=float64)
[2026-01-07 23:31:28,135][anemoi.utils.checkpoints][INFO] - Saving supporting array `lam_0/cutout_mask` to inference-last/anemoi-metadata/lam_0/cutout_mask.numpy (shape=(24386,), dtype=bool)
[2026-01-07 23:31:28,135][anemoi.utils.checkpoints][INFO] - Saving supporting array `global/cutout_mask` to inference-last/anemoi-metadata/global/cutout_mask.numpy (shape=(2021,), dtype=bool)
[2026-01-07 23:31:28,135][anemoi.utils.checkpoints][INFO] - Saving supporting array `source0/latitudes` to inference-last/anemoi-metadata/source0/latitudes.numpy (shape=(24386,), dtype=float64)
[2026-01-07 23:31:28,136][anemoi.utils.checkpoints][INFO] - Saving supporting array `source0/longitudes` to inference-last/anemoi-metadata/source0/longitudes.numpy (shape=(24386,), dtype=float64)
[2026-01-07 23:31:28,136][anemoi.utils.checkpoints][INFO] - Saving supporting array `source1/latitudes` to inference-last/anemoi-metadata/source1/latitudes.numpy (shape=(2021,), dtype=float64)
[2026-01-07 23:31:28,136][anemoi.utils.checkpoints][INFO] - Saving supporting array `source1/longitudes` to inference-last/anemoi-metadata/source1/longitudes.numpy (shape=(2021,), dtype=float64)
[2026-01-07 23:31:28,136][anemoi.utils.checkpoints][INFO] - Saving supporting array `grid_indices` to inference-last/anemoi-metadata/grid_indices.numpy (shape=(25427,), dtype=int64)
[2026-01-07 23:31:28,511][anemoi.utils.checkpoints][INFO] - Adding extra information to checkpoint /mnt/weatherloss/WindPower/training/CI/GNN/checkpoint/5f04ff8a-6e18-4f1e-82e4-57871016750e/last.ckpt
[2026-01-07 23:31:28,511][anemoi.utils.checkpoints][INFO] - Saving metadata to archive/anemoi-metadata/ai-models.json
[2026-01-07 23:31:28,512][anemoi.utils.checkpoints][INFO] - Saving supporting array `latitudes` to archive/anemoi-metadata/latitudes.numpy (shape=(25427,), dtype=float64)
[2026-01-07 23:31:28,512][anemoi.utils.checkpoints][INFO] - Saving supporting array `longitudes` to archive/anemoi-metadata/longitudes.numpy (shape=(25427,), dtype=float64)
[2026-01-07 23:31:28,512][anemoi.utils.checkpoints][INFO] - Saving supporting array `lam_0/cutout_mask` to archive/anemoi-metadata/lam_0/cutout_mask.numpy (shape=(24386,), dtype=bool)
[2026-01-07 23:31:28,512][anemoi.utils.checkpoints][INFO] - Saving supporting array `global/cutout_mask` to archive/anemoi-metadata/global/cutout_mask.numpy (shape=(2021,), dtype=bool)
[2026-01-07 23:31:28,512][anemoi.utils.checkpoints][INFO] - Saving supporting array `source0/latitudes` to archive/anemoi-metadata/source0/latitudes.numpy (shape=(24386,), dtype=float64)
[2026-01-07 23:31:28,513][anemoi.utils.checkpoints][INFO] - Saving supporting array `source0/longitudes` to archive/anemoi-metadata/source0/longitudes.numpy (shape=(24386,), dtype=float64)
[2026-01-07 23:31:28,513][anemoi.utils.checkpoints][INFO] - Saving supporting array `source1/latitudes` to archive/anemoi-metadata/source1/latitudes.numpy (shape=(2021,), dtype=float64)
[2026-01-07 23:31:28,513][anemoi.utils.checkpoints][INFO] - Saving supporting array `source1/longitudes` to archive/anemoi-metadata/source1/longitudes.numpy (shape=(2021,), dtype=float64)
[2026-01-07 23:31:28,513][anemoi.utils.checkpoints][INFO] - Saving supporting array `grid_indices` to archive/anemoi-metadata/grid_indices.numpy (shape=(25427,), dtype=int64)
[2026-01-08 02:22:08,972][anemoi.models.data_indices.collection][INFO] - The order of the variables in the model matches the order in the data.
[2026-01-08 02:29:55,859][anemoi.utils.checkpoints][INFO] - Adding extra information to checkpoint /mnt/weatherloss/WindPower/training/CI/GNN/checkpoint/5f04ff8a-6e18-4f1e-82e4-57871016750e/inference-anemoi-by_epoch-epoch_013-step_171556.ckpt
[2026-01-08 02:29:55,860][anemoi.utils.checkpoints][INFO] - Saving metadata to inference-anemoi-by_epoch-epoch_013-step_171556/anemoi-metadata/ai-models.json
[2026-01-08 02:29:55,861][anemoi.utils.checkpoints][INFO] - Saving supporting array `latitudes` to inference-anemoi-by_epoch-epoch_013-step_171556/anemoi-metadata/latitudes.numpy (shape=(25427,), dtype=float64)
[2026-01-08 02:29:55,861][anemoi.utils.checkpoints][INFO] - Saving supporting array `longitudes` to inference-anemoi-by_epoch-epoch_013-step_171556/anemoi-metadata/longitudes.numpy (shape=(25427,), dtype=float64)
[2026-01-08 02:29:55,861][anemoi.utils.checkpoints][INFO] - Saving supporting array `lam_0/cutout_mask` to inference-anemoi-by_epoch-epoch_013-step_171556/anemoi-metadata/lam_0/cutout_mask.numpy (shape=(24386,), dtype=bool)
[2026-01-08 02:29:55,861][anemoi.utils.checkpoints][INFO] - Saving supporting array `global/cutout_mask` to inference-anemoi-by_epoch-epoch_013-step_171556/anemoi-metadata/global/cutout_mask.numpy (shape=(2021,), dtype=bool)
[2026-01-08 02:29:55,861][anemoi.utils.checkpoints][INFO] - Saving supporting array `source0/latitudes` to inference-anemoi-by_epoch-epoch_013-step_171556/anemoi-metadata/source0/latitudes.numpy (shape=(24386,), dtype=float64)
[2026-01-08 02:29:55,861][anemoi.utils.checkpoints][INFO] - Saving supporting array `source0/longitudes` to inference-anemoi-by_epoch-epoch_013-step_171556/anemoi-metadata/source0/longitudes.numpy (shape=(24386,), dtype=float64)
[2026-01-08 02:29:55,862][anemoi.utils.checkpoints][INFO] - Saving supporting array `source1/latitudes` to inference-anemoi-by_epoch-epoch_013-step_171556/anemoi-metadata/source1/latitudes.numpy (shape=(2021,), dtype=float64)
[2026-01-08 02:29:55,862][anemoi.utils.checkpoints][INFO] - Saving supporting array `source1/longitudes` to inference-anemoi-by_epoch-epoch_013-step_171556/anemoi-metadata/source1/longitudes.numpy (shape=(2021,), dtype=float64)
[2026-01-08 02:29:55,862][anemoi.utils.checkpoints][INFO] - Saving supporting array `grid_indices` to inference-anemoi-by_epoch-epoch_013-step_171556/anemoi-metadata/grid_indices.numpy (shape=(25427,), dtype=int64)
[2026-01-08 02:29:56,214][anemoi.utils.checkpoints][INFO] - Adding extra information to checkpoint /mnt/weatherloss/WindPower/training/CI/GNN/checkpoint/5f04ff8a-6e18-4f1e-82e4-57871016750e/anemoi-by_epoch-epoch_013-step_171556.ckpt
[2026-01-08 02:29:56,214][anemoi.utils.checkpoints][INFO] - Saving metadata to archive/anemoi-metadata/ai-models.json
[2026-01-08 02:29:56,215][anemoi.utils.checkpoints][INFO] - Saving supporting array `latitudes` to archive/anemoi-metadata/latitudes.numpy (shape=(25427,), dtype=float64)
[2026-01-08 02:29:56,215][anemoi.utils.checkpoints][INFO] - Saving supporting array `longitudes` to archive/anemoi-metadata/longitudes.numpy (shape=(25427,), dtype=float64)
[2026-01-08 02:29:56,215][anemoi.utils.checkpoints][INFO] - Saving supporting array `lam_0/cutout_mask` to archive/anemoi-metadata/lam_0/cutout_mask.numpy (shape=(24386,), dtype=bool)
[2026-01-08 02:29:56,215][anemoi.utils.checkpoints][INFO] - Saving supporting array `global/cutout_mask` to archive/anemoi-metadata/global/cutout_mask.numpy (shape=(2021,), dtype=bool)
[2026-01-08 02:29:56,215][anemoi.utils.checkpoints][INFO] - Saving supporting array `source0/latitudes` to archive/anemoi-metadata/source0/latitudes.numpy (shape=(24386,), dtype=float64)
[2026-01-08 02:29:56,216][anemoi.utils.checkpoints][INFO] - Saving supporting array `source0/longitudes` to archive/anemoi-metadata/source0/longitudes.numpy (shape=(24386,), dtype=float64)
[2026-01-08 02:29:56,216][anemoi.utils.checkpoints][INFO] - Saving supporting array `source1/latitudes` to archive/anemoi-metadata/source1/latitudes.numpy (shape=(2021,), dtype=float64)
[2026-01-08 02:29:56,216][anemoi.utils.checkpoints][INFO] - Saving supporting array `source1/longitudes` to archive/anemoi-metadata/source1/longitudes.numpy (shape=(2021,), dtype=float64)
[2026-01-08 02:29:56,216][anemoi.utils.checkpoints][INFO] - Saving supporting array `grid_indices` to archive/anemoi-metadata/grid_indices.numpy (shape=(25427,), dtype=int64)
[2026-01-08 02:29:56,307][anemoi.utils.checkpoints][INFO] - Adding extra information to checkpoint /mnt/weatherloss/WindPower/training/CI/GNN/checkpoint/5f04ff8a-6e18-4f1e-82e4-57871016750e/inference-last.ckpt
[2026-01-08 02:29:56,307][anemoi.utils.checkpoints][INFO] - Saving metadata to inference-last/anemoi-metadata/ai-models.json
[2026-01-08 02:29:56,308][anemoi.utils.checkpoints][INFO] - Saving supporting array `latitudes` to inference-last/anemoi-metadata/latitudes.numpy (shape=(25427,), dtype=float64)
[2026-01-08 02:29:56,308][anemoi.utils.checkpoints][INFO] - Saving supporting array `longitudes` to inference-last/anemoi-metadata/longitudes.numpy (shape=(25427,), dtype=float64)
[2026-01-08 02:29:56,308][anemoi.utils.checkpoints][INFO] - Saving supporting array `lam_0/cutout_mask` to inference-last/anemoi-metadata/lam_0/cutout_mask.numpy (shape=(24386,), dtype=bool)
[2026-01-08 02:29:56,309][anemoi.utils.checkpoints][INFO] - Saving supporting array `global/cutout_mask` to inference-last/anemoi-metadata/global/cutout_mask.numpy (shape=(2021,), dtype=bool)
[2026-01-08 02:29:56,309][anemoi.utils.checkpoints][INFO] - Saving supporting array `source0/latitudes` to inference-last/anemoi-metadata/source0/latitudes.numpy (shape=(24386,), dtype=float64)
[2026-01-08 02:29:56,309][anemoi.utils.checkpoints][INFO] - Saving supporting array `source0/longitudes` to inference-last/anemoi-metadata/source0/longitudes.numpy (shape=(24386,), dtype=float64)
[2026-01-08 02:29:56,309][anemoi.utils.checkpoints][INFO] - Saving supporting array `source1/latitudes` to inference-last/anemoi-metadata/source1/latitudes.numpy (shape=(2021,), dtype=float64)
[2026-01-08 02:29:56,309][anemoi.utils.checkpoints][INFO] - Saving supporting array `source1/longitudes` to inference-last/anemoi-metadata/source1/longitudes.numpy (shape=(2021,), dtype=float64)
[2026-01-08 02:29:56,309][anemoi.utils.checkpoints][INFO] - Saving supporting array `grid_indices` to inference-last/anemoi-metadata/grid_indices.numpy (shape=(25427,), dtype=int64)
[2026-01-08 02:29:56,665][anemoi.utils.checkpoints][INFO] - Adding extra information to checkpoint /mnt/weatherloss/WindPower/training/CI/GNN/checkpoint/5f04ff8a-6e18-4f1e-82e4-57871016750e/last.ckpt
[2026-01-08 02:29:56,665][anemoi.utils.checkpoints][INFO] - Saving metadata to archive/anemoi-metadata/ai-models.json
[2026-01-08 02:29:56,666][anemoi.utils.checkpoints][INFO] - Saving supporting array `latitudes` to archive/anemoi-metadata/latitudes.numpy (shape=(25427,), dtype=float64)
[2026-01-08 02:29:56,667][anemoi.utils.checkpoints][INFO] - Saving supporting array `longitudes` to archive/anemoi-metadata/longitudes.numpy (shape=(25427,), dtype=float64)
[2026-01-08 02:29:56,667][anemoi.utils.checkpoints][INFO] - Saving supporting array `lam_0/cutout_mask` to archive/anemoi-metadata/lam_0/cutout_mask.numpy (shape=(24386,), dtype=bool)
[2026-01-08 02:29:56,667][anemoi.utils.checkpoints][INFO] - Saving supporting array `global/cutout_mask` to archive/anemoi-metadata/global/cutout_mask.numpy (shape=(2021,), dtype=bool)
[2026-01-08 02:29:56,667][anemoi.utils.checkpoints][INFO] - Saving supporting array `source0/latitudes` to archive/anemoi-metadata/source0/latitudes.numpy (shape=(24386,), dtype=float64)
[2026-01-08 02:29:56,667][anemoi.utils.checkpoints][INFO] - Saving supporting array `source0/longitudes` to archive/anemoi-metadata/source0/longitudes.numpy (shape=(24386,), dtype=float64)
[2026-01-08 02:29:56,667][anemoi.utils.checkpoints][INFO] - Saving supporting array `source1/latitudes` to archive/anemoi-metadata/source1/latitudes.numpy (shape=(2021,), dtype=float64)
[2026-01-08 02:29:56,667][anemoi.utils.checkpoints][INFO] - Saving supporting array `source1/longitudes` to archive/anemoi-metadata/source1/longitudes.numpy (shape=(2021,), dtype=float64)
[2026-01-08 02:29:56,667][anemoi.utils.checkpoints][INFO] - Saving supporting array `grid_indices` to archive/anemoi-metadata/grid_indices.numpy (shape=(25427,), dtype=int64)
[2026-01-08 05:48:29,378][anemoi.models.data_indices.collection][INFO] - The order of the variables in the model matches the order in the data.
[2026-01-08 05:57:36,608][anemoi.utils.checkpoints][INFO] - Adding extra information to checkpoint /mnt/weatherloss/WindPower/training/CI/GNN/checkpoint/5f04ff8a-6e18-4f1e-82e4-57871016750e/inference-anemoi-by_epoch-epoch_014-step_183482.ckpt
[2026-01-08 05:57:36,608][anemoi.utils.checkpoints][INFO] - Saving metadata to inference-anemoi-by_epoch-epoch_014-step_183482/anemoi-metadata/ai-models.json
[2026-01-08 05:57:36,609][anemoi.utils.checkpoints][INFO] - Saving supporting array `latitudes` to inference-anemoi-by_epoch-epoch_014-step_183482/anemoi-metadata/latitudes.numpy (shape=(25427,), dtype=float64)
[2026-01-08 05:57:36,609][anemoi.utils.checkpoints][INFO] - Saving supporting array `longitudes` to inference-anemoi-by_epoch-epoch_014-step_183482/anemoi-metadata/longitudes.numpy (shape=(25427,), dtype=float64)
[2026-01-08 05:57:36,609][anemoi.utils.checkpoints][INFO] - Saving supporting array `lam_0/cutout_mask` to inference-anemoi-by_epoch-epoch_014-step_183482/anemoi-metadata/lam_0/cutout_mask.numpy (shape=(24386,), dtype=bool)
[2026-01-08 05:57:36,609][anemoi.utils.checkpoints][INFO] - Saving supporting array `global/cutout_mask` to inference-anemoi-by_epoch-epoch_014-step_183482/anemoi-metadata/global/cutout_mask.numpy (shape=(2021,), dtype=bool)
[2026-01-08 05:57:36,610][anemoi.utils.checkpoints][INFO] - Saving supporting array `source0/latitudes` to inference-anemoi-by_epoch-epoch_014-step_183482/anemoi-metadata/source0/latitudes.numpy (shape=(24386,), dtype=float64)
[2026-01-08 05:57:36,610][anemoi.utils.checkpoints][INFO] - Saving supporting array `source0/longitudes` to inference-anemoi-by_epoch-epoch_014-step_183482/anemoi-metadata/source0/longitudes.numpy (shape=(24386,), dtype=float64)
[2026-01-08 05:57:36,610][anemoi.utils.checkpoints][INFO] - Saving supporting array `source1/latitudes` to inference-anemoi-by_epoch-epoch_014-step_183482/anemoi-metadata/source1/latitudes.numpy (shape=(2021,), dtype=float64)
[2026-01-08 05:57:36,610][anemoi.utils.checkpoints][INFO] - Saving supporting array `source1/longitudes` to inference-anemoi-by_epoch-epoch_014-step_183482/anemoi-metadata/source1/longitudes.numpy (shape=(2021,), dtype=float64)
[2026-01-08 05:57:36,610][anemoi.utils.checkpoints][INFO] - Saving supporting array `grid_indices` to inference-anemoi-by_epoch-epoch_014-step_183482/anemoi-metadata/grid_indices.numpy (shape=(25427,), dtype=int64)
[2026-01-08 05:57:36,952][anemoi.utils.checkpoints][INFO] - Adding extra information to checkpoint /mnt/weatherloss/WindPower/training/CI/GNN/checkpoint/5f04ff8a-6e18-4f1e-82e4-57871016750e/anemoi-by_epoch-epoch_014-step_183482.ckpt
[2026-01-08 05:57:36,952][anemoi.utils.checkpoints][INFO] - Saving metadata to archive/anemoi-metadata/ai-models.json
[2026-01-08 05:57:36,953][anemoi.utils.checkpoints][INFO] - Saving supporting array `latitudes` to archive/anemoi-metadata/latitudes.numpy (shape=(25427,), dtype=float64)
[2026-01-08 05:57:36,954][anemoi.utils.checkpoints][INFO] - Saving supporting array `longitudes` to archive/anemoi-metadata/longitudes.numpy (shape=(25427,), dtype=float64)
[2026-01-08 05:57:36,954][anemoi.utils.checkpoints][INFO] - Saving supporting array `lam_0/cutout_mask` to archive/anemoi-metadata/lam_0/cutout_mask.numpy (shape=(24386,), dtype=bool)
[2026-01-08 05:57:36,954][anemoi.utils.checkpoints][INFO] - Saving supporting array `global/cutout_mask` to archive/anemoi-metadata/global/cutout_mask.numpy (shape=(2021,), dtype=bool)
[2026-01-08 05:57:36,954][anemoi.utils.checkpoints][INFO] - Saving supporting array `source0/latitudes` to archive/anemoi-metadata/source0/latitudes.numpy (shape=(24386,), dtype=float64)
[2026-01-08 05:57:36,954][anemoi.utils.checkpoints][INFO] - Saving supporting array `source0/longitudes` to archive/anemoi-metadata/source0/longitudes.numpy (shape=(24386,), dtype=float64)
[2026-01-08 05:57:36,954][anemoi.utils.checkpoints][INFO] - Saving supporting array `source1/latitudes` to archive/anemoi-metadata/source1/latitudes.numpy (shape=(2021,), dtype=float64)
[2026-01-08 05:57:36,955][anemoi.utils.checkpoints][INFO] - Saving supporting array `source1/longitudes` to archive/anemoi-metadata/source1/longitudes.numpy (shape=(2021,), dtype=float64)
[2026-01-08 05:57:36,955][anemoi.utils.checkpoints][INFO] - Saving supporting array `grid_indices` to archive/anemoi-metadata/grid_indices.numpy (shape=(25427,), dtype=int64)
[2026-01-08 05:57:37,031][anemoi.utils.checkpoints][INFO] - Adding extra information to checkpoint /mnt/weatherloss/WindPower/training/CI/GNN/checkpoint/5f04ff8a-6e18-4f1e-82e4-57871016750e/inference-last.ckpt
[2026-01-08 05:57:37,031][anemoi.utils.checkpoints][INFO] - Saving metadata to inference-last/anemoi-metadata/ai-models.json
[2026-01-08 05:57:37,033][anemoi.utils.checkpoints][INFO] - Saving supporting array `latitudes` to inference-last/anemoi-metadata/latitudes.numpy (shape=(25427,), dtype=float64)
[2026-01-08 05:57:37,033][anemoi.utils.checkpoints][INFO] - Saving supporting array `longitudes` to inference-last/anemoi-metadata/longitudes.numpy (shape=(25427,), dtype=float64)
[2026-01-08 05:57:37,033][anemoi.utils.checkpoints][INFO] - Saving supporting array `lam_0/cutout_mask` to inference-last/anemoi-metadata/lam_0/cutout_mask.numpy (shape=(24386,), dtype=bool)
[2026-01-08 05:57:37,033][anemoi.utils.checkpoints][INFO] - Saving supporting array `global/cutout_mask` to inference-last/anemoi-metadata/global/cutout_mask.numpy (shape=(2021,), dtype=bool)
[2026-01-08 05:57:37,033][anemoi.utils.checkpoints][INFO] - Saving supporting array `source0/latitudes` to inference-last/anemoi-metadata/source0/latitudes.numpy (shape=(24386,), dtype=float64)
[2026-01-08 05:57:37,034][anemoi.utils.checkpoints][INFO] - Saving supporting array `source0/longitudes` to inference-last/anemoi-metadata/source0/longitudes.numpy (shape=(24386,), dtype=float64)
[2026-01-08 05:57:37,034][anemoi.utils.checkpoints][INFO] - Saving supporting array `source1/latitudes` to inference-last/anemoi-metadata/source1/latitudes.numpy (shape=(2021,), dtype=float64)
[2026-01-08 05:57:37,034][anemoi.utils.checkpoints][INFO] - Saving supporting array `source1/longitudes` to inference-last/anemoi-metadata/source1/longitudes.numpy (shape=(2021,), dtype=float64)
[2026-01-08 05:57:37,034][anemoi.utils.checkpoints][INFO] - Saving supporting array `grid_indices` to inference-last/anemoi-metadata/grid_indices.numpy (shape=(25427,), dtype=int64)
[2026-01-08 05:57:37,388][anemoi.utils.checkpoints][INFO] - Adding extra information to checkpoint /mnt/weatherloss/WindPower/training/CI/GNN/checkpoint/5f04ff8a-6e18-4f1e-82e4-57871016750e/last.ckpt
[2026-01-08 05:57:37,388][anemoi.utils.checkpoints][INFO] - Saving metadata to archive/anemoi-metadata/ai-models.json
[2026-01-08 05:57:37,389][anemoi.utils.checkpoints][INFO] - Saving supporting array `latitudes` to archive/anemoi-metadata/latitudes.numpy (shape=(25427,), dtype=float64)
[2026-01-08 05:57:37,389][anemoi.utils.checkpoints][INFO] - Saving supporting array `longitudes` to archive/anemoi-metadata/longitudes.numpy (shape=(25427,), dtype=float64)
[2026-01-08 05:57:37,390][anemoi.utils.checkpoints][INFO] - Saving supporting array `lam_0/cutout_mask` to archive/anemoi-metadata/lam_0/cutout_mask.numpy (shape=(24386,), dtype=bool)
[2026-01-08 05:57:37,390][anemoi.utils.checkpoints][INFO] - Saving supporting array `global/cutout_mask` to archive/anemoi-metadata/global/cutout_mask.numpy (shape=(2021,), dtype=bool)
[2026-01-08 05:57:37,390][anemoi.utils.checkpoints][INFO] - Saving supporting array `source0/latitudes` to archive/anemoi-metadata/source0/latitudes.numpy (shape=(24386,), dtype=float64)
[2026-01-08 05:57:37,390][anemoi.utils.checkpoints][INFO] - Saving supporting array `source0/longitudes` to archive/anemoi-metadata/source0/longitudes.numpy (shape=(24386,), dtype=float64)
[2026-01-08 05:57:37,390][anemoi.utils.checkpoints][INFO] - Saving supporting array `source1/latitudes` to archive/anemoi-metadata/source1/latitudes.numpy (shape=(2021,), dtype=float64)
[2026-01-08 05:57:37,390][anemoi.utils.checkpoints][INFO] - Saving supporting array `source1/longitudes` to archive/anemoi-metadata/source1/longitudes.numpy (shape=(2021,), dtype=float64)
[2026-01-08 05:57:37,390][anemoi.utils.checkpoints][INFO] - Saving supporting array `grid_indices` to archive/anemoi-metadata/grid_indices.numpy (shape=(25427,), dtype=int64)
[2026-01-08 06:26:29,668][pytorch_lightning.utilities.rank_zero][INFO] - `Trainer.fit` stopped: `max_steps=185000` reached.
[2026-01-08 06:26:29,748][anemoi.utils.checkpoints][INFO] - Adding extra information to checkpoint /mnt/weatherloss/WindPower/training/CI/GNN/checkpoint/5f04ff8a-6e18-4f1e-82e4-57871016750e/inference-anemoi-by_time-epoch_015-step_185000.ckpt
[2026-01-08 06:26:29,748][anemoi.utils.checkpoints][INFO] - Saving metadata to inference-anemoi-by_time-epoch_015-step_185000/anemoi-metadata/ai-models.json
[2026-01-08 06:26:29,749][anemoi.utils.checkpoints][INFO] - Saving supporting array `latitudes` to inference-anemoi-by_time-epoch_015-step_185000/anemoi-metadata/latitudes.numpy (shape=(25427,), dtype=float64)
[2026-01-08 06:26:29,750][anemoi.utils.checkpoints][INFO] - Saving supporting array `longitudes` to inference-anemoi-by_time-epoch_015-step_185000/anemoi-metadata/longitudes.numpy (shape=(25427,), dtype=float64)
[2026-01-08 06:26:29,750][anemoi.utils.checkpoints][INFO] - Saving supporting array `lam_0/cutout_mask` to inference-anemoi-by_time-epoch_015-step_185000/anemoi-metadata/lam_0/cutout_mask.numpy (shape=(24386,), dtype=bool)
[2026-01-08 06:26:29,750][anemoi.utils.checkpoints][INFO] - Saving supporting array `global/cutout_mask` to inference-anemoi-by_time-epoch_015-step_185000/anemoi-metadata/global/cutout_mask.numpy (shape=(2021,), dtype=bool)
[2026-01-08 06:26:29,750][anemoi.utils.checkpoints][INFO] - Saving supporting array `source0/latitudes` to inference-anemoi-by_time-epoch_015-step_185000/anemoi-metadata/source0/latitudes.numpy (shape=(24386,), dtype=float64)
[2026-01-08 06:26:29,750][anemoi.utils.checkpoints][INFO] - Saving supporting array `source0/longitudes` to inference-anemoi-by_time-epoch_015-step_185000/anemoi-metadata/source0/longitudes.numpy (shape=(24386,), dtype=float64)
[2026-01-08 06:26:29,751][anemoi.utils.checkpoints][INFO] - Saving supporting array `source1/latitudes` to inference-anemoi-by_time-epoch_015-step_185000/anemoi-metadata/source1/latitudes.numpy (shape=(2021,), dtype=float64)
[2026-01-08 06:26:29,751][anemoi.utils.checkpoints][INFO] - Saving supporting array `source1/longitudes` to inference-anemoi-by_time-epoch_015-step_185000/anemoi-metadata/source1/longitudes.numpy (shape=(2021,), dtype=float64)
[2026-01-08 06:26:29,751][anemoi.utils.checkpoints][INFO] - Saving supporting array `grid_indices` to inference-anemoi-by_time-epoch_015-step_185000/anemoi-metadata/grid_indices.numpy (shape=(25427,), dtype=int64)
[2026-01-08 06:26:30,085][anemoi.utils.checkpoints][INFO] - Adding extra information to checkpoint /mnt/weatherloss/WindPower/training/CI/GNN/checkpoint/5f04ff8a-6e18-4f1e-82e4-57871016750e/anemoi-by_time-epoch_015-step_185000.ckpt
[2026-01-08 06:26:30,086][anemoi.utils.checkpoints][INFO] - Saving metadata to archive/anemoi-metadata/ai-models.json
[2026-01-08 06:26:30,087][anemoi.utils.checkpoints][INFO] - Saving supporting array `latitudes` to archive/anemoi-metadata/latitudes.numpy (shape=(25427,), dtype=float64)
[2026-01-08 06:26:30,087][anemoi.utils.checkpoints][INFO] - Saving supporting array `longitudes` to archive/anemoi-metadata/longitudes.numpy (shape=(25427,), dtype=float64)
[2026-01-08 06:26:30,087][anemoi.utils.checkpoints][INFO] - Saving supporting array `lam_0/cutout_mask` to archive/anemoi-metadata/lam_0/cutout_mask.numpy (shape=(24386,), dtype=bool)
[2026-01-08 06:26:30,087][anemoi.utils.checkpoints][INFO] - Saving supporting array `global/cutout_mask` to archive/anemoi-metadata/global/cutout_mask.numpy (shape=(2021,), dtype=bool)
[2026-01-08 06:26:30,088][anemoi.utils.checkpoints][INFO] - Saving supporting array `source0/latitudes` to archive/anemoi-metadata/source0/latitudes.numpy (shape=(24386,), dtype=float64)
[2026-01-08 06:26:30,088][anemoi.utils.checkpoints][INFO] - Saving supporting array `source0/longitudes` to archive/anemoi-metadata/source0/longitudes.numpy (shape=(24386,), dtype=float64)
[2026-01-08 06:26:30,088][anemoi.utils.checkpoints][INFO] - Saving supporting array `source1/latitudes` to archive/anemoi-metadata/source1/latitudes.numpy (shape=(2021,), dtype=float64)
[2026-01-08 06:26:30,088][anemoi.utils.checkpoints][INFO] - Saving supporting array `source1/longitudes` to archive/anemoi-metadata/source1/longitudes.numpy (shape=(2021,), dtype=float64)
[2026-01-08 06:26:30,088][anemoi.utils.checkpoints][INFO] - Saving supporting array `grid_indices` to archive/anemoi-metadata/grid_indices.numpy (shape=(25427,), dtype=int64)
[2026-01-08 06:26:30,179][anemoi.utils.checkpoints][INFO] - Adding extra information to checkpoint /mnt/weatherloss/WindPower/training/CI/GNN/checkpoint/5f04ff8a-6e18-4f1e-82e4-57871016750e/inference-last.ckpt
[2026-01-08 06:26:30,179][anemoi.utils.checkpoints][INFO] - Saving metadata to inference-last/anemoi-metadata/ai-models.json
[2026-01-08 06:26:30,180][anemoi.utils.checkpoints][INFO] - Saving supporting array `latitudes` to inference-last/anemoi-metadata/latitudes.numpy (shape=(25427,), dtype=float64)
[2026-01-08 06:26:30,180][anemoi.utils.checkpoints][INFO] - Saving supporting array `longitudes` to inference-last/anemoi-metadata/longitudes.numpy (shape=(25427,), dtype=float64)
[2026-01-08 06:26:30,180][anemoi.utils.checkpoints][INFO] - Saving supporting array `lam_0/cutout_mask` to inference-last/anemoi-metadata/lam_0/cutout_mask.numpy (shape=(24386,), dtype=bool)
[2026-01-08 06:26:30,180][anemoi.utils.checkpoints][INFO] - Saving supporting array `global/cutout_mask` to inference-last/anemoi-metadata/global/cutout_mask.numpy (shape=(2021,), dtype=bool)
[2026-01-08 06:26:30,180][anemoi.utils.checkpoints][INFO] - Saving supporting array `source0/latitudes` to inference-last/anemoi-metadata/source0/latitudes.numpy (shape=(24386,), dtype=float64)
[2026-01-08 06:26:30,181][anemoi.utils.checkpoints][INFO] - Saving supporting array `source0/longitudes` to inference-last/anemoi-metadata/source0/longitudes.numpy (shape=(24386,), dtype=float64)
[2026-01-08 06:26:30,181][anemoi.utils.checkpoints][INFO] - Saving supporting array `source1/latitudes` to inference-last/anemoi-metadata/source1/latitudes.numpy (shape=(2021,), dtype=float64)
[2026-01-08 06:26:30,181][anemoi.utils.checkpoints][INFO] - Saving supporting array `source1/longitudes` to inference-last/anemoi-metadata/source1/longitudes.numpy (shape=(2021,), dtype=float64)
[2026-01-08 06:26:30,181][anemoi.utils.checkpoints][INFO] - Saving supporting array `grid_indices` to inference-last/anemoi-metadata/grid_indices.numpy (shape=(25427,), dtype=int64)
[2026-01-08 06:26:30,549][anemoi.utils.checkpoints][INFO] - Adding extra information to checkpoint /mnt/weatherloss/WindPower/training/CI/GNN/checkpoint/5f04ff8a-6e18-4f1e-82e4-57871016750e/last.ckpt
[2026-01-08 06:26:30,549][anemoi.utils.checkpoints][INFO] - Saving metadata to archive/anemoi-metadata/ai-models.json
[2026-01-08 06:26:30,550][anemoi.utils.checkpoints][INFO] - Saving supporting array `latitudes` to archive/anemoi-metadata/latitudes.numpy (shape=(25427,), dtype=float64)
[2026-01-08 06:26:30,550][anemoi.utils.checkpoints][INFO] - Saving supporting array `longitudes` to archive/anemoi-metadata/longitudes.numpy (shape=(25427,), dtype=float64)
[2026-01-08 06:26:30,551][anemoi.utils.checkpoints][INFO] - Saving supporting array `lam_0/cutout_mask` to archive/anemoi-metadata/lam_0/cutout_mask.numpy (shape=(24386,), dtype=bool)
[2026-01-08 06:26:30,551][anemoi.utils.checkpoints][INFO] - Saving supporting array `global/cutout_mask` to archive/anemoi-metadata/global/cutout_mask.numpy (shape=(2021,), dtype=bool)
[2026-01-08 06:26:30,551][anemoi.utils.checkpoints][INFO] - Saving supporting array `source0/latitudes` to archive/anemoi-metadata/source0/latitudes.numpy (shape=(24386,), dtype=float64)
[2026-01-08 06:26:30,551][anemoi.utils.checkpoints][INFO] - Saving supporting array `source0/longitudes` to archive/anemoi-metadata/source0/longitudes.numpy (shape=(24386,), dtype=float64)
[2026-01-08 06:26:30,551][anemoi.utils.checkpoints][INFO] - Saving supporting array `source1/latitudes` to archive/anemoi-metadata/source1/latitudes.numpy (shape=(2021,), dtype=float64)
[2026-01-08 06:26:30,551][anemoi.utils.checkpoints][INFO] - Saving supporting array `source1/longitudes` to archive/anemoi-metadata/source1/longitudes.numpy (shape=(2021,), dtype=float64)
[2026-01-08 06:26:30,551][anemoi.utils.checkpoints][INFO] - Saving supporting array `grid_indices` to archive/anemoi-metadata/grid_indices.numpy (shape=(25427,), dtype=int64)
[2026-01-08 06:26:30,615][anemoi.utils.checkpoints][INFO] - Adding extra information to checkpoint /mnt/weatherloss/WindPower/training/CI/GNN/checkpoint/5f04ff8a-6e18-4f1e-82e4-57871016750e/inference-anemoi-by_epoch-epoch_015-step_185000.ckpt
[2026-01-08 06:26:30,615][anemoi.utils.checkpoints][INFO] - Saving metadata to inference-anemoi-by_epoch-epoch_015-step_185000/anemoi-metadata/ai-models.json
[2026-01-08 06:26:30,616][anemoi.utils.checkpoints][INFO] - Saving supporting array `latitudes` to inference-anemoi-by_epoch-epoch_015-step_185000/anemoi-metadata/latitudes.numpy (shape=(25427,), dtype=float64)
[2026-01-08 06:26:30,616][anemoi.utils.checkpoints][INFO] - Saving supporting array `longitudes` to inference-anemoi-by_epoch-epoch_015-step_185000/anemoi-metadata/longitudes.numpy (shape=(25427,), dtype=float64)
[2026-01-08 06:26:30,616][anemoi.utils.checkpoints][INFO] - Saving supporting array `lam_0/cutout_mask` to inference-anemoi-by_epoch-epoch_015-step_185000/anemoi-metadata/lam_0/cutout_mask.numpy (shape=(24386,), dtype=bool)
[2026-01-08 06:26:30,616][anemoi.utils.checkpoints][INFO] - Saving supporting array `global/cutout_mask` to inference-anemoi-by_epoch-epoch_015-step_185000/anemoi-metadata/global/cutout_mask.numpy (shape=(2021,), dtype=bool)
[2026-01-08 06:26:30,616][anemoi.utils.checkpoints][INFO] - Saving supporting array `source0/latitudes` to inference-anemoi-by_epoch-epoch_015-step_185000/anemoi-metadata/source0/latitudes.numpy (shape=(24386,), dtype=float64)
[2026-01-08 06:26:30,617][anemoi.utils.checkpoints][INFO] - Saving supporting array `source0/longitudes` to inference-anemoi-by_epoch-epoch_015-step_185000/anemoi-metadata/source0/longitudes.numpy (shape=(24386,), dtype=float64)
[2026-01-08 06:26:30,617][anemoi.utils.checkpoints][INFO] - Saving supporting array `source1/latitudes` to inference-anemoi-by_epoch-epoch_015-step_185000/anemoi-metadata/source1/latitudes.numpy (shape=(2021,), dtype=float64)
[2026-01-08 06:26:30,617][anemoi.utils.checkpoints][INFO] - Saving supporting array `source1/longitudes` to inference-anemoi-by_epoch-epoch_015-step_185000/anemoi-metadata/source1/longitudes.numpy (shape=(2021,), dtype=float64)
[2026-01-08 06:26:30,617][anemoi.utils.checkpoints][INFO] - Saving supporting array `grid_indices` to inference-anemoi-by_epoch-epoch_015-step_185000/anemoi-metadata/grid_indices.numpy (shape=(25427,), dtype=int64)
[2026-01-08 06:26:30,929][anemoi.utils.checkpoints][INFO] - Adding extra information to checkpoint /mnt/weatherloss/WindPower/training/CI/GNN/checkpoint/5f04ff8a-6e18-4f1e-82e4-57871016750e/anemoi-by_epoch-epoch_015-step_185000.ckpt
[2026-01-08 06:26:30,929][anemoi.utils.checkpoints][INFO] - Saving metadata to archive/anemoi-metadata/ai-models.json
[2026-01-08 06:26:30,930][anemoi.utils.checkpoints][INFO] - Saving supporting array `latitudes` to archive/anemoi-metadata/latitudes.numpy (shape=(25427,), dtype=float64)
[2026-01-08 06:26:30,931][anemoi.utils.checkpoints][INFO] - Saving supporting array `longitudes` to archive/anemoi-metadata/longitudes.numpy (shape=(25427,), dtype=float64)
[2026-01-08 06:26:30,931][anemoi.utils.checkpoints][INFO] - Saving supporting array `lam_0/cutout_mask` to archive/anemoi-metadata/lam_0/cutout_mask.numpy (shape=(24386,), dtype=bool)
[2026-01-08 06:26:30,931][anemoi.utils.checkpoints][INFO] - Saving supporting array `global/cutout_mask` to archive/anemoi-metadata/global/cutout_mask.numpy (shape=(2021,), dtype=bool)
[2026-01-08 06:26:30,931][anemoi.utils.checkpoints][INFO] - Saving supporting array `source0/latitudes` to archive/anemoi-metadata/source0/latitudes.numpy (shape=(24386,), dtype=float64)
[2026-01-08 06:26:30,931][anemoi.utils.checkpoints][INFO] - Saving supporting array `source0/longitudes` to archive/anemoi-metadata/source0/longitudes.numpy (shape=(24386,), dtype=float64)
[2026-01-08 06:26:30,931][anemoi.utils.checkpoints][INFO] - Saving supporting array `source1/latitudes` to archive/anemoi-metadata/source1/latitudes.numpy (shape=(2021,), dtype=float64)
[2026-01-08 06:26:30,931][anemoi.utils.checkpoints][INFO] - Saving supporting array `source1/longitudes` to archive/anemoi-metadata/source1/longitudes.numpy (shape=(2021,), dtype=float64)
[2026-01-08 06:26:30,931][anemoi.utils.checkpoints][INFO] - Saving supporting array `grid_indices` to archive/anemoi-metadata/grid_indices.numpy (shape=(25427,), dtype=int64)
[2026-01-08 06:26:31,006][anemoi.utils.checkpoints][INFO] - Adding extra information to checkpoint /mnt/weatherloss/WindPower/training/CI/GNN/checkpoint/5f04ff8a-6e18-4f1e-82e4-57871016750e/inference-last.ckpt
[2026-01-08 06:26:31,006][anemoi.utils.checkpoints][INFO] - Saving metadata to inference-last/anemoi-metadata/ai-models.json
[2026-01-08 06:26:31,008][anemoi.utils.checkpoints][INFO] - Saving supporting array `latitudes` to inference-last/anemoi-metadata/latitudes.numpy (shape=(25427,), dtype=float64)
[2026-01-08 06:26:31,008][anemoi.utils.checkpoints][INFO] - Saving supporting array `longitudes` to inference-last/anemoi-metadata/longitudes.numpy (shape=(25427,), dtype=float64)
[2026-01-08 06:26:31,008][anemoi.utils.checkpoints][INFO] - Saving supporting array `lam_0/cutout_mask` to inference-last/anemoi-metadata/lam_0/cutout_mask.numpy (shape=(24386,), dtype=bool)
[2026-01-08 06:26:31,009][anemoi.utils.checkpoints][INFO] - Saving supporting array `global/cutout_mask` to inference-last/anemoi-metadata/global/cutout_mask.numpy (shape=(2021,), dtype=bool)
[2026-01-08 06:26:31,009][anemoi.utils.checkpoints][INFO] - Saving supporting array `source0/latitudes` to inference-last/anemoi-metadata/source0/latitudes.numpy (shape=(24386,), dtype=float64)
[2026-01-08 06:26:31,009][anemoi.utils.checkpoints][INFO] - Saving supporting array `source0/longitudes` to inference-last/anemoi-metadata/source0/longitudes.numpy (shape=(24386,), dtype=float64)
[2026-01-08 06:26:31,009][anemoi.utils.checkpoints][INFO] - Saving supporting array `source1/latitudes` to inference-last/anemoi-metadata/source1/latitudes.numpy (shape=(2021,), dtype=float64)
[2026-01-08 06:26:31,009][anemoi.utils.checkpoints][INFO] - Saving supporting array `source1/longitudes` to inference-last/anemoi-metadata/source1/longitudes.numpy (shape=(2021,), dtype=float64)
[2026-01-08 06:26:31,009][anemoi.utils.checkpoints][INFO] - Saving supporting array `grid_indices` to inference-last/anemoi-metadata/grid_indices.numpy (shape=(25427,), dtype=int64)
[2026-01-08 06:26:31,438][anemoi.utils.checkpoints][INFO] - Adding extra information to checkpoint /mnt/weatherloss/WindPower/training/CI/GNN/checkpoint/5f04ff8a-6e18-4f1e-82e4-57871016750e/last.ckpt
[2026-01-08 06:26:31,438][anemoi.utils.checkpoints][INFO] - Saving metadata to archive/anemoi-metadata/ai-models.json
[2026-01-08 06:26:31,440][anemoi.utils.checkpoints][INFO] - Saving supporting array `latitudes` to archive/anemoi-metadata/latitudes.numpy (shape=(25427,), dtype=float64)
[2026-01-08 06:26:31,440][anemoi.utils.checkpoints][INFO] - Saving supporting array `longitudes` to archive/anemoi-metadata/longitudes.numpy (shape=(25427,), dtype=float64)
[2026-01-08 06:26:31,440][anemoi.utils.checkpoints][INFO] - Saving supporting array `lam_0/cutout_mask` to archive/anemoi-metadata/lam_0/cutout_mask.numpy (shape=(24386,), dtype=bool)
[2026-01-08 06:26:31,440][anemoi.utils.checkpoints][INFO] - Saving supporting array `global/cutout_mask` to archive/anemoi-metadata/global/cutout_mask.numpy (shape=(2021,), dtype=bool)
[2026-01-08 06:26:31,440][anemoi.utils.checkpoints][INFO] - Saving supporting array `source0/latitudes` to archive/anemoi-metadata/source0/latitudes.numpy (shape=(24386,), dtype=float64)
[2026-01-08 06:26:31,441][anemoi.utils.checkpoints][INFO] - Saving supporting array `source0/longitudes` to archive/anemoi-metadata/source0/longitudes.numpy (shape=(24386,), dtype=float64)
[2026-01-08 06:26:31,441][anemoi.utils.checkpoints][INFO] - Saving supporting array `source1/latitudes` to archive/anemoi-metadata/source1/latitudes.numpy (shape=(2021,), dtype=float64)
[2026-01-08 06:26:31,441][anemoi.utils.checkpoints][INFO] - Saving supporting array `source1/longitudes` to archive/anemoi-metadata/source1/longitudes.numpy (shape=(2021,), dtype=float64)
[2026-01-08 06:26:31,441][anemoi.utils.checkpoints][INFO] - Saving supporting array `grid_indices` to archive/anemoi-metadata/grid_indices.numpy (shape=(25427,), dtype=int64)
