[2026-04-15 14:20:03,891][anemoi.training.train.train][INFO] - Skipping config validation.
[2026-04-15 14:20:03,892][anemoi.training.train.train][INFO] - Starting from checkpoint: True
[2026-04-15 14:20:03,892][anemoi.training.train.train][INFO] - Run id: SyntheticGT
[2026-04-15 14:20:03,893][anemoi.training.train.train][INFO] - Checkpoints path: {'root': PosixPath('/mnt/weatherloss/WindPower/training/EGU26/SyntheticGT/checkpoint/SyntheticGT'), 'every_n_epochs': 'anemoi-by_epoch-epoch_{epoch:03d}-step_{step:06d}', 'every_n_train_steps': 'anemoi-by_step-epoch_{epoch:03d}-step_{step:06d}', 'every_n_minutes': 'anemoi-by_time-epoch_{epoch:03d}-step_{step:06d}'}
[2026-04-15 14:20:03,893][anemoi.training.train.train][INFO] - Plots path: /mnt/weatherloss/WindPower/training/EGU26/SyntheticGT/plots/SyntheticGT
[2026-04-15 14:20:04,603][anemoi.graphs.nodes.builders.from_file][INFO] - Reading the dataset from {'cutout': [{'dataset': '/mnt/weatherloss/WindPower/data/EGU26/Anemoidatasets/NewFilled_Cerra_A_large.zarr'}, {'dataset': '/mnt/weatherloss/WindPower/data/EGU26/Anemoidatasets/era5_A_large.zarr'}], 'min_distance_km': 0, 'adjust': 'all'}.
[2026-04-15 14:20:07,306][anemoi.graphs.generate.masks][INFO] - Fitting KNNAreaMaskBuilder with 72668 reference nodes from "data (cutout)".
[2026-04-15 14:20:29,070][anemoi.graphs.edges.builders.knn][INFO] - Using KNN-Edges (with 12 nearest neighbours) between data and hidden.
[2026-04-15 14:20:29,078][anemoi.graphs.edges.builders.base][WARNING] - The 'torch-cluster' library is not installed.
Installing 'torch-cluster' can significantly improve performance for graph creation.
You can install it using:
    TORCH_VERSION=$(python -c "import torch; print(torch.__version__)")
    pip install torch-cluster -f https://data.pyg.org/whl/torch-${TORCH_VERSION}.html

[2026-04-15 14:20:29,253][anemoi.graphs.edges.builders.cutoff][INFO] - Using CutOff-Edges (with radius = 15.0 km [direct]) between data and hidden.
[2026-04-15 14:20:29,254][anemoi.graphs.edges.builders.base][WARNING] - The 'torch-cluster' library is not installed.
Installing 'torch-cluster' can significantly improve performance for graph creation.
You can install it using:
    TORCH_VERSION=$(python -c "import torch; print(torch.__version__)")
    pip install torch-cluster -f https://data.pyg.org/whl/torch-${TORCH_VERSION}.html

[2026-04-15 14:21:29,766][anemoi.graphs.edges.builders.knn][INFO] - Using KNN-Edges (with 3 nearest neighbours) between hidden and data.
[2026-04-15 14:21:29,766][anemoi.graphs.edges.builders.base][WARNING] - The 'torch-cluster' library is not installed.
Installing 'torch-cluster' can significantly improve performance for graph creation.
You can install it using:
    TORCH_VERSION=$(python -c "import torch; print(torch.__version__)")
    pip install torch-cluster -f https://data.pyg.org/whl/torch-${TORCH_VERSION}.html

[2026-04-15 14:21:30,077][anemoi.graphs.create][INFO] - Cleaning graph.
[2026-04-15 14:21:30,078][anemoi.graphs.create][INFO] - _grid_reference_distance deleted from graph.
[2026-04-15 14:21:30,078][anemoi.graphs.create][INFO] - _dataset deleted from graph.
[2026-04-15 14:21:30,078][anemoi.graphs.create][INFO] - _grid_reference_distance deleted from graph.
[2026-04-15 14:21:30,078][anemoi.graphs.create][INFO] - _area_mask_builder deleted from graph.
[2026-04-15 14:21:30,078][anemoi.graphs.create][INFO] - _resolutions deleted from graph.
[2026-04-15 14:21:30,078][anemoi.graphs.create][INFO] - _nx_graph deleted from graph.
[2026-04-15 14:21:30,078][anemoi.graphs.create][INFO] - _node_ordering deleted from graph.
[2026-04-15 14:21:30,138][anemoi.graphs.processors.post_process][INFO] - Removing 120985 edges from ('data', 'to', 'hidden').
[2026-04-15 14:21:30,236][anemoi.graphs.processors.post_process][INFO] - Recomputing edge attribute edge_length.
[2026-04-15 14:21:30,239][anemoi.graphs.processors.post_process][INFO] - Recomputing edge attribute edge_dirs.
[2026-04-15 14:21:30,751][anemoi.graphs.processors.post_process][INFO] - Removing 4649 nodes from data.
[2026-04-15 14:21:31,152][anemoi.graphs.processors.post_process][INFO] - An attribute indices_connected_nodes has been added with the indices to mask the nodes from the original graph.
[2026-04-15 14:21:31,240][anemoi.graphs.create][INFO] - Graph saved at /mnt/weatherloss/WindPower/graphs/EGU26/EGUgraph15km.pt.
[2026-04-15 14:21:32,016][anemoi.training.data.datamodule][WARNING] - Falling back rollout to: 1
[2026-04-15 14:21:32,017][anemoi.training.data.datamodule][INFO] - Timeincrement set to 1 for data with frequency, 10800, and timestep, 10800
[2026-04-15 14:21:32,018][anemoi.training.data.grid_indices][INFO] - The graph attribute indices_connected_nodes of the data nodes will be used to masking the spatial dimension.
[2026-04-15 14:21:32,019][anemoi.training.train.train][INFO] - Number of data variables: 67
[2026-04-15 14:21:32,020][anemoi.training.train.train][INFO] - Variables: ['cos_julian_day', 'cos_latitude', 'cos_longitude', 'insolation', 'lsm', 'mcc', 'msl', 'q_1000', 'q_500', 'q_600', 'q_700', 'q_750', 'q_800', 'q_850', 'q_900', 'q_950', 'sin_julian_day', 'sin_latitude', 'sin_longitude', 't2m', 't_1000', 't_500', 't_600', 't_700', 't_750', 't_800', 't_850', 't_900', 't_950', 'u_1000', 'u_500', 'u_600', 'u_700', 'u_750', 'u_800', 'u_850', 'u_900', 'u_950', 'v_1000', 'v_500', 'v_600', 'v_700', 'v_750', 'v_800', 'v_850', 'v_900', 'v_950', 'wdir100_cos', 'wdir100_sin', 'wdir10_cos', 'wdir10_sin', 'ws10', 'ws100', 'z_1000', 'z_500', 'z_600', 'z_700', 'z_750', 'z_800', 'z_850', 'z_900', 'z_950', 'z_sfc', 'power', 'capacity', 'turbinecount', 'turbinemask']
[2026-04-15 14:21:32,020][anemoi.training.train.train][INFO] - Total number of prognostic variables: 55
[2026-04-15 14:21:32,020][anemoi.training.train.train][INFO] - Total number of auxiliary variables: 12
[2026-04-15 14:21:32,020][anemoi.training.train.train][INFO] - Total GPU count / model group size: 2 - NB: the learning rate will be scaled by this factor!
[2026-04-15 14:21:32,020][anemoi.training.train.train][INFO] - Effective learning rate: 5.000e-04
[2026-04-15 14:21:32,021][anemoi.training.train.train][INFO] - Training limits: max_epochs=30, max_steps=200000. Training will stop when either limit is reached first. Learning rate scheduler will run for 200000 steps.
[2026-04-15 14:21:32,052][anemoi.models.migrations.migrator][INFO] - Loading migration 1755530253_initial
[2026-04-15 14:21:32,052][anemoi.models.migrations.migrator][INFO] - Loading migration 1762857427_deprecate_eda
[2026-04-15 14:21:32,052][anemoi.models.migrations.migrator][INFO] - Loading migration 1762857428_chunking_fix
[2026-04-15 14:21:32,052][anemoi.models.migrations.migrator][INFO] - Loading migration 1763479917_hardware_schema_update
[2026-04-15 14:21:32,104][anemoi.training.train.train][INFO] - TensorBoard logger enabled
[2026-04-15 14:21:32,178][anemoi.training.train.train][INFO] - Initial seed: Rank 1, initial seed 455000, running with random seed: 455000
[2026-04-15 14:21:34,368][anemoi.models.preprocessing.imputer][WARNING] - If placement of NaNs for diagnostic variables in inference output is desired, this needs to be handled by postprocessors: power
[2026-04-15 14:21:34,368][anemoi.models.preprocessing.imputer][INFO] - Imputer: replacing NaNs in power with value 0.0
[2026-04-15 14:21:34,369][anemoi.models.preprocessing.imputer][INFO] - Imputer: replacing NaNs in capacity with value 0.0
[2026-04-15 14:21:34,369][anemoi.models.preprocessing.imputer][INFO] - Imputer: replacing NaNs in turbinecount with value 0.0
[2026-04-15 14:21:34,369][anemoi.models.preprocessing.imputer][INFO] - Imputer: replacing NaNs in turbinemask with value 0.0
[2026-04-15 14:21:34,372][anemoi.models.preprocessing.normalizer][INFO] - Normalizing: cos_latitude is not normalized.
[2026-04-15 14:21:34,372][anemoi.models.preprocessing.normalizer][INFO] - Normalizing: cos_longitude is not normalized.
[2026-04-15 14:21:34,372][anemoi.models.preprocessing.normalizer][INFO] - Normalizing: lsm is not normalized.
[2026-04-15 14:21:34,372][anemoi.models.preprocessing.normalizer][INFO] - Normalizing: mcc is not normalized.
[2026-04-15 14:21:34,372][anemoi.models.preprocessing.normalizer][INFO] - Normalizing: sin_latitude is not normalized.
[2026-04-15 14:21:34,372][anemoi.models.preprocessing.normalizer][INFO] - Normalizing: sin_longitude is not normalized.
[2026-04-15 14:21:34,372][anemoi.models.preprocessing.normalizer][INFO] - Normalizing: turbinemask is not normalized.
[2026-04-15 14:21:34,538][anemoi.models.layers.utils][INFO] - Linear kernel: torch.nn.Linear.
[2026-04-15 14:21:34,540][anemoi.models.layers.utils][INFO] - LayerNorm kernel: torch.nn.LayerNorm.
[2026-04-15 14:21:34,541][anemoi.models.layers.utils][INFO] - Activation kernel: torch.nn.GELU.
[2026-04-15 14:21:34,542][anemoi.models.layers.utils][INFO] - QueryNorm kernel: anemoi.models.layers.normalization.AutocastLayerNorm.
[2026-04-15 14:21:34,544][anemoi.models.layers.utils][INFO] - KeyNorm kernel: anemoi.models.layers.normalization.AutocastLayerNorm.
[2026-04-15 14:21:34,751][anemoi.models.layers.block][INFO] - GraphTransformerMapperBlock using triton graph attention backend.
[2026-04-15 14:21:34,838][anemoi.models.layers.utils][INFO] - Linear kernel: torch.nn.Linear.
[2026-04-15 14:21:34,839][anemoi.models.layers.utils][INFO] - LayerNorm kernel: torch.nn.LayerNorm.
[2026-04-15 14:21:34,840][anemoi.models.layers.utils][INFO] - Activation kernel: torch.nn.GELU.
[2026-04-15 14:21:34,842][anemoi.models.layers.utils][INFO] - QueryNorm kernel: anemoi.models.layers.normalization.AutocastLayerNorm.
[2026-04-15 14:21:34,843][anemoi.models.layers.utils][INFO] - KeyNorm kernel: anemoi.models.layers.normalization.AutocastLayerNorm.
[2026-04-15 14:21:35,040][anemoi.models.layers.block][INFO] - GraphTransformerProcessorBlock using triton graph attention backend.
[2026-04-15 14:21:35,059][anemoi.models.layers.block][INFO] - GraphTransformerProcessorBlock using triton graph attention backend.
[2026-04-15 14:21:35,078][anemoi.models.layers.block][INFO] - GraphTransformerProcessorBlock using triton graph attention backend.
[2026-04-15 14:21:35,094][anemoi.models.layers.block][INFO] - GraphTransformerProcessorBlock using triton graph attention backend.
[2026-04-15 14:21:35,106][anemoi.models.layers.block][INFO] - GraphTransformerProcessorBlock using triton graph attention backend.
[2026-04-15 14:21:35,117][anemoi.models.layers.block][INFO] - GraphTransformerProcessorBlock using triton graph attention backend.
[2026-04-15 14:21:35,127][anemoi.models.layers.block][INFO] - GraphTransformerProcessorBlock using triton graph attention backend.
[2026-04-15 14:21:35,138][anemoi.models.layers.block][INFO] - GraphTransformerProcessorBlock using triton graph attention backend.
[2026-04-15 14:21:35,143][anemoi.models.layers.utils][INFO] - Linear kernel: torch.nn.Linear.
[2026-04-15 14:21:35,144][anemoi.models.layers.utils][INFO] - LayerNorm kernel: torch.nn.LayerNorm.
[2026-04-15 14:21:35,144][anemoi.models.layers.utils][INFO] - Activation kernel: torch.nn.GELU.
[2026-04-15 14:21:35,145][anemoi.models.layers.utils][INFO] - QueryNorm kernel: anemoi.models.layers.normalization.AutocastLayerNorm.
[2026-04-15 14:21:35,146][anemoi.models.layers.utils][INFO] - KeyNorm kernel: anemoi.models.layers.normalization.AutocastLayerNorm.
[2026-04-15 14:21:35,241][anemoi.models.layers.block][INFO] - GraphTransformerMapperBlock using triton graph attention backend.
[2026-04-15 14:21:35,768][anemoi.training.losses.scalers.variable_level][INFO] - Variable Level Scaling: Applying ReluVariableLevelScaler scaling to pl variables (['q', 't', 'u', 'v', 'z'])
[2026-04-15 14:21:35,769][anemoi.training.losses.scalers.variable_level][INFO] - with slope = 0.001 and y-intercept/minimum = 0.2.
[2026-04-15 14:21:36,027][anemoi.training.data.grid_indices][INFO] - The graph attribute indices_connected_nodes of the data nodes will be used to masking the spatial dimension.
[2026-04-15 14:21:36,030][anemoi.training.train.train][INFO] - The following submodules will NOT be trained: []
[2026-04-15 14:21:36,032][anemoi.training.train.train][INFO] - Resuming training from last checkpoint: /mnt/weatherloss/WindPower/training/EGU26/SyntheticGT/checkpoint/SyntheticGT/last.ckpt
[2026-04-15 14:22:02,422][anemoi.training.data.dataset][INFO] - NativeGridDataset.set_group_info(): global_rank 1, model_comm_group_id 1, model_comm_group_rank 0, model_comm_num_groups 2, reader_group_rank 0
[2026-04-15 14:22:03,038][anemoi.training.data.dataset][INFO] - Worker 0 (pid 755201, global_rank 1, model comm group 1)  has low/high range 13271 / 14929
[2026-04-15 14:22:03,134][anemoi.training.data.dataset][INFO] - Worker 0 (train, pid 755201, glob. rank 1, model comm group 1, group_rank 0, seed group id 1, base_seed 455000, sanity rnd 0.904419)
[2026-04-15 14:22:03,833][anemoi.training.data.dataset][INFO] - Worker 1 (pid 755287, global_rank 1, model comm group 1)  has low/high range 14929 / 16587
[2026-04-15 14:22:03,838][anemoi.training.data.dataset][INFO] - Worker 1 (train, pid 755287, glob. rank 1, model comm group 1, group_rank 0, seed group id 1, base_seed 455000, sanity rnd 0.904419)
[2026-04-15 14:22:04,636][anemoi.training.data.dataset][INFO] - Worker 2 (pid 755433, global_rank 1, model comm group 1)  has low/high range 16587 / 18245
[2026-04-15 14:22:04,638][anemoi.training.data.dataset][INFO] - Worker 2 (train, pid 755433, glob. rank 1, model comm group 1, group_rank 0, seed group id 1, base_seed 455000, sanity rnd 0.904419)
[2026-04-15 14:22:05,437][anemoi.training.data.dataset][INFO] - Worker 3 (pid 755531, global_rank 1, model comm group 1)  has low/high range 18245 / 19903
[2026-04-15 14:22:05,535][anemoi.training.data.dataset][INFO] - Worker 3 (train, pid 755531, glob. rank 1, model comm group 1, group_rank 0, seed group id 1, base_seed 455000, sanity rnd 0.904419)
[2026-04-15 14:22:06,436][anemoi.training.data.dataset][INFO] - Worker 4 (pid 755630, global_rank 1, model comm group 1)  has low/high range 19903 / 21561
[2026-04-15 14:22:06,534][anemoi.training.data.dataset][INFO] - Worker 4 (train, pid 755630, glob. rank 1, model comm group 1, group_rank 0, seed group id 1, base_seed 455000, sanity rnd 0.904419)
[2026-04-15 14:22:07,135][anemoi.training.data.dataset][INFO] - Worker 5 (pid 755731, global_rank 1, model comm group 1)  has low/high range 21561 / 23219
[2026-04-15 14:22:07,138][anemoi.training.data.dataset][INFO] - Worker 5 (train, pid 755731, glob. rank 1, model comm group 1, group_rank 0, seed group id 1, base_seed 455000, sanity rnd 0.904419)
[2026-04-15 14:22:08,035][anemoi.training.data.dataset][INFO] - Worker 6 (pid 755827, global_rank 1, model comm group 1)  has low/high range 23219 / 24877
[2026-04-15 14:22:08,134][anemoi.training.data.dataset][INFO] - Worker 6 (train, pid 755827, glob. rank 1, model comm group 1, group_rank 0, seed group id 1, base_seed 455000, sanity rnd 0.904419)
[2026-04-15 14:22:08,739][anemoi.training.data.dataset][INFO] - Worker 7 (pid 755936, global_rank 1, model comm group 1)  has low/high range 24877 / 26535
[2026-04-15 14:22:08,744][anemoi.training.data.dataset][INFO] - Worker 7 (train, pid 755936, glob. rank 1, model comm group 1, group_rank 0, seed group id 1, base_seed 455000, sanity rnd 0.904419)
[2026-04-15 14:22:14,430][anemoi.training.data.datamodule][WARNING] - Falling back rollout to: 1
[2026-04-15 14:22:14,479][anemoi.training.data.dataset][INFO] - NativeGridDataset.set_group_info(): global_rank 1, model_comm_group_id 1, model_comm_group_rank 0, model_comm_num_groups 2, reader_group_rank 0
[2026-04-15 14:22:14,480][anemoi.models.data_indices.collection][INFO] - The order of the variables in the model matches the order in the data.
