[2026-04-15 14:18:25,947][anemoi.training.train.train][INFO] - Skipping config validation.
[2026-04-15 14:18:25,947][anemoi.training.train.train][INFO] - Starting from checkpoint: True
[2026-04-15 14:18:25,947][anemoi.training.train.train][INFO] - Run id: SyntheticGT
[2026-04-15 14:18:25,947][anemoi.training.train.train][INFO] - Checkpoints path: {'root': PosixPath('/mnt/weatherloss/WindPower/training/EGU26/SyntheticGT/checkpoint/SyntheticGT'), 'every_n_epochs': 'anemoi-by_epoch-epoch_{epoch:03d}-step_{step:06d}', 'every_n_train_steps': 'anemoi-by_step-epoch_{epoch:03d}-step_{step:06d}', 'every_n_minutes': 'anemoi-by_time-epoch_{epoch:03d}-step_{step:06d}'}
[2026-04-15 14:18:25,948][anemoi.training.train.train][INFO] - Plots path: /mnt/weatherloss/WindPower/training/EGU26/SyntheticGT/plots/SyntheticGT
[2026-04-15 14:18:26,659][anemoi.graphs.nodes.builders.from_file][INFO] - Reading the dataset from {'cutout': [{'dataset': '/mnt/weatherloss/WindPower/data/EGU26/Anemoidatasets/NewFilled_Cerra_A_large.zarr'}, {'dataset': '/mnt/weatherloss/WindPower/data/EGU26/Anemoidatasets/era5_A_large.zarr'}], 'min_distance_km': 0, 'adjust': 'all'}.
[2026-04-15 14:18:29,302][anemoi.graphs.generate.masks][INFO] - Fitting KNNAreaMaskBuilder with 72668 reference nodes from "data (cutout)".
[2026-04-15 14:18:50,006][anemoi.graphs.edges.builders.knn][INFO] - Using KNN-Edges (with 12 nearest neighbours) between data and hidden.
[2026-04-15 14:18:50,014][anemoi.graphs.edges.builders.base][WARNING] - The 'torch-cluster' library is not installed.
Installing 'torch-cluster' can significantly improve performance for graph creation.
You can install it using:
    TORCH_VERSION=$(python -c "import torch; print(torch.__version__)")
    pip install torch-cluster -f https://data.pyg.org/whl/torch-${TORCH_VERSION}.html

[2026-04-15 14:18:50,171][anemoi.graphs.edges.builders.cutoff][INFO] - Using CutOff-Edges (with radius = 15.0 km [direct]) between data and hidden.
[2026-04-15 14:18:50,172][anemoi.graphs.edges.builders.base][WARNING] - The 'torch-cluster' library is not installed.
Installing 'torch-cluster' can significantly improve performance for graph creation.
You can install it using:
    TORCH_VERSION=$(python -c "import torch; print(torch.__version__)")
    pip install torch-cluster -f https://data.pyg.org/whl/torch-${TORCH_VERSION}.html

[2026-04-15 14:19:51,337][anemoi.graphs.edges.builders.knn][INFO] - Using KNN-Edges (with 3 nearest neighbours) between hidden and data.
[2026-04-15 14:19:51,337][anemoi.graphs.edges.builders.base][WARNING] - The 'torch-cluster' library is not installed.
Installing 'torch-cluster' can significantly improve performance for graph creation.
You can install it using:
    TORCH_VERSION=$(python -c "import torch; print(torch.__version__)")
    pip install torch-cluster -f https://data.pyg.org/whl/torch-${TORCH_VERSION}.html

[2026-04-15 14:19:51,602][anemoi.graphs.create][INFO] - Cleaning graph.
[2026-04-15 14:19:51,603][anemoi.graphs.create][INFO] - _grid_reference_distance deleted from graph.
[2026-04-15 14:19:51,603][anemoi.graphs.create][INFO] - _dataset deleted from graph.
[2026-04-15 14:19:51,603][anemoi.graphs.create][INFO] - _grid_reference_distance deleted from graph.
[2026-04-15 14:19:51,603][anemoi.graphs.create][INFO] - _area_mask_builder deleted from graph.
[2026-04-15 14:19:51,603][anemoi.graphs.create][INFO] - _resolutions deleted from graph.
[2026-04-15 14:19:51,603][anemoi.graphs.create][INFO] - _nx_graph deleted from graph.
[2026-04-15 14:19:51,603][anemoi.graphs.create][INFO] - _node_ordering deleted from graph.
[2026-04-15 14:19:51,609][anemoi.graphs.processors.post_process][INFO] - Removing 120985 edges from ('data', 'to', 'hidden').
[2026-04-15 14:19:51,637][anemoi.graphs.processors.post_process][INFO] - Recomputing edge attribute edge_length.
[2026-04-15 14:19:51,639][anemoi.graphs.processors.post_process][INFO] - Recomputing edge attribute edge_dirs.
[2026-04-15 14:19:51,739][anemoi.graphs.processors.post_process][INFO] - Removing 4649 nodes from data.
[2026-04-15 14:19:52,266][anemoi.graphs.processors.post_process][INFO] - An attribute indices_connected_nodes has been added with the indices to mask the nodes from the original graph.
[2026-04-15 14:19:52,453][anemoi.graphs.create][INFO] - Graph saved at /mnt/weatherloss/WindPower/graphs/EGU26/EGUgraph15km.pt.
[2026-04-15 14:19:53,232][anemoi.training.data.datamodule][WARNING] - Falling back rollout to: 1
[2026-04-15 14:19:53,232][anemoi.training.data.datamodule][INFO] - Timeincrement set to 1 for data with frequency, 10800, and timestep, 10800
[2026-04-15 14:19:53,233][anemoi.training.data.grid_indices][INFO] - The graph attribute indices_connected_nodes of the data nodes will be used to masking the spatial dimension.
[2026-04-15 14:19:53,235][anemoi.training.train.train][INFO] - Number of data variables: 67
[2026-04-15 14:19:53,236][anemoi.training.train.train][INFO] - Variables: ['cos_julian_day', 'cos_latitude', 'cos_longitude', 'insolation', 'lsm', 'mcc', 'msl', 'q_1000', 'q_500', 'q_600', 'q_700', 'q_750', 'q_800', 'q_850', 'q_900', 'q_950', 'sin_julian_day', 'sin_latitude', 'sin_longitude', 't2m', 't_1000', 't_500', 't_600', 't_700', 't_750', 't_800', 't_850', 't_900', 't_950', 'u_1000', 'u_500', 'u_600', 'u_700', 'u_750', 'u_800', 'u_850', 'u_900', 'u_950', 'v_1000', 'v_500', 'v_600', 'v_700', 'v_750', 'v_800', 'v_850', 'v_900', 'v_950', 'wdir100_cos', 'wdir100_sin', 'wdir10_cos', 'wdir10_sin', 'ws10', 'ws100', 'z_1000', 'z_500', 'z_600', 'z_700', 'z_750', 'z_800', 'z_850', 'z_900', 'z_950', 'z_sfc', 'power', 'capacity', 'turbinecount', 'turbinemask']
[2026-04-15 14:19:53,236][anemoi.training.train.train][INFO] - Total number of prognostic variables: 55
[2026-04-15 14:19:53,236][anemoi.training.train.train][INFO] - Total number of auxiliary variables: 12
[2026-04-15 14:19:53,236][anemoi.training.train.train][INFO] - Total GPU count / model group size: 2 - NB: the learning rate will be scaled by this factor!
[2026-04-15 14:19:53,236][anemoi.training.train.train][INFO] - Effective learning rate: 5.000e-04
[2026-04-15 14:19:53,236][anemoi.training.train.train][INFO] - Training limits: max_epochs=30, max_steps=200000. Training will stop when either limit is reached first. Learning rate scheduler will run for 200000 steps.
[2026-04-15 14:19:53,269][anemoi.models.migrations.migrator][INFO] - Loading migration 1755530253_initial
[2026-04-15 14:19:53,269][anemoi.models.migrations.migrator][INFO] - Loading migration 1762857427_deprecate_eda
[2026-04-15 14:19:53,269][anemoi.models.migrations.migrator][INFO] - Loading migration 1762857428_chunking_fix
[2026-04-15 14:19:53,269][anemoi.models.migrations.migrator][INFO] - Loading migration 1763479917_hardware_schema_update
[2026-04-15 14:19:53,660][anemoi.training.train.train][INFO] - TensorBoard logger enabled
[2026-04-15 14:19:53,662][pytorch_lightning.utilities.rank_zero][INFO] - Using 16bit Automatic Mixed Precision (AMP)
[2026-04-15 14:19:53,676][pytorch_lightning.utilities.rank_zero][INFO] - GPU available: True (cuda), used: True
[2026-04-15 14:19:53,676][pytorch_lightning.utilities.rank_zero][INFO] - TPU available: False, using: 0 TPU cores
[2026-04-15 14:19:53,746][lightning_fabric.utilities.seed][INFO] - Seed set to 455000
[2026-04-15 14:19:53,750][anemoi.training.train.train][INFO] - Initial seed: Rank 0, initial seed 455000, running with random seed: 455000
[2026-04-15 14:19:55,856][anemoi.models.preprocessing.imputer][WARNING] - If placement of NaNs for diagnostic variables in inference output is desired, this needs to be handled by postprocessors: power
[2026-04-15 14:19:55,856][anemoi.models.preprocessing.imputer][INFO] - Imputer: replacing NaNs in power with value 0.0
[2026-04-15 14:19:55,856][anemoi.models.preprocessing.imputer][INFO] - Imputer: replacing NaNs in capacity with value 0.0
[2026-04-15 14:19:55,857][anemoi.models.preprocessing.imputer][INFO] - Imputer: replacing NaNs in turbinecount with value 0.0
[2026-04-15 14:19:55,857][anemoi.models.preprocessing.imputer][INFO] - Imputer: replacing NaNs in turbinemask with value 0.0
[2026-04-15 14:19:55,860][anemoi.models.preprocessing.normalizer][INFO] - Normalizing: cos_latitude is not normalized.
[2026-04-15 14:19:55,860][anemoi.models.preprocessing.normalizer][INFO] - Normalizing: cos_longitude is not normalized.
[2026-04-15 14:19:55,860][anemoi.models.preprocessing.normalizer][INFO] - Normalizing: lsm is not normalized.
[2026-04-15 14:19:55,860][anemoi.models.preprocessing.normalizer][INFO] - Normalizing: mcc is not normalized.
[2026-04-15 14:19:55,860][anemoi.models.preprocessing.normalizer][INFO] - Normalizing: sin_latitude is not normalized.
[2026-04-15 14:19:55,860][anemoi.models.preprocessing.normalizer][INFO] - Normalizing: sin_longitude is not normalized.
[2026-04-15 14:19:55,860][anemoi.models.preprocessing.normalizer][INFO] - Normalizing: turbinemask is not normalized.
[2026-04-15 14:19:55,946][anemoi.models.layers.utils][INFO] - Linear kernel: torch.nn.Linear.
[2026-04-15 14:19:55,947][anemoi.models.layers.utils][INFO] - LayerNorm kernel: torch.nn.LayerNorm.
[2026-04-15 14:19:55,948][anemoi.models.layers.utils][INFO] - Activation kernel: torch.nn.GELU.
[2026-04-15 14:19:55,949][anemoi.models.layers.utils][INFO] - QueryNorm kernel: anemoi.models.layers.normalization.AutocastLayerNorm.
[2026-04-15 14:19:55,950][anemoi.models.layers.utils][INFO] - KeyNorm kernel: anemoi.models.layers.normalization.AutocastLayerNorm.
[2026-04-15 14:19:56,043][anemoi.models.layers.block][INFO] - GraphTransformerMapperBlock using triton graph attention backend.
[2026-04-15 14:19:56,049][anemoi.models.layers.utils][INFO] - Linear kernel: torch.nn.Linear.
[2026-04-15 14:19:56,050][anemoi.models.layers.utils][INFO] - LayerNorm kernel: torch.nn.LayerNorm.
[2026-04-15 14:19:56,050][anemoi.models.layers.utils][INFO] - Activation kernel: torch.nn.GELU.
[2026-04-15 14:19:56,051][anemoi.models.layers.utils][INFO] - QueryNorm kernel: anemoi.models.layers.normalization.AutocastLayerNorm.
[2026-04-15 14:19:56,051][anemoi.models.layers.utils][INFO] - KeyNorm kernel: anemoi.models.layers.normalization.AutocastLayerNorm.
[2026-04-15 14:19:56,146][anemoi.models.layers.block][INFO] - GraphTransformerProcessorBlock using triton graph attention backend.
[2026-04-15 14:19:56,160][anemoi.models.layers.block][INFO] - GraphTransformerProcessorBlock using triton graph attention backend.
[2026-04-15 14:19:56,172][anemoi.models.layers.block][INFO] - GraphTransformerProcessorBlock using triton graph attention backend.
[2026-04-15 14:19:56,185][anemoi.models.layers.block][INFO] - GraphTransformerProcessorBlock using triton graph attention backend.
[2026-04-15 14:19:56,243][anemoi.models.layers.block][INFO] - GraphTransformerProcessorBlock using triton graph attention backend.
[2026-04-15 14:19:56,254][anemoi.models.layers.block][INFO] - GraphTransformerProcessorBlock using triton graph attention backend.
[2026-04-15 14:19:56,264][anemoi.models.layers.block][INFO] - GraphTransformerProcessorBlock using triton graph attention backend.
[2026-04-15 14:19:56,274][anemoi.models.layers.block][INFO] - GraphTransformerProcessorBlock using triton graph attention backend.
[2026-04-15 14:19:56,279][anemoi.models.layers.utils][INFO] - Linear kernel: torch.nn.Linear.
[2026-04-15 14:19:56,280][anemoi.models.layers.utils][INFO] - LayerNorm kernel: torch.nn.LayerNorm.
[2026-04-15 14:19:56,280][anemoi.models.layers.utils][INFO] - Activation kernel: torch.nn.GELU.
[2026-04-15 14:19:56,281][anemoi.models.layers.utils][INFO] - QueryNorm kernel: anemoi.models.layers.normalization.AutocastLayerNorm.
[2026-04-15 14:19:56,282][anemoi.models.layers.utils][INFO] - KeyNorm kernel: anemoi.models.layers.normalization.AutocastLayerNorm.
[2026-04-15 14:19:56,335][anemoi.models.layers.block][INFO] - GraphTransformerMapperBlock using triton graph attention backend.
[2026-04-15 14:19:56,695][anemoi.training.losses.scalers.variable_level][INFO] - Variable Level Scaling: Applying ReluVariableLevelScaler scaling to pl variables (['q', 't', 'u', 'v', 'z'])
[2026-04-15 14:19:56,695][anemoi.training.losses.scalers.variable_level][INFO] - with slope = 0.001 and y-intercept/minimum = 0.2.
[2026-04-15 14:19:56,899][anemoi.training.data.grid_indices][INFO] - The graph attribute indices_connected_nodes of the data nodes will be used to masking the spatial dimension.
[2026-04-15 14:19:56,934][anemoi.training.train.train][INFO] - The following submodules will NOT be trained: []
[2026-04-15 14:19:56,935][anemoi.training.train.train][INFO] - Resuming training from last checkpoint: /mnt/weatherloss/WindPower/training/EGU26/SyntheticGT/checkpoint/SyntheticGT/last.ckpt
[2026-04-15 14:19:57,044][lightning_fabric.utilities.distributed][INFO] - Initializing distributed: GLOBAL_RANK: 0, MEMBER: 1/2
[2026-04-15 14:21:37,286][pytorch_lightning.utilities.rank_zero][INFO] - ----------------------------------------------------------------------------------------------------
distributed_backend=nccl
All distributed processes registered. Starting with 2 processes
----------------------------------------------------------------------------------------------------

[2026-04-15 14:21:37,489][pytorch_lightning.utilities.rank_zero][INFO] - Restoring states from the checkpoint path at /mnt/weatherloss/WindPower/training/EGU26/SyntheticGT/checkpoint/SyntheticGT/last.ckpt
[2026-04-15 14:21:38,434][pytorch_lightning.accelerators.cuda][INFO] - LOCAL_RANK: 0 - CUDA_VISIBLE_DEVICES: [0,1]
[2026-04-15 14:21:39,769][lightning_fabric.utilities.seed][INFO] - [rank: 0] Seed set to 455000
[2026-04-15 14:22:02,411][pytorch_lightning.utilities.rank_zero][INFO] - Restored all states from the checkpoint at /mnt/weatherloss/WindPower/training/EGU26/SyntheticGT/checkpoint/SyntheticGT/last.ckpt
[2026-04-15 14:22:02,422][anemoi.training.data.dataset][INFO] - NativeGridDataset.set_group_info(): global_rank 0, model_comm_group_id 0, model_comm_group_rank 0, model_comm_num_groups 2, reader_group_rank 0
[2026-04-15 14:22:03,240][anemoi.training.data.dataset][INFO] - Worker 0 (pid 755191, global_rank 0, model comm group 0)  has low/high range 0 / 1658
[2026-04-15 14:22:03,335][anemoi.training.data.dataset][INFO] - Worker 0 (train, pid 755191, glob. rank 0, model comm group 0, group_rank 0, seed group id 0, base_seed 455000, sanity rnd 0.904419)
[2026-04-15 14:22:03,739][anemoi.training.data.dataset][INFO] - Worker 1 (pid 755288, global_rank 0, model comm group 0)  has low/high range 1658 / 3316
[2026-04-15 14:22:03,935][anemoi.training.data.dataset][INFO] - Worker 1 (train, pid 755288, glob. rank 0, model comm group 0, group_rank 0, seed group id 0, base_seed 455000, sanity rnd 0.904419)
[2026-04-15 14:22:04,038][anemoi.training.data.dataset][INFO] - Worker 2 (pid 755383, global_rank 0, model comm group 0)  has low/high range 3316 / 4974
[2026-04-15 14:22:04,136][anemoi.training.data.dataset][INFO] - Worker 2 (train, pid 755383, glob. rank 0, model comm group 0, group_rank 0, seed group id 0, base_seed 455000, sanity rnd 0.904419)
[2026-04-15 14:22:04,935][anemoi.training.data.dataset][INFO] - Worker 3 (pid 755481, global_rank 0, model comm group 0)  has low/high range 4974 / 6632
[2026-04-15 14:22:04,939][anemoi.training.data.dataset][INFO] - Worker 3 (train, pid 755481, glob. rank 0, model comm group 0, group_rank 0, seed group id 0, base_seed 455000, sanity rnd 0.904419)
[2026-04-15 14:22:05,833][anemoi.training.data.dataset][INFO] - Worker 4 (pid 755579, global_rank 0, model comm group 0)  has low/high range 6632 / 8290
[2026-04-15 14:22:05,837][anemoi.training.data.dataset][INFO] - Worker 4 (train, pid 755579, glob. rank 0, model comm group 0, group_rank 0, seed group id 0, base_seed 455000, sanity rnd 0.904419)
[2026-04-15 14:22:06,435][anemoi.training.data.dataset][INFO] - Worker 5 (pid 755678, global_rank 0, model comm group 0)  has low/high range 8290 / 9948
[2026-04-15 14:22:06,438][anemoi.training.data.dataset][INFO] - Worker 5 (train, pid 755678, glob. rank 0, model comm group 0, group_rank 0, seed group id 0, base_seed 455000, sanity rnd 0.904419)
[2026-04-15 14:22:07,438][anemoi.training.data.dataset][INFO] - Worker 6 (pid 755779, global_rank 0, model comm group 0)  has low/high range 9948 / 11606
[2026-04-15 14:22:07,536][anemoi.training.data.dataset][INFO] - Worker 6 (train, pid 755779, glob. rank 0, model comm group 0, group_rank 0, seed group id 0, base_seed 455000, sanity rnd 0.904419)
[2026-04-15 14:22:08,339][anemoi.training.data.dataset][INFO] - Worker 7 (pid 755881, global_rank 0, model comm group 0)  has low/high range 11606 / 13264
[2026-04-15 14:22:08,437][anemoi.training.data.dataset][INFO] - Worker 7 (train, pid 755881, glob. rank 0, model comm group 0, group_rank 0, seed group id 0, base_seed 455000, sanity rnd 0.904419)
[2026-04-15 14:22:14,033][anemoi.training.data.datamodule][WARNING] - Falling back rollout to: 1
[2026-04-15 14:22:14,479][anemoi.training.data.dataset][INFO] - NativeGridDataset.set_group_info(): global_rank 0, model_comm_group_id 0, model_comm_group_rank 0, model_comm_num_groups 2, reader_group_rank 0
[2026-04-15 14:22:14,480][anemoi.models.data_indices.collection][INFO] - The order of the variables in the model matches the order in the data.
[2026-04-15 21:14:18,444][lightning_fabric.strategies.launchers.subprocess_script][INFO] - [rank: 1] Child process with PID 754135 terminated with code -6. Forcefully terminating all other processes to avoid zombies 🧟
