[2026-04-16 19:01:57,948][anemoi.training.train.train][INFO] - Skipping config validation.
[2026-04-16 19:01:57,948][anemoi.training.train.train][INFO] - Starting from checkpoint: True
[2026-04-16 19:01:57,948][anemoi.training.train.train][INFO] - Run id: BigTransformer
[2026-04-16 19:01:57,949][anemoi.training.train.train][INFO] - Checkpoints path: {'root': PosixPath('/mnt/weatherloss/WindPower/training/EGU26/BigTransformer/checkpoint/BigTransformer'), 'every_n_epochs': 'anemoi-by_epoch-epoch_{epoch:03d}-step_{step:06d}', 'every_n_train_steps': 'anemoi-by_step-epoch_{epoch:03d}-step_{step:06d}', 'every_n_minutes': 'anemoi-by_time-epoch_{epoch:03d}-step_{step:06d}'}
[2026-04-16 19:01:57,949][anemoi.training.train.train][INFO] - Plots path: /mnt/weatherloss/WindPower/training/EGU26/BigTransformer/plots/BigTransformer
[2026-04-16 19:01:58,622][anemoi.graphs.nodes.builders.from_file][INFO] - Reading the dataset from {'cutout': [{'dataset': '/mnt/weatherloss/WindPower/data/EGU26/Anemoidatasets/New_Cerra_A_large.zarr'}, {'dataset': '/mnt/weatherloss/WindPower/data/EGU26/Anemoidatasets/era5_A_large.zarr'}], 'min_distance_km': 0, 'adjust': 'all'}.
[2026-04-16 19:02:03,864][anemoi.graphs.generate.masks][INFO] - Fitting KNNAreaMaskBuilder with 72668 reference nodes from "data (cutout)".
[2026-04-16 19:03:06,462][anemoi.graphs.edges.builders.knn][INFO] - Using KNN-Edges (with 12 nearest neighbours) between data and hidden.
[2026-04-16 19:03:06,471][anemoi.graphs.edges.builders.base][WARNING] - The 'torch-cluster' library is not installed.
Installing 'torch-cluster' can significantly improve performance for graph creation.
You can install it using:
    TORCH_VERSION=$(python -c "import torch; print(torch.__version__)")
    pip install torch-cluster -f https://data.pyg.org/whl/torch-${TORCH_VERSION}.html

[2026-04-16 19:03:06,905][anemoi.graphs.edges.builders.cutoff][INFO] - Using CutOff-Edges (with radius = 15.0 km [direct]) between data and hidden.
[2026-04-16 19:03:06,905][anemoi.graphs.edges.builders.base][WARNING] - The 'torch-cluster' library is not installed.
Installing 'torch-cluster' can significantly improve performance for graph creation.
You can install it using:
    TORCH_VERSION=$(python -c "import torch; print(torch.__version__)")
    pip install torch-cluster -f https://data.pyg.org/whl/torch-${TORCH_VERSION}.html

[2026-04-16 19:04:58,236][anemoi.graphs.edges.builders.knn][INFO] - Using KNN-Edges (with 3 nearest neighbours) between hidden and data.
[2026-04-16 19:04:58,236][anemoi.graphs.edges.builders.base][WARNING] - The 'torch-cluster' library is not installed.
Installing 'torch-cluster' can significantly improve performance for graph creation.
You can install it using:
    TORCH_VERSION=$(python -c "import torch; print(torch.__version__)")
    pip install torch-cluster -f https://data.pyg.org/whl/torch-${TORCH_VERSION}.html

[2026-04-16 19:04:59,015][anemoi.graphs.create][INFO] - Cleaning graph.
[2026-04-16 19:04:59,015][anemoi.graphs.create][INFO] - _grid_reference_distance deleted from graph.
[2026-04-16 19:04:59,015][anemoi.graphs.create][INFO] - _dataset deleted from graph.
[2026-04-16 19:04:59,015][anemoi.graphs.create][INFO] - _grid_reference_distance deleted from graph.
[2026-04-16 19:04:59,016][anemoi.graphs.create][INFO] - _area_mask_builder deleted from graph.
[2026-04-16 19:04:59,016][anemoi.graphs.create][INFO] - _node_ordering deleted from graph.
[2026-04-16 19:04:59,016][anemoi.graphs.create][INFO] - _nx_graph deleted from graph.
[2026-04-16 19:04:59,016][anemoi.graphs.create][INFO] - _resolutions deleted from graph.
[2026-04-16 19:04:59,332][anemoi.graphs.processors.post_process][INFO] - Removing 120985 edges from ('data', 'to', 'hidden').
[2026-04-16 19:05:00,232][anemoi.graphs.processors.post_process][INFO] - Recomputing edge attribute edge_length.
[2026-04-16 19:05:00,637][anemoi.graphs.processors.post_process][INFO] - Recomputing edge attribute edge_dirs.
[2026-04-16 19:05:01,433][anemoi.graphs.processors.post_process][INFO] - Removing 4649 nodes from data.
[2026-04-16 19:05:05,032][anemoi.graphs.processors.post_process][INFO] - An attribute indices_connected_nodes has been added with the indices to mask the nodes from the original graph.
[2026-04-16 19:05:05,433][anemoi.graphs.create][INFO] - Graph saved at /mnt/weatherloss/WindPower/graphs/EGU26/EGUgraph15km.pt.
[2026-04-16 19:05:06,284][anemoi.training.data.datamodule][WARNING] - Falling back rollout to: 1
[2026-04-16 19:05:06,285][anemoi.training.data.datamodule][INFO] - Timeincrement set to 1 for data with frequency, 10800, and timestep, 10800
[2026-04-16 19:05:06,286][anemoi.training.data.grid_indices][INFO] - The graph attribute indices_connected_nodes of the data nodes will be used to masking the spatial dimension.
[2026-04-16 19:05:06,287][anemoi.training.train.train][INFO] - Number of data variables: 67
[2026-04-16 19:05:06,288][anemoi.training.train.train][INFO] - Variables: ['cos_julian_day', 'cos_latitude', 'cos_longitude', 'insolation', 'lsm', 'mcc', 'msl', 'q_1000', 'q_500', 'q_600', 'q_700', 'q_750', 'q_800', 'q_850', 'q_900', 'q_950', 'sin_julian_day', 'sin_latitude', 'sin_longitude', 't2m', 't_1000', 't_500', 't_600', 't_700', 't_750', 't_800', 't_850', 't_900', 't_950', 'u_1000', 'u_500', 'u_600', 'u_700', 'u_750', 'u_800', 'u_850', 'u_900', 'u_950', 'v_1000', 'v_500', 'v_600', 'v_700', 'v_750', 'v_800', 'v_850', 'v_900', 'v_950', 'wdir100_cos', 'wdir100_sin', 'wdir10_cos', 'wdir10_sin', 'ws10', 'ws100', 'z_1000', 'z_500', 'z_600', 'z_700', 'z_750', 'z_800', 'z_850', 'z_900', 'z_950', 'z_sfc', 'power', 'capacity', 'turbinecount', 'turbinemask']
[2026-04-16 19:05:06,288][anemoi.training.train.train][INFO] - Total number of prognostic variables: 55
[2026-04-16 19:05:06,288][anemoi.training.train.train][INFO] - Total number of auxiliary variables: 12
[2026-04-16 19:05:06,288][anemoi.training.train.train][INFO] - Total GPU count / model group size: 2 - NB: the learning rate will be scaled by this factor!
[2026-04-16 19:05:06,289][anemoi.training.train.train][INFO] - Effective learning rate: 2.500e-04
[2026-04-16 19:05:06,289][anemoi.training.train.train][INFO] - Training limits: max_epochs=30, max_steps=200000. Training will stop when either limit is reached first. Learning rate scheduler will run for 200000 steps.
[2026-04-16 19:05:06,319][anemoi.models.migrations.migrator][INFO] - Loading migration 1755530253_initial
[2026-04-16 19:05:06,319][anemoi.models.migrations.migrator][INFO] - Loading migration 1762857427_deprecate_eda
[2026-04-16 19:05:06,319][anemoi.models.migrations.migrator][INFO] - Loading migration 1762857428_chunking_fix
[2026-04-16 19:05:06,319][anemoi.models.migrations.migrator][INFO] - Loading migration 1763479917_hardware_schema_update
[2026-04-16 19:05:06,380][anemoi.training.train.train][INFO] - TensorBoard logger enabled
[2026-04-16 19:05:06,467][anemoi.training.train.train][INFO] - Initial seed: Rank 1, initial seed 53000, running with random seed: 53000
[2026-04-16 19:05:08,968][anemoi.models.preprocessing.imputer][WARNING] - If placement of NaNs for diagnostic variables in inference output is desired, this needs to be handled by postprocessors: power
[2026-04-16 19:05:08,968][anemoi.models.preprocessing.imputer][INFO] - Imputer: replacing NaNs in power with value 0.0
[2026-04-16 19:05:08,968][anemoi.models.preprocessing.imputer][INFO] - Imputer: replacing NaNs in capacity with value 0.0
[2026-04-16 19:05:08,968][anemoi.models.preprocessing.imputer][INFO] - Imputer: replacing NaNs in turbinecount with value 0.0
[2026-04-16 19:05:08,968][anemoi.models.preprocessing.imputer][INFO] - Imputer: replacing NaNs in turbinemask with value 0.0
[2026-04-16 19:05:08,972][anemoi.models.preprocessing.normalizer][INFO] - Normalizing: cos_latitude is not normalized.
[2026-04-16 19:05:08,972][anemoi.models.preprocessing.normalizer][INFO] - Normalizing: cos_longitude is not normalized.
[2026-04-16 19:05:08,972][anemoi.models.preprocessing.normalizer][INFO] - Normalizing: lsm is not normalized.
[2026-04-16 19:05:08,972][anemoi.models.preprocessing.normalizer][INFO] - Normalizing: mcc is not normalized.
[2026-04-16 19:05:08,972][anemoi.models.preprocessing.normalizer][INFO] - Normalizing: sin_latitude is not normalized.
[2026-04-16 19:05:08,972][anemoi.models.preprocessing.normalizer][INFO] - Normalizing: sin_longitude is not normalized.
[2026-04-16 19:05:08,973][anemoi.models.preprocessing.normalizer][INFO] - Normalizing: turbinemask is not normalized.
[2026-04-16 19:05:10,034][anemoi.models.layers.utils][INFO] - Linear kernel: torch.nn.Linear.
[2026-04-16 19:05:10,035][anemoi.models.layers.utils][INFO] - LayerNorm kernel: torch.nn.LayerNorm.
[2026-04-16 19:05:10,036][anemoi.models.layers.utils][INFO] - Activation kernel: torch.nn.GELU.
[2026-04-16 19:05:10,037][anemoi.models.layers.utils][INFO] - QueryNorm kernel: anemoi.models.layers.normalization.AutocastLayerNorm.
[2026-04-16 19:05:10,037][anemoi.models.layers.utils][INFO] - KeyNorm kernel: anemoi.models.layers.normalization.AutocastLayerNorm.
[2026-04-16 19:05:10,758][anemoi.models.layers.block][INFO] - GraphTransformerMapperBlock using triton graph attention backend.
[2026-04-16 19:05:10,764][anemoi.models.layers.utils][INFO] - Linear kernel: torch.nn.Linear.
[2026-04-16 19:05:10,765][anemoi.models.layers.utils][INFO] - LayerNorm kernel: torch.nn.LayerNorm.
[2026-04-16 19:05:10,766][anemoi.models.layers.utils][INFO] - Activation kernel: torch.nn.GELU.
[2026-04-16 19:05:10,766][anemoi.models.layers.utils][INFO] - QueryNorm kernel: anemoi.models.layers.normalization.AutocastLayerNorm.
[2026-04-16 19:05:10,767][anemoi.models.layers.utils][INFO] - KeyNorm kernel: anemoi.models.layers.normalization.AutocastLayerNorm.
[2026-04-16 19:05:11,020][anemoi.models.layers.attention][INFO] - Using flash attention v2
[2026-04-16 19:05:11,048][anemoi.models.layers.attention][INFO] - Using flash attention v2
[2026-04-16 19:05:11,076][anemoi.models.layers.attention][INFO] - Using flash attention v2
[2026-04-16 19:05:11,103][anemoi.models.layers.attention][INFO] - Using flash attention v2
[2026-04-16 19:05:11,141][anemoi.models.layers.attention][INFO] - Using flash attention v2
[2026-04-16 19:05:11,170][anemoi.models.layers.attention][INFO] - Using flash attention v2
[2026-04-16 19:05:11,198][anemoi.models.layers.attention][INFO] - Using flash attention v2
[2026-04-16 19:05:11,225][anemoi.models.layers.attention][INFO] - Using flash attention v2
[2026-04-16 19:05:11,264][anemoi.models.layers.attention][INFO] - Using flash attention v2
[2026-04-16 19:05:11,299][anemoi.models.layers.attention][INFO] - Using flash attention v2
[2026-04-16 19:05:11,340][anemoi.models.layers.attention][INFO] - Using flash attention v2
[2026-04-16 19:05:11,375][anemoi.models.layers.attention][INFO] - Using flash attention v2
[2026-04-16 19:05:11,415][anemoi.models.layers.utils][INFO] - Linear kernel: torch.nn.Linear.
[2026-04-16 19:05:11,416][anemoi.models.layers.utils][INFO] - LayerNorm kernel: torch.nn.LayerNorm.
[2026-04-16 19:05:11,417][anemoi.models.layers.utils][INFO] - Activation kernel: torch.nn.GELU.
[2026-04-16 19:05:11,417][anemoi.models.layers.utils][INFO] - QueryNorm kernel: anemoi.models.layers.normalization.AutocastLayerNorm.
[2026-04-16 19:05:11,418][anemoi.models.layers.utils][INFO] - KeyNorm kernel: anemoi.models.layers.normalization.AutocastLayerNorm.
[2026-04-16 19:05:12,237][anemoi.models.layers.block][INFO] - GraphTransformerMapperBlock using triton graph attention backend.
[2026-04-16 19:05:14,955][anemoi.training.losses.scalers.variable_level][INFO] - Variable Level Scaling: Applying ReluVariableLevelScaler scaling to pl variables (['q', 't', 'u', 'v', 'z'])
[2026-04-16 19:05:14,956][anemoi.training.losses.scalers.variable_level][INFO] - with slope = 0.001 and y-intercept/minimum = 0.2.
[2026-04-16 19:05:15,401][anemoi.training.data.grid_indices][INFO] - The graph attribute indices_connected_nodes of the data nodes will be used to masking the spatial dimension.
[2026-04-16 19:05:15,403][anemoi.training.train.train][INFO] - The following submodules will NOT be trained: []
[2026-04-16 19:05:15,405][anemoi.training.train.train][INFO] - Resuming training from last checkpoint: /mnt/weatherloss/WindPower/training/EGU26/BigTransformer/checkpoint/BigTransformer/last.ckpt
[2026-04-16 19:06:41,455][anemoi.training.data.dataset][INFO] - NativeGridDataset.set_group_info(): global_rank 1, model_comm_group_id 1, model_comm_group_rank 0, model_comm_num_groups 2, reader_group_rank 0
[2026-04-16 19:06:44,635][anemoi.training.data.dataset][INFO] - Worker 0 (pid 618208, global_rank 1, model comm group 1)  has low/high range 13271 / 14929
[2026-04-16 19:06:44,637][anemoi.training.data.dataset][INFO] - Worker 0 (train, pid 618208, glob. rank 1, model comm group 1, group_rank 0, seed group id 1, base_seed 53000, sanity rnd 0.489545)
[2026-04-16 19:06:50,433][anemoi.training.data.dataset][INFO] - Worker 1 (pid 618361, global_rank 1, model comm group 1)  has low/high range 14929 / 16587
[2026-04-16 19:06:50,435][anemoi.training.data.dataset][INFO] - Worker 1 (train, pid 618361, glob. rank 1, model comm group 1, group_rank 0, seed group id 1, base_seed 53000, sanity rnd 0.489545)
[2026-04-16 19:06:52,538][anemoi.training.data.dataset][INFO] - Worker 2 (pid 618511, global_rank 1, model comm group 1)  has low/high range 16587 / 18245
[2026-04-16 19:06:52,734][anemoi.training.data.dataset][INFO] - Worker 2 (train, pid 618511, glob. rank 1, model comm group 1, group_rank 0, seed group id 1, base_seed 53000, sanity rnd 0.489545)
[2026-04-16 19:06:57,736][anemoi.training.data.dataset][INFO] - Worker 3 (pid 618614, global_rank 1, model comm group 1)  has low/high range 18245 / 19903
[2026-04-16 19:06:57,836][anemoi.training.data.dataset][INFO] - Worker 3 (train, pid 618614, glob. rank 1, model comm group 1, group_rank 0, seed group id 1, base_seed 53000, sanity rnd 0.489545)
[2026-04-16 19:07:01,838][anemoi.training.data.dataset][INFO] - Worker 4 (pid 618719, global_rank 1, model comm group 1)  has low/high range 19903 / 21561
[2026-04-16 19:07:01,935][anemoi.training.data.dataset][INFO] - Worker 4 (train, pid 618719, glob. rank 1, model comm group 1, group_rank 0, seed group id 1, base_seed 53000, sanity rnd 0.489545)
[2026-04-16 19:07:02,737][anemoi.training.data.dataset][INFO] - Worker 5 (pid 618851, global_rank 1, model comm group 1)  has low/high range 21561 / 23219
[2026-04-16 19:07:03,034][anemoi.training.data.dataset][INFO] - Worker 5 (train, pid 618851, glob. rank 1, model comm group 1, group_rank 0, seed group id 1, base_seed 53000, sanity rnd 0.489545)
[2026-04-16 19:07:04,937][anemoi.training.data.dataset][INFO] - Worker 6 (pid 618932, global_rank 1, model comm group 1)  has low/high range 23219 / 24877
[2026-04-16 19:07:05,332][anemoi.training.data.dataset][INFO] - Worker 6 (train, pid 618932, glob. rank 1, model comm group 1, group_rank 0, seed group id 1, base_seed 53000, sanity rnd 0.489545)
[2026-04-16 19:07:07,434][anemoi.training.data.dataset][INFO] - Worker 7 (pid 619009, global_rank 1, model comm group 1)  has low/high range 24877 / 26535
[2026-04-16 19:07:07,436][anemoi.training.data.dataset][INFO] - Worker 7 (train, pid 619009, glob. rank 1, model comm group 1, group_rank 0, seed group id 1, base_seed 53000, sanity rnd 0.489545)
[2026-04-16 19:07:20,935][anemoi.training.data.datamodule][WARNING] - Falling back rollout to: 1
[2026-04-16 19:07:20,938][anemoi.training.data.dataset][INFO] - NativeGridDataset.set_group_info(): global_rank 1, model_comm_group_id 1, model_comm_group_rank 0, model_comm_num_groups 2, reader_group_rank 0
[2026-04-16 19:07:20,940][anemoi.models.data_indices.collection][INFO] - The order of the variables in the model matches the order in the data.
