[2026-04-14 19:23:40,060][anemoi.training.train.train][INFO] - Skipping config validation.
[2026-04-14 19:23:40,060][anemoi.training.train.train][INFO] - Starting from checkpoint: False
[2026-04-14 19:23:40,061][anemoi.training.train.train][INFO] - Run id: 68ccd3df-e911-4190-a982-9fdaf685bb79
[2026-04-14 19:23:40,061][anemoi.training.train.train][INFO] - Checkpoints path: {'root': PosixPath('/mnt/weatherloss/WindPower/training/EGU26/SyntheticGT/checkpoint/68ccd3df-e911-4190-a982-9fdaf685bb79'), 'every_n_epochs': 'anemoi-by_epoch-epoch_{epoch:03d}-step_{step:06d}', 'every_n_train_steps': 'anemoi-by_step-epoch_{epoch:03d}-step_{step:06d}', 'every_n_minutes': 'anemoi-by_time-epoch_{epoch:03d}-step_{step:06d}'}
[2026-04-14 19:23:40,061][anemoi.training.train.train][INFO] - Plots path: /mnt/weatherloss/WindPower/training/EGU26/SyntheticGT/plots/68ccd3df-e911-4190-a982-9fdaf685bb79
[2026-04-14 19:23:40,722][anemoi.graphs.nodes.builders.from_file][INFO] - Reading the dataset from {'cutout': [{'dataset': '/mnt/weatherloss/WindPower/data/EGU26/Anemoidatasets/NewFilled_Cerra_A_large.zarr'}, {'dataset': '/mnt/weatherloss/WindPower/data/EGU26/Anemoidatasets/era5_A_large.zarr'}], 'min_distance_km': 0, 'adjust': 'all'}.
[2026-04-14 19:23:43,356][anemoi.graphs.generate.masks][INFO] - Fitting KNNAreaMaskBuilder with 72668 reference nodes from "data (cutout)".
[2026-04-14 19:24:02,299][anemoi.graphs.edges.builders.knn][INFO] - Using KNN-Edges (with 12 nearest neighbours) between data and hidden.
[2026-04-14 19:24:02,320][anemoi.graphs.edges.builders.base][WARNING] - The 'torch-cluster' library is not installed.
Installing 'torch-cluster' can significantly improve performance for graph creation.
You can install it using:
    TORCH_VERSION=$(python -c "import torch; print(torch.__version__)")
    pip install torch-cluster -f https://data.pyg.org/whl/torch-${TORCH_VERSION}.html

[2026-04-14 19:24:02,503][anemoi.graphs.edges.builders.cutoff][INFO] - Using CutOff-Edges (with radius = 15.0 km [direct]) between data and hidden.
[2026-04-14 19:24:02,504][anemoi.graphs.edges.builders.base][WARNING] - The 'torch-cluster' library is not installed.
Installing 'torch-cluster' can significantly improve performance for graph creation.
You can install it using:
    TORCH_VERSION=$(python -c "import torch; print(torch.__version__)")
    pip install torch-cluster -f https://data.pyg.org/whl/torch-${TORCH_VERSION}.html

[2026-04-14 19:24:56,499][anemoi.graphs.edges.builders.knn][INFO] - Using KNN-Edges (with 3 nearest neighbours) between hidden and data.
[2026-04-14 19:24:56,534][anemoi.graphs.edges.builders.base][WARNING] - The 'torch-cluster' library is not installed.
Installing 'torch-cluster' can significantly improve performance for graph creation.
You can install it using:
    TORCH_VERSION=$(python -c "import torch; print(torch.__version__)")
    pip install torch-cluster -f https://data.pyg.org/whl/torch-${TORCH_VERSION}.html

[2026-04-14 19:24:56,760][anemoi.graphs.create][INFO] - Cleaning graph.
[2026-04-14 19:24:56,760][anemoi.graphs.create][INFO] - _grid_reference_distance deleted from graph.
[2026-04-14 19:24:56,760][anemoi.graphs.create][INFO] - _dataset deleted from graph.
[2026-04-14 19:24:56,760][anemoi.graphs.create][INFO] - _grid_reference_distance deleted from graph.
[2026-04-14 19:24:56,760][anemoi.graphs.create][INFO] - _nx_graph deleted from graph.
[2026-04-14 19:24:56,760][anemoi.graphs.create][INFO] - _resolutions deleted from graph.
[2026-04-14 19:24:56,760][anemoi.graphs.create][INFO] - _area_mask_builder deleted from graph.
[2026-04-14 19:24:56,761][anemoi.graphs.create][INFO] - _node_ordering deleted from graph.
[2026-04-14 19:24:56,835][anemoi.graphs.processors.post_process][INFO] - Removing 120985 edges from ('data', 'to', 'hidden').
[2026-04-14 19:24:56,838][anemoi.graphs.processors.post_process][INFO] - Recomputing edge attribute edge_length.
[2026-04-14 19:24:56,934][anemoi.graphs.processors.post_process][INFO] - Recomputing edge attribute edge_dirs.
[2026-04-14 19:24:56,939][anemoi.graphs.processors.post_process][INFO] - Removing 4649 nodes from data.
[2026-04-14 19:24:57,451][anemoi.graphs.processors.post_process][INFO] - An attribute indices_connected_nodes has been added with the indices to mask the nodes from the original graph.
[2026-04-14 19:24:57,538][anemoi.graphs.create][INFO] - Graph saved at /mnt/weatherloss/WindPower/graphs/EGU26/EGUgraph15km.pt.
[2026-04-14 19:24:58,329][anemoi.training.data.datamodule][WARNING] - Falling back rollout to: 1
[2026-04-14 19:24:58,330][anemoi.training.data.datamodule][INFO] - Timeincrement set to 1 for data with frequency, 10800, and timestep, 10800
[2026-04-14 19:24:58,331][anemoi.training.data.grid_indices][INFO] - The graph attribute indices_connected_nodes of the data nodes will be used to masking the spatial dimension.
[2026-04-14 19:24:58,332][anemoi.training.train.train][INFO] - Number of data variables: 67
[2026-04-14 19:24:58,333][anemoi.training.train.train][INFO] - Variables: ['cos_julian_day', 'cos_latitude', 'cos_longitude', 'insolation', 'lsm', 'mcc', 'msl', 'q_1000', 'q_500', 'q_600', 'q_700', 'q_750', 'q_800', 'q_850', 'q_900', 'q_950', 'sin_julian_day', 'sin_latitude', 'sin_longitude', 't2m', 't_1000', 't_500', 't_600', 't_700', 't_750', 't_800', 't_850', 't_900', 't_950', 'u_1000', 'u_500', 'u_600', 'u_700', 'u_750', 'u_800', 'u_850', 'u_900', 'u_950', 'v_1000', 'v_500', 'v_600', 'v_700', 'v_750', 'v_800', 'v_850', 'v_900', 'v_950', 'wdir100_cos', 'wdir100_sin', 'wdir10_cos', 'wdir10_sin', 'ws10', 'ws100', 'z_1000', 'z_500', 'z_600', 'z_700', 'z_750', 'z_800', 'z_850', 'z_900', 'z_950', 'z_sfc', 'power', 'capacity', 'turbinecount', 'turbinemask']
[2026-04-14 19:24:58,333][anemoi.training.train.train][INFO] - Total number of prognostic variables: 55
[2026-04-14 19:24:58,333][anemoi.training.train.train][INFO] - Total number of auxiliary variables: 12
[2026-04-14 19:24:58,333][anemoi.training.train.train][INFO] - Total GPU count / model group size: 2 - NB: the learning rate will be scaled by this factor!
[2026-04-14 19:24:58,334][anemoi.training.train.train][INFO] - Effective learning rate: 5.000e-04
[2026-04-14 19:24:58,334][anemoi.training.train.train][INFO] - Training limits: max_epochs=30, max_steps=200000. Training will stop when either limit is reached first. Learning rate scheduler will run for 200000 steps.
[2026-04-14 19:24:58,364][anemoi.models.migrations.migrator][INFO] - Loading migration 1755530253_initial
[2026-04-14 19:24:58,364][anemoi.models.migrations.migrator][INFO] - Loading migration 1762857427_deprecate_eda
[2026-04-14 19:24:58,364][anemoi.models.migrations.migrator][INFO] - Loading migration 1762857428_chunking_fix
[2026-04-14 19:24:58,364][anemoi.models.migrations.migrator][INFO] - Loading migration 1763479917_hardware_schema_update
[2026-04-14 19:24:58,838][anemoi.training.train.train][INFO] - TensorBoard logger enabled
[2026-04-14 19:24:58,912][anemoi.training.train.train][INFO] - Initial seed: Rank 1, initial seed 455000, running with random seed: 455000
[2026-04-14 19:25:00,871][anemoi.models.preprocessing.imputer][WARNING] - If placement of NaNs for diagnostic variables in inference output is desired, this needs to be handled by postprocessors: power
[2026-04-14 19:25:00,872][anemoi.models.preprocessing.imputer][INFO] - Imputer: replacing NaNs in power with value 0.0
[2026-04-14 19:25:00,872][anemoi.models.preprocessing.imputer][INFO] - Imputer: replacing NaNs in capacity with value 0.0
[2026-04-14 19:25:00,872][anemoi.models.preprocessing.imputer][INFO] - Imputer: replacing NaNs in turbinecount with value 0.0
[2026-04-14 19:25:00,872][anemoi.models.preprocessing.imputer][INFO] - Imputer: replacing NaNs in turbinemask with value 0.0
[2026-04-14 19:25:00,875][anemoi.models.preprocessing.normalizer][INFO] - Normalizing: cos_latitude is not normalized.
[2026-04-14 19:25:00,875][anemoi.models.preprocessing.normalizer][INFO] - Normalizing: cos_longitude is not normalized.
[2026-04-14 19:25:00,875][anemoi.models.preprocessing.normalizer][INFO] - Normalizing: lsm is not normalized.
[2026-04-14 19:25:00,875][anemoi.models.preprocessing.normalizer][INFO] - Normalizing: mcc is not normalized.
[2026-04-14 19:25:00,875][anemoi.models.preprocessing.normalizer][INFO] - Normalizing: sin_latitude is not normalized.
[2026-04-14 19:25:00,875][anemoi.models.preprocessing.normalizer][INFO] - Normalizing: sin_longitude is not normalized.
[2026-04-14 19:25:00,875][anemoi.models.preprocessing.normalizer][INFO] - Normalizing: turbinemask is not normalized.
[2026-04-14 19:25:00,960][anemoi.models.layers.utils][INFO] - Linear kernel: torch.nn.Linear.
[2026-04-14 19:25:01,034][anemoi.models.layers.utils][INFO] - LayerNorm kernel: torch.nn.LayerNorm.
[2026-04-14 19:25:01,035][anemoi.models.layers.utils][INFO] - Activation kernel: torch.nn.GELU.
[2026-04-14 19:25:01,036][anemoi.models.layers.utils][INFO] - QueryNorm kernel: anemoi.models.layers.normalization.AutocastLayerNorm.
[2026-04-14 19:25:01,036][anemoi.models.layers.utils][INFO] - KeyNorm kernel: anemoi.models.layers.normalization.AutocastLayerNorm.
[2026-04-14 19:25:01,051][anemoi.models.layers.block][INFO] - GraphTransformerMapperBlock using triton graph attention backend.
[2026-04-14 19:25:01,136][anemoi.models.layers.utils][INFO] - Linear kernel: torch.nn.Linear.
[2026-04-14 19:25:01,137][anemoi.models.layers.utils][INFO] - LayerNorm kernel: torch.nn.LayerNorm.
[2026-04-14 19:25:01,138][anemoi.models.layers.utils][INFO] - Activation kernel: torch.nn.GELU.
[2026-04-14 19:25:01,139][anemoi.models.layers.utils][INFO] - QueryNorm kernel: anemoi.models.layers.normalization.AutocastLayerNorm.
[2026-04-14 19:25:01,140][anemoi.models.layers.utils][INFO] - KeyNorm kernel: anemoi.models.layers.normalization.AutocastLayerNorm.
[2026-04-14 19:25:01,156][anemoi.models.layers.block][INFO] - GraphTransformerProcessorBlock using triton graph attention backend.
[2026-04-14 19:25:01,250][anemoi.models.layers.block][INFO] - GraphTransformerProcessorBlock using triton graph attention backend.
[2026-04-14 19:25:01,267][anemoi.models.layers.block][INFO] - GraphTransformerProcessorBlock using triton graph attention backend.
[2026-04-14 19:25:01,282][anemoi.models.layers.block][INFO] - GraphTransformerProcessorBlock using triton graph attention backend.
[2026-04-14 19:25:01,295][anemoi.models.layers.block][INFO] - GraphTransformerProcessorBlock using triton graph attention backend.
[2026-04-14 19:25:01,306][anemoi.models.layers.block][INFO] - GraphTransformerProcessorBlock using triton graph attention backend.
[2026-04-14 19:25:01,316][anemoi.models.layers.block][INFO] - GraphTransformerProcessorBlock using triton graph attention backend.
[2026-04-14 19:25:01,326][anemoi.models.layers.block][INFO] - GraphTransformerProcessorBlock using triton graph attention backend.
[2026-04-14 19:25:01,331][anemoi.models.layers.utils][INFO] - Linear kernel: torch.nn.Linear.
[2026-04-14 19:25:01,332][anemoi.models.layers.utils][INFO] - LayerNorm kernel: torch.nn.LayerNorm.
[2026-04-14 19:25:01,332][anemoi.models.layers.utils][INFO] - Activation kernel: torch.nn.GELU.
[2026-04-14 19:25:01,333][anemoi.models.layers.utils][INFO] - QueryNorm kernel: anemoi.models.layers.normalization.AutocastLayerNorm.
[2026-04-14 19:25:01,334][anemoi.models.layers.utils][INFO] - KeyNorm kernel: anemoi.models.layers.normalization.AutocastLayerNorm.
[2026-04-14 19:25:01,350][anemoi.models.layers.block][INFO] - GraphTransformerMapperBlock using triton graph attention backend.
[2026-04-14 19:25:01,713][anemoi.training.losses.scalers.variable_level][INFO] - Variable Level Scaling: Applying ReluVariableLevelScaler scaling to pl variables (['q', 't', 'u', 'v', 'z'])
[2026-04-14 19:25:01,714][anemoi.training.losses.scalers.variable_level][INFO] - with slope = 0.001 and y-intercept/minimum = 0.2.
[2026-04-14 19:25:01,822][anemoi.training.data.grid_indices][INFO] - The graph attribute indices_connected_nodes of the data nodes will be used to masking the spatial dimension.
[2026-04-14 19:25:01,824][anemoi.training.train.train][INFO] - The following submodules will NOT be trained: []
[2026-04-14 19:25:25,836][anemoi.training.data.datamodule][WARNING] - Falling back rollout to: 1
[2026-04-14 19:25:26,107][anemoi.training.data.dataset][INFO] - NativeGridDataset.set_group_info(): global_rank 1, model_comm_group_id 1, model_comm_group_rank 0, model_comm_num_groups 2, reader_group_rank 0
[2026-04-14 19:25:26,239][anemoi.training.data.dataset][INFO] - Worker 0 (pid 23090, global_rank 1, model comm group 1)  has low/high range 727 / 817
[2026-04-14 19:25:26,335][anemoi.training.data.dataset][INFO] - Worker 0 (validation, pid 23090, glob. rank 1, model comm group 1, group_rank 0, seed group id 1, base_seed 455000, sanity rnd 0.904419)
[2026-04-14 19:25:27,235][anemoi.training.data.dataset][INFO] - Worker 1 (pid 23187, global_rank 1, model comm group 1)  has low/high range 817 / 907
[2026-04-14 19:25:27,238][anemoi.training.data.dataset][INFO] - Worker 1 (validation, pid 23187, glob. rank 1, model comm group 1, group_rank 0, seed group id 1, base_seed 455000, sanity rnd 0.904419)
[2026-04-14 19:25:27,840][anemoi.training.data.dataset][INFO] - Worker 2 (pid 23286, global_rank 1, model comm group 1)  has low/high range 907 / 997
[2026-04-14 19:25:27,936][anemoi.training.data.dataset][INFO] - Worker 2 (validation, pid 23286, glob. rank 1, model comm group 1, group_rank 0, seed group id 1, base_seed 455000, sanity rnd 0.904419)
[2026-04-14 19:25:28,634][anemoi.training.data.dataset][INFO] - Worker 3 (pid 23383, global_rank 1, model comm group 1)  has low/high range 997 / 1087
[2026-04-14 19:25:28,636][anemoi.training.data.dataset][INFO] - Worker 3 (validation, pid 23383, glob. rank 1, model comm group 1, group_rank 0, seed group id 1, base_seed 455000, sanity rnd 0.904419)
[2026-04-14 19:25:29,435][anemoi.training.data.dataset][INFO] - Worker 4 (pid 23479, global_rank 1, model comm group 1)  has low/high range 1087 / 1177
[2026-04-14 19:25:29,438][anemoi.training.data.dataset][INFO] - Worker 4 (validation, pid 23479, glob. rank 1, model comm group 1, group_rank 0, seed group id 1, base_seed 455000, sanity rnd 0.904419)
[2026-04-14 19:25:30,236][anemoi.training.data.dataset][INFO] - Worker 5 (pid 23583, global_rank 1, model comm group 1)  has low/high range 1177 / 1267
[2026-04-14 19:25:30,238][anemoi.training.data.dataset][INFO] - Worker 5 (validation, pid 23583, glob. rank 1, model comm group 1, group_rank 0, seed group id 1, base_seed 455000, sanity rnd 0.904419)
[2026-04-14 19:25:30,739][anemoi.training.data.dataset][INFO] - Worker 6 (pid 23678, global_rank 1, model comm group 1)  has low/high range 1267 / 1357
[2026-04-14 19:25:30,836][anemoi.training.data.dataset][INFO] - Worker 6 (validation, pid 23678, glob. rank 1, model comm group 1, group_rank 0, seed group id 1, base_seed 455000, sanity rnd 0.904419)
[2026-04-14 19:25:31,337][anemoi.models.data_indices.collection][INFO] - The order of the variables in the model matches the order in the data.
[2026-04-14 19:25:31,538][anemoi.training.data.dataset][INFO] - Worker 7 (pid 23780, global_rank 1, model comm group 1)  has low/high range 1357 / 1447
[2026-04-14 19:25:31,636][anemoi.training.data.dataset][INFO] - Worker 7 (validation, pid 23780, glob. rank 1, model comm group 1, group_rank 0, seed group id 1, base_seed 455000, sanity rnd 0.904419)
[2026-04-14 19:25:36,333][anemoi.training.data.dataset][INFO] - NativeGridDataset.set_group_info(): global_rank 1, model_comm_group_id 1, model_comm_group_rank 0, model_comm_num_groups 2, reader_group_rank 0
[2026-04-14 19:25:37,037][anemoi.training.data.dataset][INFO] - Worker 0 (pid 23962, global_rank 1, model comm group 1)  has low/high range 13271 / 14929
[2026-04-14 19:25:37,039][anemoi.training.data.dataset][INFO] - Worker 0 (train, pid 23962, glob. rank 1, model comm group 1, group_rank 0, seed group id 1, base_seed 455000, sanity rnd 0.904419)
[2026-04-14 19:25:37,340][anemoi.training.data.dataset][INFO] - Worker 1 (pid 24063, global_rank 1, model comm group 1)  has low/high range 14929 / 16587
[2026-04-14 19:25:37,535][anemoi.training.data.dataset][INFO] - Worker 1 (train, pid 24063, glob. rank 1, model comm group 1, group_rank 0, seed group id 1, base_seed 455000, sanity rnd 0.904419)
[2026-04-14 19:25:38,036][anemoi.training.data.dataset][INFO] - Worker 2 (pid 24159, global_rank 1, model comm group 1)  has low/high range 16587 / 18245
[2026-04-14 19:25:38,038][anemoi.training.data.dataset][INFO] - Worker 2 (train, pid 24159, glob. rank 1, model comm group 1, group_rank 0, seed group id 1, base_seed 455000, sanity rnd 0.904419)
[2026-04-14 19:25:38,833][anemoi.training.data.dataset][INFO] - Worker 3 (pid 24244, global_rank 1, model comm group 1)  has low/high range 18245 / 19903
[2026-04-14 19:25:38,837][anemoi.training.data.dataset][INFO] - Worker 3 (train, pid 24244, glob. rank 1, model comm group 1, group_rank 0, seed group id 1, base_seed 455000, sanity rnd 0.904419)
[2026-04-14 19:25:39,637][anemoi.training.data.dataset][INFO] - Worker 4 (pid 24357, global_rank 1, model comm group 1)  has low/high range 19903 / 21561
[2026-04-14 19:25:39,734][anemoi.training.data.dataset][INFO] - Worker 4 (train, pid 24357, glob. rank 1, model comm group 1, group_rank 0, seed group id 1, base_seed 455000, sanity rnd 0.904419)
[2026-04-14 19:25:40,534][anemoi.training.data.dataset][INFO] - Worker 5 (pid 24453, global_rank 1, model comm group 1)  has low/high range 21561 / 23219
[2026-04-14 19:25:40,536][anemoi.training.data.dataset][INFO] - Worker 5 (train, pid 24453, glob. rank 1, model comm group 1, group_rank 0, seed group id 1, base_seed 455000, sanity rnd 0.904419)
[2026-04-14 19:25:40,840][anemoi.training.data.dataset][INFO] - Worker 6 (pid 24552, global_rank 1, model comm group 1)  has low/high range 23219 / 24877
[2026-04-14 19:25:40,842][anemoi.training.data.dataset][INFO] - Worker 6 (train, pid 24552, glob. rank 1, model comm group 1, group_rank 0, seed group id 1, base_seed 455000, sanity rnd 0.904419)
[2026-04-14 19:25:41,535][anemoi.training.data.dataset][INFO] - Worker 7 (pid 24648, global_rank 1, model comm group 1)  has low/high range 24877 / 26535
[2026-04-14 19:25:41,538][anemoi.training.data.dataset][INFO] - Worker 7 (train, pid 24648, glob. rank 1, model comm group 1, group_rank 0, seed group id 1, base_seed 455000, sanity rnd 0.904419)
[2026-04-14 19:25:43,749][anemoi.models.data_indices.collection][INFO] - The order of the variables in the model matches the order in the data.
[2026-04-14 21:40:12,540][anemoi.models.data_indices.collection][INFO] - The order of the variables in the model matches the order in the data.
[2026-04-15 00:14:18,347][anemoi.models.data_indices.collection][INFO] - The order of the variables in the model matches the order in the data.
