[2026-04-14 19:22:17,830][anemoi.training.train.train][INFO] - Skipping config validation.
[2026-04-14 19:22:17,830][anemoi.training.train.train][INFO] - Starting from checkpoint: False
[2026-04-14 19:22:17,831][anemoi.training.train.train][INFO] - Run id: 4fd7e1d4-48ba-434d-9b9d-e7afdfec6eae
[2026-04-14 19:22:17,831][anemoi.training.train.train][INFO] - Checkpoints path: {'root': PosixPath('/mnt/weatherloss/WindPower/training/EGU26/SyntheticGT/checkpoint/4fd7e1d4-48ba-434d-9b9d-e7afdfec6eae'), 'every_n_epochs': 'anemoi-by_epoch-epoch_{epoch:03d}-step_{step:06d}', 'every_n_train_steps': 'anemoi-by_step-epoch_{epoch:03d}-step_{step:06d}', 'every_n_minutes': 'anemoi-by_time-epoch_{epoch:03d}-step_{step:06d}'}
[2026-04-14 19:22:17,831][anemoi.training.train.train][INFO] - Plots path: /mnt/weatherloss/WindPower/training/EGU26/SyntheticGT/plots/4fd7e1d4-48ba-434d-9b9d-e7afdfec6eae
[2026-04-14 19:22:18,315][anemoi.graphs.nodes.builders.from_file][INFO] - Reading the dataset from {'cutout': [{'dataset': '/mnt/weatherloss/WindPower/data/EGU26/Anemoidatasets/NewFilled_Cerra_A_large.zarr'}, {'dataset': '/mnt/weatherloss/WindPower/data/EGU26/Anemoidatasets/era5_A_large.zarr'}], 'min_distance_km': 0, 'adjust': 'all'}.
[2026-04-14 19:22:20,481][anemoi.graphs.generate.masks][INFO] - Fitting KNNAreaMaskBuilder with 72668 reference nodes from "data (cutout)".
[2026-04-14 19:22:38,079][anemoi.graphs.edges.builders.knn][INFO] - Using KNN-Edges (with 12 nearest neighbours) between data and hidden.
[2026-04-14 19:22:38,091][anemoi.graphs.edges.builders.base][WARNING] - The 'torch-cluster' library is not installed.
Installing 'torch-cluster' can significantly improve performance for graph creation.
You can install it using:
    TORCH_VERSION=$(python -c "import torch; print(torch.__version__)")
    pip install torch-cluster -f https://data.pyg.org/whl/torch-${TORCH_VERSION}.html

[2026-04-14 19:22:38,301][anemoi.graphs.edges.builders.cutoff][INFO] - Using CutOff-Edges (with radius = 15.0 km [direct]) between data and hidden.
[2026-04-14 19:22:38,302][anemoi.graphs.edges.builders.base][WARNING] - The 'torch-cluster' library is not installed.
Installing 'torch-cluster' can significantly improve performance for graph creation.
You can install it using:
    TORCH_VERSION=$(python -c "import torch; print(torch.__version__)")
    pip install torch-cluster -f https://data.pyg.org/whl/torch-${TORCH_VERSION}.html

[2026-04-14 19:23:28,723][anemoi.graphs.edges.builders.knn][INFO] - Using KNN-Edges (with 3 nearest neighbours) between hidden and data.
[2026-04-14 19:23:28,724][anemoi.graphs.edges.builders.base][WARNING] - The 'torch-cluster' library is not installed.
Installing 'torch-cluster' can significantly improve performance for graph creation.
You can install it using:
    TORCH_VERSION=$(python -c "import torch; print(torch.__version__)")
    pip install torch-cluster -f https://data.pyg.org/whl/torch-${TORCH_VERSION}.html

[2026-04-14 19:23:28,944][anemoi.graphs.create][INFO] - Cleaning graph.
[2026-04-14 19:23:28,944][anemoi.graphs.create][INFO] - _grid_reference_distance deleted from graph.
[2026-04-14 19:23:28,944][anemoi.graphs.create][INFO] - _dataset deleted from graph.
[2026-04-14 19:23:28,944][anemoi.graphs.create][INFO] - _grid_reference_distance deleted from graph.
[2026-04-14 19:23:28,944][anemoi.graphs.create][INFO] - _nx_graph deleted from graph.
[2026-04-14 19:23:28,944][anemoi.graphs.create][INFO] - _node_ordering deleted from graph.
[2026-04-14 19:23:28,944][anemoi.graphs.create][INFO] - _area_mask_builder deleted from graph.
[2026-04-14 19:23:28,944][anemoi.graphs.create][INFO] - _resolutions deleted from graph.
[2026-04-14 19:23:28,950][anemoi.graphs.processors.post_process][INFO] - Removing 120985 edges from ('data', 'to', 'hidden').
[2026-04-14 19:23:28,952][anemoi.graphs.processors.post_process][INFO] - Recomputing edge attribute edge_length.
[2026-04-14 19:23:28,954][anemoi.graphs.processors.post_process][INFO] - Recomputing edge attribute edge_dirs.
[2026-04-14 19:23:29,396][anemoi.graphs.processors.post_process][INFO] - Removing 4649 nodes from data.
[2026-04-14 19:23:29,739][anemoi.graphs.processors.post_process][INFO] - An attribute indices_connected_nodes has been added with the indices to mask the nodes from the original graph.
[2026-04-14 19:23:29,848][anemoi.graphs.create][INFO] - Graph saved at /mnt/weatherloss/WindPower/graphs/EGU26/EGUgraph15km.pt.
[2026-04-14 19:23:30,649][anemoi.training.data.datamodule][WARNING] - Falling back rollout to: 1
[2026-04-14 19:23:30,649][anemoi.training.data.datamodule][INFO] - Timeincrement set to 1 for data with frequency, 10800, and timestep, 10800
[2026-04-14 19:23:30,650][anemoi.training.data.grid_indices][INFO] - The graph attribute indices_connected_nodes of the data nodes will be used to masking the spatial dimension.
[2026-04-14 19:23:30,651][anemoi.training.train.train][INFO] - Number of data variables: 67
[2026-04-14 19:23:30,652][anemoi.training.train.train][INFO] - Variables: ['cos_julian_day', 'cos_latitude', 'cos_longitude', 'insolation', 'lsm', 'mcc', 'msl', 'q_1000', 'q_500', 'q_600', 'q_700', 'q_750', 'q_800', 'q_850', 'q_900', 'q_950', 'sin_julian_day', 'sin_latitude', 'sin_longitude', 't2m', 't_1000', 't_500', 't_600', 't_700', 't_750', 't_800', 't_850', 't_900', 't_950', 'u_1000', 'u_500', 'u_600', 'u_700', 'u_750', 'u_800', 'u_850', 'u_900', 'u_950', 'v_1000', 'v_500', 'v_600', 'v_700', 'v_750', 'v_800', 'v_850', 'v_900', 'v_950', 'wdir100_cos', 'wdir100_sin', 'wdir10_cos', 'wdir10_sin', 'ws10', 'ws100', 'z_1000', 'z_500', 'z_600', 'z_700', 'z_750', 'z_800', 'z_850', 'z_900', 'z_950', 'z_sfc', 'power', 'capacity', 'turbinecount', 'turbinemask']
[2026-04-14 19:23:30,653][anemoi.training.train.train][INFO] - Total number of prognostic variables: 55
[2026-04-14 19:23:30,653][anemoi.training.train.train][INFO] - Total number of auxiliary variables: 12
[2026-04-14 19:23:30,653][anemoi.training.train.train][INFO] - Total GPU count / model group size: 2 - NB: the learning rate will be scaled by this factor!
[2026-04-14 19:23:30,653][anemoi.training.train.train][INFO] - Effective learning rate: 5.000e-04
[2026-04-14 19:23:30,653][anemoi.training.train.train][INFO] - Training limits: max_epochs=30, max_steps=200000. Training will stop when either limit is reached first. Learning rate scheduler will run for 200000 steps.
[2026-04-14 19:23:30,684][anemoi.models.migrations.migrator][INFO] - Loading migration 1755530253_initial
[2026-04-14 19:23:30,684][anemoi.models.migrations.migrator][INFO] - Loading migration 1762857427_deprecate_eda
[2026-04-14 19:23:30,684][anemoi.models.migrations.migrator][INFO] - Loading migration 1762857428_chunking_fix
[2026-04-14 19:23:30,684][anemoi.models.migrations.migrator][INFO] - Loading migration 1763479917_hardware_schema_update
[2026-04-14 19:23:30,735][anemoi.training.train.train][INFO] - TensorBoard logger enabled
[2026-04-14 19:23:30,737][pytorch_lightning.utilities.rank_zero][INFO] - Using 16bit Automatic Mixed Precision (AMP)
[2026-04-14 19:23:30,749][pytorch_lightning.utilities.rank_zero][INFO] - GPU available: True (cuda), used: True
[2026-04-14 19:23:30,749][pytorch_lightning.utilities.rank_zero][INFO] - TPU available: False, using: 0 TPU cores
[2026-04-14 19:23:30,807][lightning_fabric.utilities.seed][INFO] - Seed set to 455000
[2026-04-14 19:23:30,809][anemoi.training.train.train][INFO] - Initial seed: Rank 0, initial seed 455000, running with random seed: 455000
[2026-04-14 19:23:32,807][anemoi.models.preprocessing.imputer][WARNING] - If placement of NaNs for diagnostic variables in inference output is desired, this needs to be handled by postprocessors: power
[2026-04-14 19:23:32,807][anemoi.models.preprocessing.imputer][INFO] - Imputer: replacing NaNs in power with value 0.0
[2026-04-14 19:23:32,807][anemoi.models.preprocessing.imputer][INFO] - Imputer: replacing NaNs in capacity with value 0.0
[2026-04-14 19:23:32,807][anemoi.models.preprocessing.imputer][INFO] - Imputer: replacing NaNs in turbinecount with value 0.0
[2026-04-14 19:23:32,807][anemoi.models.preprocessing.imputer][INFO] - Imputer: replacing NaNs in turbinemask with value 0.0
[2026-04-14 19:23:32,810][anemoi.models.preprocessing.normalizer][INFO] - Normalizing: cos_latitude is not normalized.
[2026-04-14 19:23:32,810][anemoi.models.preprocessing.normalizer][INFO] - Normalizing: cos_longitude is not normalized.
[2026-04-14 19:23:32,810][anemoi.models.preprocessing.normalizer][INFO] - Normalizing: lsm is not normalized.
[2026-04-14 19:23:32,810][anemoi.models.preprocessing.normalizer][INFO] - Normalizing: mcc is not normalized.
[2026-04-14 19:23:32,810][anemoi.models.preprocessing.normalizer][INFO] - Normalizing: sin_latitude is not normalized.
[2026-04-14 19:23:32,810][anemoi.models.preprocessing.normalizer][INFO] - Normalizing: sin_longitude is not normalized.
[2026-04-14 19:23:32,810][anemoi.models.preprocessing.normalizer][INFO] - Normalizing: turbinemask is not normalized.
[2026-04-14 19:23:33,042][anemoi.models.layers.utils][INFO] - Linear kernel: torch.nn.Linear.
[2026-04-14 19:23:33,042][anemoi.models.layers.utils][INFO] - LayerNorm kernel: torch.nn.LayerNorm.
[2026-04-14 19:23:33,043][anemoi.models.layers.utils][INFO] - Activation kernel: torch.nn.GELU.
[2026-04-14 19:23:33,044][anemoi.models.layers.utils][INFO] - QueryNorm kernel: anemoi.models.layers.normalization.AutocastLayerNorm.
[2026-04-14 19:23:33,045][anemoi.models.layers.utils][INFO] - KeyNorm kernel: anemoi.models.layers.normalization.AutocastLayerNorm.
[2026-04-14 19:23:33,145][anemoi.models.layers.block][INFO] - GraphTransformerMapperBlock using triton graph attention backend.
[2026-04-14 19:23:33,239][anemoi.models.layers.utils][INFO] - Linear kernel: torch.nn.Linear.
[2026-04-14 19:23:33,240][anemoi.models.layers.utils][INFO] - LayerNorm kernel: torch.nn.LayerNorm.
[2026-04-14 19:23:33,241][anemoi.models.layers.utils][INFO] - Activation kernel: torch.nn.GELU.
[2026-04-14 19:23:33,241][anemoi.models.layers.utils][INFO] - QueryNorm kernel: anemoi.models.layers.normalization.AutocastLayerNorm.
[2026-04-14 19:23:33,242][anemoi.models.layers.utils][INFO] - KeyNorm kernel: anemoi.models.layers.normalization.AutocastLayerNorm.
[2026-04-14 19:23:33,256][anemoi.models.layers.block][INFO] - GraphTransformerProcessorBlock using triton graph attention backend.
[2026-04-14 19:23:33,345][anemoi.models.layers.block][INFO] - GraphTransformerProcessorBlock using triton graph attention backend.
[2026-04-14 19:23:33,356][anemoi.models.layers.block][INFO] - GraphTransformerProcessorBlock using triton graph attention backend.
[2026-04-14 19:23:33,368][anemoi.models.layers.block][INFO] - GraphTransformerProcessorBlock using triton graph attention backend.
[2026-04-14 19:23:33,380][anemoi.models.layers.block][INFO] - GraphTransformerProcessorBlock using triton graph attention backend.
[2026-04-14 19:23:33,393][anemoi.models.layers.block][INFO] - GraphTransformerProcessorBlock using triton graph attention backend.
[2026-04-14 19:23:33,405][anemoi.models.layers.block][INFO] - GraphTransformerProcessorBlock using triton graph attention backend.
[2026-04-14 19:23:33,416][anemoi.models.layers.block][INFO] - GraphTransformerProcessorBlock using triton graph attention backend.
[2026-04-14 19:23:33,420][anemoi.models.layers.utils][INFO] - Linear kernel: torch.nn.Linear.
[2026-04-14 19:23:33,421][anemoi.models.layers.utils][INFO] - LayerNorm kernel: torch.nn.LayerNorm.
[2026-04-14 19:23:33,422][anemoi.models.layers.utils][INFO] - Activation kernel: torch.nn.GELU.
[2026-04-14 19:23:33,422][anemoi.models.layers.utils][INFO] - QueryNorm kernel: anemoi.models.layers.normalization.AutocastLayerNorm.
[2026-04-14 19:23:33,423][anemoi.models.layers.utils][INFO] - KeyNorm kernel: anemoi.models.layers.normalization.AutocastLayerNorm.
[2026-04-14 19:23:33,542][anemoi.models.layers.block][INFO] - GraphTransformerMapperBlock using triton graph attention backend.
[2026-04-14 19:23:33,703][anemoi.training.losses.scalers.variable_level][INFO] - Variable Level Scaling: Applying ReluVariableLevelScaler scaling to pl variables (['q', 't', 'u', 'v', 'z'])
[2026-04-14 19:23:33,703][anemoi.training.losses.scalers.variable_level][INFO] - with slope = 0.001 and y-intercept/minimum = 0.2.
[2026-04-14 19:23:33,870][anemoi.training.data.grid_indices][INFO] - The graph attribute indices_connected_nodes of the data nodes will be used to masking the spatial dimension.
[2026-04-14 19:23:33,873][anemoi.training.train.train][INFO] - The following submodules will NOT be trained: []
[2026-04-14 19:23:34,146][lightning_fabric.utilities.distributed][INFO] - Initializing distributed: GLOBAL_RANK: 0, MEMBER: 1/2
[2026-04-14 19:25:02,420][pytorch_lightning.utilities.rank_zero][INFO] - ----------------------------------------------------------------------------------------------------
distributed_backend=nccl
All distributed processes registered. Starting with 2 processes
----------------------------------------------------------------------------------------------------

[2026-04-14 19:25:03,080][pytorch_lightning.accelerators.cuda][INFO] - LOCAL_RANK: 0 - CUDA_VISIBLE_DEVICES: [0,1]
[2026-04-14 19:25:03,227][lightning_fabric.utilities.seed][INFO] - [rank: 0] Seed set to 455000
[2026-04-14 19:25:26,105][anemoi.training.data.datamodule][WARNING] - Falling back rollout to: 1
[2026-04-14 19:25:26,107][anemoi.training.data.dataset][INFO] - NativeGridDataset.set_group_info(): global_rank 0, model_comm_group_id 0, model_comm_group_rank 0, model_comm_num_groups 2, reader_group_rank 0
[2026-04-14 19:25:26,437][anemoi.training.data.dataset][INFO] - Worker 0 (pid 23091, global_rank 0, model comm group 0)  has low/high range 0 / 90
[2026-04-14 19:25:26,734][anemoi.training.data.dataset][INFO] - Worker 0 (validation, pid 23091, glob. rank 0, model comm group 0, group_rank 0, seed group id 0, base_seed 455000, sanity rnd 0.904419)
[2026-04-14 19:25:27,138][anemoi.training.data.dataset][INFO] - Worker 1 (pid 23236, global_rank 0, model comm group 0)  has low/high range 90 / 180
[2026-04-14 19:25:27,237][anemoi.training.data.dataset][INFO] - Worker 1 (validation, pid 23236, glob. rank 0, model comm group 0, group_rank 0, seed group id 0, base_seed 455000, sanity rnd 0.904419)
[2026-04-14 19:25:28,137][anemoi.training.data.dataset][INFO] - Worker 2 (pid 23334, global_rank 0, model comm group 0)  has low/high range 180 / 270
[2026-04-14 19:25:28,533][anemoi.training.data.dataset][INFO] - Worker 2 (validation, pid 23334, glob. rank 0, model comm group 0, group_rank 0, seed group id 0, base_seed 455000, sanity rnd 0.904419)
[2026-04-14 19:25:28,738][anemoi.training.data.dataset][INFO] - Worker 3 (pid 23382, global_rank 0, model comm group 0)  has low/high range 270 / 360
[2026-04-14 19:25:28,834][anemoi.training.data.dataset][INFO] - Worker 3 (validation, pid 23382, glob. rank 0, model comm group 0, group_rank 0, seed group id 0, base_seed 455000, sanity rnd 0.904419)
[2026-04-14 19:25:29,638][anemoi.training.data.dataset][INFO] - Worker 4 (pid 23527, global_rank 0, model comm group 0)  has low/high range 360 / 450
[2026-04-14 19:25:29,640][anemoi.training.data.dataset][INFO] - Worker 4 (validation, pid 23527, glob. rank 0, model comm group 0, group_rank 0, seed group id 0, base_seed 455000, sanity rnd 0.904419)
[2026-04-14 19:25:30,435][anemoi.training.data.dataset][INFO] - Worker 5 (pid 23582, global_rank 0, model comm group 0)  has low/high range 450 / 540
[2026-04-14 19:25:30,437][anemoi.training.data.dataset][INFO] - Worker 5 (validation, pid 23582, glob. rank 0, model comm group 0, group_rank 0, seed group id 0, base_seed 455000, sanity rnd 0.904419)
[2026-04-14 19:25:31,038][anemoi.training.data.dataset][INFO] - Worker 6 (pid 23726, global_rank 0, model comm group 0)  has low/high range 540 / 630
[2026-04-14 19:25:31,134][anemoi.training.data.dataset][INFO] - Worker 6 (validation, pid 23726, glob. rank 0, model comm group 0, group_rank 0, seed group id 0, base_seed 455000, sanity rnd 0.904419)
[2026-04-14 19:25:31,639][anemoi.training.data.dataset][INFO] - Worker 7 (pid 23834, global_rank 0, model comm group 0)  has low/high range 630 / 720
[2026-04-14 19:25:31,735][anemoi.training.data.dataset][INFO] - Worker 7 (validation, pid 23834, glob. rank 0, model comm group 0, group_rank 0, seed group id 0, base_seed 455000, sanity rnd 0.904419)
[2026-04-14 19:25:31,739][anemoi.models.data_indices.collection][INFO] - The order of the variables in the model matches the order in the data.
[2026-04-14 19:25:36,283][anemoi.training.data.dataset][INFO] - NativeGridDataset.set_group_info(): global_rank 0, model_comm_group_id 0, model_comm_group_rank 0, model_comm_num_groups 2, reader_group_rank 0
[2026-04-14 19:25:36,737][anemoi.training.data.dataset][INFO] - Worker 0 (pid 23963, global_rank 0, model comm group 0)  has low/high range 0 / 1658
[2026-04-14 19:25:36,740][anemoi.training.data.dataset][INFO] - Worker 0 (train, pid 23963, glob. rank 0, model comm group 0, group_rank 0, seed group id 0, base_seed 455000, sanity rnd 0.904419)
[2026-04-14 19:25:37,639][anemoi.training.data.dataset][INFO] - Worker 1 (pid 24111, global_rank 0, model comm group 0)  has low/high range 1658 / 3316
[2026-04-14 19:25:37,735][anemoi.training.data.dataset][INFO] - Worker 1 (train, pid 24111, glob. rank 0, model comm group 0, group_rank 0, seed group id 0, base_seed 455000, sanity rnd 0.904419)
[2026-04-14 19:25:38,339][anemoi.training.data.dataset][INFO] - Worker 2 (pid 24207, global_rank 0, model comm group 0)  has low/high range 3316 / 4974
[2026-04-14 19:25:38,435][anemoi.training.data.dataset][INFO] - Worker 2 (train, pid 24207, glob. rank 0, model comm group 0, group_rank 0, seed group id 0, base_seed 455000, sanity rnd 0.904419)
[2026-04-14 19:25:39,333][anemoi.training.data.dataset][INFO] - Worker 3 (pid 24306, global_rank 0, model comm group 0)  has low/high range 4974 / 6632
[2026-04-14 19:25:39,336][anemoi.training.data.dataset][INFO] - Worker 3 (train, pid 24306, glob. rank 0, model comm group 0, group_rank 0, seed group id 0, base_seed 455000, sanity rnd 0.904419)
[2026-04-14 19:25:39,938][anemoi.training.data.dataset][INFO] - Worker 4 (pid 24405, global_rank 0, model comm group 0)  has low/high range 6632 / 8290
[2026-04-14 19:25:40,034][anemoi.training.data.dataset][INFO] - Worker 4 (train, pid 24405, glob. rank 0, model comm group 0, group_rank 0, seed group id 0, base_seed 455000, sanity rnd 0.904419)
[2026-04-14 19:25:40,534][anemoi.training.data.dataset][INFO] - Worker 5 (pid 24501, global_rank 0, model comm group 0)  has low/high range 8290 / 9948
[2026-04-14 19:25:40,536][anemoi.training.data.dataset][INFO] - Worker 5 (train, pid 24501, glob. rank 0, model comm group 0, group_rank 0, seed group id 0, base_seed 455000, sanity rnd 0.904419)
[2026-04-14 19:25:41,335][anemoi.training.data.dataset][INFO] - Worker 6 (pid 24600, global_rank 0, model comm group 0)  has low/high range 9948 / 11606
[2026-04-14 19:25:41,337][anemoi.training.data.dataset][INFO] - Worker 6 (train, pid 24600, glob. rank 0, model comm group 0, group_rank 0, seed group id 0, base_seed 455000, sanity rnd 0.904419)
[2026-04-14 19:25:42,035][anemoi.training.data.dataset][INFO] - Worker 7 (pid 24705, global_rank 0, model comm group 0)  has low/high range 11606 / 13264
[2026-04-14 19:25:42,037][anemoi.training.data.dataset][INFO] - Worker 7 (train, pid 24705, glob. rank 0, model comm group 0, group_rank 0, seed group id 0, base_seed 455000, sanity rnd 0.904419)
[2026-04-14 19:25:44,136][anemoi.models.data_indices.collection][INFO] - The order of the variables in the model matches the order in the data.
[2026-04-14 21:40:12,551][anemoi.models.data_indices.collection][INFO] - The order of the variables in the model matches the order in the data.
[2026-04-14 21:54:08,897][anemoi.utils.checkpoints][INFO] - Adding extra information to checkpoint /mnt/weatherloss/WindPower/training/EGU26/SyntheticGT/checkpoint/4fd7e1d4-48ba-434d-9b9d-e7afdfec6eae/inference-anemoi-by_epoch-epoch_000-step_013264.ckpt
[2026-04-14 21:54:08,897][anemoi.utils.checkpoints][INFO] - Saving metadata to inference-anemoi-by_epoch-epoch_000-step_013264/anemoi-metadata/anemoi.json
[2026-04-14 21:54:08,899][anemoi.utils.checkpoints][INFO] - Saving supporting array `latitudes` to inference-anemoi-by_epoch-epoch_000-step_013264/anemoi-metadata/latitudes.numpy (shape=(82068,), dtype=float64)
[2026-04-14 21:54:08,900][anemoi.utils.checkpoints][INFO] - Saving supporting array `longitudes` to inference-anemoi-by_epoch-epoch_000-step_013264/anemoi-metadata/longitudes.numpy (shape=(82068,), dtype=float64)
[2026-04-14 21:54:08,901][anemoi.utils.checkpoints][INFO] - Saving supporting array `lam_0/cutout_mask` to inference-anemoi-by_epoch-epoch_000-step_013264/anemoi-metadata/lam_0/cutout_mask.numpy (shape=(72668,), dtype=bool)
[2026-04-14 21:54:08,901][anemoi.utils.checkpoints][INFO] - Saving supporting array `global/cutout_mask` to inference-anemoi-by_epoch-epoch_000-step_013264/anemoi-metadata/global/cutout_mask.numpy (shape=(13965,), dtype=bool)
[2026-04-14 21:54:08,901][anemoi.utils.checkpoints][INFO] - Saving supporting array `source0/latitudes` to inference-anemoi-by_epoch-epoch_000-step_013264/anemoi-metadata/source0/latitudes.numpy (shape=(72668,), dtype=float64)
[2026-04-14 21:54:08,901][anemoi.utils.checkpoints][INFO] - Saving supporting array `source0/longitudes` to inference-anemoi-by_epoch-epoch_000-step_013264/anemoi-metadata/source0/longitudes.numpy (shape=(72668,), dtype=float64)
[2026-04-14 21:54:08,902][anemoi.utils.checkpoints][INFO] - Saving supporting array `source1/latitudes` to inference-anemoi-by_epoch-epoch_000-step_013264/anemoi-metadata/source1/latitudes.numpy (shape=(13965,), dtype=float64)
[2026-04-14 21:54:08,902][anemoi.utils.checkpoints][INFO] - Saving supporting array `source1/longitudes` to inference-anemoi-by_epoch-epoch_000-step_013264/anemoi-metadata/source1/longitudes.numpy (shape=(13965,), dtype=float64)
[2026-04-14 21:54:08,902][anemoi.utils.checkpoints][INFO] - Saving supporting array `grid_indices` to inference-anemoi-by_epoch-epoch_000-step_013264/anemoi-metadata/grid_indices.numpy (shape=(77419,), dtype=int64)
[2026-04-14 21:54:10,054][anemoi.utils.checkpoints][INFO] - Adding extra information to checkpoint /mnt/weatherloss/WindPower/training/EGU26/SyntheticGT/checkpoint/4fd7e1d4-48ba-434d-9b9d-e7afdfec6eae/anemoi-by_epoch-epoch_000-step_013264.ckpt
[2026-04-14 21:54:10,055][anemoi.utils.checkpoints][INFO] - Saving metadata to archive/anemoi-metadata/anemoi.json
[2026-04-14 21:54:10,056][anemoi.utils.checkpoints][INFO] - Saving supporting array `latitudes` to archive/anemoi-metadata/latitudes.numpy (shape=(82068,), dtype=float64)
[2026-04-14 21:54:10,057][anemoi.utils.checkpoints][INFO] - Saving supporting array `longitudes` to archive/anemoi-metadata/longitudes.numpy (shape=(82068,), dtype=float64)
[2026-04-14 21:54:10,058][anemoi.utils.checkpoints][INFO] - Saving supporting array `lam_0/cutout_mask` to archive/anemoi-metadata/lam_0/cutout_mask.numpy (shape=(72668,), dtype=bool)
[2026-04-14 21:54:10,058][anemoi.utils.checkpoints][INFO] - Saving supporting array `global/cutout_mask` to archive/anemoi-metadata/global/cutout_mask.numpy (shape=(13965,), dtype=bool)
[2026-04-14 21:54:10,058][anemoi.utils.checkpoints][INFO] - Saving supporting array `source0/latitudes` to archive/anemoi-metadata/source0/latitudes.numpy (shape=(72668,), dtype=float64)
[2026-04-14 21:54:10,059][anemoi.utils.checkpoints][INFO] - Saving supporting array `source0/longitudes` to archive/anemoi-metadata/source0/longitudes.numpy (shape=(72668,), dtype=float64)
[2026-04-14 21:54:10,060][anemoi.utils.checkpoints][INFO] - Saving supporting array `source1/latitudes` to archive/anemoi-metadata/source1/latitudes.numpy (shape=(13965,), dtype=float64)
[2026-04-14 21:54:10,060][anemoi.utils.checkpoints][INFO] - Saving supporting array `source1/longitudes` to archive/anemoi-metadata/source1/longitudes.numpy (shape=(13965,), dtype=float64)
[2026-04-14 21:54:10,060][anemoi.utils.checkpoints][INFO] - Saving supporting array `grid_indices` to archive/anemoi-metadata/grid_indices.numpy (shape=(77419,), dtype=int64)
[2026-04-14 21:54:10,231][anemoi.utils.checkpoints][INFO] - Adding extra information to checkpoint /mnt/weatherloss/WindPower/training/EGU26/SyntheticGT/checkpoint/4fd7e1d4-48ba-434d-9b9d-e7afdfec6eae/inference-last.ckpt
[2026-04-14 21:54:10,231][anemoi.utils.checkpoints][INFO] - Saving metadata to inference-last/anemoi-metadata/anemoi.json
[2026-04-14 21:54:10,232][anemoi.utils.checkpoints][INFO] - Saving supporting array `latitudes` to inference-last/anemoi-metadata/latitudes.numpy (shape=(82068,), dtype=float64)
[2026-04-14 21:54:10,233][anemoi.utils.checkpoints][INFO] - Saving supporting array `longitudes` to inference-last/anemoi-metadata/longitudes.numpy (shape=(82068,), dtype=float64)
[2026-04-14 21:54:10,234][anemoi.utils.checkpoints][INFO] - Saving supporting array `lam_0/cutout_mask` to inference-last/anemoi-metadata/lam_0/cutout_mask.numpy (shape=(72668,), dtype=bool)
[2026-04-14 21:54:10,234][anemoi.utils.checkpoints][INFO] - Saving supporting array `global/cutout_mask` to inference-last/anemoi-metadata/global/cutout_mask.numpy (shape=(13965,), dtype=bool)
[2026-04-14 21:54:10,234][anemoi.utils.checkpoints][INFO] - Saving supporting array `source0/latitudes` to inference-last/anemoi-metadata/source0/latitudes.numpy (shape=(72668,), dtype=float64)
[2026-04-14 21:54:10,235][anemoi.utils.checkpoints][INFO] - Saving supporting array `source0/longitudes` to inference-last/anemoi-metadata/source0/longitudes.numpy (shape=(72668,), dtype=float64)
[2026-04-14 21:54:10,236][anemoi.utils.checkpoints][INFO] - Saving supporting array `source1/latitudes` to inference-last/anemoi-metadata/source1/latitudes.numpy (shape=(13965,), dtype=float64)
[2026-04-14 21:54:10,236][anemoi.utils.checkpoints][INFO] - Saving supporting array `source1/longitudes` to inference-last/anemoi-metadata/source1/longitudes.numpy (shape=(13965,), dtype=float64)
[2026-04-14 21:54:10,236][anemoi.utils.checkpoints][INFO] - Saving supporting array `grid_indices` to inference-last/anemoi-metadata/grid_indices.numpy (shape=(77419,), dtype=int64)
[2026-04-14 21:54:11,384][anemoi.utils.checkpoints][INFO] - Adding extra information to checkpoint /mnt/weatherloss/WindPower/training/EGU26/SyntheticGT/checkpoint/4fd7e1d4-48ba-434d-9b9d-e7afdfec6eae/last.ckpt
[2026-04-14 21:54:11,384][anemoi.utils.checkpoints][INFO] - Saving metadata to archive/anemoi-metadata/anemoi.json
[2026-04-14 21:54:11,386][anemoi.utils.checkpoints][INFO] - Saving supporting array `latitudes` to archive/anemoi-metadata/latitudes.numpy (shape=(82068,), dtype=float64)
[2026-04-14 21:54:11,387][anemoi.utils.checkpoints][INFO] - Saving supporting array `longitudes` to archive/anemoi-metadata/longitudes.numpy (shape=(82068,), dtype=float64)
[2026-04-14 21:54:11,388][anemoi.utils.checkpoints][INFO] - Saving supporting array `lam_0/cutout_mask` to archive/anemoi-metadata/lam_0/cutout_mask.numpy (shape=(72668,), dtype=bool)
[2026-04-14 21:54:11,388][anemoi.utils.checkpoints][INFO] - Saving supporting array `global/cutout_mask` to archive/anemoi-metadata/global/cutout_mask.numpy (shape=(13965,), dtype=bool)
[2026-04-14 21:54:11,388][anemoi.utils.checkpoints][INFO] - Saving supporting array `source0/latitudes` to archive/anemoi-metadata/source0/latitudes.numpy (shape=(72668,), dtype=float64)
[2026-04-14 21:54:11,389][anemoi.utils.checkpoints][INFO] - Saving supporting array `source0/longitudes` to archive/anemoi-metadata/source0/longitudes.numpy (shape=(72668,), dtype=float64)
[2026-04-14 21:54:11,389][anemoi.utils.checkpoints][INFO] - Saving supporting array `source1/latitudes` to archive/anemoi-metadata/source1/latitudes.numpy (shape=(13965,), dtype=float64)
[2026-04-14 21:54:11,389][anemoi.utils.checkpoints][INFO] - Saving supporting array `source1/longitudes` to archive/anemoi-metadata/source1/longitudes.numpy (shape=(13965,), dtype=float64)
[2026-04-14 21:54:11,390][anemoi.utils.checkpoints][INFO] - Saving supporting array `grid_indices` to archive/anemoi-metadata/grid_indices.numpy (shape=(77419,), dtype=int64)
[2026-04-15 00:14:18,147][anemoi.models.data_indices.collection][INFO] - The order of the variables in the model matches the order in the data.
[2026-04-15 00:29:11,609][anemoi.utils.checkpoints][INFO] - Adding extra information to checkpoint /mnt/weatherloss/WindPower/training/EGU26/SyntheticGT/checkpoint/4fd7e1d4-48ba-434d-9b9d-e7afdfec6eae/inference-anemoi-by_epoch-epoch_001-step_026528.ckpt
[2026-04-15 00:29:11,609][anemoi.utils.checkpoints][INFO] - Saving metadata to inference-anemoi-by_epoch-epoch_001-step_026528/anemoi-metadata/anemoi.json
[2026-04-15 00:29:11,611][anemoi.utils.checkpoints][INFO] - Saving supporting array `latitudes` to inference-anemoi-by_epoch-epoch_001-step_026528/anemoi-metadata/latitudes.numpy (shape=(82068,), dtype=float64)
[2026-04-15 00:29:11,612][anemoi.utils.checkpoints][INFO] - Saving supporting array `longitudes` to inference-anemoi-by_epoch-epoch_001-step_026528/anemoi-metadata/longitudes.numpy (shape=(82068,), dtype=float64)
[2026-04-15 00:29:11,613][anemoi.utils.checkpoints][INFO] - Saving supporting array `lam_0/cutout_mask` to inference-anemoi-by_epoch-epoch_001-step_026528/anemoi-metadata/lam_0/cutout_mask.numpy (shape=(72668,), dtype=bool)
[2026-04-15 00:29:11,613][anemoi.utils.checkpoints][INFO] - Saving supporting array `global/cutout_mask` to inference-anemoi-by_epoch-epoch_001-step_026528/anemoi-metadata/global/cutout_mask.numpy (shape=(13965,), dtype=bool)
[2026-04-15 00:29:11,613][anemoi.utils.checkpoints][INFO] - Saving supporting array `source0/latitudes` to inference-anemoi-by_epoch-epoch_001-step_026528/anemoi-metadata/source0/latitudes.numpy (shape=(72668,), dtype=float64)
[2026-04-15 00:29:11,614][anemoi.utils.checkpoints][INFO] - Saving supporting array `source0/longitudes` to inference-anemoi-by_epoch-epoch_001-step_026528/anemoi-metadata/source0/longitudes.numpy (shape=(72668,), dtype=float64)
[2026-04-15 00:29:11,614][anemoi.utils.checkpoints][INFO] - Saving supporting array `source1/latitudes` to inference-anemoi-by_epoch-epoch_001-step_026528/anemoi-metadata/source1/latitudes.numpy (shape=(13965,), dtype=float64)
[2026-04-15 00:29:11,614][anemoi.utils.checkpoints][INFO] - Saving supporting array `source1/longitudes` to inference-anemoi-by_epoch-epoch_001-step_026528/anemoi-metadata/source1/longitudes.numpy (shape=(13965,), dtype=float64)
[2026-04-15 00:29:11,615][anemoi.utils.checkpoints][INFO] - Saving supporting array `grid_indices` to inference-anemoi-by_epoch-epoch_001-step_026528/anemoi-metadata/grid_indices.numpy (shape=(77419,), dtype=int64)
[2026-04-15 00:29:12,759][anemoi.utils.checkpoints][INFO] - Adding extra information to checkpoint /mnt/weatherloss/WindPower/training/EGU26/SyntheticGT/checkpoint/4fd7e1d4-48ba-434d-9b9d-e7afdfec6eae/anemoi-by_epoch-epoch_001-step_026528.ckpt
[2026-04-15 00:29:12,759][anemoi.utils.checkpoints][INFO] - Saving metadata to archive/anemoi-metadata/anemoi.json
[2026-04-15 00:29:12,762][anemoi.utils.checkpoints][INFO] - Saving supporting array `latitudes` to archive/anemoi-metadata/latitudes.numpy (shape=(82068,), dtype=float64)
[2026-04-15 00:29:12,764][anemoi.utils.checkpoints][INFO] - Saving supporting array `longitudes` to archive/anemoi-metadata/longitudes.numpy (shape=(82068,), dtype=float64)
[2026-04-15 00:29:12,765][anemoi.utils.checkpoints][INFO] - Saving supporting array `lam_0/cutout_mask` to archive/anemoi-metadata/lam_0/cutout_mask.numpy (shape=(72668,), dtype=bool)
[2026-04-15 00:29:12,765][anemoi.utils.checkpoints][INFO] - Saving supporting array `global/cutout_mask` to archive/anemoi-metadata/global/cutout_mask.numpy (shape=(13965,), dtype=bool)
[2026-04-15 00:29:12,765][anemoi.utils.checkpoints][INFO] - Saving supporting array `source0/latitudes` to archive/anemoi-metadata/source0/latitudes.numpy (shape=(72668,), dtype=float64)
[2026-04-15 00:29:12,767][anemoi.utils.checkpoints][INFO] - Saving supporting array `source0/longitudes` to archive/anemoi-metadata/source0/longitudes.numpy (shape=(72668,), dtype=float64)
[2026-04-15 00:29:12,768][anemoi.utils.checkpoints][INFO] - Saving supporting array `source1/latitudes` to archive/anemoi-metadata/source1/latitudes.numpy (shape=(13965,), dtype=float64)
[2026-04-15 00:29:12,768][anemoi.utils.checkpoints][INFO] - Saving supporting array `source1/longitudes` to archive/anemoi-metadata/source1/longitudes.numpy (shape=(13965,), dtype=float64)
[2026-04-15 00:29:12,768][anemoi.utils.checkpoints][INFO] - Saving supporting array `grid_indices` to archive/anemoi-metadata/grid_indices.numpy (shape=(77419,), dtype=int64)
[2026-04-15 00:29:13,015][anemoi.utils.checkpoints][INFO] - Adding extra information to checkpoint /mnt/weatherloss/WindPower/training/EGU26/SyntheticGT/checkpoint/4fd7e1d4-48ba-434d-9b9d-e7afdfec6eae/inference-last.ckpt
[2026-04-15 00:29:13,015][anemoi.utils.checkpoints][INFO] - Saving metadata to inference-last/anemoi-metadata/anemoi.json
[2026-04-15 00:29:13,016][anemoi.utils.checkpoints][INFO] - Saving supporting array `latitudes` to inference-last/anemoi-metadata/latitudes.numpy (shape=(82068,), dtype=float64)
[2026-04-15 00:29:13,017][anemoi.utils.checkpoints][INFO] - Saving supporting array `longitudes` to inference-last/anemoi-metadata/longitudes.numpy (shape=(82068,), dtype=float64)
[2026-04-15 00:29:13,018][anemoi.utils.checkpoints][INFO] - Saving supporting array `lam_0/cutout_mask` to inference-last/anemoi-metadata/lam_0/cutout_mask.numpy (shape=(72668,), dtype=bool)
[2026-04-15 00:29:13,018][anemoi.utils.checkpoints][INFO] - Saving supporting array `global/cutout_mask` to inference-last/anemoi-metadata/global/cutout_mask.numpy (shape=(13965,), dtype=bool)
[2026-04-15 00:29:13,018][anemoi.utils.checkpoints][INFO] - Saving supporting array `source0/latitudes` to inference-last/anemoi-metadata/source0/latitudes.numpy (shape=(72668,), dtype=float64)
[2026-04-15 00:29:13,019][anemoi.utils.checkpoints][INFO] - Saving supporting array `source0/longitudes` to inference-last/anemoi-metadata/source0/longitudes.numpy (shape=(72668,), dtype=float64)
[2026-04-15 00:29:13,020][anemoi.utils.checkpoints][INFO] - Saving supporting array `source1/latitudes` to inference-last/anemoi-metadata/source1/latitudes.numpy (shape=(13965,), dtype=float64)
[2026-04-15 00:29:13,020][anemoi.utils.checkpoints][INFO] - Saving supporting array `source1/longitudes` to inference-last/anemoi-metadata/source1/longitudes.numpy (shape=(13965,), dtype=float64)
[2026-04-15 00:29:13,020][anemoi.utils.checkpoints][INFO] - Saving supporting array `grid_indices` to inference-last/anemoi-metadata/grid_indices.numpy (shape=(77419,), dtype=int64)
[2026-04-15 00:29:14,299][anemoi.utils.checkpoints][INFO] - Adding extra information to checkpoint /mnt/weatherloss/WindPower/training/EGU26/SyntheticGT/checkpoint/4fd7e1d4-48ba-434d-9b9d-e7afdfec6eae/last.ckpt
[2026-04-15 00:29:14,299][anemoi.utils.checkpoints][INFO] - Saving metadata to archive/anemoi-metadata/anemoi.json
[2026-04-15 00:29:14,301][anemoi.utils.checkpoints][INFO] - Saving supporting array `latitudes` to archive/anemoi-metadata/latitudes.numpy (shape=(82068,), dtype=float64)
[2026-04-15 00:29:14,301][anemoi.utils.checkpoints][INFO] - Saving supporting array `longitudes` to archive/anemoi-metadata/longitudes.numpy (shape=(82068,), dtype=float64)
[2026-04-15 00:29:14,302][anemoi.utils.checkpoints][INFO] - Saving supporting array `lam_0/cutout_mask` to archive/anemoi-metadata/lam_0/cutout_mask.numpy (shape=(72668,), dtype=bool)
[2026-04-15 00:29:14,302][anemoi.utils.checkpoints][INFO] - Saving supporting array `global/cutout_mask` to archive/anemoi-metadata/global/cutout_mask.numpy (shape=(13965,), dtype=bool)
[2026-04-15 00:29:14,302][anemoi.utils.checkpoints][INFO] - Saving supporting array `source0/latitudes` to archive/anemoi-metadata/source0/latitudes.numpy (shape=(72668,), dtype=float64)
[2026-04-15 00:29:14,303][anemoi.utils.checkpoints][INFO] - Saving supporting array `source0/longitudes` to archive/anemoi-metadata/source0/longitudes.numpy (shape=(72668,), dtype=float64)
[2026-04-15 00:29:14,304][anemoi.utils.checkpoints][INFO] - Saving supporting array `source1/latitudes` to archive/anemoi-metadata/source1/latitudes.numpy (shape=(13965,), dtype=float64)
[2026-04-15 00:29:14,304][anemoi.utils.checkpoints][INFO] - Saving supporting array `source1/longitudes` to archive/anemoi-metadata/source1/longitudes.numpy (shape=(13965,), dtype=float64)
[2026-04-15 00:29:14,304][anemoi.utils.checkpoints][INFO] - Saving supporting array `grid_indices` to archive/anemoi-metadata/grid_indices.numpy (shape=(77419,), dtype=int64)
[2026-04-15 06:58:35,776][lightning_fabric.strategies.launchers.subprocess_script][INFO] - [rank: 1] Child process with PID 21858 terminated with code -6. Forcefully terminating all other processes to avoid zombies 🧟
