[2026-04-17 16:32:40,840][anemoi.training.train.train][INFO] - Skipping config validation.
[2026-04-17 16:32:40,840][anemoi.training.train.train][INFO] - Starting from checkpoint: True
[2026-04-17 16:32:40,841][anemoi.training.train.train][INFO] - Run id: BigTransformer
[2026-04-17 16:32:40,841][anemoi.training.train.train][INFO] - Checkpoints path: {'root': PosixPath('/mnt/weatherloss/WindPower/training/EGU26/BigTransformer/checkpoint/BigTransformer'), 'every_n_epochs': 'anemoi-by_epoch-epoch_{epoch:03d}-step_{step:06d}', 'every_n_train_steps': 'anemoi-by_step-epoch_{epoch:03d}-step_{step:06d}', 'every_n_minutes': 'anemoi-by_time-epoch_{epoch:03d}-step_{step:06d}'}
[2026-04-17 16:32:40,841][anemoi.training.train.train][INFO] - Plots path: /mnt/weatherloss/WindPower/training/EGU26/BigTransformer/plots/BigTransformer
[2026-04-17 16:32:41,533][anemoi.graphs.nodes.builders.from_file][INFO] - Reading the dataset from {'cutout': [{'dataset': '/mnt/weatherloss/WindPower/data/EGU26/Anemoidatasets/New_Cerra_A_large.zarr'}, {'dataset': '/mnt/weatherloss/WindPower/data/EGU26/Anemoidatasets/era5_A_large.zarr'}], 'min_distance_km': 0, 'adjust': 'all'}.
[2026-04-17 16:32:48,182][anemoi.graphs.generate.masks][INFO] - Fitting KNNAreaMaskBuilder with 72668 reference nodes from "data (cutout)".
[2026-04-17 16:33:53,544][anemoi.graphs.edges.builders.knn][INFO] - Using KNN-Edges (with 12 nearest neighbours) between data and hidden.
[2026-04-17 16:33:53,569][anemoi.graphs.edges.builders.base][WARNING] - The 'torch-cluster' library is not installed.
Installing 'torch-cluster' can significantly improve performance for graph creation.
You can install it using:
    TORCH_VERSION=$(python -c "import torch; print(torch.__version__)")
    pip install torch-cluster -f https://data.pyg.org/whl/torch-${TORCH_VERSION}.html

[2026-04-17 16:33:53,963][anemoi.graphs.edges.builders.cutoff][INFO] - Using CutOff-Edges (with radius = 15.0 km [direct]) between data and hidden.
[2026-04-17 16:33:53,964][anemoi.graphs.edges.builders.base][WARNING] - The 'torch-cluster' library is not installed.
Installing 'torch-cluster' can significantly improve performance for graph creation.
You can install it using:
    TORCH_VERSION=$(python -c "import torch; print(torch.__version__)")
    pip install torch-cluster -f https://data.pyg.org/whl/torch-${TORCH_VERSION}.html

[2026-04-17 16:36:03,738][anemoi.graphs.edges.builders.knn][INFO] - Using KNN-Edges (with 3 nearest neighbours) between hidden and data.
[2026-04-17 16:36:03,833][anemoi.graphs.edges.builders.base][WARNING] - The 'torch-cluster' library is not installed.
Installing 'torch-cluster' can significantly improve performance for graph creation.
You can install it using:
    TORCH_VERSION=$(python -c "import torch; print(torch.__version__)")
    pip install torch-cluster -f https://data.pyg.org/whl/torch-${TORCH_VERSION}.html

[2026-04-17 16:36:04,482][anemoi.graphs.create][INFO] - Cleaning graph.
[2026-04-17 16:36:04,483][anemoi.graphs.create][INFO] - _grid_reference_distance deleted from graph.
[2026-04-17 16:36:04,483][anemoi.graphs.create][INFO] - _dataset deleted from graph.
[2026-04-17 16:36:04,483][anemoi.graphs.create][INFO] - _grid_reference_distance deleted from graph.
[2026-04-17 16:36:04,483][anemoi.graphs.create][INFO] - _resolutions deleted from graph.
[2026-04-17 16:36:04,483][anemoi.graphs.create][INFO] - _area_mask_builder deleted from graph.
[2026-04-17 16:36:04,484][anemoi.graphs.create][INFO] - _node_ordering deleted from graph.
[2026-04-17 16:36:04,484][anemoi.graphs.create][INFO] - _nx_graph deleted from graph.
[2026-04-17 16:36:04,933][anemoi.graphs.processors.post_process][INFO] - Removing 120985 edges from ('data', 'to', 'hidden').
[2026-04-17 16:36:06,033][anemoi.graphs.processors.post_process][INFO] - Recomputing edge attribute edge_length.
[2026-04-17 16:36:06,734][anemoi.graphs.processors.post_process][INFO] - Recomputing edge attribute edge_dirs.
[2026-04-17 16:36:07,376][anemoi.graphs.processors.post_process][INFO] - Removing 4649 nodes from data.
[2026-04-17 16:36:10,133][anemoi.graphs.processors.post_process][INFO] - An attribute indices_connected_nodes has been added with the indices to mask the nodes from the original graph.
[2026-04-17 16:36:10,754][anemoi.graphs.create][INFO] - Graph saved at /mnt/weatherloss/WindPower/graphs/EGU26/EGUgraph15km.pt.
[2026-04-17 16:36:11,630][anemoi.training.data.datamodule][WARNING] - Falling back rollout to: 1
[2026-04-17 16:36:11,630][anemoi.training.data.datamodule][INFO] - Timeincrement set to 1 for data with frequency, 10800, and timestep, 10800
[2026-04-17 16:36:11,632][anemoi.training.data.grid_indices][INFO] - The graph attribute indices_connected_nodes of the data nodes will be used to masking the spatial dimension.
[2026-04-17 16:36:11,633][anemoi.training.train.train][INFO] - Number of data variables: 67
[2026-04-17 16:36:11,634][anemoi.training.train.train][INFO] - Variables: ['cos_julian_day', 'cos_latitude', 'cos_longitude', 'insolation', 'lsm', 'mcc', 'msl', 'q_1000', 'q_500', 'q_600', 'q_700', 'q_750', 'q_800', 'q_850', 'q_900', 'q_950', 'sin_julian_day', 'sin_latitude', 'sin_longitude', 't2m', 't_1000', 't_500', 't_600', 't_700', 't_750', 't_800', 't_850', 't_900', 't_950', 'u_1000', 'u_500', 'u_600', 'u_700', 'u_750', 'u_800', 'u_850', 'u_900', 'u_950', 'v_1000', 'v_500', 'v_600', 'v_700', 'v_750', 'v_800', 'v_850', 'v_900', 'v_950', 'wdir100_cos', 'wdir100_sin', 'wdir10_cos', 'wdir10_sin', 'ws10', 'ws100', 'z_1000', 'z_500', 'z_600', 'z_700', 'z_750', 'z_800', 'z_850', 'z_900', 'z_950', 'z_sfc', 'power', 'capacity', 'turbinecount', 'turbinemask']
[2026-04-17 16:36:11,634][anemoi.training.train.train][INFO] - Total number of prognostic variables: 55
[2026-04-17 16:36:11,634][anemoi.training.train.train][INFO] - Total number of auxiliary variables: 12
[2026-04-17 16:36:11,634][anemoi.training.train.train][INFO] - Total GPU count / model group size: 2 - NB: the learning rate will be scaled by this factor!
[2026-04-17 16:36:11,634][anemoi.training.train.train][INFO] - Effective learning rate: 2.500e-04
[2026-04-17 16:36:11,634][anemoi.training.train.train][INFO] - Training limits: max_epochs=30, max_steps=200000. Training will stop when either limit is reached first. Learning rate scheduler will run for 200000 steps.
[2026-04-17 16:36:11,677][anemoi.models.migrations.migrator][INFO] - Loading migration 1755530253_initial
[2026-04-17 16:36:11,677][anemoi.models.migrations.migrator][INFO] - Loading migration 1762857427_deprecate_eda
[2026-04-17 16:36:11,677][anemoi.models.migrations.migrator][INFO] - Loading migration 1762857428_chunking_fix
[2026-04-17 16:36:11,677][anemoi.models.migrations.migrator][INFO] - Loading migration 1763479917_hardware_schema_update
[2026-04-17 16:36:11,734][anemoi.training.train.train][INFO] - TensorBoard logger enabled
[2026-04-17 16:36:11,812][anemoi.training.train.train][INFO] - Initial seed: Rank 1, initial seed 53000, running with random seed: 53000
[2026-04-17 16:36:14,246][anemoi.models.preprocessing.imputer][WARNING] - If placement of NaNs for diagnostic variables in inference output is desired, this needs to be handled by postprocessors: power
[2026-04-17 16:36:14,246][anemoi.models.preprocessing.imputer][INFO] - Imputer: replacing NaNs in power with value 0.0
[2026-04-17 16:36:14,246][anemoi.models.preprocessing.imputer][INFO] - Imputer: replacing NaNs in capacity with value 0.0
[2026-04-17 16:36:14,246][anemoi.models.preprocessing.imputer][INFO] - Imputer: replacing NaNs in turbinecount with value 0.0
[2026-04-17 16:36:14,246][anemoi.models.preprocessing.imputer][INFO] - Imputer: replacing NaNs in turbinemask with value 0.0
[2026-04-17 16:36:14,250][anemoi.models.preprocessing.normalizer][INFO] - Normalizing: cos_latitude is not normalized.
[2026-04-17 16:36:14,250][anemoi.models.preprocessing.normalizer][INFO] - Normalizing: cos_longitude is not normalized.
[2026-04-17 16:36:14,250][anemoi.models.preprocessing.normalizer][INFO] - Normalizing: lsm is not normalized.
[2026-04-17 16:36:14,250][anemoi.models.preprocessing.normalizer][INFO] - Normalizing: mcc is not normalized.
[2026-04-17 16:36:14,250][anemoi.models.preprocessing.normalizer][INFO] - Normalizing: sin_latitude is not normalized.
[2026-04-17 16:36:14,250][anemoi.models.preprocessing.normalizer][INFO] - Normalizing: sin_longitude is not normalized.
[2026-04-17 16:36:14,250][anemoi.models.preprocessing.normalizer][INFO] - Normalizing: turbinemask is not normalized.
[2026-04-17 16:36:15,039][anemoi.models.layers.utils][INFO] - Linear kernel: torch.nn.Linear.
[2026-04-17 16:36:15,133][anemoi.models.layers.utils][INFO] - LayerNorm kernel: torch.nn.LayerNorm.
[2026-04-17 16:36:15,134][anemoi.models.layers.utils][INFO] - Activation kernel: torch.nn.GELU.
[2026-04-17 16:36:15,135][anemoi.models.layers.utils][INFO] - QueryNorm kernel: anemoi.models.layers.normalization.AutocastLayerNorm.
[2026-04-17 16:36:15,136][anemoi.models.layers.utils][INFO] - KeyNorm kernel: anemoi.models.layers.normalization.AutocastLayerNorm.
[2026-04-17 16:36:15,639][anemoi.models.layers.block][INFO] - GraphTransformerMapperBlock using triton graph attention backend.
[2026-04-17 16:36:15,732][anemoi.models.layers.utils][INFO] - Linear kernel: torch.nn.Linear.
[2026-04-17 16:36:15,733][anemoi.models.layers.utils][INFO] - LayerNorm kernel: torch.nn.LayerNorm.
[2026-04-17 16:36:15,734][anemoi.models.layers.utils][INFO] - Activation kernel: torch.nn.GELU.
[2026-04-17 16:36:15,734][anemoi.models.layers.utils][INFO] - QueryNorm kernel: anemoi.models.layers.normalization.AutocastLayerNorm.
[2026-04-17 16:36:15,735][anemoi.models.layers.utils][INFO] - KeyNorm kernel: anemoi.models.layers.normalization.AutocastLayerNorm.
[2026-04-17 16:36:15,920][anemoi.models.layers.attention][INFO] - Using flash attention v2
[2026-04-17 16:36:15,946][anemoi.models.layers.attention][INFO] - Using flash attention v2
[2026-04-17 16:36:15,971][anemoi.models.layers.attention][INFO] - Using flash attention v2
[2026-04-17 16:36:15,992][anemoi.models.layers.attention][INFO] - Using flash attention v2
[2026-04-17 16:36:16,013][anemoi.models.layers.attention][INFO] - Using flash attention v2
[2026-04-17 16:36:16,045][anemoi.models.layers.attention][INFO] - Using flash attention v2
[2026-04-17 16:36:16,065][anemoi.models.layers.attention][INFO] - Using flash attention v2
[2026-04-17 16:36:16,085][anemoi.models.layers.attention][INFO] - Using flash attention v2
[2026-04-17 16:36:16,107][anemoi.models.layers.attention][INFO] - Using flash attention v2
[2026-04-17 16:36:16,139][anemoi.models.layers.attention][INFO] - Using flash attention v2
[2026-04-17 16:36:16,166][anemoi.models.layers.attention][INFO] - Using flash attention v2
[2026-04-17 16:36:16,193][anemoi.models.layers.attention][INFO] - Using flash attention v2
[2026-04-17 16:36:16,225][anemoi.models.layers.utils][INFO] - Linear kernel: torch.nn.Linear.
[2026-04-17 16:36:16,233][anemoi.models.layers.utils][INFO] - LayerNorm kernel: torch.nn.LayerNorm.
[2026-04-17 16:36:16,234][anemoi.models.layers.utils][INFO] - Activation kernel: torch.nn.GELU.
[2026-04-17 16:36:16,234][anemoi.models.layers.utils][INFO] - QueryNorm kernel: anemoi.models.layers.normalization.AutocastLayerNorm.
[2026-04-17 16:36:16,235][anemoi.models.layers.utils][INFO] - KeyNorm kernel: anemoi.models.layers.normalization.AutocastLayerNorm.
[2026-04-17 16:36:16,859][anemoi.models.layers.block][INFO] - GraphTransformerMapperBlock using triton graph attention backend.
[2026-04-17 16:36:19,095][anemoi.training.losses.scalers.variable_level][INFO] - Variable Level Scaling: Applying ReluVariableLevelScaler scaling to pl variables (['q', 't', 'u', 'v', 'z'])
[2026-04-17 16:36:19,095][anemoi.training.losses.scalers.variable_level][INFO] - with slope = 0.001 and y-intercept/minimum = 0.2.
[2026-04-17 16:36:19,640][anemoi.training.data.grid_indices][INFO] - The graph attribute indices_connected_nodes of the data nodes will be used to masking the spatial dimension.
[2026-04-17 16:36:19,642][anemoi.training.train.train][INFO] - The following submodules will NOT be trained: []
[2026-04-17 16:36:19,643][anemoi.training.train.train][INFO] - Resuming training from last checkpoint: /mnt/weatherloss/WindPower/training/EGU26/BigTransformer/checkpoint/BigTransformer/last.ckpt
[2026-04-17 16:37:37,262][anemoi.training.data.dataset][INFO] - NativeGridDataset.set_group_info(): global_rank 1, model_comm_group_id 1, model_comm_group_rank 0, model_comm_num_groups 2, reader_group_rank 0
[2026-04-17 16:37:43,236][anemoi.training.data.dataset][INFO] - Worker 1 (pid 1166925, global_rank 1, model comm group 1)  has low/high range 14929 / 16587
[2026-04-17 16:37:43,936][anemoi.training.data.dataset][INFO] - Worker 0 (pid 1166876, global_rank 1, model comm group 1)  has low/high range 13271 / 14929
[2026-04-17 16:37:44,032][anemoi.training.data.dataset][INFO] - Worker 0 (train, pid 1166876, glob. rank 1, model comm group 1, group_rank 0, seed group id 1, base_seed 53000, sanity rnd 0.489545)
[2026-04-17 16:37:44,834][anemoi.training.data.dataset][INFO] - Worker 1 (train, pid 1166925, glob. rank 1, model comm group 1, group_rank 0, seed group id 1, base_seed 53000, sanity rnd 0.489545)
[2026-04-17 16:37:46,635][anemoi.training.data.dataset][INFO] - Worker 2 (pid 1167039, global_rank 1, model comm group 1)  has low/high range 16587 / 18245
[2026-04-17 16:37:46,637][anemoi.training.data.dataset][INFO] - Worker 2 (train, pid 1167039, glob. rank 1, model comm group 1, group_rank 0, seed group id 1, base_seed 53000, sanity rnd 0.489545)
[2026-04-17 16:37:55,036][anemoi.training.data.dataset][INFO] - Worker 3 (pid 1167166, global_rank 1, model comm group 1)  has low/high range 18245 / 19903
[2026-04-17 16:37:56,032][anemoi.training.data.dataset][INFO] - Worker 3 (train, pid 1167166, glob. rank 1, model comm group 1, group_rank 0, seed group id 1, base_seed 53000, sanity rnd 0.489545)
[2026-04-17 16:37:56,633][anemoi.training.data.dataset][INFO] - Worker 4 (pid 1167219, global_rank 1, model comm group 1)  has low/high range 19903 / 21561
[2026-04-17 16:37:57,038][anemoi.training.data.dataset][INFO] - Worker 5 (pid 1167368, global_rank 1, model comm group 1)  has low/high range 21561 / 23219
[2026-04-17 16:37:57,433][anemoi.training.data.dataset][INFO] - Worker 5 (train, pid 1167368, glob. rank 1, model comm group 1, group_rank 0, seed group id 1, base_seed 53000, sanity rnd 0.489545)
[2026-04-17 16:37:57,633][anemoi.training.data.dataset][INFO] - Worker 4 (train, pid 1167219, glob. rank 1, model comm group 1, group_rank 0, seed group id 1, base_seed 53000, sanity rnd 0.489545)
[2026-04-17 16:37:59,736][anemoi.training.data.dataset][INFO] - Worker 6 (pid 1167472, global_rank 1, model comm group 1)  has low/high range 23219 / 24877
[2026-04-17 16:37:59,737][anemoi.training.data.dataset][INFO] - Worker 6 (train, pid 1167472, glob. rank 1, model comm group 1, group_rank 0, seed group id 1, base_seed 53000, sanity rnd 0.489545)
[2026-04-17 16:38:01,832][anemoi.training.data.dataset][INFO] - Worker 7 (pid 1167586, global_rank 1, model comm group 1)  has low/high range 24877 / 26535
[2026-04-17 16:38:02,132][anemoi.training.data.dataset][INFO] - Worker 7 (train, pid 1167586, glob. rank 1, model comm group 1, group_rank 0, seed group id 1, base_seed 53000, sanity rnd 0.489545)
[2026-04-17 16:38:16,557][anemoi.training.data.datamodule][WARNING] - Falling back rollout to: 1
[2026-04-17 16:38:16,853][anemoi.training.data.dataset][INFO] - NativeGridDataset.set_group_info(): global_rank 1, model_comm_group_id 1, model_comm_group_rank 0, model_comm_num_groups 2, reader_group_rank 0
[2026-04-17 16:38:16,933][anemoi.models.data_indices.collection][INFO] - The order of the variables in the model matches the order in the data.
[2026-04-17 20:36:22,435][anemoi.training.data.dataset][INFO] - Worker 0 (pid 1358992, global_rank 1, model comm group 1)  has low/high range 727 / 817
[2026-04-17 20:36:22,438][anemoi.training.data.dataset][INFO] - Worker 0 (validation, pid 1358992, glob. rank 1, model comm group 1, group_rank 0, seed group id 1, base_seed 53000, sanity rnd 0.489545)
[2026-04-17 20:36:24,737][anemoi.training.data.dataset][INFO] - Worker 1 (pid 1359090, global_rank 1, model comm group 1)  has low/high range 817 / 907
[2026-04-17 20:36:25,433][anemoi.training.data.dataset][INFO] - Worker 1 (validation, pid 1359090, glob. rank 1, model comm group 1, group_rank 0, seed group id 1, base_seed 53000, sanity rnd 0.489545)
[2026-04-17 20:36:30,832][anemoi.training.data.dataset][INFO] - Worker 4 (pid 1359336, global_rank 1, model comm group 1)  has low/high range 1087 / 1177
[2026-04-17 20:36:31,233][anemoi.training.data.dataset][INFO] - Worker 4 (validation, pid 1359336, glob. rank 1, model comm group 1, group_rank 0, seed group id 1, base_seed 53000, sanity rnd 0.489545)
[2026-04-17 20:36:31,533][anemoi.training.data.dataset][INFO] - Worker 3 (pid 1359189, global_rank 1, model comm group 1)  has low/high range 997 / 1087
[2026-04-17 20:36:31,535][anemoi.training.data.dataset][INFO] - Worker 3 (validation, pid 1359189, glob. rank 1, model comm group 1, group_rank 0, seed group id 1, base_seed 53000, sanity rnd 0.489545)
[2026-04-17 20:36:31,732][anemoi.training.data.dataset][INFO] - Worker 2 (pid 1359188, global_rank 1, model comm group 1)  has low/high range 907 / 997
[2026-04-17 20:36:31,935][anemoi.training.data.dataset][INFO] - Worker 2 (validation, pid 1359188, glob. rank 1, model comm group 1, group_rank 0, seed group id 1, base_seed 53000, sanity rnd 0.489545)
[2026-04-17 20:36:38,535][anemoi.training.data.dataset][INFO] - Worker 6 (pid 1359502, global_rank 1, model comm group 1)  has low/high range 1267 / 1357
[2026-04-17 20:36:38,537][anemoi.training.data.dataset][INFO] - Worker 6 (validation, pid 1359502, glob. rank 1, model comm group 1, group_rank 0, seed group id 1, base_seed 53000, sanity rnd 0.489545)
[2026-04-17 20:36:39,733][anemoi.training.data.dataset][INFO] - Worker 5 (pid 1359449, global_rank 1, model comm group 1)  has low/high range 1177 / 1267
[2026-04-17 20:36:40,333][anemoi.training.data.dataset][INFO] - Worker 5 (validation, pid 1359449, glob. rank 1, model comm group 1, group_rank 0, seed group id 1, base_seed 53000, sanity rnd 0.489545)
[2026-04-17 20:36:41,635][anemoi.training.data.dataset][INFO] - Worker 7 (pid 1359599, global_rank 1, model comm group 1)  has low/high range 1357 / 1447
[2026-04-17 20:36:41,734][anemoi.training.data.dataset][INFO] - Worker 7 (validation, pid 1359599, glob. rank 1, model comm group 1, group_rank 0, seed group id 1, base_seed 53000, sanity rnd 0.489545)
[2026-04-17 20:36:58,435][anemoi.models.data_indices.collection][INFO] - The order of the variables in the model matches the order in the data.
