[2026-04-17 16:28:27,545][anemoi.training.train.train][INFO] - Skipping config validation.
[2026-04-17 16:28:27,545][anemoi.training.train.train][INFO] - Starting from checkpoint: True
[2026-04-17 16:28:27,546][anemoi.training.train.train][INFO] - Run id: BigTransformer
[2026-04-17 16:28:27,546][anemoi.training.train.train][INFO] - Checkpoints path: {'root': PosixPath('/mnt/weatherloss/WindPower/training/EGU26/BigTransformer/checkpoint/BigTransformer'), 'every_n_epochs': 'anemoi-by_epoch-epoch_{epoch:03d}-step_{step:06d}', 'every_n_train_steps': 'anemoi-by_step-epoch_{epoch:03d}-step_{step:06d}', 'every_n_minutes': 'anemoi-by_time-epoch_{epoch:03d}-step_{step:06d}'}
[2026-04-17 16:28:27,546][anemoi.training.train.train][INFO] - Plots path: /mnt/weatherloss/WindPower/training/EGU26/BigTransformer/plots/BigTransformer
[2026-04-17 16:28:29,164][anemoi.graphs.nodes.builders.from_file][INFO] - Reading the dataset from {'cutout': [{'dataset': '/mnt/weatherloss/WindPower/data/EGU26/Anemoidatasets/New_Cerra_A_large.zarr'}, {'dataset': '/mnt/weatherloss/WindPower/data/EGU26/Anemoidatasets/era5_A_large.zarr'}], 'min_distance_km': 0, 'adjust': 'all'}.
[2026-04-17 16:28:38,052][anemoi.graphs.generate.masks][INFO] - Fitting KNNAreaMaskBuilder with 72668 reference nodes from "data (cutout)".
[2026-04-17 16:29:52,147][anemoi.graphs.edges.builders.knn][INFO] - Using KNN-Edges (with 12 nearest neighbours) between data and hidden.
[2026-04-17 16:29:52,157][anemoi.graphs.edges.builders.base][WARNING] - The 'torch-cluster' library is not installed.
Installing 'torch-cluster' can significantly improve performance for graph creation.
You can install it using:
    TORCH_VERSION=$(python -c "import torch; print(torch.__version__)")
    pip install torch-cluster -f https://data.pyg.org/whl/torch-${TORCH_VERSION}.html

[2026-04-17 16:29:52,837][anemoi.graphs.edges.builders.cutoff][INFO] - Using CutOff-Edges (with radius = 15.0 km [direct]) between data and hidden.
[2026-04-17 16:29:52,838][anemoi.graphs.edges.builders.base][WARNING] - The 'torch-cluster' library is not installed.
Installing 'torch-cluster' can significantly improve performance for graph creation.
You can install it using:
    TORCH_VERSION=$(python -c "import torch; print(torch.__version__)")
    pip install torch-cluster -f https://data.pyg.org/whl/torch-${TORCH_VERSION}.html

[2026-04-17 16:32:13,536][anemoi.graphs.edges.builders.knn][INFO] - Using KNN-Edges (with 3 nearest neighbours) between hidden and data.
[2026-04-17 16:32:13,537][anemoi.graphs.edges.builders.base][WARNING] - The 'torch-cluster' library is not installed.
Installing 'torch-cluster' can significantly improve performance for graph creation.
You can install it using:
    TORCH_VERSION=$(python -c "import torch; print(torch.__version__)")
    pip install torch-cluster -f https://data.pyg.org/whl/torch-${TORCH_VERSION}.html

[2026-04-17 16:32:14,341][anemoi.graphs.create][INFO] - Cleaning graph.
[2026-04-17 16:32:14,341][anemoi.graphs.create][INFO] - _grid_reference_distance deleted from graph.
[2026-04-17 16:32:14,341][anemoi.graphs.create][INFO] - _dataset deleted from graph.
[2026-04-17 16:32:14,341][anemoi.graphs.create][INFO] - _grid_reference_distance deleted from graph.
[2026-04-17 16:32:14,342][anemoi.graphs.create][INFO] - _node_ordering deleted from graph.
[2026-04-17 16:32:14,342][anemoi.graphs.create][INFO] - _resolutions deleted from graph.
[2026-04-17 16:32:14,342][anemoi.graphs.create][INFO] - _nx_graph deleted from graph.
[2026-04-17 16:32:14,342][anemoi.graphs.create][INFO] - _area_mask_builder deleted from graph.
[2026-04-17 16:32:14,532][anemoi.graphs.processors.post_process][INFO] - Removing 120985 edges from ('data', 'to', 'hidden').
[2026-04-17 16:32:15,533][anemoi.graphs.processors.post_process][INFO] - Recomputing edge attribute edge_length.
[2026-04-17 16:32:15,736][anemoi.graphs.processors.post_process][INFO] - Recomputing edge attribute edge_dirs.
[2026-04-17 16:32:16,694][anemoi.graphs.processors.post_process][INFO] - Removing 4649 nodes from data.
[2026-04-17 16:32:20,235][anemoi.graphs.processors.post_process][INFO] - An attribute indices_connected_nodes has been added with the indices to mask the nodes from the original graph.
[2026-04-17 16:32:20,934][anemoi.graphs.create][INFO] - Graph saved at /mnt/weatherloss/WindPower/graphs/EGU26/EGUgraph15km.pt.
[2026-04-17 16:32:21,738][anemoi.training.data.datamodule][WARNING] - Falling back rollout to: 1
[2026-04-17 16:32:21,739][anemoi.training.data.datamodule][INFO] - Timeincrement set to 1 for data with frequency, 10800, and timestep, 10800
[2026-04-17 16:32:21,740][anemoi.training.data.grid_indices][INFO] - The graph attribute indices_connected_nodes of the data nodes will be used to masking the spatial dimension.
[2026-04-17 16:32:21,741][anemoi.training.train.train][INFO] - Number of data variables: 67
[2026-04-17 16:32:21,742][anemoi.training.train.train][INFO] - Variables: ['cos_julian_day', 'cos_latitude', 'cos_longitude', 'insolation', 'lsm', 'mcc', 'msl', 'q_1000', 'q_500', 'q_600', 'q_700', 'q_750', 'q_800', 'q_850', 'q_900', 'q_950', 'sin_julian_day', 'sin_latitude', 'sin_longitude', 't2m', 't_1000', 't_500', 't_600', 't_700', 't_750', 't_800', 't_850', 't_900', 't_950', 'u_1000', 'u_500', 'u_600', 'u_700', 'u_750', 'u_800', 'u_850', 'u_900', 'u_950', 'v_1000', 'v_500', 'v_600', 'v_700', 'v_750', 'v_800', 'v_850', 'v_900', 'v_950', 'wdir100_cos', 'wdir100_sin', 'wdir10_cos', 'wdir10_sin', 'ws10', 'ws100', 'z_1000', 'z_500', 'z_600', 'z_700', 'z_750', 'z_800', 'z_850', 'z_900', 'z_950', 'z_sfc', 'power', 'capacity', 'turbinecount', 'turbinemask']
[2026-04-17 16:32:21,742][anemoi.training.train.train][INFO] - Total number of prognostic variables: 55
[2026-04-17 16:32:21,742][anemoi.training.train.train][INFO] - Total number of auxiliary variables: 12
[2026-04-17 16:32:21,742][anemoi.training.train.train][INFO] - Total GPU count / model group size: 2 - NB: the learning rate will be scaled by this factor!
[2026-04-17 16:32:21,742][anemoi.training.train.train][INFO] - Effective learning rate: 2.500e-04
[2026-04-17 16:32:21,742][anemoi.training.train.train][INFO] - Training limits: max_epochs=30, max_steps=200000. Training will stop when either limit is reached first. Learning rate scheduler will run for 200000 steps.
[2026-04-17 16:32:21,773][anemoi.models.migrations.migrator][INFO] - Loading migration 1755530253_initial
[2026-04-17 16:32:21,773][anemoi.models.migrations.migrator][INFO] - Loading migration 1762857427_deprecate_eda
[2026-04-17 16:32:21,773][anemoi.models.migrations.migrator][INFO] - Loading migration 1762857428_chunking_fix
[2026-04-17 16:32:21,773][anemoi.models.migrations.migrator][INFO] - Loading migration 1763479917_hardware_schema_update
[2026-04-17 16:32:21,870][anemoi.training.train.train][INFO] - TensorBoard logger enabled
[2026-04-17 16:32:21,872][pytorch_lightning.utilities.rank_zero][INFO] - Using 16bit Automatic Mixed Precision (AMP)
[2026-04-17 16:32:21,943][pytorch_lightning.utilities.rank_zero][INFO] - GPU available: True (cuda), used: True
[2026-04-17 16:32:21,943][pytorch_lightning.utilities.rank_zero][INFO] - TPU available: False, using: 0 TPU cores
[2026-04-17 16:32:22,000][lightning_fabric.utilities.seed][INFO] - Seed set to 53000
[2026-04-17 16:32:22,004][anemoi.training.train.train][INFO] - Initial seed: Rank 0, initial seed 53000, running with random seed: 53000
[2026-04-17 16:32:24,751][anemoi.models.preprocessing.imputer][WARNING] - If placement of NaNs for diagnostic variables in inference output is desired, this needs to be handled by postprocessors: power
[2026-04-17 16:32:24,752][anemoi.models.preprocessing.imputer][INFO] - Imputer: replacing NaNs in power with value 0.0
[2026-04-17 16:32:24,752][anemoi.models.preprocessing.imputer][INFO] - Imputer: replacing NaNs in capacity with value 0.0
[2026-04-17 16:32:24,752][anemoi.models.preprocessing.imputer][INFO] - Imputer: replacing NaNs in turbinecount with value 0.0
[2026-04-17 16:32:24,752][anemoi.models.preprocessing.imputer][INFO] - Imputer: replacing NaNs in turbinemask with value 0.0
[2026-04-17 16:32:24,755][anemoi.models.preprocessing.normalizer][INFO] - Normalizing: cos_latitude is not normalized.
[2026-04-17 16:32:24,755][anemoi.models.preprocessing.normalizer][INFO] - Normalizing: cos_longitude is not normalized.
[2026-04-17 16:32:24,755][anemoi.models.preprocessing.normalizer][INFO] - Normalizing: lsm is not normalized.
[2026-04-17 16:32:24,755][anemoi.models.preprocessing.normalizer][INFO] - Normalizing: mcc is not normalized.
[2026-04-17 16:32:24,755][anemoi.models.preprocessing.normalizer][INFO] - Normalizing: sin_latitude is not normalized.
[2026-04-17 16:32:24,755][anemoi.models.preprocessing.normalizer][INFO] - Normalizing: sin_longitude is not normalized.
[2026-04-17 16:32:24,755][anemoi.models.preprocessing.normalizer][INFO] - Normalizing: turbinemask is not normalized.
[2026-04-17 16:32:25,341][anemoi.models.layers.utils][INFO] - Linear kernel: torch.nn.Linear.
[2026-04-17 16:32:25,341][anemoi.models.layers.utils][INFO] - LayerNorm kernel: torch.nn.LayerNorm.
[2026-04-17 16:32:25,342][anemoi.models.layers.utils][INFO] - Activation kernel: torch.nn.GELU.
[2026-04-17 16:32:25,433][anemoi.models.layers.utils][INFO] - QueryNorm kernel: anemoi.models.layers.normalization.AutocastLayerNorm.
[2026-04-17 16:32:25,434][anemoi.models.layers.utils][INFO] - KeyNorm kernel: anemoi.models.layers.normalization.AutocastLayerNorm.
[2026-04-17 16:32:26,346][anemoi.models.layers.block][INFO] - GraphTransformerMapperBlock using triton graph attention backend.
[2026-04-17 16:32:26,439][anemoi.models.layers.utils][INFO] - Linear kernel: torch.nn.Linear.
[2026-04-17 16:32:26,440][anemoi.models.layers.utils][INFO] - LayerNorm kernel: torch.nn.LayerNorm.
[2026-04-17 16:32:26,440][anemoi.models.layers.utils][INFO] - Activation kernel: torch.nn.GELU.
[2026-04-17 16:32:26,441][anemoi.models.layers.utils][INFO] - QueryNorm kernel: anemoi.models.layers.normalization.AutocastLayerNorm.
[2026-04-17 16:32:26,441][anemoi.models.layers.utils][INFO] - KeyNorm kernel: anemoi.models.layers.normalization.AutocastLayerNorm.
[2026-04-17 16:32:26,741][anemoi.models.layers.attention][INFO] - Using flash attention v2
[2026-04-17 16:32:26,765][anemoi.models.layers.attention][INFO] - Using flash attention v2
[2026-04-17 16:32:26,788][anemoi.models.layers.attention][INFO] - Using flash attention v2
[2026-04-17 16:32:26,808][anemoi.models.layers.attention][INFO] - Using flash attention v2
[2026-04-17 16:32:26,833][anemoi.models.layers.attention][INFO] - Using flash attention v2
[2026-04-17 16:32:26,856][anemoi.models.layers.attention][INFO] - Using flash attention v2
[2026-04-17 16:32:26,878][anemoi.models.layers.attention][INFO] - Using flash attention v2
[2026-04-17 16:32:26,902][anemoi.models.layers.attention][INFO] - Using flash attention v2
[2026-04-17 16:32:26,923][anemoi.models.layers.attention][INFO] - Using flash attention v2
[2026-04-17 16:32:26,958][anemoi.models.layers.attention][INFO] - Using flash attention v2
[2026-04-17 16:32:26,994][anemoi.models.layers.attention][INFO] - Using flash attention v2
[2026-04-17 16:32:27,025][anemoi.models.layers.attention][INFO] - Using flash attention v2
[2026-04-17 16:32:27,066][anemoi.models.layers.utils][INFO] - Linear kernel: torch.nn.Linear.
[2026-04-17 16:32:27,066][anemoi.models.layers.utils][INFO] - LayerNorm kernel: torch.nn.LayerNorm.
[2026-04-17 16:32:27,067][anemoi.models.layers.utils][INFO] - Activation kernel: torch.nn.GELU.
[2026-04-17 16:32:27,068][anemoi.models.layers.utils][INFO] - QueryNorm kernel: anemoi.models.layers.normalization.AutocastLayerNorm.
[2026-04-17 16:32:27,069][anemoi.models.layers.utils][INFO] - KeyNorm kernel: anemoi.models.layers.normalization.AutocastLayerNorm.
[2026-04-17 16:32:28,047][anemoi.models.layers.block][INFO] - GraphTransformerMapperBlock using triton graph attention backend.
[2026-04-17 16:32:31,046][anemoi.training.losses.scalers.variable_level][INFO] - Variable Level Scaling: Applying ReluVariableLevelScaler scaling to pl variables (['q', 't', 'u', 'v', 'z'])
[2026-04-17 16:32:31,046][anemoi.training.losses.scalers.variable_level][INFO] - with slope = 0.001 and y-intercept/minimum = 0.2.
[2026-04-17 16:32:31,735][anemoi.training.data.grid_indices][INFO] - The graph attribute indices_connected_nodes of the data nodes will be used to masking the spatial dimension.
[2026-04-17 16:32:31,738][anemoi.training.train.train][INFO] - The following submodules will NOT be trained: []
[2026-04-17 16:32:31,739][anemoi.training.train.train][INFO] - Resuming training from last checkpoint: /mnt/weatherloss/WindPower/training/EGU26/BigTransformer/checkpoint/BigTransformer/last.ckpt
[2026-04-17 16:32:33,135][lightning_fabric.utilities.distributed][INFO] - Initializing distributed: GLOBAL_RANK: 0, MEMBER: 1/2
[2026-04-17 16:36:21,859][pytorch_lightning.utilities.rank_zero][INFO] - ----------------------------------------------------------------------------------------------------
distributed_backend=nccl
All distributed processes registered. Starting with 2 processes
----------------------------------------------------------------------------------------------------

[2026-04-17 16:36:22,981][pytorch_lightning.utilities.rank_zero][INFO] - Restoring states from the checkpoint path at /mnt/weatherloss/WindPower/training/EGU26/BigTransformer/checkpoint/BigTransformer/last.ckpt
[2026-04-17 16:36:39,133][pytorch_lightning.accelerators.cuda][INFO] - LOCAL_RANK: 0 - CUDA_VISIBLE_DEVICES: [0,1]
[2026-04-17 16:36:53,134][lightning_fabric.utilities.seed][INFO] - [rank: 0] Seed set to 53000
[2026-04-17 16:37:37,254][pytorch_lightning.utilities.rank_zero][INFO] - Restored all states from the checkpoint at /mnt/weatherloss/WindPower/training/EGU26/BigTransformer/checkpoint/BigTransformer/last.ckpt
[2026-04-17 16:37:37,262][anemoi.training.data.dataset][INFO] - NativeGridDataset.set_group_info(): global_rank 0, model_comm_group_id 0, model_comm_group_rank 0, model_comm_num_groups 2, reader_group_rank 0
[2026-04-17 16:37:38,335][anemoi.training.data.dataset][INFO] - Worker 0 (pid 1166828, global_rank 0, model comm group 0)  has low/high range 0 / 1658
[2026-04-17 16:37:38,634][anemoi.training.data.dataset][INFO] - Worker 0 (train, pid 1166828, glob. rank 0, model comm group 0, group_rank 0, seed group id 0, base_seed 53000, sanity rnd 0.489545)
[2026-04-17 16:37:45,335][anemoi.training.data.dataset][INFO] - Worker 1 (pid 1166877, global_rank 0, model comm group 0)  has low/high range 1658 / 3316
[2026-04-17 16:37:45,532][anemoi.training.data.dataset][INFO] - Worker 2 (pid 1166926, global_rank 0, model comm group 0)  has low/high range 3316 / 4974
[2026-04-17 16:37:45,634][anemoi.training.data.dataset][INFO] - Worker 2 (train, pid 1166926, glob. rank 0, model comm group 0, group_rank 0, seed group id 0, base_seed 53000, sanity rnd 0.489545)
[2026-04-17 16:37:45,633][anemoi.training.data.dataset][INFO] - Worker 1 (train, pid 1166877, glob. rank 0, model comm group 0, group_rank 0, seed group id 0, base_seed 53000, sanity rnd 0.489545)
[2026-04-17 16:37:47,839][anemoi.training.data.dataset][INFO] - Worker 3 (pid 1167070, global_rank 0, model comm group 0)  has low/high range 4974 / 6632
[2026-04-17 16:37:48,333][anemoi.training.data.dataset][INFO] - Worker 3 (train, pid 1167070, glob. rank 0, model comm group 0, group_rank 0, seed group id 0, base_seed 53000, sanity rnd 0.489545)
[2026-04-17 16:37:49,935][anemoi.training.data.dataset][INFO] - Worker 4 (pid 1167167, global_rank 0, model comm group 0)  has low/high range 6632 / 8290
[2026-04-17 16:37:49,937][anemoi.training.data.dataset][INFO] - Worker 4 (train, pid 1167167, glob. rank 0, model comm group 0, group_rank 0, seed group id 0, base_seed 53000, sanity rnd 0.489545)
[2026-04-17 16:37:57,032][anemoi.training.data.dataset][INFO] - Worker 5 (pid 1167268, global_rank 0, model comm group 0)  has low/high range 8290 / 9948
[2026-04-17 16:37:57,832][anemoi.training.data.dataset][INFO] - Worker 5 (train, pid 1167268, glob. rank 0, model comm group 0, group_rank 0, seed group id 0, base_seed 53000, sanity rnd 0.489545)
[2026-04-17 16:37:57,932][anemoi.training.data.dataset][INFO] - Worker 6 (pid 1167367, global_rank 0, model comm group 0)  has low/high range 9948 / 11606
[2026-04-17 16:37:58,733][anemoi.training.data.dataset][INFO] - Worker 6 (train, pid 1167367, glob. rank 0, model comm group 0, group_rank 0, seed group id 0, base_seed 53000, sanity rnd 0.489545)
[2026-04-17 16:38:02,633][anemoi.training.data.dataset][INFO] - Worker 7 (pid 1167473, global_rank 0, model comm group 0)  has low/high range 11606 / 13264
[2026-04-17 16:38:03,333][anemoi.training.data.dataset][INFO] - Worker 7 (train, pid 1167473, glob. rank 0, model comm group 0, group_rank 0, seed group id 0, base_seed 53000, sanity rnd 0.489545)
[2026-04-17 16:38:16,850][anemoi.training.data.datamodule][WARNING] - Falling back rollout to: 1
[2026-04-17 16:38:16,853][anemoi.training.data.dataset][INFO] - NativeGridDataset.set_group_info(): global_rank 0, model_comm_group_id 0, model_comm_group_rank 0, model_comm_num_groups 2, reader_group_rank 0
[2026-04-17 16:38:16,854][anemoi.models.data_indices.collection][INFO] - The order of the variables in the model matches the order in the data.
[2026-04-17 20:36:22,932][anemoi.training.data.dataset][INFO] - Worker 0 (pid 1359040, global_rank 0, model comm group 0)  has low/high range 0 / 90
[2026-04-17 20:36:22,935][anemoi.training.data.dataset][INFO] - Worker 0 (validation, pid 1359040, glob. rank 0, model comm group 0, group_rank 0, seed group id 0, base_seed 53000, sanity rnd 0.489545)
[2026-04-17 20:36:25,935][anemoi.training.data.dataset][INFO] - Worker 1 (pid 1359138, global_rank 0, model comm group 0)  has low/high range 90 / 180
[2026-04-17 20:36:25,938][anemoi.training.data.dataset][INFO] - Worker 1 (validation, pid 1359138, glob. rank 0, model comm group 0, group_rank 0, seed group id 0, base_seed 53000, sanity rnd 0.489545)
[2026-04-17 20:36:29,238][anemoi.training.data.dataset][INFO] - Worker 2 (pid 1359190, global_rank 0, model comm group 0)  has low/high range 180 / 270
[2026-04-17 20:36:29,434][anemoi.training.data.dataset][INFO] - Worker 2 (validation, pid 1359190, glob. rank 0, model comm group 0, group_rank 0, seed group id 0, base_seed 53000, sanity rnd 0.489545)
[2026-04-17 20:36:34,432][anemoi.training.data.dataset][INFO] - Worker 3 (pid 1359392, global_rank 0, model comm group 0)  has low/high range 270 / 360
[2026-04-17 20:36:34,435][anemoi.training.data.dataset][INFO] - Worker 3 (validation, pid 1359392, glob. rank 0, model comm group 0, group_rank 0, seed group id 0, base_seed 53000, sanity rnd 0.489545)
[2026-04-17 20:36:39,132][anemoi.training.data.dataset][INFO] - Worker 4 (pid 1359500, global_rank 0, model comm group 0)  has low/high range 360 / 450
[2026-04-17 20:36:39,534][anemoi.training.data.dataset][INFO] - Worker 4 (validation, pid 1359500, glob. rank 0, model comm group 0, group_rank 0, seed group id 0, base_seed 53000, sanity rnd 0.489545)
[2026-04-17 20:36:45,936][anemoi.training.data.dataset][INFO] - Worker 5 (pid 1359661, global_rank 0, model comm group 0)  has low/high range 450 / 540
[2026-04-17 20:36:45,938][anemoi.training.data.dataset][INFO] - Worker 5 (validation, pid 1359661, glob. rank 0, model comm group 0, group_rank 0, seed group id 0, base_seed 53000, sanity rnd 0.489545)
[2026-04-17 20:36:48,034][anemoi.training.data.dataset][INFO] - Worker 6 (pid 1359749, global_rank 0, model comm group 0)  has low/high range 540 / 630
[2026-04-17 20:36:48,038][anemoi.training.data.dataset][INFO] - Worker 6 (validation, pid 1359749, glob. rank 0, model comm group 0, group_rank 0, seed group id 0, base_seed 53000, sanity rnd 0.489545)
[2026-04-17 20:36:50,237][anemoi.training.data.dataset][INFO] - Worker 7 (pid 1359836, global_rank 0, model comm group 0)  has low/high range 630 / 720
[2026-04-17 20:36:50,332][anemoi.training.data.dataset][INFO] - Worker 7 (validation, pid 1359836, glob. rank 0, model comm group 0, group_rank 0, seed group id 0, base_seed 53000, sanity rnd 0.489545)
[2026-04-17 20:36:57,533][anemoi.models.data_indices.collection][INFO] - The order of the variables in the model matches the order in the data.
[2026-04-17 20:50:26,833][anemoi.utils.checkpoints][INFO] - Adding extra information to checkpoint /mnt/weatherloss/WindPower/training/EGU26/BigTransformer/checkpoint/BigTransformer/inference-anemoi-by_epoch-epoch_014-step_198960.ckpt
[2026-04-17 20:50:26,833][anemoi.utils.checkpoints][INFO] - Saving metadata to inference-anemoi-by_epoch-epoch_014-step_198960/anemoi-metadata/anemoi.json
[2026-04-17 20:50:26,835][anemoi.utils.checkpoints][INFO] - Saving supporting array `latitudes` to inference-anemoi-by_epoch-epoch_014-step_198960/anemoi-metadata/latitudes.numpy (shape=(82068,), dtype=float64)
[2026-04-17 20:50:26,836][anemoi.utils.checkpoints][INFO] - Saving supporting array `longitudes` to inference-anemoi-by_epoch-epoch_014-step_198960/anemoi-metadata/longitudes.numpy (shape=(82068,), dtype=float64)
[2026-04-17 20:50:26,837][anemoi.utils.checkpoints][INFO] - Saving supporting array `lam_0/cutout_mask` to inference-anemoi-by_epoch-epoch_014-step_198960/anemoi-metadata/lam_0/cutout_mask.numpy (shape=(72668,), dtype=bool)
[2026-04-17 20:50:26,837][anemoi.utils.checkpoints][INFO] - Saving supporting array `global/cutout_mask` to inference-anemoi-by_epoch-epoch_014-step_198960/anemoi-metadata/global/cutout_mask.numpy (shape=(13965,), dtype=bool)
[2026-04-17 20:50:26,837][anemoi.utils.checkpoints][INFO] - Saving supporting array `source0/latitudes` to inference-anemoi-by_epoch-epoch_014-step_198960/anemoi-metadata/source0/latitudes.numpy (shape=(72668,), dtype=float64)
[2026-04-17 20:50:26,837][anemoi.utils.checkpoints][INFO] - Saving supporting array `source0/longitudes` to inference-anemoi-by_epoch-epoch_014-step_198960/anemoi-metadata/source0/longitudes.numpy (shape=(72668,), dtype=float64)
[2026-04-17 20:50:26,838][anemoi.utils.checkpoints][INFO] - Saving supporting array `source1/latitudes` to inference-anemoi-by_epoch-epoch_014-step_198960/anemoi-metadata/source1/latitudes.numpy (shape=(13965,), dtype=float64)
[2026-04-17 20:50:26,838][anemoi.utils.checkpoints][INFO] - Saving supporting array `source1/longitudes` to inference-anemoi-by_epoch-epoch_014-step_198960/anemoi-metadata/source1/longitudes.numpy (shape=(13965,), dtype=float64)
[2026-04-17 20:50:26,838][anemoi.utils.checkpoints][INFO] - Saving supporting array `grid_indices` to inference-anemoi-by_epoch-epoch_014-step_198960/anemoi-metadata/grid_indices.numpy (shape=(77419,), dtype=int64)
[2026-04-17 20:50:34,159][anemoi.utils.checkpoints][INFO] - Adding extra information to checkpoint /mnt/weatherloss/WindPower/training/EGU26/BigTransformer/checkpoint/BigTransformer/anemoi-by_epoch-epoch_014-step_198960.ckpt
[2026-04-17 20:50:34,159][anemoi.utils.checkpoints][INFO] - Saving metadata to archive/anemoi-metadata/anemoi.json
[2026-04-17 20:50:34,162][anemoi.utils.checkpoints][INFO] - Saving supporting array `latitudes` to archive/anemoi-metadata/latitudes.numpy (shape=(82068,), dtype=float64)
[2026-04-17 20:50:34,163][anemoi.utils.checkpoints][INFO] - Saving supporting array `longitudes` to archive/anemoi-metadata/longitudes.numpy (shape=(82068,), dtype=float64)
[2026-04-17 20:50:34,163][anemoi.utils.checkpoints][INFO] - Saving supporting array `lam_0/cutout_mask` to archive/anemoi-metadata/lam_0/cutout_mask.numpy (shape=(72668,), dtype=bool)
[2026-04-17 20:50:34,164][anemoi.utils.checkpoints][INFO] - Saving supporting array `global/cutout_mask` to archive/anemoi-metadata/global/cutout_mask.numpy (shape=(13965,), dtype=bool)
[2026-04-17 20:50:34,164][anemoi.utils.checkpoints][INFO] - Saving supporting array `source0/latitudes` to archive/anemoi-metadata/source0/latitudes.numpy (shape=(72668,), dtype=float64)
[2026-04-17 20:50:34,164][anemoi.utils.checkpoints][INFO] - Saving supporting array `source0/longitudes` to archive/anemoi-metadata/source0/longitudes.numpy (shape=(72668,), dtype=float64)
[2026-04-17 20:50:34,165][anemoi.utils.checkpoints][INFO] - Saving supporting array `source1/latitudes` to archive/anemoi-metadata/source1/latitudes.numpy (shape=(13965,), dtype=float64)
[2026-04-17 20:50:55,758][anemoi.utils.checkpoints][INFO] - Saving supporting array `source1/longitudes` to archive/anemoi-metadata/source1/longitudes.numpy (shape=(13965,), dtype=float64)
[2026-04-17 20:50:55,758][anemoi.utils.checkpoints][INFO] - Saving supporting array `grid_indices` to archive/anemoi-metadata/grid_indices.numpy (shape=(77419,), dtype=int64)
[2026-04-17 20:50:56,842][anemoi.utils.checkpoints][INFO] - Adding extra information to checkpoint /mnt/weatherloss/WindPower/training/EGU26/BigTransformer/checkpoint/BigTransformer/inference-last.ckpt
[2026-04-17 20:50:56,842][anemoi.utils.checkpoints][INFO] - Saving metadata to inference-last/anemoi-metadata/anemoi.json
[2026-04-17 20:50:56,844][anemoi.utils.checkpoints][INFO] - Saving supporting array `latitudes` to inference-last/anemoi-metadata/latitudes.numpy (shape=(82068,), dtype=float64)
[2026-04-17 20:50:56,845][anemoi.utils.checkpoints][INFO] - Saving supporting array `longitudes` to inference-last/anemoi-metadata/longitudes.numpy (shape=(82068,), dtype=float64)
[2026-04-17 20:50:56,846][anemoi.utils.checkpoints][INFO] - Saving supporting array `lam_0/cutout_mask` to inference-last/anemoi-metadata/lam_0/cutout_mask.numpy (shape=(72668,), dtype=bool)
[2026-04-17 20:50:56,846][anemoi.utils.checkpoints][INFO] - Saving supporting array `global/cutout_mask` to inference-last/anemoi-metadata/global/cutout_mask.numpy (shape=(13965,), dtype=bool)
[2026-04-17 20:50:56,846][anemoi.utils.checkpoints][INFO] - Saving supporting array `source0/latitudes` to inference-last/anemoi-metadata/source0/latitudes.numpy (shape=(72668,), dtype=float64)
[2026-04-17 20:50:56,847][anemoi.utils.checkpoints][INFO] - Saving supporting array `source0/longitudes` to inference-last/anemoi-metadata/source0/longitudes.numpy (shape=(72668,), dtype=float64)
[2026-04-17 20:50:56,848][anemoi.utils.checkpoints][INFO] - Saving supporting array `source1/latitudes` to inference-last/anemoi-metadata/source1/latitudes.numpy (shape=(13965,), dtype=float64)
[2026-04-17 20:50:56,848][anemoi.utils.checkpoints][INFO] - Saving supporting array `source1/longitudes` to inference-last/anemoi-metadata/source1/longitudes.numpy (shape=(13965,), dtype=float64)
[2026-04-17 20:50:56,848][anemoi.utils.checkpoints][INFO] - Saving supporting array `grid_indices` to inference-last/anemoi-metadata/grid_indices.numpy (shape=(77419,), dtype=int64)
[2026-04-17 20:51:03,766][anemoi.utils.checkpoints][INFO] - Adding extra information to checkpoint /mnt/weatherloss/WindPower/training/EGU26/BigTransformer/checkpoint/BigTransformer/last.ckpt
[2026-04-17 20:51:03,766][anemoi.utils.checkpoints][INFO] - Saving metadata to archive/anemoi-metadata/anemoi.json
[2026-04-17 20:51:03,769][anemoi.utils.checkpoints][INFO] - Saving supporting array `latitudes` to archive/anemoi-metadata/latitudes.numpy (shape=(82068,), dtype=float64)
[2026-04-17 20:51:03,770][anemoi.utils.checkpoints][INFO] - Saving supporting array `longitudes` to archive/anemoi-metadata/longitudes.numpy (shape=(82068,), dtype=float64)
[2026-04-17 20:51:03,772][anemoi.utils.checkpoints][INFO] - Saving supporting array `lam_0/cutout_mask` to archive/anemoi-metadata/lam_0/cutout_mask.numpy (shape=(72668,), dtype=bool)
[2026-04-17 20:51:03,772][anemoi.utils.checkpoints][INFO] - Saving supporting array `global/cutout_mask` to archive/anemoi-metadata/global/cutout_mask.numpy (shape=(13965,), dtype=bool)
[2026-04-17 20:51:03,772][anemoi.utils.checkpoints][INFO] - Saving supporting array `source0/latitudes` to archive/anemoi-metadata/source0/latitudes.numpy (shape=(72668,), dtype=float64)
[2026-04-17 20:51:03,773][anemoi.utils.checkpoints][INFO] - Saving supporting array `source0/longitudes` to archive/anemoi-metadata/source0/longitudes.numpy (shape=(72668,), dtype=float64)
[2026-04-17 20:51:03,774][anemoi.utils.checkpoints][INFO] - Saving supporting array `source1/latitudes` to archive/anemoi-metadata/source1/latitudes.numpy (shape=(13965,), dtype=float64)
[2026-04-17 20:51:03,775][anemoi.utils.checkpoints][INFO] - Saving supporting array `source1/longitudes` to archive/anemoi-metadata/source1/longitudes.numpy (shape=(13965,), dtype=float64)
[2026-04-17 20:51:03,775][anemoi.utils.checkpoints][INFO] - Saving supporting array `grid_indices` to archive/anemoi-metadata/grid_indices.numpy (shape=(77419,), dtype=int64)
[2026-04-17 21:11:15,535][pytorch_lightning.utilities.rank_zero][INFO] - `Trainer.fit` stopped: `max_steps=200000` reached.
[2026-04-17 21:11:16,956][anemoi.utils.checkpoints][INFO] - Adding extra information to checkpoint /mnt/weatherloss/WindPower/training/EGU26/BigTransformer/checkpoint/BigTransformer/inference-anemoi-by_time-epoch_015-step_200000.ckpt
[2026-04-17 21:11:16,956][anemoi.utils.checkpoints][INFO] - Saving metadata to inference-anemoi-by_time-epoch_015-step_200000/anemoi-metadata/anemoi.json
[2026-04-17 21:11:16,958][anemoi.utils.checkpoints][INFO] - Saving supporting array `latitudes` to inference-anemoi-by_time-epoch_015-step_200000/anemoi-metadata/latitudes.numpy (shape=(82068,), dtype=float64)
[2026-04-17 21:11:16,959][anemoi.utils.checkpoints][INFO] - Saving supporting array `longitudes` to inference-anemoi-by_time-epoch_015-step_200000/anemoi-metadata/longitudes.numpy (shape=(82068,), dtype=float64)
[2026-04-17 21:11:16,960][anemoi.utils.checkpoints][INFO] - Saving supporting array `lam_0/cutout_mask` to inference-anemoi-by_time-epoch_015-step_200000/anemoi-metadata/lam_0/cutout_mask.numpy (shape=(72668,), dtype=bool)
[2026-04-17 21:11:16,960][anemoi.utils.checkpoints][INFO] - Saving supporting array `global/cutout_mask` to inference-anemoi-by_time-epoch_015-step_200000/anemoi-metadata/global/cutout_mask.numpy (shape=(13965,), dtype=bool)
[2026-04-17 21:11:16,960][anemoi.utils.checkpoints][INFO] - Saving supporting array `source0/latitudes` to inference-anemoi-by_time-epoch_015-step_200000/anemoi-metadata/source0/latitudes.numpy (shape=(72668,), dtype=float64)
[2026-04-17 21:11:16,961][anemoi.utils.checkpoints][INFO] - Saving supporting array `source0/longitudes` to inference-anemoi-by_time-epoch_015-step_200000/anemoi-metadata/source0/longitudes.numpy (shape=(72668,), dtype=float64)
[2026-04-17 21:11:16,961][anemoi.utils.checkpoints][INFO] - Saving supporting array `source1/latitudes` to inference-anemoi-by_time-epoch_015-step_200000/anemoi-metadata/source1/latitudes.numpy (shape=(13965,), dtype=float64)
[2026-04-17 21:11:16,962][anemoi.utils.checkpoints][INFO] - Saving supporting array `source1/longitudes` to inference-anemoi-by_time-epoch_015-step_200000/anemoi-metadata/source1/longitudes.numpy (shape=(13965,), dtype=float64)
[2026-04-17 21:11:16,962][anemoi.utils.checkpoints][INFO] - Saving supporting array `grid_indices` to inference-anemoi-by_time-epoch_015-step_200000/anemoi-metadata/grid_indices.numpy (shape=(77419,), dtype=int64)
[2026-04-17 21:11:25,033][anemoi.utils.checkpoints][INFO] - Adding extra information to checkpoint /mnt/weatherloss/WindPower/training/EGU26/BigTransformer/checkpoint/BigTransformer/anemoi-by_time-epoch_015-step_200000.ckpt
[2026-04-17 21:11:25,033][anemoi.utils.checkpoints][INFO] - Saving metadata to archive/anemoi-metadata/anemoi.json
[2026-04-17 21:11:25,035][anemoi.utils.checkpoints][INFO] - Saving supporting array `latitudes` to archive/anemoi-metadata/latitudes.numpy (shape=(82068,), dtype=float64)
[2026-04-17 21:11:25,036][anemoi.utils.checkpoints][INFO] - Saving supporting array `longitudes` to archive/anemoi-metadata/longitudes.numpy (shape=(82068,), dtype=float64)
[2026-04-17 21:11:25,037][anemoi.utils.checkpoints][INFO] - Saving supporting array `lam_0/cutout_mask` to archive/anemoi-metadata/lam_0/cutout_mask.numpy (shape=(72668,), dtype=bool)
[2026-04-17 21:11:25,037][anemoi.utils.checkpoints][INFO] - Saving supporting array `global/cutout_mask` to archive/anemoi-metadata/global/cutout_mask.numpy (shape=(13965,), dtype=bool)
[2026-04-17 21:11:25,037][anemoi.utils.checkpoints][INFO] - Saving supporting array `source0/latitudes` to archive/anemoi-metadata/source0/latitudes.numpy (shape=(72668,), dtype=float64)
[2026-04-17 21:11:25,038][anemoi.utils.checkpoints][INFO] - Saving supporting array `source0/longitudes` to archive/anemoi-metadata/source0/longitudes.numpy (shape=(72668,), dtype=float64)
[2026-04-17 21:11:25,038][anemoi.utils.checkpoints][INFO] - Saving supporting array `source1/latitudes` to archive/anemoi-metadata/source1/latitudes.numpy (shape=(13965,), dtype=float64)
[2026-04-17 21:11:25,038][anemoi.utils.checkpoints][INFO] - Saving supporting array `source1/longitudes` to archive/anemoi-metadata/source1/longitudes.numpy (shape=(13965,), dtype=float64)
[2026-04-17 21:11:25,039][anemoi.utils.checkpoints][INFO] - Saving supporting array `grid_indices` to archive/anemoi-metadata/grid_indices.numpy (shape=(77419,), dtype=int64)
[2026-04-17 21:11:25,946][anemoi.utils.checkpoints][INFO] - Adding extra information to checkpoint /mnt/weatherloss/WindPower/training/EGU26/BigTransformer/checkpoint/BigTransformer/inference-last.ckpt
[2026-04-17 21:11:25,946][anemoi.utils.checkpoints][INFO] - Saving metadata to inference-last/anemoi-metadata/anemoi.json
[2026-04-17 21:11:25,948][anemoi.utils.checkpoints][INFO] - Saving supporting array `latitudes` to inference-last/anemoi-metadata/latitudes.numpy (shape=(82068,), dtype=float64)
[2026-04-17 21:11:25,949][anemoi.utils.checkpoints][INFO] - Saving supporting array `longitudes` to inference-last/anemoi-metadata/longitudes.numpy (shape=(82068,), dtype=float64)
[2026-04-17 21:11:25,949][anemoi.utils.checkpoints][INFO] - Saving supporting array `lam_0/cutout_mask` to inference-last/anemoi-metadata/lam_0/cutout_mask.numpy (shape=(72668,), dtype=bool)
[2026-04-17 21:11:25,949][anemoi.utils.checkpoints][INFO] - Saving supporting array `global/cutout_mask` to inference-last/anemoi-metadata/global/cutout_mask.numpy (shape=(13965,), dtype=bool)
[2026-04-17 21:11:25,950][anemoi.utils.checkpoints][INFO] - Saving supporting array `source0/latitudes` to inference-last/anemoi-metadata/source0/latitudes.numpy (shape=(72668,), dtype=float64)
[2026-04-17 21:11:25,950][anemoi.utils.checkpoints][INFO] - Saving supporting array `source0/longitudes` to inference-last/anemoi-metadata/source0/longitudes.numpy (shape=(72668,), dtype=float64)
[2026-04-17 21:11:25,951][anemoi.utils.checkpoints][INFO] - Saving supporting array `source1/latitudes` to inference-last/anemoi-metadata/source1/latitudes.numpy (shape=(13965,), dtype=float64)
[2026-04-17 21:11:25,951][anemoi.utils.checkpoints][INFO] - Saving supporting array `source1/longitudes` to inference-last/anemoi-metadata/source1/longitudes.numpy (shape=(13965,), dtype=float64)
[2026-04-17 21:11:25,951][anemoi.utils.checkpoints][INFO] - Saving supporting array `grid_indices` to inference-last/anemoi-metadata/grid_indices.numpy (shape=(77419,), dtype=int64)
[2026-04-17 21:11:32,246][anemoi.utils.checkpoints][INFO] - Adding extra information to checkpoint /mnt/weatherloss/WindPower/training/EGU26/BigTransformer/checkpoint/BigTransformer/last.ckpt
[2026-04-17 21:11:32,246][anemoi.utils.checkpoints][INFO] - Saving metadata to archive/anemoi-metadata/anemoi.json
[2026-04-17 21:11:32,248][anemoi.utils.checkpoints][INFO] - Saving supporting array `latitudes` to archive/anemoi-metadata/latitudes.numpy (shape=(82068,), dtype=float64)
[2026-04-17 21:11:32,249][anemoi.utils.checkpoints][INFO] - Saving supporting array `longitudes` to archive/anemoi-metadata/longitudes.numpy (shape=(82068,), dtype=float64)
[2026-04-17 21:11:32,250][anemoi.utils.checkpoints][INFO] - Saving supporting array `lam_0/cutout_mask` to archive/anemoi-metadata/lam_0/cutout_mask.numpy (shape=(72668,), dtype=bool)
[2026-04-17 21:11:32,250][anemoi.utils.checkpoints][INFO] - Saving supporting array `global/cutout_mask` to archive/anemoi-metadata/global/cutout_mask.numpy (shape=(13965,), dtype=bool)
[2026-04-17 21:11:32,250][anemoi.utils.checkpoints][INFO] - Saving supporting array `source0/latitudes` to archive/anemoi-metadata/source0/latitudes.numpy (shape=(72668,), dtype=float64)
[2026-04-17 21:11:32,251][anemoi.utils.checkpoints][INFO] - Saving supporting array `source0/longitudes` to archive/anemoi-metadata/source0/longitudes.numpy (shape=(72668,), dtype=float64)
[2026-04-17 21:11:32,252][anemoi.utils.checkpoints][INFO] - Saving supporting array `source1/latitudes` to archive/anemoi-metadata/source1/latitudes.numpy (shape=(13965,), dtype=float64)
[2026-04-17 21:11:32,252][anemoi.utils.checkpoints][INFO] - Saving supporting array `source1/longitudes` to archive/anemoi-metadata/source1/longitudes.numpy (shape=(13965,), dtype=float64)
[2026-04-17 21:11:32,252][anemoi.utils.checkpoints][INFO] - Saving supporting array `grid_indices` to archive/anemoi-metadata/grid_indices.numpy (shape=(77419,), dtype=int64)
[2026-04-17 21:11:33,071][anemoi.utils.checkpoints][INFO] - Adding extra information to checkpoint /mnt/weatherloss/WindPower/training/EGU26/BigTransformer/checkpoint/BigTransformer/inference-anemoi-by_epoch-epoch_015-step_200000.ckpt
[2026-04-17 21:11:33,071][anemoi.utils.checkpoints][INFO] - Saving metadata to inference-anemoi-by_epoch-epoch_015-step_200000/anemoi-metadata/anemoi.json
[2026-04-17 21:11:33,074][anemoi.utils.checkpoints][INFO] - Saving supporting array `latitudes` to inference-anemoi-by_epoch-epoch_015-step_200000/anemoi-metadata/latitudes.numpy (shape=(82068,), dtype=float64)
[2026-04-17 21:11:33,075][anemoi.utils.checkpoints][INFO] - Saving supporting array `longitudes` to inference-anemoi-by_epoch-epoch_015-step_200000/anemoi-metadata/longitudes.numpy (shape=(82068,), dtype=float64)
[2026-04-17 21:11:33,075][anemoi.utils.checkpoints][INFO] - Saving supporting array `lam_0/cutout_mask` to inference-anemoi-by_epoch-epoch_015-step_200000/anemoi-metadata/lam_0/cutout_mask.numpy (shape=(72668,), dtype=bool)
[2026-04-17 21:11:33,076][anemoi.utils.checkpoints][INFO] - Saving supporting array `global/cutout_mask` to inference-anemoi-by_epoch-epoch_015-step_200000/anemoi-metadata/global/cutout_mask.numpy (shape=(13965,), dtype=bool)
[2026-04-17 21:11:33,076][anemoi.utils.checkpoints][INFO] - Saving supporting array `source0/latitudes` to inference-anemoi-by_epoch-epoch_015-step_200000/anemoi-metadata/source0/latitudes.numpy (shape=(72668,), dtype=float64)
[2026-04-17 21:11:33,076][anemoi.utils.checkpoints][INFO] - Saving supporting array `source0/longitudes` to inference-anemoi-by_epoch-epoch_015-step_200000/anemoi-metadata/source0/longitudes.numpy (shape=(72668,), dtype=float64)
[2026-04-17 21:11:33,077][anemoi.utils.checkpoints][INFO] - Saving supporting array `source1/latitudes` to inference-anemoi-by_epoch-epoch_015-step_200000/anemoi-metadata/source1/latitudes.numpy (shape=(13965,), dtype=float64)
[2026-04-17 21:11:33,077][anemoi.utils.checkpoints][INFO] - Saving supporting array `source1/longitudes` to inference-anemoi-by_epoch-epoch_015-step_200000/anemoi-metadata/source1/longitudes.numpy (shape=(13965,), dtype=float64)
[2026-04-17 21:11:33,078][anemoi.utils.checkpoints][INFO] - Saving supporting array `grid_indices` to inference-anemoi-by_epoch-epoch_015-step_200000/anemoi-metadata/grid_indices.numpy (shape=(77419,), dtype=int64)
[2026-04-17 21:11:39,177][anemoi.utils.checkpoints][INFO] - Adding extra information to checkpoint /mnt/weatherloss/WindPower/training/EGU26/BigTransformer/checkpoint/BigTransformer/anemoi-by_epoch-epoch_015-step_200000.ckpt
[2026-04-17 21:11:39,177][anemoi.utils.checkpoints][INFO] - Saving metadata to archive/anemoi-metadata/anemoi.json
[2026-04-17 21:11:39,179][anemoi.utils.checkpoints][INFO] - Saving supporting array `latitudes` to archive/anemoi-metadata/latitudes.numpy (shape=(82068,), dtype=float64)
[2026-04-17 21:11:39,180][anemoi.utils.checkpoints][INFO] - Saving supporting array `longitudes` to archive/anemoi-metadata/longitudes.numpy (shape=(82068,), dtype=float64)
[2026-04-17 21:11:39,181][anemoi.utils.checkpoints][INFO] - Saving supporting array `lam_0/cutout_mask` to archive/anemoi-metadata/lam_0/cutout_mask.numpy (shape=(72668,), dtype=bool)
[2026-04-17 21:11:39,181][anemoi.utils.checkpoints][INFO] - Saving supporting array `global/cutout_mask` to archive/anemoi-metadata/global/cutout_mask.numpy (shape=(13965,), dtype=bool)
[2026-04-17 21:11:39,181][anemoi.utils.checkpoints][INFO] - Saving supporting array `source0/latitudes` to archive/anemoi-metadata/source0/latitudes.numpy (shape=(72668,), dtype=float64)
[2026-04-17 21:11:39,181][anemoi.utils.checkpoints][INFO] - Saving supporting array `source0/longitudes` to archive/anemoi-metadata/source0/longitudes.numpy (shape=(72668,), dtype=float64)
[2026-04-17 21:11:39,233][anemoi.utils.checkpoints][INFO] - Saving supporting array `source1/latitudes` to archive/anemoi-metadata/source1/latitudes.numpy (shape=(13965,), dtype=float64)
[2026-04-17 21:11:39,233][anemoi.utils.checkpoints][INFO] - Saving supporting array `source1/longitudes` to archive/anemoi-metadata/source1/longitudes.numpy (shape=(13965,), dtype=float64)
[2026-04-17 21:11:39,233][anemoi.utils.checkpoints][INFO] - Saving supporting array `grid_indices` to archive/anemoi-metadata/grid_indices.numpy (shape=(77419,), dtype=int64)
[2026-04-17 21:11:40,759][anemoi.utils.checkpoints][INFO] - Adding extra information to checkpoint /mnt/weatherloss/WindPower/training/EGU26/BigTransformer/checkpoint/BigTransformer/inference-last.ckpt
[2026-04-17 21:11:40,759][anemoi.utils.checkpoints][INFO] - Saving metadata to inference-last/anemoi-metadata/anemoi.json
[2026-04-17 21:11:40,761][anemoi.utils.checkpoints][INFO] - Saving supporting array `latitudes` to inference-last/anemoi-metadata/latitudes.numpy (shape=(82068,), dtype=float64)
[2026-04-17 21:11:40,762][anemoi.utils.checkpoints][INFO] - Saving supporting array `longitudes` to inference-last/anemoi-metadata/longitudes.numpy (shape=(82068,), dtype=float64)
[2026-04-17 21:11:40,763][anemoi.utils.checkpoints][INFO] - Saving supporting array `lam_0/cutout_mask` to inference-last/anemoi-metadata/lam_0/cutout_mask.numpy (shape=(72668,), dtype=bool)
[2026-04-17 21:11:40,764][anemoi.utils.checkpoints][INFO] - Saving supporting array `global/cutout_mask` to inference-last/anemoi-metadata/global/cutout_mask.numpy (shape=(13965,), dtype=bool)
[2026-04-17 21:11:40,764][anemoi.utils.checkpoints][INFO] - Saving supporting array `source0/latitudes` to inference-last/anemoi-metadata/source0/latitudes.numpy (shape=(72668,), dtype=float64)
[2026-04-17 21:11:40,764][anemoi.utils.checkpoints][INFO] - Saving supporting array `source0/longitudes` to inference-last/anemoi-metadata/source0/longitudes.numpy (shape=(72668,), dtype=float64)
[2026-04-17 21:11:40,765][anemoi.utils.checkpoints][INFO] - Saving supporting array `source1/latitudes` to inference-last/anemoi-metadata/source1/latitudes.numpy (shape=(13965,), dtype=float64)
[2026-04-17 21:11:40,765][anemoi.utils.checkpoints][INFO] - Saving supporting array `source1/longitudes` to inference-last/anemoi-metadata/source1/longitudes.numpy (shape=(13965,), dtype=float64)
[2026-04-17 21:11:40,766][anemoi.utils.checkpoints][INFO] - Saving supporting array `grid_indices` to inference-last/anemoi-metadata/grid_indices.numpy (shape=(77419,), dtype=int64)
[2026-04-17 21:11:47,072][anemoi.utils.checkpoints][INFO] - Adding extra information to checkpoint /mnt/weatherloss/WindPower/training/EGU26/BigTransformer/checkpoint/BigTransformer/last.ckpt
[2026-04-17 21:11:47,072][anemoi.utils.checkpoints][INFO] - Saving metadata to archive/anemoi-metadata/anemoi.json
[2026-04-17 21:11:47,074][anemoi.utils.checkpoints][INFO] - Saving supporting array `latitudes` to archive/anemoi-metadata/latitudes.numpy (shape=(82068,), dtype=float64)
[2026-04-17 21:11:47,075][anemoi.utils.checkpoints][INFO] - Saving supporting array `longitudes` to archive/anemoi-metadata/longitudes.numpy (shape=(82068,), dtype=float64)
[2026-04-17 21:11:47,076][anemoi.utils.checkpoints][INFO] - Saving supporting array `lam_0/cutout_mask` to archive/anemoi-metadata/lam_0/cutout_mask.numpy (shape=(72668,), dtype=bool)
[2026-04-17 21:11:47,076][anemoi.utils.checkpoints][INFO] - Saving supporting array `global/cutout_mask` to archive/anemoi-metadata/global/cutout_mask.numpy (shape=(13965,), dtype=bool)
[2026-04-17 21:11:47,076][anemoi.utils.checkpoints][INFO] - Saving supporting array `source0/latitudes` to archive/anemoi-metadata/source0/latitudes.numpy (shape=(72668,), dtype=float64)
[2026-04-17 21:11:47,077][anemoi.utils.checkpoints][INFO] - Saving supporting array `source0/longitudes` to archive/anemoi-metadata/source0/longitudes.numpy (shape=(72668,), dtype=float64)
[2026-04-17 21:11:47,077][anemoi.utils.checkpoints][INFO] - Saving supporting array `source1/latitudes` to archive/anemoi-metadata/source1/latitudes.numpy (shape=(13965,), dtype=float64)
[2026-04-17 21:11:47,078][anemoi.utils.checkpoints][INFO] - Saving supporting array `source1/longitudes` to archive/anemoi-metadata/source1/longitudes.numpy (shape=(13965,), dtype=float64)
[2026-04-17 21:11:47,078][anemoi.utils.checkpoints][INFO] - Saving supporting array `grid_indices` to archive/anemoi-metadata/grid_indices.numpy (shape=(77419,), dtype=int64)
