[2026-04-14 14:38:38,291][anemoi.training.train.train][INFO] - Skipping config validation.
[2026-04-14 14:38:38,291][anemoi.training.train.train][INFO] - Starting from checkpoint: False
[2026-04-14 14:38:38,292][anemoi.training.train.train][INFO] - Run id: 89cf9760-61c4-4715-9946-7d169deb4028
[2026-04-14 14:38:38,292][anemoi.training.train.train][INFO] - Checkpoints path: {'root': PosixPath('/mnt/weatherloss/WindPower/training/EGU26/BigTransformer/checkpoint/89cf9760-61c4-4715-9946-7d169deb4028'), 'every_n_epochs': 'anemoi-by_epoch-epoch_{epoch:03d}-step_{step:06d}', 'every_n_train_steps': 'anemoi-by_step-epoch_{epoch:03d}-step_{step:06d}', 'every_n_minutes': 'anemoi-by_time-epoch_{epoch:03d}-step_{step:06d}'}
[2026-04-14 14:38:38,292][anemoi.training.train.train][INFO] - Plots path: /mnt/weatherloss/WindPower/training/EGU26/BigTransformer/plots/89cf9760-61c4-4715-9946-7d169deb4028
[2026-04-14 14:38:38,589][anemoi.graphs.nodes.builders.from_file][INFO] - Reading the dataset from {'cutout': [{'dataset': '/mnt/weatherloss/WindPower/data/EGU26/Anemoidatasets/New_Cerra_A_large.zarr'}, {'dataset': '/mnt/weatherloss/WindPower/data/EGU26/Anemoidatasets/era5_A_large.zarr'}], 'min_distance_km': 0, 'adjust': 'all'}.
[2026-04-14 14:38:40,697][anemoi.graphs.generate.masks][INFO] - Fitting KNNAreaMaskBuilder with 72668 reference nodes from "data (cutout)".
[2026-04-14 14:39:00,601][anemoi.graphs.edges.builders.knn][INFO] - Using KNN-Edges (with 12 nearest neighbours) between data and hidden.
[2026-04-14 14:39:00,609][anemoi.graphs.edges.builders.base][WARNING] - The 'torch-cluster' library is not installed.
Installing 'torch-cluster' can significantly improve performance for graph creation.
You can install it using:
    TORCH_VERSION=$(python -c "import torch; print(torch.__version__)")
    pip install torch-cluster -f https://data.pyg.org/whl/torch-${TORCH_VERSION}.html

[2026-04-14 14:39:00,806][anemoi.graphs.edges.builders.cutoff][INFO] - Using CutOff-Edges (with radius = 15.0 km [direct]) between data and hidden.
[2026-04-14 14:39:00,807][anemoi.graphs.edges.builders.base][WARNING] - The 'torch-cluster' library is not installed.
Installing 'torch-cluster' can significantly improve performance for graph creation.
You can install it using:
    TORCH_VERSION=$(python -c "import torch; print(torch.__version__)")
    pip install torch-cluster -f https://data.pyg.org/whl/torch-${TORCH_VERSION}.html

[2026-04-14 14:40:09,980][anemoi.graphs.edges.builders.knn][INFO] - Using KNN-Edges (with 3 nearest neighbours) between hidden and data.
[2026-04-14 14:40:09,980][anemoi.graphs.edges.builders.base][WARNING] - The 'torch-cluster' library is not installed.
Installing 'torch-cluster' can significantly improve performance for graph creation.
You can install it using:
    TORCH_VERSION=$(python -c "import torch; print(torch.__version__)")
    pip install torch-cluster -f https://data.pyg.org/whl/torch-${TORCH_VERSION}.html

[2026-04-14 14:40:10,296][anemoi.graphs.create][INFO] - Cleaning graph.
[2026-04-14 14:40:10,296][anemoi.graphs.create][INFO] - _grid_reference_distance deleted from graph.
[2026-04-14 14:40:10,296][anemoi.graphs.create][INFO] - _dataset deleted from graph.
[2026-04-14 14:40:10,296][anemoi.graphs.create][INFO] - _grid_reference_distance deleted from graph.
[2026-04-14 14:40:10,296][anemoi.graphs.create][INFO] - _area_mask_builder deleted from graph.
[2026-04-14 14:40:10,297][anemoi.graphs.create][INFO] - _node_ordering deleted from graph.
[2026-04-14 14:40:10,297][anemoi.graphs.create][INFO] - _nx_graph deleted from graph.
[2026-04-14 14:40:10,297][anemoi.graphs.create][INFO] - _resolutions deleted from graph.
[2026-04-14 14:40:10,302][anemoi.graphs.processors.post_process][INFO] - Removing 120985 edges from ('data', 'to', 'hidden').
[2026-04-14 14:40:10,305][anemoi.graphs.processors.post_process][INFO] - Recomputing edge attribute edge_length.
[2026-04-14 14:40:10,307][anemoi.graphs.processors.post_process][INFO] - Recomputing edge attribute edge_dirs.
[2026-04-14 14:40:10,364][anemoi.graphs.processors.post_process][INFO] - Removing 4649 nodes from data.
[2026-04-14 14:40:11,265][anemoi.graphs.processors.post_process][INFO] - An attribute indices_connected_nodes has been added with the indices to mask the nodes from the original graph.
[2026-04-14 14:40:11,482][anemoi.graphs.create][INFO] - Graph saved at /mnt/weatherloss/WindPower/graphs/EGU26/EGUgraph15km.pt.
[2026-04-14 14:40:12,266][anemoi.training.data.datamodule][WARNING] - Falling back rollout to: 1
[2026-04-14 14:40:12,267][anemoi.training.data.datamodule][INFO] - Timeincrement set to 1 for data with frequency, 10800, and timestep, 10800
[2026-04-14 14:40:12,268][anemoi.training.data.grid_indices][INFO] - The graph attribute indices_connected_nodes of the data nodes will be used to masking the spatial dimension.
[2026-04-14 14:40:12,269][anemoi.training.train.train][INFO] - Number of data variables: 67
[2026-04-14 14:40:12,270][anemoi.training.train.train][INFO] - Variables: ['cos_julian_day', 'cos_latitude', 'cos_longitude', 'insolation', 'lsm', 'mcc', 'msl', 'q_1000', 'q_500', 'q_600', 'q_700', 'q_750', 'q_800', 'q_850', 'q_900', 'q_950', 'sin_julian_day', 'sin_latitude', 'sin_longitude', 't2m', 't_1000', 't_500', 't_600', 't_700', 't_750', 't_800', 't_850', 't_900', 't_950', 'u_1000', 'u_500', 'u_600', 'u_700', 'u_750', 'u_800', 'u_850', 'u_900', 'u_950', 'v_1000', 'v_500', 'v_600', 'v_700', 'v_750', 'v_800', 'v_850', 'v_900', 'v_950', 'wdir100_cos', 'wdir100_sin', 'wdir10_cos', 'wdir10_sin', 'ws10', 'ws100', 'z_1000', 'z_500', 'z_600', 'z_700', 'z_750', 'z_800', 'z_850', 'z_900', 'z_950', 'z_sfc', 'power', 'capacity', 'turbinecount', 'turbinemask']
[2026-04-14 14:40:12,270][anemoi.training.train.train][INFO] - Total number of prognostic variables: 55
[2026-04-14 14:40:12,270][anemoi.training.train.train][INFO] - Total number of auxiliary variables: 12
[2026-04-14 14:40:12,270][anemoi.training.train.train][INFO] - Total GPU count / model group size: 2 - NB: the learning rate will be scaled by this factor!
[2026-04-14 14:40:12,271][anemoi.training.train.train][INFO] - Effective learning rate: 2.500e-04
[2026-04-14 14:40:12,271][anemoi.training.train.train][INFO] - Training limits: max_epochs=30, max_steps=200000. Training will stop when either limit is reached first. Learning rate scheduler will run for 200000 steps.
[2026-04-14 14:40:12,303][anemoi.models.migrations.migrator][INFO] - Loading migration 1755530253_initial
[2026-04-14 14:40:12,303][anemoi.models.migrations.migrator][INFO] - Loading migration 1762857427_deprecate_eda
[2026-04-14 14:40:12,303][anemoi.models.migrations.migrator][INFO] - Loading migration 1762857428_chunking_fix
[2026-04-14 14:40:12,303][anemoi.models.migrations.migrator][INFO] - Loading migration 1763479917_hardware_schema_update
[2026-04-14 14:40:12,353][anemoi.training.train.train][INFO] - TensorBoard logger enabled
[2026-04-14 14:40:12,962][anemoi.training.train.train][INFO] - Initial seed: Rank 1, initial seed 4552, running with random seed: 4552
[2026-04-14 14:40:14,964][anemoi.models.preprocessing.imputer][WARNING] - If placement of NaNs for diagnostic variables in inference output is desired, this needs to be handled by postprocessors: power
[2026-04-14 14:40:14,964][anemoi.models.preprocessing.imputer][INFO] - Imputer: replacing NaNs in power with value 0.0
[2026-04-14 14:40:14,964][anemoi.models.preprocessing.imputer][INFO] - Imputer: replacing NaNs in capacity with value 0.0
[2026-04-14 14:40:14,964][anemoi.models.preprocessing.imputer][INFO] - Imputer: replacing NaNs in turbinecount with value 0.0
[2026-04-14 14:40:14,964][anemoi.models.preprocessing.imputer][INFO] - Imputer: replacing NaNs in turbinemask with value 0.0
[2026-04-14 14:40:14,968][anemoi.models.preprocessing.normalizer][INFO] - Normalizing: cos_latitude is not normalized.
[2026-04-14 14:40:14,968][anemoi.models.preprocessing.normalizer][INFO] - Normalizing: cos_longitude is not normalized.
[2026-04-14 14:40:14,968][anemoi.models.preprocessing.normalizer][INFO] - Normalizing: lsm is not normalized.
[2026-04-14 14:40:14,968][anemoi.models.preprocessing.normalizer][INFO] - Normalizing: mcc is not normalized.
[2026-04-14 14:40:14,968][anemoi.models.preprocessing.normalizer][INFO] - Normalizing: sin_latitude is not normalized.
[2026-04-14 14:40:14,968][anemoi.models.preprocessing.normalizer][INFO] - Normalizing: sin_longitude is not normalized.
[2026-04-14 14:40:14,968][anemoi.models.preprocessing.normalizer][INFO] - Normalizing: turbinemask is not normalized.
[2026-04-14 14:40:15,063][anemoi.models.layers.utils][INFO] - Linear kernel: torch.nn.Linear.
[2026-04-14 14:40:15,064][anemoi.models.layers.utils][INFO] - LayerNorm kernel: torch.nn.LayerNorm.
[2026-04-14 14:40:15,064][anemoi.models.layers.utils][INFO] - Activation kernel: torch.nn.GELU.
[2026-04-14 14:40:15,065][anemoi.models.layers.utils][INFO] - QueryNorm kernel: anemoi.models.layers.normalization.AutocastLayerNorm.
[2026-04-14 14:40:15,066][anemoi.models.layers.utils][INFO] - KeyNorm kernel: anemoi.models.layers.normalization.AutocastLayerNorm.
[2026-04-14 14:40:15,178][anemoi.models.layers.block][INFO] - GraphTransformerMapperBlock using triton graph attention backend.
[2026-04-14 14:40:15,182][anemoi.models.layers.utils][INFO] - Linear kernel: torch.nn.Linear.
[2026-04-14 14:40:15,183][anemoi.models.layers.utils][INFO] - LayerNorm kernel: torch.nn.LayerNorm.
[2026-04-14 14:40:15,183][anemoi.models.layers.utils][INFO] - Activation kernel: torch.nn.GELU.
[2026-04-14 14:40:15,183][anemoi.models.layers.utils][INFO] - QueryNorm kernel: anemoi.models.layers.normalization.AutocastLayerNorm.
[2026-04-14 14:40:15,184][anemoi.models.layers.utils][INFO] - KeyNorm kernel: anemoi.models.layers.normalization.AutocastLayerNorm.
[2026-04-14 14:40:15,317][anemoi.models.layers.attention][INFO] - Using flash attention v2
[2026-04-14 14:40:15,332][anemoi.models.layers.attention][INFO] - Using flash attention v2
[2026-04-14 14:40:15,347][anemoi.models.layers.attention][INFO] - Using flash attention v2
[2026-04-14 14:40:15,367][anemoi.models.layers.attention][INFO] - Using flash attention v2
[2026-04-14 14:40:15,390][anemoi.models.layers.attention][INFO] - Using flash attention v2
[2026-04-14 14:40:15,405][anemoi.models.layers.attention][INFO] - Using flash attention v2
[2026-04-14 14:40:15,421][anemoi.models.layers.attention][INFO] - Using flash attention v2
[2026-04-14 14:40:15,438][anemoi.models.layers.attention][INFO] - Using flash attention v2
[2026-04-14 14:40:15,459][anemoi.models.layers.attention][INFO] - Using flash attention v2
[2026-04-14 14:40:15,487][anemoi.models.layers.attention][INFO] - Using flash attention v2
[2026-04-14 14:40:15,509][anemoi.models.layers.attention][INFO] - Using flash attention v2
[2026-04-14 14:40:15,529][anemoi.models.layers.attention][INFO] - Using flash attention v2
[2026-04-14 14:40:15,551][anemoi.models.layers.utils][INFO] - Linear kernel: torch.nn.Linear.
[2026-04-14 14:40:15,551][anemoi.models.layers.utils][INFO] - LayerNorm kernel: torch.nn.LayerNorm.
[2026-04-14 14:40:15,551][anemoi.models.layers.utils][INFO] - Activation kernel: torch.nn.GELU.
[2026-04-14 14:40:15,552][anemoi.models.layers.utils][INFO] - QueryNorm kernel: anemoi.models.layers.normalization.AutocastLayerNorm.
[2026-04-14 14:40:15,552][anemoi.models.layers.utils][INFO] - KeyNorm kernel: anemoi.models.layers.normalization.AutocastLayerNorm.
[2026-04-14 14:40:15,581][anemoi.models.layers.block][INFO] - GraphTransformerMapperBlock using triton graph attention backend.
[2026-04-14 14:40:15,815][anemoi.training.losses.scalers.variable_level][INFO] - Variable Level Scaling: Applying ReluVariableLevelScaler scaling to pl variables (['q', 't', 'u', 'v', 'z'])
[2026-04-14 14:40:15,815][anemoi.training.losses.scalers.variable_level][INFO] - with slope = 0.001 and y-intercept/minimum = 0.2.
[2026-04-14 14:40:15,994][anemoi.training.data.grid_indices][INFO] - The graph attribute indices_connected_nodes of the data nodes will be used to masking the spatial dimension.
[2026-04-14 14:40:15,996][anemoi.training.train.train][INFO] - The following submodules will NOT be trained: []
[2026-04-14 14:40:36,195][anemoi.training.data.datamodule][WARNING] - Falling back rollout to: 1
[2026-04-14 14:40:36,351][anemoi.training.data.dataset][INFO] - NativeGridDataset.set_group_info(): global_rank 1, model_comm_group_id 1, model_comm_group_rank 0, model_comm_num_groups 2, reader_group_rank 0
[2026-04-14 14:40:36,767][anemoi.training.data.dataset][INFO] - Worker 0 (pid 3079, global_rank 1, model comm group 1)  has low/high range 727 / 817
[2026-04-14 14:40:37,168][anemoi.training.data.dataset][INFO] - Worker 1 (pid 3177, global_rank 1, model comm group 1)  has low/high range 817 / 907
[2026-04-14 14:40:38,365][anemoi.training.data.dataset][INFO] - Worker 2 (pid 3323, global_rank 1, model comm group 1)  has low/high range 907 / 997
[2026-04-14 14:40:38,969][anemoi.training.data.dataset][INFO] - Worker 3 (pid 3423, global_rank 1, model comm group 1)  has low/high range 997 / 1087
[2026-04-14 14:40:39,865][anemoi.training.data.dataset][INFO] - Worker 4 (pid 3521, global_rank 1, model comm group 1)  has low/high range 1087 / 1177
[2026-04-14 14:40:41,267][anemoi.training.data.dataset][INFO] - Worker 6 (pid 3718, global_rank 1, model comm group 1)  has low/high range 1267 / 1357
[2026-04-14 14:40:41,063][anemoi.training.data.dataset][INFO] - Worker 5 (pid 3622, global_rank 1, model comm group 1)  has low/high range 1177 / 1267
[2026-04-14 14:40:41,966][anemoi.training.data.dataset][INFO] - Worker 7 (pid 3823, global_rank 1, model comm group 1)  has low/high range 1357 / 1447
[2026-04-14 14:40:41,972][anemoi.models.data_indices.collection][INFO] - The order of the variables in the model matches the order in the data.
[2026-04-14 14:41:27,876][anemoi.training.data.dataset][INFO] - NativeGridDataset.set_group_info(): global_rank 1, model_comm_group_id 1, model_comm_group_rank 0, model_comm_num_groups 2, reader_group_rank 0
[2026-04-14 14:41:29,264][anemoi.training.data.dataset][INFO] - Worker 0 (pid 4266, global_rank 1, model comm group 1)  has low/high range 13271 / 14929
[2026-04-14 14:41:30,668][anemoi.training.data.dataset][INFO] - Worker 1 (pid 4379, global_rank 1, model comm group 1)  has low/high range 14929 / 16587
[2026-04-14 14:41:31,671][anemoi.training.data.dataset][INFO] - Worker 2 (pid 4499, global_rank 1, model comm group 1)  has low/high range 16587 / 18245
[2026-04-14 14:41:32,465][anemoi.training.data.dataset][INFO] - Worker 3 (pid 4595, global_rank 1, model comm group 1)  has low/high range 18245 / 19903
[2026-04-14 14:41:33,764][anemoi.training.data.dataset][INFO] - Worker 4 (pid 4743, global_rank 1, model comm group 1)  has low/high range 19903 / 21561
[2026-04-14 14:41:35,069][anemoi.training.data.dataset][INFO] - Worker 5 (pid 4843, global_rank 1, model comm group 1)  has low/high range 21561 / 23219
[2026-04-14 14:41:36,568][anemoi.training.data.dataset][INFO] - Worker 6 (pid 4969, global_rank 1, model comm group 1)  has low/high range 23219 / 24877
[2026-04-14 14:41:37,572][anemoi.training.data.dataset][INFO] - Worker 7 (pid 5049, global_rank 1, model comm group 1)  has low/high range 24877 / 26535
[2026-04-14 14:42:07,367][anemoi.models.data_indices.collection][INFO] - The order of the variables in the model matches the order in the data.
