[2026-01-07 14:11:13,018][anemoi.training.train.train][INFO] - Skipping config validation.
[2026-01-07 14:11:13,018][anemoi.training.train.train][INFO] - Starting from checkpoint: True
[2026-01-07 14:11:13,018][anemoi.training.train.train][INFO] - Run id: 99bea89a-0012-4f75-b5b8-bd65db4240b4
[2026-01-07 14:11:13,019][anemoi.training.train.train][INFO] - Checkpoints path: {'root': PosixPath('/mnt/weatherloss/WindPower/training/CI/Transformer/checkpoint/99bea89a-0012-4f75-b5b8-bd65db4240b4'), 'every_n_epochs': 'anemoi-by_epoch-epoch_{epoch:03d}-step_{step:06d}', 'every_n_train_steps': 'anemoi-by_step-epoch_{epoch:03d}-step_{step:06d}', 'every_n_minutes': 'anemoi-by_time-epoch_{epoch:03d}-step_{step:06d}'}
[2026-01-07 14:11:13,019][anemoi.training.train.train][INFO] - Plots path: /mnt/weatherloss/WindPower/training/CI/Transformer/plots/99bea89a-0012-4f75-b5b8-bd65db4240b4
[2026-01-07 14:11:13,268][anemoi.graphs.nodes.builders.from_file][INFO] - Reading the dataset from {'cutout': [{'dataset': '/mnt/weatherloss/WindPower/data/NorthSea/Anemoidatasets/Cerra_CI_HR_A.zarr'}, {'dataset': '/mnt/weatherloss/WindPower/data/NorthSea/Anemoidatasets/Cerra_CI_LR_A.zarr'}], 'min_distance_km': 0, 'adjust': 'all'}.
[2026-01-07 14:11:14,170][anemoi.graphs.generate.masks][INFO] - Fitting KNNAreaMaskBuilder with 24386 reference nodes from "data (cutout)".
[2026-01-07 14:11:30,804][anemoi.graphs.edges.builders.knn][INFO] - Using KNN-Edges (with 12 nearest neighbours) between data and hidden.
[2026-01-07 14:11:30,811][anemoi.graphs.edges.builders.base][WARNING] - The 'torch-cluster' library is not installed.
Installing 'torch-cluster' can significantly improve performance for graph creation.
You can install it using:
    TORCH_VERSION=$(python -c "import torch; print(torch.__version__)")
    pip install torch-cluster -f https://data.pyg.org/whl/torch-${TORCH_VERSION}.html

[2026-01-07 14:11:30,896][anemoi.graphs.edges.builders.cutoff][INFO] - Using CutOff-Edges (with radius = 65.0 km [factor=4.00]) between data and hidden.
[2026-01-07 14:11:30,897][anemoi.graphs.edges.builders.base][WARNING] - The 'torch-cluster' library is not installed.
Installing 'torch-cluster' can significantly improve performance for graph creation.
You can install it using:
    TORCH_VERSION=$(python -c "import torch; print(torch.__version__)")
    pip install torch-cluster -f https://data.pyg.org/whl/torch-${TORCH_VERSION}.html

[2026-01-07 14:12:16,035][anemoi.graphs.edges.builders.knn][INFO] - Using KNN-Edges (with 3 nearest neighbours) between hidden and data.
[2026-01-07 14:12:16,036][anemoi.graphs.edges.builders.base][WARNING] - The 'torch-cluster' library is not installed.
Installing 'torch-cluster' can significantly improve performance for graph creation.
You can install it using:
    TORCH_VERSION=$(python -c "import torch; print(torch.__version__)")
    pip install torch-cluster -f https://data.pyg.org/whl/torch-${TORCH_VERSION}.html

[2026-01-07 14:12:16,086][anemoi.graphs.create][INFO] - Cleaning graph.
[2026-01-07 14:12:16,086][anemoi.graphs.create][INFO] - _grid_reference_distance deleted from graph.
[2026-01-07 14:12:16,086][anemoi.graphs.create][INFO] - _dataset deleted from graph.
[2026-01-07 14:12:16,086][anemoi.graphs.create][INFO] - _grid_reference_distance deleted from graph.
[2026-01-07 14:12:16,086][anemoi.graphs.create][INFO] - _resolutions deleted from graph.
[2026-01-07 14:12:16,087][anemoi.graphs.create][INFO] - _node_ordering deleted from graph.
[2026-01-07 14:12:16,087][anemoi.graphs.create][INFO] - _nx_graph deleted from graph.
[2026-01-07 14:12:16,087][anemoi.graphs.create][INFO] - _area_mask_builder deleted from graph.
[2026-01-07 14:12:16,091][anemoi.graphs.processors.post_process][INFO] - Removing 70655 edges from ('data', 'to', 'hidden').
[2026-01-07 14:12:16,094][anemoi.graphs.processors.post_process][INFO] - Recomputing edge attribute edge_length.
[2026-01-07 14:12:16,096][anemoi.graphs.processors.post_process][INFO] - Recomputing edge attribute edge_dirs.
[2026-01-07 14:12:16,099][anemoi.graphs.processors.post_process][INFO] - Removing 0 nodes from data.
[2026-01-07 14:12:16,121][anemoi.graphs.processors.post_process][INFO] - An attribute indices_connected_nodes has been added with the indices to mask the nodes from the original graph.
[2026-01-07 14:12:16,130][anemoi.graphs.create][INFO] - Graph saved at /mnt/weatherloss/WindPower/graphs/Northsea.pt.
[2026-01-07 14:12:16,316][anemoi.training.data.datamodule][INFO] - Timeincrement set to 1 for data with frequency, 10800, and timestep, 10800
[2026-01-07 14:12:16,317][anemoi.training.data.grid_indices][INFO] - The graph attribute indices_connected_nodes of the data nodes will be used to masking the spatial dimension.
[2026-01-07 14:12:16,318][anemoi.training.train.train][INFO] - Number of data variables: 71
[2026-01-07 14:12:16,318][anemoi.training.train.train][INFO] - Variables: ['cos_latitude', 'cos_longitude', 'insolation', 'julian_day', 'lsm', 'mcc', 'msl', 'r_1000', 'r_500', 'r_600', 'r_700', 'r_750', 'r_800', 'r_850', 'r_900', 'r_950', 'sin_latitude', 'sin_longitude', 'surface_geopotential', 't2m', 't_1000', 't_500', 't_600', 't_700', 't_750', 't_800', 't_850', 't_900', 't_950', 'u_1000', 'u_500', 'u_600', 'u_700', 'u_750', 'u_800', 'u_850', 'u_900', 'u_950', 'v_1000', 'v_500', 'v_600', 'v_700', 'v_750', 'v_800', 'v_850', 'v_900', 'v_950', 'wdir10_cos', 'wdir10_sin', 'wdir_cos100', 'wdir_cos150', 'wdir_cos200', 'wdir_cos50', 'wdir_sin100', 'wdir_sin150', 'wdir_sin200', 'wdir_sin50', 'ws10', 'ws100', 'ws150', 'ws200', 'ws50', 'z_1000', 'z_500', 'z_600', 'z_700', 'z_750', 'z_800', 'z_850', 'z_900', 'z_950']
[2026-01-07 14:12:16,318][anemoi.training.train.train][INFO] - Total number of prognostic variables: 63
[2026-01-07 14:12:16,318][anemoi.training.train.train][INFO] - Total number of auxiliary variables: 8
[2026-01-07 14:12:16,318][anemoi.training.train.train][INFO] - Total GPU count / model group size: 1 - NB: the learning rate will be scaled by this factor!
[2026-01-07 14:12:16,319][anemoi.training.train.train][INFO] - Effective learning rate: 2.500e-04
[2026-01-07 14:12:16,319][anemoi.training.train.train][INFO] - Training limits: max_epochs=25, max_steps=185000. Training will stop when either limit is reached first. Learning rate scheduler will run for 185000 steps.
[2026-01-07 14:12:16,332][anemoi.models.migrations.migrator][INFO] - Loading migration 1755530253_initial
[2026-01-07 14:12:16,332][anemoi.models.migrations.migrator][INFO] - Loading migration 1762857427_deprecate_eda
[2026-01-07 14:12:16,332][anemoi.models.migrations.migrator][INFO] - Loading migration 1762857428_chunking_fix
[2026-01-07 14:12:16,332][anemoi.models.migrations.migrator][INFO] - Loading migration 1763479917_hardware_schema_update
[2026-01-07 14:12:16,352][anemoi.training.train.train][INFO] - TensorBoard logger enabled
[2026-01-07 14:12:16,354][pytorch_lightning.utilities.rank_zero][INFO] - Using 16bit Automatic Mixed Precision (AMP)
[2026-01-07 14:12:16,361][pytorch_lightning.utilities.rank_zero][INFO] - GPU available: True (cuda), used: True
[2026-01-07 14:12:16,361][pytorch_lightning.utilities.rank_zero][INFO] - TPU available: False, using: 0 TPU cores
[2026-01-07 14:12:16,384][lightning_fabric.utilities.seed][INFO] - Seed set to 414000
[2026-01-07 14:12:16,385][anemoi.training.train.train][INFO] - Initial seed: Rank 0, initial seed 414000, running with random seed: 414000
[2026-01-07 14:12:16,727][anemoi.models.preprocessing.normalizer][INFO] - Normalizing: cos_latitude is not normalized.
[2026-01-07 14:12:16,727][anemoi.models.preprocessing.normalizer][INFO] - Normalizing: cos_longitude is not normalized.
[2026-01-07 14:12:16,727][anemoi.models.preprocessing.normalizer][INFO] - Normalizing: lsm is not normalized.
[2026-01-07 14:12:16,727][anemoi.models.preprocessing.normalizer][INFO] - Normalizing: sin_latitude is not normalized.
[2026-01-07 14:12:16,727][anemoi.models.preprocessing.normalizer][INFO] - Normalizing: sin_longitude is not normalized.
[2026-01-07 14:12:16,727][anemoi.models.preprocessing.normalizer][INFO] - Normalizing: wdir10_cos is not normalized.
[2026-01-07 14:12:16,727][anemoi.models.preprocessing.normalizer][INFO] - Normalizing: wdir10_sin is not normalized.
[2026-01-07 14:12:16,727][anemoi.models.preprocessing.normalizer][INFO] - Normalizing: wdir_cos100 is not normalized.
[2026-01-07 14:12:16,727][anemoi.models.preprocessing.normalizer][INFO] - Normalizing: wdir_cos150 is not normalized.
[2026-01-07 14:12:16,727][anemoi.models.preprocessing.normalizer][INFO] - Normalizing: wdir_cos200 is not normalized.
[2026-01-07 14:12:16,727][anemoi.models.preprocessing.normalizer][INFO] - Normalizing: wdir_cos50 is not normalized.
[2026-01-07 14:12:16,727][anemoi.models.preprocessing.normalizer][INFO] - Normalizing: wdir_sin100 is not normalized.
[2026-01-07 14:12:16,727][anemoi.models.preprocessing.normalizer][INFO] - Normalizing: wdir_sin150 is not normalized.
[2026-01-07 14:12:16,727][anemoi.models.preprocessing.normalizer][INFO] - Normalizing: wdir_sin200 is not normalized.
[2026-01-07 14:12:16,727][anemoi.models.preprocessing.normalizer][INFO] - Normalizing: wdir_sin50 is not normalized.
[2026-01-07 14:12:16,765][anemoi.models.layers.utils][INFO] - Linear kernel: torch.nn.Linear.
[2026-01-07 14:12:16,766][anemoi.models.layers.utils][INFO] - LayerNorm kernel: torch.nn.LayerNorm.
[2026-01-07 14:12:16,766][anemoi.models.layers.utils][INFO] - Activation kernel: torch.nn.GELU.
[2026-01-07 14:12:16,767][anemoi.models.layers.utils][INFO] - QueryNorm kernel: anemoi.models.layers.normalization.AutocastLayerNorm.
[2026-01-07 14:12:16,767][anemoi.models.layers.utils][INFO] - KeyNorm kernel: anemoi.models.layers.normalization.AutocastLayerNorm.
[2026-01-07 14:12:16,771][anemoi.models.layers.block][INFO] - GraphTransformerMapperBlock using triton graph attention backend.
[2026-01-07 14:12:16,776][anemoi.models.layers.utils][INFO] - Linear kernel: torch.nn.Linear.
[2026-01-07 14:12:16,776][anemoi.models.layers.utils][INFO] - LayerNorm kernel: torch.nn.LayerNorm.
[2026-01-07 14:12:16,777][anemoi.models.layers.utils][INFO] - Activation kernel: torch.nn.GELU.
[2026-01-07 14:12:16,777][anemoi.models.layers.utils][INFO] - QueryNorm kernel: anemoi.models.layers.normalization.AutocastLayerNorm.
[2026-01-07 14:12:16,778][anemoi.models.layers.utils][INFO] - KeyNorm kernel: anemoi.models.layers.normalization.AutocastLayerNorm.
[2026-01-07 14:12:16,778][anemoi.models.layers.attention][INFO] - Using scaled_dot_product_attention.
[2026-01-07 14:12:16,780][anemoi.models.layers.attention][INFO] - Using scaled_dot_product_attention.
[2026-01-07 14:12:16,782][anemoi.models.layers.attention][INFO] - Using scaled_dot_product_attention.
[2026-01-07 14:12:16,784][anemoi.models.layers.attention][INFO] - Using scaled_dot_product_attention.
[2026-01-07 14:12:16,786][anemoi.models.layers.attention][INFO] - Using scaled_dot_product_attention.
[2026-01-07 14:12:16,788][anemoi.models.layers.attention][INFO] - Using scaled_dot_product_attention.
[2026-01-07 14:12:16,790][anemoi.models.layers.attention][INFO] - Using scaled_dot_product_attention.
[2026-01-07 14:12:16,792][anemoi.models.layers.attention][INFO] - Using scaled_dot_product_attention.
[2026-01-07 14:12:16,796][anemoi.models.layers.utils][INFO] - Linear kernel: torch.nn.Linear.
[2026-01-07 14:12:16,797][anemoi.models.layers.utils][INFO] - LayerNorm kernel: torch.nn.LayerNorm.
[2026-01-07 14:12:16,797][anemoi.models.layers.utils][INFO] - Activation kernel: torch.nn.GELU.
[2026-01-07 14:12:16,797][anemoi.models.layers.utils][INFO] - QueryNorm kernel: anemoi.models.layers.normalization.AutocastLayerNorm.
[2026-01-07 14:12:16,798][anemoi.models.layers.utils][INFO] - KeyNorm kernel: anemoi.models.layers.normalization.AutocastLayerNorm.
[2026-01-07 14:12:16,803][anemoi.models.layers.block][INFO] - GraphTransformerMapperBlock using triton graph attention backend.
[2026-01-07 14:12:16,890][anemoi.training.losses.scalers.variable_level][INFO] - Variable Level Scaling: Applying ReluVariableLevelScaler scaling to pl variables ({'param': []})
[2026-01-07 14:12:16,890][anemoi.training.losses.scalers.variable_level][INFO] - with slope = 0.001 and y-intercept/minimum = 0.2.
[2026-01-07 14:12:17,166][anemoi.training.data.grid_indices][INFO] - The graph attribute indices_connected_nodes of the data nodes will be used to masking the spatial dimension.
[2026-01-07 14:12:17,167][anemoi.training.train.train][INFO] - The following submodules will NOT be trained: []
[2026-01-07 14:12:17,179][anemoi.models.utils.compile][INFO] - The following modules will be compiled: []
[2026-01-07 14:12:17,179][anemoi.training.train.train][INFO] - Recompile limit set to 32
[2026-01-07 14:12:17,180][anemoi.training.train.train][INFO] - Resuming training from last checkpoint: /mnt/weatherloss/WindPower/training/CI/Transformer/checkpoint/99bea89a-0012-4f75-b5b8-bd65db4240b4/last.ckpt
[2026-01-07 14:12:17,199][lightning_fabric.utilities.distributed][INFO] - Initializing distributed: GLOBAL_RANK: 0, MEMBER: 1/1
[2026-01-07 14:12:17,388][pytorch_lightning.utilities.rank_zero][INFO] - ----------------------------------------------------------------------------------------------------
distributed_backend=nccl
All distributed processes registered. Starting with 1 processes
----------------------------------------------------------------------------------------------------

[2026-01-07 14:12:17,448][pytorch_lightning.utilities.rank_zero][INFO] - Restoring states from the checkpoint path at /mnt/weatherloss/WindPower/training/CI/Transformer/checkpoint/99bea89a-0012-4f75-b5b8-bd65db4240b4/last.ckpt
[2026-01-07 14:12:20,673][pytorch_lightning.accelerators.cuda][INFO] - LOCAL_RANK: 0 - CUDA_VISIBLE_DEVICES: [0]
[2026-01-07 14:12:20,743][lightning_fabric.utilities.seed][INFO] - [rank: 0] Seed set to 414000
[2026-01-07 14:12:28,293][pytorch_lightning.utilities.rank_zero][INFO] - Restored all states from the checkpoint at /mnt/weatherloss/WindPower/training/CI/Transformer/checkpoint/99bea89a-0012-4f75-b5b8-bd65db4240b4/last.ckpt
[2026-01-07 14:12:28,296][anemoi.training.data.dataset][INFO] - NativeGridDataset.set_group_info(): global_rank 0, model_comm_group_id 0, model_comm_group_rank 0, model_comm_num_groups 1, reader_group_rank 0
[2026-01-07 14:12:28,380][anemoi.training.data.dataset][INFO] - Worker 0 (pid 1448008, global_rank 0, model comm group 0)  has low/high range 0 / 5963
[2026-01-07 14:12:28,382][anemoi.training.data.dataset][INFO] - Worker 0 (train, pid 1448008, glob. rank 0, model comm group 0, group_rank 0, seed group id 0, base_seed 414000, sanity rnd 0.425965)
[2026-01-07 14:12:28,489][anemoi.training.data.dataset][INFO] - Worker 1 (pid 1448104, global_rank 0, model comm group 0)  has low/high range 5963 / 11926
[2026-01-07 14:12:28,491][anemoi.training.data.dataset][INFO] - Worker 1 (train, pid 1448104, glob. rank 0, model comm group 0, group_rank 0, seed group id 0, base_seed 414000, sanity rnd 0.425965)
[2026-01-07 14:12:29,137][anemoi.training.data.dataset][INFO] - NativeGridDataset.set_group_info(): global_rank 0, model_comm_group_id 0, model_comm_group_rank 0, model_comm_num_groups 1, reader_group_rank 0
[2026-01-07 14:12:29,138][anemoi.models.data_indices.collection][INFO] - The order of the variables in the model matches the order in the data.
[2026-01-07 14:58:01,274][anemoi.training.data.dataset][INFO] - Worker 0 (pid 1461327, global_rank 0, model comm group 0)  has low/high range 0 / 723
[2026-01-07 14:58:01,276][anemoi.training.data.dataset][INFO] - Worker 0 (validation, pid 1461327, glob. rank 0, model comm group 0, group_rank 0, seed group id 0, base_seed 414000, sanity rnd 0.425965)
[2026-01-07 14:58:01,382][anemoi.training.data.dataset][INFO] - Worker 1 (pid 1461423, global_rank 0, model comm group 0)  has low/high range 723 / 1446
[2026-01-07 14:58:01,385][anemoi.training.data.dataset][INFO] - Worker 1 (validation, pid 1461423, glob. rank 0, model comm group 0, group_rank 0, seed group id 0, base_seed 414000, sanity rnd 0.425965)
[2026-01-07 14:58:01,690][anemoi.models.data_indices.collection][INFO] - The order of the variables in the model matches the order in the data.
[2026-01-07 15:01:11,295][anemoi.utils.checkpoints][INFO] - Adding extra information to checkpoint /mnt/weatherloss/WindPower/training/CI/Transformer/checkpoint/99bea89a-0012-4f75-b5b8-bd65db4240b4/inference-anemoi-by_epoch-epoch_008-step_111926.ckpt
[2026-01-07 15:01:11,295][anemoi.utils.checkpoints][INFO] - Saving metadata to inference-anemoi-by_epoch-epoch_008-step_111926/anemoi-metadata/ai-models.json
[2026-01-07 15:01:11,297][anemoi.utils.checkpoints][INFO] - Saving supporting array `latitudes` to inference-anemoi-by_epoch-epoch_008-step_111926/anemoi-metadata/latitudes.numpy (shape=(25427,), dtype=float64)
[2026-01-07 15:01:11,297][anemoi.utils.checkpoints][INFO] - Saving supporting array `longitudes` to inference-anemoi-by_epoch-epoch_008-step_111926/anemoi-metadata/longitudes.numpy (shape=(25427,), dtype=float64)
[2026-01-07 15:01:11,298][anemoi.utils.checkpoints][INFO] - Saving supporting array `lam_0/cutout_mask` to inference-anemoi-by_epoch-epoch_008-step_111926/anemoi-metadata/lam_0/cutout_mask.numpy (shape=(24386,), dtype=bool)
[2026-01-07 15:01:11,298][anemoi.utils.checkpoints][INFO] - Saving supporting array `global/cutout_mask` to inference-anemoi-by_epoch-epoch_008-step_111926/anemoi-metadata/global/cutout_mask.numpy (shape=(2021,), dtype=bool)
[2026-01-07 15:01:11,298][anemoi.utils.checkpoints][INFO] - Saving supporting array `source0/latitudes` to inference-anemoi-by_epoch-epoch_008-step_111926/anemoi-metadata/source0/latitudes.numpy (shape=(24386,), dtype=float64)
[2026-01-07 15:01:11,298][anemoi.utils.checkpoints][INFO] - Saving supporting array `source0/longitudes` to inference-anemoi-by_epoch-epoch_008-step_111926/anemoi-metadata/source0/longitudes.numpy (shape=(24386,), dtype=float64)
[2026-01-07 15:01:11,298][anemoi.utils.checkpoints][INFO] - Saving supporting array `source1/latitudes` to inference-anemoi-by_epoch-epoch_008-step_111926/anemoi-metadata/source1/latitudes.numpy (shape=(2021,), dtype=float64)
[2026-01-07 15:01:11,298][anemoi.utils.checkpoints][INFO] - Saving supporting array `source1/longitudes` to inference-anemoi-by_epoch-epoch_008-step_111926/anemoi-metadata/source1/longitudes.numpy (shape=(2021,), dtype=float64)
[2026-01-07 15:01:11,298][anemoi.utils.checkpoints][INFO] - Saving supporting array `grid_indices` to inference-anemoi-by_epoch-epoch_008-step_111926/anemoi-metadata/grid_indices.numpy (shape=(25427,), dtype=int64)
[2026-01-07 15:01:11,559][anemoi.utils.checkpoints][INFO] - Adding extra information to checkpoint /mnt/weatherloss/WindPower/training/CI/Transformer/checkpoint/99bea89a-0012-4f75-b5b8-bd65db4240b4/anemoi-by_epoch-epoch_008-step_111926.ckpt
[2026-01-07 15:01:11,559][anemoi.utils.checkpoints][INFO] - Saving metadata to archive/anemoi-metadata/ai-models.json
[2026-01-07 15:01:11,560][anemoi.utils.checkpoints][INFO] - Saving supporting array `latitudes` to archive/anemoi-metadata/latitudes.numpy (shape=(25427,), dtype=float64)
[2026-01-07 15:01:11,561][anemoi.utils.checkpoints][INFO] - Saving supporting array `longitudes` to archive/anemoi-metadata/longitudes.numpy (shape=(25427,), dtype=float64)
[2026-01-07 15:01:11,561][anemoi.utils.checkpoints][INFO] - Saving supporting array `lam_0/cutout_mask` to archive/anemoi-metadata/lam_0/cutout_mask.numpy (shape=(24386,), dtype=bool)
[2026-01-07 15:01:11,561][anemoi.utils.checkpoints][INFO] - Saving supporting array `global/cutout_mask` to archive/anemoi-metadata/global/cutout_mask.numpy (shape=(2021,), dtype=bool)
[2026-01-07 15:01:11,561][anemoi.utils.checkpoints][INFO] - Saving supporting array `source0/latitudes` to archive/anemoi-metadata/source0/latitudes.numpy (shape=(24386,), dtype=float64)
[2026-01-07 15:01:11,561][anemoi.utils.checkpoints][INFO] - Saving supporting array `source0/longitudes` to archive/anemoi-metadata/source0/longitudes.numpy (shape=(24386,), dtype=float64)
[2026-01-07 15:01:11,562][anemoi.utils.checkpoints][INFO] - Saving supporting array `source1/latitudes` to archive/anemoi-metadata/source1/latitudes.numpy (shape=(2021,), dtype=float64)
[2026-01-07 15:01:11,562][anemoi.utils.checkpoints][INFO] - Saving supporting array `source1/longitudes` to archive/anemoi-metadata/source1/longitudes.numpy (shape=(2021,), dtype=float64)
[2026-01-07 15:01:11,562][anemoi.utils.checkpoints][INFO] - Saving supporting array `grid_indices` to archive/anemoi-metadata/grid_indices.numpy (shape=(25427,), dtype=int64)
[2026-01-07 15:01:13,067][anemoi.utils.checkpoints][INFO] - Adding extra information to checkpoint /mnt/weatherloss/WindPower/training/CI/Transformer/checkpoint/99bea89a-0012-4f75-b5b8-bd65db4240b4/inference-last.ckpt
[2026-01-07 15:01:13,067][anemoi.utils.checkpoints][INFO] - Saving metadata to inference-last/anemoi-metadata/ai-models.json
[2026-01-07 15:01:13,068][anemoi.utils.checkpoints][INFO] - Saving supporting array `latitudes` to inference-last/anemoi-metadata/latitudes.numpy (shape=(25427,), dtype=float64)
[2026-01-07 15:01:13,068][anemoi.utils.checkpoints][INFO] - Saving supporting array `longitudes` to inference-last/anemoi-metadata/longitudes.numpy (shape=(25427,), dtype=float64)
[2026-01-07 15:01:13,069][anemoi.utils.checkpoints][INFO] - Saving supporting array `lam_0/cutout_mask` to inference-last/anemoi-metadata/lam_0/cutout_mask.numpy (shape=(24386,), dtype=bool)
[2026-01-07 15:01:13,069][anemoi.utils.checkpoints][INFO] - Saving supporting array `global/cutout_mask` to inference-last/anemoi-metadata/global/cutout_mask.numpy (shape=(2021,), dtype=bool)
[2026-01-07 15:01:13,069][anemoi.utils.checkpoints][INFO] - Saving supporting array `source0/latitudes` to inference-last/anemoi-metadata/source0/latitudes.numpy (shape=(24386,), dtype=float64)
[2026-01-07 15:01:13,069][anemoi.utils.checkpoints][INFO] - Saving supporting array `source0/longitudes` to inference-last/anemoi-metadata/source0/longitudes.numpy (shape=(24386,), dtype=float64)
[2026-01-07 15:01:13,069][anemoi.utils.checkpoints][INFO] - Saving supporting array `source1/latitudes` to inference-last/anemoi-metadata/source1/latitudes.numpy (shape=(2021,), dtype=float64)
[2026-01-07 15:01:13,070][anemoi.utils.checkpoints][INFO] - Saving supporting array `source1/longitudes` to inference-last/anemoi-metadata/source1/longitudes.numpy (shape=(2021,), dtype=float64)
[2026-01-07 15:01:13,070][anemoi.utils.checkpoints][INFO] - Saving supporting array `grid_indices` to inference-last/anemoi-metadata/grid_indices.numpy (shape=(25427,), dtype=int64)
[2026-01-07 15:01:13,425][anemoi.utils.checkpoints][INFO] - Adding extra information to checkpoint /mnt/weatherloss/WindPower/training/CI/Transformer/checkpoint/99bea89a-0012-4f75-b5b8-bd65db4240b4/last.ckpt
[2026-01-07 15:01:13,425][anemoi.utils.checkpoints][INFO] - Saving metadata to archive/anemoi-metadata/ai-models.json
[2026-01-07 15:01:13,426][anemoi.utils.checkpoints][INFO] - Saving supporting array `latitudes` to archive/anemoi-metadata/latitudes.numpy (shape=(25427,), dtype=float64)
[2026-01-07 15:01:13,427][anemoi.utils.checkpoints][INFO] - Saving supporting array `longitudes` to archive/anemoi-metadata/longitudes.numpy (shape=(25427,), dtype=float64)
[2026-01-07 15:01:13,427][anemoi.utils.checkpoints][INFO] - Saving supporting array `lam_0/cutout_mask` to archive/anemoi-metadata/lam_0/cutout_mask.numpy (shape=(24386,), dtype=bool)
[2026-01-07 15:01:13,427][anemoi.utils.checkpoints][INFO] - Saving supporting array `global/cutout_mask` to archive/anemoi-metadata/global/cutout_mask.numpy (shape=(2021,), dtype=bool)
[2026-01-07 15:01:13,427][anemoi.utils.checkpoints][INFO] - Saving supporting array `source0/latitudes` to archive/anemoi-metadata/source0/latitudes.numpy (shape=(24386,), dtype=float64)
[2026-01-07 15:01:13,427][anemoi.utils.checkpoints][INFO] - Saving supporting array `source0/longitudes` to archive/anemoi-metadata/source0/longitudes.numpy (shape=(24386,), dtype=float64)
[2026-01-07 15:01:13,428][anemoi.utils.checkpoints][INFO] - Saving supporting array `source1/latitudes` to archive/anemoi-metadata/source1/latitudes.numpy (shape=(2021,), dtype=float64)
[2026-01-07 15:01:13,428][anemoi.utils.checkpoints][INFO] - Saving supporting array `source1/longitudes` to archive/anemoi-metadata/source1/longitudes.numpy (shape=(2021,), dtype=float64)
[2026-01-07 15:01:13,428][anemoi.utils.checkpoints][INFO] - Saving supporting array `grid_indices` to archive/anemoi-metadata/grid_indices.numpy (shape=(25427,), dtype=int64)
[2026-01-07 19:00:15,123][anemoi.models.data_indices.collection][INFO] - The order of the variables in the model matches the order in the data.
[2026-01-07 19:25:45,326][anemoi.utils.checkpoints][INFO] - Adding extra information to checkpoint /mnt/weatherloss/WindPower/training/CI/Transformer/checkpoint/99bea89a-0012-4f75-b5b8-bd65db4240b4/inference-anemoi-by_epoch-epoch_009-step_123852.ckpt
[2026-01-07 19:25:45,327][anemoi.utils.checkpoints][INFO] - Saving metadata to inference-anemoi-by_epoch-epoch_009-step_123852/anemoi-metadata/ai-models.json
[2026-01-07 19:25:45,328][anemoi.utils.checkpoints][INFO] - Saving supporting array `latitudes` to inference-anemoi-by_epoch-epoch_009-step_123852/anemoi-metadata/latitudes.numpy (shape=(25427,), dtype=float64)
[2026-01-07 19:25:45,328][anemoi.utils.checkpoints][INFO] - Saving supporting array `longitudes` to inference-anemoi-by_epoch-epoch_009-step_123852/anemoi-metadata/longitudes.numpy (shape=(25427,), dtype=float64)
[2026-01-07 19:25:45,328][anemoi.utils.checkpoints][INFO] - Saving supporting array `lam_0/cutout_mask` to inference-anemoi-by_epoch-epoch_009-step_123852/anemoi-metadata/lam_0/cutout_mask.numpy (shape=(24386,), dtype=bool)
[2026-01-07 19:25:45,328][anemoi.utils.checkpoints][INFO] - Saving supporting array `global/cutout_mask` to inference-anemoi-by_epoch-epoch_009-step_123852/anemoi-metadata/global/cutout_mask.numpy (shape=(2021,), dtype=bool)
[2026-01-07 19:25:45,328][anemoi.utils.checkpoints][INFO] - Saving supporting array `source0/latitudes` to inference-anemoi-by_epoch-epoch_009-step_123852/anemoi-metadata/source0/latitudes.numpy (shape=(24386,), dtype=float64)
[2026-01-07 19:25:45,329][anemoi.utils.checkpoints][INFO] - Saving supporting array `source0/longitudes` to inference-anemoi-by_epoch-epoch_009-step_123852/anemoi-metadata/source0/longitudes.numpy (shape=(24386,), dtype=float64)
[2026-01-07 19:26:40,068][anemoi.utils.checkpoints][INFO] - Saving supporting array `source1/latitudes` to inference-anemoi-by_epoch-epoch_009-step_123852/anemoi-metadata/source1/latitudes.numpy (shape=(2021,), dtype=float64)
[2026-01-07 19:26:40,068][anemoi.utils.checkpoints][INFO] - Saving supporting array `source1/longitudes` to inference-anemoi-by_epoch-epoch_009-step_123852/anemoi-metadata/source1/longitudes.numpy (shape=(2021,), dtype=float64)
[2026-01-07 19:26:40,068][anemoi.utils.checkpoints][INFO] - Saving supporting array `grid_indices` to inference-anemoi-by_epoch-epoch_009-step_123852/anemoi-metadata/grid_indices.numpy (shape=(25427,), dtype=int64)
[2026-01-07 19:26:40,381][anemoi.utils.checkpoints][INFO] - Adding extra information to checkpoint /mnt/weatherloss/WindPower/training/CI/Transformer/checkpoint/99bea89a-0012-4f75-b5b8-bd65db4240b4/anemoi-by_epoch-epoch_009-step_123852.ckpt
[2026-01-07 19:26:40,381][anemoi.utils.checkpoints][INFO] - Saving metadata to archive/anemoi-metadata/ai-models.json
[2026-01-07 19:26:40,383][anemoi.utils.checkpoints][INFO] - Saving supporting array `latitudes` to archive/anemoi-metadata/latitudes.numpy (shape=(25427,), dtype=float64)
[2026-01-07 19:26:40,383][anemoi.utils.checkpoints][INFO] - Saving supporting array `longitudes` to archive/anemoi-metadata/longitudes.numpy (shape=(25427,), dtype=float64)
[2026-01-07 19:26:40,383][anemoi.utils.checkpoints][INFO] - Saving supporting array `lam_0/cutout_mask` to archive/anemoi-metadata/lam_0/cutout_mask.numpy (shape=(24386,), dtype=bool)
[2026-01-07 19:26:40,384][anemoi.utils.checkpoints][INFO] - Saving supporting array `global/cutout_mask` to archive/anemoi-metadata/global/cutout_mask.numpy (shape=(2021,), dtype=bool)
[2026-01-07 19:26:40,384][anemoi.utils.checkpoints][INFO] - Saving supporting array `source0/latitudes` to archive/anemoi-metadata/source0/latitudes.numpy (shape=(24386,), dtype=float64)
[2026-01-07 19:26:40,384][anemoi.utils.checkpoints][INFO] - Saving supporting array `source0/longitudes` to archive/anemoi-metadata/source0/longitudes.numpy (shape=(24386,), dtype=float64)
[2026-01-07 19:26:40,384][anemoi.utils.checkpoints][INFO] - Saving supporting array `source1/latitudes` to archive/anemoi-metadata/source1/latitudes.numpy (shape=(2021,), dtype=float64)
[2026-01-07 19:26:40,384][anemoi.utils.checkpoints][INFO] - Saving supporting array `source1/longitudes` to archive/anemoi-metadata/source1/longitudes.numpy (shape=(2021,), dtype=float64)
[2026-01-07 19:26:40,384][anemoi.utils.checkpoints][INFO] - Saving supporting array `grid_indices` to archive/anemoi-metadata/grid_indices.numpy (shape=(25427,), dtype=int64)
[2026-01-07 19:26:41,967][anemoi.utils.checkpoints][INFO] - Adding extra information to checkpoint /mnt/weatherloss/WindPower/training/CI/Transformer/checkpoint/99bea89a-0012-4f75-b5b8-bd65db4240b4/inference-last.ckpt
[2026-01-07 19:26:41,968][anemoi.utils.checkpoints][INFO] - Saving metadata to inference-last/anemoi-metadata/ai-models.json
[2026-01-07 19:26:41,969][anemoi.utils.checkpoints][INFO] - Saving supporting array `latitudes` to inference-last/anemoi-metadata/latitudes.numpy (shape=(25427,), dtype=float64)
[2026-01-07 19:26:41,969][anemoi.utils.checkpoints][INFO] - Saving supporting array `longitudes` to inference-last/anemoi-metadata/longitudes.numpy (shape=(25427,), dtype=float64)
[2026-01-07 19:26:41,969][anemoi.utils.checkpoints][INFO] - Saving supporting array `lam_0/cutout_mask` to inference-last/anemoi-metadata/lam_0/cutout_mask.numpy (shape=(24386,), dtype=bool)
[2026-01-07 19:26:41,969][anemoi.utils.checkpoints][INFO] - Saving supporting array `global/cutout_mask` to inference-last/anemoi-metadata/global/cutout_mask.numpy (shape=(2021,), dtype=bool)
[2026-01-07 19:26:41,969][anemoi.utils.checkpoints][INFO] - Saving supporting array `source0/latitudes` to inference-last/anemoi-metadata/source0/latitudes.numpy (shape=(24386,), dtype=float64)
[2026-01-07 19:26:41,969][anemoi.utils.checkpoints][INFO] - Saving supporting array `source0/longitudes` to inference-last/anemoi-metadata/source0/longitudes.numpy (shape=(24386,), dtype=float64)
[2026-01-07 19:26:41,970][anemoi.utils.checkpoints][INFO] - Saving supporting array `source1/latitudes` to inference-last/anemoi-metadata/source1/latitudes.numpy (shape=(2021,), dtype=float64)
[2026-01-07 19:26:41,970][anemoi.utils.checkpoints][INFO] - Saving supporting array `source1/longitudes` to inference-last/anemoi-metadata/source1/longitudes.numpy (shape=(2021,), dtype=float64)
[2026-01-07 19:26:41,970][anemoi.utils.checkpoints][INFO] - Saving supporting array `grid_indices` to inference-last/anemoi-metadata/grid_indices.numpy (shape=(25427,), dtype=int64)
[2026-01-07 19:26:42,272][anemoi.utils.checkpoints][INFO] - Adding extra information to checkpoint /mnt/weatherloss/WindPower/training/CI/Transformer/checkpoint/99bea89a-0012-4f75-b5b8-bd65db4240b4/last.ckpt
[2026-01-07 19:26:42,272][anemoi.utils.checkpoints][INFO] - Saving metadata to archive/anemoi-metadata/ai-models.json
[2026-01-07 19:26:42,273][anemoi.utils.checkpoints][INFO] - Saving supporting array `latitudes` to archive/anemoi-metadata/latitudes.numpy (shape=(25427,), dtype=float64)
[2026-01-07 19:26:42,274][anemoi.utils.checkpoints][INFO] - Saving supporting array `longitudes` to archive/anemoi-metadata/longitudes.numpy (shape=(25427,), dtype=float64)
[2026-01-07 19:26:42,274][anemoi.utils.checkpoints][INFO] - Saving supporting array `lam_0/cutout_mask` to archive/anemoi-metadata/lam_0/cutout_mask.numpy (shape=(24386,), dtype=bool)
[2026-01-07 19:26:42,274][anemoi.utils.checkpoints][INFO] - Saving supporting array `global/cutout_mask` to archive/anemoi-metadata/global/cutout_mask.numpy (shape=(2021,), dtype=bool)
[2026-01-07 19:26:42,274][anemoi.utils.checkpoints][INFO] - Saving supporting array `source0/latitudes` to archive/anemoi-metadata/source0/latitudes.numpy (shape=(24386,), dtype=float64)
[2026-01-07 19:26:42,274][anemoi.utils.checkpoints][INFO] - Saving supporting array `source0/longitudes` to archive/anemoi-metadata/source0/longitudes.numpy (shape=(24386,), dtype=float64)
[2026-01-07 19:26:42,275][anemoi.utils.checkpoints][INFO] - Saving supporting array `source1/latitudes` to archive/anemoi-metadata/source1/latitudes.numpy (shape=(2021,), dtype=float64)
[2026-01-07 19:26:42,275][anemoi.utils.checkpoints][INFO] - Saving supporting array `source1/longitudes` to archive/anemoi-metadata/source1/longitudes.numpy (shape=(2021,), dtype=float64)
[2026-01-07 19:26:42,275][anemoi.utils.checkpoints][INFO] - Saving supporting array `grid_indices` to archive/anemoi-metadata/grid_indices.numpy (shape=(25427,), dtype=int64)
[2026-01-07 21:49:59,356][anemoi.models.data_indices.collection][INFO] - The order of the variables in the model matches the order in the data.
[2026-01-07 22:23:44,608][anemoi.utils.checkpoints][INFO] - Adding extra information to checkpoint /mnt/weatherloss/WindPower/training/CI/Transformer/checkpoint/99bea89a-0012-4f75-b5b8-bd65db4240b4/inference-anemoi-by_epoch-epoch_010-step_135778.ckpt
[2026-01-07 22:23:44,608][anemoi.utils.checkpoints][INFO] - Saving metadata to inference-anemoi-by_epoch-epoch_010-step_135778/anemoi-metadata/ai-models.json
[2026-01-07 22:23:44,610][anemoi.utils.checkpoints][INFO] - Saving supporting array `latitudes` to inference-anemoi-by_epoch-epoch_010-step_135778/anemoi-metadata/latitudes.numpy (shape=(25427,), dtype=float64)
[2026-01-07 22:23:44,610][anemoi.utils.checkpoints][INFO] - Saving supporting array `longitudes` to inference-anemoi-by_epoch-epoch_010-step_135778/anemoi-metadata/longitudes.numpy (shape=(25427,), dtype=float64)
[2026-01-07 22:23:44,610][anemoi.utils.checkpoints][INFO] - Saving supporting array `lam_0/cutout_mask` to inference-anemoi-by_epoch-epoch_010-step_135778/anemoi-metadata/lam_0/cutout_mask.numpy (shape=(24386,), dtype=bool)
[2026-01-07 22:23:44,610][anemoi.utils.checkpoints][INFO] - Saving supporting array `global/cutout_mask` to inference-anemoi-by_epoch-epoch_010-step_135778/anemoi-metadata/global/cutout_mask.numpy (shape=(2021,), dtype=bool)
[2026-01-07 22:23:44,610][anemoi.utils.checkpoints][INFO] - Saving supporting array `source0/latitudes` to inference-anemoi-by_epoch-epoch_010-step_135778/anemoi-metadata/source0/latitudes.numpy (shape=(24386,), dtype=float64)
[2026-01-07 22:23:44,611][anemoi.utils.checkpoints][INFO] - Saving supporting array `source0/longitudes` to inference-anemoi-by_epoch-epoch_010-step_135778/anemoi-metadata/source0/longitudes.numpy (shape=(24386,), dtype=float64)
[2026-01-07 22:23:44,611][anemoi.utils.checkpoints][INFO] - Saving supporting array `source1/latitudes` to inference-anemoi-by_epoch-epoch_010-step_135778/anemoi-metadata/source1/latitudes.numpy (shape=(2021,), dtype=float64)
[2026-01-07 22:23:44,611][anemoi.utils.checkpoints][INFO] - Saving supporting array `source1/longitudes` to inference-anemoi-by_epoch-epoch_010-step_135778/anemoi-metadata/source1/longitudes.numpy (shape=(2021,), dtype=float64)
[2026-01-07 22:23:44,611][anemoi.utils.checkpoints][INFO] - Saving supporting array `grid_indices` to inference-anemoi-by_epoch-epoch_010-step_135778/anemoi-metadata/grid_indices.numpy (shape=(25427,), dtype=int64)
[2026-01-07 22:23:44,871][anemoi.utils.checkpoints][INFO] - Adding extra information to checkpoint /mnt/weatherloss/WindPower/training/CI/Transformer/checkpoint/99bea89a-0012-4f75-b5b8-bd65db4240b4/anemoi-by_epoch-epoch_010-step_135778.ckpt
[2026-01-07 22:23:44,871][anemoi.utils.checkpoints][INFO] - Saving metadata to archive/anemoi-metadata/ai-models.json
[2026-01-07 22:23:44,872][anemoi.utils.checkpoints][INFO] - Saving supporting array `latitudes` to archive/anemoi-metadata/latitudes.numpy (shape=(25427,), dtype=float64)
[2026-01-07 22:23:44,872][anemoi.utils.checkpoints][INFO] - Saving supporting array `longitudes` to archive/anemoi-metadata/longitudes.numpy (shape=(25427,), dtype=float64)
[2026-01-07 22:23:44,872][anemoi.utils.checkpoints][INFO] - Saving supporting array `lam_0/cutout_mask` to archive/anemoi-metadata/lam_0/cutout_mask.numpy (shape=(24386,), dtype=bool)
[2026-01-07 22:23:44,873][anemoi.utils.checkpoints][INFO] - Saving supporting array `global/cutout_mask` to archive/anemoi-metadata/global/cutout_mask.numpy (shape=(2021,), dtype=bool)
[2026-01-07 22:23:44,873][anemoi.utils.checkpoints][INFO] - Saving supporting array `source0/latitudes` to archive/anemoi-metadata/source0/latitudes.numpy (shape=(24386,), dtype=float64)
[2026-01-07 22:23:44,873][anemoi.utils.checkpoints][INFO] - Saving supporting array `source0/longitudes` to archive/anemoi-metadata/source0/longitudes.numpy (shape=(24386,), dtype=float64)
[2026-01-07 22:23:44,873][anemoi.utils.checkpoints][INFO] - Saving supporting array `source1/latitudes` to archive/anemoi-metadata/source1/latitudes.numpy (shape=(2021,), dtype=float64)
[2026-01-07 22:23:44,873][anemoi.utils.checkpoints][INFO] - Saving supporting array `source1/longitudes` to archive/anemoi-metadata/source1/longitudes.numpy (shape=(2021,), dtype=float64)
[2026-01-07 22:23:44,873][anemoi.utils.checkpoints][INFO] - Saving supporting array `grid_indices` to archive/anemoi-metadata/grid_indices.numpy (shape=(25427,), dtype=int64)
[2026-01-07 22:23:46,273][anemoi.utils.checkpoints][INFO] - Adding extra information to checkpoint /mnt/weatherloss/WindPower/training/CI/Transformer/checkpoint/99bea89a-0012-4f75-b5b8-bd65db4240b4/inference-last.ckpt
[2026-01-07 22:23:46,274][anemoi.utils.checkpoints][INFO] - Saving metadata to inference-last/anemoi-metadata/ai-models.json
[2026-01-07 22:23:46,275][anemoi.utils.checkpoints][INFO] - Saving supporting array `latitudes` to inference-last/anemoi-metadata/latitudes.numpy (shape=(25427,), dtype=float64)
[2026-01-07 22:23:46,275][anemoi.utils.checkpoints][INFO] - Saving supporting array `longitudes` to inference-last/anemoi-metadata/longitudes.numpy (shape=(25427,), dtype=float64)
[2026-01-07 22:23:46,275][anemoi.utils.checkpoints][INFO] - Saving supporting array `lam_0/cutout_mask` to inference-last/anemoi-metadata/lam_0/cutout_mask.numpy (shape=(24386,), dtype=bool)
[2026-01-07 22:23:46,275][anemoi.utils.checkpoints][INFO] - Saving supporting array `global/cutout_mask` to inference-last/anemoi-metadata/global/cutout_mask.numpy (shape=(2021,), dtype=bool)
[2026-01-07 22:23:46,275][anemoi.utils.checkpoints][INFO] - Saving supporting array `source0/latitudes` to inference-last/anemoi-metadata/source0/latitudes.numpy (shape=(24386,), dtype=float64)
[2026-01-07 22:23:46,276][anemoi.utils.checkpoints][INFO] - Saving supporting array `source0/longitudes` to inference-last/anemoi-metadata/source0/longitudes.numpy (shape=(24386,), dtype=float64)
[2026-01-07 22:23:46,276][anemoi.utils.checkpoints][INFO] - Saving supporting array `source1/latitudes` to inference-last/anemoi-metadata/source1/latitudes.numpy (shape=(2021,), dtype=float64)
[2026-01-07 22:23:46,276][anemoi.utils.checkpoints][INFO] - Saving supporting array `source1/longitudes` to inference-last/anemoi-metadata/source1/longitudes.numpy (shape=(2021,), dtype=float64)
[2026-01-07 22:23:46,276][anemoi.utils.checkpoints][INFO] - Saving supporting array `grid_indices` to inference-last/anemoi-metadata/grid_indices.numpy (shape=(25427,), dtype=int64)
[2026-01-07 22:23:46,558][anemoi.utils.checkpoints][INFO] - Adding extra information to checkpoint /mnt/weatherloss/WindPower/training/CI/Transformer/checkpoint/99bea89a-0012-4f75-b5b8-bd65db4240b4/last.ckpt
[2026-01-07 22:23:46,558][anemoi.utils.checkpoints][INFO] - Saving metadata to archive/anemoi-metadata/ai-models.json
[2026-01-07 22:23:46,559][anemoi.utils.checkpoints][INFO] - Saving supporting array `latitudes` to archive/anemoi-metadata/latitudes.numpy (shape=(25427,), dtype=float64)
[2026-01-07 22:23:46,559][anemoi.utils.checkpoints][INFO] - Saving supporting array `longitudes` to archive/anemoi-metadata/longitudes.numpy (shape=(25427,), dtype=float64)
[2026-01-07 22:23:46,559][anemoi.utils.checkpoints][INFO] - Saving supporting array `lam_0/cutout_mask` to archive/anemoi-metadata/lam_0/cutout_mask.numpy (shape=(24386,), dtype=bool)
[2026-01-07 22:23:46,559][anemoi.utils.checkpoints][INFO] - Saving supporting array `global/cutout_mask` to archive/anemoi-metadata/global/cutout_mask.numpy (shape=(2021,), dtype=bool)
[2026-01-07 22:23:46,559][anemoi.utils.checkpoints][INFO] - Saving supporting array `source0/latitudes` to archive/anemoi-metadata/source0/latitudes.numpy (shape=(24386,), dtype=float64)
[2026-01-07 22:23:46,560][anemoi.utils.checkpoints][INFO] - Saving supporting array `source0/longitudes` to archive/anemoi-metadata/source0/longitudes.numpy (shape=(24386,), dtype=float64)
[2026-01-07 22:23:46,560][anemoi.utils.checkpoints][INFO] - Saving supporting array `source1/latitudes` to archive/anemoi-metadata/source1/latitudes.numpy (shape=(2021,), dtype=float64)
[2026-01-07 22:23:46,560][anemoi.utils.checkpoints][INFO] - Saving supporting array `source1/longitudes` to archive/anemoi-metadata/source1/longitudes.numpy (shape=(2021,), dtype=float64)
[2026-01-07 22:23:46,560][anemoi.utils.checkpoints][INFO] - Saving supporting array `grid_indices` to archive/anemoi-metadata/grid_indices.numpy (shape=(25427,), dtype=int64)
[2026-01-08 00:47:51,633][anemoi.models.data_indices.collection][INFO] - The order of the variables in the model matches the order in the data.
[2026-01-08 01:19:43,321][anemoi.utils.checkpoints][INFO] - Adding extra information to checkpoint /mnt/weatherloss/WindPower/training/CI/Transformer/checkpoint/99bea89a-0012-4f75-b5b8-bd65db4240b4/inference-anemoi-by_epoch-epoch_011-step_147704.ckpt
[2026-01-08 01:19:43,321][anemoi.utils.checkpoints][INFO] - Saving metadata to inference-anemoi-by_epoch-epoch_011-step_147704/anemoi-metadata/ai-models.json
[2026-01-08 01:19:43,322][anemoi.utils.checkpoints][INFO] - Saving supporting array `latitudes` to inference-anemoi-by_epoch-epoch_011-step_147704/anemoi-metadata/latitudes.numpy (shape=(25427,), dtype=float64)
[2026-01-08 01:19:43,322][anemoi.utils.checkpoints][INFO] - Saving supporting array `longitudes` to inference-anemoi-by_epoch-epoch_011-step_147704/anemoi-metadata/longitudes.numpy (shape=(25427,), dtype=float64)
[2026-01-08 01:19:43,322][anemoi.utils.checkpoints][INFO] - Saving supporting array `lam_0/cutout_mask` to inference-anemoi-by_epoch-epoch_011-step_147704/anemoi-metadata/lam_0/cutout_mask.numpy (shape=(24386,), dtype=bool)
[2026-01-08 01:19:43,322][anemoi.utils.checkpoints][INFO] - Saving supporting array `global/cutout_mask` to inference-anemoi-by_epoch-epoch_011-step_147704/anemoi-metadata/global/cutout_mask.numpy (shape=(2021,), dtype=bool)
[2026-01-08 01:19:43,322][anemoi.utils.checkpoints][INFO] - Saving supporting array `source0/latitudes` to inference-anemoi-by_epoch-epoch_011-step_147704/anemoi-metadata/source0/latitudes.numpy (shape=(24386,), dtype=float64)
[2026-01-08 01:19:43,323][anemoi.utils.checkpoints][INFO] - Saving supporting array `source0/longitudes` to inference-anemoi-by_epoch-epoch_011-step_147704/anemoi-metadata/source0/longitudes.numpy (shape=(24386,), dtype=float64)
[2026-01-08 01:19:43,323][anemoi.utils.checkpoints][INFO] - Saving supporting array `source1/latitudes` to inference-anemoi-by_epoch-epoch_011-step_147704/anemoi-metadata/source1/latitudes.numpy (shape=(2021,), dtype=float64)
[2026-01-08 01:19:43,323][anemoi.utils.checkpoints][INFO] - Saving supporting array `source1/longitudes` to inference-anemoi-by_epoch-epoch_011-step_147704/anemoi-metadata/source1/longitudes.numpy (shape=(2021,), dtype=float64)
[2026-01-08 01:19:43,323][anemoi.utils.checkpoints][INFO] - Saving supporting array `grid_indices` to inference-anemoi-by_epoch-epoch_011-step_147704/anemoi-metadata/grid_indices.numpy (shape=(25427,), dtype=int64)
[2026-01-08 01:19:43,573][anemoi.utils.checkpoints][INFO] - Adding extra information to checkpoint /mnt/weatherloss/WindPower/training/CI/Transformer/checkpoint/99bea89a-0012-4f75-b5b8-bd65db4240b4/anemoi-by_epoch-epoch_011-step_147704.ckpt
[2026-01-08 01:19:43,573][anemoi.utils.checkpoints][INFO] - Saving metadata to archive/anemoi-metadata/ai-models.json
[2026-01-08 01:19:43,575][anemoi.utils.checkpoints][INFO] - Saving supporting array `latitudes` to archive/anemoi-metadata/latitudes.numpy (shape=(25427,), dtype=float64)
[2026-01-08 01:19:43,575][anemoi.utils.checkpoints][INFO] - Saving supporting array `longitudes` to archive/anemoi-metadata/longitudes.numpy (shape=(25427,), dtype=float64)
[2026-01-08 01:19:43,575][anemoi.utils.checkpoints][INFO] - Saving supporting array `lam_0/cutout_mask` to archive/anemoi-metadata/lam_0/cutout_mask.numpy (shape=(24386,), dtype=bool)
[2026-01-08 01:19:43,575][anemoi.utils.checkpoints][INFO] - Saving supporting array `global/cutout_mask` to archive/anemoi-metadata/global/cutout_mask.numpy (shape=(2021,), dtype=bool)
[2026-01-08 01:19:43,575][anemoi.utils.checkpoints][INFO] - Saving supporting array `source0/latitudes` to archive/anemoi-metadata/source0/latitudes.numpy (shape=(24386,), dtype=float64)
[2026-01-08 01:19:43,575][anemoi.utils.checkpoints][INFO] - Saving supporting array `source0/longitudes` to archive/anemoi-metadata/source0/longitudes.numpy (shape=(24386,), dtype=float64)
[2026-01-08 01:19:43,576][anemoi.utils.checkpoints][INFO] - Saving supporting array `source1/latitudes` to archive/anemoi-metadata/source1/latitudes.numpy (shape=(2021,), dtype=float64)
[2026-01-08 01:19:43,576][anemoi.utils.checkpoints][INFO] - Saving supporting array `source1/longitudes` to archive/anemoi-metadata/source1/longitudes.numpy (shape=(2021,), dtype=float64)
[2026-01-08 01:19:43,576][anemoi.utils.checkpoints][INFO] - Saving supporting array `grid_indices` to archive/anemoi-metadata/grid_indices.numpy (shape=(25427,), dtype=int64)
[2026-01-08 01:19:44,967][anemoi.utils.checkpoints][INFO] - Adding extra information to checkpoint /mnt/weatherloss/WindPower/training/CI/Transformer/checkpoint/99bea89a-0012-4f75-b5b8-bd65db4240b4/inference-last.ckpt
[2026-01-08 01:19:44,967][anemoi.utils.checkpoints][INFO] - Saving metadata to inference-last/anemoi-metadata/ai-models.json
[2026-01-08 01:19:44,968][anemoi.utils.checkpoints][INFO] - Saving supporting array `latitudes` to inference-last/anemoi-metadata/latitudes.numpy (shape=(25427,), dtype=float64)
[2026-01-08 01:19:44,969][anemoi.utils.checkpoints][INFO] - Saving supporting array `longitudes` to inference-last/anemoi-metadata/longitudes.numpy (shape=(25427,), dtype=float64)
[2026-01-08 01:19:44,969][anemoi.utils.checkpoints][INFO] - Saving supporting array `lam_0/cutout_mask` to inference-last/anemoi-metadata/lam_0/cutout_mask.numpy (shape=(24386,), dtype=bool)
[2026-01-08 01:19:44,969][anemoi.utils.checkpoints][INFO] - Saving supporting array `global/cutout_mask` to inference-last/anemoi-metadata/global/cutout_mask.numpy (shape=(2021,), dtype=bool)
[2026-01-08 01:19:44,969][anemoi.utils.checkpoints][INFO] - Saving supporting array `source0/latitudes` to inference-last/anemoi-metadata/source0/latitudes.numpy (shape=(24386,), dtype=float64)
[2026-01-08 01:19:44,969][anemoi.utils.checkpoints][INFO] - Saving supporting array `source0/longitudes` to inference-last/anemoi-metadata/source0/longitudes.numpy (shape=(24386,), dtype=float64)
[2026-01-08 01:19:44,970][anemoi.utils.checkpoints][INFO] - Saving supporting array `source1/latitudes` to inference-last/anemoi-metadata/source1/latitudes.numpy (shape=(2021,), dtype=float64)
[2026-01-08 01:19:44,970][anemoi.utils.checkpoints][INFO] - Saving supporting array `source1/longitudes` to inference-last/anemoi-metadata/source1/longitudes.numpy (shape=(2021,), dtype=float64)
[2026-01-08 01:19:44,970][anemoi.utils.checkpoints][INFO] - Saving supporting array `grid_indices` to inference-last/anemoi-metadata/grid_indices.numpy (shape=(25427,), dtype=int64)
[2026-01-08 01:19:45,335][anemoi.utils.checkpoints][INFO] - Adding extra information to checkpoint /mnt/weatherloss/WindPower/training/CI/Transformer/checkpoint/99bea89a-0012-4f75-b5b8-bd65db4240b4/last.ckpt
[2026-01-08 01:19:45,335][anemoi.utils.checkpoints][INFO] - Saving metadata to archive/anemoi-metadata/ai-models.json
[2026-01-08 01:19:45,336][anemoi.utils.checkpoints][INFO] - Saving supporting array `latitudes` to archive/anemoi-metadata/latitudes.numpy (shape=(25427,), dtype=float64)
[2026-01-08 01:19:45,337][anemoi.utils.checkpoints][INFO] - Saving supporting array `longitudes` to archive/anemoi-metadata/longitudes.numpy (shape=(25427,), dtype=float64)
[2026-01-08 01:19:45,337][anemoi.utils.checkpoints][INFO] - Saving supporting array `lam_0/cutout_mask` to archive/anemoi-metadata/lam_0/cutout_mask.numpy (shape=(24386,), dtype=bool)
[2026-01-08 01:19:45,337][anemoi.utils.checkpoints][INFO] - Saving supporting array `global/cutout_mask` to archive/anemoi-metadata/global/cutout_mask.numpy (shape=(2021,), dtype=bool)
[2026-01-08 01:19:45,337][anemoi.utils.checkpoints][INFO] - Saving supporting array `source0/latitudes` to archive/anemoi-metadata/source0/latitudes.numpy (shape=(24386,), dtype=float64)
[2026-01-08 01:19:45,337][anemoi.utils.checkpoints][INFO] - Saving supporting array `source0/longitudes` to archive/anemoi-metadata/source0/longitudes.numpy (shape=(24386,), dtype=float64)
[2026-01-08 01:19:45,338][anemoi.utils.checkpoints][INFO] - Saving supporting array `source1/latitudes` to archive/anemoi-metadata/source1/latitudes.numpy (shape=(2021,), dtype=float64)
[2026-01-08 01:19:45,338][anemoi.utils.checkpoints][INFO] - Saving supporting array `source1/longitudes` to archive/anemoi-metadata/source1/longitudes.numpy (shape=(2021,), dtype=float64)
[2026-01-08 01:19:45,338][anemoi.utils.checkpoints][INFO] - Saving supporting array `grid_indices` to archive/anemoi-metadata/grid_indices.numpy (shape=(25427,), dtype=int64)
[2026-01-08 03:43:32,535][anemoi.models.data_indices.collection][INFO] - The order of the variables in the model matches the order in the data.
[2026-01-08 04:15:41,345][anemoi.utils.checkpoints][INFO] - Adding extra information to checkpoint /mnt/weatherloss/WindPower/training/CI/Transformer/checkpoint/99bea89a-0012-4f75-b5b8-bd65db4240b4/inference-anemoi-by_epoch-epoch_012-step_159630.ckpt
[2026-01-08 04:15:41,345][anemoi.utils.checkpoints][INFO] - Saving metadata to inference-anemoi-by_epoch-epoch_012-step_159630/anemoi-metadata/ai-models.json
[2026-01-08 04:15:41,346][anemoi.utils.checkpoints][INFO] - Saving supporting array `latitudes` to inference-anemoi-by_epoch-epoch_012-step_159630/anemoi-metadata/latitudes.numpy (shape=(25427,), dtype=float64)
[2026-01-08 04:15:41,347][anemoi.utils.checkpoints][INFO] - Saving supporting array `longitudes` to inference-anemoi-by_epoch-epoch_012-step_159630/anemoi-metadata/longitudes.numpy (shape=(25427,), dtype=float64)
[2026-01-08 04:15:41,347][anemoi.utils.checkpoints][INFO] - Saving supporting array `lam_0/cutout_mask` to inference-anemoi-by_epoch-epoch_012-step_159630/anemoi-metadata/lam_0/cutout_mask.numpy (shape=(24386,), dtype=bool)
[2026-01-08 04:15:41,347][anemoi.utils.checkpoints][INFO] - Saving supporting array `global/cutout_mask` to inference-anemoi-by_epoch-epoch_012-step_159630/anemoi-metadata/global/cutout_mask.numpy (shape=(2021,), dtype=bool)
[2026-01-08 04:15:41,347][anemoi.utils.checkpoints][INFO] - Saving supporting array `source0/latitudes` to inference-anemoi-by_epoch-epoch_012-step_159630/anemoi-metadata/source0/latitudes.numpy (shape=(24386,), dtype=float64)
[2026-01-08 04:15:41,347][anemoi.utils.checkpoints][INFO] - Saving supporting array `source0/longitudes` to inference-anemoi-by_epoch-epoch_012-step_159630/anemoi-metadata/source0/longitudes.numpy (shape=(24386,), dtype=float64)
[2026-01-08 04:15:41,348][anemoi.utils.checkpoints][INFO] - Saving supporting array `source1/latitudes` to inference-anemoi-by_epoch-epoch_012-step_159630/anemoi-metadata/source1/latitudes.numpy (shape=(2021,), dtype=float64)
[2026-01-08 04:15:41,348][anemoi.utils.checkpoints][INFO] - Saving supporting array `source1/longitudes` to inference-anemoi-by_epoch-epoch_012-step_159630/anemoi-metadata/source1/longitudes.numpy (shape=(2021,), dtype=float64)
[2026-01-08 04:15:41,348][anemoi.utils.checkpoints][INFO] - Saving supporting array `grid_indices` to inference-anemoi-by_epoch-epoch_012-step_159630/anemoi-metadata/grid_indices.numpy (shape=(25427,), dtype=int64)
[2026-01-08 04:15:41,831][anemoi.utils.checkpoints][INFO] - Adding extra information to checkpoint /mnt/weatherloss/WindPower/training/CI/Transformer/checkpoint/99bea89a-0012-4f75-b5b8-bd65db4240b4/anemoi-by_epoch-epoch_012-step_159630.ckpt
[2026-01-08 04:15:41,831][anemoi.utils.checkpoints][INFO] - Saving metadata to archive/anemoi-metadata/ai-models.json
[2026-01-08 04:15:41,832][anemoi.utils.checkpoints][INFO] - Saving supporting array `latitudes` to archive/anemoi-metadata/latitudes.numpy (shape=(25427,), dtype=float64)
[2026-01-08 04:15:41,832][anemoi.utils.checkpoints][INFO] - Saving supporting array `longitudes` to archive/anemoi-metadata/longitudes.numpy (shape=(25427,), dtype=float64)
[2026-01-08 04:15:41,833][anemoi.utils.checkpoints][INFO] - Saving supporting array `lam_0/cutout_mask` to archive/anemoi-metadata/lam_0/cutout_mask.numpy (shape=(24386,), dtype=bool)
[2026-01-08 04:15:41,833][anemoi.utils.checkpoints][INFO] - Saving supporting array `global/cutout_mask` to archive/anemoi-metadata/global/cutout_mask.numpy (shape=(2021,), dtype=bool)
[2026-01-08 04:15:41,833][anemoi.utils.checkpoints][INFO] - Saving supporting array `source0/latitudes` to archive/anemoi-metadata/source0/latitudes.numpy (shape=(24386,), dtype=float64)
[2026-01-08 04:15:41,833][anemoi.utils.checkpoints][INFO] - Saving supporting array `source0/longitudes` to archive/anemoi-metadata/source0/longitudes.numpy (shape=(24386,), dtype=float64)
[2026-01-08 04:15:41,833][anemoi.utils.checkpoints][INFO] - Saving supporting array `source1/latitudes` to archive/anemoi-metadata/source1/latitudes.numpy (shape=(2021,), dtype=float64)
[2026-01-08 04:15:41,833][anemoi.utils.checkpoints][INFO] - Saving supporting array `source1/longitudes` to archive/anemoi-metadata/source1/longitudes.numpy (shape=(2021,), dtype=float64)
[2026-01-08 04:15:41,833][anemoi.utils.checkpoints][INFO] - Saving supporting array `grid_indices` to archive/anemoi-metadata/grid_indices.numpy (shape=(25427,), dtype=int64)
[2026-01-08 04:15:43,291][anemoi.utils.checkpoints][INFO] - Adding extra information to checkpoint /mnt/weatherloss/WindPower/training/CI/Transformer/checkpoint/99bea89a-0012-4f75-b5b8-bd65db4240b4/inference-last.ckpt
[2026-01-08 04:15:43,291][anemoi.utils.checkpoints][INFO] - Saving metadata to inference-last/anemoi-metadata/ai-models.json
[2026-01-08 04:15:43,292][anemoi.utils.checkpoints][INFO] - Saving supporting array `latitudes` to inference-last/anemoi-metadata/latitudes.numpy (shape=(25427,), dtype=float64)
[2026-01-08 04:15:43,292][anemoi.utils.checkpoints][INFO] - Saving supporting array `longitudes` to inference-last/anemoi-metadata/longitudes.numpy (shape=(25427,), dtype=float64)
[2026-01-08 04:15:43,293][anemoi.utils.checkpoints][INFO] - Saving supporting array `lam_0/cutout_mask` to inference-last/anemoi-metadata/lam_0/cutout_mask.numpy (shape=(24386,), dtype=bool)
[2026-01-08 04:15:43,293][anemoi.utils.checkpoints][INFO] - Saving supporting array `global/cutout_mask` to inference-last/anemoi-metadata/global/cutout_mask.numpy (shape=(2021,), dtype=bool)
[2026-01-08 04:15:43,293][anemoi.utils.checkpoints][INFO] - Saving supporting array `source0/latitudes` to inference-last/anemoi-metadata/source0/latitudes.numpy (shape=(24386,), dtype=float64)
[2026-01-08 04:15:43,293][anemoi.utils.checkpoints][INFO] - Saving supporting array `source0/longitudes` to inference-last/anemoi-metadata/source0/longitudes.numpy (shape=(24386,), dtype=float64)
[2026-01-08 04:15:43,293][anemoi.utils.checkpoints][INFO] - Saving supporting array `source1/latitudes` to inference-last/anemoi-metadata/source1/latitudes.numpy (shape=(2021,), dtype=float64)
[2026-01-08 04:15:43,293][anemoi.utils.checkpoints][INFO] - Saving supporting array `source1/longitudes` to inference-last/anemoi-metadata/source1/longitudes.numpy (shape=(2021,), dtype=float64)
[2026-01-08 04:15:43,293][anemoi.utils.checkpoints][INFO] - Saving supporting array `grid_indices` to inference-last/anemoi-metadata/grid_indices.numpy (shape=(25427,), dtype=int64)
[2026-01-08 04:15:43,567][anemoi.utils.checkpoints][INFO] - Adding extra information to checkpoint /mnt/weatherloss/WindPower/training/CI/Transformer/checkpoint/99bea89a-0012-4f75-b5b8-bd65db4240b4/last.ckpt
[2026-01-08 04:15:43,567][anemoi.utils.checkpoints][INFO] - Saving metadata to archive/anemoi-metadata/ai-models.json
[2026-01-08 04:15:43,569][anemoi.utils.checkpoints][INFO] - Saving supporting array `latitudes` to archive/anemoi-metadata/latitudes.numpy (shape=(25427,), dtype=float64)
[2026-01-08 04:15:43,569][anemoi.utils.checkpoints][INFO] - Saving supporting array `longitudes` to archive/anemoi-metadata/longitudes.numpy (shape=(25427,), dtype=float64)
[2026-01-08 04:15:43,569][anemoi.utils.checkpoints][INFO] - Saving supporting array `lam_0/cutout_mask` to archive/anemoi-metadata/lam_0/cutout_mask.numpy (shape=(24386,), dtype=bool)
[2026-01-08 04:15:43,569][anemoi.utils.checkpoints][INFO] - Saving supporting array `global/cutout_mask` to archive/anemoi-metadata/global/cutout_mask.numpy (shape=(2021,), dtype=bool)
[2026-01-08 04:15:43,569][anemoi.utils.checkpoints][INFO] - Saving supporting array `source0/latitudes` to archive/anemoi-metadata/source0/latitudes.numpy (shape=(24386,), dtype=float64)
[2026-01-08 04:15:43,569][anemoi.utils.checkpoints][INFO] - Saving supporting array `source0/longitudes` to archive/anemoi-metadata/source0/longitudes.numpy (shape=(24386,), dtype=float64)
[2026-01-08 04:15:43,569][anemoi.utils.checkpoints][INFO] - Saving supporting array `source1/latitudes` to archive/anemoi-metadata/source1/latitudes.numpy (shape=(2021,), dtype=float64)
[2026-01-08 04:15:43,569][anemoi.utils.checkpoints][INFO] - Saving supporting array `source1/longitudes` to archive/anemoi-metadata/source1/longitudes.numpy (shape=(2021,), dtype=float64)
[2026-01-08 04:15:43,570][anemoi.utils.checkpoints][INFO] - Saving supporting array `grid_indices` to archive/anemoi-metadata/grid_indices.numpy (shape=(25427,), dtype=int64)
[2026-01-08 06:54:32,641][anemoi.models.data_indices.collection][INFO] - The order of the variables in the model matches the order in the data.
[2026-01-08 07:27:43,627][anemoi.utils.checkpoints][INFO] - Adding extra information to checkpoint /mnt/weatherloss/WindPower/training/CI/Transformer/checkpoint/99bea89a-0012-4f75-b5b8-bd65db4240b4/inference-anemoi-by_epoch-epoch_013-step_171556.ckpt
[2026-01-08 07:27:43,627][anemoi.utils.checkpoints][INFO] - Saving metadata to inference-anemoi-by_epoch-epoch_013-step_171556/anemoi-metadata/ai-models.json
[2026-01-08 07:27:43,628][anemoi.utils.checkpoints][INFO] - Saving supporting array `latitudes` to inference-anemoi-by_epoch-epoch_013-step_171556/anemoi-metadata/latitudes.numpy (shape=(25427,), dtype=float64)
[2026-01-08 07:27:43,629][anemoi.utils.checkpoints][INFO] - Saving supporting array `longitudes` to inference-anemoi-by_epoch-epoch_013-step_171556/anemoi-metadata/longitudes.numpy (shape=(25427,), dtype=float64)
[2026-01-08 07:27:43,629][anemoi.utils.checkpoints][INFO] - Saving supporting array `lam_0/cutout_mask` to inference-anemoi-by_epoch-epoch_013-step_171556/anemoi-metadata/lam_0/cutout_mask.numpy (shape=(24386,), dtype=bool)
[2026-01-08 07:27:43,629][anemoi.utils.checkpoints][INFO] - Saving supporting array `global/cutout_mask` to inference-anemoi-by_epoch-epoch_013-step_171556/anemoi-metadata/global/cutout_mask.numpy (shape=(2021,), dtype=bool)
[2026-01-08 07:27:43,629][anemoi.utils.checkpoints][INFO] - Saving supporting array `source0/latitudes` to inference-anemoi-by_epoch-epoch_013-step_171556/anemoi-metadata/source0/latitudes.numpy (shape=(24386,), dtype=float64)
[2026-01-08 07:27:43,629][anemoi.utils.checkpoints][INFO] - Saving supporting array `source0/longitudes` to inference-anemoi-by_epoch-epoch_013-step_171556/anemoi-metadata/source0/longitudes.numpy (shape=(24386,), dtype=float64)
[2026-01-08 07:27:43,629][anemoi.utils.checkpoints][INFO] - Saving supporting array `source1/latitudes` to inference-anemoi-by_epoch-epoch_013-step_171556/anemoi-metadata/source1/latitudes.numpy (shape=(2021,), dtype=float64)
[2026-01-08 07:27:43,629][anemoi.utils.checkpoints][INFO] - Saving supporting array `source1/longitudes` to inference-anemoi-by_epoch-epoch_013-step_171556/anemoi-metadata/source1/longitudes.numpy (shape=(2021,), dtype=float64)
[2026-01-08 07:27:43,630][anemoi.utils.checkpoints][INFO] - Saving supporting array `grid_indices` to inference-anemoi-by_epoch-epoch_013-step_171556/anemoi-metadata/grid_indices.numpy (shape=(25427,), dtype=int64)
[2026-01-08 07:27:43,889][anemoi.utils.checkpoints][INFO] - Adding extra information to checkpoint /mnt/weatherloss/WindPower/training/CI/Transformer/checkpoint/99bea89a-0012-4f75-b5b8-bd65db4240b4/anemoi-by_epoch-epoch_013-step_171556.ckpt
[2026-01-08 07:27:43,889][anemoi.utils.checkpoints][INFO] - Saving metadata to archive/anemoi-metadata/ai-models.json
[2026-01-08 07:27:43,890][anemoi.utils.checkpoints][INFO] - Saving supporting array `latitudes` to archive/anemoi-metadata/latitudes.numpy (shape=(25427,), dtype=float64)
[2026-01-08 07:27:43,891][anemoi.utils.checkpoints][INFO] - Saving supporting array `longitudes` to archive/anemoi-metadata/longitudes.numpy (shape=(25427,), dtype=float64)
[2026-01-08 07:27:43,891][anemoi.utils.checkpoints][INFO] - Saving supporting array `lam_0/cutout_mask` to archive/anemoi-metadata/lam_0/cutout_mask.numpy (shape=(24386,), dtype=bool)
[2026-01-08 07:27:43,891][anemoi.utils.checkpoints][INFO] - Saving supporting array `global/cutout_mask` to archive/anemoi-metadata/global/cutout_mask.numpy (shape=(2021,), dtype=bool)
[2026-01-08 07:27:43,891][anemoi.utils.checkpoints][INFO] - Saving supporting array `source0/latitudes` to archive/anemoi-metadata/source0/latitudes.numpy (shape=(24386,), dtype=float64)
[2026-01-08 07:27:43,891][anemoi.utils.checkpoints][INFO] - Saving supporting array `source0/longitudes` to archive/anemoi-metadata/source0/longitudes.numpy (shape=(24386,), dtype=float64)
[2026-01-08 07:27:43,891][anemoi.utils.checkpoints][INFO] - Saving supporting array `source1/latitudes` to archive/anemoi-metadata/source1/latitudes.numpy (shape=(2021,), dtype=float64)
[2026-01-08 07:27:43,891][anemoi.utils.checkpoints][INFO] - Saving supporting array `source1/longitudes` to archive/anemoi-metadata/source1/longitudes.numpy (shape=(2021,), dtype=float64)
[2026-01-08 07:27:43,891][anemoi.utils.checkpoints][INFO] - Saving supporting array `grid_indices` to archive/anemoi-metadata/grid_indices.numpy (shape=(25427,), dtype=int64)
[2026-01-08 07:27:45,274][anemoi.utils.checkpoints][INFO] - Adding extra information to checkpoint /mnt/weatherloss/WindPower/training/CI/Transformer/checkpoint/99bea89a-0012-4f75-b5b8-bd65db4240b4/inference-last.ckpt
[2026-01-08 07:27:45,275][anemoi.utils.checkpoints][INFO] - Saving metadata to inference-last/anemoi-metadata/ai-models.json
[2026-01-08 07:27:45,276][anemoi.utils.checkpoints][INFO] - Saving supporting array `latitudes` to inference-last/anemoi-metadata/latitudes.numpy (shape=(25427,), dtype=float64)
[2026-01-08 07:27:45,276][anemoi.utils.checkpoints][INFO] - Saving supporting array `longitudes` to inference-last/anemoi-metadata/longitudes.numpy (shape=(25427,), dtype=float64)
[2026-01-08 07:27:45,276][anemoi.utils.checkpoints][INFO] - Saving supporting array `lam_0/cutout_mask` to inference-last/anemoi-metadata/lam_0/cutout_mask.numpy (shape=(24386,), dtype=bool)
[2026-01-08 07:27:45,277][anemoi.utils.checkpoints][INFO] - Saving supporting array `global/cutout_mask` to inference-last/anemoi-metadata/global/cutout_mask.numpy (shape=(2021,), dtype=bool)
[2026-01-08 07:27:45,277][anemoi.utils.checkpoints][INFO] - Saving supporting array `source0/latitudes` to inference-last/anemoi-metadata/source0/latitudes.numpy (shape=(24386,), dtype=float64)
[2026-01-08 07:27:45,277][anemoi.utils.checkpoints][INFO] - Saving supporting array `source0/longitudes` to inference-last/anemoi-metadata/source0/longitudes.numpy (shape=(24386,), dtype=float64)
[2026-01-08 07:27:45,277][anemoi.utils.checkpoints][INFO] - Saving supporting array `source1/latitudes` to inference-last/anemoi-metadata/source1/latitudes.numpy (shape=(2021,), dtype=float64)
[2026-01-08 07:27:45,277][anemoi.utils.checkpoints][INFO] - Saving supporting array `source1/longitudes` to inference-last/anemoi-metadata/source1/longitudes.numpy (shape=(2021,), dtype=float64)
[2026-01-08 07:27:45,277][anemoi.utils.checkpoints][INFO] - Saving supporting array `grid_indices` to inference-last/anemoi-metadata/grid_indices.numpy (shape=(25427,), dtype=int64)
[2026-01-08 07:27:45,541][anemoi.utils.checkpoints][INFO] - Adding extra information to checkpoint /mnt/weatherloss/WindPower/training/CI/Transformer/checkpoint/99bea89a-0012-4f75-b5b8-bd65db4240b4/last.ckpt
[2026-01-08 07:27:45,542][anemoi.utils.checkpoints][INFO] - Saving metadata to archive/anemoi-metadata/ai-models.json
[2026-01-08 07:27:45,543][anemoi.utils.checkpoints][INFO] - Saving supporting array `latitudes` to archive/anemoi-metadata/latitudes.numpy (shape=(25427,), dtype=float64)
[2026-01-08 07:27:45,543][anemoi.utils.checkpoints][INFO] - Saving supporting array `longitudes` to archive/anemoi-metadata/longitudes.numpy (shape=(25427,), dtype=float64)
[2026-01-08 07:27:45,543][anemoi.utils.checkpoints][INFO] - Saving supporting array `lam_0/cutout_mask` to archive/anemoi-metadata/lam_0/cutout_mask.numpy (shape=(24386,), dtype=bool)
[2026-01-08 07:27:45,543][anemoi.utils.checkpoints][INFO] - Saving supporting array `global/cutout_mask` to archive/anemoi-metadata/global/cutout_mask.numpy (shape=(2021,), dtype=bool)
[2026-01-08 07:27:45,543][anemoi.utils.checkpoints][INFO] - Saving supporting array `source0/latitudes` to archive/anemoi-metadata/source0/latitudes.numpy (shape=(24386,), dtype=float64)
[2026-01-08 07:27:45,543][anemoi.utils.checkpoints][INFO] - Saving supporting array `source0/longitudes` to archive/anemoi-metadata/source0/longitudes.numpy (shape=(24386,), dtype=float64)
[2026-01-08 07:27:45,544][anemoi.utils.checkpoints][INFO] - Saving supporting array `source1/latitudes` to archive/anemoi-metadata/source1/latitudes.numpy (shape=(2021,), dtype=float64)
[2026-01-08 07:27:45,544][anemoi.utils.checkpoints][INFO] - Saving supporting array `source1/longitudes` to archive/anemoi-metadata/source1/longitudes.numpy (shape=(2021,), dtype=float64)
[2026-01-08 07:27:45,544][anemoi.utils.checkpoints][INFO] - Saving supporting array `grid_indices` to archive/anemoi-metadata/grid_indices.numpy (shape=(25427,), dtype=int64)
[2026-01-08 10:35:38,485][anemoi.models.data_indices.collection][INFO] - The order of the variables in the model matches the order in the data.
[2026-01-08 10:42:56,192][anemoi.utils.checkpoints][INFO] - Adding extra information to checkpoint /mnt/weatherloss/WindPower/training/CI/Transformer/checkpoint/99bea89a-0012-4f75-b5b8-bd65db4240b4/inference-anemoi-by_epoch-epoch_014-step_183482.ckpt
[2026-01-08 10:42:56,192][anemoi.utils.checkpoints][INFO] - Saving metadata to inference-anemoi-by_epoch-epoch_014-step_183482/anemoi-metadata/ai-models.json
[2026-01-08 10:42:56,194][anemoi.utils.checkpoints][INFO] - Saving supporting array `latitudes` to inference-anemoi-by_epoch-epoch_014-step_183482/anemoi-metadata/latitudes.numpy (shape=(25427,), dtype=float64)
[2026-01-08 10:42:56,194][anemoi.utils.checkpoints][INFO] - Saving supporting array `longitudes` to inference-anemoi-by_epoch-epoch_014-step_183482/anemoi-metadata/longitudes.numpy (shape=(25427,), dtype=float64)
[2026-01-08 10:42:56,194][anemoi.utils.checkpoints][INFO] - Saving supporting array `lam_0/cutout_mask` to inference-anemoi-by_epoch-epoch_014-step_183482/anemoi-metadata/lam_0/cutout_mask.numpy (shape=(24386,), dtype=bool)
[2026-01-08 10:42:56,194][anemoi.utils.checkpoints][INFO] - Saving supporting array `global/cutout_mask` to inference-anemoi-by_epoch-epoch_014-step_183482/anemoi-metadata/global/cutout_mask.numpy (shape=(2021,), dtype=bool)
[2026-01-08 10:42:56,194][anemoi.utils.checkpoints][INFO] - Saving supporting array `source0/latitudes` to inference-anemoi-by_epoch-epoch_014-step_183482/anemoi-metadata/source0/latitudes.numpy (shape=(24386,), dtype=float64)
[2026-01-08 10:42:56,194][anemoi.utils.checkpoints][INFO] - Saving supporting array `source0/longitudes` to inference-anemoi-by_epoch-epoch_014-step_183482/anemoi-metadata/source0/longitudes.numpy (shape=(24386,), dtype=float64)
[2026-01-08 10:42:56,194][anemoi.utils.checkpoints][INFO] - Saving supporting array `source1/latitudes` to inference-anemoi-by_epoch-epoch_014-step_183482/anemoi-metadata/source1/latitudes.numpy (shape=(2021,), dtype=float64)
[2026-01-08 10:42:56,195][anemoi.utils.checkpoints][INFO] - Saving supporting array `source1/longitudes` to inference-anemoi-by_epoch-epoch_014-step_183482/anemoi-metadata/source1/longitudes.numpy (shape=(2021,), dtype=float64)
[2026-01-08 10:42:56,195][anemoi.utils.checkpoints][INFO] - Saving supporting array `grid_indices` to inference-anemoi-by_epoch-epoch_014-step_183482/anemoi-metadata/grid_indices.numpy (shape=(25427,), dtype=int64)
[2026-01-08 10:42:56,455][anemoi.utils.checkpoints][INFO] - Adding extra information to checkpoint /mnt/weatherloss/WindPower/training/CI/Transformer/checkpoint/99bea89a-0012-4f75-b5b8-bd65db4240b4/anemoi-by_epoch-epoch_014-step_183482.ckpt
[2026-01-08 10:42:56,455][anemoi.utils.checkpoints][INFO] - Saving metadata to archive/anemoi-metadata/ai-models.json
[2026-01-08 10:42:56,456][anemoi.utils.checkpoints][INFO] - Saving supporting array `latitudes` to archive/anemoi-metadata/latitudes.numpy (shape=(25427,), dtype=float64)
[2026-01-08 10:42:56,456][anemoi.utils.checkpoints][INFO] - Saving supporting array `longitudes` to archive/anemoi-metadata/longitudes.numpy (shape=(25427,), dtype=float64)
[2026-01-08 10:42:56,457][anemoi.utils.checkpoints][INFO] - Saving supporting array `lam_0/cutout_mask` to archive/anemoi-metadata/lam_0/cutout_mask.numpy (shape=(24386,), dtype=bool)
[2026-01-08 10:42:56,457][anemoi.utils.checkpoints][INFO] - Saving supporting array `global/cutout_mask` to archive/anemoi-metadata/global/cutout_mask.numpy (shape=(2021,), dtype=bool)
[2026-01-08 10:42:56,457][anemoi.utils.checkpoints][INFO] - Saving supporting array `source0/latitudes` to archive/anemoi-metadata/source0/latitudes.numpy (shape=(24386,), dtype=float64)
[2026-01-08 10:42:56,457][anemoi.utils.checkpoints][INFO] - Saving supporting array `source0/longitudes` to archive/anemoi-metadata/source0/longitudes.numpy (shape=(24386,), dtype=float64)
[2026-01-08 10:42:56,457][anemoi.utils.checkpoints][INFO] - Saving supporting array `source1/latitudes` to archive/anemoi-metadata/source1/latitudes.numpy (shape=(2021,), dtype=float64)
[2026-01-08 10:42:56,457][anemoi.utils.checkpoints][INFO] - Saving supporting array `source1/longitudes` to archive/anemoi-metadata/source1/longitudes.numpy (shape=(2021,), dtype=float64)
[2026-01-08 10:42:56,457][anemoi.utils.checkpoints][INFO] - Saving supporting array `grid_indices` to archive/anemoi-metadata/grid_indices.numpy (shape=(25427,), dtype=int64)
[2026-01-08 10:42:57,921][anemoi.utils.checkpoints][INFO] - Adding extra information to checkpoint /mnt/weatherloss/WindPower/training/CI/Transformer/checkpoint/99bea89a-0012-4f75-b5b8-bd65db4240b4/inference-last.ckpt
[2026-01-08 10:42:57,921][anemoi.utils.checkpoints][INFO] - Saving metadata to inference-last/anemoi-metadata/ai-models.json
[2026-01-08 10:42:57,922][anemoi.utils.checkpoints][INFO] - Saving supporting array `latitudes` to inference-last/anemoi-metadata/latitudes.numpy (shape=(25427,), dtype=float64)
[2026-01-08 10:42:57,922][anemoi.utils.checkpoints][INFO] - Saving supporting array `longitudes` to inference-last/anemoi-metadata/longitudes.numpy (shape=(25427,), dtype=float64)
[2026-01-08 10:42:57,923][anemoi.utils.checkpoints][INFO] - Saving supporting array `lam_0/cutout_mask` to inference-last/anemoi-metadata/lam_0/cutout_mask.numpy (shape=(24386,), dtype=bool)
[2026-01-08 10:42:57,923][anemoi.utils.checkpoints][INFO] - Saving supporting array `global/cutout_mask` to inference-last/anemoi-metadata/global/cutout_mask.numpy (shape=(2021,), dtype=bool)
[2026-01-08 10:42:57,923][anemoi.utils.checkpoints][INFO] - Saving supporting array `source0/latitudes` to inference-last/anemoi-metadata/source0/latitudes.numpy (shape=(24386,), dtype=float64)
[2026-01-08 10:42:57,923][anemoi.utils.checkpoints][INFO] - Saving supporting array `source0/longitudes` to inference-last/anemoi-metadata/source0/longitudes.numpy (shape=(24386,), dtype=float64)
[2026-01-08 10:42:57,923][anemoi.utils.checkpoints][INFO] - Saving supporting array `source1/latitudes` to inference-last/anemoi-metadata/source1/latitudes.numpy (shape=(2021,), dtype=float64)
[2026-01-08 10:42:57,923][anemoi.utils.checkpoints][INFO] - Saving supporting array `source1/longitudes` to inference-last/anemoi-metadata/source1/longitudes.numpy (shape=(2021,), dtype=float64)
[2026-01-08 10:42:57,923][anemoi.utils.checkpoints][INFO] - Saving supporting array `grid_indices` to inference-last/anemoi-metadata/grid_indices.numpy (shape=(25427,), dtype=int64)
[2026-01-08 10:42:58,200][anemoi.utils.checkpoints][INFO] - Adding extra information to checkpoint /mnt/weatherloss/WindPower/training/CI/Transformer/checkpoint/99bea89a-0012-4f75-b5b8-bd65db4240b4/last.ckpt
[2026-01-08 10:42:58,200][anemoi.utils.checkpoints][INFO] - Saving metadata to archive/anemoi-metadata/ai-models.json
[2026-01-08 10:42:58,201][anemoi.utils.checkpoints][INFO] - Saving supporting array `latitudes` to archive/anemoi-metadata/latitudes.numpy (shape=(25427,), dtype=float64)
[2026-01-08 10:42:58,201][anemoi.utils.checkpoints][INFO] - Saving supporting array `longitudes` to archive/anemoi-metadata/longitudes.numpy (shape=(25427,), dtype=float64)
[2026-01-08 10:42:58,202][anemoi.utils.checkpoints][INFO] - Saving supporting array `lam_0/cutout_mask` to archive/anemoi-metadata/lam_0/cutout_mask.numpy (shape=(24386,), dtype=bool)
[2026-01-08 10:42:58,202][anemoi.utils.checkpoints][INFO] - Saving supporting array `global/cutout_mask` to archive/anemoi-metadata/global/cutout_mask.numpy (shape=(2021,), dtype=bool)
[2026-01-08 10:42:58,202][anemoi.utils.checkpoints][INFO] - Saving supporting array `source0/latitudes` to archive/anemoi-metadata/source0/latitudes.numpy (shape=(24386,), dtype=float64)
[2026-01-08 10:42:58,202][anemoi.utils.checkpoints][INFO] - Saving supporting array `source0/longitudes` to archive/anemoi-metadata/source0/longitudes.numpy (shape=(24386,), dtype=float64)
[2026-01-08 10:42:58,202][anemoi.utils.checkpoints][INFO] - Saving supporting array `source1/latitudes` to archive/anemoi-metadata/source1/latitudes.numpy (shape=(2021,), dtype=float64)
[2026-01-08 10:42:58,202][anemoi.utils.checkpoints][INFO] - Saving supporting array `source1/longitudes` to archive/anemoi-metadata/source1/longitudes.numpy (shape=(2021,), dtype=float64)
[2026-01-08 10:42:58,202][anemoi.utils.checkpoints][INFO] - Saving supporting array `grid_indices` to archive/anemoi-metadata/grid_indices.numpy (shape=(25427,), dtype=int64)
[2026-01-08 11:10:14,031][pytorch_lightning.utilities.rank_zero][INFO] - `Trainer.fit` stopped: `max_steps=185000` reached.
[2026-01-08 11:10:15,211][anemoi.utils.checkpoints][INFO] - Adding extra information to checkpoint /mnt/weatherloss/WindPower/training/CI/Transformer/checkpoint/99bea89a-0012-4f75-b5b8-bd65db4240b4/inference-anemoi-by_time-epoch_015-step_185000.ckpt
[2026-01-08 11:10:15,211][anemoi.utils.checkpoints][INFO] - Saving metadata to inference-anemoi-by_time-epoch_015-step_185000/anemoi-metadata/ai-models.json
[2026-01-08 11:10:15,213][anemoi.utils.checkpoints][INFO] - Saving supporting array `latitudes` to inference-anemoi-by_time-epoch_015-step_185000/anemoi-metadata/latitudes.numpy (shape=(25427,), dtype=float64)
[2026-01-08 11:10:15,213][anemoi.utils.checkpoints][INFO] - Saving supporting array `longitudes` to inference-anemoi-by_time-epoch_015-step_185000/anemoi-metadata/longitudes.numpy (shape=(25427,), dtype=float64)
[2026-01-08 11:10:15,213][anemoi.utils.checkpoints][INFO] - Saving supporting array `lam_0/cutout_mask` to inference-anemoi-by_time-epoch_015-step_185000/anemoi-metadata/lam_0/cutout_mask.numpy (shape=(24386,), dtype=bool)
[2026-01-08 11:10:15,213][anemoi.utils.checkpoints][INFO] - Saving supporting array `global/cutout_mask` to inference-anemoi-by_time-epoch_015-step_185000/anemoi-metadata/global/cutout_mask.numpy (shape=(2021,), dtype=bool)
[2026-01-08 11:10:15,213][anemoi.utils.checkpoints][INFO] - Saving supporting array `source0/latitudes` to inference-anemoi-by_time-epoch_015-step_185000/anemoi-metadata/source0/latitudes.numpy (shape=(24386,), dtype=float64)
[2026-01-08 11:10:15,213][anemoi.utils.checkpoints][INFO] - Saving supporting array `source0/longitudes` to inference-anemoi-by_time-epoch_015-step_185000/anemoi-metadata/source0/longitudes.numpy (shape=(24386,), dtype=float64)
[2026-01-08 11:10:15,214][anemoi.utils.checkpoints][INFO] - Saving supporting array `source1/latitudes` to inference-anemoi-by_time-epoch_015-step_185000/anemoi-metadata/source1/latitudes.numpy (shape=(2021,), dtype=float64)
[2026-01-08 11:10:15,214][anemoi.utils.checkpoints][INFO] - Saving supporting array `source1/longitudes` to inference-anemoi-by_time-epoch_015-step_185000/anemoi-metadata/source1/longitudes.numpy (shape=(2021,), dtype=float64)
[2026-01-08 11:10:15,214][anemoi.utils.checkpoints][INFO] - Saving supporting array `grid_indices` to inference-anemoi-by_time-epoch_015-step_185000/anemoi-metadata/grid_indices.numpy (shape=(25427,), dtype=int64)
[2026-01-08 11:10:15,481][anemoi.utils.checkpoints][INFO] - Adding extra information to checkpoint /mnt/weatherloss/WindPower/training/CI/Transformer/checkpoint/99bea89a-0012-4f75-b5b8-bd65db4240b4/anemoi-by_time-epoch_015-step_185000.ckpt
[2026-01-08 11:10:15,482][anemoi.utils.checkpoints][INFO] - Saving metadata to archive/anemoi-metadata/ai-models.json
[2026-01-08 11:10:15,483][anemoi.utils.checkpoints][INFO] - Saving supporting array `latitudes` to archive/anemoi-metadata/latitudes.numpy (shape=(25427,), dtype=float64)
[2026-01-08 11:10:15,483][anemoi.utils.checkpoints][INFO] - Saving supporting array `longitudes` to archive/anemoi-metadata/longitudes.numpy (shape=(25427,), dtype=float64)
[2026-01-08 11:10:15,483][anemoi.utils.checkpoints][INFO] - Saving supporting array `lam_0/cutout_mask` to archive/anemoi-metadata/lam_0/cutout_mask.numpy (shape=(24386,), dtype=bool)
[2026-01-08 11:10:15,483][anemoi.utils.checkpoints][INFO] - Saving supporting array `global/cutout_mask` to archive/anemoi-metadata/global/cutout_mask.numpy (shape=(2021,), dtype=bool)
[2026-01-08 11:10:15,483][anemoi.utils.checkpoints][INFO] - Saving supporting array `source0/latitudes` to archive/anemoi-metadata/source0/latitudes.numpy (shape=(24386,), dtype=float64)
[2026-01-08 11:10:15,484][anemoi.utils.checkpoints][INFO] - Saving supporting array `source0/longitudes` to archive/anemoi-metadata/source0/longitudes.numpy (shape=(24386,), dtype=float64)
[2026-01-08 11:10:15,484][anemoi.utils.checkpoints][INFO] - Saving supporting array `source1/latitudes` to archive/anemoi-metadata/source1/latitudes.numpy (shape=(2021,), dtype=float64)
[2026-01-08 11:10:15,484][anemoi.utils.checkpoints][INFO] - Saving supporting array `source1/longitudes` to archive/anemoi-metadata/source1/longitudes.numpy (shape=(2021,), dtype=float64)
[2026-01-08 11:10:15,484][anemoi.utils.checkpoints][INFO] - Saving supporting array `grid_indices` to archive/anemoi-metadata/grid_indices.numpy (shape=(25427,), dtype=int64)
[2026-01-08 11:10:16,907][anemoi.utils.checkpoints][INFO] - Adding extra information to checkpoint /mnt/weatherloss/WindPower/training/CI/Transformer/checkpoint/99bea89a-0012-4f75-b5b8-bd65db4240b4/inference-last.ckpt
[2026-01-08 11:10:16,907][anemoi.utils.checkpoints][INFO] - Saving metadata to inference-last/anemoi-metadata/ai-models.json
[2026-01-08 11:10:16,909][anemoi.utils.checkpoints][INFO] - Saving supporting array `latitudes` to inference-last/anemoi-metadata/latitudes.numpy (shape=(25427,), dtype=float64)
[2026-01-08 11:10:16,909][anemoi.utils.checkpoints][INFO] - Saving supporting array `longitudes` to inference-last/anemoi-metadata/longitudes.numpy (shape=(25427,), dtype=float64)
[2026-01-08 11:10:16,909][anemoi.utils.checkpoints][INFO] - Saving supporting array `lam_0/cutout_mask` to inference-last/anemoi-metadata/lam_0/cutout_mask.numpy (shape=(24386,), dtype=bool)
[2026-01-08 11:10:16,909][anemoi.utils.checkpoints][INFO] - Saving supporting array `global/cutout_mask` to inference-last/anemoi-metadata/global/cutout_mask.numpy (shape=(2021,), dtype=bool)
[2026-01-08 11:10:16,909][anemoi.utils.checkpoints][INFO] - Saving supporting array `source0/latitudes` to inference-last/anemoi-metadata/source0/latitudes.numpy (shape=(24386,), dtype=float64)
[2026-01-08 11:10:16,910][anemoi.utils.checkpoints][INFO] - Saving supporting array `source0/longitudes` to inference-last/anemoi-metadata/source0/longitudes.numpy (shape=(24386,), dtype=float64)
[2026-01-08 11:10:16,910][anemoi.utils.checkpoints][INFO] - Saving supporting array `source1/latitudes` to inference-last/anemoi-metadata/source1/latitudes.numpy (shape=(2021,), dtype=float64)
[2026-01-08 11:10:16,910][anemoi.utils.checkpoints][INFO] - Saving supporting array `source1/longitudes` to inference-last/anemoi-metadata/source1/longitudes.numpy (shape=(2021,), dtype=float64)
[2026-01-08 11:10:16,910][anemoi.utils.checkpoints][INFO] - Saving supporting array `grid_indices` to inference-last/anemoi-metadata/grid_indices.numpy (shape=(25427,), dtype=int64)
[2026-01-08 11:10:17,187][anemoi.utils.checkpoints][INFO] - Adding extra information to checkpoint /mnt/weatherloss/WindPower/training/CI/Transformer/checkpoint/99bea89a-0012-4f75-b5b8-bd65db4240b4/last.ckpt
[2026-01-08 11:10:17,187][anemoi.utils.checkpoints][INFO] - Saving metadata to archive/anemoi-metadata/ai-models.json
[2026-01-08 11:10:17,188][anemoi.utils.checkpoints][INFO] - Saving supporting array `latitudes` to archive/anemoi-metadata/latitudes.numpy (shape=(25427,), dtype=float64)
[2026-01-08 11:10:17,188][anemoi.utils.checkpoints][INFO] - Saving supporting array `longitudes` to archive/anemoi-metadata/longitudes.numpy (shape=(25427,), dtype=float64)
[2026-01-08 11:10:17,188][anemoi.utils.checkpoints][INFO] - Saving supporting array `lam_0/cutout_mask` to archive/anemoi-metadata/lam_0/cutout_mask.numpy (shape=(24386,), dtype=bool)
[2026-01-08 11:10:17,189][anemoi.utils.checkpoints][INFO] - Saving supporting array `global/cutout_mask` to archive/anemoi-metadata/global/cutout_mask.numpy (shape=(2021,), dtype=bool)
[2026-01-08 11:10:17,189][anemoi.utils.checkpoints][INFO] - Saving supporting array `source0/latitudes` to archive/anemoi-metadata/source0/latitudes.numpy (shape=(24386,), dtype=float64)
[2026-01-08 11:10:17,189][anemoi.utils.checkpoints][INFO] - Saving supporting array `source0/longitudes` to archive/anemoi-metadata/source0/longitudes.numpy (shape=(24386,), dtype=float64)
[2026-01-08 11:10:17,189][anemoi.utils.checkpoints][INFO] - Saving supporting array `source1/latitudes` to archive/anemoi-metadata/source1/latitudes.numpy (shape=(2021,), dtype=float64)
[2026-01-08 11:10:17,189][anemoi.utils.checkpoints][INFO] - Saving supporting array `source1/longitudes` to archive/anemoi-metadata/source1/longitudes.numpy (shape=(2021,), dtype=float64)
[2026-01-08 11:10:17,189][anemoi.utils.checkpoints][INFO] - Saving supporting array `grid_indices` to archive/anemoi-metadata/grid_indices.numpy (shape=(25427,), dtype=int64)
[2026-01-08 11:10:18,341][anemoi.utils.checkpoints][INFO] - Adding extra information to checkpoint /mnt/weatherloss/WindPower/training/CI/Transformer/checkpoint/99bea89a-0012-4f75-b5b8-bd65db4240b4/inference-anemoi-by_epoch-epoch_015-step_185000.ckpt
[2026-01-08 11:10:18,341][anemoi.utils.checkpoints][INFO] - Saving metadata to inference-anemoi-by_epoch-epoch_015-step_185000/anemoi-metadata/ai-models.json
[2026-01-08 11:10:18,342][anemoi.utils.checkpoints][INFO] - Saving supporting array `latitudes` to inference-anemoi-by_epoch-epoch_015-step_185000/anemoi-metadata/latitudes.numpy (shape=(25427,), dtype=float64)
[2026-01-08 11:10:18,342][anemoi.utils.checkpoints][INFO] - Saving supporting array `longitudes` to inference-anemoi-by_epoch-epoch_015-step_185000/anemoi-metadata/longitudes.numpy (shape=(25427,), dtype=float64)
[2026-01-08 11:10:18,342][anemoi.utils.checkpoints][INFO] - Saving supporting array `lam_0/cutout_mask` to inference-anemoi-by_epoch-epoch_015-step_185000/anemoi-metadata/lam_0/cutout_mask.numpy (shape=(24386,), dtype=bool)
[2026-01-08 11:10:18,342][anemoi.utils.checkpoints][INFO] - Saving supporting array `global/cutout_mask` to inference-anemoi-by_epoch-epoch_015-step_185000/anemoi-metadata/global/cutout_mask.numpy (shape=(2021,), dtype=bool)
[2026-01-08 11:10:18,342][anemoi.utils.checkpoints][INFO] - Saving supporting array `source0/latitudes` to inference-anemoi-by_epoch-epoch_015-step_185000/anemoi-metadata/source0/latitudes.numpy (shape=(24386,), dtype=float64)
[2026-01-08 11:10:18,343][anemoi.utils.checkpoints][INFO] - Saving supporting array `source0/longitudes` to inference-anemoi-by_epoch-epoch_015-step_185000/anemoi-metadata/source0/longitudes.numpy (shape=(24386,), dtype=float64)
[2026-01-08 11:10:18,343][anemoi.utils.checkpoints][INFO] - Saving supporting array `source1/latitudes` to inference-anemoi-by_epoch-epoch_015-step_185000/anemoi-metadata/source1/latitudes.numpy (shape=(2021,), dtype=float64)
[2026-01-08 11:10:18,343][anemoi.utils.checkpoints][INFO] - Saving supporting array `source1/longitudes` to inference-anemoi-by_epoch-epoch_015-step_185000/anemoi-metadata/source1/longitudes.numpy (shape=(2021,), dtype=float64)
[2026-01-08 11:10:18,343][anemoi.utils.checkpoints][INFO] - Saving supporting array `grid_indices` to inference-anemoi-by_epoch-epoch_015-step_185000/anemoi-metadata/grid_indices.numpy (shape=(25427,), dtype=int64)
[2026-01-08 11:10:18,594][anemoi.utils.checkpoints][INFO] - Adding extra information to checkpoint /mnt/weatherloss/WindPower/training/CI/Transformer/checkpoint/99bea89a-0012-4f75-b5b8-bd65db4240b4/anemoi-by_epoch-epoch_015-step_185000.ckpt
[2026-01-08 11:10:18,595][anemoi.utils.checkpoints][INFO] - Saving metadata to archive/anemoi-metadata/ai-models.json
[2026-01-08 11:10:18,596][anemoi.utils.checkpoints][INFO] - Saving supporting array `latitudes` to archive/anemoi-metadata/latitudes.numpy (shape=(25427,), dtype=float64)
[2026-01-08 11:10:18,596][anemoi.utils.checkpoints][INFO] - Saving supporting array `longitudes` to archive/anemoi-metadata/longitudes.numpy (shape=(25427,), dtype=float64)
[2026-01-08 11:10:18,596][anemoi.utils.checkpoints][INFO] - Saving supporting array `lam_0/cutout_mask` to archive/anemoi-metadata/lam_0/cutout_mask.numpy (shape=(24386,), dtype=bool)
[2026-01-08 11:10:18,596][anemoi.utils.checkpoints][INFO] - Saving supporting array `global/cutout_mask` to archive/anemoi-metadata/global/cutout_mask.numpy (shape=(2021,), dtype=bool)
[2026-01-08 11:10:18,596][anemoi.utils.checkpoints][INFO] - Saving supporting array `source0/latitudes` to archive/anemoi-metadata/source0/latitudes.numpy (shape=(24386,), dtype=float64)
[2026-01-08 11:10:18,596][anemoi.utils.checkpoints][INFO] - Saving supporting array `source0/longitudes` to archive/anemoi-metadata/source0/longitudes.numpy (shape=(24386,), dtype=float64)
[2026-01-08 11:10:18,597][anemoi.utils.checkpoints][INFO] - Saving supporting array `source1/latitudes` to archive/anemoi-metadata/source1/latitudes.numpy (shape=(2021,), dtype=float64)
[2026-01-08 11:10:18,597][anemoi.utils.checkpoints][INFO] - Saving supporting array `source1/longitudes` to archive/anemoi-metadata/source1/longitudes.numpy (shape=(2021,), dtype=float64)
[2026-01-08 11:10:18,597][anemoi.utils.checkpoints][INFO] - Saving supporting array `grid_indices` to archive/anemoi-metadata/grid_indices.numpy (shape=(25427,), dtype=int64)
[2026-01-08 11:10:19,982][anemoi.utils.checkpoints][INFO] - Adding extra information to checkpoint /mnt/weatherloss/WindPower/training/CI/Transformer/checkpoint/99bea89a-0012-4f75-b5b8-bd65db4240b4/inference-last.ckpt
[2026-01-08 11:10:19,982][anemoi.utils.checkpoints][INFO] - Saving metadata to inference-last/anemoi-metadata/ai-models.json
[2026-01-08 11:10:19,983][anemoi.utils.checkpoints][INFO] - Saving supporting array `latitudes` to inference-last/anemoi-metadata/latitudes.numpy (shape=(25427,), dtype=float64)
[2026-01-08 11:10:19,983][anemoi.utils.checkpoints][INFO] - Saving supporting array `longitudes` to inference-last/anemoi-metadata/longitudes.numpy (shape=(25427,), dtype=float64)
[2026-01-08 11:10:19,984][anemoi.utils.checkpoints][INFO] - Saving supporting array `lam_0/cutout_mask` to inference-last/anemoi-metadata/lam_0/cutout_mask.numpy (shape=(24386,), dtype=bool)
[2026-01-08 11:10:19,984][anemoi.utils.checkpoints][INFO] - Saving supporting array `global/cutout_mask` to inference-last/anemoi-metadata/global/cutout_mask.numpy (shape=(2021,), dtype=bool)
[2026-01-08 11:10:19,984][anemoi.utils.checkpoints][INFO] - Saving supporting array `source0/latitudes` to inference-last/anemoi-metadata/source0/latitudes.numpy (shape=(24386,), dtype=float64)
[2026-01-08 11:10:19,984][anemoi.utils.checkpoints][INFO] - Saving supporting array `source0/longitudes` to inference-last/anemoi-metadata/source0/longitudes.numpy (shape=(24386,), dtype=float64)
[2026-01-08 11:10:19,984][anemoi.utils.checkpoints][INFO] - Saving supporting array `source1/latitudes` to inference-last/anemoi-metadata/source1/latitudes.numpy (shape=(2021,), dtype=float64)
[2026-01-08 11:10:19,984][anemoi.utils.checkpoints][INFO] - Saving supporting array `source1/longitudes` to inference-last/anemoi-metadata/source1/longitudes.numpy (shape=(2021,), dtype=float64)
[2026-01-08 11:10:19,984][anemoi.utils.checkpoints][INFO] - Saving supporting array `grid_indices` to inference-last/anemoi-metadata/grid_indices.numpy (shape=(25427,), dtype=int64)
[2026-01-08 11:10:20,275][anemoi.utils.checkpoints][INFO] - Adding extra information to checkpoint /mnt/weatherloss/WindPower/training/CI/Transformer/checkpoint/99bea89a-0012-4f75-b5b8-bd65db4240b4/last.ckpt
[2026-01-08 11:10:20,276][anemoi.utils.checkpoints][INFO] - Saving metadata to archive/anemoi-metadata/ai-models.json
[2026-01-08 11:10:20,277][anemoi.utils.checkpoints][INFO] - Saving supporting array `latitudes` to archive/anemoi-metadata/latitudes.numpy (shape=(25427,), dtype=float64)
[2026-01-08 11:10:20,277][anemoi.utils.checkpoints][INFO] - Saving supporting array `longitudes` to archive/anemoi-metadata/longitudes.numpy (shape=(25427,), dtype=float64)
[2026-01-08 11:10:20,277][anemoi.utils.checkpoints][INFO] - Saving supporting array `lam_0/cutout_mask` to archive/anemoi-metadata/lam_0/cutout_mask.numpy (shape=(24386,), dtype=bool)
[2026-01-08 11:10:20,277][anemoi.utils.checkpoints][INFO] - Saving supporting array `global/cutout_mask` to archive/anemoi-metadata/global/cutout_mask.numpy (shape=(2021,), dtype=bool)
[2026-01-08 11:10:20,277][anemoi.utils.checkpoints][INFO] - Saving supporting array `source0/latitudes` to archive/anemoi-metadata/source0/latitudes.numpy (shape=(24386,), dtype=float64)
[2026-01-08 11:10:20,278][anemoi.utils.checkpoints][INFO] - Saving supporting array `source0/longitudes` to archive/anemoi-metadata/source0/longitudes.numpy (shape=(24386,), dtype=float64)
[2026-01-08 11:10:20,278][anemoi.utils.checkpoints][INFO] - Saving supporting array `source1/latitudes` to archive/anemoi-metadata/source1/latitudes.numpy (shape=(2021,), dtype=float64)
[2026-01-08 11:10:20,278][anemoi.utils.checkpoints][INFO] - Saving supporting array `source1/longitudes` to archive/anemoi-metadata/source1/longitudes.numpy (shape=(2021,), dtype=float64)
[2026-01-08 11:10:20,278][anemoi.utils.checkpoints][INFO] - Saving supporting array `grid_indices` to archive/anemoi-metadata/grid_indices.numpy (shape=(25427,), dtype=int64)
