[2026-04-18 07:53:56,325][anemoi.training.train.train][INFO] - Skipping config validation.
[2026-04-18 07:53:56,326][anemoi.training.train.train][INFO] - Starting from checkpoint: True
[2026-04-18 07:53:56,326][anemoi.training.train.train][INFO] - Run id: BigTransformer
[2026-04-18 07:53:56,326][anemoi.training.train.train][INFO] - Checkpoints path: {'root': PosixPath('/mnt/weatherloss/WindPower/training/EGU26/BigTransformer/checkpoint/BigTransformer'), 'every_n_epochs': 'anemoi-by_epoch-epoch_{epoch:03d}-step_{step:06d}', 'every_n_train_steps': 'anemoi-by_step-epoch_{epoch:03d}-step_{step:06d}', 'every_n_minutes': 'anemoi-by_time-epoch_{epoch:03d}-step_{step:06d}'}
[2026-04-18 07:53:56,326][anemoi.training.train.train][INFO] - Plots path: /mnt/weatherloss/WindPower/training/EGU26/BigTransformer/plots/BigTransformer
[2026-04-18 07:53:56,845][anemoi.graphs.nodes.builders.from_file][INFO] - Reading the dataset from {'cutout': [{'dataset': '/mnt/weatherloss/WindPower/data/EGU26/Anemoidatasets/New_Cerra_A_large.zarr'}, {'dataset': '/mnt/weatherloss/WindPower/data/EGU26/Anemoidatasets/era5_A_large.zarr'}], 'min_distance_km': 0, 'adjust': 'all'}.
[2026-04-18 07:54:03,236][anemoi.graphs.generate.masks][INFO] - Fitting KNNAreaMaskBuilder with 72668 reference nodes from "data (cutout)".
[2026-04-18 07:54:58,945][anemoi.graphs.edges.builders.knn][INFO] - Using KNN-Edges (with 12 nearest neighbours) between data and hidden.
[2026-04-18 07:54:58,983][anemoi.graphs.edges.builders.base][WARNING] - The 'torch-cluster' library is not installed.
Installing 'torch-cluster' can significantly improve performance for graph creation.
You can install it using:
    TORCH_VERSION=$(python -c "import torch; print(torch.__version__)")
    pip install torch-cluster -f https://data.pyg.org/whl/torch-${TORCH_VERSION}.html

[2026-04-18 07:54:59,434][anemoi.graphs.edges.builders.cutoff][INFO] - Using CutOff-Edges (with radius = 15.0 km [direct]) between data and hidden.
[2026-04-18 07:54:59,434][anemoi.graphs.edges.builders.base][WARNING] - The 'torch-cluster' library is not installed.
Installing 'torch-cluster' can significantly improve performance for graph creation.
You can install it using:
    TORCH_VERSION=$(python -c "import torch; print(torch.__version__)")
    pip install torch-cluster -f https://data.pyg.org/whl/torch-${TORCH_VERSION}.html

[2026-04-18 07:56:50,238][anemoi.graphs.edges.builders.knn][INFO] - Using KNN-Edges (with 3 nearest neighbours) between hidden and data.
[2026-04-18 07:56:50,433][anemoi.graphs.edges.builders.base][WARNING] - The 'torch-cluster' library is not installed.
Installing 'torch-cluster' can significantly improve performance for graph creation.
You can install it using:
    TORCH_VERSION=$(python -c "import torch; print(torch.__version__)")
    pip install torch-cluster -f https://data.pyg.org/whl/torch-${TORCH_VERSION}.html

[2026-04-18 07:56:51,465][anemoi.graphs.create][INFO] - Cleaning graph.
[2026-04-18 07:56:51,465][anemoi.graphs.create][INFO] - _grid_reference_distance deleted from graph.
[2026-04-18 07:56:51,465][anemoi.graphs.create][INFO] - _dataset deleted from graph.
[2026-04-18 07:56:51,466][anemoi.graphs.create][INFO] - _grid_reference_distance deleted from graph.
[2026-04-18 07:56:51,466][anemoi.graphs.create][INFO] - _area_mask_builder deleted from graph.
[2026-04-18 07:56:51,466][anemoi.graphs.create][INFO] - _resolutions deleted from graph.
[2026-04-18 07:56:51,466][anemoi.graphs.create][INFO] - _nx_graph deleted from graph.
[2026-04-18 07:56:51,467][anemoi.graphs.create][INFO] - _node_ordering deleted from graph.
[2026-04-18 07:56:51,476][anemoi.graphs.processors.post_process][INFO] - Removing 120985 edges from ('data', 'to', 'hidden').
[2026-04-18 07:56:52,132][anemoi.graphs.processors.post_process][INFO] - Recomputing edge attribute edge_length.
[2026-04-18 07:56:52,834][anemoi.graphs.processors.post_process][INFO] - Recomputing edge attribute edge_dirs.
[2026-04-18 07:56:52,932][anemoi.graphs.processors.post_process][INFO] - Removing 4649 nodes from data.
[2026-04-18 07:56:58,187][anemoi.graphs.processors.post_process][INFO] - An attribute indices_connected_nodes has been added with the indices to mask the nodes from the original graph.
[2026-04-18 07:56:58,762][anemoi.graphs.create][INFO] - Graph saved at /mnt/weatherloss/WindPower/graphs/EGU26/EGUgraph15km.pt.
[2026-04-18 07:56:59,598][anemoi.training.data.datamodule][INFO] - Timeincrement set to 1 for data with frequency, 10800, and timestep, 10800
[2026-04-18 07:56:59,599][anemoi.training.data.grid_indices][INFO] - The graph attribute indices_connected_nodes of the data nodes will be used to masking the spatial dimension.
[2026-04-18 07:56:59,600][anemoi.training.train.train][INFO] - Number of data variables: 67
[2026-04-18 07:56:59,600][anemoi.training.train.train][INFO] - Variables: ['cos_julian_day', 'cos_latitude', 'cos_longitude', 'insolation', 'lsm', 'mcc', 'msl', 'q_1000', 'q_500', 'q_600', 'q_700', 'q_750', 'q_800', 'q_850', 'q_900', 'q_950', 'sin_julian_day', 'sin_latitude', 'sin_longitude', 't2m', 't_1000', 't_500', 't_600', 't_700', 't_750', 't_800', 't_850', 't_900', 't_950', 'u_1000', 'u_500', 'u_600', 'u_700', 'u_750', 'u_800', 'u_850', 'u_900', 'u_950', 'v_1000', 'v_500', 'v_600', 'v_700', 'v_750', 'v_800', 'v_850', 'v_900', 'v_950', 'wdir100_cos', 'wdir100_sin', 'wdir10_cos', 'wdir10_sin', 'ws10', 'ws100', 'z_1000', 'z_500', 'z_600', 'z_700', 'z_750', 'z_800', 'z_850', 'z_900', 'z_950', 'z_sfc', 'power', 'capacity', 'turbinecount', 'turbinemask']
[2026-04-18 07:56:59,601][anemoi.training.train.train][INFO] - Total number of prognostic variables: 55
[2026-04-18 07:56:59,601][anemoi.training.train.train][INFO] - Total number of auxiliary variables: 12
[2026-04-18 07:56:59,602][anemoi.training.train.train][INFO] - Total GPU count / model group size: 2 - NB: the learning rate will be scaled by this factor!
[2026-04-18 07:56:59,602][anemoi.training.train.train][INFO] - Effective learning rate: 1.280e-05
[2026-04-18 07:56:59,602][anemoi.training.train.train][INFO] - Training limits: max_epochs=40, max_steps=210000. Training will stop when either limit is reached first. Learning rate scheduler will run for 10000 steps.
[2026-04-18 07:56:59,639][anemoi.models.migrations.migrator][INFO] - Loading migration 1755530253_initial
[2026-04-18 07:56:59,639][anemoi.models.migrations.migrator][INFO] - Loading migration 1762857427_deprecate_eda
[2026-04-18 07:56:59,639][anemoi.models.migrations.migrator][INFO] - Loading migration 1762857428_chunking_fix
[2026-04-18 07:56:59,639][anemoi.models.migrations.migrator][INFO] - Loading migration 1763479917_hardware_schema_update
[2026-04-18 07:57:00,039][anemoi.training.train.train][INFO] - TensorBoard logger enabled
[2026-04-18 07:57:00,109][anemoi.training.train.train][INFO] - Initial seed: Rank 1, initial seed 53000, running with random seed: 53000
[2026-04-18 07:57:02,804][anemoi.models.preprocessing.imputer][WARNING] - If placement of NaNs for diagnostic variables in inference output is desired, this needs to be handled by postprocessors: power
[2026-04-18 07:57:02,804][anemoi.models.preprocessing.imputer][INFO] - Imputer: replacing NaNs in power with value 0.0
[2026-04-18 07:57:02,804][anemoi.models.preprocessing.imputer][INFO] - Imputer: replacing NaNs in capacity with value 0.0
[2026-04-18 07:57:02,804][anemoi.models.preprocessing.imputer][INFO] - Imputer: replacing NaNs in turbinecount with value 0.0
[2026-04-18 07:57:02,805][anemoi.models.preprocessing.imputer][INFO] - Imputer: replacing NaNs in turbinemask with value 0.0
[2026-04-18 07:57:02,808][anemoi.models.preprocessing.normalizer][INFO] - Normalizing: cos_latitude is not normalized.
[2026-04-18 07:57:02,808][anemoi.models.preprocessing.normalizer][INFO] - Normalizing: cos_longitude is not normalized.
[2026-04-18 07:57:02,808][anemoi.models.preprocessing.normalizer][INFO] - Normalizing: lsm is not normalized.
[2026-04-18 07:57:02,808][anemoi.models.preprocessing.normalizer][INFO] - Normalizing: mcc is not normalized.
[2026-04-18 07:57:02,808][anemoi.models.preprocessing.normalizer][INFO] - Normalizing: sin_latitude is not normalized.
[2026-04-18 07:57:02,808][anemoi.models.preprocessing.normalizer][INFO] - Normalizing: sin_longitude is not normalized.
[2026-04-18 07:57:02,808][anemoi.models.preprocessing.normalizer][INFO] - Normalizing: turbinemask is not normalized.
[2026-04-18 07:57:03,749][anemoi.models.layers.utils][INFO] - Linear kernel: torch.nn.Linear.
[2026-04-18 07:57:03,751][anemoi.models.layers.utils][INFO] - LayerNorm kernel: torch.nn.LayerNorm.
[2026-04-18 07:57:03,753][anemoi.models.layers.utils][INFO] - Activation kernel: torch.nn.GELU.
[2026-04-18 07:57:03,756][anemoi.models.layers.utils][INFO] - QueryNorm kernel: anemoi.models.layers.normalization.AutocastLayerNorm.
[2026-04-18 07:57:03,758][anemoi.models.layers.utils][INFO] - KeyNorm kernel: anemoi.models.layers.normalization.AutocastLayerNorm.
[2026-04-18 07:57:04,658][anemoi.models.layers.block][INFO] - GraphTransformerMapperBlock using triton graph attention backend.
[2026-04-18 07:57:04,675][anemoi.models.layers.utils][INFO] - Linear kernel: torch.nn.Linear.
[2026-04-18 07:57:04,677][anemoi.models.layers.utils][INFO] - LayerNorm kernel: torch.nn.LayerNorm.
[2026-04-18 07:57:04,678][anemoi.models.layers.utils][INFO] - Activation kernel: torch.nn.GELU.
[2026-04-18 07:57:04,679][anemoi.models.layers.utils][INFO] - QueryNorm kernel: anemoi.models.layers.normalization.AutocastLayerNorm.
[2026-04-18 07:57:04,683][anemoi.models.layers.utils][INFO] - KeyNorm kernel: anemoi.models.layers.normalization.AutocastLayerNorm.
[2026-04-18 07:57:04,920][anemoi.models.layers.attention][INFO] - Using flash attention v2
[2026-04-18 07:57:04,952][anemoi.models.layers.attention][INFO] - Using flash attention v2
[2026-04-18 07:57:04,973][anemoi.models.layers.attention][INFO] - Using flash attention v2
[2026-04-18 07:57:04,994][anemoi.models.layers.attention][INFO] - Using flash attention v2
[2026-04-18 07:57:05,014][anemoi.models.layers.attention][INFO] - Using flash attention v2
[2026-04-18 07:57:05,047][anemoi.models.layers.attention][INFO] - Using flash attention v2
[2026-04-18 07:57:05,069][anemoi.models.layers.attention][INFO] - Using flash attention v2
[2026-04-18 07:57:05,089][anemoi.models.layers.attention][INFO] - Using flash attention v2
[2026-04-18 07:57:05,110][anemoi.models.layers.attention][INFO] - Using flash attention v2
[2026-04-18 07:57:05,139][anemoi.models.layers.attention][INFO] - Using flash attention v2
[2026-04-18 07:57:05,165][anemoi.models.layers.attention][INFO] - Using flash attention v2
[2026-04-18 07:57:05,192][anemoi.models.layers.attention][INFO] - Using flash attention v2
[2026-04-18 07:57:05,233][anemoi.models.layers.utils][INFO] - Linear kernel: torch.nn.Linear.
[2026-04-18 07:57:05,234][anemoi.models.layers.utils][INFO] - LayerNorm kernel: torch.nn.LayerNorm.
[2026-04-18 07:57:05,235][anemoi.models.layers.utils][INFO] - Activation kernel: torch.nn.GELU.
[2026-04-18 07:57:05,236][anemoi.models.layers.utils][INFO] - QueryNorm kernel: anemoi.models.layers.normalization.AutocastLayerNorm.
[2026-04-18 07:57:05,237][anemoi.models.layers.utils][INFO] - KeyNorm kernel: anemoi.models.layers.normalization.AutocastLayerNorm.
[2026-04-18 07:57:06,168][anemoi.models.layers.block][INFO] - GraphTransformerMapperBlock using triton graph attention backend.
[2026-04-18 07:57:08,935][anemoi.training.losses.scalers.variable_level][INFO] - Variable Level Scaling: Applying ReluVariableLevelScaler scaling to pl variables (['q', 't', 'u', 'v', 'z'])
[2026-04-18 07:57:08,936][anemoi.training.losses.scalers.variable_level][INFO] - with slope = 0.001 and y-intercept/minimum = 0.2.
[2026-04-18 07:57:09,739][anemoi.training.data.grid_indices][INFO] - The graph attribute indices_connected_nodes of the data nodes will be used to masking the spatial dimension.
[2026-04-18 07:57:09,740][anemoi.training.train.train][INFO] - The following submodules will NOT be trained: []
[2026-04-18 07:57:09,741][anemoi.training.train.train][INFO] - Resuming training from last checkpoint: /mnt/weatherloss/WindPower/training/EGU26/BigTransformer/checkpoint/BigTransformer/last.ckpt
[2026-04-18 07:58:22,040][anemoi.training.data.dataset][INFO] - NativeGridDataset.set_group_info(): global_rank 1, model_comm_group_id 1, model_comm_group_rank 0, model_comm_num_groups 2, reader_group_rank 0
[2026-04-18 07:58:22,838][anemoi.training.data.dataset][INFO] - Worker 0 (pid 1437978, global_rank 1, model comm group 1)  has low/high range 13265 / 14923
[2026-04-18 07:58:22,934][anemoi.training.data.dataset][INFO] - Worker 0 (train, pid 1437978, glob. rank 1, model comm group 1, group_rank 0, seed group id 1, base_seed 53000, sanity rnd 0.489545)
[2026-04-18 07:58:27,733][anemoi.training.data.dataset][INFO] - Worker 1 (pid 1438074, global_rank 1, model comm group 1)  has low/high range 14923 / 16581
[2026-04-18 07:58:27,737][anemoi.training.data.dataset][INFO] - Worker 1 (train, pid 1438074, glob. rank 1, model comm group 1, group_rank 0, seed group id 1, base_seed 53000, sanity rnd 0.489545)
[2026-04-18 07:58:29,137][anemoi.training.data.dataset][INFO] - Worker 2 (pid 1438170, global_rank 1, model comm group 1)  has low/high range 16581 / 18239
[2026-04-18 07:58:29,732][anemoi.training.data.dataset][INFO] - Worker 2 (train, pid 1438170, glob. rank 1, model comm group 1, group_rank 0, seed group id 1, base_seed 53000, sanity rnd 0.489545)
[2026-04-18 07:58:32,833][anemoi.training.data.dataset][INFO] - Worker 3 (pid 1438269, global_rank 1, model comm group 1)  has low/high range 18239 / 19897
[2026-04-18 07:58:33,233][anemoi.training.data.dataset][INFO] - Worker 3 (train, pid 1438269, glob. rank 1, model comm group 1, group_rank 0, seed group id 1, base_seed 53000, sanity rnd 0.489545)
[2026-04-18 07:58:37,335][anemoi.training.data.dataset][INFO] - Worker 4 (pid 1438322, global_rank 1, model comm group 1)  has low/high range 19897 / 21555
[2026-04-18 07:58:37,337][anemoi.training.data.dataset][INFO] - Worker 4 (train, pid 1438322, glob. rank 1, model comm group 1, group_rank 0, seed group id 1, base_seed 53000, sanity rnd 0.489545)
[2026-04-18 07:58:44,932][anemoi.training.data.dataset][INFO] - Worker 5 (pid 1438422, global_rank 1, model comm group 1)  has low/high range 21555 / 23213
[2026-04-18 07:58:45,437][anemoi.training.data.dataset][INFO] - Worker 5 (train, pid 1438422, glob. rank 1, model comm group 1, group_rank 0, seed group id 1, base_seed 53000, sanity rnd 0.489545)
[2026-04-18 07:58:47,239][anemoi.training.data.dataset][INFO] - Worker 7 (pid 1438627, global_rank 1, model comm group 1)  has low/high range 24871 / 26529
[2026-04-18 07:58:47,333][anemoi.training.data.dataset][INFO] - Worker 7 (train, pid 1438627, glob. rank 1, model comm group 1, group_rank 0, seed group id 1, base_seed 53000, sanity rnd 0.489545)
[2026-04-18 07:58:48,532][anemoi.training.data.dataset][INFO] - Worker 6 (pid 1438528, global_rank 1, model comm group 1)  has low/high range 23213 / 24871
[2026-04-18 07:58:49,433][anemoi.training.data.dataset][INFO] - Worker 6 (train, pid 1438528, glob. rank 1, model comm group 1, group_rank 0, seed group id 1, base_seed 53000, sanity rnd 0.489545)
[2026-04-18 07:59:12,133][anemoi.training.data.dataset][INFO] - NativeGridDataset.set_group_info(): global_rank 1, model_comm_group_id 1, model_comm_group_rank 0, model_comm_num_groups 2, reader_group_rank 0
[2026-04-18 07:59:12,134][anemoi.models.data_indices.collection][INFO] - The order of the variables in the model matches the order in the data.
[2026-04-18 09:08:42,137][anemoi.training.data.dataset][INFO] - Worker 0 (pid 1491635, global_rank 1, model comm group 1)  has low/high range 721 / 811
[2026-04-18 09:08:42,432][anemoi.training.data.dataset][INFO] - Worker 0 (validation, pid 1491635, glob. rank 1, model comm group 1, group_rank 0, seed group id 1, base_seed 53000, sanity rnd 0.489545)
[2026-04-18 09:08:53,939][anemoi.training.data.dataset][INFO] - Worker 1 (pid 1491960, global_rank 1, model comm group 1)  has low/high range 811 / 901
[2026-04-18 09:08:54,335][anemoi.training.data.dataset][INFO] - Worker 1 (validation, pid 1491960, glob. rank 1, model comm group 1, group_rank 0, seed group id 1, base_seed 53000, sanity rnd 0.489545)
[2026-04-18 09:08:56,036][anemoi.training.data.dataset][INFO] - Worker 2 (pid 1492008, global_rank 1, model comm group 1)  has low/high range 901 / 991
[2026-04-18 09:08:56,833][anemoi.training.data.dataset][INFO] - Worker 2 (validation, pid 1492008, glob. rank 1, model comm group 1, group_rank 0, seed group id 1, base_seed 53000, sanity rnd 0.489545)
[2026-04-18 09:09:01,532][anemoi.training.data.dataset][INFO] - Worker 3 (pid 1492116, global_rank 1, model comm group 1)  has low/high range 991 / 1081
[2026-04-18 09:09:01,736][anemoi.training.data.dataset][INFO] - Worker 3 (validation, pid 1492116, glob. rank 1, model comm group 1, group_rank 0, seed group id 1, base_seed 53000, sanity rnd 0.489545)
[2026-04-18 09:09:03,437][anemoi.training.data.dataset][INFO] - Worker 4 (pid 1492174, global_rank 1, model comm group 1)  has low/high range 1081 / 1171
[2026-04-18 09:09:03,536][anemoi.training.data.dataset][INFO] - Worker 4 (validation, pid 1492174, glob. rank 1, model comm group 1, group_rank 0, seed group id 1, base_seed 53000, sanity rnd 0.489545)
[2026-04-18 09:09:05,738][anemoi.training.data.dataset][INFO] - Worker 5 (pid 1492231, global_rank 1, model comm group 1)  has low/high range 1171 / 1261
[2026-04-18 09:09:05,834][anemoi.training.data.dataset][INFO] - Worker 5 (validation, pid 1492231, glob. rank 1, model comm group 1, group_rank 0, seed group id 1, base_seed 53000, sanity rnd 0.489545)
[2026-04-18 09:09:09,732][anemoi.training.data.dataset][INFO] - Worker 6 (pid 1492282, global_rank 1, model comm group 1)  has low/high range 1261 / 1351
[2026-04-18 09:09:09,835][anemoi.training.data.dataset][INFO] - Worker 6 (validation, pid 1492282, glob. rank 1, model comm group 1, group_rank 0, seed group id 1, base_seed 53000, sanity rnd 0.489545)
[2026-04-18 09:09:10,035][anemoi.models.data_indices.collection][INFO] - The order of the variables in the model matches the order in the data.
[2026-04-18 09:09:10,032][anemoi.training.data.dataset][INFO] - Worker 7 (pid 1492332, global_rank 1, model comm group 1)  has low/high range 1351 / 1441
[2026-04-18 09:09:10,932][anemoi.training.data.dataset][INFO] - Worker 7 (validation, pid 1492332, glob. rank 1, model comm group 1, group_rank 0, seed group id 1, base_seed 53000, sanity rnd 0.489545)
