[2026-03-18 08:15:12,409][anemoi.training.train.train][INFO] - Skipping config validation.
[2026-03-18 08:15:12,409][anemoi.training.train.train][INFO] - Starting from checkpoint: True
[2026-03-18 08:15:12,409][anemoi.training.train.train][INFO] - Run id: VanillaPower
[2026-03-18 08:15:12,410][anemoi.training.train.train][INFO] - Checkpoints path: {'root': PosixPath('/mnt/weatherloss/WindPower/training/EGU26/VanillaPower/checkpoint/VanillaPower'), 'every_n_epochs': 'anemoi-by_epoch-epoch_{epoch:03d}-step_{step:06d}', 'every_n_train_steps': 'anemoi-by_step-epoch_{epoch:03d}-step_{step:06d}', 'every_n_minutes': 'anemoi-by_time-epoch_{epoch:03d}-step_{step:06d}'}
[2026-03-18 08:15:12,410][anemoi.training.train.train][INFO] - Plots path: /mnt/weatherloss/WindPower/training/EGU26/VanillaPower/plots/VanillaPower
[2026-03-18 08:15:12,703][anemoi.graphs.nodes.builders.from_file][INFO] - Reading the dataset from {'cutout': [{'dataset': '/mnt/weatherloss/WindPower/data/EGU26/Anemoidatasets/Cerra_A.zarr'}, {'dataset': '/mnt/weatherloss/WindPower/data/EGU26/Anemoidatasets/era5_A2.zarr'}], 'min_distance_km': 0, 'adjust': 'all'}.
[2026-03-18 08:15:13,943][anemoi.graphs.generate.masks][INFO] - Fitting KNNAreaMaskBuilder with 24444 reference nodes from "data (cutout)".
[2026-03-18 08:15:29,581][anemoi.graphs.edges.builders.knn][INFO] - Using KNN-Edges (with 12 nearest neighbours) between data and hidden.
[2026-03-18 08:15:29,596][anemoi.graphs.edges.builders.base][WARNING] - The 'torch-cluster' library is not installed.
Installing 'torch-cluster' can significantly improve performance for graph creation.
You can install it using:
    TORCH_VERSION=$(python -c "import torch; print(torch.__version__)")
    pip install torch-cluster -f https://data.pyg.org/whl/torch-${TORCH_VERSION}.html

[2026-03-18 08:15:29,720][anemoi.graphs.edges.builders.cutoff][INFO] - Using CutOff-Edges (with radius = 15.0 km [direct]) between data and hidden.
[2026-03-18 08:15:29,721][anemoi.graphs.edges.builders.base][WARNING] - The 'torch-cluster' library is not installed.
Installing 'torch-cluster' can significantly improve performance for graph creation.
You can install it using:
    TORCH_VERSION=$(python -c "import torch; print(torch.__version__)")
    pip install torch-cluster -f https://data.pyg.org/whl/torch-${TORCH_VERSION}.html

[2026-03-18 08:16:09,211][anemoi.graphs.edges.builders.knn][INFO] - Using KNN-Edges (with 3 nearest neighbours) between hidden and data.
[2026-03-18 08:16:09,212][anemoi.graphs.edges.builders.base][WARNING] - The 'torch-cluster' library is not installed.
Installing 'torch-cluster' can significantly improve performance for graph creation.
You can install it using:
    TORCH_VERSION=$(python -c "import torch; print(torch.__version__)")
    pip install torch-cluster -f https://data.pyg.org/whl/torch-${TORCH_VERSION}.html

[2026-03-18 08:16:09,273][anemoi.graphs.create][INFO] - Cleaning graph.
[2026-03-18 08:16:09,273][anemoi.graphs.create][INFO] - _grid_reference_distance deleted from graph.
[2026-03-18 08:16:09,273][anemoi.graphs.create][INFO] - _dataset deleted from graph.
[2026-03-18 08:16:09,273][anemoi.graphs.create][INFO] - _grid_reference_distance deleted from graph.
[2026-03-18 08:16:09,273][anemoi.graphs.create][INFO] - _node_ordering deleted from graph.
[2026-03-18 08:16:09,274][anemoi.graphs.create][INFO] - _area_mask_builder deleted from graph.
[2026-03-18 08:16:09,274][anemoi.graphs.create][INFO] - _resolutions deleted from graph.
[2026-03-18 08:16:09,274][anemoi.graphs.create][INFO] - _nx_graph deleted from graph.
[2026-03-18 08:16:09,278][anemoi.graphs.processors.post_process][INFO] - Removing 79028 edges from ('data', 'to', 'hidden').
[2026-03-18 08:16:09,281][anemoi.graphs.processors.post_process][INFO] - Recomputing edge attribute edge_length.
[2026-03-18 08:16:09,282][anemoi.graphs.processors.post_process][INFO] - Recomputing edge attribute edge_dirs.
[2026-03-18 08:16:09,285][anemoi.graphs.processors.post_process][INFO] - Removing 3365 nodes from data.
[2026-03-18 08:16:09,300][anemoi.graphs.processors.post_process][INFO] - An attribute indices_connected_nodes has been added with the indices to mask the nodes from the original graph.
[2026-03-18 08:16:09,310][anemoi.graphs.create][INFO] - Graph saved at /mnt/weatherloss/WindPower/graphs/EGU26/EGUgraph15km.pt.
[2026-03-18 08:16:09,645][anemoi.training.data.datamodule][INFO] - Timeincrement set to 1 for data with frequency, 10800, and timestep, 10800
[2026-03-18 08:16:09,646][anemoi.training.data.grid_indices][INFO] - The graph attribute indices_connected_nodes of the data nodes will be used to masking the spatial dimension.
[2026-03-18 08:16:09,646][anemoi.training.train.train][INFO] - Number of data variables: 67
[2026-03-18 08:16:09,646][anemoi.training.train.train][INFO] - Variables: ['cos_julian_day', 'cos_latitude', 'cos_longitude', 'insolation', 'lsm', 'mcc', 'msl', 'q_1000', 'q_500', 'q_600', 'q_700', 'q_750', 'q_800', 'q_850', 'q_900', 'q_950', 'sin_julian_day', 'sin_latitude', 'sin_longitude', 't2m', 't_1000', 't_500', 't_600', 't_700', 't_750', 't_800', 't_850', 't_900', 't_950', 'u_1000', 'u_500', 'u_600', 'u_700', 'u_750', 'u_800', 'u_850', 'u_900', 'u_950', 'v_1000', 'v_500', 'v_600', 'v_700', 'v_750', 'v_800', 'v_850', 'v_900', 'v_950', 'wdir100_cos', 'wdir100_sin', 'wdir10_cos', 'wdir10_sin', 'ws10', 'ws100', 'z_1000', 'z_500', 'z_600', 'z_700', 'z_750', 'z_800', 'z_850', 'z_900', 'z_950', 'z_sfc', 'power', 'capacity', 'turbinecount', 'turbinemask']
[2026-03-18 08:16:09,647][anemoi.training.train.train][INFO] - Total number of prognostic variables: 55
[2026-03-18 08:16:09,647][anemoi.training.train.train][INFO] - Total number of auxiliary variables: 12
[2026-03-18 08:16:09,647][anemoi.training.train.train][INFO] - Total GPU count / model group size: 1 - NB: the learning rate will be scaled by this factor!
[2026-03-18 08:16:09,647][anemoi.training.train.train][INFO] - Effective learning rate: 8.000e-07
[2026-03-18 08:16:09,647][anemoi.training.train.train][INFO] - Training limits: max_epochs=20, max_steps=156000. Training will stop when either limit is reached first. Learning rate scheduler will run for 6000 steps.
[2026-03-18 08:16:09,989][anemoi.models.migrations.migrator][INFO] - Loading migration 1755530253_initial
[2026-03-18 08:16:09,989][anemoi.models.migrations.migrator][INFO] - Loading migration 1762857427_deprecate_eda
[2026-03-18 08:16:09,989][anemoi.models.migrations.migrator][INFO] - Loading migration 1762857428_chunking_fix
[2026-03-18 08:16:09,989][anemoi.models.migrations.migrator][INFO] - Loading migration 1763479917_hardware_schema_update
[2026-03-18 08:16:10,024][anemoi.training.train.train][INFO] - TensorBoard logger enabled
[2026-03-18 08:16:10,025][pytorch_lightning.utilities.rank_zero][INFO] - Using 16bit Automatic Mixed Precision (AMP)
[2026-03-18 08:16:10,034][pytorch_lightning.utilities.rank_zero][INFO] - GPU available: True (cuda), used: True
[2026-03-18 08:16:10,034][pytorch_lightning.utilities.rank_zero][INFO] - TPU available: False, using: 0 TPU cores
[2026-03-18 08:16:10,073][lightning_fabric.utilities.seed][INFO] - Seed set to 55255
[2026-03-18 08:16:10,074][anemoi.training.train.train][INFO] - Initial seed: Rank 0, initial seed 55255, running with random seed: 55255
[2026-03-18 08:16:56,196][anemoi.models.preprocessing.imputer][WARNING] - If placement of NaNs for diagnostic variables in inference output is desired, this needs to be handled by postprocessors: power
[2026-03-18 08:16:56,196][anemoi.models.preprocessing.imputer][INFO] - Imputer: replacing NaNs in power with value 0.0
[2026-03-18 08:16:56,196][anemoi.models.preprocessing.imputer][INFO] - Imputer: replacing NaNs in capacity with value 0.0
[2026-03-18 08:16:56,196][anemoi.models.preprocessing.imputer][INFO] - Imputer: replacing NaNs in turbinecount with value 0.0
[2026-03-18 08:16:56,196][anemoi.models.preprocessing.imputer][INFO] - Imputer: replacing NaNs in turbinemask with value 0.0
[2026-03-18 08:16:56,199][anemoi.models.preprocessing.normalizer][INFO] - Normalizing: cos_latitude is not normalized.
[2026-03-18 08:16:56,199][anemoi.models.preprocessing.normalizer][INFO] - Normalizing: cos_longitude is not normalized.
[2026-03-18 08:16:56,199][anemoi.models.preprocessing.normalizer][INFO] - Normalizing: lsm is not normalized.
[2026-03-18 08:16:56,200][anemoi.models.preprocessing.normalizer][INFO] - Normalizing: mcc is not normalized.
[2026-03-18 08:16:56,200][anemoi.models.preprocessing.normalizer][INFO] - Normalizing: sin_latitude is not normalized.
[2026-03-18 08:16:56,200][anemoi.models.preprocessing.normalizer][INFO] - Normalizing: sin_longitude is not normalized.
[2026-03-18 08:16:56,200][anemoi.models.preprocessing.normalizer][INFO] - Normalizing: turbinemask is not normalized.
[2026-03-18 08:16:56,278][anemoi.models.layers.utils][INFO] - Linear kernel: torch.nn.Linear.
[2026-03-18 08:16:56,279][anemoi.models.layers.utils][INFO] - LayerNorm kernel: torch.nn.LayerNorm.
[2026-03-18 08:16:56,280][anemoi.models.layers.utils][INFO] - Activation kernel: torch.nn.GELU.
[2026-03-18 08:16:56,280][anemoi.models.layers.utils][INFO] - QueryNorm kernel: anemoi.models.layers.normalization.AutocastLayerNorm.
[2026-03-18 08:16:56,281][anemoi.models.layers.utils][INFO] - KeyNorm kernel: anemoi.models.layers.normalization.AutocastLayerNorm.
[2026-03-18 08:16:56,298][anemoi.models.layers.block][INFO] - GraphTransformerMapperBlock using triton graph attention backend.
[2026-03-18 08:16:56,303][anemoi.models.layers.utils][INFO] - Linear kernel: torch.nn.Linear.
[2026-03-18 08:16:56,303][anemoi.models.layers.utils][INFO] - LayerNorm kernel: torch.nn.LayerNorm.
[2026-03-18 08:16:56,304][anemoi.models.layers.utils][INFO] - Activation kernel: torch.nn.GELU.
[2026-03-18 08:16:56,305][anemoi.models.layers.utils][INFO] - QueryNorm kernel: anemoi.models.layers.normalization.AutocastLayerNorm.
[2026-03-18 08:16:56,305][anemoi.models.layers.utils][INFO] - KeyNorm kernel: anemoi.models.layers.normalization.AutocastLayerNorm.
[2026-03-18 08:16:56,371][anemoi.models.layers.block][INFO] - GraphTransformerProcessorBlock using triton graph attention backend.
[2026-03-18 08:16:56,382][anemoi.models.layers.block][INFO] - GraphTransformerProcessorBlock using triton graph attention backend.
[2026-03-18 08:16:56,394][anemoi.models.layers.block][INFO] - GraphTransformerProcessorBlock using triton graph attention backend.
[2026-03-18 08:16:56,405][anemoi.models.layers.block][INFO] - GraphTransformerProcessorBlock using triton graph attention backend.
[2026-03-18 08:16:56,416][anemoi.models.layers.block][INFO] - GraphTransformerProcessorBlock using triton graph attention backend.
[2026-03-18 08:16:56,427][anemoi.models.layers.block][INFO] - GraphTransformerProcessorBlock using triton graph attention backend.
[2026-03-18 08:16:56,437][anemoi.models.layers.block][INFO] - GraphTransformerProcessorBlock using triton graph attention backend.
[2026-03-18 08:16:56,448][anemoi.models.layers.block][INFO] - GraphTransformerProcessorBlock using triton graph attention backend.
[2026-03-18 08:16:56,453][anemoi.models.layers.utils][INFO] - Linear kernel: torch.nn.Linear.
[2026-03-18 08:16:56,453][anemoi.models.layers.utils][INFO] - LayerNorm kernel: torch.nn.LayerNorm.
[2026-03-18 08:16:56,455][anemoi.models.layers.utils][INFO] - Activation kernel: torch.nn.GELU.
[2026-03-18 08:16:56,455][anemoi.models.layers.utils][INFO] - QueryNorm kernel: anemoi.models.layers.normalization.AutocastLayerNorm.
[2026-03-18 08:16:56,456][anemoi.models.layers.utils][INFO] - KeyNorm kernel: anemoi.models.layers.normalization.AutocastLayerNorm.
[2026-03-18 08:16:56,469][anemoi.models.layers.block][INFO] - GraphTransformerMapperBlock using triton graph attention backend.
[2026-03-18 08:16:56,586][anemoi.training.losses.scalers.variable_level][INFO] - Variable Level Scaling: Applying ReluVariableLevelScaler scaling to pl variables (['q', 't', 'u', 'v', 'z'])
[2026-03-18 08:16:56,586][anemoi.training.losses.scalers.variable_level][INFO] - with slope = 0.001 and y-intercept/minimum = 0.2.
[2026-03-18 08:16:56,669][anemoi.training.data.grid_indices][INFO] - The graph attribute indices_connected_nodes of the data nodes will be used to masking the spatial dimension.
[2026-03-18 08:16:56,669][anemoi.training.train.train][INFO] - The following submodules will NOT be trained: []
[2026-03-18 08:16:56,670][anemoi.training.train.train][INFO] - Resuming training from last checkpoint: /mnt/weatherloss/WindPower/training/EGU26/VanillaPower/checkpoint/VanillaPower/last.ckpt
[2026-03-18 08:16:56,690][lightning_fabric.utilities.distributed][INFO] - Initializing distributed: GLOBAL_RANK: 0, MEMBER: 1/1
[2026-03-18 08:16:56,917][pytorch_lightning.utilities.rank_zero][INFO] - ----------------------------------------------------------------------------------------------------
distributed_backend=nccl
All distributed processes registered. Starting with 1 processes
----------------------------------------------------------------------------------------------------

[2026-03-18 08:16:57,293][pytorch_lightning.utilities.rank_zero][INFO] - Restoring states from the checkpoint path at /mnt/weatherloss/WindPower/training/EGU26/VanillaPower/checkpoint/VanillaPower/last.ckpt
[2026-03-18 08:16:59,873][pytorch_lightning.accelerators.cuda][INFO] - LOCAL_RANK: 0 - CUDA_VISIBLE_DEVICES: [0]
[2026-03-18 08:17:00,060][lightning_fabric.utilities.seed][INFO] - [rank: 0] Seed set to 55255
[2026-03-18 08:17:07,959][pytorch_lightning.utilities.rank_zero][INFO] - Restored all states from the checkpoint at /mnt/weatherloss/WindPower/training/EGU26/VanillaPower/checkpoint/VanillaPower/last.ckpt
[2026-03-18 08:17:07,963][anemoi.training.data.dataset][INFO] - NativeGridDataset.set_group_info(): global_rank 0, model_comm_group_id 0, model_comm_group_rank 0, model_comm_num_groups 1, reader_group_rank 0
[2026-03-18 08:17:08,078][anemoi.training.data.dataset][INFO] - Worker 0 (pid 368936, global_rank 0, model comm group 0)  has low/high range 0 / 13265
[2026-03-18 08:17:08,264][anemoi.training.data.dataset][INFO] - Worker 1 (pid 369032, global_rank 0, model comm group 0)  has low/high range 13265 / 26530
[2026-03-18 08:17:08,584][anemoi.training.data.dataset][INFO] - NativeGridDataset.set_group_info(): global_rank 0, model_comm_group_id 0, model_comm_group_rank 0, model_comm_num_groups 1, reader_group_rank 0
[2026-03-18 08:17:08,585][anemoi.models.data_indices.collection][INFO] - The order of the variables in the model matches the order in the data.
[2026-03-18 08:20:14,189][anemoi.models.data_indices.collection][INFO] - The order of the variables in the model matches the order in the data.
[2026-03-18 08:20:14,189][anemoi.training.data.dataset][INFO] - Worker 0 (pid 369985, global_rank 0, model comm group 0)  has low/high range 0 / 721
[2026-03-18 08:20:14,379][anemoi.training.data.dataset][INFO] - Worker 1 (pid 370081, global_rank 0, model comm group 0)  has low/high range 721 / 1442
[2026-03-18 08:20:16,801][anemoi.utils.checkpoints][INFO] - Adding extra information to checkpoint /mnt/weatherloss/WindPower/training/EGU26/VanillaPower/checkpoint/VanillaPower/inference-anemoi-by_epoch-epoch_006-step_151001.ckpt
[2026-03-18 08:20:16,801][anemoi.utils.checkpoints][INFO] - Saving metadata to inference-anemoi-by_epoch-epoch_006-step_151001/anemoi-metadata/anemoi.json
[2026-03-18 08:20:16,803][anemoi.utils.checkpoints][INFO] - Saving supporting array `latitudes` to inference-anemoi-by_epoch-epoch_006-step_151001/anemoi-metadata/latitudes.numpy (shape=(30844,), dtype=float64)
[2026-03-18 08:20:16,803][anemoi.utils.checkpoints][INFO] - Saving supporting array `longitudes` to inference-anemoi-by_epoch-epoch_006-step_151001/anemoi-metadata/longitudes.numpy (shape=(30844,), dtype=float64)
[2026-03-18 08:20:16,804][anemoi.utils.checkpoints][INFO] - Saving supporting array `lam_0/cutout_mask` to inference-anemoi-by_epoch-epoch_006-step_151001/anemoi-metadata/lam_0/cutout_mask.numpy (shape=(24444,), dtype=bool)
[2026-03-18 08:20:16,804][anemoi.utils.checkpoints][INFO] - Saving supporting array `global/cutout_mask` to inference-anemoi-by_epoch-epoch_006-step_151001/anemoi-metadata/global/cutout_mask.numpy (shape=(7905,), dtype=bool)
[2026-03-18 08:20:16,804][anemoi.utils.checkpoints][INFO] - Saving supporting array `source0/latitudes` to inference-anemoi-by_epoch-epoch_006-step_151001/anemoi-metadata/source0/latitudes.numpy (shape=(24444,), dtype=float64)
[2026-03-18 08:20:16,804][anemoi.utils.checkpoints][INFO] - Saving supporting array `source0/longitudes` to inference-anemoi-by_epoch-epoch_006-step_151001/anemoi-metadata/source0/longitudes.numpy (shape=(24444,), dtype=float64)
[2026-03-18 08:20:16,804][anemoi.utils.checkpoints][INFO] - Saving supporting array `source1/latitudes` to inference-anemoi-by_epoch-epoch_006-step_151001/anemoi-metadata/source1/latitudes.numpy (shape=(7905,), dtype=float64)
[2026-03-18 08:20:16,804][anemoi.utils.checkpoints][INFO] - Saving supporting array `source1/longitudes` to inference-anemoi-by_epoch-epoch_006-step_151001/anemoi-metadata/source1/longitudes.numpy (shape=(7905,), dtype=float64)
[2026-03-18 08:20:16,804][anemoi.utils.checkpoints][INFO] - Saving supporting array `grid_indices` to inference-anemoi-by_epoch-epoch_006-step_151001/anemoi-metadata/grid_indices.numpy (shape=(27479,), dtype=int64)
[2026-03-18 08:20:17,905][anemoi.utils.checkpoints][INFO] - Adding extra information to checkpoint /mnt/weatherloss/WindPower/training/EGU26/VanillaPower/checkpoint/VanillaPower/anemoi-by_epoch-epoch_006-step_151001.ckpt
[2026-03-18 08:20:17,905][anemoi.utils.checkpoints][INFO] - Saving metadata to archive/anemoi-metadata/anemoi.json
[2026-03-18 08:20:17,907][anemoi.utils.checkpoints][INFO] - Saving supporting array `latitudes` to archive/anemoi-metadata/latitudes.numpy (shape=(30844,), dtype=float64)
[2026-03-18 08:20:17,907][anemoi.utils.checkpoints][INFO] - Saving supporting array `longitudes` to archive/anemoi-metadata/longitudes.numpy (shape=(30844,), dtype=float64)
[2026-03-18 08:20:17,907][anemoi.utils.checkpoints][INFO] - Saving supporting array `lam_0/cutout_mask` to archive/anemoi-metadata/lam_0/cutout_mask.numpy (shape=(24444,), dtype=bool)
[2026-03-18 08:20:17,907][anemoi.utils.checkpoints][INFO] - Saving supporting array `global/cutout_mask` to archive/anemoi-metadata/global/cutout_mask.numpy (shape=(7905,), dtype=bool)
[2026-03-18 08:20:17,907][anemoi.utils.checkpoints][INFO] - Saving supporting array `source0/latitudes` to archive/anemoi-metadata/source0/latitudes.numpy (shape=(24444,), dtype=float64)
[2026-03-18 08:20:17,908][anemoi.utils.checkpoints][INFO] - Saving supporting array `source0/longitudes` to archive/anemoi-metadata/source0/longitudes.numpy (shape=(24444,), dtype=float64)
[2026-03-18 08:20:17,908][anemoi.utils.checkpoints][INFO] - Saving supporting array `source1/latitudes` to archive/anemoi-metadata/source1/latitudes.numpy (shape=(7905,), dtype=float64)
[2026-03-18 08:20:17,908][anemoi.utils.checkpoints][INFO] - Saving supporting array `source1/longitudes` to archive/anemoi-metadata/source1/longitudes.numpy (shape=(7905,), dtype=float64)
[2026-03-18 08:20:17,908][anemoi.utils.checkpoints][INFO] - Saving supporting array `grid_indices` to archive/anemoi-metadata/grid_indices.numpy (shape=(27479,), dtype=int64)
[2026-03-18 08:20:18,086][anemoi.utils.checkpoints][INFO] - Adding extra information to checkpoint /mnt/weatherloss/WindPower/training/EGU26/VanillaPower/checkpoint/VanillaPower/inference-last.ckpt
[2026-03-18 08:20:18,086][anemoi.utils.checkpoints][INFO] - Saving metadata to inference-last/anemoi-metadata/anemoi.json
[2026-03-18 08:20:18,088][anemoi.utils.checkpoints][INFO] - Saving supporting array `latitudes` to inference-last/anemoi-metadata/latitudes.numpy (shape=(30844,), dtype=float64)
[2026-03-18 08:20:18,088][anemoi.utils.checkpoints][INFO] - Saving supporting array `longitudes` to inference-last/anemoi-metadata/longitudes.numpy (shape=(30844,), dtype=float64)
[2026-03-18 08:20:18,088][anemoi.utils.checkpoints][INFO] - Saving supporting array `lam_0/cutout_mask` to inference-last/anemoi-metadata/lam_0/cutout_mask.numpy (shape=(24444,), dtype=bool)
[2026-03-18 08:20:18,088][anemoi.utils.checkpoints][INFO] - Saving supporting array `global/cutout_mask` to inference-last/anemoi-metadata/global/cutout_mask.numpy (shape=(7905,), dtype=bool)
[2026-03-18 08:20:18,089][anemoi.utils.checkpoints][INFO] - Saving supporting array `source0/latitudes` to inference-last/anemoi-metadata/source0/latitudes.numpy (shape=(24444,), dtype=float64)
[2026-03-18 08:20:18,089][anemoi.utils.checkpoints][INFO] - Saving supporting array `source0/longitudes` to inference-last/anemoi-metadata/source0/longitudes.numpy (shape=(24444,), dtype=float64)
[2026-03-18 08:20:18,089][anemoi.utils.checkpoints][INFO] - Saving supporting array `source1/latitudes` to inference-last/anemoi-metadata/source1/latitudes.numpy (shape=(7905,), dtype=float64)
[2026-03-18 08:20:18,089][anemoi.utils.checkpoints][INFO] - Saving supporting array `source1/longitudes` to inference-last/anemoi-metadata/source1/longitudes.numpy (shape=(7905,), dtype=float64)
[2026-03-18 08:20:18,089][anemoi.utils.checkpoints][INFO] - Saving supporting array `grid_indices` to inference-last/anemoi-metadata/grid_indices.numpy (shape=(27479,), dtype=int64)
[2026-03-18 08:20:19,138][anemoi.utils.checkpoints][INFO] - Adding extra information to checkpoint /mnt/weatherloss/WindPower/training/EGU26/VanillaPower/checkpoint/VanillaPower/last.ckpt
[2026-03-18 08:20:19,138][anemoi.utils.checkpoints][INFO] - Saving metadata to archive/anemoi-metadata/anemoi.json
[2026-03-18 08:20:19,140][anemoi.utils.checkpoints][INFO] - Saving supporting array `latitudes` to archive/anemoi-metadata/latitudes.numpy (shape=(30844,), dtype=float64)
[2026-03-18 08:20:19,141][anemoi.utils.checkpoints][INFO] - Saving supporting array `longitudes` to archive/anemoi-metadata/longitudes.numpy (shape=(30844,), dtype=float64)
[2026-03-18 08:20:19,141][anemoi.utils.checkpoints][INFO] - Saving supporting array `lam_0/cutout_mask` to archive/anemoi-metadata/lam_0/cutout_mask.numpy (shape=(24444,), dtype=bool)
[2026-03-18 08:20:19,141][anemoi.utils.checkpoints][INFO] - Saving supporting array `global/cutout_mask` to archive/anemoi-metadata/global/cutout_mask.numpy (shape=(7905,), dtype=bool)
[2026-03-18 08:20:19,141][anemoi.utils.checkpoints][INFO] - Saving supporting array `source0/latitudes` to archive/anemoi-metadata/source0/latitudes.numpy (shape=(24444,), dtype=float64)
[2026-03-18 08:20:19,141][anemoi.utils.checkpoints][INFO] - Saving supporting array `source0/longitudes` to archive/anemoi-metadata/source0/longitudes.numpy (shape=(24444,), dtype=float64)
[2026-03-18 08:20:19,142][anemoi.utils.checkpoints][INFO] - Saving supporting array `source1/latitudes` to archive/anemoi-metadata/source1/latitudes.numpy (shape=(7905,), dtype=float64)
[2026-03-18 08:20:19,142][anemoi.utils.checkpoints][INFO] - Saving supporting array `source1/longitudes` to archive/anemoi-metadata/source1/longitudes.numpy (shape=(7905,), dtype=float64)
[2026-03-18 08:20:19,142][anemoi.utils.checkpoints][INFO] - Saving supporting array `grid_indices` to archive/anemoi-metadata/grid_indices.numpy (shape=(27479,), dtype=int64)
[2026-03-18 08:25:15,151][anemoi.models.data_indices.collection][INFO] - The order of the variables in the model matches the order in the data.
[2026-03-18 08:25:17,441][anemoi.utils.checkpoints][INFO] - Adding extra information to checkpoint /mnt/weatherloss/WindPower/training/EGU26/VanillaPower/checkpoint/VanillaPower/inference-anemoi-by_epoch-epoch_007-step_152001.ckpt
[2026-03-18 08:25:17,441][anemoi.utils.checkpoints][INFO] - Saving metadata to inference-anemoi-by_epoch-epoch_007-step_152001/anemoi-metadata/anemoi.json
[2026-03-18 08:25:17,443][anemoi.utils.checkpoints][INFO] - Saving supporting array `latitudes` to inference-anemoi-by_epoch-epoch_007-step_152001/anemoi-metadata/latitudes.numpy (shape=(30844,), dtype=float64)
[2026-03-18 08:25:17,443][anemoi.utils.checkpoints][INFO] - Saving supporting array `longitudes` to inference-anemoi-by_epoch-epoch_007-step_152001/anemoi-metadata/longitudes.numpy (shape=(30844,), dtype=float64)
[2026-03-18 08:25:17,443][anemoi.utils.checkpoints][INFO] - Saving supporting array `lam_0/cutout_mask` to inference-anemoi-by_epoch-epoch_007-step_152001/anemoi-metadata/lam_0/cutout_mask.numpy (shape=(24444,), dtype=bool)
[2026-03-18 08:25:17,444][anemoi.utils.checkpoints][INFO] - Saving supporting array `global/cutout_mask` to inference-anemoi-by_epoch-epoch_007-step_152001/anemoi-metadata/global/cutout_mask.numpy (shape=(7905,), dtype=bool)
[2026-03-18 08:25:17,444][anemoi.utils.checkpoints][INFO] - Saving supporting array `source0/latitudes` to inference-anemoi-by_epoch-epoch_007-step_152001/anemoi-metadata/source0/latitudes.numpy (shape=(24444,), dtype=float64)
[2026-03-18 08:25:17,444][anemoi.utils.checkpoints][INFO] - Saving supporting array `source0/longitudes` to inference-anemoi-by_epoch-epoch_007-step_152001/anemoi-metadata/source0/longitudes.numpy (shape=(24444,), dtype=float64)
[2026-03-18 08:25:17,444][anemoi.utils.checkpoints][INFO] - Saving supporting array `source1/latitudes` to inference-anemoi-by_epoch-epoch_007-step_152001/anemoi-metadata/source1/latitudes.numpy (shape=(7905,), dtype=float64)
[2026-03-18 08:25:17,444][anemoi.utils.checkpoints][INFO] - Saving supporting array `source1/longitudes` to inference-anemoi-by_epoch-epoch_007-step_152001/anemoi-metadata/source1/longitudes.numpy (shape=(7905,), dtype=float64)
[2026-03-18 08:25:17,444][anemoi.utils.checkpoints][INFO] - Saving supporting array `grid_indices` to inference-anemoi-by_epoch-epoch_007-step_152001/anemoi-metadata/grid_indices.numpy (shape=(27479,), dtype=int64)
[2026-03-18 08:25:18,276][anemoi.utils.checkpoints][INFO] - Adding extra information to checkpoint /mnt/weatherloss/WindPower/training/EGU26/VanillaPower/checkpoint/VanillaPower/anemoi-by_epoch-epoch_007-step_152001.ckpt
[2026-03-18 08:25:18,276][anemoi.utils.checkpoints][INFO] - Saving metadata to archive/anemoi-metadata/anemoi.json
[2026-03-18 08:25:18,277][anemoi.utils.checkpoints][INFO] - Saving supporting array `latitudes` to archive/anemoi-metadata/latitudes.numpy (shape=(30844,), dtype=float64)
[2026-03-18 08:25:18,277][anemoi.utils.checkpoints][INFO] - Saving supporting array `longitudes` to archive/anemoi-metadata/longitudes.numpy (shape=(30844,), dtype=float64)
[2026-03-18 08:25:18,278][anemoi.utils.checkpoints][INFO] - Saving supporting array `lam_0/cutout_mask` to archive/anemoi-metadata/lam_0/cutout_mask.numpy (shape=(24444,), dtype=bool)
[2026-03-18 08:25:18,278][anemoi.utils.checkpoints][INFO] - Saving supporting array `global/cutout_mask` to archive/anemoi-metadata/global/cutout_mask.numpy (shape=(7905,), dtype=bool)
[2026-03-18 08:25:18,278][anemoi.utils.checkpoints][INFO] - Saving supporting array `source0/latitudes` to archive/anemoi-metadata/source0/latitudes.numpy (shape=(24444,), dtype=float64)
[2026-03-18 08:25:18,278][anemoi.utils.checkpoints][INFO] - Saving supporting array `source0/longitudes` to archive/anemoi-metadata/source0/longitudes.numpy (shape=(24444,), dtype=float64)
[2026-03-18 08:25:18,278][anemoi.utils.checkpoints][INFO] - Saving supporting array `source1/latitudes` to archive/anemoi-metadata/source1/latitudes.numpy (shape=(7905,), dtype=float64)
[2026-03-18 08:25:18,278][anemoi.utils.checkpoints][INFO] - Saving supporting array `source1/longitudes` to archive/anemoi-metadata/source1/longitudes.numpy (shape=(7905,), dtype=float64)
[2026-03-18 08:25:18,278][anemoi.utils.checkpoints][INFO] - Saving supporting array `grid_indices` to archive/anemoi-metadata/grid_indices.numpy (shape=(27479,), dtype=int64)
[2026-03-18 08:25:18,442][anemoi.utils.checkpoints][INFO] - Adding extra information to checkpoint /mnt/weatherloss/WindPower/training/EGU26/VanillaPower/checkpoint/VanillaPower/inference-last.ckpt
[2026-03-18 08:25:18,442][anemoi.utils.checkpoints][INFO] - Saving metadata to inference-last/anemoi-metadata/anemoi.json
[2026-03-18 08:25:18,443][anemoi.utils.checkpoints][INFO] - Saving supporting array `latitudes` to inference-last/anemoi-metadata/latitudes.numpy (shape=(30844,), dtype=float64)
[2026-03-18 08:25:18,443][anemoi.utils.checkpoints][INFO] - Saving supporting array `longitudes` to inference-last/anemoi-metadata/longitudes.numpy (shape=(30844,), dtype=float64)
[2026-03-18 08:25:18,444][anemoi.utils.checkpoints][INFO] - Saving supporting array `lam_0/cutout_mask` to inference-last/anemoi-metadata/lam_0/cutout_mask.numpy (shape=(24444,), dtype=bool)
[2026-03-18 08:25:18,444][anemoi.utils.checkpoints][INFO] - Saving supporting array `global/cutout_mask` to inference-last/anemoi-metadata/global/cutout_mask.numpy (shape=(7905,), dtype=bool)
[2026-03-18 08:25:18,444][anemoi.utils.checkpoints][INFO] - Saving supporting array `source0/latitudes` to inference-last/anemoi-metadata/source0/latitudes.numpy (shape=(24444,), dtype=float64)
[2026-03-18 08:25:18,444][anemoi.utils.checkpoints][INFO] - Saving supporting array `source0/longitudes` to inference-last/anemoi-metadata/source0/longitudes.numpy (shape=(24444,), dtype=float64)
[2026-03-18 08:25:18,444][anemoi.utils.checkpoints][INFO] - Saving supporting array `source1/latitudes` to inference-last/anemoi-metadata/source1/latitudes.numpy (shape=(7905,), dtype=float64)
[2026-03-18 08:25:18,444][anemoi.utils.checkpoints][INFO] - Saving supporting array `source1/longitudes` to inference-last/anemoi-metadata/source1/longitudes.numpy (shape=(7905,), dtype=float64)
[2026-03-18 08:25:18,444][anemoi.utils.checkpoints][INFO] - Saving supporting array `grid_indices` to inference-last/anemoi-metadata/grid_indices.numpy (shape=(27479,), dtype=int64)
[2026-03-18 08:25:19,367][anemoi.utils.checkpoints][INFO] - Adding extra information to checkpoint /mnt/weatherloss/WindPower/training/EGU26/VanillaPower/checkpoint/VanillaPower/last.ckpt
[2026-03-18 08:25:19,367][anemoi.utils.checkpoints][INFO] - Saving metadata to archive/anemoi-metadata/anemoi.json
[2026-03-18 08:25:19,369][anemoi.utils.checkpoints][INFO] - Saving supporting array `latitudes` to archive/anemoi-metadata/latitudes.numpy (shape=(30844,), dtype=float64)
[2026-03-18 08:25:19,369][anemoi.utils.checkpoints][INFO] - Saving supporting array `longitudes` to archive/anemoi-metadata/longitudes.numpy (shape=(30844,), dtype=float64)
[2026-03-18 08:25:19,370][anemoi.utils.checkpoints][INFO] - Saving supporting array `lam_0/cutout_mask` to archive/anemoi-metadata/lam_0/cutout_mask.numpy (shape=(24444,), dtype=bool)
[2026-03-18 08:25:19,370][anemoi.utils.checkpoints][INFO] - Saving supporting array `global/cutout_mask` to archive/anemoi-metadata/global/cutout_mask.numpy (shape=(7905,), dtype=bool)
[2026-03-18 08:25:19,370][anemoi.utils.checkpoints][INFO] - Saving supporting array `source0/latitudes` to archive/anemoi-metadata/source0/latitudes.numpy (shape=(24444,), dtype=float64)
[2026-03-18 08:25:19,370][anemoi.utils.checkpoints][INFO] - Saving supporting array `source0/longitudes` to archive/anemoi-metadata/source0/longitudes.numpy (shape=(24444,), dtype=float64)
[2026-03-18 08:25:19,370][anemoi.utils.checkpoints][INFO] - Saving supporting array `source1/latitudes` to archive/anemoi-metadata/source1/latitudes.numpy (shape=(7905,), dtype=float64)
[2026-03-18 08:25:19,370][anemoi.utils.checkpoints][INFO] - Saving supporting array `source1/longitudes` to archive/anemoi-metadata/source1/longitudes.numpy (shape=(7905,), dtype=float64)
[2026-03-18 08:25:19,370][anemoi.utils.checkpoints][INFO] - Saving supporting array `grid_indices` to archive/anemoi-metadata/grid_indices.numpy (shape=(27479,), dtype=int64)
[2026-03-18 08:30:59,877][anemoi.models.data_indices.collection][INFO] - The order of the variables in the model matches the order in the data.
[2026-03-18 08:31:02,184][anemoi.utils.checkpoints][INFO] - Adding extra information to checkpoint /mnt/weatherloss/WindPower/training/EGU26/VanillaPower/checkpoint/VanillaPower/inference-anemoi-by_epoch-epoch_008-step_153001.ckpt
[2026-03-18 08:31:02,184][anemoi.utils.checkpoints][INFO] - Saving metadata to inference-anemoi-by_epoch-epoch_008-step_153001/anemoi-metadata/anemoi.json
[2026-03-18 08:31:02,185][anemoi.utils.checkpoints][INFO] - Saving supporting array `latitudes` to inference-anemoi-by_epoch-epoch_008-step_153001/anemoi-metadata/latitudes.numpy (shape=(30844,), dtype=float64)
[2026-03-18 08:31:02,186][anemoi.utils.checkpoints][INFO] - Saving supporting array `longitudes` to inference-anemoi-by_epoch-epoch_008-step_153001/anemoi-metadata/longitudes.numpy (shape=(30844,), dtype=float64)
[2026-03-18 08:31:02,186][anemoi.utils.checkpoints][INFO] - Saving supporting array `lam_0/cutout_mask` to inference-anemoi-by_epoch-epoch_008-step_153001/anemoi-metadata/lam_0/cutout_mask.numpy (shape=(24444,), dtype=bool)
[2026-03-18 08:31:02,186][anemoi.utils.checkpoints][INFO] - Saving supporting array `global/cutout_mask` to inference-anemoi-by_epoch-epoch_008-step_153001/anemoi-metadata/global/cutout_mask.numpy (shape=(7905,), dtype=bool)
[2026-03-18 08:31:02,186][anemoi.utils.checkpoints][INFO] - Saving supporting array `source0/latitudes` to inference-anemoi-by_epoch-epoch_008-step_153001/anemoi-metadata/source0/latitudes.numpy (shape=(24444,), dtype=float64)
[2026-03-18 08:31:02,187][anemoi.utils.checkpoints][INFO] - Saving supporting array `source0/longitudes` to inference-anemoi-by_epoch-epoch_008-step_153001/anemoi-metadata/source0/longitudes.numpy (shape=(24444,), dtype=float64)
[2026-03-18 08:31:02,187][anemoi.utils.checkpoints][INFO] - Saving supporting array `source1/latitudes` to inference-anemoi-by_epoch-epoch_008-step_153001/anemoi-metadata/source1/latitudes.numpy (shape=(7905,), dtype=float64)
[2026-03-18 08:31:02,187][anemoi.utils.checkpoints][INFO] - Saving supporting array `source1/longitudes` to inference-anemoi-by_epoch-epoch_008-step_153001/anemoi-metadata/source1/longitudes.numpy (shape=(7905,), dtype=float64)
[2026-03-18 08:31:02,187][anemoi.utils.checkpoints][INFO] - Saving supporting array `grid_indices` to inference-anemoi-by_epoch-epoch_008-step_153001/anemoi-metadata/grid_indices.numpy (shape=(27479,), dtype=int64)
[2026-03-18 08:31:03,043][anemoi.utils.checkpoints][INFO] - Adding extra information to checkpoint /mnt/weatherloss/WindPower/training/EGU26/VanillaPower/checkpoint/VanillaPower/anemoi-by_epoch-epoch_008-step_153001.ckpt
[2026-03-18 08:31:03,043][anemoi.utils.checkpoints][INFO] - Saving metadata to archive/anemoi-metadata/anemoi.json
[2026-03-18 08:31:03,044][anemoi.utils.checkpoints][INFO] - Saving supporting array `latitudes` to archive/anemoi-metadata/latitudes.numpy (shape=(30844,), dtype=float64)
[2026-03-18 08:31:03,045][anemoi.utils.checkpoints][INFO] - Saving supporting array `longitudes` to archive/anemoi-metadata/longitudes.numpy (shape=(30844,), dtype=float64)
[2026-03-18 08:31:03,045][anemoi.utils.checkpoints][INFO] - Saving supporting array `lam_0/cutout_mask` to archive/anemoi-metadata/lam_0/cutout_mask.numpy (shape=(24444,), dtype=bool)
[2026-03-18 08:31:03,045][anemoi.utils.checkpoints][INFO] - Saving supporting array `global/cutout_mask` to archive/anemoi-metadata/global/cutout_mask.numpy (shape=(7905,), dtype=bool)
[2026-03-18 08:31:03,045][anemoi.utils.checkpoints][INFO] - Saving supporting array `source0/latitudes` to archive/anemoi-metadata/source0/latitudes.numpy (shape=(24444,), dtype=float64)
[2026-03-18 08:31:03,045][anemoi.utils.checkpoints][INFO] - Saving supporting array `source0/longitudes` to archive/anemoi-metadata/source0/longitudes.numpy (shape=(24444,), dtype=float64)
[2026-03-18 08:31:03,046][anemoi.utils.checkpoints][INFO] - Saving supporting array `source1/latitudes` to archive/anemoi-metadata/source1/latitudes.numpy (shape=(7905,), dtype=float64)
[2026-03-18 08:31:03,046][anemoi.utils.checkpoints][INFO] - Saving supporting array `source1/longitudes` to archive/anemoi-metadata/source1/longitudes.numpy (shape=(7905,), dtype=float64)
[2026-03-18 08:31:03,046][anemoi.utils.checkpoints][INFO] - Saving supporting array `grid_indices` to archive/anemoi-metadata/grid_indices.numpy (shape=(27479,), dtype=int64)
[2026-03-18 08:31:03,205][anemoi.utils.checkpoints][INFO] - Adding extra information to checkpoint /mnt/weatherloss/WindPower/training/EGU26/VanillaPower/checkpoint/VanillaPower/inference-last.ckpt
[2026-03-18 08:31:03,205][anemoi.utils.checkpoints][INFO] - Saving metadata to inference-last/anemoi-metadata/anemoi.json
[2026-03-18 08:31:03,206][anemoi.utils.checkpoints][INFO] - Saving supporting array `latitudes` to inference-last/anemoi-metadata/latitudes.numpy (shape=(30844,), dtype=float64)
[2026-03-18 08:31:03,207][anemoi.utils.checkpoints][INFO] - Saving supporting array `longitudes` to inference-last/anemoi-metadata/longitudes.numpy (shape=(30844,), dtype=float64)
[2026-03-18 08:31:03,207][anemoi.utils.checkpoints][INFO] - Saving supporting array `lam_0/cutout_mask` to inference-last/anemoi-metadata/lam_0/cutout_mask.numpy (shape=(24444,), dtype=bool)
[2026-03-18 08:31:03,207][anemoi.utils.checkpoints][INFO] - Saving supporting array `global/cutout_mask` to inference-last/anemoi-metadata/global/cutout_mask.numpy (shape=(7905,), dtype=bool)
[2026-03-18 08:31:03,207][anemoi.utils.checkpoints][INFO] - Saving supporting array `source0/latitudes` to inference-last/anemoi-metadata/source0/latitudes.numpy (shape=(24444,), dtype=float64)
[2026-03-18 08:31:03,207][anemoi.utils.checkpoints][INFO] - Saving supporting array `source0/longitudes` to inference-last/anemoi-metadata/source0/longitudes.numpy (shape=(24444,), dtype=float64)
[2026-03-18 08:31:03,208][anemoi.utils.checkpoints][INFO] - Saving supporting array `source1/latitudes` to inference-last/anemoi-metadata/source1/latitudes.numpy (shape=(7905,), dtype=float64)
[2026-03-18 08:31:03,208][anemoi.utils.checkpoints][INFO] - Saving supporting array `source1/longitudes` to inference-last/anemoi-metadata/source1/longitudes.numpy (shape=(7905,), dtype=float64)
[2026-03-18 08:31:03,208][anemoi.utils.checkpoints][INFO] - Saving supporting array `grid_indices` to inference-last/anemoi-metadata/grid_indices.numpy (shape=(27479,), dtype=int64)
[2026-03-18 08:31:04,210][anemoi.utils.checkpoints][INFO] - Adding extra information to checkpoint /mnt/weatherloss/WindPower/training/EGU26/VanillaPower/checkpoint/VanillaPower/last.ckpt
[2026-03-18 08:31:04,210][anemoi.utils.checkpoints][INFO] - Saving metadata to archive/anemoi-metadata/anemoi.json
[2026-03-18 08:31:04,212][anemoi.utils.checkpoints][INFO] - Saving supporting array `latitudes` to archive/anemoi-metadata/latitudes.numpy (shape=(30844,), dtype=float64)
[2026-03-18 08:31:04,212][anemoi.utils.checkpoints][INFO] - Saving supporting array `longitudes` to archive/anemoi-metadata/longitudes.numpy (shape=(30844,), dtype=float64)
[2026-03-18 08:31:04,212][anemoi.utils.checkpoints][INFO] - Saving supporting array `lam_0/cutout_mask` to archive/anemoi-metadata/lam_0/cutout_mask.numpy (shape=(24444,), dtype=bool)
[2026-03-18 08:31:04,213][anemoi.utils.checkpoints][INFO] - Saving supporting array `global/cutout_mask` to archive/anemoi-metadata/global/cutout_mask.numpy (shape=(7905,), dtype=bool)
[2026-03-18 08:31:04,213][anemoi.utils.checkpoints][INFO] - Saving supporting array `source0/latitudes` to archive/anemoi-metadata/source0/latitudes.numpy (shape=(24444,), dtype=float64)
[2026-03-18 08:31:04,213][anemoi.utils.checkpoints][INFO] - Saving supporting array `source0/longitudes` to archive/anemoi-metadata/source0/longitudes.numpy (shape=(24444,), dtype=float64)
[2026-03-18 08:31:04,213][anemoi.utils.checkpoints][INFO] - Saving supporting array `source1/latitudes` to archive/anemoi-metadata/source1/latitudes.numpy (shape=(7905,), dtype=float64)
[2026-03-18 08:31:04,213][anemoi.utils.checkpoints][INFO] - Saving supporting array `source1/longitudes` to archive/anemoi-metadata/source1/longitudes.numpy (shape=(7905,), dtype=float64)
[2026-03-18 08:31:04,213][anemoi.utils.checkpoints][INFO] - Saving supporting array `grid_indices` to archive/anemoi-metadata/grid_indices.numpy (shape=(27479,), dtype=int64)
[2026-03-18 08:37:56,093][anemoi.models.data_indices.collection][INFO] - The order of the variables in the model matches the order in the data.
[2026-03-18 08:37:58,541][anemoi.utils.checkpoints][INFO] - Adding extra information to checkpoint /mnt/weatherloss/WindPower/training/EGU26/VanillaPower/checkpoint/VanillaPower/inference-anemoi-by_epoch-epoch_009-step_154001.ckpt
[2026-03-18 08:37:58,541][anemoi.utils.checkpoints][INFO] - Saving metadata to inference-anemoi-by_epoch-epoch_009-step_154001/anemoi-metadata/anemoi.json
[2026-03-18 08:37:58,543][anemoi.utils.checkpoints][INFO] - Saving supporting array `latitudes` to inference-anemoi-by_epoch-epoch_009-step_154001/anemoi-metadata/latitudes.numpy (shape=(30844,), dtype=float64)
[2026-03-18 08:37:58,543][anemoi.utils.checkpoints][INFO] - Saving supporting array `longitudes` to inference-anemoi-by_epoch-epoch_009-step_154001/anemoi-metadata/longitudes.numpy (shape=(30844,), dtype=float64)
[2026-03-18 08:37:58,543][anemoi.utils.checkpoints][INFO] - Saving supporting array `lam_0/cutout_mask` to inference-anemoi-by_epoch-epoch_009-step_154001/anemoi-metadata/lam_0/cutout_mask.numpy (shape=(24444,), dtype=bool)
[2026-03-18 08:37:58,544][anemoi.utils.checkpoints][INFO] - Saving supporting array `global/cutout_mask` to inference-anemoi-by_epoch-epoch_009-step_154001/anemoi-metadata/global/cutout_mask.numpy (shape=(7905,), dtype=bool)
[2026-03-18 08:37:58,544][anemoi.utils.checkpoints][INFO] - Saving supporting array `source0/latitudes` to inference-anemoi-by_epoch-epoch_009-step_154001/anemoi-metadata/source0/latitudes.numpy (shape=(24444,), dtype=float64)
[2026-03-18 08:37:58,544][anemoi.utils.checkpoints][INFO] - Saving supporting array `source0/longitudes` to inference-anemoi-by_epoch-epoch_009-step_154001/anemoi-metadata/source0/longitudes.numpy (shape=(24444,), dtype=float64)
[2026-03-18 08:37:58,544][anemoi.utils.checkpoints][INFO] - Saving supporting array `source1/latitudes` to inference-anemoi-by_epoch-epoch_009-step_154001/anemoi-metadata/source1/latitudes.numpy (shape=(7905,), dtype=float64)
[2026-03-18 08:37:58,544][anemoi.utils.checkpoints][INFO] - Saving supporting array `source1/longitudes` to inference-anemoi-by_epoch-epoch_009-step_154001/anemoi-metadata/source1/longitudes.numpy (shape=(7905,), dtype=float64)
[2026-03-18 08:37:58,544][anemoi.utils.checkpoints][INFO] - Saving supporting array `grid_indices` to inference-anemoi-by_epoch-epoch_009-step_154001/anemoi-metadata/grid_indices.numpy (shape=(27479,), dtype=int64)
[2026-03-18 08:37:59,515][anemoi.utils.checkpoints][INFO] - Adding extra information to checkpoint /mnt/weatherloss/WindPower/training/EGU26/VanillaPower/checkpoint/VanillaPower/anemoi-by_epoch-epoch_009-step_154001.ckpt
[2026-03-18 08:37:59,515][anemoi.utils.checkpoints][INFO] - Saving metadata to archive/anemoi-metadata/anemoi.json
[2026-03-18 08:37:59,517][anemoi.utils.checkpoints][INFO] - Saving supporting array `latitudes` to archive/anemoi-metadata/latitudes.numpy (shape=(30844,), dtype=float64)
[2026-03-18 08:37:59,517][anemoi.utils.checkpoints][INFO] - Saving supporting array `longitudes` to archive/anemoi-metadata/longitudes.numpy (shape=(30844,), dtype=float64)
[2026-03-18 08:37:59,517][anemoi.utils.checkpoints][INFO] - Saving supporting array `lam_0/cutout_mask` to archive/anemoi-metadata/lam_0/cutout_mask.numpy (shape=(24444,), dtype=bool)
[2026-03-18 08:37:59,517][anemoi.utils.checkpoints][INFO] - Saving supporting array `global/cutout_mask` to archive/anemoi-metadata/global/cutout_mask.numpy (shape=(7905,), dtype=bool)
[2026-03-18 08:37:59,517][anemoi.utils.checkpoints][INFO] - Saving supporting array `source0/latitudes` to archive/anemoi-metadata/source0/latitudes.numpy (shape=(24444,), dtype=float64)
[2026-03-18 08:37:59,518][anemoi.utils.checkpoints][INFO] - Saving supporting array `source0/longitudes` to archive/anemoi-metadata/source0/longitudes.numpy (shape=(24444,), dtype=float64)
[2026-03-18 08:37:59,518][anemoi.utils.checkpoints][INFO] - Saving supporting array `source1/latitudes` to archive/anemoi-metadata/source1/latitudes.numpy (shape=(7905,), dtype=float64)
[2026-03-18 08:37:59,518][anemoi.utils.checkpoints][INFO] - Saving supporting array `source1/longitudes` to archive/anemoi-metadata/source1/longitudes.numpy (shape=(7905,), dtype=float64)
[2026-03-18 08:37:59,518][anemoi.utils.checkpoints][INFO] - Saving supporting array `grid_indices` to archive/anemoi-metadata/grid_indices.numpy (shape=(27479,), dtype=int64)
[2026-03-18 08:37:59,708][anemoi.utils.checkpoints][INFO] - Adding extra information to checkpoint /mnt/weatherloss/WindPower/training/EGU26/VanillaPower/checkpoint/VanillaPower/inference-last.ckpt
[2026-03-18 08:37:59,708][anemoi.utils.checkpoints][INFO] - Saving metadata to inference-last/anemoi-metadata/anemoi.json
[2026-03-18 08:37:59,710][anemoi.utils.checkpoints][INFO] - Saving supporting array `latitudes` to inference-last/anemoi-metadata/latitudes.numpy (shape=(30844,), dtype=float64)
[2026-03-18 08:37:59,710][anemoi.utils.checkpoints][INFO] - Saving supporting array `longitudes` to inference-last/anemoi-metadata/longitudes.numpy (shape=(30844,), dtype=float64)
[2026-03-18 08:37:59,711][anemoi.utils.checkpoints][INFO] - Saving supporting array `lam_0/cutout_mask` to inference-last/anemoi-metadata/lam_0/cutout_mask.numpy (shape=(24444,), dtype=bool)
[2026-03-18 08:37:59,711][anemoi.utils.checkpoints][INFO] - Saving supporting array `global/cutout_mask` to inference-last/anemoi-metadata/global/cutout_mask.numpy (shape=(7905,), dtype=bool)
[2026-03-18 08:37:59,711][anemoi.utils.checkpoints][INFO] - Saving supporting array `source0/latitudes` to inference-last/anemoi-metadata/source0/latitudes.numpy (shape=(24444,), dtype=float64)
[2026-03-18 08:37:59,711][anemoi.utils.checkpoints][INFO] - Saving supporting array `source0/longitudes` to inference-last/anemoi-metadata/source0/longitudes.numpy (shape=(24444,), dtype=float64)
[2026-03-18 08:37:59,711][anemoi.utils.checkpoints][INFO] - Saving supporting array `source1/latitudes` to inference-last/anemoi-metadata/source1/latitudes.numpy (shape=(7905,), dtype=float64)
[2026-03-18 08:37:59,712][anemoi.utils.checkpoints][INFO] - Saving supporting array `source1/longitudes` to inference-last/anemoi-metadata/source1/longitudes.numpy (shape=(7905,), dtype=float64)
[2026-03-18 08:37:59,712][anemoi.utils.checkpoints][INFO] - Saving supporting array `grid_indices` to inference-last/anemoi-metadata/grid_indices.numpy (shape=(27479,), dtype=int64)
[2026-03-18 08:38:00,860][anemoi.utils.checkpoints][INFO] - Adding extra information to checkpoint /mnt/weatherloss/WindPower/training/EGU26/VanillaPower/checkpoint/VanillaPower/last.ckpt
[2026-03-18 08:38:00,860][anemoi.utils.checkpoints][INFO] - Saving metadata to archive/anemoi-metadata/anemoi.json
[2026-03-18 08:38:00,862][anemoi.utils.checkpoints][INFO] - Saving supporting array `latitudes` to archive/anemoi-metadata/latitudes.numpy (shape=(30844,), dtype=float64)
[2026-03-18 08:38:00,862][anemoi.utils.checkpoints][INFO] - Saving supporting array `longitudes` to archive/anemoi-metadata/longitudes.numpy (shape=(30844,), dtype=float64)
[2026-03-18 08:38:00,862][anemoi.utils.checkpoints][INFO] - Saving supporting array `lam_0/cutout_mask` to archive/anemoi-metadata/lam_0/cutout_mask.numpy (shape=(24444,), dtype=bool)
[2026-03-18 08:38:00,863][anemoi.utils.checkpoints][INFO] - Saving supporting array `global/cutout_mask` to archive/anemoi-metadata/global/cutout_mask.numpy (shape=(7905,), dtype=bool)
[2026-03-18 08:38:00,863][anemoi.utils.checkpoints][INFO] - Saving supporting array `source0/latitudes` to archive/anemoi-metadata/source0/latitudes.numpy (shape=(24444,), dtype=float64)
[2026-03-18 08:38:00,863][anemoi.utils.checkpoints][INFO] - Saving supporting array `source0/longitudes` to archive/anemoi-metadata/source0/longitudes.numpy (shape=(24444,), dtype=float64)
[2026-03-18 08:38:00,863][anemoi.utils.checkpoints][INFO] - Saving supporting array `source1/latitudes` to archive/anemoi-metadata/source1/latitudes.numpy (shape=(7905,), dtype=float64)
[2026-03-18 08:38:00,863][anemoi.utils.checkpoints][INFO] - Saving supporting array `source1/longitudes` to archive/anemoi-metadata/source1/longitudes.numpy (shape=(7905,), dtype=float64)
[2026-03-18 08:38:00,863][anemoi.utils.checkpoints][INFO] - Saving supporting array `grid_indices` to archive/anemoi-metadata/grid_indices.numpy (shape=(27479,), dtype=int64)
[2026-03-18 08:46:08,865][anemoi.models.data_indices.collection][INFO] - The order of the variables in the model matches the order in the data.
[2026-03-18 08:46:11,428][anemoi.utils.checkpoints][INFO] - Adding extra information to checkpoint /mnt/weatherloss/WindPower/training/EGU26/VanillaPower/checkpoint/VanillaPower/inference-anemoi-by_epoch-epoch_010-step_155001.ckpt
[2026-03-18 08:46:11,428][anemoi.utils.checkpoints][INFO] - Saving metadata to inference-anemoi-by_epoch-epoch_010-step_155001/anemoi-metadata/anemoi.json
[2026-03-18 08:46:11,430][anemoi.utils.checkpoints][INFO] - Saving supporting array `latitudes` to inference-anemoi-by_epoch-epoch_010-step_155001/anemoi-metadata/latitudes.numpy (shape=(30844,), dtype=float64)
[2026-03-18 08:46:11,430][anemoi.utils.checkpoints][INFO] - Saving supporting array `longitudes` to inference-anemoi-by_epoch-epoch_010-step_155001/anemoi-metadata/longitudes.numpy (shape=(30844,), dtype=float64)
[2026-03-18 08:46:11,431][anemoi.utils.checkpoints][INFO] - Saving supporting array `lam_0/cutout_mask` to inference-anemoi-by_epoch-epoch_010-step_155001/anemoi-metadata/lam_0/cutout_mask.numpy (shape=(24444,), dtype=bool)
[2026-03-18 08:46:11,431][anemoi.utils.checkpoints][INFO] - Saving supporting array `global/cutout_mask` to inference-anemoi-by_epoch-epoch_010-step_155001/anemoi-metadata/global/cutout_mask.numpy (shape=(7905,), dtype=bool)
[2026-03-18 08:46:11,431][anemoi.utils.checkpoints][INFO] - Saving supporting array `source0/latitudes` to inference-anemoi-by_epoch-epoch_010-step_155001/anemoi-metadata/source0/latitudes.numpy (shape=(24444,), dtype=float64)
[2026-03-18 08:46:11,431][anemoi.utils.checkpoints][INFO] - Saving supporting array `source0/longitudes` to inference-anemoi-by_epoch-epoch_010-step_155001/anemoi-metadata/source0/longitudes.numpy (shape=(24444,), dtype=float64)
[2026-03-18 08:46:11,431][anemoi.utils.checkpoints][INFO] - Saving supporting array `source1/latitudes` to inference-anemoi-by_epoch-epoch_010-step_155001/anemoi-metadata/source1/latitudes.numpy (shape=(7905,), dtype=float64)
[2026-03-18 08:46:11,431][anemoi.utils.checkpoints][INFO] - Saving supporting array `source1/longitudes` to inference-anemoi-by_epoch-epoch_010-step_155001/anemoi-metadata/source1/longitudes.numpy (shape=(7905,), dtype=float64)
[2026-03-18 08:46:11,431][anemoi.utils.checkpoints][INFO] - Saving supporting array `grid_indices` to inference-anemoi-by_epoch-epoch_010-step_155001/anemoi-metadata/grid_indices.numpy (shape=(27479,), dtype=int64)
[2026-03-18 08:46:12,307][anemoi.utils.checkpoints][INFO] - Adding extra information to checkpoint /mnt/weatherloss/WindPower/training/EGU26/VanillaPower/checkpoint/VanillaPower/anemoi-by_epoch-epoch_010-step_155001.ckpt
[2026-03-18 08:46:12,307][anemoi.utils.checkpoints][INFO] - Saving metadata to archive/anemoi-metadata/anemoi.json
[2026-03-18 08:46:12,309][anemoi.utils.checkpoints][INFO] - Saving supporting array `latitudes` to archive/anemoi-metadata/latitudes.numpy (shape=(30844,), dtype=float64)
[2026-03-18 08:46:12,309][anemoi.utils.checkpoints][INFO] - Saving supporting array `longitudes` to archive/anemoi-metadata/longitudes.numpy (shape=(30844,), dtype=float64)
[2026-03-18 08:46:12,309][anemoi.utils.checkpoints][INFO] - Saving supporting array `lam_0/cutout_mask` to archive/anemoi-metadata/lam_0/cutout_mask.numpy (shape=(24444,), dtype=bool)
[2026-03-18 08:46:12,309][anemoi.utils.checkpoints][INFO] - Saving supporting array `global/cutout_mask` to archive/anemoi-metadata/global/cutout_mask.numpy (shape=(7905,), dtype=bool)
[2026-03-18 08:46:12,309][anemoi.utils.checkpoints][INFO] - Saving supporting array `source0/latitudes` to archive/anemoi-metadata/source0/latitudes.numpy (shape=(24444,), dtype=float64)
[2026-03-18 08:46:12,310][anemoi.utils.checkpoints][INFO] - Saving supporting array `source0/longitudes` to archive/anemoi-metadata/source0/longitudes.numpy (shape=(24444,), dtype=float64)
[2026-03-18 08:46:12,310][anemoi.utils.checkpoints][INFO] - Saving supporting array `source1/latitudes` to archive/anemoi-metadata/source1/latitudes.numpy (shape=(7905,), dtype=float64)
[2026-03-18 08:46:12,310][anemoi.utils.checkpoints][INFO] - Saving supporting array `source1/longitudes` to archive/anemoi-metadata/source1/longitudes.numpy (shape=(7905,), dtype=float64)
[2026-03-18 08:46:12,310][anemoi.utils.checkpoints][INFO] - Saving supporting array `grid_indices` to archive/anemoi-metadata/grid_indices.numpy (shape=(27479,), dtype=int64)
[2026-03-18 08:46:12,473][anemoi.utils.checkpoints][INFO] - Adding extra information to checkpoint /mnt/weatherloss/WindPower/training/EGU26/VanillaPower/checkpoint/VanillaPower/inference-last.ckpt
[2026-03-18 08:46:12,473][anemoi.utils.checkpoints][INFO] - Saving metadata to inference-last/anemoi-metadata/anemoi.json
[2026-03-18 08:46:12,474][anemoi.utils.checkpoints][INFO] - Saving supporting array `latitudes` to inference-last/anemoi-metadata/latitudes.numpy (shape=(30844,), dtype=float64)
[2026-03-18 08:46:12,475][anemoi.utils.checkpoints][INFO] - Saving supporting array `longitudes` to inference-last/anemoi-metadata/longitudes.numpy (shape=(30844,), dtype=float64)
[2026-03-18 08:46:12,475][anemoi.utils.checkpoints][INFO] - Saving supporting array `lam_0/cutout_mask` to inference-last/anemoi-metadata/lam_0/cutout_mask.numpy (shape=(24444,), dtype=bool)
[2026-03-18 08:46:12,475][anemoi.utils.checkpoints][INFO] - Saving supporting array `global/cutout_mask` to inference-last/anemoi-metadata/global/cutout_mask.numpy (shape=(7905,), dtype=bool)
[2026-03-18 08:46:12,475][anemoi.utils.checkpoints][INFO] - Saving supporting array `source0/latitudes` to inference-last/anemoi-metadata/source0/latitudes.numpy (shape=(24444,), dtype=float64)
[2026-03-18 08:46:12,475][anemoi.utils.checkpoints][INFO] - Saving supporting array `source0/longitudes` to inference-last/anemoi-metadata/source0/longitudes.numpy (shape=(24444,), dtype=float64)
[2026-03-18 08:46:12,475][anemoi.utils.checkpoints][INFO] - Saving supporting array `source1/latitudes` to inference-last/anemoi-metadata/source1/latitudes.numpy (shape=(7905,), dtype=float64)
[2026-03-18 08:46:12,475][anemoi.utils.checkpoints][INFO] - Saving supporting array `source1/longitudes` to inference-last/anemoi-metadata/source1/longitudes.numpy (shape=(7905,), dtype=float64)
[2026-03-18 08:46:12,476][anemoi.utils.checkpoints][INFO] - Saving supporting array `grid_indices` to inference-last/anemoi-metadata/grid_indices.numpy (shape=(27479,), dtype=int64)
[2026-03-18 08:46:13,500][anemoi.utils.checkpoints][INFO] - Adding extra information to checkpoint /mnt/weatherloss/WindPower/training/EGU26/VanillaPower/checkpoint/VanillaPower/last.ckpt
[2026-03-18 08:46:13,500][anemoi.utils.checkpoints][INFO] - Saving metadata to archive/anemoi-metadata/anemoi.json
[2026-03-18 08:46:13,502][anemoi.utils.checkpoints][INFO] - Saving supporting array `latitudes` to archive/anemoi-metadata/latitudes.numpy (shape=(30844,), dtype=float64)
[2026-03-18 08:46:13,503][anemoi.utils.checkpoints][INFO] - Saving supporting array `longitudes` to archive/anemoi-metadata/longitudes.numpy (shape=(30844,), dtype=float64)
[2026-03-18 08:46:13,503][anemoi.utils.checkpoints][INFO] - Saving supporting array `lam_0/cutout_mask` to archive/anemoi-metadata/lam_0/cutout_mask.numpy (shape=(24444,), dtype=bool)
[2026-03-18 08:46:13,503][anemoi.utils.checkpoints][INFO] - Saving supporting array `global/cutout_mask` to archive/anemoi-metadata/global/cutout_mask.numpy (shape=(7905,), dtype=bool)
[2026-03-18 08:46:13,503][anemoi.utils.checkpoints][INFO] - Saving supporting array `source0/latitudes` to archive/anemoi-metadata/source0/latitudes.numpy (shape=(24444,), dtype=float64)
[2026-03-18 08:46:13,503][anemoi.utils.checkpoints][INFO] - Saving supporting array `source0/longitudes` to archive/anemoi-metadata/source0/longitudes.numpy (shape=(24444,), dtype=float64)
[2026-03-18 08:46:13,504][anemoi.utils.checkpoints][INFO] - Saving supporting array `source1/latitudes` to archive/anemoi-metadata/source1/latitudes.numpy (shape=(7905,), dtype=float64)
[2026-03-18 08:46:13,504][anemoi.utils.checkpoints][INFO] - Saving supporting array `source1/longitudes` to archive/anemoi-metadata/source1/longitudes.numpy (shape=(7905,), dtype=float64)
[2026-03-18 08:46:13,504][anemoi.utils.checkpoints][INFO] - Saving supporting array `grid_indices` to archive/anemoi-metadata/grid_indices.numpy (shape=(27479,), dtype=int64)
[2026-03-18 08:55:46,335][pytorch_lightning.utilities.rank_zero][INFO] - `Trainer.fit` stopped: `max_steps=156000` reached.
[2026-03-18 08:55:46,458][anemoi.utils.checkpoints][INFO] - Adding extra information to checkpoint /mnt/weatherloss/WindPower/training/EGU26/VanillaPower/checkpoint/VanillaPower/inference-anemoi-by_time-epoch_011-step_156000.ckpt
[2026-03-18 08:55:46,458][anemoi.utils.checkpoints][INFO] - Saving metadata to inference-anemoi-by_time-epoch_011-step_156000/anemoi-metadata/anemoi.json
[2026-03-18 08:55:46,459][anemoi.utils.checkpoints][INFO] - Saving supporting array `latitudes` to inference-anemoi-by_time-epoch_011-step_156000/anemoi-metadata/latitudes.numpy (shape=(30844,), dtype=float64)
[2026-03-18 08:55:46,460][anemoi.utils.checkpoints][INFO] - Saving supporting array `longitudes` to inference-anemoi-by_time-epoch_011-step_156000/anemoi-metadata/longitudes.numpy (shape=(30844,), dtype=float64)
[2026-03-18 08:55:46,460][anemoi.utils.checkpoints][INFO] - Saving supporting array `lam_0/cutout_mask` to inference-anemoi-by_time-epoch_011-step_156000/anemoi-metadata/lam_0/cutout_mask.numpy (shape=(24444,), dtype=bool)
[2026-03-18 08:55:46,460][anemoi.utils.checkpoints][INFO] - Saving supporting array `global/cutout_mask` to inference-anemoi-by_time-epoch_011-step_156000/anemoi-metadata/global/cutout_mask.numpy (shape=(7905,), dtype=bool)
[2026-03-18 08:55:46,460][anemoi.utils.checkpoints][INFO] - Saving supporting array `source0/latitudes` to inference-anemoi-by_time-epoch_011-step_156000/anemoi-metadata/source0/latitudes.numpy (shape=(24444,), dtype=float64)
[2026-03-18 08:55:46,460][anemoi.utils.checkpoints][INFO] - Saving supporting array `source0/longitudes` to inference-anemoi-by_time-epoch_011-step_156000/anemoi-metadata/source0/longitudes.numpy (shape=(24444,), dtype=float64)
[2026-03-18 08:55:46,460][anemoi.utils.checkpoints][INFO] - Saving supporting array `source1/latitudes` to inference-anemoi-by_time-epoch_011-step_156000/anemoi-metadata/source1/latitudes.numpy (shape=(7905,), dtype=float64)
[2026-03-18 08:55:46,460][anemoi.utils.checkpoints][INFO] - Saving supporting array `source1/longitudes` to inference-anemoi-by_time-epoch_011-step_156000/anemoi-metadata/source1/longitudes.numpy (shape=(7905,), dtype=float64)
[2026-03-18 08:55:46,460][anemoi.utils.checkpoints][INFO] - Saving supporting array `grid_indices` to inference-anemoi-by_time-epoch_011-step_156000/anemoi-metadata/grid_indices.numpy (shape=(27479,), dtype=int64)
[2026-03-18 08:55:47,326][anemoi.utils.checkpoints][INFO] - Adding extra information to checkpoint /mnt/weatherloss/WindPower/training/EGU26/VanillaPower/checkpoint/VanillaPower/anemoi-by_time-epoch_011-step_156000.ckpt
[2026-03-18 08:55:47,326][anemoi.utils.checkpoints][INFO] - Saving metadata to archive/anemoi-metadata/anemoi.json
[2026-03-18 08:55:47,328][anemoi.utils.checkpoints][INFO] - Saving supporting array `latitudes` to archive/anemoi-metadata/latitudes.numpy (shape=(30844,), dtype=float64)
[2026-03-18 08:55:47,328][anemoi.utils.checkpoints][INFO] - Saving supporting array `longitudes` to archive/anemoi-metadata/longitudes.numpy (shape=(30844,), dtype=float64)
[2026-03-18 08:55:47,328][anemoi.utils.checkpoints][INFO] - Saving supporting array `lam_0/cutout_mask` to archive/anemoi-metadata/lam_0/cutout_mask.numpy (shape=(24444,), dtype=bool)
[2026-03-18 08:55:47,328][anemoi.utils.checkpoints][INFO] - Saving supporting array `global/cutout_mask` to archive/anemoi-metadata/global/cutout_mask.numpy (shape=(7905,), dtype=bool)
[2026-03-18 08:55:47,328][anemoi.utils.checkpoints][INFO] - Saving supporting array `source0/latitudes` to archive/anemoi-metadata/source0/latitudes.numpy (shape=(24444,), dtype=float64)
[2026-03-18 08:55:47,329][anemoi.utils.checkpoints][INFO] - Saving supporting array `source0/longitudes` to archive/anemoi-metadata/source0/longitudes.numpy (shape=(24444,), dtype=float64)
[2026-03-18 08:55:47,329][anemoi.utils.checkpoints][INFO] - Saving supporting array `source1/latitudes` to archive/anemoi-metadata/source1/latitudes.numpy (shape=(7905,), dtype=float64)
[2026-03-18 08:55:47,329][anemoi.utils.checkpoints][INFO] - Saving supporting array `source1/longitudes` to archive/anemoi-metadata/source1/longitudes.numpy (shape=(7905,), dtype=float64)
[2026-03-18 08:55:47,329][anemoi.utils.checkpoints][INFO] - Saving supporting array `grid_indices` to archive/anemoi-metadata/grid_indices.numpy (shape=(27479,), dtype=int64)
[2026-03-18 08:55:47,496][anemoi.utils.checkpoints][INFO] - Adding extra information to checkpoint /mnt/weatherloss/WindPower/training/EGU26/VanillaPower/checkpoint/VanillaPower/inference-last.ckpt
[2026-03-18 08:55:47,496][anemoi.utils.checkpoints][INFO] - Saving metadata to inference-last/anemoi-metadata/anemoi.json
[2026-03-18 08:55:47,498][anemoi.utils.checkpoints][INFO] - Saving supporting array `latitudes` to inference-last/anemoi-metadata/latitudes.numpy (shape=(30844,), dtype=float64)
[2026-03-18 08:55:47,498][anemoi.utils.checkpoints][INFO] - Saving supporting array `longitudes` to inference-last/anemoi-metadata/longitudes.numpy (shape=(30844,), dtype=float64)
[2026-03-18 08:55:47,499][anemoi.utils.checkpoints][INFO] - Saving supporting array `lam_0/cutout_mask` to inference-last/anemoi-metadata/lam_0/cutout_mask.numpy (shape=(24444,), dtype=bool)
[2026-03-18 08:55:47,499][anemoi.utils.checkpoints][INFO] - Saving supporting array `global/cutout_mask` to inference-last/anemoi-metadata/global/cutout_mask.numpy (shape=(7905,), dtype=bool)
[2026-03-18 08:55:47,499][anemoi.utils.checkpoints][INFO] - Saving supporting array `source0/latitudes` to inference-last/anemoi-metadata/source0/latitudes.numpy (shape=(24444,), dtype=float64)
[2026-03-18 08:55:47,499][anemoi.utils.checkpoints][INFO] - Saving supporting array `source0/longitudes` to inference-last/anemoi-metadata/source0/longitudes.numpy (shape=(24444,), dtype=float64)
[2026-03-18 08:55:47,499][anemoi.utils.checkpoints][INFO] - Saving supporting array `source1/latitudes` to inference-last/anemoi-metadata/source1/latitudes.numpy (shape=(7905,), dtype=float64)
[2026-03-18 08:55:47,500][anemoi.utils.checkpoints][INFO] - Saving supporting array `source1/longitudes` to inference-last/anemoi-metadata/source1/longitudes.numpy (shape=(7905,), dtype=float64)
[2026-03-18 08:55:47,500][anemoi.utils.checkpoints][INFO] - Saving supporting array `grid_indices` to inference-last/anemoi-metadata/grid_indices.numpy (shape=(27479,), dtype=int64)
[2026-03-18 08:55:48,635][anemoi.utils.checkpoints][INFO] - Adding extra information to checkpoint /mnt/weatherloss/WindPower/training/EGU26/VanillaPower/checkpoint/VanillaPower/last.ckpt
[2026-03-18 08:55:48,635][anemoi.utils.checkpoints][INFO] - Saving metadata to archive/anemoi-metadata/anemoi.json
[2026-03-18 08:55:48,636][anemoi.utils.checkpoints][INFO] - Saving supporting array `latitudes` to archive/anemoi-metadata/latitudes.numpy (shape=(30844,), dtype=float64)
[2026-03-18 08:55:48,636][anemoi.utils.checkpoints][INFO] - Saving supporting array `longitudes` to archive/anemoi-metadata/longitudes.numpy (shape=(30844,), dtype=float64)
[2026-03-18 08:55:48,637][anemoi.utils.checkpoints][INFO] - Saving supporting array `lam_0/cutout_mask` to archive/anemoi-metadata/lam_0/cutout_mask.numpy (shape=(24444,), dtype=bool)
[2026-03-18 08:55:48,637][anemoi.utils.checkpoints][INFO] - Saving supporting array `global/cutout_mask` to archive/anemoi-metadata/global/cutout_mask.numpy (shape=(7905,), dtype=bool)
[2026-03-18 08:55:48,637][anemoi.utils.checkpoints][INFO] - Saving supporting array `source0/latitudes` to archive/anemoi-metadata/source0/latitudes.numpy (shape=(24444,), dtype=float64)
[2026-03-18 08:55:48,637][anemoi.utils.checkpoints][INFO] - Saving supporting array `source0/longitudes` to archive/anemoi-metadata/source0/longitudes.numpy (shape=(24444,), dtype=float64)
[2026-03-18 08:55:48,637][anemoi.utils.checkpoints][INFO] - Saving supporting array `source1/latitudes` to archive/anemoi-metadata/source1/latitudes.numpy (shape=(7905,), dtype=float64)
[2026-03-18 08:55:48,637][anemoi.utils.checkpoints][INFO] - Saving supporting array `source1/longitudes` to archive/anemoi-metadata/source1/longitudes.numpy (shape=(7905,), dtype=float64)
[2026-03-18 08:55:48,637][anemoi.utils.checkpoints][INFO] - Saving supporting array `grid_indices` to archive/anemoi-metadata/grid_indices.numpy (shape=(27479,), dtype=int64)
[2026-03-18 08:55:48,743][anemoi.utils.checkpoints][INFO] - Adding extra information to checkpoint /mnt/weatherloss/WindPower/training/EGU26/VanillaPower/checkpoint/VanillaPower/inference-anemoi-by_epoch-epoch_011-step_156000.ckpt
[2026-03-18 08:55:48,743][anemoi.utils.checkpoints][INFO] - Saving metadata to inference-anemoi-by_epoch-epoch_011-step_156000/anemoi-metadata/anemoi.json
[2026-03-18 08:55:48,744][anemoi.utils.checkpoints][INFO] - Saving supporting array `latitudes` to inference-anemoi-by_epoch-epoch_011-step_156000/anemoi-metadata/latitudes.numpy (shape=(30844,), dtype=float64)
[2026-03-18 08:55:48,745][anemoi.utils.checkpoints][INFO] - Saving supporting array `longitudes` to inference-anemoi-by_epoch-epoch_011-step_156000/anemoi-metadata/longitudes.numpy (shape=(30844,), dtype=float64)
[2026-03-18 08:55:48,745][anemoi.utils.checkpoints][INFO] - Saving supporting array `lam_0/cutout_mask` to inference-anemoi-by_epoch-epoch_011-step_156000/anemoi-metadata/lam_0/cutout_mask.numpy (shape=(24444,), dtype=bool)
[2026-03-18 08:55:48,745][anemoi.utils.checkpoints][INFO] - Saving supporting array `global/cutout_mask` to inference-anemoi-by_epoch-epoch_011-step_156000/anemoi-metadata/global/cutout_mask.numpy (shape=(7905,), dtype=bool)
[2026-03-18 08:55:48,745][anemoi.utils.checkpoints][INFO] - Saving supporting array `source0/latitudes` to inference-anemoi-by_epoch-epoch_011-step_156000/anemoi-metadata/source0/latitudes.numpy (shape=(24444,), dtype=float64)
[2026-03-18 08:55:48,745][anemoi.utils.checkpoints][INFO] - Saving supporting array `source0/longitudes` to inference-anemoi-by_epoch-epoch_011-step_156000/anemoi-metadata/source0/longitudes.numpy (shape=(24444,), dtype=float64)
[2026-03-18 08:55:48,745][anemoi.utils.checkpoints][INFO] - Saving supporting array `source1/latitudes` to inference-anemoi-by_epoch-epoch_011-step_156000/anemoi-metadata/source1/latitudes.numpy (shape=(7905,), dtype=float64)
[2026-03-18 08:55:48,746][anemoi.utils.checkpoints][INFO] - Saving supporting array `source1/longitudes` to inference-anemoi-by_epoch-epoch_011-step_156000/anemoi-metadata/source1/longitudes.numpy (shape=(7905,), dtype=float64)
[2026-03-18 08:55:48,746][anemoi.utils.checkpoints][INFO] - Saving supporting array `grid_indices` to inference-anemoi-by_epoch-epoch_011-step_156000/anemoi-metadata/grid_indices.numpy (shape=(27479,), dtype=int64)
[2026-03-18 08:55:49,585][anemoi.utils.checkpoints][INFO] - Adding extra information to checkpoint /mnt/weatherloss/WindPower/training/EGU26/VanillaPower/checkpoint/VanillaPower/anemoi-by_epoch-epoch_011-step_156000.ckpt
[2026-03-18 08:55:49,585][anemoi.utils.checkpoints][INFO] - Saving metadata to archive/anemoi-metadata/anemoi.json
[2026-03-18 08:55:49,587][anemoi.utils.checkpoints][INFO] - Saving supporting array `latitudes` to archive/anemoi-metadata/latitudes.numpy (shape=(30844,), dtype=float64)
[2026-03-18 08:55:49,587][anemoi.utils.checkpoints][INFO] - Saving supporting array `longitudes` to archive/anemoi-metadata/longitudes.numpy (shape=(30844,), dtype=float64)
[2026-03-18 08:55:49,588][anemoi.utils.checkpoints][INFO] - Saving supporting array `lam_0/cutout_mask` to archive/anemoi-metadata/lam_0/cutout_mask.numpy (shape=(24444,), dtype=bool)
[2026-03-18 08:55:49,588][anemoi.utils.checkpoints][INFO] - Saving supporting array `global/cutout_mask` to archive/anemoi-metadata/global/cutout_mask.numpy (shape=(7905,), dtype=bool)
[2026-03-18 08:55:49,588][anemoi.utils.checkpoints][INFO] - Saving supporting array `source0/latitudes` to archive/anemoi-metadata/source0/latitudes.numpy (shape=(24444,), dtype=float64)
[2026-03-18 08:55:49,588][anemoi.utils.checkpoints][INFO] - Saving supporting array `source0/longitudes` to archive/anemoi-metadata/source0/longitudes.numpy (shape=(24444,), dtype=float64)
[2026-03-18 08:55:49,588][anemoi.utils.checkpoints][INFO] - Saving supporting array `source1/latitudes` to archive/anemoi-metadata/source1/latitudes.numpy (shape=(7905,), dtype=float64)
[2026-03-18 08:55:49,588][anemoi.utils.checkpoints][INFO] - Saving supporting array `source1/longitudes` to archive/anemoi-metadata/source1/longitudes.numpy (shape=(7905,), dtype=float64)
[2026-03-18 08:55:49,588][anemoi.utils.checkpoints][INFO] - Saving supporting array `grid_indices` to archive/anemoi-metadata/grid_indices.numpy (shape=(27479,), dtype=int64)
[2026-03-18 08:55:49,742][anemoi.utils.checkpoints][INFO] - Adding extra information to checkpoint /mnt/weatherloss/WindPower/training/EGU26/VanillaPower/checkpoint/VanillaPower/inference-last.ckpt
[2026-03-18 08:55:49,742][anemoi.utils.checkpoints][INFO] - Saving metadata to inference-last/anemoi-metadata/anemoi.json
[2026-03-18 08:55:49,744][anemoi.utils.checkpoints][INFO] - Saving supporting array `latitudes` to inference-last/anemoi-metadata/latitudes.numpy (shape=(30844,), dtype=float64)
[2026-03-18 08:55:49,744][anemoi.utils.checkpoints][INFO] - Saving supporting array `longitudes` to inference-last/anemoi-metadata/longitudes.numpy (shape=(30844,), dtype=float64)
[2026-03-18 08:55:49,745][anemoi.utils.checkpoints][INFO] - Saving supporting array `lam_0/cutout_mask` to inference-last/anemoi-metadata/lam_0/cutout_mask.numpy (shape=(24444,), dtype=bool)
[2026-03-18 08:55:49,745][anemoi.utils.checkpoints][INFO] - Saving supporting array `global/cutout_mask` to inference-last/anemoi-metadata/global/cutout_mask.numpy (shape=(7905,), dtype=bool)
[2026-03-18 08:55:49,745][anemoi.utils.checkpoints][INFO] - Saving supporting array `source0/latitudes` to inference-last/anemoi-metadata/source0/latitudes.numpy (shape=(24444,), dtype=float64)
[2026-03-18 08:55:49,745][anemoi.utils.checkpoints][INFO] - Saving supporting array `source0/longitudes` to inference-last/anemoi-metadata/source0/longitudes.numpy (shape=(24444,), dtype=float64)
[2026-03-18 08:55:49,745][anemoi.utils.checkpoints][INFO] - Saving supporting array `source1/latitudes` to inference-last/anemoi-metadata/source1/latitudes.numpy (shape=(7905,), dtype=float64)
[2026-03-18 08:55:49,746][anemoi.utils.checkpoints][INFO] - Saving supporting array `source1/longitudes` to inference-last/anemoi-metadata/source1/longitudes.numpy (shape=(7905,), dtype=float64)
[2026-03-18 08:55:49,746][anemoi.utils.checkpoints][INFO] - Saving supporting array `grid_indices` to inference-last/anemoi-metadata/grid_indices.numpy (shape=(27479,), dtype=int64)
[2026-03-18 08:55:50,714][anemoi.utils.checkpoints][INFO] - Adding extra information to checkpoint /mnt/weatherloss/WindPower/training/EGU26/VanillaPower/checkpoint/VanillaPower/last.ckpt
[2026-03-18 08:55:50,714][anemoi.utils.checkpoints][INFO] - Saving metadata to archive/anemoi-metadata/anemoi.json
[2026-03-18 08:55:50,716][anemoi.utils.checkpoints][INFO] - Saving supporting array `latitudes` to archive/anemoi-metadata/latitudes.numpy (shape=(30844,), dtype=float64)
[2026-03-18 08:55:50,716][anemoi.utils.checkpoints][INFO] - Saving supporting array `longitudes` to archive/anemoi-metadata/longitudes.numpy (shape=(30844,), dtype=float64)
[2026-03-18 08:55:50,716][anemoi.utils.checkpoints][INFO] - Saving supporting array `lam_0/cutout_mask` to archive/anemoi-metadata/lam_0/cutout_mask.numpy (shape=(24444,), dtype=bool)
[2026-03-18 08:55:50,716][anemoi.utils.checkpoints][INFO] - Saving supporting array `global/cutout_mask` to archive/anemoi-metadata/global/cutout_mask.numpy (shape=(7905,), dtype=bool)
[2026-03-18 08:55:50,716][anemoi.utils.checkpoints][INFO] - Saving supporting array `source0/latitudes` to archive/anemoi-metadata/source0/latitudes.numpy (shape=(24444,), dtype=float64)
[2026-03-18 08:55:50,717][anemoi.utils.checkpoints][INFO] - Saving supporting array `source0/longitudes` to archive/anemoi-metadata/source0/longitudes.numpy (shape=(24444,), dtype=float64)
[2026-03-18 08:55:50,717][anemoi.utils.checkpoints][INFO] - Saving supporting array `source1/latitudes` to archive/anemoi-metadata/source1/latitudes.numpy (shape=(7905,), dtype=float64)
[2026-03-18 08:55:50,717][anemoi.utils.checkpoints][INFO] - Saving supporting array `source1/longitudes` to archive/anemoi-metadata/source1/longitudes.numpy (shape=(7905,), dtype=float64)
[2026-03-18 08:55:50,717][anemoi.utils.checkpoints][INFO] - Saving supporting array `grid_indices` to archive/anemoi-metadata/grid_indices.numpy (shape=(27479,), dtype=int64)
