[2026-03-29 09:53:16,539][anemoi.training.train.train][INFO] - Skipping config validation.
[2026-03-29 09:53:16,539][anemoi.training.train.train][INFO] - Starting from checkpoint: True
[2026-03-29 09:53:16,539][anemoi.training.train.train][INFO] - Run id: TinyPower
[2026-03-29 09:53:16,539][anemoi.training.train.train][INFO] - Checkpoints path: {'root': PosixPath('/mnt/weatherloss/WindPower/training/EGU26/TinyPower/checkpoint/TinyPower'), 'every_n_epochs': 'anemoi-by_epoch-epoch_{epoch:03d}-step_{step:06d}', 'every_n_train_steps': 'anemoi-by_step-epoch_{epoch:03d}-step_{step:06d}', 'every_n_minutes': 'anemoi-by_time-epoch_{epoch:03d}-step_{step:06d}'}
[2026-03-29 09:53:16,540][anemoi.training.train.train][INFO] - Plots path: /mnt/weatherloss/WindPower/training/EGU26/TinyPower/plots/TinyPower
[2026-03-29 09:53:16,831][anemoi.graphs.nodes.builders.from_file][INFO] - Reading the dataset from {'cutout': [{'dataset': '/mnt/weatherloss/WindPower/data/EGU26/Anemoidatasets/Cerra_A.zarr'}, {'dataset': '/mnt/weatherloss/WindPower/data/EGU26/Anemoidatasets/era5_A2.zarr'}], 'min_distance_km': 0, 'adjust': 'all'}.
[2026-03-29 09:53:17,790][anemoi.graphs.generate.masks][INFO] - Fitting KNNAreaMaskBuilder with 24444 reference nodes from "data (cutout)".
[2026-03-29 09:53:33,168][anemoi.graphs.edges.builders.knn][INFO] - Using KNN-Edges (with 12 nearest neighbours) between data and hidden.
[2026-03-29 09:53:33,180][anemoi.graphs.edges.builders.base][WARNING] - The 'torch-cluster' library is not installed.
Installing 'torch-cluster' can significantly improve performance for graph creation.
You can install it using:
    TORCH_VERSION=$(python -c "import torch; print(torch.__version__)")
    pip install torch-cluster -f https://data.pyg.org/whl/torch-${TORCH_VERSION}.html

[2026-03-29 09:53:33,286][anemoi.graphs.edges.builders.cutoff][INFO] - Using CutOff-Edges (with radius = 15.0 km [direct]) between data and hidden.
[2026-03-29 09:53:33,287][anemoi.graphs.edges.builders.base][WARNING] - The 'torch-cluster' library is not installed.
Installing 'torch-cluster' can significantly improve performance for graph creation.
You can install it using:
    TORCH_VERSION=$(python -c "import torch; print(torch.__version__)")
    pip install torch-cluster -f https://data.pyg.org/whl/torch-${TORCH_VERSION}.html

[2026-03-29 09:54:14,012][anemoi.graphs.edges.builders.knn][INFO] - Using KNN-Edges (with 3 nearest neighbours) between hidden and data.
[2026-03-29 09:54:14,013][anemoi.graphs.edges.builders.base][WARNING] - The 'torch-cluster' library is not installed.
Installing 'torch-cluster' can significantly improve performance for graph creation.
You can install it using:
    TORCH_VERSION=$(python -c "import torch; print(torch.__version__)")
    pip install torch-cluster -f https://data.pyg.org/whl/torch-${TORCH_VERSION}.html

[2026-03-29 09:54:14,073][anemoi.graphs.create][INFO] - Cleaning graph.
[2026-03-29 09:54:14,073][anemoi.graphs.create][INFO] - _grid_reference_distance deleted from graph.
[2026-03-29 09:54:14,073][anemoi.graphs.create][INFO] - _dataset deleted from graph.
[2026-03-29 09:54:14,073][anemoi.graphs.create][INFO] - _grid_reference_distance deleted from graph.
[2026-03-29 09:54:14,073][anemoi.graphs.create][INFO] - _node_ordering deleted from graph.
[2026-03-29 09:54:14,073][anemoi.graphs.create][INFO] - _nx_graph deleted from graph.
[2026-03-29 09:54:14,073][anemoi.graphs.create][INFO] - _area_mask_builder deleted from graph.
[2026-03-29 09:54:14,073][anemoi.graphs.create][INFO] - _resolutions deleted from graph.
[2026-03-29 09:54:14,077][anemoi.graphs.processors.post_process][INFO] - Removing 79028 edges from ('data', 'to', 'hidden').
[2026-03-29 09:54:14,080][anemoi.graphs.processors.post_process][INFO] - Recomputing edge attribute edge_length.
[2026-03-29 09:54:14,082][anemoi.graphs.processors.post_process][INFO] - Recomputing edge attribute edge_dirs.
[2026-03-29 09:54:14,085][anemoi.graphs.processors.post_process][INFO] - Removing 3365 nodes from data.
[2026-03-29 09:54:14,102][anemoi.graphs.processors.post_process][INFO] - An attribute indices_connected_nodes has been added with the indices to mask the nodes from the original graph.
[2026-03-29 09:54:14,110][anemoi.graphs.create][INFO] - Graph saved at /mnt/weatherloss/WindPower/graphs/EGU26/EGUgraph15km.pt.
[2026-03-29 09:54:14,422][anemoi.training.data.datamodule][INFO] - Timeincrement set to 1 for data with frequency, 10800, and timestep, 10800
[2026-03-29 09:54:14,422][anemoi.training.data.grid_indices][INFO] - The graph attribute indices_connected_nodes of the data nodes will be used to masking the spatial dimension.
[2026-03-29 09:54:14,423][anemoi.training.train.train][INFO] - Number of data variables: 67
[2026-03-29 09:54:14,423][anemoi.training.train.train][INFO] - Variables: ['cos_julian_day', 'cos_latitude', 'cos_longitude', 'insolation', 'lsm', 'mcc', 'msl', 'q_1000', 'q_500', 'q_600', 'q_700', 'q_750', 'q_800', 'q_850', 'q_900', 'q_950', 'sin_julian_day', 'sin_latitude', 'sin_longitude', 't2m', 't_1000', 't_500', 't_600', 't_700', 't_750', 't_800', 't_850', 't_900', 't_950', 'u_1000', 'u_500', 'u_600', 'u_700', 'u_750', 'u_800', 'u_850', 'u_900', 'u_950', 'v_1000', 'v_500', 'v_600', 'v_700', 'v_750', 'v_800', 'v_850', 'v_900', 'v_950', 'wdir100_cos', 'wdir100_sin', 'wdir10_cos', 'wdir10_sin', 'ws10', 'ws100', 'z_1000', 'z_500', 'z_600', 'z_700', 'z_750', 'z_800', 'z_850', 'z_900', 'z_950', 'z_sfc', 'power', 'capacity', 'turbinecount', 'turbinemask']
[2026-03-29 09:54:14,423][anemoi.training.train.train][INFO] - Total number of prognostic variables: 55
[2026-03-29 09:54:14,423][anemoi.training.train.train][INFO] - Total number of auxiliary variables: 12
[2026-03-29 09:54:14,423][anemoi.training.train.train][INFO] - Total GPU count / model group size: 1 - NB: the learning rate will be scaled by this factor!
[2026-03-29 09:54:14,424][anemoi.training.train.train][INFO] - Effective learning rate: 8.000e-07
[2026-03-29 09:54:14,424][anemoi.training.train.train][INFO] - Training limits: max_epochs=20, max_steps=156000. Training will stop when either limit is reached first. Learning rate scheduler will run for 6000 steps.
[2026-03-29 09:54:14,683][anemoi.models.migrations.migrator][INFO] - Loading migration 1755530253_initial
[2026-03-29 09:54:14,683][anemoi.models.migrations.migrator][INFO] - Loading migration 1762857427_deprecate_eda
[2026-03-29 09:54:14,683][anemoi.models.migrations.migrator][INFO] - Loading migration 1762857428_chunking_fix
[2026-03-29 09:54:14,683][anemoi.models.migrations.migrator][INFO] - Loading migration 1763479917_hardware_schema_update
[2026-03-29 09:54:14,716][anemoi.training.train.train][INFO] - TensorBoard logger enabled
[2026-03-29 09:54:14,717][pytorch_lightning.utilities.rank_zero][INFO] - Using 16bit Automatic Mixed Precision (AMP)
[2026-03-29 09:54:14,724][pytorch_lightning.utilities.rank_zero][INFO] - GPU available: True (cuda), used: True
[2026-03-29 09:54:14,725][pytorch_lightning.utilities.rank_zero][INFO] - TPU available: False, using: 0 TPU cores
[2026-03-29 09:54:14,761][lightning_fabric.utilities.seed][INFO] - Seed set to 45565
[2026-03-29 09:54:14,762][anemoi.training.train.train][INFO] - Initial seed: Rank 0, initial seed 45565, running with random seed: 45565
[2026-03-29 09:54:16,427][anemoi.models.preprocessing.imputer][WARNING] - If placement of NaNs for diagnostic variables in inference output is desired, this needs to be handled by postprocessors: power
[2026-03-29 09:54:16,427][anemoi.models.preprocessing.imputer][INFO] - Imputer: replacing NaNs in power with value 0.0
[2026-03-29 09:54:16,427][anemoi.models.preprocessing.imputer][INFO] - Imputer: replacing NaNs in capacity with value 0.0
[2026-03-29 09:54:16,427][anemoi.models.preprocessing.imputer][INFO] - Imputer: replacing NaNs in turbinecount with value 0.0
[2026-03-29 09:54:16,427][anemoi.models.preprocessing.imputer][INFO] - Imputer: replacing NaNs in turbinemask with value 0.0
[2026-03-29 09:54:16,430][anemoi.models.preprocessing.normalizer][INFO] - Normalizing: cos_latitude is not normalized.
[2026-03-29 09:54:16,430][anemoi.models.preprocessing.normalizer][INFO] - Normalizing: cos_longitude is not normalized.
[2026-03-29 09:54:16,430][anemoi.models.preprocessing.normalizer][INFO] - Normalizing: lsm is not normalized.
[2026-03-29 09:54:16,430][anemoi.models.preprocessing.normalizer][INFO] - Normalizing: mcc is not normalized.
[2026-03-29 09:54:16,430][anemoi.models.preprocessing.normalizer][INFO] - Normalizing: sin_latitude is not normalized.
[2026-03-29 09:54:16,431][anemoi.models.preprocessing.normalizer][INFO] - Normalizing: sin_longitude is not normalized.
[2026-03-29 09:54:16,431][anemoi.models.preprocessing.normalizer][INFO] - Normalizing: turbinemask is not normalized.
[2026-03-29 09:54:16,510][anemoi.models.layers.utils][INFO] - Linear kernel: torch.nn.Linear.
[2026-03-29 09:54:16,511][anemoi.models.layers.utils][INFO] - LayerNorm kernel: torch.nn.LayerNorm.
[2026-03-29 09:54:16,512][anemoi.models.layers.utils][INFO] - Activation kernel: torch.nn.GELU.
[2026-03-29 09:54:16,512][anemoi.models.layers.utils][INFO] - QueryNorm kernel: anemoi.models.layers.normalization.AutocastLayerNorm.
[2026-03-29 09:54:16,513][anemoi.models.layers.utils][INFO] - KeyNorm kernel: anemoi.models.layers.normalization.AutocastLayerNorm.
[2026-03-29 09:54:16,527][anemoi.models.layers.block][INFO] - GraphTransformerMapperBlock using triton graph attention backend.
[2026-03-29 09:54:16,532][anemoi.models.layers.utils][INFO] - Linear kernel: torch.nn.Linear.
[2026-03-29 09:54:16,533][anemoi.models.layers.utils][INFO] - LayerNorm kernel: torch.nn.LayerNorm.
[2026-03-29 09:54:16,533][anemoi.models.layers.utils][INFO] - Activation kernel: torch.nn.GELU.
[2026-03-29 09:54:16,534][anemoi.models.layers.utils][INFO] - QueryNorm kernel: anemoi.models.layers.normalization.AutocastLayerNorm.
[2026-03-29 09:54:16,535][anemoi.models.layers.utils][INFO] - KeyNorm kernel: anemoi.models.layers.normalization.AutocastLayerNorm.
[2026-03-29 09:54:16,556][anemoi.models.layers.block][INFO] - GraphTransformerProcessorBlock using triton graph attention backend.
[2026-03-29 09:54:16,567][anemoi.models.layers.block][INFO] - GraphTransformerProcessorBlock using triton graph attention backend.
[2026-03-29 09:54:16,578][anemoi.models.layers.block][INFO] - GraphTransformerProcessorBlock using triton graph attention backend.
[2026-03-29 09:54:16,589][anemoi.models.layers.block][INFO] - GraphTransformerProcessorBlock using triton graph attention backend.
[2026-03-29 09:54:16,602][anemoi.models.layers.block][INFO] - GraphTransformerProcessorBlock using triton graph attention backend.
[2026-03-29 09:54:16,615][anemoi.models.layers.block][INFO] - GraphTransformerProcessorBlock using triton graph attention backend.
[2026-03-29 09:54:16,629][anemoi.models.layers.block][INFO] - GraphTransformerProcessorBlock using triton graph attention backend.
[2026-03-29 09:54:16,642][anemoi.models.layers.block][INFO] - GraphTransformerProcessorBlock using triton graph attention backend.
[2026-03-29 09:54:16,647][anemoi.models.layers.utils][INFO] - Linear kernel: torch.nn.Linear.
[2026-03-29 09:54:16,647][anemoi.models.layers.utils][INFO] - LayerNorm kernel: torch.nn.LayerNorm.
[2026-03-29 09:54:16,648][anemoi.models.layers.utils][INFO] - Activation kernel: torch.nn.GELU.
[2026-03-29 09:54:16,648][anemoi.models.layers.utils][INFO] - QueryNorm kernel: anemoi.models.layers.normalization.AutocastLayerNorm.
[2026-03-29 09:54:16,649][anemoi.models.layers.utils][INFO] - KeyNorm kernel: anemoi.models.layers.normalization.AutocastLayerNorm.
[2026-03-29 09:54:16,665][anemoi.models.layers.block][INFO] - GraphTransformerMapperBlock using triton graph attention backend.
[2026-03-29 09:54:16,787][anemoi.training.losses.scalers.variable_level][INFO] - Variable Level Scaling: Applying ReluVariableLevelScaler scaling to pl variables (['q', 't', 'u', 'v', 'z'])
[2026-03-29 09:54:16,787][anemoi.training.losses.scalers.variable_level][INFO] - with slope = 0.001 and y-intercept/minimum = 0.2.
[2026-03-29 09:54:16,870][anemoi.training.data.grid_indices][INFO] - The graph attribute indices_connected_nodes of the data nodes will be used to masking the spatial dimension.
[2026-03-29 09:54:16,871][anemoi.training.train.train][INFO] - The following submodules will NOT be trained: []
[2026-03-29 09:54:16,872][anemoi.training.train.train][INFO] - Resuming training from last checkpoint: /mnt/weatherloss/WindPower/training/EGU26/TinyPower/checkpoint/TinyPower/last.ckpt
[2026-03-29 09:54:16,955][lightning_fabric.utilities.distributed][INFO] - Initializing distributed: GLOBAL_RANK: 0, MEMBER: 1/1
[2026-03-29 09:54:17,106][pytorch_lightning.utilities.rank_zero][INFO] - ----------------------------------------------------------------------------------------------------
distributed_backend=nccl
All distributed processes registered. Starting with 1 processes
----------------------------------------------------------------------------------------------------

[2026-03-29 09:54:17,453][pytorch_lightning.utilities.rank_zero][INFO] - Restoring states from the checkpoint path at /mnt/weatherloss/WindPower/training/EGU26/TinyPower/checkpoint/TinyPower/last.ckpt
[2026-03-29 09:54:21,262][pytorch_lightning.accelerators.cuda][INFO] - LOCAL_RANK: 0 - CUDA_VISIBLE_DEVICES: [0]
[2026-03-29 09:54:21,444][lightning_fabric.utilities.seed][INFO] - [rank: 0] Seed set to 45565
[2026-03-29 09:54:29,468][pytorch_lightning.utilities.rank_zero][INFO] - Restored all states from the checkpoint at /mnt/weatherloss/WindPower/training/EGU26/TinyPower/checkpoint/TinyPower/last.ckpt
[2026-03-29 09:54:29,471][anemoi.training.data.dataset][INFO] - NativeGridDataset.set_group_info(): global_rank 0, model_comm_group_id 0, model_comm_group_rank 0, model_comm_num_groups 1, reader_group_rank 0
[2026-03-29 09:54:29,561][anemoi.training.data.dataset][INFO] - Worker 0 (pid 575322, global_rank 0, model comm group 0)  has low/high range 0 / 13265
[2026-03-29 09:54:29,670][anemoi.training.data.dataset][INFO] - Worker 1 (pid 575418, global_rank 0, model comm group 0)  has low/high range 13265 / 26530
[2026-03-29 09:54:29,995][anemoi.training.data.dataset][INFO] - NativeGridDataset.set_group_info(): global_rank 0, model_comm_group_id 0, model_comm_group_rank 0, model_comm_num_groups 1, reader_group_rank 0
[2026-03-29 09:54:29,995][anemoi.models.data_indices.collection][INFO] - The order of the variables in the model matches the order in the data.
[2026-03-29 09:57:27,457][anemoi.training.data.dataset][INFO] - Worker 0 (pid 576478, global_rank 0, model comm group 0)  has low/high range 0 / 721
[2026-03-29 09:57:27,473][anemoi.models.data_indices.collection][INFO] - The order of the variables in the model matches the order in the data.
[2026-03-29 09:57:27,564][anemoi.training.data.dataset][INFO] - Worker 1 (pid 576574, global_rank 0, model comm group 0)  has low/high range 721 / 1442
[2026-03-29 09:57:30,113][anemoi.utils.checkpoints][INFO] - Adding extra information to checkpoint /mnt/weatherloss/WindPower/training/EGU26/TinyPower/checkpoint/TinyPower/inference-anemoi-by_epoch-epoch_006-step_151001.ckpt
[2026-03-29 09:57:30,113][anemoi.utils.checkpoints][INFO] - Saving metadata to inference-anemoi-by_epoch-epoch_006-step_151001/anemoi-metadata/anemoi.json
[2026-03-29 09:57:30,115][anemoi.utils.checkpoints][INFO] - Saving supporting array `latitudes` to inference-anemoi-by_epoch-epoch_006-step_151001/anemoi-metadata/latitudes.numpy (shape=(30844,), dtype=float64)
[2026-03-29 09:57:30,115][anemoi.utils.checkpoints][INFO] - Saving supporting array `longitudes` to inference-anemoi-by_epoch-epoch_006-step_151001/anemoi-metadata/longitudes.numpy (shape=(30844,), dtype=float64)
[2026-03-29 09:57:30,115][anemoi.utils.checkpoints][INFO] - Saving supporting array `lam_0/cutout_mask` to inference-anemoi-by_epoch-epoch_006-step_151001/anemoi-metadata/lam_0/cutout_mask.numpy (shape=(24444,), dtype=bool)
[2026-03-29 09:57:30,115][anemoi.utils.checkpoints][INFO] - Saving supporting array `global/cutout_mask` to inference-anemoi-by_epoch-epoch_006-step_151001/anemoi-metadata/global/cutout_mask.numpy (shape=(7905,), dtype=bool)
[2026-03-29 09:57:30,115][anemoi.utils.checkpoints][INFO] - Saving supporting array `source0/latitudes` to inference-anemoi-by_epoch-epoch_006-step_151001/anemoi-metadata/source0/latitudes.numpy (shape=(24444,), dtype=float64)
[2026-03-29 09:57:30,115][anemoi.utils.checkpoints][INFO] - Saving supporting array `source0/longitudes` to inference-anemoi-by_epoch-epoch_006-step_151001/anemoi-metadata/source0/longitudes.numpy (shape=(24444,), dtype=float64)
[2026-03-29 09:57:30,116][anemoi.utils.checkpoints][INFO] - Saving supporting array `source1/latitudes` to inference-anemoi-by_epoch-epoch_006-step_151001/anemoi-metadata/source1/latitudes.numpy (shape=(7905,), dtype=float64)
[2026-03-29 09:57:30,116][anemoi.utils.checkpoints][INFO] - Saving supporting array `source1/longitudes` to inference-anemoi-by_epoch-epoch_006-step_151001/anemoi-metadata/source1/longitudes.numpy (shape=(7905,), dtype=float64)
[2026-03-29 09:57:30,116][anemoi.utils.checkpoints][INFO] - Saving supporting array `grid_indices` to inference-anemoi-by_epoch-epoch_006-step_151001/anemoi-metadata/grid_indices.numpy (shape=(27479,), dtype=int64)
[2026-03-29 09:57:31,193][anemoi.utils.checkpoints][INFO] - Adding extra information to checkpoint /mnt/weatherloss/WindPower/training/EGU26/TinyPower/checkpoint/TinyPower/anemoi-by_epoch-epoch_006-step_151001.ckpt
[2026-03-29 09:57:31,193][anemoi.utils.checkpoints][INFO] - Saving metadata to archive/anemoi-metadata/anemoi.json
[2026-03-29 09:57:31,194][anemoi.utils.checkpoints][INFO] - Saving supporting array `latitudes` to archive/anemoi-metadata/latitudes.numpy (shape=(30844,), dtype=float64)
[2026-03-29 09:57:31,195][anemoi.utils.checkpoints][INFO] - Saving supporting array `longitudes` to archive/anemoi-metadata/longitudes.numpy (shape=(30844,), dtype=float64)
[2026-03-29 09:57:31,195][anemoi.utils.checkpoints][INFO] - Saving supporting array `lam_0/cutout_mask` to archive/anemoi-metadata/lam_0/cutout_mask.numpy (shape=(24444,), dtype=bool)
[2026-03-29 09:57:31,195][anemoi.utils.checkpoints][INFO] - Saving supporting array `global/cutout_mask` to archive/anemoi-metadata/global/cutout_mask.numpy (shape=(7905,), dtype=bool)
[2026-03-29 09:57:31,195][anemoi.utils.checkpoints][INFO] - Saving supporting array `source0/latitudes` to archive/anemoi-metadata/source0/latitudes.numpy (shape=(24444,), dtype=float64)
[2026-03-29 09:57:31,195][anemoi.utils.checkpoints][INFO] - Saving supporting array `source0/longitudes` to archive/anemoi-metadata/source0/longitudes.numpy (shape=(24444,), dtype=float64)
[2026-03-29 09:57:31,195][anemoi.utils.checkpoints][INFO] - Saving supporting array `source1/latitudes` to archive/anemoi-metadata/source1/latitudes.numpy (shape=(7905,), dtype=float64)
[2026-03-29 09:57:31,195][anemoi.utils.checkpoints][INFO] - Saving supporting array `source1/longitudes` to archive/anemoi-metadata/source1/longitudes.numpy (shape=(7905,), dtype=float64)
[2026-03-29 09:57:31,195][anemoi.utils.checkpoints][INFO] - Saving supporting array `grid_indices` to archive/anemoi-metadata/grid_indices.numpy (shape=(27479,), dtype=int64)
[2026-03-29 09:57:31,345][anemoi.utils.checkpoints][INFO] - Adding extra information to checkpoint /mnt/weatherloss/WindPower/training/EGU26/TinyPower/checkpoint/TinyPower/inference-last.ckpt
[2026-03-29 09:57:31,345][anemoi.utils.checkpoints][INFO] - Saving metadata to inference-last/anemoi-metadata/anemoi.json
[2026-03-29 09:57:31,346][anemoi.utils.checkpoints][INFO] - Saving supporting array `latitudes` to inference-last/anemoi-metadata/latitudes.numpy (shape=(30844,), dtype=float64)
[2026-03-29 09:57:31,346][anemoi.utils.checkpoints][INFO] - Saving supporting array `longitudes` to inference-last/anemoi-metadata/longitudes.numpy (shape=(30844,), dtype=float64)
[2026-03-29 09:57:31,346][anemoi.utils.checkpoints][INFO] - Saving supporting array `lam_0/cutout_mask` to inference-last/anemoi-metadata/lam_0/cutout_mask.numpy (shape=(24444,), dtype=bool)
[2026-03-29 09:57:31,346][anemoi.utils.checkpoints][INFO] - Saving supporting array `global/cutout_mask` to inference-last/anemoi-metadata/global/cutout_mask.numpy (shape=(7905,), dtype=bool)
[2026-03-29 09:57:31,346][anemoi.utils.checkpoints][INFO] - Saving supporting array `source0/latitudes` to inference-last/anemoi-metadata/source0/latitudes.numpy (shape=(24444,), dtype=float64)
[2026-03-29 09:57:31,347][anemoi.utils.checkpoints][INFO] - Saving supporting array `source0/longitudes` to inference-last/anemoi-metadata/source0/longitudes.numpy (shape=(24444,), dtype=float64)
[2026-03-29 09:57:31,347][anemoi.utils.checkpoints][INFO] - Saving supporting array `source1/latitudes` to inference-last/anemoi-metadata/source1/latitudes.numpy (shape=(7905,), dtype=float64)
[2026-03-29 09:57:31,347][anemoi.utils.checkpoints][INFO] - Saving supporting array `source1/longitudes` to inference-last/anemoi-metadata/source1/longitudes.numpy (shape=(7905,), dtype=float64)
[2026-03-29 09:57:31,347][anemoi.utils.checkpoints][INFO] - Saving supporting array `grid_indices` to inference-last/anemoi-metadata/grid_indices.numpy (shape=(27479,), dtype=int64)
[2026-03-29 09:57:32,292][anemoi.utils.checkpoints][INFO] - Adding extra information to checkpoint /mnt/weatherloss/WindPower/training/EGU26/TinyPower/checkpoint/TinyPower/last.ckpt
[2026-03-29 09:57:32,292][anemoi.utils.checkpoints][INFO] - Saving metadata to archive/anemoi-metadata/anemoi.json
[2026-03-29 09:57:32,293][anemoi.utils.checkpoints][INFO] - Saving supporting array `latitudes` to archive/anemoi-metadata/latitudes.numpy (shape=(30844,), dtype=float64)
[2026-03-29 09:57:32,293][anemoi.utils.checkpoints][INFO] - Saving supporting array `longitudes` to archive/anemoi-metadata/longitudes.numpy (shape=(30844,), dtype=float64)
[2026-03-29 09:57:32,293][anemoi.utils.checkpoints][INFO] - Saving supporting array `lam_0/cutout_mask` to archive/anemoi-metadata/lam_0/cutout_mask.numpy (shape=(24444,), dtype=bool)
[2026-03-29 09:57:32,293][anemoi.utils.checkpoints][INFO] - Saving supporting array `global/cutout_mask` to archive/anemoi-metadata/global/cutout_mask.numpy (shape=(7905,), dtype=bool)
[2026-03-29 09:57:32,294][anemoi.utils.checkpoints][INFO] - Saving supporting array `source0/latitudes` to archive/anemoi-metadata/source0/latitudes.numpy (shape=(24444,), dtype=float64)
[2026-03-29 09:57:32,294][anemoi.utils.checkpoints][INFO] - Saving supporting array `source0/longitudes` to archive/anemoi-metadata/source0/longitudes.numpy (shape=(24444,), dtype=float64)
[2026-03-29 09:57:32,294][anemoi.utils.checkpoints][INFO] - Saving supporting array `source1/latitudes` to archive/anemoi-metadata/source1/latitudes.numpy (shape=(7905,), dtype=float64)
[2026-03-29 09:57:32,294][anemoi.utils.checkpoints][INFO] - Saving supporting array `source1/longitudes` to archive/anemoi-metadata/source1/longitudes.numpy (shape=(7905,), dtype=float64)
[2026-03-29 09:57:32,294][anemoi.utils.checkpoints][INFO] - Saving supporting array `grid_indices` to archive/anemoi-metadata/grid_indices.numpy (shape=(27479,), dtype=int64)
[2026-03-29 10:01:44,301][anemoi.models.data_indices.collection][INFO] - The order of the variables in the model matches the order in the data.
[2026-03-29 10:01:47,040][anemoi.utils.checkpoints][INFO] - Adding extra information to checkpoint /mnt/weatherloss/WindPower/training/EGU26/TinyPower/checkpoint/TinyPower/inference-anemoi-by_epoch-epoch_007-step_152001.ckpt
[2026-03-29 10:01:47,041][anemoi.utils.checkpoints][INFO] - Saving metadata to inference-anemoi-by_epoch-epoch_007-step_152001/anemoi-metadata/anemoi.json
[2026-03-29 10:01:47,042][anemoi.utils.checkpoints][INFO] - Saving supporting array `latitudes` to inference-anemoi-by_epoch-epoch_007-step_152001/anemoi-metadata/latitudes.numpy (shape=(30844,), dtype=float64)
[2026-03-29 10:01:47,043][anemoi.utils.checkpoints][INFO] - Saving supporting array `longitudes` to inference-anemoi-by_epoch-epoch_007-step_152001/anemoi-metadata/longitudes.numpy (shape=(30844,), dtype=float64)
[2026-03-29 10:01:47,043][anemoi.utils.checkpoints][INFO] - Saving supporting array `lam_0/cutout_mask` to inference-anemoi-by_epoch-epoch_007-step_152001/anemoi-metadata/lam_0/cutout_mask.numpy (shape=(24444,), dtype=bool)
[2026-03-29 10:01:47,044][anemoi.utils.checkpoints][INFO] - Saving supporting array `global/cutout_mask` to inference-anemoi-by_epoch-epoch_007-step_152001/anemoi-metadata/global/cutout_mask.numpy (shape=(7905,), dtype=bool)
[2026-03-29 10:01:47,044][anemoi.utils.checkpoints][INFO] - Saving supporting array `source0/latitudes` to inference-anemoi-by_epoch-epoch_007-step_152001/anemoi-metadata/source0/latitudes.numpy (shape=(24444,), dtype=float64)
[2026-03-29 10:01:47,044][anemoi.utils.checkpoints][INFO] - Saving supporting array `source0/longitudes` to inference-anemoi-by_epoch-epoch_007-step_152001/anemoi-metadata/source0/longitudes.numpy (shape=(24444,), dtype=float64)
[2026-03-29 10:01:47,044][anemoi.utils.checkpoints][INFO] - Saving supporting array `source1/latitudes` to inference-anemoi-by_epoch-epoch_007-step_152001/anemoi-metadata/source1/latitudes.numpy (shape=(7905,), dtype=float64)
[2026-03-29 10:01:47,044][anemoi.utils.checkpoints][INFO] - Saving supporting array `source1/longitudes` to inference-anemoi-by_epoch-epoch_007-step_152001/anemoi-metadata/source1/longitudes.numpy (shape=(7905,), dtype=float64)
[2026-03-29 10:01:47,044][anemoi.utils.checkpoints][INFO] - Saving supporting array `grid_indices` to inference-anemoi-by_epoch-epoch_007-step_152001/anemoi-metadata/grid_indices.numpy (shape=(27479,), dtype=int64)
[2026-03-29 10:01:47,995][anemoi.utils.checkpoints][INFO] - Adding extra information to checkpoint /mnt/weatherloss/WindPower/training/EGU26/TinyPower/checkpoint/TinyPower/anemoi-by_epoch-epoch_007-step_152001.ckpt
[2026-03-29 10:01:47,995][anemoi.utils.checkpoints][INFO] - Saving metadata to archive/anemoi-metadata/anemoi.json
[2026-03-29 10:01:47,997][anemoi.utils.checkpoints][INFO] - Saving supporting array `latitudes` to archive/anemoi-metadata/latitudes.numpy (shape=(30844,), dtype=float64)
[2026-03-29 10:01:47,997][anemoi.utils.checkpoints][INFO] - Saving supporting array `longitudes` to archive/anemoi-metadata/longitudes.numpy (shape=(30844,), dtype=float64)
[2026-03-29 10:01:47,997][anemoi.utils.checkpoints][INFO] - Saving supporting array `lam_0/cutout_mask` to archive/anemoi-metadata/lam_0/cutout_mask.numpy (shape=(24444,), dtype=bool)
[2026-03-29 10:01:47,997][anemoi.utils.checkpoints][INFO] - Saving supporting array `global/cutout_mask` to archive/anemoi-metadata/global/cutout_mask.numpy (shape=(7905,), dtype=bool)
[2026-03-29 10:01:47,997][anemoi.utils.checkpoints][INFO] - Saving supporting array `source0/latitudes` to archive/anemoi-metadata/source0/latitudes.numpy (shape=(24444,), dtype=float64)
[2026-03-29 10:01:47,998][anemoi.utils.checkpoints][INFO] - Saving supporting array `source0/longitudes` to archive/anemoi-metadata/source0/longitudes.numpy (shape=(24444,), dtype=float64)
[2026-03-29 10:01:47,998][anemoi.utils.checkpoints][INFO] - Saving supporting array `source1/latitudes` to archive/anemoi-metadata/source1/latitudes.numpy (shape=(7905,), dtype=float64)
[2026-03-29 10:01:47,998][anemoi.utils.checkpoints][INFO] - Saving supporting array `source1/longitudes` to archive/anemoi-metadata/source1/longitudes.numpy (shape=(7905,), dtype=float64)
[2026-03-29 10:01:47,998][anemoi.utils.checkpoints][INFO] - Saving supporting array `grid_indices` to archive/anemoi-metadata/grid_indices.numpy (shape=(27479,), dtype=int64)
[2026-03-29 10:01:48,186][anemoi.utils.checkpoints][INFO] - Adding extra information to checkpoint /mnt/weatherloss/WindPower/training/EGU26/TinyPower/checkpoint/TinyPower/inference-last.ckpt
[2026-03-29 10:01:48,186][anemoi.utils.checkpoints][INFO] - Saving metadata to inference-last/anemoi-metadata/anemoi.json
[2026-03-29 10:01:48,188][anemoi.utils.checkpoints][INFO] - Saving supporting array `latitudes` to inference-last/anemoi-metadata/latitudes.numpy (shape=(30844,), dtype=float64)
[2026-03-29 10:01:48,188][anemoi.utils.checkpoints][INFO] - Saving supporting array `longitudes` to inference-last/anemoi-metadata/longitudes.numpy (shape=(30844,), dtype=float64)
[2026-03-29 10:01:48,188][anemoi.utils.checkpoints][INFO] - Saving supporting array `lam_0/cutout_mask` to inference-last/anemoi-metadata/lam_0/cutout_mask.numpy (shape=(24444,), dtype=bool)
[2026-03-29 10:01:48,188][anemoi.utils.checkpoints][INFO] - Saving supporting array `global/cutout_mask` to inference-last/anemoi-metadata/global/cutout_mask.numpy (shape=(7905,), dtype=bool)
[2026-03-29 10:01:48,189][anemoi.utils.checkpoints][INFO] - Saving supporting array `source0/latitudes` to inference-last/anemoi-metadata/source0/latitudes.numpy (shape=(24444,), dtype=float64)
[2026-03-29 10:01:48,189][anemoi.utils.checkpoints][INFO] - Saving supporting array `source0/longitudes` to inference-last/anemoi-metadata/source0/longitudes.numpy (shape=(24444,), dtype=float64)
[2026-03-29 10:01:48,189][anemoi.utils.checkpoints][INFO] - Saving supporting array `source1/latitudes` to inference-last/anemoi-metadata/source1/latitudes.numpy (shape=(7905,), dtype=float64)
[2026-03-29 10:01:48,189][anemoi.utils.checkpoints][INFO] - Saving supporting array `source1/longitudes` to inference-last/anemoi-metadata/source1/longitudes.numpy (shape=(7905,), dtype=float64)
[2026-03-29 10:01:48,189][anemoi.utils.checkpoints][INFO] - Saving supporting array `grid_indices` to inference-last/anemoi-metadata/grid_indices.numpy (shape=(27479,), dtype=int64)
[2026-03-29 10:01:49,197][anemoi.utils.checkpoints][INFO] - Adding extra information to checkpoint /mnt/weatherloss/WindPower/training/EGU26/TinyPower/checkpoint/TinyPower/last.ckpt
[2026-03-29 10:01:49,197][anemoi.utils.checkpoints][INFO] - Saving metadata to archive/anemoi-metadata/anemoi.json
[2026-03-29 10:01:49,198][anemoi.utils.checkpoints][INFO] - Saving supporting array `latitudes` to archive/anemoi-metadata/latitudes.numpy (shape=(30844,), dtype=float64)
[2026-03-29 10:01:49,199][anemoi.utils.checkpoints][INFO] - Saving supporting array `longitudes` to archive/anemoi-metadata/longitudes.numpy (shape=(30844,), dtype=float64)
[2026-03-29 10:01:49,199][anemoi.utils.checkpoints][INFO] - Saving supporting array `lam_0/cutout_mask` to archive/anemoi-metadata/lam_0/cutout_mask.numpy (shape=(24444,), dtype=bool)
[2026-03-29 10:01:49,199][anemoi.utils.checkpoints][INFO] - Saving supporting array `global/cutout_mask` to archive/anemoi-metadata/global/cutout_mask.numpy (shape=(7905,), dtype=bool)
[2026-03-29 10:01:49,199][anemoi.utils.checkpoints][INFO] - Saving supporting array `source0/latitudes` to archive/anemoi-metadata/source0/latitudes.numpy (shape=(24444,), dtype=float64)
[2026-03-29 10:01:49,199][anemoi.utils.checkpoints][INFO] - Saving supporting array `source0/longitudes` to archive/anemoi-metadata/source0/longitudes.numpy (shape=(24444,), dtype=float64)
[2026-03-29 10:01:49,199][anemoi.utils.checkpoints][INFO] - Saving supporting array `source1/latitudes` to archive/anemoi-metadata/source1/latitudes.numpy (shape=(7905,), dtype=float64)
[2026-03-29 10:01:49,200][anemoi.utils.checkpoints][INFO] - Saving supporting array `source1/longitudes` to archive/anemoi-metadata/source1/longitudes.numpy (shape=(7905,), dtype=float64)
[2026-03-29 10:01:49,200][anemoi.utils.checkpoints][INFO] - Saving supporting array `grid_indices` to archive/anemoi-metadata/grid_indices.numpy (shape=(27479,), dtype=int64)
[2026-03-29 10:07:35,107][anemoi.models.data_indices.collection][INFO] - The order of the variables in the model matches the order in the data.
[2026-03-29 10:07:37,492][anemoi.utils.checkpoints][INFO] - Adding extra information to checkpoint /mnt/weatherloss/WindPower/training/EGU26/TinyPower/checkpoint/TinyPower/inference-anemoi-by_epoch-epoch_008-step_153001.ckpt
[2026-03-29 10:07:37,492][anemoi.utils.checkpoints][INFO] - Saving metadata to inference-anemoi-by_epoch-epoch_008-step_153001/anemoi-metadata/anemoi.json
[2026-03-29 10:07:37,494][anemoi.utils.checkpoints][INFO] - Saving supporting array `latitudes` to inference-anemoi-by_epoch-epoch_008-step_153001/anemoi-metadata/latitudes.numpy (shape=(30844,), dtype=float64)
[2026-03-29 10:07:37,494][anemoi.utils.checkpoints][INFO] - Saving supporting array `longitudes` to inference-anemoi-by_epoch-epoch_008-step_153001/anemoi-metadata/longitudes.numpy (shape=(30844,), dtype=float64)
[2026-03-29 10:07:37,494][anemoi.utils.checkpoints][INFO] - Saving supporting array `lam_0/cutout_mask` to inference-anemoi-by_epoch-epoch_008-step_153001/anemoi-metadata/lam_0/cutout_mask.numpy (shape=(24444,), dtype=bool)
[2026-03-29 10:07:37,494][anemoi.utils.checkpoints][INFO] - Saving supporting array `global/cutout_mask` to inference-anemoi-by_epoch-epoch_008-step_153001/anemoi-metadata/global/cutout_mask.numpy (shape=(7905,), dtype=bool)
[2026-03-29 10:07:37,494][anemoi.utils.checkpoints][INFO] - Saving supporting array `source0/latitudes` to inference-anemoi-by_epoch-epoch_008-step_153001/anemoi-metadata/source0/latitudes.numpy (shape=(24444,), dtype=float64)
[2026-03-29 10:07:37,495][anemoi.utils.checkpoints][INFO] - Saving supporting array `source0/longitudes` to inference-anemoi-by_epoch-epoch_008-step_153001/anemoi-metadata/source0/longitudes.numpy (shape=(24444,), dtype=float64)
[2026-03-29 10:07:37,495][anemoi.utils.checkpoints][INFO] - Saving supporting array `source1/latitudes` to inference-anemoi-by_epoch-epoch_008-step_153001/anemoi-metadata/source1/latitudes.numpy (shape=(7905,), dtype=float64)
[2026-03-29 10:07:37,495][anemoi.utils.checkpoints][INFO] - Saving supporting array `source1/longitudes` to inference-anemoi-by_epoch-epoch_008-step_153001/anemoi-metadata/source1/longitudes.numpy (shape=(7905,), dtype=float64)
[2026-03-29 10:07:37,495][anemoi.utils.checkpoints][INFO] - Saving supporting array `grid_indices` to inference-anemoi-by_epoch-epoch_008-step_153001/anemoi-metadata/grid_indices.numpy (shape=(27479,), dtype=int64)
[2026-03-29 10:07:38,564][anemoi.utils.checkpoints][INFO] - Adding extra information to checkpoint /mnt/weatherloss/WindPower/training/EGU26/TinyPower/checkpoint/TinyPower/anemoi-by_epoch-epoch_008-step_153001.ckpt
[2026-03-29 10:07:38,564][anemoi.utils.checkpoints][INFO] - Saving metadata to archive/anemoi-metadata/anemoi.json
[2026-03-29 10:07:38,566][anemoi.utils.checkpoints][INFO] - Saving supporting array `latitudes` to archive/anemoi-metadata/latitudes.numpy (shape=(30844,), dtype=float64)
[2026-03-29 10:07:38,566][anemoi.utils.checkpoints][INFO] - Saving supporting array `longitudes` to archive/anemoi-metadata/longitudes.numpy (shape=(30844,), dtype=float64)
[2026-03-29 10:07:38,566][anemoi.utils.checkpoints][INFO] - Saving supporting array `lam_0/cutout_mask` to archive/anemoi-metadata/lam_0/cutout_mask.numpy (shape=(24444,), dtype=bool)
[2026-03-29 10:07:38,567][anemoi.utils.checkpoints][INFO] - Saving supporting array `global/cutout_mask` to archive/anemoi-metadata/global/cutout_mask.numpy (shape=(7905,), dtype=bool)
[2026-03-29 10:07:38,567][anemoi.utils.checkpoints][INFO] - Saving supporting array `source0/latitudes` to archive/anemoi-metadata/source0/latitudes.numpy (shape=(24444,), dtype=float64)
[2026-03-29 10:07:38,567][anemoi.utils.checkpoints][INFO] - Saving supporting array `source0/longitudes` to archive/anemoi-metadata/source0/longitudes.numpy (shape=(24444,), dtype=float64)
[2026-03-29 10:07:38,567][anemoi.utils.checkpoints][INFO] - Saving supporting array `source1/latitudes` to archive/anemoi-metadata/source1/latitudes.numpy (shape=(7905,), dtype=float64)
[2026-03-29 10:07:38,567][anemoi.utils.checkpoints][INFO] - Saving supporting array `source1/longitudes` to archive/anemoi-metadata/source1/longitudes.numpy (shape=(7905,), dtype=float64)
[2026-03-29 10:07:38,567][anemoi.utils.checkpoints][INFO] - Saving supporting array `grid_indices` to archive/anemoi-metadata/grid_indices.numpy (shape=(27479,), dtype=int64)
[2026-03-29 10:07:38,778][anemoi.utils.checkpoints][INFO] - Adding extra information to checkpoint /mnt/weatherloss/WindPower/training/EGU26/TinyPower/checkpoint/TinyPower/inference-last.ckpt
[2026-03-29 10:07:38,778][anemoi.utils.checkpoints][INFO] - Saving metadata to inference-last/anemoi-metadata/anemoi.json
[2026-03-29 10:07:38,779][anemoi.utils.checkpoints][INFO] - Saving supporting array `latitudes` to inference-last/anemoi-metadata/latitudes.numpy (shape=(30844,), dtype=float64)
[2026-03-29 10:07:38,780][anemoi.utils.checkpoints][INFO] - Saving supporting array `longitudes` to inference-last/anemoi-metadata/longitudes.numpy (shape=(30844,), dtype=float64)
[2026-03-29 10:07:38,780][anemoi.utils.checkpoints][INFO] - Saving supporting array `lam_0/cutout_mask` to inference-last/anemoi-metadata/lam_0/cutout_mask.numpy (shape=(24444,), dtype=bool)
[2026-03-29 10:07:38,780][anemoi.utils.checkpoints][INFO] - Saving supporting array `global/cutout_mask` to inference-last/anemoi-metadata/global/cutout_mask.numpy (shape=(7905,), dtype=bool)
[2026-03-29 10:07:38,780][anemoi.utils.checkpoints][INFO] - Saving supporting array `source0/latitudes` to inference-last/anemoi-metadata/source0/latitudes.numpy (shape=(24444,), dtype=float64)
[2026-03-29 10:07:38,781][anemoi.utils.checkpoints][INFO] - Saving supporting array `source0/longitudes` to inference-last/anemoi-metadata/source0/longitudes.numpy (shape=(24444,), dtype=float64)
[2026-03-29 10:07:38,781][anemoi.utils.checkpoints][INFO] - Saving supporting array `source1/latitudes` to inference-last/anemoi-metadata/source1/latitudes.numpy (shape=(7905,), dtype=float64)
[2026-03-29 10:07:38,781][anemoi.utils.checkpoints][INFO] - Saving supporting array `source1/longitudes` to inference-last/anemoi-metadata/source1/longitudes.numpy (shape=(7905,), dtype=float64)
[2026-03-29 10:07:38,781][anemoi.utils.checkpoints][INFO] - Saving supporting array `grid_indices` to inference-last/anemoi-metadata/grid_indices.numpy (shape=(27479,), dtype=int64)
[2026-03-29 10:07:39,900][anemoi.utils.checkpoints][INFO] - Adding extra information to checkpoint /mnt/weatherloss/WindPower/training/EGU26/TinyPower/checkpoint/TinyPower/last.ckpt
[2026-03-29 10:07:39,900][anemoi.utils.checkpoints][INFO] - Saving metadata to archive/anemoi-metadata/anemoi.json
[2026-03-29 10:07:39,901][anemoi.utils.checkpoints][INFO] - Saving supporting array `latitudes` to archive/anemoi-metadata/latitudes.numpy (shape=(30844,), dtype=float64)
[2026-03-29 10:07:39,902][anemoi.utils.checkpoints][INFO] - Saving supporting array `longitudes` to archive/anemoi-metadata/longitudes.numpy (shape=(30844,), dtype=float64)
[2026-03-29 10:07:39,902][anemoi.utils.checkpoints][INFO] - Saving supporting array `lam_0/cutout_mask` to archive/anemoi-metadata/lam_0/cutout_mask.numpy (shape=(24444,), dtype=bool)
[2026-03-29 10:07:39,902][anemoi.utils.checkpoints][INFO] - Saving supporting array `global/cutout_mask` to archive/anemoi-metadata/global/cutout_mask.numpy (shape=(7905,), dtype=bool)
[2026-03-29 10:07:39,902][anemoi.utils.checkpoints][INFO] - Saving supporting array `source0/latitudes` to archive/anemoi-metadata/source0/latitudes.numpy (shape=(24444,), dtype=float64)
[2026-03-29 10:07:39,903][anemoi.utils.checkpoints][INFO] - Saving supporting array `source0/longitudes` to archive/anemoi-metadata/source0/longitudes.numpy (shape=(24444,), dtype=float64)
[2026-03-29 10:07:39,903][anemoi.utils.checkpoints][INFO] - Saving supporting array `source1/latitudes` to archive/anemoi-metadata/source1/latitudes.numpy (shape=(7905,), dtype=float64)
[2026-03-29 10:07:39,903][anemoi.utils.checkpoints][INFO] - Saving supporting array `source1/longitudes` to archive/anemoi-metadata/source1/longitudes.numpy (shape=(7905,), dtype=float64)
[2026-03-29 10:07:39,903][anemoi.utils.checkpoints][INFO] - Saving supporting array `grid_indices` to archive/anemoi-metadata/grid_indices.numpy (shape=(27479,), dtype=int64)
[2026-03-29 10:14:16,594][anemoi.models.data_indices.collection][INFO] - The order of the variables in the model matches the order in the data.
[2026-03-29 10:14:18,835][anemoi.utils.checkpoints][INFO] - Adding extra information to checkpoint /mnt/weatherloss/WindPower/training/EGU26/TinyPower/checkpoint/TinyPower/inference-anemoi-by_epoch-epoch_009-step_154001.ckpt
[2026-03-29 10:14:18,835][anemoi.utils.checkpoints][INFO] - Saving metadata to inference-anemoi-by_epoch-epoch_009-step_154001/anemoi-metadata/anemoi.json
[2026-03-29 10:14:18,836][anemoi.utils.checkpoints][INFO] - Saving supporting array `latitudes` to inference-anemoi-by_epoch-epoch_009-step_154001/anemoi-metadata/latitudes.numpy (shape=(30844,), dtype=float64)
[2026-03-29 10:14:18,836][anemoi.utils.checkpoints][INFO] - Saving supporting array `longitudes` to inference-anemoi-by_epoch-epoch_009-step_154001/anemoi-metadata/longitudes.numpy (shape=(30844,), dtype=float64)
[2026-03-29 10:14:18,836][anemoi.utils.checkpoints][INFO] - Saving supporting array `lam_0/cutout_mask` to inference-anemoi-by_epoch-epoch_009-step_154001/anemoi-metadata/lam_0/cutout_mask.numpy (shape=(24444,), dtype=bool)
[2026-03-29 10:14:18,837][anemoi.utils.checkpoints][INFO] - Saving supporting array `global/cutout_mask` to inference-anemoi-by_epoch-epoch_009-step_154001/anemoi-metadata/global/cutout_mask.numpy (shape=(7905,), dtype=bool)
[2026-03-29 10:14:18,837][anemoi.utils.checkpoints][INFO] - Saving supporting array `source0/latitudes` to inference-anemoi-by_epoch-epoch_009-step_154001/anemoi-metadata/source0/latitudes.numpy (shape=(24444,), dtype=float64)
[2026-03-29 10:14:18,837][anemoi.utils.checkpoints][INFO] - Saving supporting array `source0/longitudes` to inference-anemoi-by_epoch-epoch_009-step_154001/anemoi-metadata/source0/longitudes.numpy (shape=(24444,), dtype=float64)
[2026-03-29 10:14:18,837][anemoi.utils.checkpoints][INFO] - Saving supporting array `source1/latitudes` to inference-anemoi-by_epoch-epoch_009-step_154001/anemoi-metadata/source1/latitudes.numpy (shape=(7905,), dtype=float64)
[2026-03-29 10:14:18,837][anemoi.utils.checkpoints][INFO] - Saving supporting array `source1/longitudes` to inference-anemoi-by_epoch-epoch_009-step_154001/anemoi-metadata/source1/longitudes.numpy (shape=(7905,), dtype=float64)
[2026-03-29 10:14:18,837][anemoi.utils.checkpoints][INFO] - Saving supporting array `grid_indices` to inference-anemoi-by_epoch-epoch_009-step_154001/anemoi-metadata/grid_indices.numpy (shape=(27479,), dtype=int64)
[2026-03-29 10:14:19,730][anemoi.utils.checkpoints][INFO] - Adding extra information to checkpoint /mnt/weatherloss/WindPower/training/EGU26/TinyPower/checkpoint/TinyPower/anemoi-by_epoch-epoch_009-step_154001.ckpt
[2026-03-29 10:14:19,730][anemoi.utils.checkpoints][INFO] - Saving metadata to archive/anemoi-metadata/anemoi.json
[2026-03-29 10:14:19,732][anemoi.utils.checkpoints][INFO] - Saving supporting array `latitudes` to archive/anemoi-metadata/latitudes.numpy (shape=(30844,), dtype=float64)
[2026-03-29 10:14:19,732][anemoi.utils.checkpoints][INFO] - Saving supporting array `longitudes` to archive/anemoi-metadata/longitudes.numpy (shape=(30844,), dtype=float64)
[2026-03-29 10:14:19,732][anemoi.utils.checkpoints][INFO] - Saving supporting array `lam_0/cutout_mask` to archive/anemoi-metadata/lam_0/cutout_mask.numpy (shape=(24444,), dtype=bool)
[2026-03-29 10:14:19,732][anemoi.utils.checkpoints][INFO] - Saving supporting array `global/cutout_mask` to archive/anemoi-metadata/global/cutout_mask.numpy (shape=(7905,), dtype=bool)
[2026-03-29 10:14:19,732][anemoi.utils.checkpoints][INFO] - Saving supporting array `source0/latitudes` to archive/anemoi-metadata/source0/latitudes.numpy (shape=(24444,), dtype=float64)
[2026-03-29 10:14:19,733][anemoi.utils.checkpoints][INFO] - Saving supporting array `source0/longitudes` to archive/anemoi-metadata/source0/longitudes.numpy (shape=(24444,), dtype=float64)
[2026-03-29 10:14:19,733][anemoi.utils.checkpoints][INFO] - Saving supporting array `source1/latitudes` to archive/anemoi-metadata/source1/latitudes.numpy (shape=(7905,), dtype=float64)
[2026-03-29 10:14:19,733][anemoi.utils.checkpoints][INFO] - Saving supporting array `source1/longitudes` to archive/anemoi-metadata/source1/longitudes.numpy (shape=(7905,), dtype=float64)
[2026-03-29 10:14:19,733][anemoi.utils.checkpoints][INFO] - Saving supporting array `grid_indices` to archive/anemoi-metadata/grid_indices.numpy (shape=(27479,), dtype=int64)
[2026-03-29 10:14:19,889][anemoi.utils.checkpoints][INFO] - Adding extra information to checkpoint /mnt/weatherloss/WindPower/training/EGU26/TinyPower/checkpoint/TinyPower/inference-last.ckpt
[2026-03-29 10:14:19,889][anemoi.utils.checkpoints][INFO] - Saving metadata to inference-last/anemoi-metadata/anemoi.json
[2026-03-29 10:14:19,890][anemoi.utils.checkpoints][INFO] - Saving supporting array `latitudes` to inference-last/anemoi-metadata/latitudes.numpy (shape=(30844,), dtype=float64)
[2026-03-29 10:14:19,890][anemoi.utils.checkpoints][INFO] - Saving supporting array `longitudes` to inference-last/anemoi-metadata/longitudes.numpy (shape=(30844,), dtype=float64)
[2026-03-29 10:14:19,891][anemoi.utils.checkpoints][INFO] - Saving supporting array `lam_0/cutout_mask` to inference-last/anemoi-metadata/lam_0/cutout_mask.numpy (shape=(24444,), dtype=bool)
[2026-03-29 10:14:19,891][anemoi.utils.checkpoints][INFO] - Saving supporting array `global/cutout_mask` to inference-last/anemoi-metadata/global/cutout_mask.numpy (shape=(7905,), dtype=bool)
[2026-03-29 10:14:19,891][anemoi.utils.checkpoints][INFO] - Saving supporting array `source0/latitudes` to inference-last/anemoi-metadata/source0/latitudes.numpy (shape=(24444,), dtype=float64)
[2026-03-29 10:14:19,891][anemoi.utils.checkpoints][INFO] - Saving supporting array `source0/longitudes` to inference-last/anemoi-metadata/source0/longitudes.numpy (shape=(24444,), dtype=float64)
[2026-03-29 10:14:19,891][anemoi.utils.checkpoints][INFO] - Saving supporting array `source1/latitudes` to inference-last/anemoi-metadata/source1/latitudes.numpy (shape=(7905,), dtype=float64)
[2026-03-29 10:14:19,892][anemoi.utils.checkpoints][INFO] - Saving supporting array `source1/longitudes` to inference-last/anemoi-metadata/source1/longitudes.numpy (shape=(7905,), dtype=float64)
[2026-03-29 10:14:19,892][anemoi.utils.checkpoints][INFO] - Saving supporting array `grid_indices` to inference-last/anemoi-metadata/grid_indices.numpy (shape=(27479,), dtype=int64)
[2026-03-29 10:14:20,826][anemoi.utils.checkpoints][INFO] - Adding extra information to checkpoint /mnt/weatherloss/WindPower/training/EGU26/TinyPower/checkpoint/TinyPower/last.ckpt
[2026-03-29 10:14:20,827][anemoi.utils.checkpoints][INFO] - Saving metadata to archive/anemoi-metadata/anemoi.json
[2026-03-29 10:14:20,828][anemoi.utils.checkpoints][INFO] - Saving supporting array `latitudes` to archive/anemoi-metadata/latitudes.numpy (shape=(30844,), dtype=float64)
[2026-03-29 10:14:20,828][anemoi.utils.checkpoints][INFO] - Saving supporting array `longitudes` to archive/anemoi-metadata/longitudes.numpy (shape=(30844,), dtype=float64)
[2026-03-29 10:14:20,828][anemoi.utils.checkpoints][INFO] - Saving supporting array `lam_0/cutout_mask` to archive/anemoi-metadata/lam_0/cutout_mask.numpy (shape=(24444,), dtype=bool)
[2026-03-29 10:14:20,828][anemoi.utils.checkpoints][INFO] - Saving supporting array `global/cutout_mask` to archive/anemoi-metadata/global/cutout_mask.numpy (shape=(7905,), dtype=bool)
[2026-03-29 10:14:20,828][anemoi.utils.checkpoints][INFO] - Saving supporting array `source0/latitudes` to archive/anemoi-metadata/source0/latitudes.numpy (shape=(24444,), dtype=float64)
[2026-03-29 10:14:20,828][anemoi.utils.checkpoints][INFO] - Saving supporting array `source0/longitudes` to archive/anemoi-metadata/source0/longitudes.numpy (shape=(24444,), dtype=float64)
[2026-03-29 10:14:20,829][anemoi.utils.checkpoints][INFO] - Saving supporting array `source1/latitudes` to archive/anemoi-metadata/source1/latitudes.numpy (shape=(7905,), dtype=float64)
[2026-03-29 10:14:20,829][anemoi.utils.checkpoints][INFO] - Saving supporting array `source1/longitudes` to archive/anemoi-metadata/source1/longitudes.numpy (shape=(7905,), dtype=float64)
[2026-03-29 10:14:20,829][anemoi.utils.checkpoints][INFO] - Saving supporting array `grid_indices` to archive/anemoi-metadata/grid_indices.numpy (shape=(27479,), dtype=int64)
[2026-03-29 10:22:11,973][anemoi.models.data_indices.collection][INFO] - The order of the variables in the model matches the order in the data.
[2026-03-29 10:22:14,330][anemoi.utils.checkpoints][INFO] - Adding extra information to checkpoint /mnt/weatherloss/WindPower/training/EGU26/TinyPower/checkpoint/TinyPower/inference-anemoi-by_epoch-epoch_010-step_155001.ckpt
[2026-03-29 10:22:14,330][anemoi.utils.checkpoints][INFO] - Saving metadata to inference-anemoi-by_epoch-epoch_010-step_155001/anemoi-metadata/anemoi.json
[2026-03-29 10:22:14,332][anemoi.utils.checkpoints][INFO] - Saving supporting array `latitudes` to inference-anemoi-by_epoch-epoch_010-step_155001/anemoi-metadata/latitudes.numpy (shape=(30844,), dtype=float64)
[2026-03-29 10:22:14,332][anemoi.utils.checkpoints][INFO] - Saving supporting array `longitudes` to inference-anemoi-by_epoch-epoch_010-step_155001/anemoi-metadata/longitudes.numpy (shape=(30844,), dtype=float64)
[2026-03-29 10:22:14,332][anemoi.utils.checkpoints][INFO] - Saving supporting array `lam_0/cutout_mask` to inference-anemoi-by_epoch-epoch_010-step_155001/anemoi-metadata/lam_0/cutout_mask.numpy (shape=(24444,), dtype=bool)
[2026-03-29 10:22:14,332][anemoi.utils.checkpoints][INFO] - Saving supporting array `global/cutout_mask` to inference-anemoi-by_epoch-epoch_010-step_155001/anemoi-metadata/global/cutout_mask.numpy (shape=(7905,), dtype=bool)
[2026-03-29 10:22:14,332][anemoi.utils.checkpoints][INFO] - Saving supporting array `source0/latitudes` to inference-anemoi-by_epoch-epoch_010-step_155001/anemoi-metadata/source0/latitudes.numpy (shape=(24444,), dtype=float64)
[2026-03-29 10:22:14,333][anemoi.utils.checkpoints][INFO] - Saving supporting array `source0/longitudes` to inference-anemoi-by_epoch-epoch_010-step_155001/anemoi-metadata/source0/longitudes.numpy (shape=(24444,), dtype=float64)
[2026-03-29 10:22:14,333][anemoi.utils.checkpoints][INFO] - Saving supporting array `source1/latitudes` to inference-anemoi-by_epoch-epoch_010-step_155001/anemoi-metadata/source1/latitudes.numpy (shape=(7905,), dtype=float64)
[2026-03-29 10:22:14,333][anemoi.utils.checkpoints][INFO] - Saving supporting array `source1/longitudes` to inference-anemoi-by_epoch-epoch_010-step_155001/anemoi-metadata/source1/longitudes.numpy (shape=(7905,), dtype=float64)
[2026-03-29 10:22:14,333][anemoi.utils.checkpoints][INFO] - Saving supporting array `grid_indices` to inference-anemoi-by_epoch-epoch_010-step_155001/anemoi-metadata/grid_indices.numpy (shape=(27479,), dtype=int64)
[2026-03-29 10:22:16,076][anemoi.utils.checkpoints][INFO] - Adding extra information to checkpoint /mnt/weatherloss/WindPower/training/EGU26/TinyPower/checkpoint/TinyPower/anemoi-by_epoch-epoch_010-step_155001.ckpt
[2026-03-29 10:22:16,076][anemoi.utils.checkpoints][INFO] - Saving metadata to archive/anemoi-metadata/anemoi.json
[2026-03-29 10:22:16,078][anemoi.utils.checkpoints][INFO] - Saving supporting array `latitudes` to archive/anemoi-metadata/latitudes.numpy (shape=(30844,), dtype=float64)
[2026-03-29 10:22:16,078][anemoi.utils.checkpoints][INFO] - Saving supporting array `longitudes` to archive/anemoi-metadata/longitudes.numpy (shape=(30844,), dtype=float64)
[2026-03-29 10:22:16,079][anemoi.utils.checkpoints][INFO] - Saving supporting array `lam_0/cutout_mask` to archive/anemoi-metadata/lam_0/cutout_mask.numpy (shape=(24444,), dtype=bool)
[2026-03-29 10:22:16,079][anemoi.utils.checkpoints][INFO] - Saving supporting array `global/cutout_mask` to archive/anemoi-metadata/global/cutout_mask.numpy (shape=(7905,), dtype=bool)
[2026-03-29 10:22:16,079][anemoi.utils.checkpoints][INFO] - Saving supporting array `source0/latitudes` to archive/anemoi-metadata/source0/latitudes.numpy (shape=(24444,), dtype=float64)
[2026-03-29 10:22:16,079][anemoi.utils.checkpoints][INFO] - Saving supporting array `source0/longitudes` to archive/anemoi-metadata/source0/longitudes.numpy (shape=(24444,), dtype=float64)
[2026-03-29 10:22:16,079][anemoi.utils.checkpoints][INFO] - Saving supporting array `source1/latitudes` to archive/anemoi-metadata/source1/latitudes.numpy (shape=(7905,), dtype=float64)
[2026-03-29 10:22:16,080][anemoi.utils.checkpoints][INFO] - Saving supporting array `source1/longitudes` to archive/anemoi-metadata/source1/longitudes.numpy (shape=(7905,), dtype=float64)
[2026-03-29 10:22:16,080][anemoi.utils.checkpoints][INFO] - Saving supporting array `grid_indices` to archive/anemoi-metadata/grid_indices.numpy (shape=(27479,), dtype=int64)
[2026-03-29 10:22:16,270][anemoi.utils.checkpoints][INFO] - Adding extra information to checkpoint /mnt/weatherloss/WindPower/training/EGU26/TinyPower/checkpoint/TinyPower/inference-last.ckpt
[2026-03-29 10:22:16,270][anemoi.utils.checkpoints][INFO] - Saving metadata to inference-last/anemoi-metadata/anemoi.json
[2026-03-29 10:22:16,272][anemoi.utils.checkpoints][INFO] - Saving supporting array `latitudes` to inference-last/anemoi-metadata/latitudes.numpy (shape=(30844,), dtype=float64)
[2026-03-29 10:22:16,272][anemoi.utils.checkpoints][INFO] - Saving supporting array `longitudes` to inference-last/anemoi-metadata/longitudes.numpy (shape=(30844,), dtype=float64)
[2026-03-29 10:22:16,273][anemoi.utils.checkpoints][INFO] - Saving supporting array `lam_0/cutout_mask` to inference-last/anemoi-metadata/lam_0/cutout_mask.numpy (shape=(24444,), dtype=bool)
[2026-03-29 10:22:16,273][anemoi.utils.checkpoints][INFO] - Saving supporting array `global/cutout_mask` to inference-last/anemoi-metadata/global/cutout_mask.numpy (shape=(7905,), dtype=bool)
[2026-03-29 10:22:16,273][anemoi.utils.checkpoints][INFO] - Saving supporting array `source0/latitudes` to inference-last/anemoi-metadata/source0/latitudes.numpy (shape=(24444,), dtype=float64)
[2026-03-29 10:22:16,273][anemoi.utils.checkpoints][INFO] - Saving supporting array `source0/longitudes` to inference-last/anemoi-metadata/source0/longitudes.numpy (shape=(24444,), dtype=float64)
[2026-03-29 10:22:16,273][anemoi.utils.checkpoints][INFO] - Saving supporting array `source1/latitudes` to inference-last/anemoi-metadata/source1/latitudes.numpy (shape=(7905,), dtype=float64)
[2026-03-29 10:22:16,273][anemoi.utils.checkpoints][INFO] - Saving supporting array `source1/longitudes` to inference-last/anemoi-metadata/source1/longitudes.numpy (shape=(7905,), dtype=float64)
[2026-03-29 10:22:16,274][anemoi.utils.checkpoints][INFO] - Saving supporting array `grid_indices` to inference-last/anemoi-metadata/grid_indices.numpy (shape=(27479,), dtype=int64)
[2026-03-29 10:22:17,410][anemoi.utils.checkpoints][INFO] - Adding extra information to checkpoint /mnt/weatherloss/WindPower/training/EGU26/TinyPower/checkpoint/TinyPower/last.ckpt
[2026-03-29 10:22:17,410][anemoi.utils.checkpoints][INFO] - Saving metadata to archive/anemoi-metadata/anemoi.json
[2026-03-29 10:22:17,412][anemoi.utils.checkpoints][INFO] - Saving supporting array `latitudes` to archive/anemoi-metadata/latitudes.numpy (shape=(30844,), dtype=float64)
[2026-03-29 10:22:17,412][anemoi.utils.checkpoints][INFO] - Saving supporting array `longitudes` to archive/anemoi-metadata/longitudes.numpy (shape=(30844,), dtype=float64)
[2026-03-29 10:22:17,412][anemoi.utils.checkpoints][INFO] - Saving supporting array `lam_0/cutout_mask` to archive/anemoi-metadata/lam_0/cutout_mask.numpy (shape=(24444,), dtype=bool)
[2026-03-29 10:22:17,413][anemoi.utils.checkpoints][INFO] - Saving supporting array `global/cutout_mask` to archive/anemoi-metadata/global/cutout_mask.numpy (shape=(7905,), dtype=bool)
[2026-03-29 10:22:17,413][anemoi.utils.checkpoints][INFO] - Saving supporting array `source0/latitudes` to archive/anemoi-metadata/source0/latitudes.numpy (shape=(24444,), dtype=float64)
[2026-03-29 10:22:17,413][anemoi.utils.checkpoints][INFO] - Saving supporting array `source0/longitudes` to archive/anemoi-metadata/source0/longitudes.numpy (shape=(24444,), dtype=float64)
[2026-03-29 10:22:17,413][anemoi.utils.checkpoints][INFO] - Saving supporting array `source1/latitudes` to archive/anemoi-metadata/source1/latitudes.numpy (shape=(7905,), dtype=float64)
[2026-03-29 10:22:17,413][anemoi.utils.checkpoints][INFO] - Saving supporting array `source1/longitudes` to archive/anemoi-metadata/source1/longitudes.numpy (shape=(7905,), dtype=float64)
[2026-03-29 10:22:17,413][anemoi.utils.checkpoints][INFO] - Saving supporting array `grid_indices` to archive/anemoi-metadata/grid_indices.numpy (shape=(27479,), dtype=int64)
[2026-03-29 10:31:24,817][pytorch_lightning.utilities.rank_zero][INFO] - `Trainer.fit` stopped: `max_steps=156000` reached.
[2026-03-29 10:31:24,938][anemoi.utils.checkpoints][INFO] - Adding extra information to checkpoint /mnt/weatherloss/WindPower/training/EGU26/TinyPower/checkpoint/TinyPower/inference-anemoi-by_time-epoch_011-step_156000.ckpt
[2026-03-29 10:31:24,939][anemoi.utils.checkpoints][INFO] - Saving metadata to inference-anemoi-by_time-epoch_011-step_156000/anemoi-metadata/anemoi.json
[2026-03-29 10:31:24,940][anemoi.utils.checkpoints][INFO] - Saving supporting array `latitudes` to inference-anemoi-by_time-epoch_011-step_156000/anemoi-metadata/latitudes.numpy (shape=(30844,), dtype=float64)
[2026-03-29 10:31:24,940][anemoi.utils.checkpoints][INFO] - Saving supporting array `longitudes` to inference-anemoi-by_time-epoch_011-step_156000/anemoi-metadata/longitudes.numpy (shape=(30844,), dtype=float64)
[2026-03-29 10:31:24,941][anemoi.utils.checkpoints][INFO] - Saving supporting array `lam_0/cutout_mask` to inference-anemoi-by_time-epoch_011-step_156000/anemoi-metadata/lam_0/cutout_mask.numpy (shape=(24444,), dtype=bool)
[2026-03-29 10:31:24,941][anemoi.utils.checkpoints][INFO] - Saving supporting array `global/cutout_mask` to inference-anemoi-by_time-epoch_011-step_156000/anemoi-metadata/global/cutout_mask.numpy (shape=(7905,), dtype=bool)
[2026-03-29 10:31:24,941][anemoi.utils.checkpoints][INFO] - Saving supporting array `source0/latitudes` to inference-anemoi-by_time-epoch_011-step_156000/anemoi-metadata/source0/latitudes.numpy (shape=(24444,), dtype=float64)
[2026-03-29 10:31:24,941][anemoi.utils.checkpoints][INFO] - Saving supporting array `source0/longitudes` to inference-anemoi-by_time-epoch_011-step_156000/anemoi-metadata/source0/longitudes.numpy (shape=(24444,), dtype=float64)
[2026-03-29 10:31:24,941][anemoi.utils.checkpoints][INFO] - Saving supporting array `source1/latitudes` to inference-anemoi-by_time-epoch_011-step_156000/anemoi-metadata/source1/latitudes.numpy (shape=(7905,), dtype=float64)
[2026-03-29 10:31:24,941][anemoi.utils.checkpoints][INFO] - Saving supporting array `source1/longitudes` to inference-anemoi-by_time-epoch_011-step_156000/anemoi-metadata/source1/longitudes.numpy (shape=(7905,), dtype=float64)
[2026-03-29 10:31:24,941][anemoi.utils.checkpoints][INFO] - Saving supporting array `grid_indices` to inference-anemoi-by_time-epoch_011-step_156000/anemoi-metadata/grid_indices.numpy (shape=(27479,), dtype=int64)
[2026-03-29 10:31:26,216][anemoi.utils.checkpoints][INFO] - Adding extra information to checkpoint /mnt/weatherloss/WindPower/training/EGU26/TinyPower/checkpoint/TinyPower/anemoi-by_time-epoch_011-step_156000.ckpt
[2026-03-29 10:31:26,216][anemoi.utils.checkpoints][INFO] - Saving metadata to archive/anemoi-metadata/anemoi.json
[2026-03-29 10:31:26,217][anemoi.utils.checkpoints][INFO] - Saving supporting array `latitudes` to archive/anemoi-metadata/latitudes.numpy (shape=(30844,), dtype=float64)
[2026-03-29 10:31:26,218][anemoi.utils.checkpoints][INFO] - Saving supporting array `longitudes` to archive/anemoi-metadata/longitudes.numpy (shape=(30844,), dtype=float64)
[2026-03-29 10:31:26,218][anemoi.utils.checkpoints][INFO] - Saving supporting array `lam_0/cutout_mask` to archive/anemoi-metadata/lam_0/cutout_mask.numpy (shape=(24444,), dtype=bool)
[2026-03-29 10:31:26,218][anemoi.utils.checkpoints][INFO] - Saving supporting array `global/cutout_mask` to archive/anemoi-metadata/global/cutout_mask.numpy (shape=(7905,), dtype=bool)
[2026-03-29 10:31:26,218][anemoi.utils.checkpoints][INFO] - Saving supporting array `source0/latitudes` to archive/anemoi-metadata/source0/latitudes.numpy (shape=(24444,), dtype=float64)
[2026-03-29 10:31:26,218][anemoi.utils.checkpoints][INFO] - Saving supporting array `source0/longitudes` to archive/anemoi-metadata/source0/longitudes.numpy (shape=(24444,), dtype=float64)
[2026-03-29 10:31:26,219][anemoi.utils.checkpoints][INFO] - Saving supporting array `source1/latitudes` to archive/anemoi-metadata/source1/latitudes.numpy (shape=(7905,), dtype=float64)
[2026-03-29 10:31:26,219][anemoi.utils.checkpoints][INFO] - Saving supporting array `source1/longitudes` to archive/anemoi-metadata/source1/longitudes.numpy (shape=(7905,), dtype=float64)
[2026-03-29 10:31:26,219][anemoi.utils.checkpoints][INFO] - Saving supporting array `grid_indices` to archive/anemoi-metadata/grid_indices.numpy (shape=(27479,), dtype=int64)
[2026-03-29 10:31:26,381][anemoi.utils.checkpoints][INFO] - Adding extra information to checkpoint /mnt/weatherloss/WindPower/training/EGU26/TinyPower/checkpoint/TinyPower/inference-last.ckpt
[2026-03-29 10:31:26,381][anemoi.utils.checkpoints][INFO] - Saving metadata to inference-last/anemoi-metadata/anemoi.json
[2026-03-29 10:31:26,382][anemoi.utils.checkpoints][INFO] - Saving supporting array `latitudes` to inference-last/anemoi-metadata/latitudes.numpy (shape=(30844,), dtype=float64)
[2026-03-29 10:31:26,383][anemoi.utils.checkpoints][INFO] - Saving supporting array `longitudes` to inference-last/anemoi-metadata/longitudes.numpy (shape=(30844,), dtype=float64)
[2026-03-29 10:31:26,383][anemoi.utils.checkpoints][INFO] - Saving supporting array `lam_0/cutout_mask` to inference-last/anemoi-metadata/lam_0/cutout_mask.numpy (shape=(24444,), dtype=bool)
[2026-03-29 10:31:26,383][anemoi.utils.checkpoints][INFO] - Saving supporting array `global/cutout_mask` to inference-last/anemoi-metadata/global/cutout_mask.numpy (shape=(7905,), dtype=bool)
[2026-03-29 10:31:26,383][anemoi.utils.checkpoints][INFO] - Saving supporting array `source0/latitudes` to inference-last/anemoi-metadata/source0/latitudes.numpy (shape=(24444,), dtype=float64)
[2026-03-29 10:31:26,383][anemoi.utils.checkpoints][INFO] - Saving supporting array `source0/longitudes` to inference-last/anemoi-metadata/source0/longitudes.numpy (shape=(24444,), dtype=float64)
[2026-03-29 10:31:26,383][anemoi.utils.checkpoints][INFO] - Saving supporting array `source1/latitudes` to inference-last/anemoi-metadata/source1/latitudes.numpy (shape=(7905,), dtype=float64)
[2026-03-29 10:31:26,383][anemoi.utils.checkpoints][INFO] - Saving supporting array `source1/longitudes` to inference-last/anemoi-metadata/source1/longitudes.numpy (shape=(7905,), dtype=float64)
[2026-03-29 10:31:26,384][anemoi.utils.checkpoints][INFO] - Saving supporting array `grid_indices` to inference-last/anemoi-metadata/grid_indices.numpy (shape=(27479,), dtype=int64)
[2026-03-29 10:31:27,376][anemoi.utils.checkpoints][INFO] - Adding extra information to checkpoint /mnt/weatherloss/WindPower/training/EGU26/TinyPower/checkpoint/TinyPower/last.ckpt
[2026-03-29 10:31:27,376][anemoi.utils.checkpoints][INFO] - Saving metadata to archive/anemoi-metadata/anemoi.json
[2026-03-29 10:31:27,378][anemoi.utils.checkpoints][INFO] - Saving supporting array `latitudes` to archive/anemoi-metadata/latitudes.numpy (shape=(30844,), dtype=float64)
[2026-03-29 10:31:27,378][anemoi.utils.checkpoints][INFO] - Saving supporting array `longitudes` to archive/anemoi-metadata/longitudes.numpy (shape=(30844,), dtype=float64)
[2026-03-29 10:31:27,378][anemoi.utils.checkpoints][INFO] - Saving supporting array `lam_0/cutout_mask` to archive/anemoi-metadata/lam_0/cutout_mask.numpy (shape=(24444,), dtype=bool)
[2026-03-29 10:31:27,378][anemoi.utils.checkpoints][INFO] - Saving supporting array `global/cutout_mask` to archive/anemoi-metadata/global/cutout_mask.numpy (shape=(7905,), dtype=bool)
[2026-03-29 10:31:27,378][anemoi.utils.checkpoints][INFO] - Saving supporting array `source0/latitudes` to archive/anemoi-metadata/source0/latitudes.numpy (shape=(24444,), dtype=float64)
[2026-03-29 10:31:27,379][anemoi.utils.checkpoints][INFO] - Saving supporting array `source0/longitudes` to archive/anemoi-metadata/source0/longitudes.numpy (shape=(24444,), dtype=float64)
[2026-03-29 10:31:27,379][anemoi.utils.checkpoints][INFO] - Saving supporting array `source1/latitudes` to archive/anemoi-metadata/source1/latitudes.numpy (shape=(7905,), dtype=float64)
[2026-03-29 10:31:27,379][anemoi.utils.checkpoints][INFO] - Saving supporting array `source1/longitudes` to archive/anemoi-metadata/source1/longitudes.numpy (shape=(7905,), dtype=float64)
[2026-03-29 10:31:27,379][anemoi.utils.checkpoints][INFO] - Saving supporting array `grid_indices` to archive/anemoi-metadata/grid_indices.numpy (shape=(27479,), dtype=int64)
[2026-03-29 10:31:27,514][anemoi.utils.checkpoints][INFO] - Adding extra information to checkpoint /mnt/weatherloss/WindPower/training/EGU26/TinyPower/checkpoint/TinyPower/inference-anemoi-by_epoch-epoch_011-step_156000.ckpt
[2026-03-29 10:31:27,514][anemoi.utils.checkpoints][INFO] - Saving metadata to inference-anemoi-by_epoch-epoch_011-step_156000/anemoi-metadata/anemoi.json
[2026-03-29 10:31:27,516][anemoi.utils.checkpoints][INFO] - Saving supporting array `latitudes` to inference-anemoi-by_epoch-epoch_011-step_156000/anemoi-metadata/latitudes.numpy (shape=(30844,), dtype=float64)
[2026-03-29 10:31:27,517][anemoi.utils.checkpoints][INFO] - Saving supporting array `longitudes` to inference-anemoi-by_epoch-epoch_011-step_156000/anemoi-metadata/longitudes.numpy (shape=(30844,), dtype=float64)
[2026-03-29 10:31:27,517][anemoi.utils.checkpoints][INFO] - Saving supporting array `lam_0/cutout_mask` to inference-anemoi-by_epoch-epoch_011-step_156000/anemoi-metadata/lam_0/cutout_mask.numpy (shape=(24444,), dtype=bool)
[2026-03-29 10:31:27,517][anemoi.utils.checkpoints][INFO] - Saving supporting array `global/cutout_mask` to inference-anemoi-by_epoch-epoch_011-step_156000/anemoi-metadata/global/cutout_mask.numpy (shape=(7905,), dtype=bool)
[2026-03-29 10:31:27,517][anemoi.utils.checkpoints][INFO] - Saving supporting array `source0/latitudes` to inference-anemoi-by_epoch-epoch_011-step_156000/anemoi-metadata/source0/latitudes.numpy (shape=(24444,), dtype=float64)
[2026-03-29 10:31:27,517][anemoi.utils.checkpoints][INFO] - Saving supporting array `source0/longitudes` to inference-anemoi-by_epoch-epoch_011-step_156000/anemoi-metadata/source0/longitudes.numpy (shape=(24444,), dtype=float64)
[2026-03-29 10:31:27,518][anemoi.utils.checkpoints][INFO] - Saving supporting array `source1/latitudes` to inference-anemoi-by_epoch-epoch_011-step_156000/anemoi-metadata/source1/latitudes.numpy (shape=(7905,), dtype=float64)
[2026-03-29 10:31:27,518][anemoi.utils.checkpoints][INFO] - Saving supporting array `source1/longitudes` to inference-anemoi-by_epoch-epoch_011-step_156000/anemoi-metadata/source1/longitudes.numpy (shape=(7905,), dtype=float64)
[2026-03-29 10:31:27,518][anemoi.utils.checkpoints][INFO] - Saving supporting array `grid_indices` to inference-anemoi-by_epoch-epoch_011-step_156000/anemoi-metadata/grid_indices.numpy (shape=(27479,), dtype=int64)
[2026-03-29 10:31:28,718][anemoi.utils.checkpoints][INFO] - Adding extra information to checkpoint /mnt/weatherloss/WindPower/training/EGU26/TinyPower/checkpoint/TinyPower/anemoi-by_epoch-epoch_011-step_156000.ckpt
[2026-03-29 10:31:28,718][anemoi.utils.checkpoints][INFO] - Saving metadata to archive/anemoi-metadata/anemoi.json
[2026-03-29 10:31:28,720][anemoi.utils.checkpoints][INFO] - Saving supporting array `latitudes` to archive/anemoi-metadata/latitudes.numpy (shape=(30844,), dtype=float64)
[2026-03-29 10:31:28,720][anemoi.utils.checkpoints][INFO] - Saving supporting array `longitudes` to archive/anemoi-metadata/longitudes.numpy (shape=(30844,), dtype=float64)
[2026-03-29 10:31:28,720][anemoi.utils.checkpoints][INFO] - Saving supporting array `lam_0/cutout_mask` to archive/anemoi-metadata/lam_0/cutout_mask.numpy (shape=(24444,), dtype=bool)
[2026-03-29 10:31:28,720][anemoi.utils.checkpoints][INFO] - Saving supporting array `global/cutout_mask` to archive/anemoi-metadata/global/cutout_mask.numpy (shape=(7905,), dtype=bool)
[2026-03-29 10:31:28,720][anemoi.utils.checkpoints][INFO] - Saving supporting array `source0/latitudes` to archive/anemoi-metadata/source0/latitudes.numpy (shape=(24444,), dtype=float64)
[2026-03-29 10:31:28,721][anemoi.utils.checkpoints][INFO] - Saving supporting array `source0/longitudes` to archive/anemoi-metadata/source0/longitudes.numpy (shape=(24444,), dtype=float64)
[2026-03-29 10:31:28,721][anemoi.utils.checkpoints][INFO] - Saving supporting array `source1/latitudes` to archive/anemoi-metadata/source1/latitudes.numpy (shape=(7905,), dtype=float64)
[2026-03-29 10:31:28,721][anemoi.utils.checkpoints][INFO] - Saving supporting array `source1/longitudes` to archive/anemoi-metadata/source1/longitudes.numpy (shape=(7905,), dtype=float64)
[2026-03-29 10:31:28,721][anemoi.utils.checkpoints][INFO] - Saving supporting array `grid_indices` to archive/anemoi-metadata/grid_indices.numpy (shape=(27479,), dtype=int64)
[2026-03-29 10:31:28,916][anemoi.utils.checkpoints][INFO] - Adding extra information to checkpoint /mnt/weatherloss/WindPower/training/EGU26/TinyPower/checkpoint/TinyPower/inference-last.ckpt
[2026-03-29 10:31:28,917][anemoi.utils.checkpoints][INFO] - Saving metadata to inference-last/anemoi-metadata/anemoi.json
[2026-03-29 10:31:28,918][anemoi.utils.checkpoints][INFO] - Saving supporting array `latitudes` to inference-last/anemoi-metadata/latitudes.numpy (shape=(30844,), dtype=float64)
[2026-03-29 10:31:28,919][anemoi.utils.checkpoints][INFO] - Saving supporting array `longitudes` to inference-last/anemoi-metadata/longitudes.numpy (shape=(30844,), dtype=float64)
[2026-03-29 10:31:28,919][anemoi.utils.checkpoints][INFO] - Saving supporting array `lam_0/cutout_mask` to inference-last/anemoi-metadata/lam_0/cutout_mask.numpy (shape=(24444,), dtype=bool)
[2026-03-29 10:31:28,919][anemoi.utils.checkpoints][INFO] - Saving supporting array `global/cutout_mask` to inference-last/anemoi-metadata/global/cutout_mask.numpy (shape=(7905,), dtype=bool)
[2026-03-29 10:31:28,919][anemoi.utils.checkpoints][INFO] - Saving supporting array `source0/latitudes` to inference-last/anemoi-metadata/source0/latitudes.numpy (shape=(24444,), dtype=float64)
[2026-03-29 10:31:28,919][anemoi.utils.checkpoints][INFO] - Saving supporting array `source0/longitudes` to inference-last/anemoi-metadata/source0/longitudes.numpy (shape=(24444,), dtype=float64)
[2026-03-29 10:31:28,920][anemoi.utils.checkpoints][INFO] - Saving supporting array `source1/latitudes` to inference-last/anemoi-metadata/source1/latitudes.numpy (shape=(7905,), dtype=float64)
[2026-03-29 10:31:28,920][anemoi.utils.checkpoints][INFO] - Saving supporting array `source1/longitudes` to inference-last/anemoi-metadata/source1/longitudes.numpy (shape=(7905,), dtype=float64)
[2026-03-29 10:31:28,920][anemoi.utils.checkpoints][INFO] - Saving supporting array `grid_indices` to inference-last/anemoi-metadata/grid_indices.numpy (shape=(27479,), dtype=int64)
[2026-03-29 10:31:30,080][anemoi.utils.checkpoints][INFO] - Adding extra information to checkpoint /mnt/weatherloss/WindPower/training/EGU26/TinyPower/checkpoint/TinyPower/last.ckpt
[2026-03-29 10:31:30,080][anemoi.utils.checkpoints][INFO] - Saving metadata to archive/anemoi-metadata/anemoi.json
[2026-03-29 10:31:30,082][anemoi.utils.checkpoints][INFO] - Saving supporting array `latitudes` to archive/anemoi-metadata/latitudes.numpy (shape=(30844,), dtype=float64)
[2026-03-29 10:31:30,082][anemoi.utils.checkpoints][INFO] - Saving supporting array `longitudes` to archive/anemoi-metadata/longitudes.numpy (shape=(30844,), dtype=float64)
[2026-03-29 10:31:30,082][anemoi.utils.checkpoints][INFO] - Saving supporting array `lam_0/cutout_mask` to archive/anemoi-metadata/lam_0/cutout_mask.numpy (shape=(24444,), dtype=bool)
[2026-03-29 10:31:30,083][anemoi.utils.checkpoints][INFO] - Saving supporting array `global/cutout_mask` to archive/anemoi-metadata/global/cutout_mask.numpy (shape=(7905,), dtype=bool)
[2026-03-29 10:31:30,083][anemoi.utils.checkpoints][INFO] - Saving supporting array `source0/latitudes` to archive/anemoi-metadata/source0/latitudes.numpy (shape=(24444,), dtype=float64)
[2026-03-29 10:31:30,083][anemoi.utils.checkpoints][INFO] - Saving supporting array `source0/longitudes` to archive/anemoi-metadata/source0/longitudes.numpy (shape=(24444,), dtype=float64)
[2026-03-29 10:31:30,083][anemoi.utils.checkpoints][INFO] - Saving supporting array `source1/latitudes` to archive/anemoi-metadata/source1/latitudes.numpy (shape=(7905,), dtype=float64)
[2026-03-29 10:31:30,084][anemoi.utils.checkpoints][INFO] - Saving supporting array `source1/longitudes` to archive/anemoi-metadata/source1/longitudes.numpy (shape=(7905,), dtype=float64)
[2026-03-29 10:31:30,084][anemoi.utils.checkpoints][INFO] - Saving supporting array `grid_indices` to archive/anemoi-metadata/grid_indices.numpy (shape=(27479,), dtype=int64)
