[2026-04-16 22:27:55,462][anemoi.training.train.train][INFO] - Skipping config validation.
[2026-04-16 22:27:55,463][anemoi.training.train.train][INFO] - Starting from checkpoint: True
[2026-04-16 22:27:55,463][anemoi.training.train.train][INFO] - Run id: BigTransformer
[2026-04-16 22:27:55,464][anemoi.training.train.train][INFO] - Checkpoints path: {'root': PosixPath('/mnt/weatherloss/WindPower/training/EGU26/BigTransformer/checkpoint/BigTransformer'), 'every_n_epochs': 'anemoi-by_epoch-epoch_{epoch:03d}-step_{step:06d}', 'every_n_train_steps': 'anemoi-by_step-epoch_{epoch:03d}-step_{step:06d}', 'every_n_minutes': 'anemoi-by_time-epoch_{epoch:03d}-step_{step:06d}'}
[2026-04-16 22:27:55,464][anemoi.training.train.train][INFO] - Plots path: /mnt/weatherloss/WindPower/training/EGU26/BigTransformer/plots/BigTransformer
[2026-04-16 22:27:57,285][anemoi.graphs.nodes.builders.from_file][INFO] - Reading the dataset from {'cutout': [{'dataset': '/mnt/weatherloss/WindPower/data/EGU26/Anemoidatasets/New_Cerra_A_large.zarr'}, {'dataset': '/mnt/weatherloss/WindPower/data/EGU26/Anemoidatasets/era5_A_large.zarr'}], 'min_distance_km': 0, 'adjust': 'all'}.
[2026-04-16 22:28:05,459][anemoi.graphs.generate.masks][INFO] - Fitting KNNAreaMaskBuilder with 72668 reference nodes from "data (cutout)".
[2026-04-16 22:29:20,560][anemoi.graphs.edges.builders.knn][INFO] - Using KNN-Edges (with 12 nearest neighbours) between data and hidden.
[2026-04-16 22:29:20,572][anemoi.graphs.edges.builders.base][WARNING] - The 'torch-cluster' library is not installed.
Installing 'torch-cluster' can significantly improve performance for graph creation.
You can install it using:
    TORCH_VERSION=$(python -c "import torch; print(torch.__version__)")
    pip install torch-cluster -f https://data.pyg.org/whl/torch-${TORCH_VERSION}.html

[2026-04-16 22:29:21,035][anemoi.graphs.edges.builders.cutoff][INFO] - Using CutOff-Edges (with radius = 15.0 km [direct]) between data and hidden.
[2026-04-16 22:29:21,036][anemoi.graphs.edges.builders.base][WARNING] - The 'torch-cluster' library is not installed.
Installing 'torch-cluster' can significantly improve performance for graph creation.
You can install it using:
    TORCH_VERSION=$(python -c "import torch; print(torch.__version__)")
    pip install torch-cluster -f https://data.pyg.org/whl/torch-${TORCH_VERSION}.html

[2026-04-16 22:31:11,234][anemoi.graphs.edges.builders.knn][INFO] - Using KNN-Edges (with 3 nearest neighbours) between hidden and data.
[2026-04-16 22:31:11,235][anemoi.graphs.edges.builders.base][WARNING] - The 'torch-cluster' library is not installed.
Installing 'torch-cluster' can significantly improve performance for graph creation.
You can install it using:
    TORCH_VERSION=$(python -c "import torch; print(torch.__version__)")
    pip install torch-cluster -f https://data.pyg.org/whl/torch-${TORCH_VERSION}.html

[2026-04-16 22:31:12,270][anemoi.graphs.create][INFO] - Cleaning graph.
[2026-04-16 22:31:12,270][anemoi.graphs.create][INFO] - _grid_reference_distance deleted from graph.
[2026-04-16 22:31:12,270][anemoi.graphs.create][INFO] - _dataset deleted from graph.
[2026-04-16 22:31:12,270][anemoi.graphs.create][INFO] - _grid_reference_distance deleted from graph.
[2026-04-16 22:31:12,270][anemoi.graphs.create][INFO] - _resolutions deleted from graph.
[2026-04-16 22:31:12,270][anemoi.graphs.create][INFO] - _area_mask_builder deleted from graph.
[2026-04-16 22:31:12,271][anemoi.graphs.create][INFO] - _node_ordering deleted from graph.
[2026-04-16 22:31:12,271][anemoi.graphs.create][INFO] - _nx_graph deleted from graph.
[2026-04-16 22:31:12,279][anemoi.graphs.processors.post_process][INFO] - Removing 120985 edges from ('data', 'to', 'hidden').
[2026-04-16 22:31:13,333][anemoi.graphs.processors.post_process][INFO] - Recomputing edge attribute edge_length.
[2026-04-16 22:31:13,336][anemoi.graphs.processors.post_process][INFO] - Recomputing edge attribute edge_dirs.
[2026-04-16 22:31:14,433][anemoi.graphs.processors.post_process][INFO] - Removing 4649 nodes from data.
[2026-04-16 22:31:17,637][anemoi.graphs.processors.post_process][INFO] - An attribute indices_connected_nodes has been added with the indices to mask the nodes from the original graph.
[2026-04-16 22:31:18,139][anemoi.graphs.create][INFO] - Graph saved at /mnt/weatherloss/WindPower/graphs/EGU26/EGUgraph15km.pt.
[2026-04-16 22:31:18,790][anemoi.training.data.datamodule][WARNING] - Falling back rollout to: 1
[2026-04-16 22:31:18,791][anemoi.training.data.datamodule][INFO] - Timeincrement set to 1 for data with frequency, 10800, and timestep, 10800
[2026-04-16 22:31:18,791][anemoi.training.data.grid_indices][INFO] - The graph attribute indices_connected_nodes of the data nodes will be used to masking the spatial dimension.
[2026-04-16 22:31:18,792][anemoi.training.train.train][INFO] - Number of data variables: 67
[2026-04-16 22:31:18,793][anemoi.training.train.train][INFO] - Variables: ['cos_julian_day', 'cos_latitude', 'cos_longitude', 'insolation', 'lsm', 'mcc', 'msl', 'q_1000', 'q_500', 'q_600', 'q_700', 'q_750', 'q_800', 'q_850', 'q_900', 'q_950', 'sin_julian_day', 'sin_latitude', 'sin_longitude', 't2m', 't_1000', 't_500', 't_600', 't_700', 't_750', 't_800', 't_850', 't_900', 't_950', 'u_1000', 'u_500', 'u_600', 'u_700', 'u_750', 'u_800', 'u_850', 'u_900', 'u_950', 'v_1000', 'v_500', 'v_600', 'v_700', 'v_750', 'v_800', 'v_850', 'v_900', 'v_950', 'wdir100_cos', 'wdir100_sin', 'wdir10_cos', 'wdir10_sin', 'ws10', 'ws100', 'z_1000', 'z_500', 'z_600', 'z_700', 'z_750', 'z_800', 'z_850', 'z_900', 'z_950', 'z_sfc', 'power', 'capacity', 'turbinecount', 'turbinemask']
[2026-04-16 22:31:18,793][anemoi.training.train.train][INFO] - Total number of prognostic variables: 55
[2026-04-16 22:31:18,793][anemoi.training.train.train][INFO] - Total number of auxiliary variables: 12
[2026-04-16 22:31:18,793][anemoi.training.train.train][INFO] - Total GPU count / model group size: 2 - NB: the learning rate will be scaled by this factor!
[2026-04-16 22:31:18,794][anemoi.training.train.train][INFO] - Effective learning rate: 2.500e-04
[2026-04-16 22:31:18,794][anemoi.training.train.train][INFO] - Training limits: max_epochs=30, max_steps=200000. Training will stop when either limit is reached first. Learning rate scheduler will run for 200000 steps.
[2026-04-16 22:31:18,815][anemoi.models.migrations.migrator][INFO] - Loading migration 1755530253_initial
[2026-04-16 22:31:18,815][anemoi.models.migrations.migrator][INFO] - Loading migration 1762857427_deprecate_eda
[2026-04-16 22:31:18,815][anemoi.models.migrations.migrator][INFO] - Loading migration 1762857428_chunking_fix
[2026-04-16 22:31:18,815][anemoi.models.migrations.migrator][INFO] - Loading migration 1763479917_hardware_schema_update
[2026-04-16 22:31:18,851][anemoi.training.train.train][INFO] - TensorBoard logger enabled
[2026-04-16 22:31:18,853][pytorch_lightning.utilities.rank_zero][INFO] - Using 16bit Automatic Mixed Precision (AMP)
[2026-04-16 22:31:18,861][pytorch_lightning.utilities.rank_zero][INFO] - GPU available: True (cuda), used: True
[2026-04-16 22:31:18,861][pytorch_lightning.utilities.rank_zero][INFO] - TPU available: False, using: 0 TPU cores
[2026-04-16 22:31:18,898][lightning_fabric.utilities.seed][INFO] - Seed set to 53000
[2026-04-16 22:31:18,902][anemoi.training.train.train][INFO] - Initial seed: Rank 0, initial seed 53000, running with random seed: 53000
[2026-04-16 22:31:21,497][anemoi.models.preprocessing.imputer][WARNING] - If placement of NaNs for diagnostic variables in inference output is desired, this needs to be handled by postprocessors: power
[2026-04-16 22:31:21,497][anemoi.models.preprocessing.imputer][INFO] - Imputer: replacing NaNs in power with value 0.0
[2026-04-16 22:31:21,497][anemoi.models.preprocessing.imputer][INFO] - Imputer: replacing NaNs in capacity with value 0.0
[2026-04-16 22:31:21,497][anemoi.models.preprocessing.imputer][INFO] - Imputer: replacing NaNs in turbinecount with value 0.0
[2026-04-16 22:31:21,497][anemoi.models.preprocessing.imputer][INFO] - Imputer: replacing NaNs in turbinemask with value 0.0
[2026-04-16 22:31:21,500][anemoi.models.preprocessing.normalizer][INFO] - Normalizing: cos_latitude is not normalized.
[2026-04-16 22:31:21,501][anemoi.models.preprocessing.normalizer][INFO] - Normalizing: cos_longitude is not normalized.
[2026-04-16 22:31:21,501][anemoi.models.preprocessing.normalizer][INFO] - Normalizing: lsm is not normalized.
[2026-04-16 22:31:21,501][anemoi.models.preprocessing.normalizer][INFO] - Normalizing: mcc is not normalized.
[2026-04-16 22:31:21,501][anemoi.models.preprocessing.normalizer][INFO] - Normalizing: sin_latitude is not normalized.
[2026-04-16 22:31:21,501][anemoi.models.preprocessing.normalizer][INFO] - Normalizing: sin_longitude is not normalized.
[2026-04-16 22:31:21,501][anemoi.models.preprocessing.normalizer][INFO] - Normalizing: turbinemask is not normalized.
[2026-04-16 22:31:22,538][anemoi.models.layers.utils][INFO] - Linear kernel: torch.nn.Linear.
[2026-04-16 22:31:22,539][anemoi.models.layers.utils][INFO] - LayerNorm kernel: torch.nn.LayerNorm.
[2026-04-16 22:31:22,539][anemoi.models.layers.utils][INFO] - Activation kernel: torch.nn.GELU.
[2026-04-16 22:31:22,540][anemoi.models.layers.utils][INFO] - QueryNorm kernel: anemoi.models.layers.normalization.AutocastLayerNorm.
[2026-04-16 22:31:22,541][anemoi.models.layers.utils][INFO] - KeyNorm kernel: anemoi.models.layers.normalization.AutocastLayerNorm.
[2026-04-16 22:31:23,335][anemoi.models.layers.block][INFO] - GraphTransformerMapperBlock using triton graph attention backend.
[2026-04-16 22:31:23,437][anemoi.models.layers.utils][INFO] - Linear kernel: torch.nn.Linear.
[2026-04-16 22:31:23,437][anemoi.models.layers.utils][INFO] - LayerNorm kernel: torch.nn.LayerNorm.
[2026-04-16 22:31:23,438][anemoi.models.layers.utils][INFO] - Activation kernel: torch.nn.GELU.
[2026-04-16 22:31:23,439][anemoi.models.layers.utils][INFO] - QueryNorm kernel: anemoi.models.layers.normalization.AutocastLayerNorm.
[2026-04-16 22:31:23,440][anemoi.models.layers.utils][INFO] - KeyNorm kernel: anemoi.models.layers.normalization.AutocastLayerNorm.
[2026-04-16 22:31:23,737][anemoi.models.layers.attention][INFO] - Using flash attention v2
[2026-04-16 22:31:23,760][anemoi.models.layers.attention][INFO] - Using flash attention v2
[2026-04-16 22:31:23,781][anemoi.models.layers.attention][INFO] - Using flash attention v2
[2026-04-16 22:31:23,802][anemoi.models.layers.attention][INFO] - Using flash attention v2
[2026-04-16 22:31:23,833][anemoi.models.layers.attention][INFO] - Using flash attention v2
[2026-04-16 22:31:23,870][anemoi.models.layers.attention][INFO] - Using flash attention v2
[2026-04-16 22:31:23,901][anemoi.models.layers.attention][INFO] - Using flash attention v2
[2026-04-16 22:31:23,933][anemoi.models.layers.attention][INFO] - Using flash attention v2
[2026-04-16 22:31:23,971][anemoi.models.layers.attention][INFO] - Using flash attention v2
[2026-04-16 22:31:24,002][anemoi.models.layers.attention][INFO] - Using flash attention v2
[2026-04-16 22:31:24,036][anemoi.models.layers.attention][INFO] - Using flash attention v2
[2026-04-16 22:31:24,074][anemoi.models.layers.attention][INFO] - Using flash attention v2
[2026-04-16 22:31:24,108][anemoi.models.layers.utils][INFO] - Linear kernel: torch.nn.Linear.
[2026-04-16 22:31:24,108][anemoi.models.layers.utils][INFO] - LayerNorm kernel: torch.nn.LayerNorm.
[2026-04-16 22:31:24,109][anemoi.models.layers.utils][INFO] - Activation kernel: torch.nn.GELU.
[2026-04-16 22:31:24,109][anemoi.models.layers.utils][INFO] - QueryNorm kernel: anemoi.models.layers.normalization.AutocastLayerNorm.
[2026-04-16 22:31:24,110][anemoi.models.layers.utils][INFO] - KeyNorm kernel: anemoi.models.layers.normalization.AutocastLayerNorm.
[2026-04-16 22:31:24,972][anemoi.models.layers.block][INFO] - GraphTransformerMapperBlock using triton graph attention backend.
[2026-04-16 22:31:29,689][anemoi.training.losses.scalers.variable_level][INFO] - Variable Level Scaling: Applying ReluVariableLevelScaler scaling to pl variables (['q', 't', 'u', 'v', 'z'])
[2026-04-16 22:31:29,689][anemoi.training.losses.scalers.variable_level][INFO] - with slope = 0.001 and y-intercept/minimum = 0.2.
[2026-04-16 22:31:30,360][anemoi.training.data.grid_indices][INFO] - The graph attribute indices_connected_nodes of the data nodes will be used to masking the spatial dimension.
[2026-04-16 22:31:30,365][anemoi.training.train.train][INFO] - The following submodules will NOT be trained: []
[2026-04-16 22:31:30,366][anemoi.training.train.train][INFO] - Resuming training from last checkpoint: /mnt/weatherloss/WindPower/training/EGU26/BigTransformer/checkpoint/BigTransformer/last.ckpt
[2026-04-16 22:31:32,241][lightning_fabric.utilities.distributed][INFO] - Initializing distributed: GLOBAL_RANK: 0, MEMBER: 1/2
[2026-04-16 22:34:54,236][pytorch_lightning.utilities.rank_zero][INFO] - ----------------------------------------------------------------------------------------------------
distributed_backend=nccl
All distributed processes registered. Starting with 2 processes
----------------------------------------------------------------------------------------------------

[2026-04-16 22:34:55,858][pytorch_lightning.utilities.rank_zero][INFO] - Restoring states from the checkpoint path at /mnt/weatherloss/WindPower/training/EGU26/BigTransformer/checkpoint/BigTransformer/last.ckpt
[2026-04-16 22:35:37,534][pytorch_lightning.accelerators.cuda][INFO] - LOCAL_RANK: 0 - CUDA_VISIBLE_DEVICES: [0,1]
[2026-04-16 22:35:38,733][lightning_fabric.utilities.seed][INFO] - [rank: 0] Seed set to 53000
[2026-04-16 22:36:20,981][pytorch_lightning.utilities.rank_zero][INFO] - Restored all states from the checkpoint at /mnt/weatherloss/WindPower/training/EGU26/BigTransformer/checkpoint/BigTransformer/last.ckpt
[2026-04-16 22:36:21,039][anemoi.training.data.dataset][INFO] - NativeGridDataset.set_group_info(): global_rank 0, model_comm_group_id 0, model_comm_group_rank 0, model_comm_num_groups 2, reader_group_rank 0
[2026-04-16 22:36:26,833][anemoi.training.data.dataset][INFO] - Worker 0 (pid 660323, global_rank 0, model comm group 0)  has low/high range 0 / 1658
[2026-04-16 22:36:26,932][anemoi.training.data.dataset][INFO] - Worker 0 (train, pid 660323, glob. rank 0, model comm group 0, group_rank 0, seed group id 0, base_seed 53000, sanity rnd 0.489545)
[2026-04-16 22:36:27,438][anemoi.training.data.dataset][INFO] - Worker 1 (pid 660465, global_rank 0, model comm group 0)  has low/high range 1658 / 3316
[2026-04-16 22:36:27,835][anemoi.training.data.dataset][INFO] - Worker 1 (train, pid 660465, glob. rank 0, model comm group 0, group_rank 0, seed group id 0, base_seed 53000, sanity rnd 0.489545)
[2026-04-16 22:36:34,233][anemoi.training.data.dataset][INFO] - Worker 2 (pid 660563, global_rank 0, model comm group 0)  has low/high range 3316 / 4974
[2026-04-16 22:36:34,933][anemoi.training.data.dataset][INFO] - Worker 2 (train, pid 660563, glob. rank 0, model comm group 0, group_rank 0, seed group id 0, base_seed 53000, sanity rnd 0.489545)
[2026-04-16 22:36:35,235][anemoi.training.data.dataset][INFO] - Worker 3 (pid 660712, global_rank 0, model comm group 0)  has low/high range 4974 / 6632
[2026-04-16 22:36:35,236][anemoi.training.data.dataset][INFO] - Worker 3 (train, pid 660712, glob. rank 0, model comm group 0, group_rank 0, seed group id 0, base_seed 53000, sanity rnd 0.489545)
[2026-04-16 22:36:40,738][anemoi.training.data.dataset][INFO] - Worker 4 (pid 660808, global_rank 0, model comm group 0)  has low/high range 6632 / 8290
[2026-04-16 22:36:41,433][anemoi.training.data.dataset][INFO] - Worker 4 (train, pid 660808, glob. rank 0, model comm group 0, group_rank 0, seed group id 0, base_seed 53000, sanity rnd 0.489545)
[2026-04-16 22:36:43,433][anemoi.training.data.dataset][INFO] - Worker 5 (pid 660913, global_rank 0, model comm group 0)  has low/high range 8290 / 9948
[2026-04-16 22:36:43,437][anemoi.training.data.dataset][INFO] - Worker 5 (train, pid 660913, glob. rank 0, model comm group 0, group_rank 0, seed group id 0, base_seed 53000, sanity rnd 0.489545)
[2026-04-16 22:36:46,934][anemoi.training.data.dataset][INFO] - Worker 6 (pid 661030, global_rank 0, model comm group 0)  has low/high range 9948 / 11606
[2026-04-16 22:36:46,936][anemoi.training.data.dataset][INFO] - Worker 6 (train, pid 661030, glob. rank 0, model comm group 0, group_rank 0, seed group id 0, base_seed 53000, sanity rnd 0.489545)
[2026-04-16 22:36:50,533][anemoi.training.data.dataset][INFO] - Worker 7 (pid 661097, global_rank 0, model comm group 0)  has low/high range 11606 / 13264
[2026-04-16 22:36:50,536][anemoi.training.data.dataset][INFO] - Worker 7 (train, pid 661097, glob. rank 0, model comm group 0, group_rank 0, seed group id 0, base_seed 53000, sanity rnd 0.489545)
[2026-04-16 22:38:42,934][anemoi.training.data.datamodule][WARNING] - Falling back rollout to: 1
[2026-04-16 22:38:42,936][anemoi.training.data.dataset][INFO] - NativeGridDataset.set_group_info(): global_rank 0, model_comm_group_id 0, model_comm_group_rank 0, model_comm_num_groups 2, reader_group_rank 0
[2026-04-16 22:38:42,937][anemoi.models.data_indices.collection][INFO] - The order of the variables in the model matches the order in the data.
[2026-04-17 03:44:45,733][anemoi.training.data.dataset][INFO] - Worker 0 (pid 857141, global_rank 0, model comm group 0)  has low/high range 0 / 90
[2026-04-17 03:44:45,932][anemoi.training.data.dataset][INFO] - Worker 0 (validation, pid 857141, glob. rank 0, model comm group 0, group_rank 0, seed group id 0, base_seed 53000, sanity rnd 0.489545)
[2026-04-17 03:44:53,236][anemoi.training.data.dataset][INFO] - Worker 4 (pid 857533, global_rank 0, model comm group 0)  has low/high range 360 / 450
[2026-04-17 03:44:54,133][anemoi.training.data.dataset][INFO] - Worker 4 (validation, pid 857533, glob. rank 0, model comm group 0, group_rank 0, seed group id 0, base_seed 53000, sanity rnd 0.489545)
[2026-04-17 03:44:54,432][anemoi.training.data.dataset][INFO] - Worker 1 (pid 857239, global_rank 0, model comm group 0)  has low/high range 90 / 180
[2026-04-17 03:44:54,733][anemoi.training.data.dataset][INFO] - Worker 1 (validation, pid 857239, glob. rank 0, model comm group 0, group_rank 0, seed group id 0, base_seed 53000, sanity rnd 0.489545)
[2026-04-17 03:44:55,833][anemoi.training.data.dataset][INFO] - Worker 2 (pid 857335, global_rank 0, model comm group 0)  has low/high range 180 / 270
[2026-04-17 03:44:55,836][anemoi.training.data.dataset][INFO] - Worker 2 (validation, pid 857335, glob. rank 0, model comm group 0, group_rank 0, seed group id 0, base_seed 53000, sanity rnd 0.489545)
[2026-04-17 03:45:01,332][anemoi.training.data.dataset][INFO] - Worker 5 (pid 857635, global_rank 0, model comm group 0)  has low/high range 450 / 540
[2026-04-17 03:45:01,633][anemoi.training.data.dataset][INFO] - Worker 3 (pid 857387, global_rank 0, model comm group 0)  has low/high range 270 / 360
[2026-04-17 03:45:01,635][anemoi.training.data.dataset][INFO] - Worker 3 (validation, pid 857387, glob. rank 0, model comm group 0, group_rank 0, seed group id 0, base_seed 53000, sanity rnd 0.489545)
[2026-04-17 03:45:01,734][anemoi.training.data.dataset][INFO] - Worker 5 (validation, pid 857635, glob. rank 0, model comm group 0, group_rank 0, seed group id 0, base_seed 53000, sanity rnd 0.489545)
[2026-04-17 03:45:10,233][anemoi.training.data.dataset][INFO] - Worker 6 (pid 857698, global_rank 0, model comm group 0)  has low/high range 540 / 630
[2026-04-17 03:45:11,333][anemoi.training.data.dataset][INFO] - Worker 7 (pid 857856, global_rank 0, model comm group 0)  has low/high range 630 / 720
[2026-04-17 03:45:11,336][anemoi.training.data.dataset][INFO] - Worker 7 (validation, pid 857856, glob. rank 0, model comm group 0, group_rank 0, seed group id 0, base_seed 53000, sanity rnd 0.489545)
[2026-04-17 03:45:11,332][anemoi.training.data.dataset][INFO] - Worker 6 (validation, pid 857698, glob. rank 0, model comm group 0, group_rank 0, seed group id 0, base_seed 53000, sanity rnd 0.489545)
[2026-04-17 03:45:27,834][anemoi.models.data_indices.collection][INFO] - The order of the variables in the model matches the order in the data.
[2026-04-17 03:54:00,140][anemoi.utils.checkpoints][INFO] - Adding extra information to checkpoint /mnt/weatherloss/WindPower/training/EGU26/BigTransformer/checkpoint/BigTransformer/inference-anemoi-by_epoch-epoch_013-step_185696.ckpt
[2026-04-17 03:54:00,140][anemoi.utils.checkpoints][INFO] - Saving metadata to inference-anemoi-by_epoch-epoch_013-step_185696/anemoi-metadata/anemoi.json
[2026-04-17 03:54:00,142][anemoi.utils.checkpoints][INFO] - Saving supporting array `latitudes` to inference-anemoi-by_epoch-epoch_013-step_185696/anemoi-metadata/latitudes.numpy (shape=(82068,), dtype=float64)
[2026-04-17 03:54:00,142][anemoi.utils.checkpoints][INFO] - Saving supporting array `longitudes` to inference-anemoi-by_epoch-epoch_013-step_185696/anemoi-metadata/longitudes.numpy (shape=(82068,), dtype=float64)
[2026-04-17 03:54:00,143][anemoi.utils.checkpoints][INFO] - Saving supporting array `lam_0/cutout_mask` to inference-anemoi-by_epoch-epoch_013-step_185696/anemoi-metadata/lam_0/cutout_mask.numpy (shape=(72668,), dtype=bool)
[2026-04-17 03:54:00,143][anemoi.utils.checkpoints][INFO] - Saving supporting array `global/cutout_mask` to inference-anemoi-by_epoch-epoch_013-step_185696/anemoi-metadata/global/cutout_mask.numpy (shape=(13965,), dtype=bool)
[2026-04-17 03:54:00,143][anemoi.utils.checkpoints][INFO] - Saving supporting array `source0/latitudes` to inference-anemoi-by_epoch-epoch_013-step_185696/anemoi-metadata/source0/latitudes.numpy (shape=(72668,), dtype=float64)
[2026-04-17 03:54:00,144][anemoi.utils.checkpoints][INFO] - Saving supporting array `source0/longitudes` to inference-anemoi-by_epoch-epoch_013-step_185696/anemoi-metadata/source0/longitudes.numpy (shape=(72668,), dtype=float64)
[2026-04-17 03:54:00,144][anemoi.utils.checkpoints][INFO] - Saving supporting array `source1/latitudes` to inference-anemoi-by_epoch-epoch_013-step_185696/anemoi-metadata/source1/latitudes.numpy (shape=(13965,), dtype=float64)
[2026-04-17 03:54:00,145][anemoi.utils.checkpoints][INFO] - Saving supporting array `source1/longitudes` to inference-anemoi-by_epoch-epoch_013-step_185696/anemoi-metadata/source1/longitudes.numpy (shape=(13965,), dtype=float64)
[2026-04-17 03:54:00,145][anemoi.utils.checkpoints][INFO] - Saving supporting array `grid_indices` to inference-anemoi-by_epoch-epoch_013-step_185696/anemoi-metadata/grid_indices.numpy (shape=(77419,), dtype=int64)
[2026-04-17 03:54:06,353][anemoi.utils.checkpoints][INFO] - Adding extra information to checkpoint /mnt/weatherloss/WindPower/training/EGU26/BigTransformer/checkpoint/BigTransformer/anemoi-by_epoch-epoch_013-step_185696.ckpt
[2026-04-17 03:54:06,353][anemoi.utils.checkpoints][INFO] - Saving metadata to archive/anemoi-metadata/anemoi.json
[2026-04-17 03:54:06,355][anemoi.utils.checkpoints][INFO] - Saving supporting array `latitudes` to archive/anemoi-metadata/latitudes.numpy (shape=(82068,), dtype=float64)
[2026-04-17 03:54:06,356][anemoi.utils.checkpoints][INFO] - Saving supporting array `longitudes` to archive/anemoi-metadata/longitudes.numpy (shape=(82068,), dtype=float64)
[2026-04-17 03:54:06,357][anemoi.utils.checkpoints][INFO] - Saving supporting array `lam_0/cutout_mask` to archive/anemoi-metadata/lam_0/cutout_mask.numpy (shape=(72668,), dtype=bool)
[2026-04-17 03:54:06,357][anemoi.utils.checkpoints][INFO] - Saving supporting array `global/cutout_mask` to archive/anemoi-metadata/global/cutout_mask.numpy (shape=(13965,), dtype=bool)
[2026-04-17 03:54:06,357][anemoi.utils.checkpoints][INFO] - Saving supporting array `source0/latitudes` to archive/anemoi-metadata/source0/latitudes.numpy (shape=(72668,), dtype=float64)
[2026-04-17 03:54:06,358][anemoi.utils.checkpoints][INFO] - Saving supporting array `source0/longitudes` to archive/anemoi-metadata/source0/longitudes.numpy (shape=(72668,), dtype=float64)
[2026-04-17 03:54:06,359][anemoi.utils.checkpoints][INFO] - Saving supporting array `source1/latitudes` to archive/anemoi-metadata/source1/latitudes.numpy (shape=(13965,), dtype=float64)
[2026-04-17 03:54:06,359][anemoi.utils.checkpoints][INFO] - Saving supporting array `source1/longitudes` to archive/anemoi-metadata/source1/longitudes.numpy (shape=(13965,), dtype=float64)
[2026-04-17 03:54:06,359][anemoi.utils.checkpoints][INFO] - Saving supporting array `grid_indices` to archive/anemoi-metadata/grid_indices.numpy (shape=(77419,), dtype=int64)
[2026-04-17 03:54:07,635][anemoi.utils.checkpoints][INFO] - Adding extra information to checkpoint /mnt/weatherloss/WindPower/training/EGU26/BigTransformer/checkpoint/BigTransformer/inference-last.ckpt
[2026-04-17 03:54:07,635][anemoi.utils.checkpoints][INFO] - Saving metadata to inference-last/anemoi-metadata/anemoi.json
[2026-04-17 03:54:07,637][anemoi.utils.checkpoints][INFO] - Saving supporting array `latitudes` to inference-last/anemoi-metadata/latitudes.numpy (shape=(82068,), dtype=float64)
[2026-04-17 03:54:07,638][anemoi.utils.checkpoints][INFO] - Saving supporting array `longitudes` to inference-last/anemoi-metadata/longitudes.numpy (shape=(82068,), dtype=float64)
[2026-04-17 03:54:07,639][anemoi.utils.checkpoints][INFO] - Saving supporting array `lam_0/cutout_mask` to inference-last/anemoi-metadata/lam_0/cutout_mask.numpy (shape=(72668,), dtype=bool)
[2026-04-17 03:54:07,639][anemoi.utils.checkpoints][INFO] - Saving supporting array `global/cutout_mask` to inference-last/anemoi-metadata/global/cutout_mask.numpy (shape=(13965,), dtype=bool)
[2026-04-17 03:54:07,639][anemoi.utils.checkpoints][INFO] - Saving supporting array `source0/latitudes` to inference-last/anemoi-metadata/source0/latitudes.numpy (shape=(72668,), dtype=float64)
[2026-04-17 03:54:07,640][anemoi.utils.checkpoints][INFO] - Saving supporting array `source0/longitudes` to inference-last/anemoi-metadata/source0/longitudes.numpy (shape=(72668,), dtype=float64)
[2026-04-17 03:54:07,640][anemoi.utils.checkpoints][INFO] - Saving supporting array `source1/latitudes` to inference-last/anemoi-metadata/source1/latitudes.numpy (shape=(13965,), dtype=float64)
[2026-04-17 03:54:07,641][anemoi.utils.checkpoints][INFO] - Saving supporting array `source1/longitudes` to inference-last/anemoi-metadata/source1/longitudes.numpy (shape=(13965,), dtype=float64)
[2026-04-17 03:54:07,641][anemoi.utils.checkpoints][INFO] - Saving supporting array `grid_indices` to inference-last/anemoi-metadata/grid_indices.numpy (shape=(77419,), dtype=int64)
[2026-04-17 03:54:14,164][anemoi.utils.checkpoints][INFO] - Adding extra information to checkpoint /mnt/weatherloss/WindPower/training/EGU26/BigTransformer/checkpoint/BigTransformer/last.ckpt
[2026-04-17 03:54:14,164][anemoi.utils.checkpoints][INFO] - Saving metadata to archive/anemoi-metadata/anemoi.json
[2026-04-17 03:54:14,166][anemoi.utils.checkpoints][INFO] - Saving supporting array `latitudes` to archive/anemoi-metadata/latitudes.numpy (shape=(82068,), dtype=float64)
[2026-04-17 03:54:14,167][anemoi.utils.checkpoints][INFO] - Saving supporting array `longitudes` to archive/anemoi-metadata/longitudes.numpy (shape=(82068,), dtype=float64)
[2026-04-17 03:54:14,168][anemoi.utils.checkpoints][INFO] - Saving supporting array `lam_0/cutout_mask` to archive/anemoi-metadata/lam_0/cutout_mask.numpy (shape=(72668,), dtype=bool)
[2026-04-17 03:54:14,168][anemoi.utils.checkpoints][INFO] - Saving supporting array `global/cutout_mask` to archive/anemoi-metadata/global/cutout_mask.numpy (shape=(13965,), dtype=bool)
[2026-04-17 03:54:14,168][anemoi.utils.checkpoints][INFO] - Saving supporting array `source0/latitudes` to archive/anemoi-metadata/source0/latitudes.numpy (shape=(72668,), dtype=float64)
[2026-04-17 03:54:14,169][anemoi.utils.checkpoints][INFO] - Saving supporting array `source0/longitudes` to archive/anemoi-metadata/source0/longitudes.numpy (shape=(72668,), dtype=float64)
[2026-04-17 03:54:14,170][anemoi.utils.checkpoints][INFO] - Saving supporting array `source1/latitudes` to archive/anemoi-metadata/source1/latitudes.numpy (shape=(13965,), dtype=float64)
[2026-04-17 03:54:14,170][anemoi.utils.checkpoints][INFO] - Saving supporting array `source1/longitudes` to archive/anemoi-metadata/source1/longitudes.numpy (shape=(13965,), dtype=float64)
[2026-04-17 03:54:14,170][anemoi.utils.checkpoints][INFO] - Saving supporting array `grid_indices` to archive/anemoi-metadata/grid_indices.numpy (shape=(77419,), dtype=int64)
[2026-04-17 07:44:50,333][lightning_fabric.strategies.launchers.subprocess_script][INFO] - [rank: 1] Child process with PID 659066 terminated with code -6. Forcefully terminating all other processes to avoid zombies 🧟
