[2026-01-07 08:11:21,550][anemoi.training.train.train][INFO] - Skipping config validation.
[2026-01-07 08:11:21,550][anemoi.training.train.train][INFO] - Starting from checkpoint: True
[2026-01-07 08:11:21,551][anemoi.training.train.train][INFO] - Run id: 8276a997-e9e2-4382-89ef-ae78f97ac47c
[2026-01-07 08:11:21,551][anemoi.training.train.train][INFO] - Checkpoints path: {'root': PosixPath('/mnt/weatherloss/WindPower/training/CI/GraphTransformer/checkpoint/8276a997-e9e2-4382-89ef-ae78f97ac47c'), 'every_n_epochs': 'anemoi-by_epoch-epoch_{epoch:03d}-step_{step:06d}', 'every_n_train_steps': 'anemoi-by_step-epoch_{epoch:03d}-step_{step:06d}', 'every_n_minutes': 'anemoi-by_time-epoch_{epoch:03d}-step_{step:06d}'}
[2026-01-07 08:11:21,551][anemoi.training.train.train][INFO] - Plots path: /mnt/weatherloss/WindPower/training/CI/GraphTransformer/plots/8276a997-e9e2-4382-89ef-ae78f97ac47c
[2026-01-07 08:11:22,161][anemoi.graphs.nodes.builders.from_file][INFO] - Reading the dataset from {'cutout': [{'dataset': '/mnt/weatherloss/WindPower/data/NorthSea/Anemoidatasets/Cerra_CI_HR_A.zarr'}, {'dataset': '/mnt/weatherloss/WindPower/data/NorthSea/Anemoidatasets/Cerra_CI_LR_A.zarr'}], 'min_distance_km': 0, 'adjust': 'all'}.
[2026-01-07 08:11:23,008][anemoi.graphs.generate.masks][INFO] - Fitting KNNAreaMaskBuilder with 24386 reference nodes from "data (cutout)".
[2026-01-07 08:11:39,567][anemoi.graphs.edges.builders.knn][INFO] - Using KNN-Edges (with 12 nearest neighbours) between data and hidden.
[2026-01-07 08:11:39,578][anemoi.graphs.edges.builders.base][WARNING] - The 'torch-cluster' library is not installed.
Installing 'torch-cluster' can significantly improve performance for graph creation.
You can install it using:
    TORCH_VERSION=$(python -c "import torch; print(torch.__version__)")
    pip install torch-cluster -f https://data.pyg.org/whl/torch-${TORCH_VERSION}.html

[2026-01-07 08:11:39,682][anemoi.graphs.edges.builders.cutoff][INFO] - Using CutOff-Edges (with radius = 65.0 km [factor=4.00]) between data and hidden.
[2026-01-07 08:11:39,683][anemoi.graphs.edges.builders.base][WARNING] - The 'torch-cluster' library is not installed.
Installing 'torch-cluster' can significantly improve performance for graph creation.
You can install it using:
    TORCH_VERSION=$(python -c "import torch; print(torch.__version__)")
    pip install torch-cluster -f https://data.pyg.org/whl/torch-${TORCH_VERSION}.html

[2026-01-07 08:12:25,419][anemoi.graphs.edges.builders.knn][INFO] - Using KNN-Edges (with 3 nearest neighbours) between hidden and data.
[2026-01-07 08:12:25,419][anemoi.graphs.edges.builders.base][WARNING] - The 'torch-cluster' library is not installed.
Installing 'torch-cluster' can significantly improve performance for graph creation.
You can install it using:
    TORCH_VERSION=$(python -c "import torch; print(torch.__version__)")
    pip install torch-cluster -f https://data.pyg.org/whl/torch-${TORCH_VERSION}.html

[2026-01-07 08:12:25,479][anemoi.graphs.create][INFO] - Cleaning graph.
[2026-01-07 08:12:25,479][anemoi.graphs.create][INFO] - _grid_reference_distance deleted from graph.
[2026-01-07 08:12:25,479][anemoi.graphs.create][INFO] - _dataset deleted from graph.
[2026-01-07 08:12:25,479][anemoi.graphs.create][INFO] - _grid_reference_distance deleted from graph.
[2026-01-07 08:12:25,479][anemoi.graphs.create][INFO] - _nx_graph deleted from graph.
[2026-01-07 08:12:25,479][anemoi.graphs.create][INFO] - _area_mask_builder deleted from graph.
[2026-01-07 08:12:25,479][anemoi.graphs.create][INFO] - _resolutions deleted from graph.
[2026-01-07 08:12:25,480][anemoi.graphs.create][INFO] - _node_ordering deleted from graph.
[2026-01-07 08:12:25,483][anemoi.graphs.processors.post_process][INFO] - Removing 70655 edges from ('data', 'to', 'hidden').
[2026-01-07 08:12:25,486][anemoi.graphs.processors.post_process][INFO] - Recomputing edge attribute edge_length.
[2026-01-07 08:12:25,488][anemoi.graphs.processors.post_process][INFO] - Recomputing edge attribute edge_dirs.
[2026-01-07 08:12:25,491][anemoi.graphs.processors.post_process][INFO] - Removing 0 nodes from data.
[2026-01-07 08:12:25,512][anemoi.graphs.processors.post_process][INFO] - An attribute indices_connected_nodes has been added with the indices to mask the nodes from the original graph.
[2026-01-07 08:12:25,521][anemoi.graphs.create][INFO] - Graph saved at /mnt/weatherloss/WindPower/graphs/Northsea.pt.
[2026-01-07 08:12:25,717][anemoi.training.data.datamodule][INFO] - Timeincrement set to 1 for data with frequency, 10800, and timestep, 10800
[2026-01-07 08:12:25,717][anemoi.training.data.grid_indices][INFO] - The graph attribute indices_connected_nodes of the data nodes will be used to masking the spatial dimension.
[2026-01-07 08:12:25,718][anemoi.training.train.train][INFO] - Number of data variables: 71
[2026-01-07 08:12:25,718][anemoi.training.train.train][INFO] - Variables: ['cos_latitude', 'cos_longitude', 'insolation', 'julian_day', 'lsm', 'mcc', 'msl', 'r_1000', 'r_500', 'r_600', 'r_700', 'r_750', 'r_800', 'r_850', 'r_900', 'r_950', 'sin_latitude', 'sin_longitude', 'surface_geopotential', 't2m', 't_1000', 't_500', 't_600', 't_700', 't_750', 't_800', 't_850', 't_900', 't_950', 'u_1000', 'u_500', 'u_600', 'u_700', 'u_750', 'u_800', 'u_850', 'u_900', 'u_950', 'v_1000', 'v_500', 'v_600', 'v_700', 'v_750', 'v_800', 'v_850', 'v_900', 'v_950', 'wdir10_cos', 'wdir10_sin', 'wdir_cos100', 'wdir_cos150', 'wdir_cos200', 'wdir_cos50', 'wdir_sin100', 'wdir_sin150', 'wdir_sin200', 'wdir_sin50', 'ws10', 'ws100', 'ws150', 'ws200', 'ws50', 'z_1000', 'z_500', 'z_600', 'z_700', 'z_750', 'z_800', 'z_850', 'z_900', 'z_950']
[2026-01-07 08:12:25,718][anemoi.training.train.train][INFO] - Total number of prognostic variables: 63
[2026-01-07 08:12:25,719][anemoi.training.train.train][INFO] - Total number of auxiliary variables: 8
[2026-01-07 08:12:25,719][anemoi.training.train.train][INFO] - Total GPU count / model group size: 1 - NB: the learning rate will be scaled by this factor!
[2026-01-07 08:12:25,719][anemoi.training.train.train][INFO] - Effective learning rate: 2.500e-04
[2026-01-07 08:12:25,719][anemoi.training.train.train][INFO] - Training limits: max_epochs=25, max_steps=185000. Training will stop when either limit is reached first. Learning rate scheduler will run for 185000 steps.
[2026-01-07 08:12:25,733][anemoi.models.migrations.migrator][INFO] - Loading migration 1755530253_initial
[2026-01-07 08:12:25,734][anemoi.models.migrations.migrator][INFO] - Loading migration 1762857427_deprecate_eda
[2026-01-07 08:12:25,734][anemoi.models.migrations.migrator][INFO] - Loading migration 1762857428_chunking_fix
[2026-01-07 08:12:25,734][anemoi.models.migrations.migrator][INFO] - Loading migration 1763479917_hardware_schema_update
[2026-01-07 08:12:25,757][anemoi.training.train.train][INFO] - TensorBoard logger enabled
[2026-01-07 08:12:25,759][pytorch_lightning.utilities.rank_zero][INFO] - Using 16bit Automatic Mixed Precision (AMP)
[2026-01-07 08:12:25,767][pytorch_lightning.utilities.rank_zero][INFO] - GPU available: True (cuda), used: True
[2026-01-07 08:12:25,767][pytorch_lightning.utilities.rank_zero][INFO] - TPU available: False, using: 0 TPU cores
[2026-01-07 08:12:25,792][lightning_fabric.utilities.seed][INFO] - Seed set to 666000
[2026-01-07 08:12:25,793][anemoi.training.train.train][INFO] - Initial seed: Rank 0, initial seed 666000, running with random seed: 666000
[2026-01-07 08:12:26,159][anemoi.models.preprocessing.normalizer][INFO] - Normalizing: cos_latitude is not normalized.
[2026-01-07 08:12:26,159][anemoi.models.preprocessing.normalizer][INFO] - Normalizing: cos_longitude is not normalized.
[2026-01-07 08:12:26,159][anemoi.models.preprocessing.normalizer][INFO] - Normalizing: lsm is not normalized.
[2026-01-07 08:12:26,159][anemoi.models.preprocessing.normalizer][INFO] - Normalizing: sin_latitude is not normalized.
[2026-01-07 08:12:26,159][anemoi.models.preprocessing.normalizer][INFO] - Normalizing: sin_longitude is not normalized.
[2026-01-07 08:12:26,159][anemoi.models.preprocessing.normalizer][INFO] - Normalizing: wdir10_cos is not normalized.
[2026-01-07 08:12:26,159][anemoi.models.preprocessing.normalizer][INFO] - Normalizing: wdir10_sin is not normalized.
[2026-01-07 08:12:26,159][anemoi.models.preprocessing.normalizer][INFO] - Normalizing: wdir_cos100 is not normalized.
[2026-01-07 08:12:26,159][anemoi.models.preprocessing.normalizer][INFO] - Normalizing: wdir_cos150 is not normalized.
[2026-01-07 08:12:26,159][anemoi.models.preprocessing.normalizer][INFO] - Normalizing: wdir_cos200 is not normalized.
[2026-01-07 08:12:26,160][anemoi.models.preprocessing.normalizer][INFO] - Normalizing: wdir_cos50 is not normalized.
[2026-01-07 08:12:26,160][anemoi.models.preprocessing.normalizer][INFO] - Normalizing: wdir_sin100 is not normalized.
[2026-01-07 08:12:26,160][anemoi.models.preprocessing.normalizer][INFO] - Normalizing: wdir_sin150 is not normalized.
[2026-01-07 08:12:26,160][anemoi.models.preprocessing.normalizer][INFO] - Normalizing: wdir_sin200 is not normalized.
[2026-01-07 08:12:26,160][anemoi.models.preprocessing.normalizer][INFO] - Normalizing: wdir_sin50 is not normalized.
[2026-01-07 08:12:26,207][anemoi.models.layers.utils][INFO] - Linear kernel: torch.nn.Linear.
[2026-01-07 08:12:26,208][anemoi.models.layers.utils][INFO] - LayerNorm kernel: torch.nn.LayerNorm.
[2026-01-07 08:12:26,208][anemoi.models.layers.utils][INFO] - Activation kernel: torch.nn.GELU.
[2026-01-07 08:12:26,209][anemoi.models.layers.utils][INFO] - QueryNorm kernel: anemoi.models.layers.normalization.AutocastLayerNorm.
[2026-01-07 08:12:26,209][anemoi.models.layers.utils][INFO] - KeyNorm kernel: anemoi.models.layers.normalization.AutocastLayerNorm.
[2026-01-07 08:12:26,213][anemoi.models.layers.block][INFO] - GraphTransformerMapperBlock using triton graph attention backend.
[2026-01-07 08:12:26,218][anemoi.models.layers.utils][INFO] - Linear kernel: torch.nn.Linear.
[2026-01-07 08:12:26,218][anemoi.models.layers.utils][INFO] - LayerNorm kernel: torch.nn.LayerNorm.
[2026-01-07 08:12:26,219][anemoi.models.layers.utils][INFO] - Activation kernel: torch.nn.GELU.
[2026-01-07 08:12:26,219][anemoi.models.layers.utils][INFO] - QueryNorm kernel: anemoi.models.layers.normalization.AutocastLayerNorm.
[2026-01-07 08:12:26,220][anemoi.models.layers.utils][INFO] - KeyNorm kernel: anemoi.models.layers.normalization.AutocastLayerNorm.
[2026-01-07 08:12:26,224][anemoi.models.layers.block][INFO] - GraphTransformerProcessorBlock using triton graph attention backend.
[2026-01-07 08:12:26,227][anemoi.models.layers.block][INFO] - GraphTransformerProcessorBlock using triton graph attention backend.
[2026-01-07 08:12:26,230][anemoi.models.layers.block][INFO] - GraphTransformerProcessorBlock using triton graph attention backend.
[2026-01-07 08:12:26,232][anemoi.models.layers.block][INFO] - GraphTransformerProcessorBlock using triton graph attention backend.
[2026-01-07 08:12:26,234][anemoi.models.layers.block][INFO] - GraphTransformerProcessorBlock using triton graph attention backend.
[2026-01-07 08:12:26,236][anemoi.models.layers.block][INFO] - GraphTransformerProcessorBlock using triton graph attention backend.
[2026-01-07 08:12:26,239][anemoi.models.layers.block][INFO] - GraphTransformerProcessorBlock using triton graph attention backend.
[2026-01-07 08:12:26,241][anemoi.models.layers.block][INFO] - GraphTransformerProcessorBlock using triton graph attention backend.
[2026-01-07 08:12:26,245][anemoi.models.layers.utils][INFO] - Linear kernel: torch.nn.Linear.
[2026-01-07 08:12:26,245][anemoi.models.layers.utils][INFO] - LayerNorm kernel: torch.nn.LayerNorm.
[2026-01-07 08:12:26,246][anemoi.models.layers.utils][INFO] - Activation kernel: torch.nn.GELU.
[2026-01-07 08:12:26,246][anemoi.models.layers.utils][INFO] - QueryNorm kernel: anemoi.models.layers.normalization.AutocastLayerNorm.
[2026-01-07 08:12:26,247][anemoi.models.layers.utils][INFO] - KeyNorm kernel: anemoi.models.layers.normalization.AutocastLayerNorm.
[2026-01-07 08:12:26,251][anemoi.models.layers.block][INFO] - GraphTransformerMapperBlock using triton graph attention backend.
[2026-01-07 08:12:26,554][anemoi.training.losses.scalers.variable_level][INFO] - Variable Level Scaling: Applying ReluVariableLevelScaler scaling to pl variables ({'param': []})
[2026-01-07 08:12:26,554][anemoi.training.losses.scalers.variable_level][INFO] - with slope = 0.001 and y-intercept/minimum = 0.2.
[2026-01-07 08:12:26,597][anemoi.training.data.grid_indices][INFO] - The graph attribute indices_connected_nodes of the data nodes will be used to masking the spatial dimension.
[2026-01-07 08:12:26,597][anemoi.training.train.train][INFO] - The following submodules will NOT be trained: []
[2026-01-07 08:12:26,612][anemoi.models.utils.compile][INFO] - The following modules will be compiled: []
[2026-01-07 08:12:26,612][anemoi.training.train.train][INFO] - Recompile limit set to 32
[2026-01-07 08:12:26,613][anemoi.training.train.train][INFO] - Resuming training from last checkpoint: /mnt/weatherloss/WindPower/training/CI/GraphTransformer/checkpoint/8276a997-e9e2-4382-89ef-ae78f97ac47c/last.ckpt
[2026-01-07 08:12:26,634][lightning_fabric.utilities.distributed][INFO] - Initializing distributed: GLOBAL_RANK: 0, MEMBER: 1/1
[2026-01-07 08:12:26,803][pytorch_lightning.utilities.rank_zero][INFO] - ----------------------------------------------------------------------------------------------------
distributed_backend=nccl
All distributed processes registered. Starting with 1 processes
----------------------------------------------------------------------------------------------------

[2026-01-07 08:12:26,893][pytorch_lightning.utilities.rank_zero][INFO] - Restoring states from the checkpoint path at /mnt/weatherloss/WindPower/training/CI/GraphTransformer/checkpoint/8276a997-e9e2-4382-89ef-ae78f97ac47c/last.ckpt
[2026-01-07 08:12:27,902][pytorch_lightning.accelerators.cuda][INFO] - LOCAL_RANK: 0 - CUDA_VISIBLE_DEVICES: [0]
[2026-01-07 08:12:27,974][lightning_fabric.utilities.seed][INFO] - [rank: 0] Seed set to 666000
[2026-01-07 08:12:35,422][pytorch_lightning.utilities.rank_zero][INFO] - Restored all states from the checkpoint at /mnt/weatherloss/WindPower/training/CI/GraphTransformer/checkpoint/8276a997-e9e2-4382-89ef-ae78f97ac47c/last.ckpt
[2026-01-07 08:12:35,425][anemoi.training.data.dataset][INFO] - NativeGridDataset.set_group_info(): global_rank 0, model_comm_group_id 0, model_comm_group_rank 0, model_comm_num_groups 1, reader_group_rank 0
[2026-01-07 08:12:35,484][anemoi.training.data.dataset][INFO] - Worker 0 (pid 650579, global_rank 0, model comm group 0)  has low/high range 0 / 5963
[2026-01-07 08:12:35,486][anemoi.training.data.dataset][INFO] - Worker 0 (train, pid 650579, glob. rank 0, model comm group 0, group_rank 0, seed group id 0, base_seed 666000, sanity rnd 0.573101)
[2026-01-07 08:12:35,503][anemoi.training.data.dataset][INFO] - Worker 1 (pid 650675, global_rank 0, model comm group 0)  has low/high range 5963 / 11926
[2026-01-07 08:12:35,505][anemoi.training.data.dataset][INFO] - Worker 1 (train, pid 650675, glob. rank 0, model comm group 0, group_rank 0, seed group id 0, base_seed 666000, sanity rnd 0.573101)
[2026-01-07 08:12:36,134][anemoi.training.data.dataset][INFO] - NativeGridDataset.set_group_info(): global_rank 0, model_comm_group_id 0, model_comm_group_rank 0, model_comm_num_groups 1, reader_group_rank 0
[2026-01-07 08:12:36,135][anemoi.models.data_indices.collection][INFO] - The order of the variables in the model matches the order in the data.
[2026-01-07 08:29:10,104][pytorch_lightning.utilities.rank_zero][INFO] - `Trainer.fit` stopped: `max_steps=185000` reached.
[2026-01-07 08:29:10,219][anemoi.utils.checkpoints][INFO] - Adding extra information to checkpoint /mnt/weatherloss/WindPower/training/CI/GraphTransformer/checkpoint/8276a997-e9e2-4382-89ef-ae78f97ac47c/inference-anemoi-by_time-epoch_014-step_185000.ckpt
[2026-01-07 08:29:10,219][anemoi.utils.checkpoints][INFO] - Saving metadata to inference-anemoi-by_time-epoch_014-step_185000/anemoi-metadata/ai-models.json
[2026-01-07 08:29:10,221][anemoi.utils.checkpoints][INFO] - Saving supporting array `latitudes` to inference-anemoi-by_time-epoch_014-step_185000/anemoi-metadata/latitudes.numpy (shape=(25427,), dtype=float64)
[2026-01-07 08:29:10,221][anemoi.utils.checkpoints][INFO] - Saving supporting array `longitudes` to inference-anemoi-by_time-epoch_014-step_185000/anemoi-metadata/longitudes.numpy (shape=(25427,), dtype=float64)
[2026-01-07 08:29:10,221][anemoi.utils.checkpoints][INFO] - Saving supporting array `lam_0/cutout_mask` to inference-anemoi-by_time-epoch_014-step_185000/anemoi-metadata/lam_0/cutout_mask.numpy (shape=(24386,), dtype=bool)
[2026-01-07 08:29:10,221][anemoi.utils.checkpoints][INFO] - Saving supporting array `global/cutout_mask` to inference-anemoi-by_time-epoch_014-step_185000/anemoi-metadata/global/cutout_mask.numpy (shape=(2021,), dtype=bool)
[2026-01-07 08:29:10,222][anemoi.utils.checkpoints][INFO] - Saving supporting array `source0/latitudes` to inference-anemoi-by_time-epoch_014-step_185000/anemoi-metadata/source0/latitudes.numpy (shape=(24386,), dtype=float64)
[2026-01-07 08:29:10,222][anemoi.utils.checkpoints][INFO] - Saving supporting array `source0/longitudes` to inference-anemoi-by_time-epoch_014-step_185000/anemoi-metadata/source0/longitudes.numpy (shape=(24386,), dtype=float64)
[2026-01-07 08:29:10,222][anemoi.utils.checkpoints][INFO] - Saving supporting array `source1/latitudes` to inference-anemoi-by_time-epoch_014-step_185000/anemoi-metadata/source1/latitudes.numpy (shape=(2021,), dtype=float64)
[2026-01-07 08:29:10,222][anemoi.utils.checkpoints][INFO] - Saving supporting array `source1/longitudes` to inference-anemoi-by_time-epoch_014-step_185000/anemoi-metadata/source1/longitudes.numpy (shape=(2021,), dtype=float64)
[2026-01-07 08:29:10,222][anemoi.utils.checkpoints][INFO] - Saving supporting array `grid_indices` to inference-anemoi-by_time-epoch_014-step_185000/anemoi-metadata/grid_indices.numpy (shape=(25427,), dtype=int64)
[2026-01-07 08:29:10,581][anemoi.utils.checkpoints][INFO] - Adding extra information to checkpoint /mnt/weatherloss/WindPower/training/CI/GraphTransformer/checkpoint/8276a997-e9e2-4382-89ef-ae78f97ac47c/anemoi-by_time-epoch_014-step_185000.ckpt
[2026-01-07 08:29:10,581][anemoi.utils.checkpoints][INFO] - Saving metadata to archive/anemoi-metadata/ai-models.json
[2026-01-07 08:29:10,582][anemoi.utils.checkpoints][INFO] - Saving supporting array `latitudes` to archive/anemoi-metadata/latitudes.numpy (shape=(25427,), dtype=float64)
[2026-01-07 08:29:10,583][anemoi.utils.checkpoints][INFO] - Saving supporting array `longitudes` to archive/anemoi-metadata/longitudes.numpy (shape=(25427,), dtype=float64)
[2026-01-07 08:29:10,583][anemoi.utils.checkpoints][INFO] - Saving supporting array `lam_0/cutout_mask` to archive/anemoi-metadata/lam_0/cutout_mask.numpy (shape=(24386,), dtype=bool)
[2026-01-07 08:29:10,583][anemoi.utils.checkpoints][INFO] - Saving supporting array `global/cutout_mask` to archive/anemoi-metadata/global/cutout_mask.numpy (shape=(2021,), dtype=bool)
[2026-01-07 08:29:10,583][anemoi.utils.checkpoints][INFO] - Saving supporting array `source0/latitudes` to archive/anemoi-metadata/source0/latitudes.numpy (shape=(24386,), dtype=float64)
[2026-01-07 08:29:10,583][anemoi.utils.checkpoints][INFO] - Saving supporting array `source0/longitudes` to archive/anemoi-metadata/source0/longitudes.numpy (shape=(24386,), dtype=float64)
[2026-01-07 08:29:10,584][anemoi.utils.checkpoints][INFO] - Saving supporting array `source1/latitudes` to archive/anemoi-metadata/source1/latitudes.numpy (shape=(2021,), dtype=float64)
[2026-01-07 08:29:10,584][anemoi.utils.checkpoints][INFO] - Saving supporting array `source1/longitudes` to archive/anemoi-metadata/source1/longitudes.numpy (shape=(2021,), dtype=float64)
[2026-01-07 08:29:10,584][anemoi.utils.checkpoints][INFO] - Saving supporting array `grid_indices` to archive/anemoi-metadata/grid_indices.numpy (shape=(25427,), dtype=int64)
[2026-01-07 08:29:10,668][anemoi.utils.checkpoints][INFO] - Adding extra information to checkpoint /mnt/weatherloss/WindPower/training/CI/GraphTransformer/checkpoint/8276a997-e9e2-4382-89ef-ae78f97ac47c/inference-last.ckpt
[2026-01-07 08:29:10,668][anemoi.utils.checkpoints][INFO] - Saving metadata to inference-last/anemoi-metadata/ai-models.json
[2026-01-07 08:29:10,670][anemoi.utils.checkpoints][INFO] - Saving supporting array `latitudes` to inference-last/anemoi-metadata/latitudes.numpy (shape=(25427,), dtype=float64)
[2026-01-07 08:29:10,670][anemoi.utils.checkpoints][INFO] - Saving supporting array `longitudes` to inference-last/anemoi-metadata/longitudes.numpy (shape=(25427,), dtype=float64)
[2026-01-07 08:29:10,671][anemoi.utils.checkpoints][INFO] - Saving supporting array `lam_0/cutout_mask` to inference-last/anemoi-metadata/lam_0/cutout_mask.numpy (shape=(24386,), dtype=bool)
[2026-01-07 08:29:10,671][anemoi.utils.checkpoints][INFO] - Saving supporting array `global/cutout_mask` to inference-last/anemoi-metadata/global/cutout_mask.numpy (shape=(2021,), dtype=bool)
[2026-01-07 08:29:10,671][anemoi.utils.checkpoints][INFO] - Saving supporting array `source0/latitudes` to inference-last/anemoi-metadata/source0/latitudes.numpy (shape=(24386,), dtype=float64)
[2026-01-07 08:29:10,671][anemoi.utils.checkpoints][INFO] - Saving supporting array `source0/longitudes` to inference-last/anemoi-metadata/source0/longitudes.numpy (shape=(24386,), dtype=float64)
[2026-01-07 08:29:10,671][anemoi.utils.checkpoints][INFO] - Saving supporting array `source1/latitudes` to inference-last/anemoi-metadata/source1/latitudes.numpy (shape=(2021,), dtype=float64)
[2026-01-07 08:29:10,671][anemoi.utils.checkpoints][INFO] - Saving supporting array `source1/longitudes` to inference-last/anemoi-metadata/source1/longitudes.numpy (shape=(2021,), dtype=float64)
[2026-01-07 08:29:10,671][anemoi.utils.checkpoints][INFO] - Saving supporting array `grid_indices` to inference-last/anemoi-metadata/grid_indices.numpy (shape=(25427,), dtype=int64)
[2026-01-07 08:29:11,055][anemoi.utils.checkpoints][INFO] - Adding extra information to checkpoint /mnt/weatherloss/WindPower/training/CI/GraphTransformer/checkpoint/8276a997-e9e2-4382-89ef-ae78f97ac47c/last.ckpt
[2026-01-07 08:29:11,055][anemoi.utils.checkpoints][INFO] - Saving metadata to archive/anemoi-metadata/ai-models.json
[2026-01-07 08:29:11,057][anemoi.utils.checkpoints][INFO] - Saving supporting array `latitudes` to archive/anemoi-metadata/latitudes.numpy (shape=(25427,), dtype=float64)
[2026-01-07 08:29:11,057][anemoi.utils.checkpoints][INFO] - Saving supporting array `longitudes` to archive/anemoi-metadata/longitudes.numpy (shape=(25427,), dtype=float64)
[2026-01-07 08:29:11,057][anemoi.utils.checkpoints][INFO] - Saving supporting array `lam_0/cutout_mask` to archive/anemoi-metadata/lam_0/cutout_mask.numpy (shape=(24386,), dtype=bool)
[2026-01-07 08:29:11,057][anemoi.utils.checkpoints][INFO] - Saving supporting array `global/cutout_mask` to archive/anemoi-metadata/global/cutout_mask.numpy (shape=(2021,), dtype=bool)
[2026-01-07 08:29:11,058][anemoi.utils.checkpoints][INFO] - Saving supporting array `source0/latitudes` to archive/anemoi-metadata/source0/latitudes.numpy (shape=(24386,), dtype=float64)
[2026-01-07 08:29:11,058][anemoi.utils.checkpoints][INFO] - Saving supporting array `source0/longitudes` to archive/anemoi-metadata/source0/longitudes.numpy (shape=(24386,), dtype=float64)
[2026-01-07 08:29:11,058][anemoi.utils.checkpoints][INFO] - Saving supporting array `source1/latitudes` to archive/anemoi-metadata/source1/latitudes.numpy (shape=(2021,), dtype=float64)
[2026-01-07 08:29:11,058][anemoi.utils.checkpoints][INFO] - Saving supporting array `source1/longitudes` to archive/anemoi-metadata/source1/longitudes.numpy (shape=(2021,), dtype=float64)
[2026-01-07 08:29:11,058][anemoi.utils.checkpoints][INFO] - Saving supporting array `grid_indices` to archive/anemoi-metadata/grid_indices.numpy (shape=(25427,), dtype=int64)
[2026-01-07 08:29:11,133][anemoi.utils.checkpoints][INFO] - Adding extra information to checkpoint /mnt/weatherloss/WindPower/training/CI/GraphTransformer/checkpoint/8276a997-e9e2-4382-89ef-ae78f97ac47c/inference-anemoi-by_epoch-epoch_014-step_185000.ckpt
[2026-01-07 08:29:11,133][anemoi.utils.checkpoints][INFO] - Saving metadata to inference-anemoi-by_epoch-epoch_014-step_185000/anemoi-metadata/ai-models.json
[2026-01-07 08:29:11,135][anemoi.utils.checkpoints][INFO] - Saving supporting array `latitudes` to inference-anemoi-by_epoch-epoch_014-step_185000/anemoi-metadata/latitudes.numpy (shape=(25427,), dtype=float64)
[2026-01-07 08:29:11,135][anemoi.utils.checkpoints][INFO] - Saving supporting array `longitudes` to inference-anemoi-by_epoch-epoch_014-step_185000/anemoi-metadata/longitudes.numpy (shape=(25427,), dtype=float64)
[2026-01-07 08:29:11,135][anemoi.utils.checkpoints][INFO] - Saving supporting array `lam_0/cutout_mask` to inference-anemoi-by_epoch-epoch_014-step_185000/anemoi-metadata/lam_0/cutout_mask.numpy (shape=(24386,), dtype=bool)
[2026-01-07 08:29:11,135][anemoi.utils.checkpoints][INFO] - Saving supporting array `global/cutout_mask` to inference-anemoi-by_epoch-epoch_014-step_185000/anemoi-metadata/global/cutout_mask.numpy (shape=(2021,), dtype=bool)
[2026-01-07 08:29:11,135][anemoi.utils.checkpoints][INFO] - Saving supporting array `source0/latitudes` to inference-anemoi-by_epoch-epoch_014-step_185000/anemoi-metadata/source0/latitudes.numpy (shape=(24386,), dtype=float64)
[2026-01-07 08:29:11,136][anemoi.utils.checkpoints][INFO] - Saving supporting array `source0/longitudes` to inference-anemoi-by_epoch-epoch_014-step_185000/anemoi-metadata/source0/longitudes.numpy (shape=(24386,), dtype=float64)
[2026-01-07 08:29:11,136][anemoi.utils.checkpoints][INFO] - Saving supporting array `source1/latitudes` to inference-anemoi-by_epoch-epoch_014-step_185000/anemoi-metadata/source1/latitudes.numpy (shape=(2021,), dtype=float64)
[2026-01-07 08:29:11,136][anemoi.utils.checkpoints][INFO] - Saving supporting array `source1/longitudes` to inference-anemoi-by_epoch-epoch_014-step_185000/anemoi-metadata/source1/longitudes.numpy (shape=(2021,), dtype=float64)
[2026-01-07 08:29:11,136][anemoi.utils.checkpoints][INFO] - Saving supporting array `grid_indices` to inference-anemoi-by_epoch-epoch_014-step_185000/anemoi-metadata/grid_indices.numpy (shape=(25427,), dtype=int64)
[2026-01-07 08:29:11,474][anemoi.utils.checkpoints][INFO] - Adding extra information to checkpoint /mnt/weatherloss/WindPower/training/CI/GraphTransformer/checkpoint/8276a997-e9e2-4382-89ef-ae78f97ac47c/anemoi-by_epoch-epoch_014-step_185000.ckpt
[2026-01-07 08:29:11,474][anemoi.utils.checkpoints][INFO] - Saving metadata to archive/anemoi-metadata/ai-models.json
[2026-01-07 08:29:11,475][anemoi.utils.checkpoints][INFO] - Saving supporting array `latitudes` to archive/anemoi-metadata/latitudes.numpy (shape=(25427,), dtype=float64)
[2026-01-07 08:29:11,476][anemoi.utils.checkpoints][INFO] - Saving supporting array `longitudes` to archive/anemoi-metadata/longitudes.numpy (shape=(25427,), dtype=float64)
[2026-01-07 08:29:11,476][anemoi.utils.checkpoints][INFO] - Saving supporting array `lam_0/cutout_mask` to archive/anemoi-metadata/lam_0/cutout_mask.numpy (shape=(24386,), dtype=bool)
[2026-01-07 08:29:11,476][anemoi.utils.checkpoints][INFO] - Saving supporting array `global/cutout_mask` to archive/anemoi-metadata/global/cutout_mask.numpy (shape=(2021,), dtype=bool)
[2026-01-07 08:29:11,476][anemoi.utils.checkpoints][INFO] - Saving supporting array `source0/latitudes` to archive/anemoi-metadata/source0/latitudes.numpy (shape=(24386,), dtype=float64)
[2026-01-07 08:29:11,476][anemoi.utils.checkpoints][INFO] - Saving supporting array `source0/longitudes` to archive/anemoi-metadata/source0/longitudes.numpy (shape=(24386,), dtype=float64)
[2026-01-07 08:29:11,477][anemoi.utils.checkpoints][INFO] - Saving supporting array `source1/latitudes` to archive/anemoi-metadata/source1/latitudes.numpy (shape=(2021,), dtype=float64)
[2026-01-07 08:29:11,477][anemoi.utils.checkpoints][INFO] - Saving supporting array `source1/longitudes` to archive/anemoi-metadata/source1/longitudes.numpy (shape=(2021,), dtype=float64)
[2026-01-07 08:29:11,477][anemoi.utils.checkpoints][INFO] - Saving supporting array `grid_indices` to archive/anemoi-metadata/grid_indices.numpy (shape=(25427,), dtype=int64)
[2026-01-07 08:29:11,559][anemoi.utils.checkpoints][INFO] - Adding extra information to checkpoint /mnt/weatherloss/WindPower/training/CI/GraphTransformer/checkpoint/8276a997-e9e2-4382-89ef-ae78f97ac47c/inference-last.ckpt
[2026-01-07 08:29:11,559][anemoi.utils.checkpoints][INFO] - Saving metadata to inference-last/anemoi-metadata/ai-models.json
[2026-01-07 08:29:11,560][anemoi.utils.checkpoints][INFO] - Saving supporting array `latitudes` to inference-last/anemoi-metadata/latitudes.numpy (shape=(25427,), dtype=float64)
[2026-01-07 08:29:11,561][anemoi.utils.checkpoints][INFO] - Saving supporting array `longitudes` to inference-last/anemoi-metadata/longitudes.numpy (shape=(25427,), dtype=float64)
[2026-01-07 08:29:11,561][anemoi.utils.checkpoints][INFO] - Saving supporting array `lam_0/cutout_mask` to inference-last/anemoi-metadata/lam_0/cutout_mask.numpy (shape=(24386,), dtype=bool)
[2026-01-07 08:29:11,561][anemoi.utils.checkpoints][INFO] - Saving supporting array `global/cutout_mask` to inference-last/anemoi-metadata/global/cutout_mask.numpy (shape=(2021,), dtype=bool)
[2026-01-07 08:29:11,561][anemoi.utils.checkpoints][INFO] - Saving supporting array `source0/latitudes` to inference-last/anemoi-metadata/source0/latitudes.numpy (shape=(24386,), dtype=float64)
[2026-01-07 08:29:11,561][anemoi.utils.checkpoints][INFO] - Saving supporting array `source0/longitudes` to inference-last/anemoi-metadata/source0/longitudes.numpy (shape=(24386,), dtype=float64)
[2026-01-07 08:29:11,562][anemoi.utils.checkpoints][INFO] - Saving supporting array `source1/latitudes` to inference-last/anemoi-metadata/source1/latitudes.numpy (shape=(2021,), dtype=float64)
[2026-01-07 08:29:11,562][anemoi.utils.checkpoints][INFO] - Saving supporting array `source1/longitudes` to inference-last/anemoi-metadata/source1/longitudes.numpy (shape=(2021,), dtype=float64)
[2026-01-07 08:29:11,562][anemoi.utils.checkpoints][INFO] - Saving supporting array `grid_indices` to inference-last/anemoi-metadata/grid_indices.numpy (shape=(25427,), dtype=int64)
[2026-01-07 08:29:11,940][anemoi.utils.checkpoints][INFO] - Adding extra information to checkpoint /mnt/weatherloss/WindPower/training/CI/GraphTransformer/checkpoint/8276a997-e9e2-4382-89ef-ae78f97ac47c/last.ckpt
[2026-01-07 08:29:11,940][anemoi.utils.checkpoints][INFO] - Saving metadata to archive/anemoi-metadata/ai-models.json
[2026-01-07 08:29:11,941][anemoi.utils.checkpoints][INFO] - Saving supporting array `latitudes` to archive/anemoi-metadata/latitudes.numpy (shape=(25427,), dtype=float64)
[2026-01-07 08:29:11,942][anemoi.utils.checkpoints][INFO] - Saving supporting array `longitudes` to archive/anemoi-metadata/longitudes.numpy (shape=(25427,), dtype=float64)
[2026-01-07 08:29:11,942][anemoi.utils.checkpoints][INFO] - Saving supporting array `lam_0/cutout_mask` to archive/anemoi-metadata/lam_0/cutout_mask.numpy (shape=(24386,), dtype=bool)
[2026-01-07 08:29:11,942][anemoi.utils.checkpoints][INFO] - Saving supporting array `global/cutout_mask` to archive/anemoi-metadata/global/cutout_mask.numpy (shape=(2021,), dtype=bool)
[2026-01-07 08:29:11,942][anemoi.utils.checkpoints][INFO] - Saving supporting array `source0/latitudes` to archive/anemoi-metadata/source0/latitudes.numpy (shape=(24386,), dtype=float64)
[2026-01-07 08:29:11,942][anemoi.utils.checkpoints][INFO] - Saving supporting array `source0/longitudes` to archive/anemoi-metadata/source0/longitudes.numpy (shape=(24386,), dtype=float64)
[2026-01-07 08:29:11,943][anemoi.utils.checkpoints][INFO] - Saving supporting array `source1/latitudes` to archive/anemoi-metadata/source1/latitudes.numpy (shape=(2021,), dtype=float64)
[2026-01-07 08:29:11,943][anemoi.utils.checkpoints][INFO] - Saving supporting array `source1/longitudes` to archive/anemoi-metadata/source1/longitudes.numpy (shape=(2021,), dtype=float64)
[2026-01-07 08:29:11,943][anemoi.utils.checkpoints][INFO] - Saving supporting array `grid_indices` to archive/anemoi-metadata/grid_indices.numpy (shape=(25427,), dtype=int64)
