[2026-04-16 21:10:52,249][anemoi.training.train.train][INFO] - Skipping config validation.
[2026-04-16 21:10:52,249][anemoi.training.train.train][INFO] - Starting from checkpoint: True
[2026-04-16 21:10:52,250][anemoi.training.train.train][INFO] - Run id: BigTransformer
[2026-04-16 21:10:52,250][anemoi.training.train.train][INFO] - Checkpoints path: {'root': PosixPath('/mnt/weatherloss/WindPower/training/EGU26/BigTransformer/checkpoint/BigTransformer'), 'every_n_epochs': 'anemoi-by_epoch-epoch_{epoch:03d}-step_{step:06d}', 'every_n_train_steps': 'anemoi-by_step-epoch_{epoch:03d}-step_{step:06d}', 'every_n_minutes': 'anemoi-by_time-epoch_{epoch:03d}-step_{step:06d}'}
[2026-04-16 21:10:52,250][anemoi.training.train.train][INFO] - Plots path: /mnt/weatherloss/WindPower/training/EGU26/BigTransformer/plots/BigTransformer
[2026-04-16 21:10:53,244][anemoi.graphs.nodes.builders.from_file][INFO] - Reading the dataset from {'cutout': [{'dataset': '/mnt/weatherloss/WindPower/data/EGU26/Anemoidatasets/New_Cerra_A_large.zarr'}, {'dataset': '/mnt/weatherloss/WindPower/data/EGU26/Anemoidatasets/era5_A_large.zarr'}], 'min_distance_km': 0, 'adjust': 'all'}.
[2026-04-16 21:11:00,839][anemoi.graphs.generate.masks][INFO] - Fitting KNNAreaMaskBuilder with 72668 reference nodes from "data (cutout)".
[2026-04-16 21:12:09,666][anemoi.graphs.edges.builders.knn][INFO] - Using KNN-Edges (with 12 nearest neighbours) between data and hidden.
[2026-04-16 21:12:09,748][anemoi.graphs.edges.builders.base][WARNING] - The 'torch-cluster' library is not installed.
Installing 'torch-cluster' can significantly improve performance for graph creation.
You can install it using:
    TORCH_VERSION=$(python -c "import torch; print(torch.__version__)")
    pip install torch-cluster -f https://data.pyg.org/whl/torch-${TORCH_VERSION}.html

[2026-04-16 21:12:10,556][anemoi.graphs.edges.builders.cutoff][INFO] - Using CutOff-Edges (with radius = 15.0 km [direct]) between data and hidden.
[2026-04-16 21:12:10,558][anemoi.graphs.edges.builders.base][WARNING] - The 'torch-cluster' library is not installed.
Installing 'torch-cluster' can significantly improve performance for graph creation.
You can install it using:
    TORCH_VERSION=$(python -c "import torch; print(torch.__version__)")
    pip install torch-cluster -f https://data.pyg.org/whl/torch-${TORCH_VERSION}.html

[2026-04-16 21:14:33,935][anemoi.graphs.edges.builders.knn][INFO] - Using KNN-Edges (with 3 nearest neighbours) between hidden and data.
[2026-04-16 21:14:33,936][anemoi.graphs.edges.builders.base][WARNING] - The 'torch-cluster' library is not installed.
Installing 'torch-cluster' can significantly improve performance for graph creation.
You can install it using:
    TORCH_VERSION=$(python -c "import torch; print(torch.__version__)")
    pip install torch-cluster -f https://data.pyg.org/whl/torch-${TORCH_VERSION}.html

[2026-04-16 21:14:34,565][anemoi.graphs.create][INFO] - Cleaning graph.
[2026-04-16 21:14:34,565][anemoi.graphs.create][INFO] - _grid_reference_distance deleted from graph.
[2026-04-16 21:14:34,566][anemoi.graphs.create][INFO] - _dataset deleted from graph.
[2026-04-16 21:14:34,566][anemoi.graphs.create][INFO] - _grid_reference_distance deleted from graph.
[2026-04-16 21:14:34,566][anemoi.graphs.create][INFO] - _resolutions deleted from graph.
[2026-04-16 21:14:34,566][anemoi.graphs.create][INFO] - _area_mask_builder deleted from graph.
[2026-04-16 21:14:34,566][anemoi.graphs.create][INFO] - _nx_graph deleted from graph.
[2026-04-16 21:14:34,566][anemoi.graphs.create][INFO] - _node_ordering deleted from graph.
[2026-04-16 21:14:34,633][anemoi.graphs.processors.post_process][INFO] - Removing 120985 edges from ('data', 'to', 'hidden').
[2026-04-16 21:14:35,633][anemoi.graphs.processors.post_process][INFO] - Recomputing edge attribute edge_length.
[2026-04-16 21:14:35,834][anemoi.graphs.processors.post_process][INFO] - Recomputing edge attribute edge_dirs.
[2026-04-16 21:14:36,832][anemoi.graphs.processors.post_process][INFO] - Removing 4649 nodes from data.
[2026-04-16 21:14:40,237][anemoi.graphs.processors.post_process][INFO] - An attribute indices_connected_nodes has been added with the indices to mask the nodes from the original graph.
[2026-04-16 21:14:41,043][anemoi.graphs.create][INFO] - Graph saved at /mnt/weatherloss/WindPower/graphs/EGU26/EGUgraph15km.pt.
[2026-04-16 21:14:41,853][anemoi.training.data.datamodule][WARNING] - Falling back rollout to: 1
[2026-04-16 21:14:41,854][anemoi.training.data.datamodule][INFO] - Timeincrement set to 1 for data with frequency, 10800, and timestep, 10800
[2026-04-16 21:14:41,855][anemoi.training.data.grid_indices][INFO] - The graph attribute indices_connected_nodes of the data nodes will be used to masking the spatial dimension.
[2026-04-16 21:14:41,858][anemoi.training.train.train][INFO] - Number of data variables: 67
[2026-04-16 21:14:41,860][anemoi.training.train.train][INFO] - Variables: ['cos_julian_day', 'cos_latitude', 'cos_longitude', 'insolation', 'lsm', 'mcc', 'msl', 'q_1000', 'q_500', 'q_600', 'q_700', 'q_750', 'q_800', 'q_850', 'q_900', 'q_950', 'sin_julian_day', 'sin_latitude', 'sin_longitude', 't2m', 't_1000', 't_500', 't_600', 't_700', 't_750', 't_800', 't_850', 't_900', 't_950', 'u_1000', 'u_500', 'u_600', 'u_700', 'u_750', 'u_800', 'u_850', 'u_900', 'u_950', 'v_1000', 'v_500', 'v_600', 'v_700', 'v_750', 'v_800', 'v_850', 'v_900', 'v_950', 'wdir100_cos', 'wdir100_sin', 'wdir10_cos', 'wdir10_sin', 'ws10', 'ws100', 'z_1000', 'z_500', 'z_600', 'z_700', 'z_750', 'z_800', 'z_850', 'z_900', 'z_950', 'z_sfc', 'power', 'capacity', 'turbinecount', 'turbinemask']
[2026-04-16 21:14:41,860][anemoi.training.train.train][INFO] - Total number of prognostic variables: 55
[2026-04-16 21:14:41,860][anemoi.training.train.train][INFO] - Total number of auxiliary variables: 12
[2026-04-16 21:14:41,860][anemoi.training.train.train][INFO] - Total GPU count / model group size: 2 - NB: the learning rate will be scaled by this factor!
[2026-04-16 21:14:41,860][anemoi.training.train.train][INFO] - Effective learning rate: 2.500e-04
[2026-04-16 21:14:41,860][anemoi.training.train.train][INFO] - Training limits: max_epochs=30, max_steps=200000. Training will stop when either limit is reached first. Learning rate scheduler will run for 200000 steps.
[2026-04-16 21:14:41,891][anemoi.models.migrations.migrator][INFO] - Loading migration 1755530253_initial
[2026-04-16 21:14:41,891][anemoi.models.migrations.migrator][INFO] - Loading migration 1762857427_deprecate_eda
[2026-04-16 21:14:41,891][anemoi.models.migrations.migrator][INFO] - Loading migration 1762857428_chunking_fix
[2026-04-16 21:14:41,891][anemoi.models.migrations.migrator][INFO] - Loading migration 1763479917_hardware_schema_update
[2026-04-16 21:14:41,949][anemoi.training.train.train][INFO] - TensorBoard logger enabled
[2026-04-16 21:14:41,952][pytorch_lightning.utilities.rank_zero][INFO] - Using 16bit Automatic Mixed Precision (AMP)
[2026-04-16 21:14:41,964][pytorch_lightning.utilities.rank_zero][INFO] - GPU available: True (cuda), used: True
[2026-04-16 21:14:41,964][pytorch_lightning.utilities.rank_zero][INFO] - TPU available: False, using: 0 TPU cores
[2026-04-16 21:14:42,037][lightning_fabric.utilities.seed][INFO] - Seed set to 53000
[2026-04-16 21:14:42,040][anemoi.training.train.train][INFO] - Initial seed: Rank 0, initial seed 53000, running with random seed: 53000
[2026-04-16 21:14:44,678][anemoi.models.preprocessing.imputer][WARNING] - If placement of NaNs for diagnostic variables in inference output is desired, this needs to be handled by postprocessors: power
[2026-04-16 21:14:44,678][anemoi.models.preprocessing.imputer][INFO] - Imputer: replacing NaNs in power with value 0.0
[2026-04-16 21:14:44,678][anemoi.models.preprocessing.imputer][INFO] - Imputer: replacing NaNs in capacity with value 0.0
[2026-04-16 21:14:44,678][anemoi.models.preprocessing.imputer][INFO] - Imputer: replacing NaNs in turbinecount with value 0.0
[2026-04-16 21:14:44,678][anemoi.models.preprocessing.imputer][INFO] - Imputer: replacing NaNs in turbinemask with value 0.0
[2026-04-16 21:14:44,681][anemoi.models.preprocessing.normalizer][INFO] - Normalizing: cos_latitude is not normalized.
[2026-04-16 21:14:44,681][anemoi.models.preprocessing.normalizer][INFO] - Normalizing: cos_longitude is not normalized.
[2026-04-16 21:14:44,681][anemoi.models.preprocessing.normalizer][INFO] - Normalizing: lsm is not normalized.
[2026-04-16 21:14:44,681][anemoi.models.preprocessing.normalizer][INFO] - Normalizing: mcc is not normalized.
[2026-04-16 21:14:44,681][anemoi.models.preprocessing.normalizer][INFO] - Normalizing: sin_latitude is not normalized.
[2026-04-16 21:14:44,681][anemoi.models.preprocessing.normalizer][INFO] - Normalizing: sin_longitude is not normalized.
[2026-04-16 21:14:44,681][anemoi.models.preprocessing.normalizer][INFO] - Normalizing: turbinemask is not normalized.
[2026-04-16 21:14:45,939][anemoi.models.layers.utils][INFO] - Linear kernel: torch.nn.Linear.
[2026-04-16 21:14:45,940][anemoi.models.layers.utils][INFO] - LayerNorm kernel: torch.nn.LayerNorm.
[2026-04-16 21:14:45,940][anemoi.models.layers.utils][INFO] - Activation kernel: torch.nn.GELU.
[2026-04-16 21:14:45,941][anemoi.models.layers.utils][INFO] - QueryNorm kernel: anemoi.models.layers.normalization.AutocastLayerNorm.
[2026-04-16 21:14:45,942][anemoi.models.layers.utils][INFO] - KeyNorm kernel: anemoi.models.layers.normalization.AutocastLayerNorm.
[2026-04-16 21:14:46,742][anemoi.models.layers.block][INFO] - GraphTransformerMapperBlock using triton graph attention backend.
[2026-04-16 21:14:46,748][anemoi.models.layers.utils][INFO] - Linear kernel: torch.nn.Linear.
[2026-04-16 21:14:46,748][anemoi.models.layers.utils][INFO] - LayerNorm kernel: torch.nn.LayerNorm.
[2026-04-16 21:14:46,749][anemoi.models.layers.utils][INFO] - Activation kernel: torch.nn.GELU.
[2026-04-16 21:14:46,749][anemoi.models.layers.utils][INFO] - QueryNorm kernel: anemoi.models.layers.normalization.AutocastLayerNorm.
[2026-04-16 21:14:46,750][anemoi.models.layers.utils][INFO] - KeyNorm kernel: anemoi.models.layers.normalization.AutocastLayerNorm.
[2026-04-16 21:14:46,998][anemoi.models.layers.attention][INFO] - Using flash attention v2
[2026-04-16 21:14:47,021][anemoi.models.layers.attention][INFO] - Using flash attention v2
[2026-04-16 21:14:47,048][anemoi.models.layers.attention][INFO] - Using flash attention v2
[2026-04-16 21:14:47,068][anemoi.models.layers.attention][INFO] - Using flash attention v2
[2026-04-16 21:14:47,088][anemoi.models.layers.attention][INFO] - Using flash attention v2
[2026-04-16 21:14:47,109][anemoi.models.layers.attention][INFO] - Using flash attention v2
[2026-04-16 21:14:47,139][anemoi.models.layers.attention][INFO] - Using flash attention v2
[2026-04-16 21:14:47,160][anemoi.models.layers.attention][INFO] - Using flash attention v2
[2026-04-16 21:14:47,181][anemoi.models.layers.attention][INFO] - Using flash attention v2
[2026-04-16 21:14:47,201][anemoi.models.layers.attention][INFO] - Using flash attention v2
[2026-04-16 21:14:47,221][anemoi.models.layers.attention][INFO] - Using flash attention v2
[2026-04-16 21:14:47,253][anemoi.models.layers.attention][INFO] - Using flash attention v2
[2026-04-16 21:14:47,285][anemoi.models.layers.utils][INFO] - Linear kernel: torch.nn.Linear.
[2026-04-16 21:14:47,286][anemoi.models.layers.utils][INFO] - LayerNorm kernel: torch.nn.LayerNorm.
[2026-04-16 21:14:47,287][anemoi.models.layers.utils][INFO] - Activation kernel: torch.nn.GELU.
[2026-04-16 21:14:47,287][anemoi.models.layers.utils][INFO] - QueryNorm kernel: anemoi.models.layers.normalization.AutocastLayerNorm.
[2026-04-16 21:14:47,288][anemoi.models.layers.utils][INFO] - KeyNorm kernel: anemoi.models.layers.normalization.AutocastLayerNorm.
[2026-04-16 21:14:48,341][anemoi.models.layers.block][INFO] - GraphTransformerMapperBlock using triton graph attention backend.
[2026-04-16 21:14:51,051][anemoi.training.losses.scalers.variable_level][INFO] - Variable Level Scaling: Applying ReluVariableLevelScaler scaling to pl variables (['q', 't', 'u', 'v', 'z'])
[2026-04-16 21:14:51,051][anemoi.training.losses.scalers.variable_level][INFO] - with slope = 0.001 and y-intercept/minimum = 0.2.
[2026-04-16 21:14:51,577][anemoi.training.data.grid_indices][INFO] - The graph attribute indices_connected_nodes of the data nodes will be used to masking the spatial dimension.
[2026-04-16 21:14:51,580][anemoi.training.train.train][INFO] - The following submodules will NOT be trained: []
[2026-04-16 21:14:51,581][anemoi.training.train.train][INFO] - Resuming training from last checkpoint: /mnt/weatherloss/WindPower/training/EGU26/BigTransformer/checkpoint/BigTransformer/last.ckpt
[2026-04-16 21:14:52,635][lightning_fabric.utilities.distributed][INFO] - Initializing distributed: GLOBAL_RANK: 0, MEMBER: 1/2
[2026-04-16 21:18:18,163][pytorch_lightning.utilities.rank_zero][INFO] - ----------------------------------------------------------------------------------------------------
distributed_backend=nccl
All distributed processes registered. Starting with 2 processes
----------------------------------------------------------------------------------------------------

[2026-04-16 21:18:19,846][pytorch_lightning.utilities.rank_zero][INFO] - Restoring states from the checkpoint path at /mnt/weatherloss/WindPower/training/EGU26/BigTransformer/checkpoint/BigTransformer/last.ckpt
[2026-04-16 21:18:35,233][pytorch_lightning.accelerators.cuda][INFO] - LOCAL_RANK: 0 - CUDA_VISIBLE_DEVICES: [0,1]
[2026-04-16 21:18:46,633][lightning_fabric.utilities.seed][INFO] - [rank: 0] Seed set to 53000
[2026-04-16 21:19:22,446][pytorch_lightning.utilities.rank_zero][INFO] - Restored all states from the checkpoint at /mnt/weatherloss/WindPower/training/EGU26/BigTransformer/checkpoint/BigTransformer/last.ckpt
[2026-04-16 21:19:22,452][anemoi.training.data.dataset][INFO] - NativeGridDataset.set_group_info(): global_rank 0, model_comm_group_id 0, model_comm_group_rank 0, model_comm_num_groups 2, reader_group_rank 0
[2026-04-16 21:19:26,532][anemoi.training.data.dataset][INFO] - Worker 0 (pid 627602, global_rank 0, model comm group 0)  has low/high range 0 / 1658
[2026-04-16 21:19:27,134][anemoi.training.data.dataset][INFO] - Worker 0 (train, pid 627602, glob. rank 0, model comm group 0, group_rank 0, seed group id 0, base_seed 53000, sanity rnd 0.489545)
[2026-04-16 21:19:28,238][anemoi.training.data.dataset][INFO] - Worker 1 (pid 627698, global_rank 0, model comm group 0)  has low/high range 1658 / 3316
[2026-04-16 21:19:29,333][anemoi.training.data.dataset][INFO] - Worker 1 (train, pid 627698, glob. rank 0, model comm group 0, group_rank 0, seed group id 0, base_seed 53000, sanity rnd 0.489545)
[2026-04-16 21:19:30,834][anemoi.training.data.dataset][INFO] - Worker 2 (pid 627796, global_rank 0, model comm group 0)  has low/high range 3316 / 4974
[2026-04-16 21:19:30,835][anemoi.training.data.dataset][INFO] - Worker 2 (train, pid 627796, glob. rank 0, model comm group 0, group_rank 0, seed group id 0, base_seed 53000, sanity rnd 0.489545)
[2026-04-16 21:19:35,232][anemoi.training.data.dataset][INFO] - Worker 3 (pid 627942, global_rank 0, model comm group 0)  has low/high range 4974 / 6632
[2026-04-16 21:19:35,436][anemoi.training.data.dataset][INFO] - Worker 3 (train, pid 627942, glob. rank 0, model comm group 0, group_rank 0, seed group id 0, base_seed 53000, sanity rnd 0.489545)
[2026-04-16 21:19:40,146][anemoi.training.data.dataset][INFO] - Worker 4 (pid 628045, global_rank 0, model comm group 0)  has low/high range 6632 / 8290
[2026-04-16 21:19:40,433][anemoi.training.data.dataset][INFO] - Worker 4 (train, pid 628045, glob. rank 0, model comm group 0, group_rank 0, seed group id 0, base_seed 53000, sanity rnd 0.489545)
[2026-04-16 21:19:41,934][anemoi.training.data.dataset][INFO] - Worker 5 (pid 628147, global_rank 0, model comm group 0)  has low/high range 8290 / 9948
[2026-04-16 21:19:41,936][anemoi.training.data.dataset][INFO] - Worker 5 (train, pid 628147, glob. rank 0, model comm group 0, group_rank 0, seed group id 0, base_seed 53000, sanity rnd 0.489545)
[2026-04-16 21:19:48,334][anemoi.training.data.dataset][INFO] - Worker 6 (pid 628253, global_rank 0, model comm group 0)  has low/high range 9948 / 11606
[2026-04-16 21:19:48,335][anemoi.training.data.dataset][INFO] - Worker 6 (train, pid 628253, glob. rank 0, model comm group 0, group_rank 0, seed group id 0, base_seed 53000, sanity rnd 0.489545)
[2026-04-16 21:19:49,536][anemoi.training.data.dataset][INFO] - Worker 7 (pid 628359, global_rank 0, model comm group 0)  has low/high range 11606 / 13264
[2026-04-16 21:19:49,537][anemoi.training.data.dataset][INFO] - Worker 7 (train, pid 628359, glob. rank 0, model comm group 0, group_rank 0, seed group id 0, base_seed 53000, sanity rnd 0.489545)
[2026-04-16 21:20:04,758][anemoi.training.data.datamodule][WARNING] - Falling back rollout to: 1
[2026-04-16 21:20:07,041][anemoi.training.data.dataset][INFO] - NativeGridDataset.set_group_info(): global_rank 0, model_comm_group_id 0, model_comm_group_rank 0, model_comm_num_groups 2, reader_group_rank 0
[2026-04-16 21:20:07,042][anemoi.models.data_indices.collection][INFO] - The order of the variables in the model matches the order in the data.
[2026-04-16 22:27:22,935][lightning_fabric.strategies.launchers.subprocess_script][INFO] - [rank: 1] Child process with PID 626247 terminated with code -6. Forcefully terminating all other processes to avoid zombies 🧟
