[2026-01-06 13:19:44,254][anemoi.training.train.train][INFO] - Skipping config validation.
[2026-01-06 13:19:44,255][anemoi.training.train.train][INFO] - Starting from checkpoint: False
[2026-01-06 13:19:44,255][anemoi.training.train.train][INFO] - Run id: 5f04ff8a-6e18-4f1e-82e4-57871016750e
[2026-01-06 13:19:44,255][anemoi.training.train.train][INFO] - Checkpoints path: {'root': PosixPath('/mnt/weatherloss/WindPower/training/CI/GNN/checkpoint/5f04ff8a-6e18-4f1e-82e4-57871016750e'), 'every_n_epochs': 'anemoi-by_epoch-epoch_{epoch:03d}-step_{step:06d}', 'every_n_train_steps': 'anemoi-by_step-epoch_{epoch:03d}-step_{step:06d}', 'every_n_minutes': 'anemoi-by_time-epoch_{epoch:03d}-step_{step:06d}'}
[2026-01-06 13:19:44,255][anemoi.training.train.train][INFO] - Plots path: /mnt/weatherloss/WindPower/training/CI/GNN/plots/5f04ff8a-6e18-4f1e-82e4-57871016750e
[2026-01-06 13:19:44,621][anemoi.graphs.nodes.builders.from_file][INFO] - Reading the dataset from {'cutout': [{'dataset': '/mnt/weatherloss/WindPower/data/NorthSea/Anemoidatasets/Cerra_CI_HR_A.zarr'}, {'dataset': '/mnt/weatherloss/WindPower/data/NorthSea/Anemoidatasets/Cerra_CI_LR_A.zarr'}], 'min_distance_km': 0, 'adjust': 'all'}.
[2026-01-06 13:19:45,551][anemoi.graphs.generate.masks][INFO] - Fitting KNNAreaMaskBuilder with 24386 reference nodes from "data (cutout)".
[2026-01-06 13:20:01,942][anemoi.graphs.edges.builders.knn][INFO] - Using KNN-Edges (with 12 nearest neighbours) between data and hidden.
[2026-01-06 13:20:01,954][anemoi.graphs.edges.builders.base][WARNING] - The 'torch-cluster' library is not installed.
Installing 'torch-cluster' can significantly improve performance for graph creation.
You can install it using:
    TORCH_VERSION=$(python -c "import torch; print(torch.__version__)")
    pip install torch-cluster -f https://data.pyg.org/whl/torch-${TORCH_VERSION}.html

[2026-01-06 13:20:02,061][anemoi.graphs.edges.builders.cutoff][INFO] - Using CutOff-Edges (with radius = 65.0 km [factor=4.00]) between data and hidden.
[2026-01-06 13:20:02,062][anemoi.graphs.edges.builders.base][WARNING] - The 'torch-cluster' library is not installed.
Installing 'torch-cluster' can significantly improve performance for graph creation.
You can install it using:
    TORCH_VERSION=$(python -c "import torch; print(torch.__version__)")
    pip install torch-cluster -f https://data.pyg.org/whl/torch-${TORCH_VERSION}.html

[2026-01-06 13:20:45,928][anemoi.graphs.edges.builders.knn][INFO] - Using KNN-Edges (with 3 nearest neighbours) between hidden and data.
[2026-01-06 13:20:45,929][anemoi.graphs.edges.builders.base][WARNING] - The 'torch-cluster' library is not installed.
Installing 'torch-cluster' can significantly improve performance for graph creation.
You can install it using:
    TORCH_VERSION=$(python -c "import torch; print(torch.__version__)")
    pip install torch-cluster -f https://data.pyg.org/whl/torch-${TORCH_VERSION}.html

[2026-01-06 13:20:45,993][anemoi.graphs.create][INFO] - Cleaning graph.
[2026-01-06 13:20:45,993][anemoi.graphs.create][INFO] - _grid_reference_distance deleted from graph.
[2026-01-06 13:20:45,993][anemoi.graphs.create][INFO] - _dataset deleted from graph.
[2026-01-06 13:20:45,993][anemoi.graphs.create][INFO] - _grid_reference_distance deleted from graph.
[2026-01-06 13:20:45,993][anemoi.graphs.create][INFO] - _node_ordering deleted from graph.
[2026-01-06 13:20:45,993][anemoi.graphs.create][INFO] - _area_mask_builder deleted from graph.
[2026-01-06 13:20:45,993][anemoi.graphs.create][INFO] - _nx_graph deleted from graph.
[2026-01-06 13:20:45,993][anemoi.graphs.create][INFO] - _resolutions deleted from graph.
[2026-01-06 13:20:45,997][anemoi.graphs.processors.post_process][INFO] - Removing 70655 edges from ('data', 'to', 'hidden').
[2026-01-06 13:20:46,000][anemoi.graphs.processors.post_process][INFO] - Recomputing edge attribute edge_length.
[2026-01-06 13:20:46,002][anemoi.graphs.processors.post_process][INFO] - Recomputing edge attribute edge_dirs.
[2026-01-06 13:20:46,006][anemoi.graphs.processors.post_process][INFO] - Removing 0 nodes from data.
[2026-01-06 13:20:46,033][anemoi.graphs.processors.post_process][INFO] - An attribute indices_connected_nodes has been added with the indices to mask the nodes from the original graph.
[2026-01-06 13:20:46,047][anemoi.graphs.create][INFO] - Graph saved at /mnt/weatherloss/WindPower/graphs/Northsea.pt.
[2026-01-06 13:20:46,346][anemoi.training.data.datamodule][WARNING] - Falling back rollout to: 1
[2026-01-06 13:20:46,347][anemoi.training.data.datamodule][INFO] - Timeincrement set to 1 for data with frequency, 10800, and timestep, 10800
[2026-01-06 13:20:46,347][anemoi.training.data.grid_indices][INFO] - The graph attribute indices_connected_nodes of the data nodes will be used to masking the spatial dimension.
[2026-01-06 13:20:46,349][anemoi.training.train.train][INFO] - Number of data variables: 71
[2026-01-06 13:20:46,349][anemoi.training.train.train][INFO] - Variables: ['cos_latitude', 'cos_longitude', 'insolation', 'julian_day', 'lsm', 'mcc', 'msl', 'r_1000', 'r_500', 'r_600', 'r_700', 'r_750', 'r_800', 'r_850', 'r_900', 'r_950', 'sin_latitude', 'sin_longitude', 'surface_geopotential', 't2m', 't_1000', 't_500', 't_600', 't_700', 't_750', 't_800', 't_850', 't_900', 't_950', 'u_1000', 'u_500', 'u_600', 'u_700', 'u_750', 'u_800', 'u_850', 'u_900', 'u_950', 'v_1000', 'v_500', 'v_600', 'v_700', 'v_750', 'v_800', 'v_850', 'v_900', 'v_950', 'wdir10_cos', 'wdir10_sin', 'wdir_cos100', 'wdir_cos150', 'wdir_cos200', 'wdir_cos50', 'wdir_sin100', 'wdir_sin150', 'wdir_sin200', 'wdir_sin50', 'ws10', 'ws100', 'ws150', 'ws200', 'ws50', 'z_1000', 'z_500', 'z_600', 'z_700', 'z_750', 'z_800', 'z_850', 'z_900', 'z_950']
[2026-01-06 13:20:46,349][anemoi.training.train.train][INFO] - Total number of prognostic variables: 63
[2026-01-06 13:20:46,349][anemoi.training.train.train][INFO] - Total number of auxiliary variables: 8
[2026-01-06 13:20:46,349][anemoi.training.train.train][INFO] - Total GPU count / model group size: 1 - NB: the learning rate will be scaled by this factor!
[2026-01-06 13:20:46,349][anemoi.training.train.train][INFO] - Effective learning rate: 2.500e-04
[2026-01-06 13:20:46,350][anemoi.training.train.train][INFO] - Training limits: max_epochs=25, max_steps=100000. Training will stop when either limit is reached first. Learning rate scheduler will run for 100000 steps.
[2026-01-06 13:20:46,369][anemoi.models.migrations.migrator][INFO] - Loading migration 1755530253_initial
[2026-01-06 13:20:46,369][anemoi.models.migrations.migrator][INFO] - Loading migration 1762857427_deprecate_eda
[2026-01-06 13:20:46,369][anemoi.models.migrations.migrator][INFO] - Loading migration 1762857428_chunking_fix
[2026-01-06 13:20:46,369][anemoi.models.migrations.migrator][INFO] - Loading migration 1763479917_hardware_schema_update
[2026-01-06 13:20:46,401][anemoi.training.train.train][INFO] - TensorBoard logger enabled
[2026-01-06 13:20:46,403][pytorch_lightning.utilities.rank_zero][INFO] - Using 16bit Automatic Mixed Precision (AMP)
[2026-01-06 13:20:46,413][pytorch_lightning.utilities.rank_zero][INFO] - GPU available: True (cuda), used: True
[2026-01-06 13:20:46,414][pytorch_lightning.utilities.rank_zero][INFO] - TPU available: False, using: 0 TPU cores
[2026-01-06 13:20:46,414][anemoi.training.train.train][INFO] - Recompile limit set to 32
[2026-01-06 13:20:46,447][lightning_fabric.utilities.seed][INFO] - Seed set to 4528
[2026-01-06 13:20:46,448][anemoi.training.train.train][INFO] - Initial seed: Rank 0, initial seed 4528, running with random seed: 4528
[2026-01-06 13:20:46,959][anemoi.models.preprocessing.normalizer][INFO] - Normalizing: cos_latitude is not normalized.
[2026-01-06 13:20:46,959][anemoi.models.preprocessing.normalizer][INFO] - Normalizing: cos_longitude is not normalized.
[2026-01-06 13:20:46,959][anemoi.models.preprocessing.normalizer][INFO] - Normalizing: lsm is not normalized.
[2026-01-06 13:20:46,959][anemoi.models.preprocessing.normalizer][INFO] - Normalizing: sin_latitude is not normalized.
[2026-01-06 13:20:46,959][anemoi.models.preprocessing.normalizer][INFO] - Normalizing: sin_longitude is not normalized.
[2026-01-06 13:20:46,959][anemoi.models.preprocessing.normalizer][INFO] - Normalizing: wdir10_cos is not normalized.
[2026-01-06 13:20:46,959][anemoi.models.preprocessing.normalizer][INFO] - Normalizing: wdir10_sin is not normalized.
[2026-01-06 13:20:46,959][anemoi.models.preprocessing.normalizer][INFO] - Normalizing: wdir_cos100 is not normalized.
[2026-01-06 13:20:46,959][anemoi.models.preprocessing.normalizer][INFO] - Normalizing: wdir_cos150 is not normalized.
[2026-01-06 13:20:46,959][anemoi.models.preprocessing.normalizer][INFO] - Normalizing: wdir_cos200 is not normalized.
[2026-01-06 13:20:46,959][anemoi.models.preprocessing.normalizer][INFO] - Normalizing: wdir_cos50 is not normalized.
[2026-01-06 13:20:46,959][anemoi.models.preprocessing.normalizer][INFO] - Normalizing: wdir_sin100 is not normalized.
[2026-01-06 13:20:46,959][anemoi.models.preprocessing.normalizer][INFO] - Normalizing: wdir_sin150 is not normalized.
[2026-01-06 13:20:46,959][anemoi.models.preprocessing.normalizer][INFO] - Normalizing: wdir_sin200 is not normalized.
[2026-01-06 13:20:46,959][anemoi.models.preprocessing.normalizer][INFO] - Normalizing: wdir_sin50 is not normalized.
[2026-01-06 13:20:47,015][anemoi.models.layers.utils][INFO] - Linear kernel: torch.nn.Linear.
[2026-01-06 13:20:47,016][anemoi.models.layers.utils][INFO] - LayerNorm kernel: torch.nn.LayerNorm.
[2026-01-06 13:20:47,016][anemoi.models.layers.utils][INFO] - Activation kernel: torch.nn.GELU.
[2026-01-06 13:20:47,017][anemoi.models.layers.utils][INFO] - QueryNorm kernel: anemoi.models.layers.normalization.AutocastLayerNorm.
[2026-01-06 13:20:47,018][anemoi.models.layers.utils][INFO] - KeyNorm kernel: anemoi.models.layers.normalization.AutocastLayerNorm.
[2026-01-06 13:20:47,057][anemoi.models.layers.utils][INFO] - Linear kernel: torch.nn.Linear.
[2026-01-06 13:20:47,057][anemoi.models.layers.utils][INFO] - LayerNorm kernel: torch.nn.LayerNorm.
[2026-01-06 13:20:47,058][anemoi.models.layers.utils][INFO] - Activation kernel: torch.nn.GELU.
[2026-01-06 13:20:47,058][anemoi.models.layers.utils][INFO] - QueryNorm kernel: anemoi.models.layers.normalization.AutocastLayerNorm.
[2026-01-06 13:20:47,059][anemoi.models.layers.utils][INFO] - KeyNorm kernel: anemoi.models.layers.normalization.AutocastLayerNorm.
[2026-01-06 13:20:47,101][anemoi.models.layers.utils][INFO] - Linear kernel: torch.nn.Linear.
[2026-01-06 13:20:47,102][anemoi.models.layers.utils][INFO] - LayerNorm kernel: torch.nn.LayerNorm.
[2026-01-06 13:20:47,102][anemoi.models.layers.utils][INFO] - Activation kernel: torch.nn.GELU.
[2026-01-06 13:20:47,103][anemoi.models.layers.utils][INFO] - QueryNorm kernel: anemoi.models.layers.normalization.AutocastLayerNorm.
[2026-01-06 13:20:47,103][anemoi.models.layers.utils][INFO] - KeyNorm kernel: anemoi.models.layers.normalization.AutocastLayerNorm.
[2026-01-06 13:20:47,191][anemoi.training.losses.scalers.variable_level][INFO] - Variable Level Scaling: Applying ReluVariableLevelScaler scaling to pl variables ({'param': []})
[2026-01-06 13:20:47,191][anemoi.training.losses.scalers.variable_level][INFO] - with slope = 0.001 and y-intercept/minimum = 0.2.
[2026-01-06 13:20:47,248][anemoi.training.data.grid_indices][INFO] - The graph attribute indices_connected_nodes of the data nodes will be used to masking the spatial dimension.
[2026-01-06 13:20:47,249][anemoi.training.train.train][INFO] - The following submodules will NOT be trained: []
[2026-01-06 13:20:47,269][lightning_fabric.utilities.distributed][INFO] - Initializing distributed: GLOBAL_RANK: 0, MEMBER: 1/1
[2026-01-06 13:20:47,435][pytorch_lightning.utilities.rank_zero][INFO] - ----------------------------------------------------------------------------------------------------
distributed_backend=nccl
All distributed processes registered. Starting with 1 processes
----------------------------------------------------------------------------------------------------

[2026-01-06 13:20:47,722][pytorch_lightning.accelerators.cuda][INFO] - LOCAL_RANK: 0 - CUDA_VISIBLE_DEVICES: [0]
[2026-01-06 13:20:47,818][lightning_fabric.utilities.seed][INFO] - [rank: 0] Seed set to 4528
[2026-01-06 13:20:55,766][anemoi.training.data.datamodule][WARNING] - Falling back rollout to: 1
[2026-01-06 13:20:55,767][anemoi.training.data.dataset][INFO] - NativeGridDataset.set_group_info(): global_rank 0, model_comm_group_id 0, model_comm_group_rank 0, model_comm_num_groups 1, reader_group_rank 0
[2026-01-06 13:20:55,878][anemoi.training.data.dataset][INFO] - Worker 0 (pid 115099, global_rank 0, model comm group 0)  has low/high range 0 / 727
[2026-01-06 13:20:55,880][anemoi.training.data.dataset][INFO] - Worker 0 (validation, pid 115099, glob. rank 0, model comm group 0, group_rank 0, seed group id 0, base_seed 4528, sanity rnd 0.729572)
[2026-01-06 13:20:55,883][anemoi.models.data_indices.collection][INFO] - The order of the variables in the model matches the order in the data.
[2026-01-06 13:20:55,977][anemoi.training.data.dataset][INFO] - Worker 1 (pid 115195, global_rank 0, model comm group 0)  has low/high range 727 / 1454
[2026-01-06 13:20:55,979][anemoi.training.data.dataset][INFO] - Worker 1 (validation, pid 115195, glob. rank 0, model comm group 0, group_rank 0, seed group id 0, base_seed 4528, sanity rnd 0.729572)
[2026-01-06 13:20:56,725][anemoi.training.data.dataset][INFO] - NativeGridDataset.set_group_info(): global_rank 0, model_comm_group_id 0, model_comm_group_rank 0, model_comm_num_groups 1, reader_group_rank 0
[2026-01-06 13:20:56,787][anemoi.training.data.dataset][INFO] - Worker 0 (pid 115298, global_rank 0, model comm group 0)  has low/high range 0 / 5967
[2026-01-06 13:20:56,789][anemoi.training.data.dataset][INFO] - Worker 0 (train, pid 115298, glob. rank 0, model comm group 0, group_rank 0, seed group id 0, base_seed 4528, sanity rnd 0.729572)
[2026-01-06 13:20:56,880][anemoi.training.data.dataset][INFO] - Worker 1 (pid 115394, global_rank 0, model comm group 0)  has low/high range 5967 / 11934
[2026-01-06 13:20:56,882][anemoi.training.data.dataset][INFO] - Worker 1 (train, pid 115394, glob. rank 0, model comm group 0, group_rank 0, seed group id 0, base_seed 4528, sanity rnd 0.729572)
[2026-01-06 13:20:56,933][anemoi.models.data_indices.collection][INFO] - The order of the variables in the model matches the order in the data.
[2026-01-06 14:59:17,969][anemoi.models.data_indices.collection][INFO] - The order of the variables in the model matches the order in the data.
[2026-01-06 15:10:13,925][anemoi.utils.checkpoints][INFO] - Adding extra information to checkpoint /mnt/weatherloss/WindPower/training/CI/GNN/checkpoint/5f04ff8a-6e18-4f1e-82e4-57871016750e/inference-anemoi-by_epoch-epoch_000-step_011934.ckpt
[2026-01-06 15:10:13,925][anemoi.utils.checkpoints][INFO] - Saving metadata to inference-anemoi-by_epoch-epoch_000-step_011934/anemoi-metadata/ai-models.json
[2026-01-06 15:10:13,926][anemoi.utils.checkpoints][INFO] - Saving supporting array `latitudes` to inference-anemoi-by_epoch-epoch_000-step_011934/anemoi-metadata/latitudes.numpy (shape=(25427,), dtype=float64)
[2026-01-06 15:10:13,927][anemoi.utils.checkpoints][INFO] - Saving supporting array `longitudes` to inference-anemoi-by_epoch-epoch_000-step_011934/anemoi-metadata/longitudes.numpy (shape=(25427,), dtype=float64)
[2026-01-06 15:10:13,927][anemoi.utils.checkpoints][INFO] - Saving supporting array `lam_0/cutout_mask` to inference-anemoi-by_epoch-epoch_000-step_011934/anemoi-metadata/lam_0/cutout_mask.numpy (shape=(24386,), dtype=bool)
[2026-01-06 15:10:13,927][anemoi.utils.checkpoints][INFO] - Saving supporting array `global/cutout_mask` to inference-anemoi-by_epoch-epoch_000-step_011934/anemoi-metadata/global/cutout_mask.numpy (shape=(2021,), dtype=bool)
[2026-01-06 15:10:13,927][anemoi.utils.checkpoints][INFO] - Saving supporting array `source0/latitudes` to inference-anemoi-by_epoch-epoch_000-step_011934/anemoi-metadata/source0/latitudes.numpy (shape=(24386,), dtype=float64)
[2026-01-06 15:10:13,927][anemoi.utils.checkpoints][INFO] - Saving supporting array `source0/longitudes` to inference-anemoi-by_epoch-epoch_000-step_011934/anemoi-metadata/source0/longitudes.numpy (shape=(24386,), dtype=float64)
[2026-01-06 15:10:13,927][anemoi.utils.checkpoints][INFO] - Saving supporting array `source1/latitudes` to inference-anemoi-by_epoch-epoch_000-step_011934/anemoi-metadata/source1/latitudes.numpy (shape=(2021,), dtype=float64)
[2026-01-06 15:10:13,927][anemoi.utils.checkpoints][INFO] - Saving supporting array `source1/longitudes` to inference-anemoi-by_epoch-epoch_000-step_011934/anemoi-metadata/source1/longitudes.numpy (shape=(2021,), dtype=float64)
[2026-01-06 15:10:13,927][anemoi.utils.checkpoints][INFO] - Saving supporting array `grid_indices` to inference-anemoi-by_epoch-epoch_000-step_011934/anemoi-metadata/grid_indices.numpy (shape=(25427,), dtype=int64)
[2026-01-06 15:10:14,260][anemoi.utils.checkpoints][INFO] - Adding extra information to checkpoint /mnt/weatherloss/WindPower/training/CI/GNN/checkpoint/5f04ff8a-6e18-4f1e-82e4-57871016750e/anemoi-by_epoch-epoch_000-step_011934.ckpt
[2026-01-06 15:10:14,260][anemoi.utils.checkpoints][INFO] - Saving metadata to archive/anemoi-metadata/ai-models.json
[2026-01-06 15:10:14,261][anemoi.utils.checkpoints][INFO] - Saving supporting array `latitudes` to archive/anemoi-metadata/latitudes.numpy (shape=(25427,), dtype=float64)
[2026-01-06 15:10:14,261][anemoi.utils.checkpoints][INFO] - Saving supporting array `longitudes` to archive/anemoi-metadata/longitudes.numpy (shape=(25427,), dtype=float64)
[2026-01-06 15:10:14,262][anemoi.utils.checkpoints][INFO] - Saving supporting array `lam_0/cutout_mask` to archive/anemoi-metadata/lam_0/cutout_mask.numpy (shape=(24386,), dtype=bool)
[2026-01-06 15:10:14,262][anemoi.utils.checkpoints][INFO] - Saving supporting array `global/cutout_mask` to archive/anemoi-metadata/global/cutout_mask.numpy (shape=(2021,), dtype=bool)
[2026-01-06 15:10:14,262][anemoi.utils.checkpoints][INFO] - Saving supporting array `source0/latitudes` to archive/anemoi-metadata/source0/latitudes.numpy (shape=(24386,), dtype=float64)
[2026-01-06 15:10:14,262][anemoi.utils.checkpoints][INFO] - Saving supporting array `source0/longitudes` to archive/anemoi-metadata/source0/longitudes.numpy (shape=(24386,), dtype=float64)
[2026-01-06 15:10:14,262][anemoi.utils.checkpoints][INFO] - Saving supporting array `source1/latitudes` to archive/anemoi-metadata/source1/latitudes.numpy (shape=(2021,), dtype=float64)
[2026-01-06 15:10:14,262][anemoi.utils.checkpoints][INFO] - Saving supporting array `source1/longitudes` to archive/anemoi-metadata/source1/longitudes.numpy (shape=(2021,), dtype=float64)
[2026-01-06 15:10:14,262][anemoi.utils.checkpoints][INFO] - Saving supporting array `grid_indices` to archive/anemoi-metadata/grid_indices.numpy (shape=(25427,), dtype=int64)
[2026-01-06 15:10:14,315][anemoi.utils.checkpoints][INFO] - Adding extra information to checkpoint /mnt/weatherloss/WindPower/training/CI/GNN/checkpoint/5f04ff8a-6e18-4f1e-82e4-57871016750e/inference-last.ckpt
[2026-01-06 15:10:14,315][anemoi.utils.checkpoints][INFO] - Saving metadata to inference-last/anemoi-metadata/ai-models.json
[2026-01-06 15:10:14,316][anemoi.utils.checkpoints][INFO] - Saving supporting array `latitudes` to inference-last/anemoi-metadata/latitudes.numpy (shape=(25427,), dtype=float64)
[2026-01-06 15:10:14,316][anemoi.utils.checkpoints][INFO] - Saving supporting array `longitudes` to inference-last/anemoi-metadata/longitudes.numpy (shape=(25427,), dtype=float64)
[2026-01-06 15:10:14,316][anemoi.utils.checkpoints][INFO] - Saving supporting array `lam_0/cutout_mask` to inference-last/anemoi-metadata/lam_0/cutout_mask.numpy (shape=(24386,), dtype=bool)
[2026-01-06 15:10:14,316][anemoi.utils.checkpoints][INFO] - Saving supporting array `global/cutout_mask` to inference-last/anemoi-metadata/global/cutout_mask.numpy (shape=(2021,), dtype=bool)
[2026-01-06 15:10:14,316][anemoi.utils.checkpoints][INFO] - Saving supporting array `source0/latitudes` to inference-last/anemoi-metadata/source0/latitudes.numpy (shape=(24386,), dtype=float64)
[2026-01-06 15:10:14,316][anemoi.utils.checkpoints][INFO] - Saving supporting array `source0/longitudes` to inference-last/anemoi-metadata/source0/longitudes.numpy (shape=(24386,), dtype=float64)
[2026-01-06 15:10:14,316][anemoi.utils.checkpoints][INFO] - Saving supporting array `source1/latitudes` to inference-last/anemoi-metadata/source1/latitudes.numpy (shape=(2021,), dtype=float64)
[2026-01-06 15:10:14,316][anemoi.utils.checkpoints][INFO] - Saving supporting array `source1/longitudes` to inference-last/anemoi-metadata/source1/longitudes.numpy (shape=(2021,), dtype=float64)
[2026-01-06 15:10:14,317][anemoi.utils.checkpoints][INFO] - Saving supporting array `grid_indices` to inference-last/anemoi-metadata/grid_indices.numpy (shape=(25427,), dtype=int64)
[2026-01-06 15:10:14,621][anemoi.utils.checkpoints][INFO] - Adding extra information to checkpoint /mnt/weatherloss/WindPower/training/CI/GNN/checkpoint/5f04ff8a-6e18-4f1e-82e4-57871016750e/last.ckpt
[2026-01-06 15:10:14,621][anemoi.utils.checkpoints][INFO] - Saving metadata to archive/anemoi-metadata/ai-models.json
[2026-01-06 15:10:14,622][anemoi.utils.checkpoints][INFO] - Saving supporting array `latitudes` to archive/anemoi-metadata/latitudes.numpy (shape=(25427,), dtype=float64)
[2026-01-06 15:10:14,623][anemoi.utils.checkpoints][INFO] - Saving supporting array `longitudes` to archive/anemoi-metadata/longitudes.numpy (shape=(25427,), dtype=float64)
[2026-01-06 15:10:14,623][anemoi.utils.checkpoints][INFO] - Saving supporting array `lam_0/cutout_mask` to archive/anemoi-metadata/lam_0/cutout_mask.numpy (shape=(24386,), dtype=bool)
[2026-01-06 15:10:14,623][anemoi.utils.checkpoints][INFO] - Saving supporting array `global/cutout_mask` to archive/anemoi-metadata/global/cutout_mask.numpy (shape=(2021,), dtype=bool)
[2026-01-06 15:10:14,623][anemoi.utils.checkpoints][INFO] - Saving supporting array `source0/latitudes` to archive/anemoi-metadata/source0/latitudes.numpy (shape=(24386,), dtype=float64)
[2026-01-06 15:10:14,623][anemoi.utils.checkpoints][INFO] - Saving supporting array `source0/longitudes` to archive/anemoi-metadata/source0/longitudes.numpy (shape=(24386,), dtype=float64)
[2026-01-06 15:10:14,623][anemoi.utils.checkpoints][INFO] - Saving supporting array `source1/latitudes` to archive/anemoi-metadata/source1/latitudes.numpy (shape=(2021,), dtype=float64)
[2026-01-06 15:10:14,623][anemoi.utils.checkpoints][INFO] - Saving supporting array `source1/longitudes` to archive/anemoi-metadata/source1/longitudes.numpy (shape=(2021,), dtype=float64)
[2026-01-06 15:10:14,623][anemoi.utils.checkpoints][INFO] - Saving supporting array `grid_indices` to archive/anemoi-metadata/grid_indices.numpy (shape=(25427,), dtype=int64)
[2026-01-06 16:45:36,096][anemoi.models.data_indices.collection][INFO] - The order of the variables in the model matches the order in the data.
[2026-01-06 16:47:05,012][anemoi.utils.checkpoints][INFO] - Adding extra information to checkpoint /mnt/weatherloss/WindPower/training/CI/GNN/checkpoint/5f04ff8a-6e18-4f1e-82e4-57871016750e/inference-anemoi-by_epoch-epoch_001-step_023868.ckpt
[2026-01-06 16:47:05,012][anemoi.utils.checkpoints][INFO] - Saving metadata to inference-anemoi-by_epoch-epoch_001-step_023868/anemoi-metadata/ai-models.json
[2026-01-06 16:47:05,013][anemoi.utils.checkpoints][INFO] - Saving supporting array `latitudes` to inference-anemoi-by_epoch-epoch_001-step_023868/anemoi-metadata/latitudes.numpy (shape=(25427,), dtype=float64)
[2026-01-06 16:47:05,013][anemoi.utils.checkpoints][INFO] - Saving supporting array `longitudes` to inference-anemoi-by_epoch-epoch_001-step_023868/anemoi-metadata/longitudes.numpy (shape=(25427,), dtype=float64)
[2026-01-06 16:47:05,013][anemoi.utils.checkpoints][INFO] - Saving supporting array `lam_0/cutout_mask` to inference-anemoi-by_epoch-epoch_001-step_023868/anemoi-metadata/lam_0/cutout_mask.numpy (shape=(24386,), dtype=bool)
[2026-01-06 16:47:05,014][anemoi.utils.checkpoints][INFO] - Saving supporting array `global/cutout_mask` to inference-anemoi-by_epoch-epoch_001-step_023868/anemoi-metadata/global/cutout_mask.numpy (shape=(2021,), dtype=bool)
[2026-01-06 16:47:05,014][anemoi.utils.checkpoints][INFO] - Saving supporting array `source0/latitudes` to inference-anemoi-by_epoch-epoch_001-step_023868/anemoi-metadata/source0/latitudes.numpy (shape=(24386,), dtype=float64)
[2026-01-06 16:47:05,014][anemoi.utils.checkpoints][INFO] - Saving supporting array `source0/longitudes` to inference-anemoi-by_epoch-epoch_001-step_023868/anemoi-metadata/source0/longitudes.numpy (shape=(24386,), dtype=float64)
[2026-01-06 16:47:05,014][anemoi.utils.checkpoints][INFO] - Saving supporting array `source1/latitudes` to inference-anemoi-by_epoch-epoch_001-step_023868/anemoi-metadata/source1/latitudes.numpy (shape=(2021,), dtype=float64)
[2026-01-06 16:47:05,014][anemoi.utils.checkpoints][INFO] - Saving supporting array `source1/longitudes` to inference-anemoi-by_epoch-epoch_001-step_023868/anemoi-metadata/source1/longitudes.numpy (shape=(2021,), dtype=float64)
[2026-01-06 16:47:05,014][anemoi.utils.checkpoints][INFO] - Saving supporting array `grid_indices` to inference-anemoi-by_epoch-epoch_001-step_023868/anemoi-metadata/grid_indices.numpy (shape=(25427,), dtype=int64)
[2026-01-06 16:47:05,336][anemoi.utils.checkpoints][INFO] - Adding extra information to checkpoint /mnt/weatherloss/WindPower/training/CI/GNN/checkpoint/5f04ff8a-6e18-4f1e-82e4-57871016750e/anemoi-by_epoch-epoch_001-step_023868.ckpt
[2026-01-06 16:47:05,336][anemoi.utils.checkpoints][INFO] - Saving metadata to archive/anemoi-metadata/ai-models.json
[2026-01-06 16:47:05,338][anemoi.utils.checkpoints][INFO] - Saving supporting array `latitudes` to archive/anemoi-metadata/latitudes.numpy (shape=(25427,), dtype=float64)
[2026-01-06 16:47:05,338][anemoi.utils.checkpoints][INFO] - Saving supporting array `longitudes` to archive/anemoi-metadata/longitudes.numpy (shape=(25427,), dtype=float64)
[2026-01-06 16:47:05,338][anemoi.utils.checkpoints][INFO] - Saving supporting array `lam_0/cutout_mask` to archive/anemoi-metadata/lam_0/cutout_mask.numpy (shape=(24386,), dtype=bool)
[2026-01-06 16:47:05,338][anemoi.utils.checkpoints][INFO] - Saving supporting array `global/cutout_mask` to archive/anemoi-metadata/global/cutout_mask.numpy (shape=(2021,), dtype=bool)
[2026-01-06 16:47:05,338][anemoi.utils.checkpoints][INFO] - Saving supporting array `source0/latitudes` to archive/anemoi-metadata/source0/latitudes.numpy (shape=(24386,), dtype=float64)
[2026-01-06 16:47:05,339][anemoi.utils.checkpoints][INFO] - Saving supporting array `source0/longitudes` to archive/anemoi-metadata/source0/longitudes.numpy (shape=(24386,), dtype=float64)
[2026-01-06 16:47:05,339][anemoi.utils.checkpoints][INFO] - Saving supporting array `source1/latitudes` to archive/anemoi-metadata/source1/latitudes.numpy (shape=(2021,), dtype=float64)
[2026-01-06 16:47:05,339][anemoi.utils.checkpoints][INFO] - Saving supporting array `source1/longitudes` to archive/anemoi-metadata/source1/longitudes.numpy (shape=(2021,), dtype=float64)
[2026-01-06 16:47:05,339][anemoi.utils.checkpoints][INFO] - Saving supporting array `grid_indices` to archive/anemoi-metadata/grid_indices.numpy (shape=(25427,), dtype=int64)
[2026-01-06 16:47:05,417][anemoi.utils.checkpoints][INFO] - Adding extra information to checkpoint /mnt/weatherloss/WindPower/training/CI/GNN/checkpoint/5f04ff8a-6e18-4f1e-82e4-57871016750e/inference-last.ckpt
[2026-01-06 16:47:05,417][anemoi.utils.checkpoints][INFO] - Saving metadata to inference-last/anemoi-metadata/ai-models.json
[2026-01-06 16:47:05,418][anemoi.utils.checkpoints][INFO] - Saving supporting array `latitudes` to inference-last/anemoi-metadata/latitudes.numpy (shape=(25427,), dtype=float64)
[2026-01-06 16:47:05,419][anemoi.utils.checkpoints][INFO] - Saving supporting array `longitudes` to inference-last/anemoi-metadata/longitudes.numpy (shape=(25427,), dtype=float64)
[2026-01-06 16:47:05,419][anemoi.utils.checkpoints][INFO] - Saving supporting array `lam_0/cutout_mask` to inference-last/anemoi-metadata/lam_0/cutout_mask.numpy (shape=(24386,), dtype=bool)
[2026-01-06 16:47:05,419][anemoi.utils.checkpoints][INFO] - Saving supporting array `global/cutout_mask` to inference-last/anemoi-metadata/global/cutout_mask.numpy (shape=(2021,), dtype=bool)
[2026-01-06 16:47:05,419][anemoi.utils.checkpoints][INFO] - Saving supporting array `source0/latitudes` to inference-last/anemoi-metadata/source0/latitudes.numpy (shape=(24386,), dtype=float64)
[2026-01-06 16:47:05,419][anemoi.utils.checkpoints][INFO] - Saving supporting array `source0/longitudes` to inference-last/anemoi-metadata/source0/longitudes.numpy (shape=(24386,), dtype=float64)
[2026-01-06 16:47:05,419][anemoi.utils.checkpoints][INFO] - Saving supporting array `source1/latitudes` to inference-last/anemoi-metadata/source1/latitudes.numpy (shape=(2021,), dtype=float64)
[2026-01-06 16:47:05,420][anemoi.utils.checkpoints][INFO] - Saving supporting array `source1/longitudes` to inference-last/anemoi-metadata/source1/longitudes.numpy (shape=(2021,), dtype=float64)
[2026-01-06 16:47:05,420][anemoi.utils.checkpoints][INFO] - Saving supporting array `grid_indices` to inference-last/anemoi-metadata/grid_indices.numpy (shape=(25427,), dtype=int64)
[2026-01-06 16:47:05,776][anemoi.utils.checkpoints][INFO] - Adding extra information to checkpoint /mnt/weatherloss/WindPower/training/CI/GNN/checkpoint/5f04ff8a-6e18-4f1e-82e4-57871016750e/last.ckpt
[2026-01-06 16:47:05,776][anemoi.utils.checkpoints][INFO] - Saving metadata to archive/anemoi-metadata/ai-models.json
[2026-01-06 16:47:05,777][anemoi.utils.checkpoints][INFO] - Saving supporting array `latitudes` to archive/anemoi-metadata/latitudes.numpy (shape=(25427,), dtype=float64)
[2026-01-06 16:47:05,778][anemoi.utils.checkpoints][INFO] - Saving supporting array `longitudes` to archive/anemoi-metadata/longitudes.numpy (shape=(25427,), dtype=float64)
[2026-01-06 16:47:05,778][anemoi.utils.checkpoints][INFO] - Saving supporting array `lam_0/cutout_mask` to archive/anemoi-metadata/lam_0/cutout_mask.numpy (shape=(24386,), dtype=bool)
[2026-01-06 16:47:05,778][anemoi.utils.checkpoints][INFO] - Saving supporting array `global/cutout_mask` to archive/anemoi-metadata/global/cutout_mask.numpy (shape=(2021,), dtype=bool)
[2026-01-06 16:47:05,778][anemoi.utils.checkpoints][INFO] - Saving supporting array `source0/latitudes` to archive/anemoi-metadata/source0/latitudes.numpy (shape=(24386,), dtype=float64)
[2026-01-06 16:47:05,778][anemoi.utils.checkpoints][INFO] - Saving supporting array `source0/longitudes` to archive/anemoi-metadata/source0/longitudes.numpy (shape=(24386,), dtype=float64)
[2026-01-06 16:47:05,778][anemoi.utils.checkpoints][INFO] - Saving supporting array `source1/latitudes` to archive/anemoi-metadata/source1/latitudes.numpy (shape=(2021,), dtype=float64)
[2026-01-06 16:47:05,778][anemoi.utils.checkpoints][INFO] - Saving supporting array `source1/longitudes` to archive/anemoi-metadata/source1/longitudes.numpy (shape=(2021,), dtype=float64)
[2026-01-06 16:47:05,778][anemoi.utils.checkpoints][INFO] - Saving supporting array `grid_indices` to archive/anemoi-metadata/grid_indices.numpy (shape=(25427,), dtype=int64)
[2026-01-06 18:34:20,010][anemoi.models.data_indices.collection][INFO] - The order of the variables in the model matches the order in the data.
[2026-01-06 18:35:47,512][anemoi.utils.checkpoints][INFO] - Adding extra information to checkpoint /mnt/weatherloss/WindPower/training/CI/GNN/checkpoint/5f04ff8a-6e18-4f1e-82e4-57871016750e/inference-anemoi-by_epoch-epoch_002-step_035802.ckpt
[2026-01-06 18:35:47,512][anemoi.utils.checkpoints][INFO] - Saving metadata to inference-anemoi-by_epoch-epoch_002-step_035802/anemoi-metadata/ai-models.json
[2026-01-06 18:35:47,513][anemoi.utils.checkpoints][INFO] - Saving supporting array `latitudes` to inference-anemoi-by_epoch-epoch_002-step_035802/anemoi-metadata/latitudes.numpy (shape=(25427,), dtype=float64)
[2026-01-06 18:35:47,514][anemoi.utils.checkpoints][INFO] - Saving supporting array `longitudes` to inference-anemoi-by_epoch-epoch_002-step_035802/anemoi-metadata/longitudes.numpy (shape=(25427,), dtype=float64)
[2026-01-06 18:35:47,514][anemoi.utils.checkpoints][INFO] - Saving supporting array `lam_0/cutout_mask` to inference-anemoi-by_epoch-epoch_002-step_035802/anemoi-metadata/lam_0/cutout_mask.numpy (shape=(24386,), dtype=bool)
[2026-01-06 18:35:47,514][anemoi.utils.checkpoints][INFO] - Saving supporting array `global/cutout_mask` to inference-anemoi-by_epoch-epoch_002-step_035802/anemoi-metadata/global/cutout_mask.numpy (shape=(2021,), dtype=bool)
[2026-01-06 18:35:47,514][anemoi.utils.checkpoints][INFO] - Saving supporting array `source0/latitudes` to inference-anemoi-by_epoch-epoch_002-step_035802/anemoi-metadata/source0/latitudes.numpy (shape=(24386,), dtype=float64)
[2026-01-06 18:35:47,514][anemoi.utils.checkpoints][INFO] - Saving supporting array `source0/longitudes` to inference-anemoi-by_epoch-epoch_002-step_035802/anemoi-metadata/source0/longitudes.numpy (shape=(24386,), dtype=float64)
[2026-01-06 18:35:47,514][anemoi.utils.checkpoints][INFO] - Saving supporting array `source1/latitudes` to inference-anemoi-by_epoch-epoch_002-step_035802/anemoi-metadata/source1/latitudes.numpy (shape=(2021,), dtype=float64)
[2026-01-06 18:35:47,514][anemoi.utils.checkpoints][INFO] - Saving supporting array `source1/longitudes` to inference-anemoi-by_epoch-epoch_002-step_035802/anemoi-metadata/source1/longitudes.numpy (shape=(2021,), dtype=float64)
[2026-01-06 18:35:47,515][anemoi.utils.checkpoints][INFO] - Saving supporting array `grid_indices` to inference-anemoi-by_epoch-epoch_002-step_035802/anemoi-metadata/grid_indices.numpy (shape=(25427,), dtype=int64)
[2026-01-06 18:35:47,848][anemoi.utils.checkpoints][INFO] - Adding extra information to checkpoint /mnt/weatherloss/WindPower/training/CI/GNN/checkpoint/5f04ff8a-6e18-4f1e-82e4-57871016750e/anemoi-by_epoch-epoch_002-step_035802.ckpt
[2026-01-06 18:35:47,848][anemoi.utils.checkpoints][INFO] - Saving metadata to archive/anemoi-metadata/ai-models.json
[2026-01-06 18:35:47,849][anemoi.utils.checkpoints][INFO] - Saving supporting array `latitudes` to archive/anemoi-metadata/latitudes.numpy (shape=(25427,), dtype=float64)
[2026-01-06 18:35:47,849][anemoi.utils.checkpoints][INFO] - Saving supporting array `longitudes` to archive/anemoi-metadata/longitudes.numpy (shape=(25427,), dtype=float64)
[2026-01-06 18:35:47,850][anemoi.utils.checkpoints][INFO] - Saving supporting array `lam_0/cutout_mask` to archive/anemoi-metadata/lam_0/cutout_mask.numpy (shape=(24386,), dtype=bool)
[2026-01-06 18:35:47,850][anemoi.utils.checkpoints][INFO] - Saving supporting array `global/cutout_mask` to archive/anemoi-metadata/global/cutout_mask.numpy (shape=(2021,), dtype=bool)
[2026-01-06 18:35:47,850][anemoi.utils.checkpoints][INFO] - Saving supporting array `source0/latitudes` to archive/anemoi-metadata/source0/latitudes.numpy (shape=(24386,), dtype=float64)
[2026-01-06 18:35:47,850][anemoi.utils.checkpoints][INFO] - Saving supporting array `source0/longitudes` to archive/anemoi-metadata/source0/longitudes.numpy (shape=(24386,), dtype=float64)
[2026-01-06 18:35:47,850][anemoi.utils.checkpoints][INFO] - Saving supporting array `source1/latitudes` to archive/anemoi-metadata/source1/latitudes.numpy (shape=(2021,), dtype=float64)
[2026-01-06 18:35:47,850][anemoi.utils.checkpoints][INFO] - Saving supporting array `source1/longitudes` to archive/anemoi-metadata/source1/longitudes.numpy (shape=(2021,), dtype=float64)
[2026-01-06 18:35:47,850][anemoi.utils.checkpoints][INFO] - Saving supporting array `grid_indices` to archive/anemoi-metadata/grid_indices.numpy (shape=(25427,), dtype=int64)
[2026-01-06 18:35:47,925][anemoi.utils.checkpoints][INFO] - Adding extra information to checkpoint /mnt/weatherloss/WindPower/training/CI/GNN/checkpoint/5f04ff8a-6e18-4f1e-82e4-57871016750e/inference-last.ckpt
[2026-01-06 18:35:47,925][anemoi.utils.checkpoints][INFO] - Saving metadata to inference-last/anemoi-metadata/ai-models.json
[2026-01-06 18:35:47,927][anemoi.utils.checkpoints][INFO] - Saving supporting array `latitudes` to inference-last/anemoi-metadata/latitudes.numpy (shape=(25427,), dtype=float64)
[2026-01-06 18:35:47,927][anemoi.utils.checkpoints][INFO] - Saving supporting array `longitudes` to inference-last/anemoi-metadata/longitudes.numpy (shape=(25427,), dtype=float64)
[2026-01-06 18:35:47,927][anemoi.utils.checkpoints][INFO] - Saving supporting array `lam_0/cutout_mask` to inference-last/anemoi-metadata/lam_0/cutout_mask.numpy (shape=(24386,), dtype=bool)
[2026-01-06 18:35:47,927][anemoi.utils.checkpoints][INFO] - Saving supporting array `global/cutout_mask` to inference-last/anemoi-metadata/global/cutout_mask.numpy (shape=(2021,), dtype=bool)
[2026-01-06 18:35:47,927][anemoi.utils.checkpoints][INFO] - Saving supporting array `source0/latitudes` to inference-last/anemoi-metadata/source0/latitudes.numpy (shape=(24386,), dtype=float64)
[2026-01-06 18:35:47,927][anemoi.utils.checkpoints][INFO] - Saving supporting array `source0/longitudes` to inference-last/anemoi-metadata/source0/longitudes.numpy (shape=(24386,), dtype=float64)
[2026-01-06 18:35:47,927][anemoi.utils.checkpoints][INFO] - Saving supporting array `source1/latitudes` to inference-last/anemoi-metadata/source1/latitudes.numpy (shape=(2021,), dtype=float64)
[2026-01-06 18:35:47,928][anemoi.utils.checkpoints][INFO] - Saving supporting array `source1/longitudes` to inference-last/anemoi-metadata/source1/longitudes.numpy (shape=(2021,), dtype=float64)
[2026-01-06 18:35:47,928][anemoi.utils.checkpoints][INFO] - Saving supporting array `grid_indices` to inference-last/anemoi-metadata/grid_indices.numpy (shape=(25427,), dtype=int64)
[2026-01-06 18:35:48,280][anemoi.utils.checkpoints][INFO] - Adding extra information to checkpoint /mnt/weatherloss/WindPower/training/CI/GNN/checkpoint/5f04ff8a-6e18-4f1e-82e4-57871016750e/last.ckpt
[2026-01-06 18:35:48,280][anemoi.utils.checkpoints][INFO] - Saving metadata to archive/anemoi-metadata/ai-models.json
[2026-01-06 18:35:48,281][anemoi.utils.checkpoints][INFO] - Saving supporting array `latitudes` to archive/anemoi-metadata/latitudes.numpy (shape=(25427,), dtype=float64)
[2026-01-06 18:35:48,281][anemoi.utils.checkpoints][INFO] - Saving supporting array `longitudes` to archive/anemoi-metadata/longitudes.numpy (shape=(25427,), dtype=float64)
[2026-01-06 18:35:48,282][anemoi.utils.checkpoints][INFO] - Saving supporting array `lam_0/cutout_mask` to archive/anemoi-metadata/lam_0/cutout_mask.numpy (shape=(24386,), dtype=bool)
[2026-01-06 18:35:48,282][anemoi.utils.checkpoints][INFO] - Saving supporting array `global/cutout_mask` to archive/anemoi-metadata/global/cutout_mask.numpy (shape=(2021,), dtype=bool)
[2026-01-06 18:35:48,282][anemoi.utils.checkpoints][INFO] - Saving supporting array `source0/latitudes` to archive/anemoi-metadata/source0/latitudes.numpy (shape=(24386,), dtype=float64)
[2026-01-06 18:35:48,282][anemoi.utils.checkpoints][INFO] - Saving supporting array `source0/longitudes` to archive/anemoi-metadata/source0/longitudes.numpy (shape=(24386,), dtype=float64)
[2026-01-06 18:35:48,282][anemoi.utils.checkpoints][INFO] - Saving supporting array `source1/latitudes` to archive/anemoi-metadata/source1/latitudes.numpy (shape=(2021,), dtype=float64)
[2026-01-06 18:35:48,282][anemoi.utils.checkpoints][INFO] - Saving supporting array `source1/longitudes` to archive/anemoi-metadata/source1/longitudes.numpy (shape=(2021,), dtype=float64)
[2026-01-06 18:35:48,282][anemoi.utils.checkpoints][INFO] - Saving supporting array `grid_indices` to archive/anemoi-metadata/grid_indices.numpy (shape=(25427,), dtype=int64)
[2026-01-06 19:07:26,358][anemoi.models.data_indices.collection][INFO] - The order of the variables in the model matches the order in the data.
[2026-01-06 19:08:53,579][anemoi.utils.checkpoints][INFO] - Adding extra information to checkpoint /mnt/weatherloss/WindPower/training/CI/GNN/checkpoint/5f04ff8a-6e18-4f1e-82e4-57871016750e/inference-anemoi-by_epoch-epoch_003-step_047736.ckpt
[2026-01-06 19:08:53,579][anemoi.utils.checkpoints][INFO] - Saving metadata to inference-anemoi-by_epoch-epoch_003-step_047736/anemoi-metadata/ai-models.json
[2026-01-06 19:08:53,580][anemoi.utils.checkpoints][INFO] - Saving supporting array `latitudes` to inference-anemoi-by_epoch-epoch_003-step_047736/anemoi-metadata/latitudes.numpy (shape=(25427,), dtype=float64)
[2026-01-06 19:08:53,580][anemoi.utils.checkpoints][INFO] - Saving supporting array `longitudes` to inference-anemoi-by_epoch-epoch_003-step_047736/anemoi-metadata/longitudes.numpy (shape=(25427,), dtype=float64)
[2026-01-06 19:08:53,580][anemoi.utils.checkpoints][INFO] - Saving supporting array `lam_0/cutout_mask` to inference-anemoi-by_epoch-epoch_003-step_047736/anemoi-metadata/lam_0/cutout_mask.numpy (shape=(24386,), dtype=bool)
[2026-01-06 19:08:53,580][anemoi.utils.checkpoints][INFO] - Saving supporting array `global/cutout_mask` to inference-anemoi-by_epoch-epoch_003-step_047736/anemoi-metadata/global/cutout_mask.numpy (shape=(2021,), dtype=bool)
[2026-01-06 19:08:53,580][anemoi.utils.checkpoints][INFO] - Saving supporting array `source0/latitudes` to inference-anemoi-by_epoch-epoch_003-step_047736/anemoi-metadata/source0/latitudes.numpy (shape=(24386,), dtype=float64)
[2026-01-06 19:08:53,581][anemoi.utils.checkpoints][INFO] - Saving supporting array `source0/longitudes` to inference-anemoi-by_epoch-epoch_003-step_047736/anemoi-metadata/source0/longitudes.numpy (shape=(24386,), dtype=float64)
[2026-01-06 19:08:53,581][anemoi.utils.checkpoints][INFO] - Saving supporting array `source1/latitudes` to inference-anemoi-by_epoch-epoch_003-step_047736/anemoi-metadata/source1/latitudes.numpy (shape=(2021,), dtype=float64)
[2026-01-06 19:08:53,581][anemoi.utils.checkpoints][INFO] - Saving supporting array `source1/longitudes` to inference-anemoi-by_epoch-epoch_003-step_047736/anemoi-metadata/source1/longitudes.numpy (shape=(2021,), dtype=float64)
[2026-01-06 19:08:53,581][anemoi.utils.checkpoints][INFO] - Saving supporting array `grid_indices` to inference-anemoi-by_epoch-epoch_003-step_047736/anemoi-metadata/grid_indices.numpy (shape=(25427,), dtype=int64)
[2026-01-06 19:08:53,932][anemoi.utils.checkpoints][INFO] - Adding extra information to checkpoint /mnt/weatherloss/WindPower/training/CI/GNN/checkpoint/5f04ff8a-6e18-4f1e-82e4-57871016750e/anemoi-by_epoch-epoch_003-step_047736.ckpt
[2026-01-06 19:08:53,932][anemoi.utils.checkpoints][INFO] - Saving metadata to archive/anemoi-metadata/ai-models.json
[2026-01-06 19:08:53,933][anemoi.utils.checkpoints][INFO] - Saving supporting array `latitudes` to archive/anemoi-metadata/latitudes.numpy (shape=(25427,), dtype=float64)
[2026-01-06 19:08:53,933][anemoi.utils.checkpoints][INFO] - Saving supporting array `longitudes` to archive/anemoi-metadata/longitudes.numpy (shape=(25427,), dtype=float64)
[2026-01-06 19:08:53,934][anemoi.utils.checkpoints][INFO] - Saving supporting array `lam_0/cutout_mask` to archive/anemoi-metadata/lam_0/cutout_mask.numpy (shape=(24386,), dtype=bool)
[2026-01-06 19:08:53,934][anemoi.utils.checkpoints][INFO] - Saving supporting array `global/cutout_mask` to archive/anemoi-metadata/global/cutout_mask.numpy (shape=(2021,), dtype=bool)
[2026-01-06 19:08:53,934][anemoi.utils.checkpoints][INFO] - Saving supporting array `source0/latitudes` to archive/anemoi-metadata/source0/latitudes.numpy (shape=(24386,), dtype=float64)
[2026-01-06 19:08:53,934][anemoi.utils.checkpoints][INFO] - Saving supporting array `source0/longitudes` to archive/anemoi-metadata/source0/longitudes.numpy (shape=(24386,), dtype=float64)
[2026-01-06 19:08:53,934][anemoi.utils.checkpoints][INFO] - Saving supporting array `source1/latitudes` to archive/anemoi-metadata/source1/latitudes.numpy (shape=(2021,), dtype=float64)
[2026-01-06 19:08:53,934][anemoi.utils.checkpoints][INFO] - Saving supporting array `source1/longitudes` to archive/anemoi-metadata/source1/longitudes.numpy (shape=(2021,), dtype=float64)
[2026-01-06 19:08:53,934][anemoi.utils.checkpoints][INFO] - Saving supporting array `grid_indices` to archive/anemoi-metadata/grid_indices.numpy (shape=(25427,), dtype=int64)
[2026-01-06 19:08:54,014][anemoi.utils.checkpoints][INFO] - Adding extra information to checkpoint /mnt/weatherloss/WindPower/training/CI/GNN/checkpoint/5f04ff8a-6e18-4f1e-82e4-57871016750e/inference-last.ckpt
[2026-01-06 19:08:54,014][anemoi.utils.checkpoints][INFO] - Saving metadata to inference-last/anemoi-metadata/ai-models.json
[2026-01-06 19:08:54,015][anemoi.utils.checkpoints][INFO] - Saving supporting array `latitudes` to inference-last/anemoi-metadata/latitudes.numpy (shape=(25427,), dtype=float64)
[2026-01-06 19:08:54,016][anemoi.utils.checkpoints][INFO] - Saving supporting array `longitudes` to inference-last/anemoi-metadata/longitudes.numpy (shape=(25427,), dtype=float64)
[2026-01-06 19:08:54,016][anemoi.utils.checkpoints][INFO] - Saving supporting array `lam_0/cutout_mask` to inference-last/anemoi-metadata/lam_0/cutout_mask.numpy (shape=(24386,), dtype=bool)
[2026-01-06 19:08:54,016][anemoi.utils.checkpoints][INFO] - Saving supporting array `global/cutout_mask` to inference-last/anemoi-metadata/global/cutout_mask.numpy (shape=(2021,), dtype=bool)
[2026-01-06 19:08:54,016][anemoi.utils.checkpoints][INFO] - Saving supporting array `source0/latitudes` to inference-last/anemoi-metadata/source0/latitudes.numpy (shape=(24386,), dtype=float64)
[2026-01-06 19:08:54,016][anemoi.utils.checkpoints][INFO] - Saving supporting array `source0/longitudes` to inference-last/anemoi-metadata/source0/longitudes.numpy (shape=(24386,), dtype=float64)
[2026-01-06 19:08:54,017][anemoi.utils.checkpoints][INFO] - Saving supporting array `source1/latitudes` to inference-last/anemoi-metadata/source1/latitudes.numpy (shape=(2021,), dtype=float64)
[2026-01-06 19:08:54,017][anemoi.utils.checkpoints][INFO] - Saving supporting array `source1/longitudes` to inference-last/anemoi-metadata/source1/longitudes.numpy (shape=(2021,), dtype=float64)
[2026-01-06 19:08:54,017][anemoi.utils.checkpoints][INFO] - Saving supporting array `grid_indices` to inference-last/anemoi-metadata/grid_indices.numpy (shape=(25427,), dtype=int64)
[2026-01-06 19:08:54,370][anemoi.utils.checkpoints][INFO] - Adding extra information to checkpoint /mnt/weatherloss/WindPower/training/CI/GNN/checkpoint/5f04ff8a-6e18-4f1e-82e4-57871016750e/last.ckpt
[2026-01-06 19:08:54,370][anemoi.utils.checkpoints][INFO] - Saving metadata to archive/anemoi-metadata/ai-models.json
[2026-01-06 19:08:54,371][anemoi.utils.checkpoints][INFO] - Saving supporting array `latitudes` to archive/anemoi-metadata/latitudes.numpy (shape=(25427,), dtype=float64)
[2026-01-06 19:08:54,372][anemoi.utils.checkpoints][INFO] - Saving supporting array `longitudes` to archive/anemoi-metadata/longitudes.numpy (shape=(25427,), dtype=float64)
[2026-01-06 19:08:54,372][anemoi.utils.checkpoints][INFO] - Saving supporting array `lam_0/cutout_mask` to archive/anemoi-metadata/lam_0/cutout_mask.numpy (shape=(24386,), dtype=bool)
[2026-01-06 19:08:54,372][anemoi.utils.checkpoints][INFO] - Saving supporting array `global/cutout_mask` to archive/anemoi-metadata/global/cutout_mask.numpy (shape=(2021,), dtype=bool)
[2026-01-06 19:08:54,372][anemoi.utils.checkpoints][INFO] - Saving supporting array `source0/latitudes` to archive/anemoi-metadata/source0/latitudes.numpy (shape=(24386,), dtype=float64)
[2026-01-06 19:08:54,372][anemoi.utils.checkpoints][INFO] - Saving supporting array `source0/longitudes` to archive/anemoi-metadata/source0/longitudes.numpy (shape=(24386,), dtype=float64)
[2026-01-06 19:08:54,372][anemoi.utils.checkpoints][INFO] - Saving supporting array `source1/latitudes` to archive/anemoi-metadata/source1/latitudes.numpy (shape=(2021,), dtype=float64)
[2026-01-06 19:08:54,373][anemoi.utils.checkpoints][INFO] - Saving supporting array `source1/longitudes` to archive/anemoi-metadata/source1/longitudes.numpy (shape=(2021,), dtype=float64)
[2026-01-06 19:08:54,373][anemoi.utils.checkpoints][INFO] - Saving supporting array `grid_indices` to archive/anemoi-metadata/grid_indices.numpy (shape=(25427,), dtype=int64)
[2026-01-06 19:40:32,061][anemoi.models.data_indices.collection][INFO] - The order of the variables in the model matches the order in the data.
[2026-01-06 19:41:59,041][anemoi.utils.checkpoints][INFO] - Adding extra information to checkpoint /mnt/weatherloss/WindPower/training/CI/GNN/checkpoint/5f04ff8a-6e18-4f1e-82e4-57871016750e/inference-anemoi-by_epoch-epoch_004-step_059670.ckpt
[2026-01-06 19:41:59,041][anemoi.utils.checkpoints][INFO] - Saving metadata to inference-anemoi-by_epoch-epoch_004-step_059670/anemoi-metadata/ai-models.json
[2026-01-06 19:41:59,043][anemoi.utils.checkpoints][INFO] - Saving supporting array `latitudes` to inference-anemoi-by_epoch-epoch_004-step_059670/anemoi-metadata/latitudes.numpy (shape=(25427,), dtype=float64)
[2026-01-06 19:41:59,044][anemoi.utils.checkpoints][INFO] - Saving supporting array `longitudes` to inference-anemoi-by_epoch-epoch_004-step_059670/anemoi-metadata/longitudes.numpy (shape=(25427,), dtype=float64)
[2026-01-06 19:41:59,044][anemoi.utils.checkpoints][INFO] - Saving supporting array `lam_0/cutout_mask` to inference-anemoi-by_epoch-epoch_004-step_059670/anemoi-metadata/lam_0/cutout_mask.numpy (shape=(24386,), dtype=bool)
[2026-01-06 19:41:59,044][anemoi.utils.checkpoints][INFO] - Saving supporting array `global/cutout_mask` to inference-anemoi-by_epoch-epoch_004-step_059670/anemoi-metadata/global/cutout_mask.numpy (shape=(2021,), dtype=bool)
[2026-01-06 19:41:59,044][anemoi.utils.checkpoints][INFO] - Saving supporting array `source0/latitudes` to inference-anemoi-by_epoch-epoch_004-step_059670/anemoi-metadata/source0/latitudes.numpy (shape=(24386,), dtype=float64)
[2026-01-06 19:41:59,044][anemoi.utils.checkpoints][INFO] - Saving supporting array `source0/longitudes` to inference-anemoi-by_epoch-epoch_004-step_059670/anemoi-metadata/source0/longitudes.numpy (shape=(24386,), dtype=float64)
[2026-01-06 19:41:59,045][anemoi.utils.checkpoints][INFO] - Saving supporting array `source1/latitudes` to inference-anemoi-by_epoch-epoch_004-step_059670/anemoi-metadata/source1/latitudes.numpy (shape=(2021,), dtype=float64)
[2026-01-06 19:41:59,045][anemoi.utils.checkpoints][INFO] - Saving supporting array `source1/longitudes` to inference-anemoi-by_epoch-epoch_004-step_059670/anemoi-metadata/source1/longitudes.numpy (shape=(2021,), dtype=float64)
[2026-01-06 19:41:59,045][anemoi.utils.checkpoints][INFO] - Saving supporting array `grid_indices` to inference-anemoi-by_epoch-epoch_004-step_059670/anemoi-metadata/grid_indices.numpy (shape=(25427,), dtype=int64)
[2026-01-06 19:41:59,549][anemoi.utils.checkpoints][INFO] - Adding extra information to checkpoint /mnt/weatherloss/WindPower/training/CI/GNN/checkpoint/5f04ff8a-6e18-4f1e-82e4-57871016750e/anemoi-by_epoch-epoch_004-step_059670.ckpt
[2026-01-06 19:41:59,549][anemoi.utils.checkpoints][INFO] - Saving metadata to archive/anemoi-metadata/ai-models.json
[2026-01-06 19:41:59,551][anemoi.utils.checkpoints][INFO] - Saving supporting array `latitudes` to archive/anemoi-metadata/latitudes.numpy (shape=(25427,), dtype=float64)
[2026-01-06 19:41:59,551][anemoi.utils.checkpoints][INFO] - Saving supporting array `longitudes` to archive/anemoi-metadata/longitudes.numpy (shape=(25427,), dtype=float64)
[2026-01-06 19:41:59,552][anemoi.utils.checkpoints][INFO] - Saving supporting array `lam_0/cutout_mask` to archive/anemoi-metadata/lam_0/cutout_mask.numpy (shape=(24386,), dtype=bool)
[2026-01-06 19:41:59,552][anemoi.utils.checkpoints][INFO] - Saving supporting array `global/cutout_mask` to archive/anemoi-metadata/global/cutout_mask.numpy (shape=(2021,), dtype=bool)
[2026-01-06 19:41:59,552][anemoi.utils.checkpoints][INFO] - Saving supporting array `source0/latitudes` to archive/anemoi-metadata/source0/latitudes.numpy (shape=(24386,), dtype=float64)
[2026-01-06 19:41:59,552][anemoi.utils.checkpoints][INFO] - Saving supporting array `source0/longitudes` to archive/anemoi-metadata/source0/longitudes.numpy (shape=(24386,), dtype=float64)
[2026-01-06 19:41:59,552][anemoi.utils.checkpoints][INFO] - Saving supporting array `source1/latitudes` to archive/anemoi-metadata/source1/latitudes.numpy (shape=(2021,), dtype=float64)
[2026-01-06 19:41:59,553][anemoi.utils.checkpoints][INFO] - Saving supporting array `source1/longitudes` to archive/anemoi-metadata/source1/longitudes.numpy (shape=(2021,), dtype=float64)
[2026-01-06 19:41:59,553][anemoi.utils.checkpoints][INFO] - Saving supporting array `grid_indices` to archive/anemoi-metadata/grid_indices.numpy (shape=(25427,), dtype=int64)
[2026-01-06 19:41:59,670][anemoi.utils.checkpoints][INFO] - Adding extra information to checkpoint /mnt/weatherloss/WindPower/training/CI/GNN/checkpoint/5f04ff8a-6e18-4f1e-82e4-57871016750e/inference-last.ckpt
[2026-01-06 19:41:59,670][anemoi.utils.checkpoints][INFO] - Saving metadata to inference-last/anemoi-metadata/ai-models.json
[2026-01-06 19:41:59,671][anemoi.utils.checkpoints][INFO] - Saving supporting array `latitudes` to inference-last/anemoi-metadata/latitudes.numpy (shape=(25427,), dtype=float64)
[2026-01-06 19:41:59,672][anemoi.utils.checkpoints][INFO] - Saving supporting array `longitudes` to inference-last/anemoi-metadata/longitudes.numpy (shape=(25427,), dtype=float64)
[2026-01-06 19:41:59,672][anemoi.utils.checkpoints][INFO] - Saving supporting array `lam_0/cutout_mask` to inference-last/anemoi-metadata/lam_0/cutout_mask.numpy (shape=(24386,), dtype=bool)
[2026-01-06 19:41:59,672][anemoi.utils.checkpoints][INFO] - Saving supporting array `global/cutout_mask` to inference-last/anemoi-metadata/global/cutout_mask.numpy (shape=(2021,), dtype=bool)
[2026-01-06 19:41:59,672][anemoi.utils.checkpoints][INFO] - Saving supporting array `source0/latitudes` to inference-last/anemoi-metadata/source0/latitudes.numpy (shape=(24386,), dtype=float64)
[2026-01-06 19:41:59,673][anemoi.utils.checkpoints][INFO] - Saving supporting array `source0/longitudes` to inference-last/anemoi-metadata/source0/longitudes.numpy (shape=(24386,), dtype=float64)
[2026-01-06 19:41:59,673][anemoi.utils.checkpoints][INFO] - Saving supporting array `source1/latitudes` to inference-last/anemoi-metadata/source1/latitudes.numpy (shape=(2021,), dtype=float64)
[2026-01-06 19:41:59,673][anemoi.utils.checkpoints][INFO] - Saving supporting array `source1/longitudes` to inference-last/anemoi-metadata/source1/longitudes.numpy (shape=(2021,), dtype=float64)
[2026-01-06 19:41:59,673][anemoi.utils.checkpoints][INFO] - Saving supporting array `grid_indices` to inference-last/anemoi-metadata/grid_indices.numpy (shape=(25427,), dtype=int64)
[2026-01-06 19:42:00,195][anemoi.utils.checkpoints][INFO] - Adding extra information to checkpoint /mnt/weatherloss/WindPower/training/CI/GNN/checkpoint/5f04ff8a-6e18-4f1e-82e4-57871016750e/last.ckpt
[2026-01-06 19:42:00,195][anemoi.utils.checkpoints][INFO] - Saving metadata to archive/anemoi-metadata/ai-models.json
[2026-01-06 19:42:00,197][anemoi.utils.checkpoints][INFO] - Saving supporting array `latitudes` to archive/anemoi-metadata/latitudes.numpy (shape=(25427,), dtype=float64)
[2026-01-06 19:42:00,197][anemoi.utils.checkpoints][INFO] - Saving supporting array `longitudes` to archive/anemoi-metadata/longitudes.numpy (shape=(25427,), dtype=float64)
[2026-01-06 19:42:00,198][anemoi.utils.checkpoints][INFO] - Saving supporting array `lam_0/cutout_mask` to archive/anemoi-metadata/lam_0/cutout_mask.numpy (shape=(24386,), dtype=bool)
[2026-01-06 19:42:00,198][anemoi.utils.checkpoints][INFO] - Saving supporting array `global/cutout_mask` to archive/anemoi-metadata/global/cutout_mask.numpy (shape=(2021,), dtype=bool)
[2026-01-06 19:42:00,198][anemoi.utils.checkpoints][INFO] - Saving supporting array `source0/latitudes` to archive/anemoi-metadata/source0/latitudes.numpy (shape=(24386,), dtype=float64)
[2026-01-06 19:42:00,198][anemoi.utils.checkpoints][INFO] - Saving supporting array `source0/longitudes` to archive/anemoi-metadata/source0/longitudes.numpy (shape=(24386,), dtype=float64)
[2026-01-06 19:42:00,198][anemoi.utils.checkpoints][INFO] - Saving supporting array `source1/latitudes` to archive/anemoi-metadata/source1/latitudes.numpy (shape=(2021,), dtype=float64)
[2026-01-06 19:42:00,198][anemoi.utils.checkpoints][INFO] - Saving supporting array `source1/longitudes` to archive/anemoi-metadata/source1/longitudes.numpy (shape=(2021,), dtype=float64)
[2026-01-06 19:42:00,198][anemoi.utils.checkpoints][INFO] - Saving supporting array `grid_indices` to archive/anemoi-metadata/grid_indices.numpy (shape=(25427,), dtype=int64)
[2026-01-06 20:51:04,558][anemoi.models.data_indices.collection][INFO] - The order of the variables in the model matches the order in the data.
[2026-01-06 21:09:20,900][anemoi.utils.checkpoints][INFO] - Adding extra information to checkpoint /mnt/weatherloss/WindPower/training/CI/GNN/checkpoint/5f04ff8a-6e18-4f1e-82e4-57871016750e/inference-anemoi-by_epoch-epoch_005-step_071604.ckpt
[2026-01-06 21:09:20,900][anemoi.utils.checkpoints][INFO] - Saving metadata to inference-anemoi-by_epoch-epoch_005-step_071604/anemoi-metadata/ai-models.json
[2026-01-06 21:09:20,903][anemoi.utils.checkpoints][INFO] - Saving supporting array `latitudes` to inference-anemoi-by_epoch-epoch_005-step_071604/anemoi-metadata/latitudes.numpy (shape=(25427,), dtype=float64)
[2026-01-06 21:09:20,904][anemoi.utils.checkpoints][INFO] - Saving supporting array `longitudes` to inference-anemoi-by_epoch-epoch_005-step_071604/anemoi-metadata/longitudes.numpy (shape=(25427,), dtype=float64)
[2026-01-06 21:09:20,904][anemoi.utils.checkpoints][INFO] - Saving supporting array `lam_0/cutout_mask` to inference-anemoi-by_epoch-epoch_005-step_071604/anemoi-metadata/lam_0/cutout_mask.numpy (shape=(24386,), dtype=bool)
[2026-01-06 21:09:20,904][anemoi.utils.checkpoints][INFO] - Saving supporting array `global/cutout_mask` to inference-anemoi-by_epoch-epoch_005-step_071604/anemoi-metadata/global/cutout_mask.numpy (shape=(2021,), dtype=bool)
[2026-01-06 21:09:20,905][anemoi.utils.checkpoints][INFO] - Saving supporting array `source0/latitudes` to inference-anemoi-by_epoch-epoch_005-step_071604/anemoi-metadata/source0/latitudes.numpy (shape=(24386,), dtype=float64)
[2026-01-06 21:09:20,905][anemoi.utils.checkpoints][INFO] - Saving supporting array `source0/longitudes` to inference-anemoi-by_epoch-epoch_005-step_071604/anemoi-metadata/source0/longitudes.numpy (shape=(24386,), dtype=float64)
[2026-01-06 21:09:20,905][anemoi.utils.checkpoints][INFO] - Saving supporting array `source1/latitudes` to inference-anemoi-by_epoch-epoch_005-step_071604/anemoi-metadata/source1/latitudes.numpy (shape=(2021,), dtype=float64)
[2026-01-06 21:09:20,906][anemoi.utils.checkpoints][INFO] - Saving supporting array `source1/longitudes` to inference-anemoi-by_epoch-epoch_005-step_071604/anemoi-metadata/source1/longitudes.numpy (shape=(2021,), dtype=float64)
[2026-01-06 21:09:20,906][anemoi.utils.checkpoints][INFO] - Saving supporting array `grid_indices` to inference-anemoi-by_epoch-epoch_005-step_071604/anemoi-metadata/grid_indices.numpy (shape=(25427,), dtype=int64)
[2026-01-06 21:09:21,322][anemoi.utils.checkpoints][INFO] - Adding extra information to checkpoint /mnt/weatherloss/WindPower/training/CI/GNN/checkpoint/5f04ff8a-6e18-4f1e-82e4-57871016750e/anemoi-by_epoch-epoch_005-step_071604.ckpt
[2026-01-06 21:09:21,323][anemoi.utils.checkpoints][INFO] - Saving metadata to archive/anemoi-metadata/ai-models.json
[2026-01-06 21:09:21,324][anemoi.utils.checkpoints][INFO] - Saving supporting array `latitudes` to archive/anemoi-metadata/latitudes.numpy (shape=(25427,), dtype=float64)
[2026-01-06 21:09:21,324][anemoi.utils.checkpoints][INFO] - Saving supporting array `longitudes` to archive/anemoi-metadata/longitudes.numpy (shape=(25427,), dtype=float64)
[2026-01-06 21:09:21,324][anemoi.utils.checkpoints][INFO] - Saving supporting array `lam_0/cutout_mask` to archive/anemoi-metadata/lam_0/cutout_mask.numpy (shape=(24386,), dtype=bool)
[2026-01-06 21:09:21,324][anemoi.utils.checkpoints][INFO] - Saving supporting array `global/cutout_mask` to archive/anemoi-metadata/global/cutout_mask.numpy (shape=(2021,), dtype=bool)
[2026-01-06 21:09:21,324][anemoi.utils.checkpoints][INFO] - Saving supporting array `source0/latitudes` to archive/anemoi-metadata/source0/latitudes.numpy (shape=(24386,), dtype=float64)
[2026-01-06 21:09:21,325][anemoi.utils.checkpoints][INFO] - Saving supporting array `source0/longitudes` to archive/anemoi-metadata/source0/longitudes.numpy (shape=(24386,), dtype=float64)
[2026-01-06 21:09:21,325][anemoi.utils.checkpoints][INFO] - Saving supporting array `source1/latitudes` to archive/anemoi-metadata/source1/latitudes.numpy (shape=(2021,), dtype=float64)
[2026-01-06 21:09:21,325][anemoi.utils.checkpoints][INFO] - Saving supporting array `source1/longitudes` to archive/anemoi-metadata/source1/longitudes.numpy (shape=(2021,), dtype=float64)
[2026-01-06 21:09:21,325][anemoi.utils.checkpoints][INFO] - Saving supporting array `grid_indices` to archive/anemoi-metadata/grid_indices.numpy (shape=(25427,), dtype=int64)
[2026-01-06 21:09:21,407][anemoi.utils.checkpoints][INFO] - Adding extra information to checkpoint /mnt/weatherloss/WindPower/training/CI/GNN/checkpoint/5f04ff8a-6e18-4f1e-82e4-57871016750e/inference-last.ckpt
[2026-01-06 21:09:21,407][anemoi.utils.checkpoints][INFO] - Saving metadata to inference-last/anemoi-metadata/ai-models.json
[2026-01-06 21:09:21,409][anemoi.utils.checkpoints][INFO] - Saving supporting array `latitudes` to inference-last/anemoi-metadata/latitudes.numpy (shape=(25427,), dtype=float64)
[2026-01-06 21:09:21,409][anemoi.utils.checkpoints][INFO] - Saving supporting array `longitudes` to inference-last/anemoi-metadata/longitudes.numpy (shape=(25427,), dtype=float64)
[2026-01-06 21:09:21,409][anemoi.utils.checkpoints][INFO] - Saving supporting array `lam_0/cutout_mask` to inference-last/anemoi-metadata/lam_0/cutout_mask.numpy (shape=(24386,), dtype=bool)
[2026-01-06 21:09:21,409][anemoi.utils.checkpoints][INFO] - Saving supporting array `global/cutout_mask` to inference-last/anemoi-metadata/global/cutout_mask.numpy (shape=(2021,), dtype=bool)
[2026-01-06 21:09:21,409][anemoi.utils.checkpoints][INFO] - Saving supporting array `source0/latitudes` to inference-last/anemoi-metadata/source0/latitudes.numpy (shape=(24386,), dtype=float64)
[2026-01-06 21:09:21,409][anemoi.utils.checkpoints][INFO] - Saving supporting array `source0/longitudes` to inference-last/anemoi-metadata/source0/longitudes.numpy (shape=(24386,), dtype=float64)
[2026-01-06 21:09:21,410][anemoi.utils.checkpoints][INFO] - Saving supporting array `source1/latitudes` to inference-last/anemoi-metadata/source1/latitudes.numpy (shape=(2021,), dtype=float64)
[2026-01-06 21:09:21,410][anemoi.utils.checkpoints][INFO] - Saving supporting array `source1/longitudes` to inference-last/anemoi-metadata/source1/longitudes.numpy (shape=(2021,), dtype=float64)
[2026-01-06 21:09:21,410][anemoi.utils.checkpoints][INFO] - Saving supporting array `grid_indices` to inference-last/anemoi-metadata/grid_indices.numpy (shape=(25427,), dtype=int64)
[2026-01-06 21:09:21,773][anemoi.utils.checkpoints][INFO] - Adding extra information to checkpoint /mnt/weatherloss/WindPower/training/CI/GNN/checkpoint/5f04ff8a-6e18-4f1e-82e4-57871016750e/last.ckpt
[2026-01-06 21:09:21,773][anemoi.utils.checkpoints][INFO] - Saving metadata to archive/anemoi-metadata/ai-models.json
[2026-01-06 21:09:21,774][anemoi.utils.checkpoints][INFO] - Saving supporting array `latitudes` to archive/anemoi-metadata/latitudes.numpy (shape=(25427,), dtype=float64)
[2026-01-06 21:09:21,774][anemoi.utils.checkpoints][INFO] - Saving supporting array `longitudes` to archive/anemoi-metadata/longitudes.numpy (shape=(25427,), dtype=float64)
[2026-01-06 21:09:21,774][anemoi.utils.checkpoints][INFO] - Saving supporting array `lam_0/cutout_mask` to archive/anemoi-metadata/lam_0/cutout_mask.numpy (shape=(24386,), dtype=bool)
[2026-01-06 21:09:21,774][anemoi.utils.checkpoints][INFO] - Saving supporting array `global/cutout_mask` to archive/anemoi-metadata/global/cutout_mask.numpy (shape=(2021,), dtype=bool)
[2026-01-06 21:09:21,774][anemoi.utils.checkpoints][INFO] - Saving supporting array `source0/latitudes` to archive/anemoi-metadata/source0/latitudes.numpy (shape=(24386,), dtype=float64)
[2026-01-06 21:09:21,775][anemoi.utils.checkpoints][INFO] - Saving supporting array `source0/longitudes` to archive/anemoi-metadata/source0/longitudes.numpy (shape=(24386,), dtype=float64)
[2026-01-06 21:09:21,775][anemoi.utils.checkpoints][INFO] - Saving supporting array `source1/latitudes` to archive/anemoi-metadata/source1/latitudes.numpy (shape=(2021,), dtype=float64)
[2026-01-06 21:09:21,775][anemoi.utils.checkpoints][INFO] - Saving supporting array `source1/longitudes` to archive/anemoi-metadata/source1/longitudes.numpy (shape=(2021,), dtype=float64)
[2026-01-06 21:09:21,775][anemoi.utils.checkpoints][INFO] - Saving supporting array `grid_indices` to archive/anemoi-metadata/grid_indices.numpy (shape=(25427,), dtype=int64)
[2026-01-06 23:15:15,354][anemoi.models.data_indices.collection][INFO] - The order of the variables in the model matches the order in the data.
[2026-01-06 23:48:04,484][anemoi.utils.checkpoints][INFO] - Adding extra information to checkpoint /mnt/weatherloss/WindPower/training/CI/GNN/checkpoint/5f04ff8a-6e18-4f1e-82e4-57871016750e/inference-anemoi-by_epoch-epoch_006-step_083538.ckpt
[2026-01-06 23:48:04,484][anemoi.utils.checkpoints][INFO] - Saving metadata to inference-anemoi-by_epoch-epoch_006-step_083538/anemoi-metadata/ai-models.json
[2026-01-06 23:48:04,485][anemoi.utils.checkpoints][INFO] - Saving supporting array `latitudes` to inference-anemoi-by_epoch-epoch_006-step_083538/anemoi-metadata/latitudes.numpy (shape=(25427,), dtype=float64)
[2026-01-06 23:48:04,486][anemoi.utils.checkpoints][INFO] - Saving supporting array `longitudes` to inference-anemoi-by_epoch-epoch_006-step_083538/anemoi-metadata/longitudes.numpy (shape=(25427,), dtype=float64)
[2026-01-06 23:48:04,486][anemoi.utils.checkpoints][INFO] - Saving supporting array `lam_0/cutout_mask` to inference-anemoi-by_epoch-epoch_006-step_083538/anemoi-metadata/lam_0/cutout_mask.numpy (shape=(24386,), dtype=bool)
[2026-01-06 23:48:04,486][anemoi.utils.checkpoints][INFO] - Saving supporting array `global/cutout_mask` to inference-anemoi-by_epoch-epoch_006-step_083538/anemoi-metadata/global/cutout_mask.numpy (shape=(2021,), dtype=bool)
[2026-01-06 23:48:04,486][anemoi.utils.checkpoints][INFO] - Saving supporting array `source0/latitudes` to inference-anemoi-by_epoch-epoch_006-step_083538/anemoi-metadata/source0/latitudes.numpy (shape=(24386,), dtype=float64)
[2026-01-06 23:48:04,486][anemoi.utils.checkpoints][INFO] - Saving supporting array `source0/longitudes` to inference-anemoi-by_epoch-epoch_006-step_083538/anemoi-metadata/source0/longitudes.numpy (shape=(24386,), dtype=float64)
[2026-01-06 23:48:04,487][anemoi.utils.checkpoints][INFO] - Saving supporting array `source1/latitudes` to inference-anemoi-by_epoch-epoch_006-step_083538/anemoi-metadata/source1/latitudes.numpy (shape=(2021,), dtype=float64)
[2026-01-06 23:48:04,487][anemoi.utils.checkpoints][INFO] - Saving supporting array `source1/longitudes` to inference-anemoi-by_epoch-epoch_006-step_083538/anemoi-metadata/source1/longitudes.numpy (shape=(2021,), dtype=float64)
[2026-01-06 23:48:04,487][anemoi.utils.checkpoints][INFO] - Saving supporting array `grid_indices` to inference-anemoi-by_epoch-epoch_006-step_083538/anemoi-metadata/grid_indices.numpy (shape=(25427,), dtype=int64)
[2026-01-06 23:48:04,872][anemoi.utils.checkpoints][INFO] - Adding extra information to checkpoint /mnt/weatherloss/WindPower/training/CI/GNN/checkpoint/5f04ff8a-6e18-4f1e-82e4-57871016750e/anemoi-by_epoch-epoch_006-step_083538.ckpt
[2026-01-06 23:48:04,872][anemoi.utils.checkpoints][INFO] - Saving metadata to archive/anemoi-metadata/ai-models.json
[2026-01-06 23:48:04,874][anemoi.utils.checkpoints][INFO] - Saving supporting array `latitudes` to archive/anemoi-metadata/latitudes.numpy (shape=(25427,), dtype=float64)
[2026-01-06 23:48:04,874][anemoi.utils.checkpoints][INFO] - Saving supporting array `longitudes` to archive/anemoi-metadata/longitudes.numpy (shape=(25427,), dtype=float64)
[2026-01-06 23:48:04,874][anemoi.utils.checkpoints][INFO] - Saving supporting array `lam_0/cutout_mask` to archive/anemoi-metadata/lam_0/cutout_mask.numpy (shape=(24386,), dtype=bool)
[2026-01-06 23:48:04,875][anemoi.utils.checkpoints][INFO] - Saving supporting array `global/cutout_mask` to archive/anemoi-metadata/global/cutout_mask.numpy (shape=(2021,), dtype=bool)
[2026-01-06 23:48:04,875][anemoi.utils.checkpoints][INFO] - Saving supporting array `source0/latitudes` to archive/anemoi-metadata/source0/latitudes.numpy (shape=(24386,), dtype=float64)
[2026-01-06 23:48:04,875][anemoi.utils.checkpoints][INFO] - Saving supporting array `source0/longitudes` to archive/anemoi-metadata/source0/longitudes.numpy (shape=(24386,), dtype=float64)
[2026-01-06 23:48:04,875][anemoi.utils.checkpoints][INFO] - Saving supporting array `source1/latitudes` to archive/anemoi-metadata/source1/latitudes.numpy (shape=(2021,), dtype=float64)
[2026-01-06 23:48:04,875][anemoi.utils.checkpoints][INFO] - Saving supporting array `source1/longitudes` to archive/anemoi-metadata/source1/longitudes.numpy (shape=(2021,), dtype=float64)
[2026-01-06 23:48:04,875][anemoi.utils.checkpoints][INFO] - Saving supporting array `grid_indices` to archive/anemoi-metadata/grid_indices.numpy (shape=(25427,), dtype=int64)
[2026-01-06 23:48:04,972][anemoi.utils.checkpoints][INFO] - Adding extra information to checkpoint /mnt/weatherloss/WindPower/training/CI/GNN/checkpoint/5f04ff8a-6e18-4f1e-82e4-57871016750e/inference-last.ckpt
[2026-01-06 23:48:04,972][anemoi.utils.checkpoints][INFO] - Saving metadata to inference-last/anemoi-metadata/ai-models.json
[2026-01-06 23:48:04,974][anemoi.utils.checkpoints][INFO] - Saving supporting array `latitudes` to inference-last/anemoi-metadata/latitudes.numpy (shape=(25427,), dtype=float64)
[2026-01-06 23:48:04,974][anemoi.utils.checkpoints][INFO] - Saving supporting array `longitudes` to inference-last/anemoi-metadata/longitudes.numpy (shape=(25427,), dtype=float64)
[2026-01-06 23:48:04,975][anemoi.utils.checkpoints][INFO] - Saving supporting array `lam_0/cutout_mask` to inference-last/anemoi-metadata/lam_0/cutout_mask.numpy (shape=(24386,), dtype=bool)
[2026-01-06 23:48:04,975][anemoi.utils.checkpoints][INFO] - Saving supporting array `global/cutout_mask` to inference-last/anemoi-metadata/global/cutout_mask.numpy (shape=(2021,), dtype=bool)
[2026-01-06 23:48:04,975][anemoi.utils.checkpoints][INFO] - Saving supporting array `source0/latitudes` to inference-last/anemoi-metadata/source0/latitudes.numpy (shape=(24386,), dtype=float64)
[2026-01-06 23:48:04,975][anemoi.utils.checkpoints][INFO] - Saving supporting array `source0/longitudes` to inference-last/anemoi-metadata/source0/longitudes.numpy (shape=(24386,), dtype=float64)
[2026-01-06 23:48:04,975][anemoi.utils.checkpoints][INFO] - Saving supporting array `source1/latitudes` to inference-last/anemoi-metadata/source1/latitudes.numpy (shape=(2021,), dtype=float64)
[2026-01-06 23:48:04,975][anemoi.utils.checkpoints][INFO] - Saving supporting array `source1/longitudes` to inference-last/anemoi-metadata/source1/longitudes.numpy (shape=(2021,), dtype=float64)
[2026-01-06 23:48:04,975][anemoi.utils.checkpoints][INFO] - Saving supporting array `grid_indices` to inference-last/anemoi-metadata/grid_indices.numpy (shape=(25427,), dtype=int64)
[2026-01-06 23:48:05,436][anemoi.utils.checkpoints][INFO] - Adding extra information to checkpoint /mnt/weatherloss/WindPower/training/CI/GNN/checkpoint/5f04ff8a-6e18-4f1e-82e4-57871016750e/last.ckpt
[2026-01-06 23:48:05,436][anemoi.utils.checkpoints][INFO] - Saving metadata to archive/anemoi-metadata/ai-models.json
[2026-01-06 23:48:05,438][anemoi.utils.checkpoints][INFO] - Saving supporting array `latitudes` to archive/anemoi-metadata/latitudes.numpy (shape=(25427,), dtype=float64)
[2026-01-06 23:48:05,438][anemoi.utils.checkpoints][INFO] - Saving supporting array `longitudes` to archive/anemoi-metadata/longitudes.numpy (shape=(25427,), dtype=float64)
[2026-01-06 23:48:05,438][anemoi.utils.checkpoints][INFO] - Saving supporting array `lam_0/cutout_mask` to archive/anemoi-metadata/lam_0/cutout_mask.numpy (shape=(24386,), dtype=bool)
[2026-01-06 23:48:05,438][anemoi.utils.checkpoints][INFO] - Saving supporting array `global/cutout_mask` to archive/anemoi-metadata/global/cutout_mask.numpy (shape=(2021,), dtype=bool)
[2026-01-06 23:48:05,438][anemoi.utils.checkpoints][INFO] - Saving supporting array `source0/latitudes` to archive/anemoi-metadata/source0/latitudes.numpy (shape=(24386,), dtype=float64)
[2026-01-06 23:48:05,439][anemoi.utils.checkpoints][INFO] - Saving supporting array `source0/longitudes` to archive/anemoi-metadata/source0/longitudes.numpy (shape=(24386,), dtype=float64)
[2026-01-06 23:48:05,439][anemoi.utils.checkpoints][INFO] - Saving supporting array `source1/latitudes` to archive/anemoi-metadata/source1/latitudes.numpy (shape=(2021,), dtype=float64)
[2026-01-06 23:48:05,439][anemoi.utils.checkpoints][INFO] - Saving supporting array `source1/longitudes` to archive/anemoi-metadata/source1/longitudes.numpy (shape=(2021,), dtype=float64)
[2026-01-06 23:48:05,439][anemoi.utils.checkpoints][INFO] - Saving supporting array `grid_indices` to archive/anemoi-metadata/grid_indices.numpy (shape=(25427,), dtype=int64)
[2026-01-07 02:11:15,413][anemoi.models.data_indices.collection][INFO] - The order of the variables in the model matches the order in the data.
[2026-01-07 02:44:04,405][anemoi.utils.checkpoints][INFO] - Adding extra information to checkpoint /mnt/weatherloss/WindPower/training/CI/GNN/checkpoint/5f04ff8a-6e18-4f1e-82e4-57871016750e/inference-anemoi-by_epoch-epoch_007-step_095472.ckpt
[2026-01-07 02:44:04,406][anemoi.utils.checkpoints][INFO] - Saving metadata to inference-anemoi-by_epoch-epoch_007-step_095472/anemoi-metadata/ai-models.json
[2026-01-07 02:44:04,407][anemoi.utils.checkpoints][INFO] - Saving supporting array `latitudes` to inference-anemoi-by_epoch-epoch_007-step_095472/anemoi-metadata/latitudes.numpy (shape=(25427,), dtype=float64)
[2026-01-07 02:44:04,408][anemoi.utils.checkpoints][INFO] - Saving supporting array `longitudes` to inference-anemoi-by_epoch-epoch_007-step_095472/anemoi-metadata/longitudes.numpy (shape=(25427,), dtype=float64)
[2026-01-07 02:44:04,408][anemoi.utils.checkpoints][INFO] - Saving supporting array `lam_0/cutout_mask` to inference-anemoi-by_epoch-epoch_007-step_095472/anemoi-metadata/lam_0/cutout_mask.numpy (shape=(24386,), dtype=bool)
[2026-01-07 02:44:04,408][anemoi.utils.checkpoints][INFO] - Saving supporting array `global/cutout_mask` to inference-anemoi-by_epoch-epoch_007-step_095472/anemoi-metadata/global/cutout_mask.numpy (shape=(2021,), dtype=bool)
[2026-01-07 02:44:04,408][anemoi.utils.checkpoints][INFO] - Saving supporting array `source0/latitudes` to inference-anemoi-by_epoch-epoch_007-step_095472/anemoi-metadata/source0/latitudes.numpy (shape=(24386,), dtype=float64)
[2026-01-07 02:44:04,408][anemoi.utils.checkpoints][INFO] - Saving supporting array `source0/longitudes` to inference-anemoi-by_epoch-epoch_007-step_095472/anemoi-metadata/source0/longitudes.numpy (shape=(24386,), dtype=float64)
[2026-01-07 02:44:04,409][anemoi.utils.checkpoints][INFO] - Saving supporting array `source1/latitudes` to inference-anemoi-by_epoch-epoch_007-step_095472/anemoi-metadata/source1/latitudes.numpy (shape=(2021,), dtype=float64)
[2026-01-07 02:44:04,409][anemoi.utils.checkpoints][INFO] - Saving supporting array `source1/longitudes` to inference-anemoi-by_epoch-epoch_007-step_095472/anemoi-metadata/source1/longitudes.numpy (shape=(2021,), dtype=float64)
[2026-01-07 02:44:04,409][anemoi.utils.checkpoints][INFO] - Saving supporting array `grid_indices` to inference-anemoi-by_epoch-epoch_007-step_095472/anemoi-metadata/grid_indices.numpy (shape=(25427,), dtype=int64)
[2026-01-07 02:44:04,789][anemoi.utils.checkpoints][INFO] - Adding extra information to checkpoint /mnt/weatherloss/WindPower/training/CI/GNN/checkpoint/5f04ff8a-6e18-4f1e-82e4-57871016750e/anemoi-by_epoch-epoch_007-step_095472.ckpt
[2026-01-07 02:44:04,789][anemoi.utils.checkpoints][INFO] - Saving metadata to archive/anemoi-metadata/ai-models.json
[2026-01-07 02:44:04,790][anemoi.utils.checkpoints][INFO] - Saving supporting array `latitudes` to archive/anemoi-metadata/latitudes.numpy (shape=(25427,), dtype=float64)
[2026-01-07 02:44:04,790][anemoi.utils.checkpoints][INFO] - Saving supporting array `longitudes` to archive/anemoi-metadata/longitudes.numpy (shape=(25427,), dtype=float64)
[2026-01-07 02:44:04,791][anemoi.utils.checkpoints][INFO] - Saving supporting array `lam_0/cutout_mask` to archive/anemoi-metadata/lam_0/cutout_mask.numpy (shape=(24386,), dtype=bool)
[2026-01-07 02:44:04,791][anemoi.utils.checkpoints][INFO] - Saving supporting array `global/cutout_mask` to archive/anemoi-metadata/global/cutout_mask.numpy (shape=(2021,), dtype=bool)
[2026-01-07 02:44:04,791][anemoi.utils.checkpoints][INFO] - Saving supporting array `source0/latitudes` to archive/anemoi-metadata/source0/latitudes.numpy (shape=(24386,), dtype=float64)
[2026-01-07 02:44:04,791][anemoi.utils.checkpoints][INFO] - Saving supporting array `source0/longitudes` to archive/anemoi-metadata/source0/longitudes.numpy (shape=(24386,), dtype=float64)
[2026-01-07 02:44:04,791][anemoi.utils.checkpoints][INFO] - Saving supporting array `source1/latitudes` to archive/anemoi-metadata/source1/latitudes.numpy (shape=(2021,), dtype=float64)
[2026-01-07 02:44:04,791][anemoi.utils.checkpoints][INFO] - Saving supporting array `source1/longitudes` to archive/anemoi-metadata/source1/longitudes.numpy (shape=(2021,), dtype=float64)
[2026-01-07 02:44:04,791][anemoi.utils.checkpoints][INFO] - Saving supporting array `grid_indices` to archive/anemoi-metadata/grid_indices.numpy (shape=(25427,), dtype=int64)
[2026-01-07 02:44:04,877][anemoi.utils.checkpoints][INFO] - Adding extra information to checkpoint /mnt/weatherloss/WindPower/training/CI/GNN/checkpoint/5f04ff8a-6e18-4f1e-82e4-57871016750e/inference-last.ckpt
[2026-01-07 02:44:04,877][anemoi.utils.checkpoints][INFO] - Saving metadata to inference-last/anemoi-metadata/ai-models.json
[2026-01-07 02:44:04,878][anemoi.utils.checkpoints][INFO] - Saving supporting array `latitudes` to inference-last/anemoi-metadata/latitudes.numpy (shape=(25427,), dtype=float64)
[2026-01-07 02:44:04,878][anemoi.utils.checkpoints][INFO] - Saving supporting array `longitudes` to inference-last/anemoi-metadata/longitudes.numpy (shape=(25427,), dtype=float64)
[2026-01-07 02:44:04,879][anemoi.utils.checkpoints][INFO] - Saving supporting array `lam_0/cutout_mask` to inference-last/anemoi-metadata/lam_0/cutout_mask.numpy (shape=(24386,), dtype=bool)
[2026-01-07 02:44:04,879][anemoi.utils.checkpoints][INFO] - Saving supporting array `global/cutout_mask` to inference-last/anemoi-metadata/global/cutout_mask.numpy (shape=(2021,), dtype=bool)
[2026-01-07 02:44:04,879][anemoi.utils.checkpoints][INFO] - Saving supporting array `source0/latitudes` to inference-last/anemoi-metadata/source0/latitudes.numpy (shape=(24386,), dtype=float64)
[2026-01-07 02:44:04,879][anemoi.utils.checkpoints][INFO] - Saving supporting array `source0/longitudes` to inference-last/anemoi-metadata/source0/longitudes.numpy (shape=(24386,), dtype=float64)
[2026-01-07 02:44:04,879][anemoi.utils.checkpoints][INFO] - Saving supporting array `source1/latitudes` to inference-last/anemoi-metadata/source1/latitudes.numpy (shape=(2021,), dtype=float64)
[2026-01-07 02:44:04,879][anemoi.utils.checkpoints][INFO] - Saving supporting array `source1/longitudes` to inference-last/anemoi-metadata/source1/longitudes.numpy (shape=(2021,), dtype=float64)
[2026-01-07 02:44:04,879][anemoi.utils.checkpoints][INFO] - Saving supporting array `grid_indices` to inference-last/anemoi-metadata/grid_indices.numpy (shape=(25427,), dtype=int64)
[2026-01-07 02:44:05,228][anemoi.utils.checkpoints][INFO] - Adding extra information to checkpoint /mnt/weatherloss/WindPower/training/CI/GNN/checkpoint/5f04ff8a-6e18-4f1e-82e4-57871016750e/last.ckpt
[2026-01-07 02:44:05,228][anemoi.utils.checkpoints][INFO] - Saving metadata to archive/anemoi-metadata/ai-models.json
[2026-01-07 02:44:05,229][anemoi.utils.checkpoints][INFO] - Saving supporting array `latitudes` to archive/anemoi-metadata/latitudes.numpy (shape=(25427,), dtype=float64)
[2026-01-07 02:44:05,230][anemoi.utils.checkpoints][INFO] - Saving supporting array `longitudes` to archive/anemoi-metadata/longitudes.numpy (shape=(25427,), dtype=float64)
[2026-01-07 02:44:05,230][anemoi.utils.checkpoints][INFO] - Saving supporting array `lam_0/cutout_mask` to archive/anemoi-metadata/lam_0/cutout_mask.numpy (shape=(24386,), dtype=bool)
[2026-01-07 02:44:05,230][anemoi.utils.checkpoints][INFO] - Saving supporting array `global/cutout_mask` to archive/anemoi-metadata/global/cutout_mask.numpy (shape=(2021,), dtype=bool)
[2026-01-07 02:44:05,230][anemoi.utils.checkpoints][INFO] - Saving supporting array `source0/latitudes` to archive/anemoi-metadata/source0/latitudes.numpy (shape=(24386,), dtype=float64)
[2026-01-07 02:44:05,230][anemoi.utils.checkpoints][INFO] - Saving supporting array `source0/longitudes` to archive/anemoi-metadata/source0/longitudes.numpy (shape=(24386,), dtype=float64)
[2026-01-07 02:44:05,230][anemoi.utils.checkpoints][INFO] - Saving supporting array `source1/latitudes` to archive/anemoi-metadata/source1/latitudes.numpy (shape=(2021,), dtype=float64)
[2026-01-07 02:44:05,230][anemoi.utils.checkpoints][INFO] - Saving supporting array `source1/longitudes` to archive/anemoi-metadata/source1/longitudes.numpy (shape=(2021,), dtype=float64)
[2026-01-07 02:44:05,230][anemoi.utils.checkpoints][INFO] - Saving supporting array `grid_indices` to archive/anemoi-metadata/grid_indices.numpy (shape=(25427,), dtype=int64)
[2026-01-07 03:38:13,457][pytorch_lightning.utilities.rank_zero][INFO] - `Trainer.fit` stopped: `max_steps=100000` reached.
[2026-01-07 03:38:13,573][anemoi.utils.checkpoints][INFO] - Adding extra information to checkpoint /mnt/weatherloss/WindPower/training/CI/GNN/checkpoint/5f04ff8a-6e18-4f1e-82e4-57871016750e/inference-anemoi-by_time-epoch_008-step_100000.ckpt
[2026-01-07 03:38:13,573][anemoi.utils.checkpoints][INFO] - Saving metadata to inference-anemoi-by_time-epoch_008-step_100000/anemoi-metadata/ai-models.json
[2026-01-07 03:38:13,575][anemoi.utils.checkpoints][INFO] - Saving supporting array `latitudes` to inference-anemoi-by_time-epoch_008-step_100000/anemoi-metadata/latitudes.numpy (shape=(25427,), dtype=float64)
[2026-01-07 03:38:13,575][anemoi.utils.checkpoints][INFO] - Saving supporting array `longitudes` to inference-anemoi-by_time-epoch_008-step_100000/anemoi-metadata/longitudes.numpy (shape=(25427,), dtype=float64)
[2026-01-07 03:38:13,576][anemoi.utils.checkpoints][INFO] - Saving supporting array `lam_0/cutout_mask` to inference-anemoi-by_time-epoch_008-step_100000/anemoi-metadata/lam_0/cutout_mask.numpy (shape=(24386,), dtype=bool)
[2026-01-07 03:38:13,576][anemoi.utils.checkpoints][INFO] - Saving supporting array `global/cutout_mask` to inference-anemoi-by_time-epoch_008-step_100000/anemoi-metadata/global/cutout_mask.numpy (shape=(2021,), dtype=bool)
[2026-01-07 03:38:13,576][anemoi.utils.checkpoints][INFO] - Saving supporting array `source0/latitudes` to inference-anemoi-by_time-epoch_008-step_100000/anemoi-metadata/source0/latitudes.numpy (shape=(24386,), dtype=float64)
[2026-01-07 03:38:13,576][anemoi.utils.checkpoints][INFO] - Saving supporting array `source0/longitudes` to inference-anemoi-by_time-epoch_008-step_100000/anemoi-metadata/source0/longitudes.numpy (shape=(24386,), dtype=float64)
[2026-01-07 03:38:13,576][anemoi.utils.checkpoints][INFO] - Saving supporting array `source1/latitudes` to inference-anemoi-by_time-epoch_008-step_100000/anemoi-metadata/source1/latitudes.numpy (shape=(2021,), dtype=float64)
[2026-01-07 03:38:13,576][anemoi.utils.checkpoints][INFO] - Saving supporting array `source1/longitudes` to inference-anemoi-by_time-epoch_008-step_100000/anemoi-metadata/source1/longitudes.numpy (shape=(2021,), dtype=float64)
[2026-01-07 03:38:13,576][anemoi.utils.checkpoints][INFO] - Saving supporting array `grid_indices` to inference-anemoi-by_time-epoch_008-step_100000/anemoi-metadata/grid_indices.numpy (shape=(25427,), dtype=int64)
[2026-01-07 03:38:14,054][anemoi.utils.checkpoints][INFO] - Adding extra information to checkpoint /mnt/weatherloss/WindPower/training/CI/GNN/checkpoint/5f04ff8a-6e18-4f1e-82e4-57871016750e/anemoi-by_time-epoch_008-step_100000.ckpt
[2026-01-07 03:38:14,054][anemoi.utils.checkpoints][INFO] - Saving metadata to archive/anemoi-metadata/ai-models.json
[2026-01-07 03:38:14,056][anemoi.utils.checkpoints][INFO] - Saving supporting array `latitudes` to archive/anemoi-metadata/latitudes.numpy (shape=(25427,), dtype=float64)
[2026-01-07 03:38:14,056][anemoi.utils.checkpoints][INFO] - Saving supporting array `longitudes` to archive/anemoi-metadata/longitudes.numpy (shape=(25427,), dtype=float64)
[2026-01-07 03:38:14,057][anemoi.utils.checkpoints][INFO] - Saving supporting array `lam_0/cutout_mask` to archive/anemoi-metadata/lam_0/cutout_mask.numpy (shape=(24386,), dtype=bool)
[2026-01-07 03:38:14,057][anemoi.utils.checkpoints][INFO] - Saving supporting array `global/cutout_mask` to archive/anemoi-metadata/global/cutout_mask.numpy (shape=(2021,), dtype=bool)
[2026-01-07 03:38:14,057][anemoi.utils.checkpoints][INFO] - Saving supporting array `source0/latitudes` to archive/anemoi-metadata/source0/latitudes.numpy (shape=(24386,), dtype=float64)
[2026-01-07 03:38:14,057][anemoi.utils.checkpoints][INFO] - Saving supporting array `source0/longitudes` to archive/anemoi-metadata/source0/longitudes.numpy (shape=(24386,), dtype=float64)
[2026-01-07 03:38:14,057][anemoi.utils.checkpoints][INFO] - Saving supporting array `source1/latitudes` to archive/anemoi-metadata/source1/latitudes.numpy (shape=(2021,), dtype=float64)
[2026-01-07 03:38:14,057][anemoi.utils.checkpoints][INFO] - Saving supporting array `source1/longitudes` to archive/anemoi-metadata/source1/longitudes.numpy (shape=(2021,), dtype=float64)
[2026-01-07 03:38:14,058][anemoi.utils.checkpoints][INFO] - Saving supporting array `grid_indices` to archive/anemoi-metadata/grid_indices.numpy (shape=(25427,), dtype=int64)
[2026-01-07 03:38:14,180][anemoi.utils.checkpoints][INFO] - Adding extra information to checkpoint /mnt/weatherloss/WindPower/training/CI/GNN/checkpoint/5f04ff8a-6e18-4f1e-82e4-57871016750e/inference-last.ckpt
[2026-01-07 03:38:14,180][anemoi.utils.checkpoints][INFO] - Saving metadata to inference-last/anemoi-metadata/ai-models.json
[2026-01-07 03:38:14,182][anemoi.utils.checkpoints][INFO] - Saving supporting array `latitudes` to inference-last/anemoi-metadata/latitudes.numpy (shape=(25427,), dtype=float64)
[2026-01-07 03:38:14,182][anemoi.utils.checkpoints][INFO] - Saving supporting array `longitudes` to inference-last/anemoi-metadata/longitudes.numpy (shape=(25427,), dtype=float64)
[2026-01-07 03:38:14,182][anemoi.utils.checkpoints][INFO] - Saving supporting array `lam_0/cutout_mask` to inference-last/anemoi-metadata/lam_0/cutout_mask.numpy (shape=(24386,), dtype=bool)
[2026-01-07 03:38:14,182][anemoi.utils.checkpoints][INFO] - Saving supporting array `global/cutout_mask` to inference-last/anemoi-metadata/global/cutout_mask.numpy (shape=(2021,), dtype=bool)
[2026-01-07 03:38:14,182][anemoi.utils.checkpoints][INFO] - Saving supporting array `source0/latitudes` to inference-last/anemoi-metadata/source0/latitudes.numpy (shape=(24386,), dtype=float64)
[2026-01-07 03:38:14,183][anemoi.utils.checkpoints][INFO] - Saving supporting array `source0/longitudes` to inference-last/anemoi-metadata/source0/longitudes.numpy (shape=(24386,), dtype=float64)
[2026-01-07 03:38:14,183][anemoi.utils.checkpoints][INFO] - Saving supporting array `source1/latitudes` to inference-last/anemoi-metadata/source1/latitudes.numpy (shape=(2021,), dtype=float64)
[2026-01-07 03:38:14,183][anemoi.utils.checkpoints][INFO] - Saving supporting array `source1/longitudes` to inference-last/anemoi-metadata/source1/longitudes.numpy (shape=(2021,), dtype=float64)
[2026-01-07 03:38:14,183][anemoi.utils.checkpoints][INFO] - Saving supporting array `grid_indices` to inference-last/anemoi-metadata/grid_indices.numpy (shape=(25427,), dtype=int64)
[2026-01-07 03:38:14,705][anemoi.utils.checkpoints][INFO] - Adding extra information to checkpoint /mnt/weatherloss/WindPower/training/CI/GNN/checkpoint/5f04ff8a-6e18-4f1e-82e4-57871016750e/last.ckpt
[2026-01-07 03:38:14,705][anemoi.utils.checkpoints][INFO] - Saving metadata to archive/anemoi-metadata/ai-models.json
[2026-01-07 03:38:14,707][anemoi.utils.checkpoints][INFO] - Saving supporting array `latitudes` to archive/anemoi-metadata/latitudes.numpy (shape=(25427,), dtype=float64)
[2026-01-07 03:38:14,707][anemoi.utils.checkpoints][INFO] - Saving supporting array `longitudes` to archive/anemoi-metadata/longitudes.numpy (shape=(25427,), dtype=float64)
[2026-01-07 03:38:14,708][anemoi.utils.checkpoints][INFO] - Saving supporting array `lam_0/cutout_mask` to archive/anemoi-metadata/lam_0/cutout_mask.numpy (shape=(24386,), dtype=bool)
[2026-01-07 03:38:14,708][anemoi.utils.checkpoints][INFO] - Saving supporting array `global/cutout_mask` to archive/anemoi-metadata/global/cutout_mask.numpy (shape=(2021,), dtype=bool)
[2026-01-07 03:38:14,708][anemoi.utils.checkpoints][INFO] - Saving supporting array `source0/latitudes` to archive/anemoi-metadata/source0/latitudes.numpy (shape=(24386,), dtype=float64)
[2026-01-07 03:38:14,708][anemoi.utils.checkpoints][INFO] - Saving supporting array `source0/longitudes` to archive/anemoi-metadata/source0/longitudes.numpy (shape=(24386,), dtype=float64)
[2026-01-07 03:38:14,708][anemoi.utils.checkpoints][INFO] - Saving supporting array `source1/latitudes` to archive/anemoi-metadata/source1/latitudes.numpy (shape=(2021,), dtype=float64)
[2026-01-07 03:38:14,708][anemoi.utils.checkpoints][INFO] - Saving supporting array `source1/longitudes` to archive/anemoi-metadata/source1/longitudes.numpy (shape=(2021,), dtype=float64)
[2026-01-07 03:38:14,709][anemoi.utils.checkpoints][INFO] - Saving supporting array `grid_indices` to archive/anemoi-metadata/grid_indices.numpy (shape=(25427,), dtype=int64)
[2026-01-07 03:38:14,807][anemoi.utils.checkpoints][INFO] - Adding extra information to checkpoint /mnt/weatherloss/WindPower/training/CI/GNN/checkpoint/5f04ff8a-6e18-4f1e-82e4-57871016750e/inference-anemoi-by_epoch-epoch_008-step_100000.ckpt
[2026-01-07 03:38:14,807][anemoi.utils.checkpoints][INFO] - Saving metadata to inference-anemoi-by_epoch-epoch_008-step_100000/anemoi-metadata/ai-models.json
[2026-01-07 03:38:14,809][anemoi.utils.checkpoints][INFO] - Saving supporting array `latitudes` to inference-anemoi-by_epoch-epoch_008-step_100000/anemoi-metadata/latitudes.numpy (shape=(25427,), dtype=float64)
[2026-01-07 03:38:14,809][anemoi.utils.checkpoints][INFO] - Saving supporting array `longitudes` to inference-anemoi-by_epoch-epoch_008-step_100000/anemoi-metadata/longitudes.numpy (shape=(25427,), dtype=float64)
[2026-01-07 03:38:14,810][anemoi.utils.checkpoints][INFO] - Saving supporting array `lam_0/cutout_mask` to inference-anemoi-by_epoch-epoch_008-step_100000/anemoi-metadata/lam_0/cutout_mask.numpy (shape=(24386,), dtype=bool)
[2026-01-07 03:38:14,810][anemoi.utils.checkpoints][INFO] - Saving supporting array `global/cutout_mask` to inference-anemoi-by_epoch-epoch_008-step_100000/anemoi-metadata/global/cutout_mask.numpy (shape=(2021,), dtype=bool)
[2026-01-07 03:38:14,810][anemoi.utils.checkpoints][INFO] - Saving supporting array `source0/latitudes` to inference-anemoi-by_epoch-epoch_008-step_100000/anemoi-metadata/source0/latitudes.numpy (shape=(24386,), dtype=float64)
[2026-01-07 03:38:14,810][anemoi.utils.checkpoints][INFO] - Saving supporting array `source0/longitudes` to inference-anemoi-by_epoch-epoch_008-step_100000/anemoi-metadata/source0/longitudes.numpy (shape=(24386,), dtype=float64)
[2026-01-07 03:38:14,811][anemoi.utils.checkpoints][INFO] - Saving supporting array `source1/latitudes` to inference-anemoi-by_epoch-epoch_008-step_100000/anemoi-metadata/source1/latitudes.numpy (shape=(2021,), dtype=float64)
[2026-01-07 03:38:14,811][anemoi.utils.checkpoints][INFO] - Saving supporting array `source1/longitudes` to inference-anemoi-by_epoch-epoch_008-step_100000/anemoi-metadata/source1/longitudes.numpy (shape=(2021,), dtype=float64)
[2026-01-07 03:38:14,811][anemoi.utils.checkpoints][INFO] - Saving supporting array `grid_indices` to inference-anemoi-by_epoch-epoch_008-step_100000/anemoi-metadata/grid_indices.numpy (shape=(25427,), dtype=int64)
[2026-01-07 03:38:15,283][anemoi.utils.checkpoints][INFO] - Adding extra information to checkpoint /mnt/weatherloss/WindPower/training/CI/GNN/checkpoint/5f04ff8a-6e18-4f1e-82e4-57871016750e/anemoi-by_epoch-epoch_008-step_100000.ckpt
[2026-01-07 03:38:15,283][anemoi.utils.checkpoints][INFO] - Saving metadata to archive/anemoi-metadata/ai-models.json
[2026-01-07 03:38:15,285][anemoi.utils.checkpoints][INFO] - Saving supporting array `latitudes` to archive/anemoi-metadata/latitudes.numpy (shape=(25427,), dtype=float64)
[2026-01-07 03:38:15,285][anemoi.utils.checkpoints][INFO] - Saving supporting array `longitudes` to archive/anemoi-metadata/longitudes.numpy (shape=(25427,), dtype=float64)
[2026-01-07 03:38:15,286][anemoi.utils.checkpoints][INFO] - Saving supporting array `lam_0/cutout_mask` to archive/anemoi-metadata/lam_0/cutout_mask.numpy (shape=(24386,), dtype=bool)
[2026-01-07 03:38:15,286][anemoi.utils.checkpoints][INFO] - Saving supporting array `global/cutout_mask` to archive/anemoi-metadata/global/cutout_mask.numpy (shape=(2021,), dtype=bool)
[2026-01-07 03:38:15,286][anemoi.utils.checkpoints][INFO] - Saving supporting array `source0/latitudes` to archive/anemoi-metadata/source0/latitudes.numpy (shape=(24386,), dtype=float64)
[2026-01-07 03:38:15,286][anemoi.utils.checkpoints][INFO] - Saving supporting array `source0/longitudes` to archive/anemoi-metadata/source0/longitudes.numpy (shape=(24386,), dtype=float64)
[2026-01-07 03:38:15,287][anemoi.utils.checkpoints][INFO] - Saving supporting array `source1/latitudes` to archive/anemoi-metadata/source1/latitudes.numpy (shape=(2021,), dtype=float64)
[2026-01-07 03:38:15,287][anemoi.utils.checkpoints][INFO] - Saving supporting array `source1/longitudes` to archive/anemoi-metadata/source1/longitudes.numpy (shape=(2021,), dtype=float64)
[2026-01-07 03:38:15,287][anemoi.utils.checkpoints][INFO] - Saving supporting array `grid_indices` to archive/anemoi-metadata/grid_indices.numpy (shape=(25427,), dtype=int64)
[2026-01-07 03:38:15,409][anemoi.utils.checkpoints][INFO] - Adding extra information to checkpoint /mnt/weatherloss/WindPower/training/CI/GNN/checkpoint/5f04ff8a-6e18-4f1e-82e4-57871016750e/inference-last.ckpt
[2026-01-07 03:38:15,409][anemoi.utils.checkpoints][INFO] - Saving metadata to inference-last/anemoi-metadata/ai-models.json
[2026-01-07 03:38:15,411][anemoi.utils.checkpoints][INFO] - Saving supporting array `latitudes` to inference-last/anemoi-metadata/latitudes.numpy (shape=(25427,), dtype=float64)
[2026-01-07 03:38:15,411][anemoi.utils.checkpoints][INFO] - Saving supporting array `longitudes` to inference-last/anemoi-metadata/longitudes.numpy (shape=(25427,), dtype=float64)
[2026-01-07 03:38:15,411][anemoi.utils.checkpoints][INFO] - Saving supporting array `lam_0/cutout_mask` to inference-last/anemoi-metadata/lam_0/cutout_mask.numpy (shape=(24386,), dtype=bool)
[2026-01-07 03:38:15,411][anemoi.utils.checkpoints][INFO] - Saving supporting array `global/cutout_mask` to inference-last/anemoi-metadata/global/cutout_mask.numpy (shape=(2021,), dtype=bool)
[2026-01-07 03:38:15,411][anemoi.utils.checkpoints][INFO] - Saving supporting array `source0/latitudes` to inference-last/anemoi-metadata/source0/latitudes.numpy (shape=(24386,), dtype=float64)
[2026-01-07 03:38:15,412][anemoi.utils.checkpoints][INFO] - Saving supporting array `source0/longitudes` to inference-last/anemoi-metadata/source0/longitudes.numpy (shape=(24386,), dtype=float64)
[2026-01-07 03:38:15,412][anemoi.utils.checkpoints][INFO] - Saving supporting array `source1/latitudes` to inference-last/anemoi-metadata/source1/latitudes.numpy (shape=(2021,), dtype=float64)
[2026-01-07 03:38:15,412][anemoi.utils.checkpoints][INFO] - Saving supporting array `source1/longitudes` to inference-last/anemoi-metadata/source1/longitudes.numpy (shape=(2021,), dtype=float64)
[2026-01-07 03:38:15,412][anemoi.utils.checkpoints][INFO] - Saving supporting array `grid_indices` to inference-last/anemoi-metadata/grid_indices.numpy (shape=(25427,), dtype=int64)
[2026-01-07 03:38:15,943][anemoi.utils.checkpoints][INFO] - Adding extra information to checkpoint /mnt/weatherloss/WindPower/training/CI/GNN/checkpoint/5f04ff8a-6e18-4f1e-82e4-57871016750e/last.ckpt
[2026-01-07 03:38:15,943][anemoi.utils.checkpoints][INFO] - Saving metadata to archive/anemoi-metadata/ai-models.json
[2026-01-07 03:38:15,945][anemoi.utils.checkpoints][INFO] - Saving supporting array `latitudes` to archive/anemoi-metadata/latitudes.numpy (shape=(25427,), dtype=float64)
[2026-01-07 03:38:15,945][anemoi.utils.checkpoints][INFO] - Saving supporting array `longitudes` to archive/anemoi-metadata/longitudes.numpy (shape=(25427,), dtype=float64)
[2026-01-07 03:38:15,945][anemoi.utils.checkpoints][INFO] - Saving supporting array `lam_0/cutout_mask` to archive/anemoi-metadata/lam_0/cutout_mask.numpy (shape=(24386,), dtype=bool)
[2026-01-07 03:38:15,945][anemoi.utils.checkpoints][INFO] - Saving supporting array `global/cutout_mask` to archive/anemoi-metadata/global/cutout_mask.numpy (shape=(2021,), dtype=bool)
[2026-01-07 03:38:15,945][anemoi.utils.checkpoints][INFO] - Saving supporting array `source0/latitudes` to archive/anemoi-metadata/source0/latitudes.numpy (shape=(24386,), dtype=float64)
[2026-01-07 03:38:15,946][anemoi.utils.checkpoints][INFO] - Saving supporting array `source0/longitudes` to archive/anemoi-metadata/source0/longitudes.numpy (shape=(24386,), dtype=float64)
[2026-01-07 03:38:15,946][anemoi.utils.checkpoints][INFO] - Saving supporting array `source1/latitudes` to archive/anemoi-metadata/source1/latitudes.numpy (shape=(2021,), dtype=float64)
[2026-01-07 03:38:15,946][anemoi.utils.checkpoints][INFO] - Saving supporting array `source1/longitudes` to archive/anemoi-metadata/source1/longitudes.numpy (shape=(2021,), dtype=float64)
[2026-01-07 03:38:15,946][anemoi.utils.checkpoints][INFO] - Saving supporting array `grid_indices` to archive/anemoi-metadata/grid_indices.numpy (shape=(25427,), dtype=int64)
