[2026-03-17 10:07:55,101][anemoi.training.train.train][INFO] - Skipping config validation.
[2026-03-17 10:07:55,102][anemoi.training.train.train][INFO] - Starting from checkpoint: False
[2026-03-17 10:07:55,102][anemoi.training.train.train][INFO] - Run id: 2af4a176-5387-4c13-ae54-fc99522dc1dd
[2026-03-17 10:07:55,103][anemoi.training.train.train][INFO] - Checkpoints path: {'root': PosixPath('/mnt/weatherloss/WindPower/training/EGU26/VanillaPower/checkpoint/2af4a176-5387-4c13-ae54-fc99522dc1dd'), 'every_n_epochs': 'anemoi-by_epoch-epoch_{epoch:03d}-step_{step:06d}', 'every_n_train_steps': 'anemoi-by_step-epoch_{epoch:03d}-step_{step:06d}', 'every_n_minutes': 'anemoi-by_time-epoch_{epoch:03d}-step_{step:06d}'}
[2026-03-17 10:07:55,103][anemoi.training.train.train][INFO] - Plots path: /mnt/weatherloss/WindPower/training/EGU26/VanillaPower/plots/2af4a176-5387-4c13-ae54-fc99522dc1dd
[2026-03-17 10:07:55,407][anemoi.graphs.nodes.builders.from_file][INFO] - Reading the dataset from {'cutout': [{'dataset': '/mnt/weatherloss/WindPower/data/EGU26/Anemoidatasets/Cerra_A.zarr'}, {'dataset': '/mnt/weatherloss/WindPower/data/EGU26/Anemoidatasets/era5_A2.zarr'}], 'min_distance_km': 0, 'adjust': 'all'}.
[2026-03-17 10:07:56,398][anemoi.graphs.generate.masks][INFO] - Fitting KNNAreaMaskBuilder with 24444 reference nodes from "data (cutout)".
[2026-03-17 10:08:12,570][anemoi.graphs.edges.builders.knn][INFO] - Using KNN-Edges (with 12 nearest neighbours) between data and hidden.
[2026-03-17 10:08:12,578][anemoi.graphs.edges.builders.base][WARNING] - The 'torch-cluster' library is not installed.
Installing 'torch-cluster' can significantly improve performance for graph creation.
You can install it using:
    TORCH_VERSION=$(python -c "import torch; print(torch.__version__)")
    pip install torch-cluster -f https://data.pyg.org/whl/torch-${TORCH_VERSION}.html

[2026-03-17 10:08:12,679][anemoi.graphs.edges.builders.cutoff][INFO] - Using CutOff-Edges (with radius = 15.0 km [direct]) between data and hidden.
[2026-03-17 10:08:12,680][anemoi.graphs.edges.builders.base][WARNING] - The 'torch-cluster' library is not installed.
Installing 'torch-cluster' can significantly improve performance for graph creation.
You can install it using:
    TORCH_VERSION=$(python -c "import torch; print(torch.__version__)")
    pip install torch-cluster -f https://data.pyg.org/whl/torch-${TORCH_VERSION}.html

[2026-03-17 10:08:57,173][anemoi.graphs.edges.builders.knn][INFO] - Using KNN-Edges (with 3 nearest neighbours) between hidden and data.
[2026-03-17 10:08:57,174][anemoi.graphs.edges.builders.base][WARNING] - The 'torch-cluster' library is not installed.
Installing 'torch-cluster' can significantly improve performance for graph creation.
You can install it using:
    TORCH_VERSION=$(python -c "import torch; print(torch.__version__)")
    pip install torch-cluster -f https://data.pyg.org/whl/torch-${TORCH_VERSION}.html

[2026-03-17 10:08:57,238][anemoi.graphs.create][INFO] - Cleaning graph.
[2026-03-17 10:08:57,238][anemoi.graphs.create][INFO] - _grid_reference_distance deleted from graph.
[2026-03-17 10:08:57,238][anemoi.graphs.create][INFO] - _dataset deleted from graph.
[2026-03-17 10:08:57,238][anemoi.graphs.create][INFO] - _grid_reference_distance deleted from graph.
[2026-03-17 10:08:57,238][anemoi.graphs.create][INFO] - _nx_graph deleted from graph.
[2026-03-17 10:08:57,238][anemoi.graphs.create][INFO] - _area_mask_builder deleted from graph.
[2026-03-17 10:08:57,238][anemoi.graphs.create][INFO] - _node_ordering deleted from graph.
[2026-03-17 10:08:57,238][anemoi.graphs.create][INFO] - _resolutions deleted from graph.
[2026-03-17 10:08:57,243][anemoi.graphs.processors.post_process][INFO] - Removing 79028 edges from ('data', 'to', 'hidden').
[2026-03-17 10:08:57,246][anemoi.graphs.processors.post_process][INFO] - Recomputing edge attribute edge_length.
[2026-03-17 10:08:57,248][anemoi.graphs.processors.post_process][INFO] - Recomputing edge attribute edge_dirs.
[2026-03-17 10:08:57,252][anemoi.graphs.processors.post_process][INFO] - Removing 3365 nodes from data.
[2026-03-17 10:08:57,272][anemoi.graphs.processors.post_process][INFO] - An attribute indices_connected_nodes has been added with the indices to mask the nodes from the original graph.
[2026-03-17 10:08:57,281][anemoi.graphs.create][INFO] - Graph saved at /mnt/weatherloss/WindPower/graphs/EGU26/EGUgraph15km.pt.
[2026-03-17 10:08:57,762][anemoi.training.data.datamodule][WARNING] - Falling back rollout to: 1
[2026-03-17 10:08:57,763][anemoi.training.data.datamodule][INFO] - Timeincrement set to 1 for data with frequency, 10800, and timestep, 10800
[2026-03-17 10:08:57,764][anemoi.training.data.grid_indices][INFO] - The graph attribute indices_connected_nodes of the data nodes will be used to masking the spatial dimension.
[2026-03-17 10:08:57,764][anemoi.training.train.train][INFO] - Number of data variables: 67
[2026-03-17 10:08:57,764][anemoi.training.train.train][INFO] - Variables: ['cos_julian_day', 'cos_latitude', 'cos_longitude', 'insolation', 'lsm', 'mcc', 'msl', 'q_1000', 'q_500', 'q_600', 'q_700', 'q_750', 'q_800', 'q_850', 'q_900', 'q_950', 'sin_julian_day', 'sin_latitude', 'sin_longitude', 't2m', 't_1000', 't_500', 't_600', 't_700', 't_750', 't_800', 't_850', 't_900', 't_950', 'u_1000', 'u_500', 'u_600', 'u_700', 'u_750', 'u_800', 'u_850', 'u_900', 'u_950', 'v_1000', 'v_500', 'v_600', 'v_700', 'v_750', 'v_800', 'v_850', 'v_900', 'v_950', 'wdir100_cos', 'wdir100_sin', 'wdir10_cos', 'wdir10_sin', 'ws10', 'ws100', 'z_1000', 'z_500', 'z_600', 'z_700', 'z_750', 'z_800', 'z_850', 'z_900', 'z_950', 'z_sfc', 'power', 'capacity', 'turbinecount', 'turbinemask']
[2026-03-17 10:08:57,764][anemoi.training.train.train][INFO] - Total number of prognostic variables: 55
[2026-03-17 10:08:57,765][anemoi.training.train.train][INFO] - Total number of auxiliary variables: 12
[2026-03-17 10:08:57,765][anemoi.training.train.train][INFO] - Total GPU count / model group size: 1 - NB: the learning rate will be scaled by this factor!
[2026-03-17 10:08:57,765][anemoi.training.train.train][INFO] - Effective learning rate: 3.125e-05
[2026-03-17 10:08:57,765][anemoi.training.train.train][INFO] - Training limits: max_epochs=20, max_steps=150000. Training will stop when either limit is reached first. Learning rate scheduler will run for 150000 steps.
[2026-03-17 10:08:58,042][anemoi.models.migrations.migrator][INFO] - Loading migration 1755530253_initial
[2026-03-17 10:08:58,042][anemoi.models.migrations.migrator][INFO] - Loading migration 1762857427_deprecate_eda
[2026-03-17 10:08:58,042][anemoi.models.migrations.migrator][INFO] - Loading migration 1762857428_chunking_fix
[2026-03-17 10:08:58,042][anemoi.models.migrations.migrator][INFO] - Loading migration 1763479917_hardware_schema_update
[2026-03-17 10:08:58,091][anemoi.training.train.train][INFO] - TensorBoard logger enabled
[2026-03-17 10:08:58,093][pytorch_lightning.utilities.rank_zero][INFO] - Using 16bit Automatic Mixed Precision (AMP)
[2026-03-17 10:08:58,104][pytorch_lightning.utilities.rank_zero][INFO] - GPU available: True (cuda), used: True
[2026-03-17 10:08:58,105][pytorch_lightning.utilities.rank_zero][INFO] - TPU available: False, using: 0 TPU cores
[2026-03-17 10:08:58,159][lightning_fabric.utilities.seed][INFO] - Seed set to 55255
[2026-03-17 10:08:58,161][anemoi.training.train.train][INFO] - Initial seed: Rank 0, initial seed 55255, running with random seed: 55255
[2026-03-17 10:09:44,492][anemoi.models.preprocessing.imputer][WARNING] - If placement of NaNs for diagnostic variables in inference output is desired, this needs to be handled by postprocessors: power
[2026-03-17 10:09:44,492][anemoi.models.preprocessing.imputer][INFO] - Imputer: replacing NaNs in power with value 0.0
[2026-03-17 10:09:44,492][anemoi.models.preprocessing.imputer][INFO] - Imputer: replacing NaNs in capacity with value 0.0
[2026-03-17 10:09:44,492][anemoi.models.preprocessing.imputer][INFO] - Imputer: replacing NaNs in turbinecount with value 0.0
[2026-03-17 10:09:44,492][anemoi.models.preprocessing.imputer][INFO] - Imputer: replacing NaNs in turbinemask with value 0.0
[2026-03-17 10:09:44,496][anemoi.models.preprocessing.normalizer][INFO] - Normalizing: cos_latitude is not normalized.
[2026-03-17 10:09:44,496][anemoi.models.preprocessing.normalizer][INFO] - Normalizing: cos_longitude is not normalized.
[2026-03-17 10:09:44,496][anemoi.models.preprocessing.normalizer][INFO] - Normalizing: lsm is not normalized.
[2026-03-17 10:09:44,496][anemoi.models.preprocessing.normalizer][INFO] - Normalizing: mcc is not normalized.
[2026-03-17 10:09:44,496][anemoi.models.preprocessing.normalizer][INFO] - Normalizing: sin_latitude is not normalized.
[2026-03-17 10:09:44,496][anemoi.models.preprocessing.normalizer][INFO] - Normalizing: sin_longitude is not normalized.
[2026-03-17 10:09:44,496][anemoi.models.preprocessing.normalizer][INFO] - Normalizing: turbinemask is not normalized.
[2026-03-17 10:09:44,576][anemoi.models.layers.utils][INFO] - Linear kernel: torch.nn.Linear.
[2026-03-17 10:09:44,576][anemoi.models.layers.utils][INFO] - LayerNorm kernel: torch.nn.LayerNorm.
[2026-03-17 10:09:44,577][anemoi.models.layers.utils][INFO] - Activation kernel: torch.nn.GELU.
[2026-03-17 10:09:44,578][anemoi.models.layers.utils][INFO] - QueryNorm kernel: anemoi.models.layers.normalization.AutocastLayerNorm.
[2026-03-17 10:09:44,579][anemoi.models.layers.utils][INFO] - KeyNorm kernel: anemoi.models.layers.normalization.AutocastLayerNorm.
[2026-03-17 10:09:44,594][anemoi.models.layers.block][INFO] - GraphTransformerMapperBlock using triton graph attention backend.
[2026-03-17 10:09:44,600][anemoi.models.layers.utils][INFO] - Linear kernel: torch.nn.Linear.
[2026-03-17 10:09:44,600][anemoi.models.layers.utils][INFO] - LayerNorm kernel: torch.nn.LayerNorm.
[2026-03-17 10:09:44,601][anemoi.models.layers.utils][INFO] - Activation kernel: torch.nn.GELU.
[2026-03-17 10:09:44,601][anemoi.models.layers.utils][INFO] - QueryNorm kernel: anemoi.models.layers.normalization.AutocastLayerNorm.
[2026-03-17 10:09:44,602][anemoi.models.layers.utils][INFO] - KeyNorm kernel: anemoi.models.layers.normalization.AutocastLayerNorm.
[2026-03-17 10:09:44,617][anemoi.models.layers.block][INFO] - GraphTransformerProcessorBlock using triton graph attention backend.
[2026-03-17 10:09:44,629][anemoi.models.layers.block][INFO] - GraphTransformerProcessorBlock using triton graph attention backend.
[2026-03-17 10:09:44,639][anemoi.models.layers.block][INFO] - GraphTransformerProcessorBlock using triton graph attention backend.
[2026-03-17 10:09:44,649][anemoi.models.layers.block][INFO] - GraphTransformerProcessorBlock using triton graph attention backend.
[2026-03-17 10:09:44,673][anemoi.models.layers.block][INFO] - GraphTransformerProcessorBlock using triton graph attention backend.
[2026-03-17 10:09:44,684][anemoi.models.layers.block][INFO] - GraphTransformerProcessorBlock using triton graph attention backend.
[2026-03-17 10:09:44,694][anemoi.models.layers.block][INFO] - GraphTransformerProcessorBlock using triton graph attention backend.
[2026-03-17 10:09:44,705][anemoi.models.layers.block][INFO] - GraphTransformerProcessorBlock using triton graph attention backend.
[2026-03-17 10:09:44,710][anemoi.models.layers.utils][INFO] - Linear kernel: torch.nn.Linear.
[2026-03-17 10:09:44,710][anemoi.models.layers.utils][INFO] - LayerNorm kernel: torch.nn.LayerNorm.
[2026-03-17 10:09:44,712][anemoi.models.layers.utils][INFO] - Activation kernel: torch.nn.GELU.
[2026-03-17 10:09:44,713][anemoi.models.layers.utils][INFO] - QueryNorm kernel: anemoi.models.layers.normalization.AutocastLayerNorm.
[2026-03-17 10:09:44,713][anemoi.models.layers.utils][INFO] - KeyNorm kernel: anemoi.models.layers.normalization.AutocastLayerNorm.
[2026-03-17 10:09:44,726][anemoi.models.layers.block][INFO] - GraphTransformerMapperBlock using triton graph attention backend.
[2026-03-17 10:09:44,845][anemoi.training.losses.scalers.variable_level][INFO] - Variable Level Scaling: Applying ReluVariableLevelScaler scaling to pl variables (['q', 't', 'u', 'v', 'z'])
[2026-03-17 10:09:44,845][anemoi.training.losses.scalers.variable_level][INFO] - with slope = 0.001 and y-intercept/minimum = 0.2.
[2026-03-17 10:09:44,929][anemoi.training.data.grid_indices][INFO] - The graph attribute indices_connected_nodes of the data nodes will be used to masking the spatial dimension.
[2026-03-17 10:09:44,930][anemoi.training.train.train][INFO] - The following submodules will NOT be trained: []
[2026-03-17 10:09:44,964][lightning_fabric.utilities.distributed][INFO] - Initializing distributed: GLOBAL_RANK: 0, MEMBER: 1/1
[2026-03-17 10:09:45,114][pytorch_lightning.utilities.rank_zero][INFO] - ----------------------------------------------------------------------------------------------------
distributed_backend=nccl
All distributed processes registered. Starting with 1 processes
----------------------------------------------------------------------------------------------------

[2026-03-17 10:09:45,475][pytorch_lightning.accelerators.cuda][INFO] - LOCAL_RANK: 0 - CUDA_VISIBLE_DEVICES: [0]
[2026-03-17 10:09:45,573][lightning_fabric.utilities.seed][INFO] - [rank: 0] Seed set to 55255
[2026-03-17 10:09:55,265][anemoi.training.data.datamodule][WARNING] - Falling back rollout to: 1
[2026-03-17 10:09:55,266][anemoi.training.data.dataset][INFO] - NativeGridDataset.set_group_info(): global_rank 0, model_comm_group_id 0, model_comm_group_rank 0, model_comm_num_groups 1, reader_group_rank 0
[2026-03-17 10:09:55,372][anemoi.models.data_indices.collection][INFO] - The order of the variables in the model matches the order in the data.
[2026-03-17 10:09:55,374][anemoi.training.data.dataset][INFO] - Worker 0 (pid 28182, global_rank 0, model comm group 0)  has low/high range 0 / 727
[2026-03-17 10:09:55,483][anemoi.training.data.dataset][INFO] - Worker 1 (pid 28278, global_rank 0, model comm group 0)  has low/high range 727 / 1454
[2026-03-17 10:09:56,855][anemoi.training.data.dataset][INFO] - NativeGridDataset.set_group_info(): global_rank 0, model_comm_group_id 0, model_comm_group_rank 0, model_comm_num_groups 1, reader_group_rank 0
[2026-03-17 10:09:56,976][anemoi.training.data.dataset][INFO] - Worker 0 (pid 28400, global_rank 0, model comm group 0)  has low/high range 0 / 13271
[2026-03-17 10:09:57,078][anemoi.training.data.dataset][INFO] - Worker 1 (pid 28499, global_rank 0, model comm group 0)  has low/high range 13271 / 26542
[2026-03-17 10:09:57,265][anemoi.models.data_indices.collection][INFO] - The order of the variables in the model matches the order in the data.
[2026-03-17 13:05:31,300][anemoi.models.data_indices.collection][INFO] - The order of the variables in the model matches the order in the data.
[2026-03-17 13:06:21,700][anemoi.utils.checkpoints][INFO] - Adding extra information to checkpoint /mnt/weatherloss/WindPower/training/EGU26/VanillaPower/checkpoint/2af4a176-5387-4c13-ae54-fc99522dc1dd/inference-anemoi-by_epoch-epoch_000-step_026542.ckpt
[2026-03-17 13:06:21,700][anemoi.utils.checkpoints][INFO] - Saving metadata to inference-anemoi-by_epoch-epoch_000-step_026542/anemoi-metadata/anemoi.json
[2026-03-17 13:06:21,701][anemoi.utils.checkpoints][INFO] - Saving supporting array `latitudes` to inference-anemoi-by_epoch-epoch_000-step_026542/anemoi-metadata/latitudes.numpy (shape=(30844,), dtype=float64)
[2026-03-17 13:06:21,702][anemoi.utils.checkpoints][INFO] - Saving supporting array `longitudes` to inference-anemoi-by_epoch-epoch_000-step_026542/anemoi-metadata/longitudes.numpy (shape=(30844,), dtype=float64)
[2026-03-17 13:06:21,702][anemoi.utils.checkpoints][INFO] - Saving supporting array `lam_0/cutout_mask` to inference-anemoi-by_epoch-epoch_000-step_026542/anemoi-metadata/lam_0/cutout_mask.numpy (shape=(24444,), dtype=bool)
[2026-03-17 13:06:21,702][anemoi.utils.checkpoints][INFO] - Saving supporting array `global/cutout_mask` to inference-anemoi-by_epoch-epoch_000-step_026542/anemoi-metadata/global/cutout_mask.numpy (shape=(7905,), dtype=bool)
[2026-03-17 13:06:21,702][anemoi.utils.checkpoints][INFO] - Saving supporting array `source0/latitudes` to inference-anemoi-by_epoch-epoch_000-step_026542/anemoi-metadata/source0/latitudes.numpy (shape=(24444,), dtype=float64)
[2026-03-17 13:06:21,702][anemoi.utils.checkpoints][INFO] - Saving supporting array `source0/longitudes` to inference-anemoi-by_epoch-epoch_000-step_026542/anemoi-metadata/source0/longitudes.numpy (shape=(24444,), dtype=float64)
[2026-03-17 13:06:21,702][anemoi.utils.checkpoints][INFO] - Saving supporting array `source1/latitudes` to inference-anemoi-by_epoch-epoch_000-step_026542/anemoi-metadata/source1/latitudes.numpy (shape=(7905,), dtype=float64)
[2026-03-17 13:06:21,702][anemoi.utils.checkpoints][INFO] - Saving supporting array `source1/longitudes` to inference-anemoi-by_epoch-epoch_000-step_026542/anemoi-metadata/source1/longitudes.numpy (shape=(7905,), dtype=float64)
[2026-03-17 13:06:21,703][anemoi.utils.checkpoints][INFO] - Saving supporting array `grid_indices` to inference-anemoi-by_epoch-epoch_000-step_026542/anemoi-metadata/grid_indices.numpy (shape=(27479,), dtype=int64)
[2026-03-17 13:06:22,516][anemoi.utils.checkpoints][INFO] - Adding extra information to checkpoint /mnt/weatherloss/WindPower/training/EGU26/VanillaPower/checkpoint/2af4a176-5387-4c13-ae54-fc99522dc1dd/anemoi-by_epoch-epoch_000-step_026542.ckpt
[2026-03-17 13:06:22,517][anemoi.utils.checkpoints][INFO] - Saving metadata to archive/anemoi-metadata/anemoi.json
[2026-03-17 13:06:22,518][anemoi.utils.checkpoints][INFO] - Saving supporting array `latitudes` to archive/anemoi-metadata/latitudes.numpy (shape=(30844,), dtype=float64)
[2026-03-17 13:06:22,518][anemoi.utils.checkpoints][INFO] - Saving supporting array `longitudes` to archive/anemoi-metadata/longitudes.numpy (shape=(30844,), dtype=float64)
[2026-03-17 13:06:22,518][anemoi.utils.checkpoints][INFO] - Saving supporting array `lam_0/cutout_mask` to archive/anemoi-metadata/lam_0/cutout_mask.numpy (shape=(24444,), dtype=bool)
[2026-03-17 13:06:22,518][anemoi.utils.checkpoints][INFO] - Saving supporting array `global/cutout_mask` to archive/anemoi-metadata/global/cutout_mask.numpy (shape=(7905,), dtype=bool)
[2026-03-17 13:06:22,519][anemoi.utils.checkpoints][INFO] - Saving supporting array `source0/latitudes` to archive/anemoi-metadata/source0/latitudes.numpy (shape=(24444,), dtype=float64)
[2026-03-17 13:06:22,519][anemoi.utils.checkpoints][INFO] - Saving supporting array `source0/longitudes` to archive/anemoi-metadata/source0/longitudes.numpy (shape=(24444,), dtype=float64)
[2026-03-17 13:06:22,519][anemoi.utils.checkpoints][INFO] - Saving supporting array `source1/latitudes` to archive/anemoi-metadata/source1/latitudes.numpy (shape=(7905,), dtype=float64)
[2026-03-17 13:06:22,519][anemoi.utils.checkpoints][INFO] - Saving supporting array `source1/longitudes` to archive/anemoi-metadata/source1/longitudes.numpy (shape=(7905,), dtype=float64)
[2026-03-17 13:06:22,519][anemoi.utils.checkpoints][INFO] - Saving supporting array `grid_indices` to archive/anemoi-metadata/grid_indices.numpy (shape=(27479,), dtype=int64)
[2026-03-17 13:06:22,612][anemoi.utils.checkpoints][INFO] - Adding extra information to checkpoint /mnt/weatherloss/WindPower/training/EGU26/VanillaPower/checkpoint/2af4a176-5387-4c13-ae54-fc99522dc1dd/inference-last.ckpt
[2026-03-17 13:06:22,612][anemoi.utils.checkpoints][INFO] - Saving metadata to inference-last/anemoi-metadata/anemoi.json
[2026-03-17 13:06:22,613][anemoi.utils.checkpoints][INFO] - Saving supporting array `latitudes` to inference-last/anemoi-metadata/latitudes.numpy (shape=(30844,), dtype=float64)
[2026-03-17 13:06:22,613][anemoi.utils.checkpoints][INFO] - Saving supporting array `longitudes` to inference-last/anemoi-metadata/longitudes.numpy (shape=(30844,), dtype=float64)
[2026-03-17 13:06:22,613][anemoi.utils.checkpoints][INFO] - Saving supporting array `lam_0/cutout_mask` to inference-last/anemoi-metadata/lam_0/cutout_mask.numpy (shape=(24444,), dtype=bool)
[2026-03-17 13:06:22,613][anemoi.utils.checkpoints][INFO] - Saving supporting array `global/cutout_mask` to inference-last/anemoi-metadata/global/cutout_mask.numpy (shape=(7905,), dtype=bool)
[2026-03-17 13:06:22,613][anemoi.utils.checkpoints][INFO] - Saving supporting array `source0/latitudes` to inference-last/anemoi-metadata/source0/latitudes.numpy (shape=(24444,), dtype=float64)
[2026-03-17 13:06:22,614][anemoi.utils.checkpoints][INFO] - Saving supporting array `source0/longitudes` to inference-last/anemoi-metadata/source0/longitudes.numpy (shape=(24444,), dtype=float64)
[2026-03-17 13:06:22,614][anemoi.utils.checkpoints][INFO] - Saving supporting array `source1/latitudes` to inference-last/anemoi-metadata/source1/latitudes.numpy (shape=(7905,), dtype=float64)
[2026-03-17 13:06:22,614][anemoi.utils.checkpoints][INFO] - Saving supporting array `source1/longitudes` to inference-last/anemoi-metadata/source1/longitudes.numpy (shape=(7905,), dtype=float64)
[2026-03-17 13:06:22,614][anemoi.utils.checkpoints][INFO] - Saving supporting array `grid_indices` to inference-last/anemoi-metadata/grid_indices.numpy (shape=(27479,), dtype=int64)
[2026-03-17 13:06:23,404][anemoi.utils.checkpoints][INFO] - Adding extra information to checkpoint /mnt/weatherloss/WindPower/training/EGU26/VanillaPower/checkpoint/2af4a176-5387-4c13-ae54-fc99522dc1dd/last.ckpt
[2026-03-17 13:06:23,404][anemoi.utils.checkpoints][INFO] - Saving metadata to archive/anemoi-metadata/anemoi.json
[2026-03-17 13:06:23,406][anemoi.utils.checkpoints][INFO] - Saving supporting array `latitudes` to archive/anemoi-metadata/latitudes.numpy (shape=(30844,), dtype=float64)
[2026-03-17 13:06:23,406][anemoi.utils.checkpoints][INFO] - Saving supporting array `longitudes` to archive/anemoi-metadata/longitudes.numpy (shape=(30844,), dtype=float64)
[2026-03-17 13:06:23,406][anemoi.utils.checkpoints][INFO] - Saving supporting array `lam_0/cutout_mask` to archive/anemoi-metadata/lam_0/cutout_mask.numpy (shape=(24444,), dtype=bool)
[2026-03-17 13:06:23,406][anemoi.utils.checkpoints][INFO] - Saving supporting array `global/cutout_mask` to archive/anemoi-metadata/global/cutout_mask.numpy (shape=(7905,), dtype=bool)
[2026-03-17 13:06:23,406][anemoi.utils.checkpoints][INFO] - Saving supporting array `source0/latitudes` to archive/anemoi-metadata/source0/latitudes.numpy (shape=(24444,), dtype=float64)
[2026-03-17 13:06:23,406][anemoi.utils.checkpoints][INFO] - Saving supporting array `source0/longitudes` to archive/anemoi-metadata/source0/longitudes.numpy (shape=(24444,), dtype=float64)
[2026-03-17 13:06:23,407][anemoi.utils.checkpoints][INFO] - Saving supporting array `source1/latitudes` to archive/anemoi-metadata/source1/latitudes.numpy (shape=(7905,), dtype=float64)
[2026-03-17 13:06:23,407][anemoi.utils.checkpoints][INFO] - Saving supporting array `source1/longitudes` to archive/anemoi-metadata/source1/longitudes.numpy (shape=(7905,), dtype=float64)
[2026-03-17 13:06:23,407][anemoi.utils.checkpoints][INFO] - Saving supporting array `grid_indices` to archive/anemoi-metadata/grid_indices.numpy (shape=(27479,), dtype=int64)
[2026-03-17 14:27:08,845][anemoi.models.data_indices.collection][INFO] - The order of the variables in the model matches the order in the data.
[2026-03-17 14:27:59,511][anemoi.utils.checkpoints][INFO] - Adding extra information to checkpoint /mnt/weatherloss/WindPower/training/EGU26/VanillaPower/checkpoint/2af4a176-5387-4c13-ae54-fc99522dc1dd/inference-anemoi-by_epoch-epoch_001-step_053084.ckpt
[2026-03-17 14:27:59,511][anemoi.utils.checkpoints][INFO] - Saving metadata to inference-anemoi-by_epoch-epoch_001-step_053084/anemoi-metadata/anemoi.json
[2026-03-17 14:27:59,512][anemoi.utils.checkpoints][INFO] - Saving supporting array `latitudes` to inference-anemoi-by_epoch-epoch_001-step_053084/anemoi-metadata/latitudes.numpy (shape=(30844,), dtype=float64)
[2026-03-17 14:27:59,513][anemoi.utils.checkpoints][INFO] - Saving supporting array `longitudes` to inference-anemoi-by_epoch-epoch_001-step_053084/anemoi-metadata/longitudes.numpy (shape=(30844,), dtype=float64)
[2026-03-17 14:27:59,513][anemoi.utils.checkpoints][INFO] - Saving supporting array `lam_0/cutout_mask` to inference-anemoi-by_epoch-epoch_001-step_053084/anemoi-metadata/lam_0/cutout_mask.numpy (shape=(24444,), dtype=bool)
[2026-03-17 14:27:59,513][anemoi.utils.checkpoints][INFO] - Saving supporting array `global/cutout_mask` to inference-anemoi-by_epoch-epoch_001-step_053084/anemoi-metadata/global/cutout_mask.numpy (shape=(7905,), dtype=bool)
[2026-03-17 14:27:59,513][anemoi.utils.checkpoints][INFO] - Saving supporting array `source0/latitudes` to inference-anemoi-by_epoch-epoch_001-step_053084/anemoi-metadata/source0/latitudes.numpy (shape=(24444,), dtype=float64)
[2026-03-17 14:27:59,513][anemoi.utils.checkpoints][INFO] - Saving supporting array `source0/longitudes` to inference-anemoi-by_epoch-epoch_001-step_053084/anemoi-metadata/source0/longitudes.numpy (shape=(24444,), dtype=float64)
[2026-03-17 14:27:59,513][anemoi.utils.checkpoints][INFO] - Saving supporting array `source1/latitudes` to inference-anemoi-by_epoch-epoch_001-step_053084/anemoi-metadata/source1/latitudes.numpy (shape=(7905,), dtype=float64)
[2026-03-17 14:27:59,513][anemoi.utils.checkpoints][INFO] - Saving supporting array `source1/longitudes` to inference-anemoi-by_epoch-epoch_001-step_053084/anemoi-metadata/source1/longitudes.numpy (shape=(7905,), dtype=float64)
[2026-03-17 14:27:59,514][anemoi.utils.checkpoints][INFO] - Saving supporting array `grid_indices` to inference-anemoi-by_epoch-epoch_001-step_053084/anemoi-metadata/grid_indices.numpy (shape=(27479,), dtype=int64)
[2026-03-17 14:28:00,371][anemoi.utils.checkpoints][INFO] - Adding extra information to checkpoint /mnt/weatherloss/WindPower/training/EGU26/VanillaPower/checkpoint/2af4a176-5387-4c13-ae54-fc99522dc1dd/anemoi-by_epoch-epoch_001-step_053084.ckpt
[2026-03-17 14:28:00,371][anemoi.utils.checkpoints][INFO] - Saving metadata to archive/anemoi-metadata/anemoi.json
[2026-03-17 14:28:00,373][anemoi.utils.checkpoints][INFO] - Saving supporting array `latitudes` to archive/anemoi-metadata/latitudes.numpy (shape=(30844,), dtype=float64)
[2026-03-17 14:28:00,373][anemoi.utils.checkpoints][INFO] - Saving supporting array `longitudes` to archive/anemoi-metadata/longitudes.numpy (shape=(30844,), dtype=float64)
[2026-03-17 14:28:00,373][anemoi.utils.checkpoints][INFO] - Saving supporting array `lam_0/cutout_mask` to archive/anemoi-metadata/lam_0/cutout_mask.numpy (shape=(24444,), dtype=bool)
[2026-03-17 14:28:00,373][anemoi.utils.checkpoints][INFO] - Saving supporting array `global/cutout_mask` to archive/anemoi-metadata/global/cutout_mask.numpy (shape=(7905,), dtype=bool)
[2026-03-17 14:28:00,373][anemoi.utils.checkpoints][INFO] - Saving supporting array `source0/latitudes` to archive/anemoi-metadata/source0/latitudes.numpy (shape=(24444,), dtype=float64)
[2026-03-17 14:28:00,373][anemoi.utils.checkpoints][INFO] - Saving supporting array `source0/longitudes` to archive/anemoi-metadata/source0/longitudes.numpy (shape=(24444,), dtype=float64)
[2026-03-17 14:28:00,373][anemoi.utils.checkpoints][INFO] - Saving supporting array `source1/latitudes` to archive/anemoi-metadata/source1/latitudes.numpy (shape=(7905,), dtype=float64)
[2026-03-17 14:28:00,374][anemoi.utils.checkpoints][INFO] - Saving supporting array `source1/longitudes` to archive/anemoi-metadata/source1/longitudes.numpy (shape=(7905,), dtype=float64)
[2026-03-17 14:28:00,374][anemoi.utils.checkpoints][INFO] - Saving supporting array `grid_indices` to archive/anemoi-metadata/grid_indices.numpy (shape=(27479,), dtype=int64)
[2026-03-17 14:28:00,520][anemoi.utils.checkpoints][INFO] - Adding extra information to checkpoint /mnt/weatherloss/WindPower/training/EGU26/VanillaPower/checkpoint/2af4a176-5387-4c13-ae54-fc99522dc1dd/inference-last.ckpt
[2026-03-17 14:28:00,520][anemoi.utils.checkpoints][INFO] - Saving metadata to inference-last/anemoi-metadata/anemoi.json
[2026-03-17 14:28:00,522][anemoi.utils.checkpoints][INFO] - Saving supporting array `latitudes` to inference-last/anemoi-metadata/latitudes.numpy (shape=(30844,), dtype=float64)
[2026-03-17 14:28:00,522][anemoi.utils.checkpoints][INFO] - Saving supporting array `longitudes` to inference-last/anemoi-metadata/longitudes.numpy (shape=(30844,), dtype=float64)
[2026-03-17 14:28:00,523][anemoi.utils.checkpoints][INFO] - Saving supporting array `lam_0/cutout_mask` to inference-last/anemoi-metadata/lam_0/cutout_mask.numpy (shape=(24444,), dtype=bool)
[2026-03-17 14:28:00,523][anemoi.utils.checkpoints][INFO] - Saving supporting array `global/cutout_mask` to inference-last/anemoi-metadata/global/cutout_mask.numpy (shape=(7905,), dtype=bool)
[2026-03-17 14:28:00,523][anemoi.utils.checkpoints][INFO] - Saving supporting array `source0/latitudes` to inference-last/anemoi-metadata/source0/latitudes.numpy (shape=(24444,), dtype=float64)
[2026-03-17 14:28:00,523][anemoi.utils.checkpoints][INFO] - Saving supporting array `source0/longitudes` to inference-last/anemoi-metadata/source0/longitudes.numpy (shape=(24444,), dtype=float64)
[2026-03-17 14:28:00,523][anemoi.utils.checkpoints][INFO] - Saving supporting array `source1/latitudes` to inference-last/anemoi-metadata/source1/latitudes.numpy (shape=(7905,), dtype=float64)
[2026-03-17 14:28:00,524][anemoi.utils.checkpoints][INFO] - Saving supporting array `source1/longitudes` to inference-last/anemoi-metadata/source1/longitudes.numpy (shape=(7905,), dtype=float64)
[2026-03-17 14:28:00,524][anemoi.utils.checkpoints][INFO] - Saving supporting array `grid_indices` to inference-last/anemoi-metadata/grid_indices.numpy (shape=(27479,), dtype=int64)
[2026-03-17 14:28:01,450][anemoi.utils.checkpoints][INFO] - Adding extra information to checkpoint /mnt/weatherloss/WindPower/training/EGU26/VanillaPower/checkpoint/2af4a176-5387-4c13-ae54-fc99522dc1dd/last.ckpt
[2026-03-17 14:28:01,450][anemoi.utils.checkpoints][INFO] - Saving metadata to archive/anemoi-metadata/anemoi.json
[2026-03-17 14:28:01,451][anemoi.utils.checkpoints][INFO] - Saving supporting array `latitudes` to archive/anemoi-metadata/latitudes.numpy (shape=(30844,), dtype=float64)
[2026-03-17 14:28:01,452][anemoi.utils.checkpoints][INFO] - Saving supporting array `longitudes` to archive/anemoi-metadata/longitudes.numpy (shape=(30844,), dtype=float64)
[2026-03-17 14:28:01,452][anemoi.utils.checkpoints][INFO] - Saving supporting array `lam_0/cutout_mask` to archive/anemoi-metadata/lam_0/cutout_mask.numpy (shape=(24444,), dtype=bool)
[2026-03-17 14:28:01,452][anemoi.utils.checkpoints][INFO] - Saving supporting array `global/cutout_mask` to archive/anemoi-metadata/global/cutout_mask.numpy (shape=(7905,), dtype=bool)
[2026-03-17 14:28:01,452][anemoi.utils.checkpoints][INFO] - Saving supporting array `source0/latitudes` to archive/anemoi-metadata/source0/latitudes.numpy (shape=(24444,), dtype=float64)
[2026-03-17 14:28:01,452][anemoi.utils.checkpoints][INFO] - Saving supporting array `source0/longitudes` to archive/anemoi-metadata/source0/longitudes.numpy (shape=(24444,), dtype=float64)
[2026-03-17 14:28:01,452][anemoi.utils.checkpoints][INFO] - Saving supporting array `source1/latitudes` to archive/anemoi-metadata/source1/latitudes.numpy (shape=(7905,), dtype=float64)
[2026-03-17 14:28:01,452][anemoi.utils.checkpoints][INFO] - Saving supporting array `source1/longitudes` to archive/anemoi-metadata/source1/longitudes.numpy (shape=(7905,), dtype=float64)
[2026-03-17 14:28:01,452][anemoi.utils.checkpoints][INFO] - Saving supporting array `grid_indices` to archive/anemoi-metadata/grid_indices.numpy (shape=(27479,), dtype=int64)
[2026-03-17 15:58:55,590][anemoi.models.data_indices.collection][INFO] - The order of the variables in the model matches the order in the data.
[2026-03-17 15:59:45,243][anemoi.utils.checkpoints][INFO] - Adding extra information to checkpoint /mnt/weatherloss/WindPower/training/EGU26/VanillaPower/checkpoint/2af4a176-5387-4c13-ae54-fc99522dc1dd/inference-anemoi-by_epoch-epoch_002-step_079626.ckpt
[2026-03-17 15:59:45,243][anemoi.utils.checkpoints][INFO] - Saving metadata to inference-anemoi-by_epoch-epoch_002-step_079626/anemoi-metadata/anemoi.json
[2026-03-17 15:59:45,244][anemoi.utils.checkpoints][INFO] - Saving supporting array `latitudes` to inference-anemoi-by_epoch-epoch_002-step_079626/anemoi-metadata/latitudes.numpy (shape=(30844,), dtype=float64)
[2026-03-17 15:59:45,244][anemoi.utils.checkpoints][INFO] - Saving supporting array `longitudes` to inference-anemoi-by_epoch-epoch_002-step_079626/anemoi-metadata/longitudes.numpy (shape=(30844,), dtype=float64)
[2026-03-17 15:59:45,245][anemoi.utils.checkpoints][INFO] - Saving supporting array `lam_0/cutout_mask` to inference-anemoi-by_epoch-epoch_002-step_079626/anemoi-metadata/lam_0/cutout_mask.numpy (shape=(24444,), dtype=bool)
[2026-03-17 15:59:45,245][anemoi.utils.checkpoints][INFO] - Saving supporting array `global/cutout_mask` to inference-anemoi-by_epoch-epoch_002-step_079626/anemoi-metadata/global/cutout_mask.numpy (shape=(7905,), dtype=bool)
[2026-03-17 15:59:45,245][anemoi.utils.checkpoints][INFO] - Saving supporting array `source0/latitudes` to inference-anemoi-by_epoch-epoch_002-step_079626/anemoi-metadata/source0/latitudes.numpy (shape=(24444,), dtype=float64)
[2026-03-17 15:59:45,245][anemoi.utils.checkpoints][INFO] - Saving supporting array `source0/longitudes` to inference-anemoi-by_epoch-epoch_002-step_079626/anemoi-metadata/source0/longitudes.numpy (shape=(24444,), dtype=float64)
[2026-03-17 15:59:45,245][anemoi.utils.checkpoints][INFO] - Saving supporting array `source1/latitudes` to inference-anemoi-by_epoch-epoch_002-step_079626/anemoi-metadata/source1/latitudes.numpy (shape=(7905,), dtype=float64)
[2026-03-17 15:59:45,245][anemoi.utils.checkpoints][INFO] - Saving supporting array `source1/longitudes` to inference-anemoi-by_epoch-epoch_002-step_079626/anemoi-metadata/source1/longitudes.numpy (shape=(7905,), dtype=float64)
[2026-03-17 15:59:45,245][anemoi.utils.checkpoints][INFO] - Saving supporting array `grid_indices` to inference-anemoi-by_epoch-epoch_002-step_079626/anemoi-metadata/grid_indices.numpy (shape=(27479,), dtype=int64)
[2026-03-17 15:59:46,014][anemoi.utils.checkpoints][INFO] - Adding extra information to checkpoint /mnt/weatherloss/WindPower/training/EGU26/VanillaPower/checkpoint/2af4a176-5387-4c13-ae54-fc99522dc1dd/anemoi-by_epoch-epoch_002-step_079626.ckpt
[2026-03-17 15:59:46,015][anemoi.utils.checkpoints][INFO] - Saving metadata to archive/anemoi-metadata/anemoi.json
[2026-03-17 15:59:46,016][anemoi.utils.checkpoints][INFO] - Saving supporting array `latitudes` to archive/anemoi-metadata/latitudes.numpy (shape=(30844,), dtype=float64)
[2026-03-17 15:59:46,016][anemoi.utils.checkpoints][INFO] - Saving supporting array `longitudes` to archive/anemoi-metadata/longitudes.numpy (shape=(30844,), dtype=float64)
[2026-03-17 15:59:46,016][anemoi.utils.checkpoints][INFO] - Saving supporting array `lam_0/cutout_mask` to archive/anemoi-metadata/lam_0/cutout_mask.numpy (shape=(24444,), dtype=bool)
[2026-03-17 15:59:46,016][anemoi.utils.checkpoints][INFO] - Saving supporting array `global/cutout_mask` to archive/anemoi-metadata/global/cutout_mask.numpy (shape=(7905,), dtype=bool)
[2026-03-17 15:59:46,016][anemoi.utils.checkpoints][INFO] - Saving supporting array `source0/latitudes` to archive/anemoi-metadata/source0/latitudes.numpy (shape=(24444,), dtype=float64)
[2026-03-17 15:59:46,017][anemoi.utils.checkpoints][INFO] - Saving supporting array `source0/longitudes` to archive/anemoi-metadata/source0/longitudes.numpy (shape=(24444,), dtype=float64)
[2026-03-17 15:59:46,017][anemoi.utils.checkpoints][INFO] - Saving supporting array `source1/latitudes` to archive/anemoi-metadata/source1/latitudes.numpy (shape=(7905,), dtype=float64)
[2026-03-17 15:59:46,017][anemoi.utils.checkpoints][INFO] - Saving supporting array `source1/longitudes` to archive/anemoi-metadata/source1/longitudes.numpy (shape=(7905,), dtype=float64)
[2026-03-17 15:59:46,017][anemoi.utils.checkpoints][INFO] - Saving supporting array `grid_indices` to archive/anemoi-metadata/grid_indices.numpy (shape=(27479,), dtype=int64)
[2026-03-17 15:59:46,159][anemoi.utils.checkpoints][INFO] - Adding extra information to checkpoint /mnt/weatherloss/WindPower/training/EGU26/VanillaPower/checkpoint/2af4a176-5387-4c13-ae54-fc99522dc1dd/inference-last.ckpt
[2026-03-17 15:59:46,159][anemoi.utils.checkpoints][INFO] - Saving metadata to inference-last/anemoi-metadata/anemoi.json
[2026-03-17 15:59:46,160][anemoi.utils.checkpoints][INFO] - Saving supporting array `latitudes` to inference-last/anemoi-metadata/latitudes.numpy (shape=(30844,), dtype=float64)
[2026-03-17 15:59:46,160][anemoi.utils.checkpoints][INFO] - Saving supporting array `longitudes` to inference-last/anemoi-metadata/longitudes.numpy (shape=(30844,), dtype=float64)
[2026-03-17 15:59:46,161][anemoi.utils.checkpoints][INFO] - Saving supporting array `lam_0/cutout_mask` to inference-last/anemoi-metadata/lam_0/cutout_mask.numpy (shape=(24444,), dtype=bool)
[2026-03-17 15:59:46,161][anemoi.utils.checkpoints][INFO] - Saving supporting array `global/cutout_mask` to inference-last/anemoi-metadata/global/cutout_mask.numpy (shape=(7905,), dtype=bool)
[2026-03-17 15:59:46,161][anemoi.utils.checkpoints][INFO] - Saving supporting array `source0/latitudes` to inference-last/anemoi-metadata/source0/latitudes.numpy (shape=(24444,), dtype=float64)
[2026-03-17 15:59:46,161][anemoi.utils.checkpoints][INFO] - Saving supporting array `source0/longitudes` to inference-last/anemoi-metadata/source0/longitudes.numpy (shape=(24444,), dtype=float64)
[2026-03-17 15:59:46,161][anemoi.utils.checkpoints][INFO] - Saving supporting array `source1/latitudes` to inference-last/anemoi-metadata/source1/latitudes.numpy (shape=(7905,), dtype=float64)
[2026-03-17 15:59:46,161][anemoi.utils.checkpoints][INFO] - Saving supporting array `source1/longitudes` to inference-last/anemoi-metadata/source1/longitudes.numpy (shape=(7905,), dtype=float64)
[2026-03-17 15:59:46,161][anemoi.utils.checkpoints][INFO] - Saving supporting array `grid_indices` to inference-last/anemoi-metadata/grid_indices.numpy (shape=(27479,), dtype=int64)
[2026-03-17 15:59:47,055][anemoi.utils.checkpoints][INFO] - Adding extra information to checkpoint /mnt/weatherloss/WindPower/training/EGU26/VanillaPower/checkpoint/2af4a176-5387-4c13-ae54-fc99522dc1dd/last.ckpt
[2026-03-17 15:59:47,055][anemoi.utils.checkpoints][INFO] - Saving metadata to archive/anemoi-metadata/anemoi.json
[2026-03-17 15:59:47,056][anemoi.utils.checkpoints][INFO] - Saving supporting array `latitudes` to archive/anemoi-metadata/latitudes.numpy (shape=(30844,), dtype=float64)
[2026-03-17 15:59:47,056][anemoi.utils.checkpoints][INFO] - Saving supporting array `longitudes` to archive/anemoi-metadata/longitudes.numpy (shape=(30844,), dtype=float64)
[2026-03-17 15:59:47,057][anemoi.utils.checkpoints][INFO] - Saving supporting array `lam_0/cutout_mask` to archive/anemoi-metadata/lam_0/cutout_mask.numpy (shape=(24444,), dtype=bool)
[2026-03-17 15:59:47,057][anemoi.utils.checkpoints][INFO] - Saving supporting array `global/cutout_mask` to archive/anemoi-metadata/global/cutout_mask.numpy (shape=(7905,), dtype=bool)
[2026-03-17 15:59:47,057][anemoi.utils.checkpoints][INFO] - Saving supporting array `source0/latitudes` to archive/anemoi-metadata/source0/latitudes.numpy (shape=(24444,), dtype=float64)
[2026-03-17 15:59:47,057][anemoi.utils.checkpoints][INFO] - Saving supporting array `source0/longitudes` to archive/anemoi-metadata/source0/longitudes.numpy (shape=(24444,), dtype=float64)
[2026-03-17 15:59:47,057][anemoi.utils.checkpoints][INFO] - Saving supporting array `source1/latitudes` to archive/anemoi-metadata/source1/latitudes.numpy (shape=(7905,), dtype=float64)
[2026-03-17 15:59:47,057][anemoi.utils.checkpoints][INFO] - Saving supporting array `source1/longitudes` to archive/anemoi-metadata/source1/longitudes.numpy (shape=(7905,), dtype=float64)
[2026-03-17 15:59:47,057][anemoi.utils.checkpoints][INFO] - Saving supporting array `grid_indices` to archive/anemoi-metadata/grid_indices.numpy (shape=(27479,), dtype=int64)
[2026-03-17 17:27:52,591][anemoi.models.data_indices.collection][INFO] - The order of the variables in the model matches the order in the data.
[2026-03-17 17:57:52,740][anemoi.utils.checkpoints][INFO] - Adding extra information to checkpoint /mnt/weatherloss/WindPower/training/EGU26/VanillaPower/checkpoint/2af4a176-5387-4c13-ae54-fc99522dc1dd/inference-anemoi-by_epoch-epoch_003-step_106168.ckpt
[2026-03-17 17:57:52,740][anemoi.utils.checkpoints][INFO] - Saving metadata to inference-anemoi-by_epoch-epoch_003-step_106168/anemoi-metadata/anemoi.json
[2026-03-17 17:57:52,741][anemoi.utils.checkpoints][INFO] - Saving supporting array `latitudes` to inference-anemoi-by_epoch-epoch_003-step_106168/anemoi-metadata/latitudes.numpy (shape=(30844,), dtype=float64)
[2026-03-17 17:57:52,742][anemoi.utils.checkpoints][INFO] - Saving supporting array `longitudes` to inference-anemoi-by_epoch-epoch_003-step_106168/anemoi-metadata/longitudes.numpy (shape=(30844,), dtype=float64)
[2026-03-17 17:57:52,742][anemoi.utils.checkpoints][INFO] - Saving supporting array `lam_0/cutout_mask` to inference-anemoi-by_epoch-epoch_003-step_106168/anemoi-metadata/lam_0/cutout_mask.numpy (shape=(24444,), dtype=bool)
[2026-03-17 17:57:52,742][anemoi.utils.checkpoints][INFO] - Saving supporting array `global/cutout_mask` to inference-anemoi-by_epoch-epoch_003-step_106168/anemoi-metadata/global/cutout_mask.numpy (shape=(7905,), dtype=bool)
[2026-03-17 17:57:52,742][anemoi.utils.checkpoints][INFO] - Saving supporting array `source0/latitudes` to inference-anemoi-by_epoch-epoch_003-step_106168/anemoi-metadata/source0/latitudes.numpy (shape=(24444,), dtype=float64)
[2026-03-17 17:57:52,742][anemoi.utils.checkpoints][INFO] - Saving supporting array `source0/longitudes` to inference-anemoi-by_epoch-epoch_003-step_106168/anemoi-metadata/source0/longitudes.numpy (shape=(24444,), dtype=float64)
[2026-03-17 17:57:52,742][anemoi.utils.checkpoints][INFO] - Saving supporting array `source1/latitudes` to inference-anemoi-by_epoch-epoch_003-step_106168/anemoi-metadata/source1/latitudes.numpy (shape=(7905,), dtype=float64)
[2026-03-17 17:57:52,742][anemoi.utils.checkpoints][INFO] - Saving supporting array `source1/longitudes` to inference-anemoi-by_epoch-epoch_003-step_106168/anemoi-metadata/source1/longitudes.numpy (shape=(7905,), dtype=float64)
[2026-03-17 17:57:52,742][anemoi.utils.checkpoints][INFO] - Saving supporting array `grid_indices` to inference-anemoi-by_epoch-epoch_003-step_106168/anemoi-metadata/grid_indices.numpy (shape=(27479,), dtype=int64)
[2026-03-17 17:57:53,553][anemoi.utils.checkpoints][INFO] - Adding extra information to checkpoint /mnt/weatherloss/WindPower/training/EGU26/VanillaPower/checkpoint/2af4a176-5387-4c13-ae54-fc99522dc1dd/anemoi-by_epoch-epoch_003-step_106168.ckpt
[2026-03-17 17:57:53,553][anemoi.utils.checkpoints][INFO] - Saving metadata to archive/anemoi-metadata/anemoi.json
[2026-03-17 17:57:53,555][anemoi.utils.checkpoints][INFO] - Saving supporting array `latitudes` to archive/anemoi-metadata/latitudes.numpy (shape=(30844,), dtype=float64)
[2026-03-17 17:57:53,555][anemoi.utils.checkpoints][INFO] - Saving supporting array `longitudes` to archive/anemoi-metadata/longitudes.numpy (shape=(30844,), dtype=float64)
[2026-03-17 17:57:53,555][anemoi.utils.checkpoints][INFO] - Saving supporting array `lam_0/cutout_mask` to archive/anemoi-metadata/lam_0/cutout_mask.numpy (shape=(24444,), dtype=bool)
[2026-03-17 17:57:53,555][anemoi.utils.checkpoints][INFO] - Saving supporting array `global/cutout_mask` to archive/anemoi-metadata/global/cutout_mask.numpy (shape=(7905,), dtype=bool)
[2026-03-17 17:57:53,555][anemoi.utils.checkpoints][INFO] - Saving supporting array `source0/latitudes` to archive/anemoi-metadata/source0/latitudes.numpy (shape=(24444,), dtype=float64)
[2026-03-17 17:57:53,556][anemoi.utils.checkpoints][INFO] - Saving supporting array `source0/longitudes` to archive/anemoi-metadata/source0/longitudes.numpy (shape=(24444,), dtype=float64)
[2026-03-17 17:57:53,556][anemoi.utils.checkpoints][INFO] - Saving supporting array `source1/latitudes` to archive/anemoi-metadata/source1/latitudes.numpy (shape=(7905,), dtype=float64)
[2026-03-17 17:57:53,556][anemoi.utils.checkpoints][INFO] - Saving supporting array `source1/longitudes` to archive/anemoi-metadata/source1/longitudes.numpy (shape=(7905,), dtype=float64)
[2026-03-17 17:57:53,556][anemoi.utils.checkpoints][INFO] - Saving supporting array `grid_indices` to archive/anemoi-metadata/grid_indices.numpy (shape=(27479,), dtype=int64)
[2026-03-17 17:57:53,696][anemoi.utils.checkpoints][INFO] - Adding extra information to checkpoint /mnt/weatherloss/WindPower/training/EGU26/VanillaPower/checkpoint/2af4a176-5387-4c13-ae54-fc99522dc1dd/inference-last.ckpt
[2026-03-17 17:57:53,696][anemoi.utils.checkpoints][INFO] - Saving metadata to inference-last/anemoi-metadata/anemoi.json
[2026-03-17 17:57:53,697][anemoi.utils.checkpoints][INFO] - Saving supporting array `latitudes` to inference-last/anemoi-metadata/latitudes.numpy (shape=(30844,), dtype=float64)
[2026-03-17 17:57:53,698][anemoi.utils.checkpoints][INFO] - Saving supporting array `longitudes` to inference-last/anemoi-metadata/longitudes.numpy (shape=(30844,), dtype=float64)
[2026-03-17 17:57:53,698][anemoi.utils.checkpoints][INFO] - Saving supporting array `lam_0/cutout_mask` to inference-last/anemoi-metadata/lam_0/cutout_mask.numpy (shape=(24444,), dtype=bool)
[2026-03-17 17:57:53,698][anemoi.utils.checkpoints][INFO] - Saving supporting array `global/cutout_mask` to inference-last/anemoi-metadata/global/cutout_mask.numpy (shape=(7905,), dtype=bool)
[2026-03-17 17:57:53,698][anemoi.utils.checkpoints][INFO] - Saving supporting array `source0/latitudes` to inference-last/anemoi-metadata/source0/latitudes.numpy (shape=(24444,), dtype=float64)
[2026-03-17 17:57:53,698][anemoi.utils.checkpoints][INFO] - Saving supporting array `source0/longitudes` to inference-last/anemoi-metadata/source0/longitudes.numpy (shape=(24444,), dtype=float64)
[2026-03-17 17:57:53,698][anemoi.utils.checkpoints][INFO] - Saving supporting array `source1/latitudes` to inference-last/anemoi-metadata/source1/latitudes.numpy (shape=(7905,), dtype=float64)
[2026-03-17 17:57:53,699][anemoi.utils.checkpoints][INFO] - Saving supporting array `source1/longitudes` to inference-last/anemoi-metadata/source1/longitudes.numpy (shape=(7905,), dtype=float64)
[2026-03-17 17:57:53,699][anemoi.utils.checkpoints][INFO] - Saving supporting array `grid_indices` to inference-last/anemoi-metadata/grid_indices.numpy (shape=(27479,), dtype=int64)
[2026-03-17 17:57:54,695][anemoi.utils.checkpoints][INFO] - Adding extra information to checkpoint /mnt/weatherloss/WindPower/training/EGU26/VanillaPower/checkpoint/2af4a176-5387-4c13-ae54-fc99522dc1dd/last.ckpt
[2026-03-17 17:57:54,695][anemoi.utils.checkpoints][INFO] - Saving metadata to archive/anemoi-metadata/anemoi.json
[2026-03-17 17:57:54,697][anemoi.utils.checkpoints][INFO] - Saving supporting array `latitudes` to archive/anemoi-metadata/latitudes.numpy (shape=(30844,), dtype=float64)
[2026-03-17 17:57:54,697][anemoi.utils.checkpoints][INFO] - Saving supporting array `longitudes` to archive/anemoi-metadata/longitudes.numpy (shape=(30844,), dtype=float64)
[2026-03-17 17:57:54,698][anemoi.utils.checkpoints][INFO] - Saving supporting array `lam_0/cutout_mask` to archive/anemoi-metadata/lam_0/cutout_mask.numpy (shape=(24444,), dtype=bool)
[2026-03-17 17:57:54,698][anemoi.utils.checkpoints][INFO] - Saving supporting array `global/cutout_mask` to archive/anemoi-metadata/global/cutout_mask.numpy (shape=(7905,), dtype=bool)
[2026-03-17 17:57:54,698][anemoi.utils.checkpoints][INFO] - Saving supporting array `source0/latitudes` to archive/anemoi-metadata/source0/latitudes.numpy (shape=(24444,), dtype=float64)
[2026-03-17 17:57:54,698][anemoi.utils.checkpoints][INFO] - Saving supporting array `source0/longitudes` to archive/anemoi-metadata/source0/longitudes.numpy (shape=(24444,), dtype=float64)
[2026-03-17 17:57:54,698][anemoi.utils.checkpoints][INFO] - Saving supporting array `source1/latitudes` to archive/anemoi-metadata/source1/latitudes.numpy (shape=(7905,), dtype=float64)
[2026-03-17 17:57:54,698][anemoi.utils.checkpoints][INFO] - Saving supporting array `source1/longitudes` to archive/anemoi-metadata/source1/longitudes.numpy (shape=(7905,), dtype=float64)
[2026-03-17 17:57:54,699][anemoi.utils.checkpoints][INFO] - Saving supporting array `grid_indices` to archive/anemoi-metadata/grid_indices.numpy (shape=(27479,), dtype=int64)
[2026-03-17 22:38:55,617][anemoi.models.data_indices.collection][INFO] - The order of the variables in the model matches the order in the data.
[2026-03-17 23:09:51,502][anemoi.utils.checkpoints][INFO] - Adding extra information to checkpoint /mnt/weatherloss/WindPower/training/EGU26/VanillaPower/checkpoint/2af4a176-5387-4c13-ae54-fc99522dc1dd/inference-anemoi-by_epoch-epoch_004-step_132710.ckpt
[2026-03-17 23:09:51,502][anemoi.utils.checkpoints][INFO] - Saving metadata to inference-anemoi-by_epoch-epoch_004-step_132710/anemoi-metadata/anemoi.json
[2026-03-17 23:09:51,504][anemoi.utils.checkpoints][INFO] - Saving supporting array `latitudes` to inference-anemoi-by_epoch-epoch_004-step_132710/anemoi-metadata/latitudes.numpy (shape=(30844,), dtype=float64)
[2026-03-17 23:09:51,504][anemoi.utils.checkpoints][INFO] - Saving supporting array `longitudes` to inference-anemoi-by_epoch-epoch_004-step_132710/anemoi-metadata/longitudes.numpy (shape=(30844,), dtype=float64)
[2026-03-17 23:09:51,504][anemoi.utils.checkpoints][INFO] - Saving supporting array `lam_0/cutout_mask` to inference-anemoi-by_epoch-epoch_004-step_132710/anemoi-metadata/lam_0/cutout_mask.numpy (shape=(24444,), dtype=bool)
[2026-03-17 23:09:51,504][anemoi.utils.checkpoints][INFO] - Saving supporting array `global/cutout_mask` to inference-anemoi-by_epoch-epoch_004-step_132710/anemoi-metadata/global/cutout_mask.numpy (shape=(7905,), dtype=bool)
[2026-03-17 23:09:51,505][anemoi.utils.checkpoints][INFO] - Saving supporting array `source0/latitudes` to inference-anemoi-by_epoch-epoch_004-step_132710/anemoi-metadata/source0/latitudes.numpy (shape=(24444,), dtype=float64)
[2026-03-17 23:09:51,505][anemoi.utils.checkpoints][INFO] - Saving supporting array `source0/longitudes` to inference-anemoi-by_epoch-epoch_004-step_132710/anemoi-metadata/source0/longitudes.numpy (shape=(24444,), dtype=float64)
[2026-03-17 23:09:51,505][anemoi.utils.checkpoints][INFO] - Saving supporting array `source1/latitudes` to inference-anemoi-by_epoch-epoch_004-step_132710/anemoi-metadata/source1/latitudes.numpy (shape=(7905,), dtype=float64)
[2026-03-17 23:09:51,505][anemoi.utils.checkpoints][INFO] - Saving supporting array `source1/longitudes` to inference-anemoi-by_epoch-epoch_004-step_132710/anemoi-metadata/source1/longitudes.numpy (shape=(7905,), dtype=float64)
[2026-03-17 23:09:51,505][anemoi.utils.checkpoints][INFO] - Saving supporting array `grid_indices` to inference-anemoi-by_epoch-epoch_004-step_132710/anemoi-metadata/grid_indices.numpy (shape=(27479,), dtype=int64)
[2026-03-17 23:09:52,511][anemoi.utils.checkpoints][INFO] - Adding extra information to checkpoint /mnt/weatherloss/WindPower/training/EGU26/VanillaPower/checkpoint/2af4a176-5387-4c13-ae54-fc99522dc1dd/anemoi-by_epoch-epoch_004-step_132710.ckpt
[2026-03-17 23:09:52,511][anemoi.utils.checkpoints][INFO] - Saving metadata to archive/anemoi-metadata/anemoi.json
[2026-03-17 23:09:52,513][anemoi.utils.checkpoints][INFO] - Saving supporting array `latitudes` to archive/anemoi-metadata/latitudes.numpy (shape=(30844,), dtype=float64)
[2026-03-17 23:09:52,514][anemoi.utils.checkpoints][INFO] - Saving supporting array `longitudes` to archive/anemoi-metadata/longitudes.numpy (shape=(30844,), dtype=float64)
[2026-03-17 23:09:52,514][anemoi.utils.checkpoints][INFO] - Saving supporting array `lam_0/cutout_mask` to archive/anemoi-metadata/lam_0/cutout_mask.numpy (shape=(24444,), dtype=bool)
[2026-03-17 23:09:52,514][anemoi.utils.checkpoints][INFO] - Saving supporting array `global/cutout_mask` to archive/anemoi-metadata/global/cutout_mask.numpy (shape=(7905,), dtype=bool)
[2026-03-17 23:09:52,514][anemoi.utils.checkpoints][INFO] - Saving supporting array `source0/latitudes` to archive/anemoi-metadata/source0/latitudes.numpy (shape=(24444,), dtype=float64)
[2026-03-17 23:09:52,514][anemoi.utils.checkpoints][INFO] - Saving supporting array `source0/longitudes` to archive/anemoi-metadata/source0/longitudes.numpy (shape=(24444,), dtype=float64)
[2026-03-17 23:09:52,515][anemoi.utils.checkpoints][INFO] - Saving supporting array `source1/latitudes` to archive/anemoi-metadata/source1/latitudes.numpy (shape=(7905,), dtype=float64)
[2026-03-17 23:09:52,515][anemoi.utils.checkpoints][INFO] - Saving supporting array `source1/longitudes` to archive/anemoi-metadata/source1/longitudes.numpy (shape=(7905,), dtype=float64)
[2026-03-17 23:09:52,515][anemoi.utils.checkpoints][INFO] - Saving supporting array `grid_indices` to archive/anemoi-metadata/grid_indices.numpy (shape=(27479,), dtype=int64)
[2026-03-17 23:09:52,689][anemoi.utils.checkpoints][INFO] - Adding extra information to checkpoint /mnt/weatherloss/WindPower/training/EGU26/VanillaPower/checkpoint/2af4a176-5387-4c13-ae54-fc99522dc1dd/inference-last.ckpt
[2026-03-17 23:09:52,689][anemoi.utils.checkpoints][INFO] - Saving metadata to inference-last/anemoi-metadata/anemoi.json
[2026-03-17 23:09:52,691][anemoi.utils.checkpoints][INFO] - Saving supporting array `latitudes` to inference-last/anemoi-metadata/latitudes.numpy (shape=(30844,), dtype=float64)
[2026-03-17 23:09:52,691][anemoi.utils.checkpoints][INFO] - Saving supporting array `longitudes` to inference-last/anemoi-metadata/longitudes.numpy (shape=(30844,), dtype=float64)
[2026-03-17 23:09:52,692][anemoi.utils.checkpoints][INFO] - Saving supporting array `lam_0/cutout_mask` to inference-last/anemoi-metadata/lam_0/cutout_mask.numpy (shape=(24444,), dtype=bool)
[2026-03-17 23:09:52,692][anemoi.utils.checkpoints][INFO] - Saving supporting array `global/cutout_mask` to inference-last/anemoi-metadata/global/cutout_mask.numpy (shape=(7905,), dtype=bool)
[2026-03-17 23:09:52,692][anemoi.utils.checkpoints][INFO] - Saving supporting array `source0/latitudes` to inference-last/anemoi-metadata/source0/latitudes.numpy (shape=(24444,), dtype=float64)
[2026-03-17 23:09:52,692][anemoi.utils.checkpoints][INFO] - Saving supporting array `source0/longitudes` to inference-last/anemoi-metadata/source0/longitudes.numpy (shape=(24444,), dtype=float64)
[2026-03-17 23:09:52,692][anemoi.utils.checkpoints][INFO] - Saving supporting array `source1/latitudes` to inference-last/anemoi-metadata/source1/latitudes.numpy (shape=(7905,), dtype=float64)
[2026-03-17 23:09:52,693][anemoi.utils.checkpoints][INFO] - Saving supporting array `source1/longitudes` to inference-last/anemoi-metadata/source1/longitudes.numpy (shape=(7905,), dtype=float64)
[2026-03-17 23:09:52,693][anemoi.utils.checkpoints][INFO] - Saving supporting array `grid_indices` to inference-last/anemoi-metadata/grid_indices.numpy (shape=(27479,), dtype=int64)
[2026-03-17 23:09:53,803][anemoi.utils.checkpoints][INFO] - Adding extra information to checkpoint /mnt/weatherloss/WindPower/training/EGU26/VanillaPower/checkpoint/2af4a176-5387-4c13-ae54-fc99522dc1dd/last.ckpt
[2026-03-17 23:09:53,803][anemoi.utils.checkpoints][INFO] - Saving metadata to archive/anemoi-metadata/anemoi.json
[2026-03-17 23:09:53,805][anemoi.utils.checkpoints][INFO] - Saving supporting array `latitudes` to archive/anemoi-metadata/latitudes.numpy (shape=(30844,), dtype=float64)
[2026-03-17 23:09:53,806][anemoi.utils.checkpoints][INFO] - Saving supporting array `longitudes` to archive/anemoi-metadata/longitudes.numpy (shape=(30844,), dtype=float64)
[2026-03-17 23:09:53,806][anemoi.utils.checkpoints][INFO] - Saving supporting array `lam_0/cutout_mask` to archive/anemoi-metadata/lam_0/cutout_mask.numpy (shape=(24444,), dtype=bool)
[2026-03-17 23:09:53,806][anemoi.utils.checkpoints][INFO] - Saving supporting array `global/cutout_mask` to archive/anemoi-metadata/global/cutout_mask.numpy (shape=(7905,), dtype=bool)
[2026-03-17 23:09:53,806][anemoi.utils.checkpoints][INFO] - Saving supporting array `source0/latitudes` to archive/anemoi-metadata/source0/latitudes.numpy (shape=(24444,), dtype=float64)
[2026-03-17 23:09:53,806][anemoi.utils.checkpoints][INFO] - Saving supporting array `source0/longitudes` to archive/anemoi-metadata/source0/longitudes.numpy (shape=(24444,), dtype=float64)
[2026-03-17 23:09:53,807][anemoi.utils.checkpoints][INFO] - Saving supporting array `source1/latitudes` to archive/anemoi-metadata/source1/latitudes.numpy (shape=(7905,), dtype=float64)
[2026-03-17 23:09:53,807][anemoi.utils.checkpoints][INFO] - Saving supporting array `source1/longitudes` to archive/anemoi-metadata/source1/longitudes.numpy (shape=(7905,), dtype=float64)
[2026-03-17 23:09:53,807][anemoi.utils.checkpoints][INFO] - Saving supporting array `grid_indices` to archive/anemoi-metadata/grid_indices.numpy (shape=(27479,), dtype=int64)
[2026-03-18 02:12:51,090][pytorch_lightning.utilities.rank_zero][INFO] - `Trainer.fit` stopped: `max_steps=150000` reached.
[2026-03-18 02:12:51,264][anemoi.utils.checkpoints][INFO] - Adding extra information to checkpoint /mnt/weatherloss/WindPower/training/EGU26/VanillaPower/checkpoint/2af4a176-5387-4c13-ae54-fc99522dc1dd/inference-anemoi-by_time-epoch_005-step_150000.ckpt
[2026-03-18 02:12:51,264][anemoi.utils.checkpoints][INFO] - Saving metadata to inference-anemoi-by_time-epoch_005-step_150000/anemoi-metadata/anemoi.json
[2026-03-18 02:12:51,266][anemoi.utils.checkpoints][INFO] - Saving supporting array `latitudes` to inference-anemoi-by_time-epoch_005-step_150000/anemoi-metadata/latitudes.numpy (shape=(30844,), dtype=float64)
[2026-03-18 02:12:51,266][anemoi.utils.checkpoints][INFO] - Saving supporting array `longitudes` to inference-anemoi-by_time-epoch_005-step_150000/anemoi-metadata/longitudes.numpy (shape=(30844,), dtype=float64)
[2026-03-18 02:12:51,266][anemoi.utils.checkpoints][INFO] - Saving supporting array `lam_0/cutout_mask` to inference-anemoi-by_time-epoch_005-step_150000/anemoi-metadata/lam_0/cutout_mask.numpy (shape=(24444,), dtype=bool)
[2026-03-18 02:12:51,266][anemoi.utils.checkpoints][INFO] - Saving supporting array `global/cutout_mask` to inference-anemoi-by_time-epoch_005-step_150000/anemoi-metadata/global/cutout_mask.numpy (shape=(7905,), dtype=bool)
[2026-03-18 02:12:51,266][anemoi.utils.checkpoints][INFO] - Saving supporting array `source0/latitudes` to inference-anemoi-by_time-epoch_005-step_150000/anemoi-metadata/source0/latitudes.numpy (shape=(24444,), dtype=float64)
[2026-03-18 02:12:51,267][anemoi.utils.checkpoints][INFO] - Saving supporting array `source0/longitudes` to inference-anemoi-by_time-epoch_005-step_150000/anemoi-metadata/source0/longitudes.numpy (shape=(24444,), dtype=float64)
[2026-03-18 02:12:51,267][anemoi.utils.checkpoints][INFO] - Saving supporting array `source1/latitudes` to inference-anemoi-by_time-epoch_005-step_150000/anemoi-metadata/source1/latitudes.numpy (shape=(7905,), dtype=float64)
[2026-03-18 02:12:51,267][anemoi.utils.checkpoints][INFO] - Saving supporting array `source1/longitudes` to inference-anemoi-by_time-epoch_005-step_150000/anemoi-metadata/source1/longitudes.numpy (shape=(7905,), dtype=float64)
[2026-03-18 02:12:51,267][anemoi.utils.checkpoints][INFO] - Saving supporting array `grid_indices` to inference-anemoi-by_time-epoch_005-step_150000/anemoi-metadata/grid_indices.numpy (shape=(27479,), dtype=int64)
[2026-03-18 02:12:52,269][anemoi.utils.checkpoints][INFO] - Adding extra information to checkpoint /mnt/weatherloss/WindPower/training/EGU26/VanillaPower/checkpoint/2af4a176-5387-4c13-ae54-fc99522dc1dd/anemoi-by_time-epoch_005-step_150000.ckpt
[2026-03-18 02:12:52,270][anemoi.utils.checkpoints][INFO] - Saving metadata to archive/anemoi-metadata/anemoi.json
[2026-03-18 02:12:52,271][anemoi.utils.checkpoints][INFO] - Saving supporting array `latitudes` to archive/anemoi-metadata/latitudes.numpy (shape=(30844,), dtype=float64)
[2026-03-18 02:12:52,272][anemoi.utils.checkpoints][INFO] - Saving supporting array `longitudes` to archive/anemoi-metadata/longitudes.numpy (shape=(30844,), dtype=float64)
[2026-03-18 02:12:52,272][anemoi.utils.checkpoints][INFO] - Saving supporting array `lam_0/cutout_mask` to archive/anemoi-metadata/lam_0/cutout_mask.numpy (shape=(24444,), dtype=bool)
[2026-03-18 02:12:52,272][anemoi.utils.checkpoints][INFO] - Saving supporting array `global/cutout_mask` to archive/anemoi-metadata/global/cutout_mask.numpy (shape=(7905,), dtype=bool)
[2026-03-18 02:12:52,272][anemoi.utils.checkpoints][INFO] - Saving supporting array `source0/latitudes` to archive/anemoi-metadata/source0/latitudes.numpy (shape=(24444,), dtype=float64)
[2026-03-18 02:12:52,272][anemoi.utils.checkpoints][INFO] - Saving supporting array `source0/longitudes` to archive/anemoi-metadata/source0/longitudes.numpy (shape=(24444,), dtype=float64)
[2026-03-18 02:12:52,273][anemoi.utils.checkpoints][INFO] - Saving supporting array `source1/latitudes` to archive/anemoi-metadata/source1/latitudes.numpy (shape=(7905,), dtype=float64)
[2026-03-18 02:12:52,273][anemoi.utils.checkpoints][INFO] - Saving supporting array `source1/longitudes` to archive/anemoi-metadata/source1/longitudes.numpy (shape=(7905,), dtype=float64)
[2026-03-18 02:12:52,273][anemoi.utils.checkpoints][INFO] - Saving supporting array `grid_indices` to archive/anemoi-metadata/grid_indices.numpy (shape=(27479,), dtype=int64)
[2026-03-18 02:12:52,463][anemoi.utils.checkpoints][INFO] - Adding extra information to checkpoint /mnt/weatherloss/WindPower/training/EGU26/VanillaPower/checkpoint/2af4a176-5387-4c13-ae54-fc99522dc1dd/inference-last.ckpt
[2026-03-18 02:12:52,463][anemoi.utils.checkpoints][INFO] - Saving metadata to inference-last/anemoi-metadata/anemoi.json
[2026-03-18 02:12:52,465][anemoi.utils.checkpoints][INFO] - Saving supporting array `latitudes` to inference-last/anemoi-metadata/latitudes.numpy (shape=(30844,), dtype=float64)
[2026-03-18 02:12:52,465][anemoi.utils.checkpoints][INFO] - Saving supporting array `longitudes` to inference-last/anemoi-metadata/longitudes.numpy (shape=(30844,), dtype=float64)
[2026-03-18 02:12:52,465][anemoi.utils.checkpoints][INFO] - Saving supporting array `lam_0/cutout_mask` to inference-last/anemoi-metadata/lam_0/cutout_mask.numpy (shape=(24444,), dtype=bool)
[2026-03-18 02:12:52,465][anemoi.utils.checkpoints][INFO] - Saving supporting array `global/cutout_mask` to inference-last/anemoi-metadata/global/cutout_mask.numpy (shape=(7905,), dtype=bool)
[2026-03-18 02:12:52,465][anemoi.utils.checkpoints][INFO] - Saving supporting array `source0/latitudes` to inference-last/anemoi-metadata/source0/latitudes.numpy (shape=(24444,), dtype=float64)
[2026-03-18 02:12:52,466][anemoi.utils.checkpoints][INFO] - Saving supporting array `source0/longitudes` to inference-last/anemoi-metadata/source0/longitudes.numpy (shape=(24444,), dtype=float64)
[2026-03-18 02:12:52,466][anemoi.utils.checkpoints][INFO] - Saving supporting array `source1/latitudes` to inference-last/anemoi-metadata/source1/latitudes.numpy (shape=(7905,), dtype=float64)
[2026-03-18 02:12:52,466][anemoi.utils.checkpoints][INFO] - Saving supporting array `source1/longitudes` to inference-last/anemoi-metadata/source1/longitudes.numpy (shape=(7905,), dtype=float64)
[2026-03-18 02:12:52,466][anemoi.utils.checkpoints][INFO] - Saving supporting array `grid_indices` to inference-last/anemoi-metadata/grid_indices.numpy (shape=(27479,), dtype=int64)
[2026-03-18 02:12:53,572][anemoi.utils.checkpoints][INFO] - Adding extra information to checkpoint /mnt/weatherloss/WindPower/training/EGU26/VanillaPower/checkpoint/2af4a176-5387-4c13-ae54-fc99522dc1dd/last.ckpt
[2026-03-18 02:12:53,573][anemoi.utils.checkpoints][INFO] - Saving metadata to archive/anemoi-metadata/anemoi.json
[2026-03-18 02:12:53,574][anemoi.utils.checkpoints][INFO] - Saving supporting array `latitudes` to archive/anemoi-metadata/latitudes.numpy (shape=(30844,), dtype=float64)
[2026-03-18 02:12:53,575][anemoi.utils.checkpoints][INFO] - Saving supporting array `longitudes` to archive/anemoi-metadata/longitudes.numpy (shape=(30844,), dtype=float64)
[2026-03-18 02:12:53,575][anemoi.utils.checkpoints][INFO] - Saving supporting array `lam_0/cutout_mask` to archive/anemoi-metadata/lam_0/cutout_mask.numpy (shape=(24444,), dtype=bool)
[2026-03-18 02:12:53,575][anemoi.utils.checkpoints][INFO] - Saving supporting array `global/cutout_mask` to archive/anemoi-metadata/global/cutout_mask.numpy (shape=(7905,), dtype=bool)
[2026-03-18 02:12:53,575][anemoi.utils.checkpoints][INFO] - Saving supporting array `source0/latitudes` to archive/anemoi-metadata/source0/latitudes.numpy (shape=(24444,), dtype=float64)
[2026-03-18 02:12:53,575][anemoi.utils.checkpoints][INFO] - Saving supporting array `source0/longitudes` to archive/anemoi-metadata/source0/longitudes.numpy (shape=(24444,), dtype=float64)
[2026-03-18 02:12:53,576][anemoi.utils.checkpoints][INFO] - Saving supporting array `source1/latitudes` to archive/anemoi-metadata/source1/latitudes.numpy (shape=(7905,), dtype=float64)
[2026-03-18 02:12:53,576][anemoi.utils.checkpoints][INFO] - Saving supporting array `source1/longitudes` to archive/anemoi-metadata/source1/longitudes.numpy (shape=(7905,), dtype=float64)
[2026-03-18 02:12:53,576][anemoi.utils.checkpoints][INFO] - Saving supporting array `grid_indices` to archive/anemoi-metadata/grid_indices.numpy (shape=(27479,), dtype=int64)
[2026-03-18 02:12:53,704][anemoi.utils.checkpoints][INFO] - Adding extra information to checkpoint /mnt/weatherloss/WindPower/training/EGU26/VanillaPower/checkpoint/2af4a176-5387-4c13-ae54-fc99522dc1dd/inference-anemoi-by_epoch-epoch_005-step_150000.ckpt
[2026-03-18 02:12:53,704][anemoi.utils.checkpoints][INFO] - Saving metadata to inference-anemoi-by_epoch-epoch_005-step_150000/anemoi-metadata/anemoi.json
[2026-03-18 02:12:53,706][anemoi.utils.checkpoints][INFO] - Saving supporting array `latitudes` to inference-anemoi-by_epoch-epoch_005-step_150000/anemoi-metadata/latitudes.numpy (shape=(30844,), dtype=float64)
[2026-03-18 02:12:53,706][anemoi.utils.checkpoints][INFO] - Saving supporting array `longitudes` to inference-anemoi-by_epoch-epoch_005-step_150000/anemoi-metadata/longitudes.numpy (shape=(30844,), dtype=float64)
[2026-03-18 02:12:53,707][anemoi.utils.checkpoints][INFO] - Saving supporting array `lam_0/cutout_mask` to inference-anemoi-by_epoch-epoch_005-step_150000/anemoi-metadata/lam_0/cutout_mask.numpy (shape=(24444,), dtype=bool)
[2026-03-18 02:12:53,707][anemoi.utils.checkpoints][INFO] - Saving supporting array `global/cutout_mask` to inference-anemoi-by_epoch-epoch_005-step_150000/anemoi-metadata/global/cutout_mask.numpy (shape=(7905,), dtype=bool)
[2026-03-18 02:12:53,707][anemoi.utils.checkpoints][INFO] - Saving supporting array `source0/latitudes` to inference-anemoi-by_epoch-epoch_005-step_150000/anemoi-metadata/source0/latitudes.numpy (shape=(24444,), dtype=float64)
[2026-03-18 02:12:53,707][anemoi.utils.checkpoints][INFO] - Saving supporting array `source0/longitudes` to inference-anemoi-by_epoch-epoch_005-step_150000/anemoi-metadata/source0/longitudes.numpy (shape=(24444,), dtype=float64)
[2026-03-18 02:12:53,707][anemoi.utils.checkpoints][INFO] - Saving supporting array `source1/latitudes` to inference-anemoi-by_epoch-epoch_005-step_150000/anemoi-metadata/source1/latitudes.numpy (shape=(7905,), dtype=float64)
[2026-03-18 02:12:53,707][anemoi.utils.checkpoints][INFO] - Saving supporting array `source1/longitudes` to inference-anemoi-by_epoch-epoch_005-step_150000/anemoi-metadata/source1/longitudes.numpy (shape=(7905,), dtype=float64)
[2026-03-18 02:12:53,707][anemoi.utils.checkpoints][INFO] - Saving supporting array `grid_indices` to inference-anemoi-by_epoch-epoch_005-step_150000/anemoi-metadata/grid_indices.numpy (shape=(27479,), dtype=int64)
[2026-03-18 02:12:54,678][anemoi.utils.checkpoints][INFO] - Adding extra information to checkpoint /mnt/weatherloss/WindPower/training/EGU26/VanillaPower/checkpoint/2af4a176-5387-4c13-ae54-fc99522dc1dd/anemoi-by_epoch-epoch_005-step_150000.ckpt
[2026-03-18 02:12:54,678][anemoi.utils.checkpoints][INFO] - Saving metadata to archive/anemoi-metadata/anemoi.json
[2026-03-18 02:12:54,680][anemoi.utils.checkpoints][INFO] - Saving supporting array `latitudes` to archive/anemoi-metadata/latitudes.numpy (shape=(30844,), dtype=float64)
[2026-03-18 02:12:54,680][anemoi.utils.checkpoints][INFO] - Saving supporting array `longitudes` to archive/anemoi-metadata/longitudes.numpy (shape=(30844,), dtype=float64)
[2026-03-18 02:12:54,681][anemoi.utils.checkpoints][INFO] - Saving supporting array `lam_0/cutout_mask` to archive/anemoi-metadata/lam_0/cutout_mask.numpy (shape=(24444,), dtype=bool)
[2026-03-18 02:12:54,681][anemoi.utils.checkpoints][INFO] - Saving supporting array `global/cutout_mask` to archive/anemoi-metadata/global/cutout_mask.numpy (shape=(7905,), dtype=bool)
[2026-03-18 02:12:54,681][anemoi.utils.checkpoints][INFO] - Saving supporting array `source0/latitudes` to archive/anemoi-metadata/source0/latitudes.numpy (shape=(24444,), dtype=float64)
[2026-03-18 02:12:54,681][anemoi.utils.checkpoints][INFO] - Saving supporting array `source0/longitudes` to archive/anemoi-metadata/source0/longitudes.numpy (shape=(24444,), dtype=float64)
[2026-03-18 02:12:54,681][anemoi.utils.checkpoints][INFO] - Saving supporting array `source1/latitudes` to archive/anemoi-metadata/source1/latitudes.numpy (shape=(7905,), dtype=float64)
[2026-03-18 02:12:54,681][anemoi.utils.checkpoints][INFO] - Saving supporting array `source1/longitudes` to archive/anemoi-metadata/source1/longitudes.numpy (shape=(7905,), dtype=float64)
[2026-03-18 02:12:54,682][anemoi.utils.checkpoints][INFO] - Saving supporting array `grid_indices` to archive/anemoi-metadata/grid_indices.numpy (shape=(27479,), dtype=int64)
[2026-03-18 02:12:54,871][anemoi.utils.checkpoints][INFO] - Adding extra information to checkpoint /mnt/weatherloss/WindPower/training/EGU26/VanillaPower/checkpoint/2af4a176-5387-4c13-ae54-fc99522dc1dd/inference-last.ckpt
[2026-03-18 02:12:54,872][anemoi.utils.checkpoints][INFO] - Saving metadata to inference-last/anemoi-metadata/anemoi.json
[2026-03-18 02:12:54,873][anemoi.utils.checkpoints][INFO] - Saving supporting array `latitudes` to inference-last/anemoi-metadata/latitudes.numpy (shape=(30844,), dtype=float64)
[2026-03-18 02:12:54,874][anemoi.utils.checkpoints][INFO] - Saving supporting array `longitudes` to inference-last/anemoi-metadata/longitudes.numpy (shape=(30844,), dtype=float64)
[2026-03-18 02:12:54,874][anemoi.utils.checkpoints][INFO] - Saving supporting array `lam_0/cutout_mask` to inference-last/anemoi-metadata/lam_0/cutout_mask.numpy (shape=(24444,), dtype=bool)
[2026-03-18 02:12:54,874][anemoi.utils.checkpoints][INFO] - Saving supporting array `global/cutout_mask` to inference-last/anemoi-metadata/global/cutout_mask.numpy (shape=(7905,), dtype=bool)
[2026-03-18 02:12:54,874][anemoi.utils.checkpoints][INFO] - Saving supporting array `source0/latitudes` to inference-last/anemoi-metadata/source0/latitudes.numpy (shape=(24444,), dtype=float64)
[2026-03-18 02:12:54,874][anemoi.utils.checkpoints][INFO] - Saving supporting array `source0/longitudes` to inference-last/anemoi-metadata/source0/longitudes.numpy (shape=(24444,), dtype=float64)
[2026-03-18 02:12:54,875][anemoi.utils.checkpoints][INFO] - Saving supporting array `source1/latitudes` to inference-last/anemoi-metadata/source1/latitudes.numpy (shape=(7905,), dtype=float64)
[2026-03-18 02:12:54,875][anemoi.utils.checkpoints][INFO] - Saving supporting array `source1/longitudes` to inference-last/anemoi-metadata/source1/longitudes.numpy (shape=(7905,), dtype=float64)
[2026-03-18 02:12:54,875][anemoi.utils.checkpoints][INFO] - Saving supporting array `grid_indices` to inference-last/anemoi-metadata/grid_indices.numpy (shape=(27479,), dtype=int64)
[2026-03-18 02:12:56,188][anemoi.utils.checkpoints][INFO] - Adding extra information to checkpoint /mnt/weatherloss/WindPower/training/EGU26/VanillaPower/checkpoint/2af4a176-5387-4c13-ae54-fc99522dc1dd/last.ckpt
[2026-03-18 02:12:56,188][anemoi.utils.checkpoints][INFO] - Saving metadata to archive/anemoi-metadata/anemoi.json
[2026-03-18 02:12:56,190][anemoi.utils.checkpoints][INFO] - Saving supporting array `latitudes` to archive/anemoi-metadata/latitudes.numpy (shape=(30844,), dtype=float64)
[2026-03-18 02:12:56,190][anemoi.utils.checkpoints][INFO] - Saving supporting array `longitudes` to archive/anemoi-metadata/longitudes.numpy (shape=(30844,), dtype=float64)
[2026-03-18 02:12:56,190][anemoi.utils.checkpoints][INFO] - Saving supporting array `lam_0/cutout_mask` to archive/anemoi-metadata/lam_0/cutout_mask.numpy (shape=(24444,), dtype=bool)
[2026-03-18 02:12:56,191][anemoi.utils.checkpoints][INFO] - Saving supporting array `global/cutout_mask` to archive/anemoi-metadata/global/cutout_mask.numpy (shape=(7905,), dtype=bool)
[2026-03-18 02:12:56,191][anemoi.utils.checkpoints][INFO] - Saving supporting array `source0/latitudes` to archive/anemoi-metadata/source0/latitudes.numpy (shape=(24444,), dtype=float64)
[2026-03-18 02:12:56,191][anemoi.utils.checkpoints][INFO] - Saving supporting array `source0/longitudes` to archive/anemoi-metadata/source0/longitudes.numpy (shape=(24444,), dtype=float64)
[2026-03-18 02:12:56,191][anemoi.utils.checkpoints][INFO] - Saving supporting array `source1/latitudes` to archive/anemoi-metadata/source1/latitudes.numpy (shape=(7905,), dtype=float64)
[2026-03-18 02:12:56,191][anemoi.utils.checkpoints][INFO] - Saving supporting array `source1/longitudes` to archive/anemoi-metadata/source1/longitudes.numpy (shape=(7905,), dtype=float64)
[2026-03-18 02:12:56,191][anemoi.utils.checkpoints][INFO] - Saving supporting array `grid_indices` to archive/anemoi-metadata/grid_indices.numpy (shape=(27479,), dtype=int64)
