[2026-04-16 18:58:00,132][anemoi.training.train.train][INFO] - Skipping config validation.
[2026-04-16 18:58:00,133][anemoi.training.train.train][INFO] - Starting from checkpoint: True
[2026-04-16 18:58:00,133][anemoi.training.train.train][INFO] - Run id: SyntheticGT
[2026-04-16 18:58:00,133][anemoi.training.train.train][INFO] - Checkpoints path: {'root': PosixPath('/mnt/weatherloss/WindPower/training/EGU26/SyntheticGT/checkpoint/SyntheticGT'), 'every_n_epochs': 'anemoi-by_epoch-epoch_{epoch:03d}-step_{step:06d}', 'every_n_train_steps': 'anemoi-by_step-epoch_{epoch:03d}-step_{step:06d}', 'every_n_minutes': 'anemoi-by_time-epoch_{epoch:03d}-step_{step:06d}'}
[2026-04-16 18:58:00,133][anemoi.training.train.train][INFO] - Plots path: /mnt/weatherloss/WindPower/training/EGU26/SyntheticGT/plots/SyntheticGT
[2026-04-16 18:58:00,837][anemoi.graphs.nodes.builders.from_file][INFO] - Reading the dataset from {'cutout': [{'dataset': '/mnt/weatherloss/WindPower/data/EGU26/Anemoidatasets/NewFilled_Cerra_A_large.zarr'}, {'dataset': '/mnt/weatherloss/WindPower/data/EGU26/Anemoidatasets/era5_A_large.zarr'}], 'min_distance_km': 0, 'adjust': 'all'}.
[2026-04-16 18:58:03,692][anemoi.graphs.generate.masks][INFO] - Fitting KNNAreaMaskBuilder with 72668 reference nodes from "data (cutout)".
[2026-04-16 18:58:24,090][anemoi.graphs.edges.builders.knn][INFO] - Using KNN-Edges (with 12 nearest neighbours) between data and hidden.
[2026-04-16 18:58:24,143][anemoi.graphs.edges.builders.base][WARNING] - The 'torch-cluster' library is not installed.
Installing 'torch-cluster' can significantly improve performance for graph creation.
You can install it using:
    TORCH_VERSION=$(python -c "import torch; print(torch.__version__)")
    pip install torch-cluster -f https://data.pyg.org/whl/torch-${TORCH_VERSION}.html

[2026-04-16 18:58:24,307][anemoi.graphs.edges.builders.cutoff][INFO] - Using CutOff-Edges (with radius = 15.0 km [direct]) between data and hidden.
[2026-04-16 18:58:24,308][anemoi.graphs.edges.builders.base][WARNING] - The 'torch-cluster' library is not installed.
Installing 'torch-cluster' can significantly improve performance for graph creation.
You can install it using:
    TORCH_VERSION=$(python -c "import torch; print(torch.__version__)")
    pip install torch-cluster -f https://data.pyg.org/whl/torch-${TORCH_VERSION}.html

[2026-04-16 18:59:19,079][anemoi.graphs.edges.builders.knn][INFO] - Using KNN-Edges (with 3 nearest neighbours) between hidden and data.
[2026-04-16 18:59:19,080][anemoi.graphs.edges.builders.base][WARNING] - The 'torch-cluster' library is not installed.
Installing 'torch-cluster' can significantly improve performance for graph creation.
You can install it using:
    TORCH_VERSION=$(python -c "import torch; print(torch.__version__)")
    pip install torch-cluster -f https://data.pyg.org/whl/torch-${TORCH_VERSION}.html

[2026-04-16 18:59:19,374][anemoi.graphs.create][INFO] - Cleaning graph.
[2026-04-16 18:59:19,374][anemoi.graphs.create][INFO] - _grid_reference_distance deleted from graph.
[2026-04-16 18:59:19,374][anemoi.graphs.create][INFO] - _dataset deleted from graph.
[2026-04-16 18:59:19,374][anemoi.graphs.create][INFO] - _grid_reference_distance deleted from graph.
[2026-04-16 18:59:19,374][anemoi.graphs.create][INFO] - _nx_graph deleted from graph.
[2026-04-16 18:59:19,374][anemoi.graphs.create][INFO] - _area_mask_builder deleted from graph.
[2026-04-16 18:59:19,374][anemoi.graphs.create][INFO] - _node_ordering deleted from graph.
[2026-04-16 18:59:19,375][anemoi.graphs.create][INFO] - _resolutions deleted from graph.
[2026-04-16 18:59:19,382][anemoi.graphs.processors.post_process][INFO] - Removing 120985 edges from ('data', 'to', 'hidden').
[2026-04-16 18:59:19,436][anemoi.graphs.processors.post_process][INFO] - Recomputing edge attribute edge_length.
[2026-04-16 18:59:19,439][anemoi.graphs.processors.post_process][INFO] - Recomputing edge attribute edge_dirs.
[2026-04-16 18:59:19,859][anemoi.graphs.processors.post_process][INFO] - Removing 4649 nodes from data.
[2026-04-16 18:59:20,252][anemoi.graphs.processors.post_process][INFO] - An attribute indices_connected_nodes has been added with the indices to mask the nodes from the original graph.
[2026-04-16 18:59:20,355][anemoi.graphs.create][INFO] - Graph saved at /mnt/weatherloss/WindPower/graphs/EGU26/EGUgraph15km.pt.
[2026-04-16 18:59:21,131][anemoi.training.data.datamodule][INFO] - Timeincrement set to 1 for data with frequency, 10800, and timestep, 10800
[2026-04-16 18:59:21,132][anemoi.training.data.grid_indices][INFO] - The graph attribute indices_connected_nodes of the data nodes will be used to masking the spatial dimension.
[2026-04-16 18:59:21,133][anemoi.training.train.train][INFO] - Number of data variables: 67
[2026-04-16 18:59:21,134][anemoi.training.train.train][INFO] - Variables: ['cos_julian_day', 'cos_latitude', 'cos_longitude', 'insolation', 'lsm', 'mcc', 'msl', 'q_1000', 'q_500', 'q_600', 'q_700', 'q_750', 'q_800', 'q_850', 'q_900', 'q_950', 'sin_julian_day', 'sin_latitude', 'sin_longitude', 't2m', 't_1000', 't_500', 't_600', 't_700', 't_750', 't_800', 't_850', 't_900', 't_950', 'u_1000', 'u_500', 'u_600', 'u_700', 'u_750', 'u_800', 'u_850', 'u_900', 'u_950', 'v_1000', 'v_500', 'v_600', 'v_700', 'v_750', 'v_800', 'v_850', 'v_900', 'v_950', 'wdir100_cos', 'wdir100_sin', 'wdir10_cos', 'wdir10_sin', 'ws10', 'ws100', 'z_1000', 'z_500', 'z_600', 'z_700', 'z_750', 'z_800', 'z_850', 'z_900', 'z_950', 'z_sfc', 'power', 'capacity', 'turbinecount', 'turbinemask']
[2026-04-16 18:59:21,134][anemoi.training.train.train][INFO] - Total number of prognostic variables: 55
[2026-04-16 18:59:21,135][anemoi.training.train.train][INFO] - Total number of auxiliary variables: 12
[2026-04-16 18:59:21,135][anemoi.training.train.train][INFO] - Total GPU count / model group size: 2 - NB: the learning rate will be scaled by this factor!
[2026-04-16 18:59:21,135][anemoi.training.train.train][INFO] - Effective learning rate: 1.280e-05
[2026-04-16 18:59:21,135][anemoi.training.train.train][INFO] - Training limits: max_epochs=30, max_steps=210000. Training will stop when either limit is reached first. Learning rate scheduler will run for 10000 steps.
[2026-04-16 18:59:21,166][anemoi.models.migrations.migrator][INFO] - Loading migration 1755530253_initial
[2026-04-16 18:59:21,166][anemoi.models.migrations.migrator][INFO] - Loading migration 1762857427_deprecate_eda
[2026-04-16 18:59:21,166][anemoi.models.migrations.migrator][INFO] - Loading migration 1762857428_chunking_fix
[2026-04-16 18:59:21,166][anemoi.models.migrations.migrator][INFO] - Loading migration 1763479917_hardware_schema_update
[2026-04-16 18:59:21,216][anemoi.training.train.train][INFO] - TensorBoard logger enabled
[2026-04-16 18:59:21,218][pytorch_lightning.utilities.rank_zero][INFO] - Using 16bit Automatic Mixed Precision (AMP)
[2026-04-16 18:59:21,230][pytorch_lightning.utilities.rank_zero][INFO] - GPU available: True (cuda), used: True
[2026-04-16 18:59:21,230][pytorch_lightning.utilities.rank_zero][INFO] - TPU available: False, using: 0 TPU cores
[2026-04-16 18:59:21,288][lightning_fabric.utilities.seed][INFO] - Seed set to 455000
[2026-04-16 18:59:21,293][anemoi.training.train.train][INFO] - Initial seed: Rank 0, initial seed 455000, running with random seed: 455000
[2026-04-16 18:59:23,374][anemoi.models.preprocessing.imputer][WARNING] - If placement of NaNs for diagnostic variables in inference output is desired, this needs to be handled by postprocessors: power
[2026-04-16 18:59:23,374][anemoi.models.preprocessing.imputer][INFO] - Imputer: replacing NaNs in power with value 0.0
[2026-04-16 18:59:23,374][anemoi.models.preprocessing.imputer][INFO] - Imputer: replacing NaNs in capacity with value 0.0
[2026-04-16 18:59:23,374][anemoi.models.preprocessing.imputer][INFO] - Imputer: replacing NaNs in turbinecount with value 0.0
[2026-04-16 18:59:23,374][anemoi.models.preprocessing.imputer][INFO] - Imputer: replacing NaNs in turbinemask with value 0.0
[2026-04-16 18:59:23,378][anemoi.models.preprocessing.normalizer][INFO] - Normalizing: cos_latitude is not normalized.
[2026-04-16 18:59:23,378][anemoi.models.preprocessing.normalizer][INFO] - Normalizing: cos_longitude is not normalized.
[2026-04-16 18:59:23,378][anemoi.models.preprocessing.normalizer][INFO] - Normalizing: lsm is not normalized.
[2026-04-16 18:59:23,378][anemoi.models.preprocessing.normalizer][INFO] - Normalizing: mcc is not normalized.
[2026-04-16 18:59:23,378][anemoi.models.preprocessing.normalizer][INFO] - Normalizing: sin_latitude is not normalized.
[2026-04-16 18:59:23,378][anemoi.models.preprocessing.normalizer][INFO] - Normalizing: sin_longitude is not normalized.
[2026-04-16 18:59:23,378][anemoi.models.preprocessing.normalizer][INFO] - Normalizing: turbinemask is not normalized.
[2026-04-16 18:59:23,464][anemoi.models.layers.utils][INFO] - Linear kernel: torch.nn.Linear.
[2026-04-16 18:59:23,534][anemoi.models.layers.utils][INFO] - LayerNorm kernel: torch.nn.LayerNorm.
[2026-04-16 18:59:23,535][anemoi.models.layers.utils][INFO] - Activation kernel: torch.nn.GELU.
[2026-04-16 18:59:23,536][anemoi.models.layers.utils][INFO] - QueryNorm kernel: anemoi.models.layers.normalization.AutocastLayerNorm.
[2026-04-16 18:59:23,537][anemoi.models.layers.utils][INFO] - KeyNorm kernel: anemoi.models.layers.normalization.AutocastLayerNorm.
[2026-04-16 18:59:23,548][anemoi.models.layers.block][INFO] - GraphTransformerMapperBlock using triton graph attention backend.
[2026-04-16 18:59:23,639][anemoi.models.layers.utils][INFO] - Linear kernel: torch.nn.Linear.
[2026-04-16 18:59:23,640][anemoi.models.layers.utils][INFO] - LayerNorm kernel: torch.nn.LayerNorm.
[2026-04-16 18:59:23,640][anemoi.models.layers.utils][INFO] - Activation kernel: torch.nn.GELU.
[2026-04-16 18:59:23,641][anemoi.models.layers.utils][INFO] - QueryNorm kernel: anemoi.models.layers.normalization.AutocastLayerNorm.
[2026-04-16 18:59:23,642][anemoi.models.layers.utils][INFO] - KeyNorm kernel: anemoi.models.layers.normalization.AutocastLayerNorm.
[2026-04-16 18:59:23,736][anemoi.models.layers.block][INFO] - GraphTransformerProcessorBlock using triton graph attention backend.
[2026-04-16 18:59:23,746][anemoi.models.layers.block][INFO] - GraphTransformerProcessorBlock using triton graph attention backend.
[2026-04-16 18:59:23,757][anemoi.models.layers.block][INFO] - GraphTransformerProcessorBlock using triton graph attention backend.
[2026-04-16 18:59:23,768][anemoi.models.layers.block][INFO] - GraphTransformerProcessorBlock using triton graph attention backend.
[2026-04-16 18:59:23,779][anemoi.models.layers.block][INFO] - GraphTransformerProcessorBlock using triton graph attention backend.
[2026-04-16 18:59:23,791][anemoi.models.layers.block][INFO] - GraphTransformerProcessorBlock using triton graph attention backend.
[2026-04-16 18:59:23,841][anemoi.models.layers.block][INFO] - GraphTransformerProcessorBlock using triton graph attention backend.
[2026-04-16 18:59:23,852][anemoi.models.layers.block][INFO] - GraphTransformerProcessorBlock using triton graph attention backend.
[2026-04-16 18:59:23,857][anemoi.models.layers.utils][INFO] - Linear kernel: torch.nn.Linear.
[2026-04-16 18:59:23,858][anemoi.models.layers.utils][INFO] - LayerNorm kernel: torch.nn.LayerNorm.
[2026-04-16 18:59:23,859][anemoi.models.layers.utils][INFO] - Activation kernel: torch.nn.GELU.
[2026-04-16 18:59:23,859][anemoi.models.layers.utils][INFO] - QueryNorm kernel: anemoi.models.layers.normalization.AutocastLayerNorm.
[2026-04-16 18:59:23,860][anemoi.models.layers.utils][INFO] - KeyNorm kernel: anemoi.models.layers.normalization.AutocastLayerNorm.
[2026-04-16 18:59:24,045][anemoi.models.layers.block][INFO] - GraphTransformerMapperBlock using triton graph attention backend.
[2026-04-16 18:59:24,693][anemoi.training.losses.scalers.variable_level][INFO] - Variable Level Scaling: Applying ReluVariableLevelScaler scaling to pl variables (['q', 't', 'u', 'v', 'z'])
[2026-04-16 18:59:24,693][anemoi.training.losses.scalers.variable_level][INFO] - with slope = 0.001 and y-intercept/minimum = 0.2.
[2026-04-16 18:59:24,899][anemoi.training.data.grid_indices][INFO] - The graph attribute indices_connected_nodes of the data nodes will be used to masking the spatial dimension.
[2026-04-16 18:59:24,902][anemoi.training.train.train][INFO] - The following submodules will NOT be trained: []
[2026-04-16 18:59:24,904][anemoi.training.train.train][INFO] - Resuming training from last checkpoint: /mnt/weatherloss/WindPower/training/EGU26/SyntheticGT/checkpoint/SyntheticGT/last.ckpt
[2026-04-16 18:59:25,135][lightning_fabric.utilities.distributed][INFO] - Initializing distributed: GLOBAL_RANK: 0, MEMBER: 1/2
[2026-04-16 19:00:57,855][pytorch_lightning.utilities.rank_zero][INFO] - ----------------------------------------------------------------------------------------------------
distributed_backend=nccl
All distributed processes registered. Starting with 2 processes
----------------------------------------------------------------------------------------------------

[2026-04-16 19:00:58,274][pytorch_lightning.utilities.rank_zero][INFO] - Restoring states from the checkpoint path at /mnt/weatherloss/WindPower/training/EGU26/SyntheticGT/checkpoint/SyntheticGT/last.ckpt
[2026-04-16 19:00:58,840][pytorch_lightning.accelerators.cuda][INFO] - LOCAL_RANK: 0 - CUDA_VISIBLE_DEVICES: [0,1]
[2026-04-16 19:00:59,516][lightning_fabric.utilities.seed][INFO] - [rank: 0] Seed set to 455000
[2026-04-16 19:01:15,989][pytorch_lightning.utilities.rank_zero][INFO] - Restored all states from the checkpoint at /mnt/weatherloss/WindPower/training/EGU26/SyntheticGT/checkpoint/SyntheticGT/last.ckpt
[2026-04-16 19:01:15,994][anemoi.training.data.dataset][INFO] - NativeGridDataset.set_group_info(): global_rank 0, model_comm_group_id 0, model_comm_group_rank 0, model_comm_num_groups 2, reader_group_rank 0
[2026-04-16 19:01:16,934][anemoi.training.data.dataset][INFO] - Worker 0 (pid 1752972, global_rank 0, model comm group 0)  has low/high range 0 / 1658
[2026-04-16 19:01:16,937][anemoi.training.data.dataset][INFO] - Worker 0 (train, pid 1752972, glob. rank 0, model comm group 0, group_rank 0, seed group id 0, base_seed 455000, sanity rnd 0.904419)
[2026-04-16 19:01:17,438][anemoi.training.data.dataset][INFO] - Worker 1 (pid 1753068, global_rank 0, model comm group 0)  has low/high range 1658 / 3316
[2026-04-16 19:01:17,534][anemoi.training.data.dataset][INFO] - Worker 1 (train, pid 1753068, glob. rank 0, model comm group 0, group_rank 0, seed group id 0, base_seed 455000, sanity rnd 0.904419)
[2026-04-16 19:01:18,337][anemoi.training.data.dataset][INFO] - Worker 2 (pid 1753165, global_rank 0, model comm group 0)  has low/high range 3316 / 4974
[2026-04-16 19:01:18,433][anemoi.training.data.dataset][INFO] - Worker 2 (train, pid 1753165, glob. rank 0, model comm group 0, group_rank 0, seed group id 0, base_seed 455000, sanity rnd 0.904419)
[2026-04-16 19:01:18,934][anemoi.training.data.dataset][INFO] - Worker 3 (pid 1753265, global_rank 0, model comm group 0)  has low/high range 4974 / 6632
[2026-04-16 19:01:18,936][anemoi.training.data.dataset][INFO] - Worker 3 (train, pid 1753265, glob. rank 0, model comm group 0, group_rank 0, seed group id 0, base_seed 455000, sanity rnd 0.904419)
[2026-04-16 19:01:20,134][anemoi.training.data.dataset][INFO] - Worker 4 (pid 1753364, global_rank 0, model comm group 0)  has low/high range 6632 / 8290
[2026-04-16 19:01:20,137][anemoi.training.data.dataset][INFO] - Worker 4 (train, pid 1753364, glob. rank 0, model comm group 0, group_rank 0, seed group id 0, base_seed 455000, sanity rnd 0.904419)
[2026-04-16 19:01:20,737][anemoi.training.data.dataset][INFO] - Worker 5 (pid 1753463, global_rank 0, model comm group 0)  has low/high range 8290 / 9948
[2026-04-16 19:01:20,739][anemoi.training.data.dataset][INFO] - Worker 5 (train, pid 1753463, glob. rank 0, model comm group 0, group_rank 0, seed group id 0, base_seed 455000, sanity rnd 0.904419)
[2026-04-16 19:01:21,536][anemoi.training.data.dataset][INFO] - Worker 6 (pid 1753564, global_rank 0, model comm group 0)  has low/high range 9948 / 11606
[2026-04-16 19:01:21,633][anemoi.training.data.dataset][INFO] - Worker 6 (train, pid 1753564, glob. rank 0, model comm group 0, group_rank 0, seed group id 0, base_seed 455000, sanity rnd 0.904419)
[2026-04-16 19:01:22,236][anemoi.training.data.dataset][INFO] - Worker 7 (pid 1753672, global_rank 0, model comm group 0)  has low/high range 11606 / 13264
[2026-04-16 19:01:22,336][anemoi.training.data.dataset][INFO] - Worker 7 (train, pid 1753672, glob. rank 0, model comm group 0, group_rank 0, seed group id 0, base_seed 455000, sanity rnd 0.904419)
[2026-04-16 19:01:28,947][anemoi.training.data.dataset][INFO] - NativeGridDataset.set_group_info(): global_rank 0, model_comm_group_id 0, model_comm_group_rank 0, model_comm_num_groups 2, reader_group_rank 0
[2026-04-16 19:01:28,948][anemoi.models.data_indices.collection][INFO] - The order of the variables in the model matches the order in the data.
[2026-04-16 19:17:49,035][anemoi.training.data.dataset][INFO] - Worker 0 (pid 1767312, global_rank 0, model comm group 0)  has low/high range 0 / 90
[2026-04-16 19:17:49,038][anemoi.training.data.dataset][INFO] - Worker 0 (validation, pid 1767312, glob. rank 0, model comm group 0, group_rank 0, seed group id 0, base_seed 455000, sanity rnd 0.904419)
[2026-04-16 19:17:49,740][anemoi.training.data.dataset][INFO] - Worker 1 (pid 1767410, global_rank 0, model comm group 0)  has low/high range 90 / 180
[2026-04-16 19:17:49,838][anemoi.training.data.dataset][INFO] - Worker 1 (validation, pid 1767410, glob. rank 0, model comm group 0, group_rank 0, seed group id 0, base_seed 455000, sanity rnd 0.904419)
[2026-04-16 19:17:50,537][anemoi.training.data.dataset][INFO] - Worker 2 (pid 1767508, global_rank 0, model comm group 0)  has low/high range 180 / 270
[2026-04-16 19:17:50,634][anemoi.training.data.dataset][INFO] - Worker 2 (validation, pid 1767508, glob. rank 0, model comm group 0, group_rank 0, seed group id 0, base_seed 455000, sanity rnd 0.904419)
[2026-04-16 19:17:51,438][anemoi.training.data.dataset][INFO] - Worker 3 (pid 1767557, global_rank 0, model comm group 0)  has low/high range 270 / 360
[2026-04-16 19:17:51,440][anemoi.training.data.dataset][INFO] - Worker 3 (validation, pid 1767557, glob. rank 0, model comm group 0, group_rank 0, seed group id 0, base_seed 455000, sanity rnd 0.904419)
[2026-04-16 19:17:52,037][anemoi.training.data.dataset][INFO] - Worker 4 (pid 1767663, global_rank 0, model comm group 0)  has low/high range 360 / 450
[2026-04-16 19:17:52,134][anemoi.training.data.dataset][INFO] - Worker 4 (validation, pid 1767663, glob. rank 0, model comm group 0, group_rank 0, seed group id 0, base_seed 455000, sanity rnd 0.904419)
[2026-04-16 19:17:52,634][anemoi.training.data.dataset][INFO] - Worker 5 (pid 1767771, global_rank 0, model comm group 0)  has low/high range 450 / 540
[2026-04-16 19:17:52,637][anemoi.training.data.dataset][INFO] - Worker 5 (validation, pid 1767771, glob. rank 0, model comm group 0, group_rank 0, seed group id 0, base_seed 455000, sanity rnd 0.904419)
[2026-04-16 19:17:53,433][anemoi.training.data.dataset][INFO] - Worker 6 (pid 1767867, global_rank 0, model comm group 0)  has low/high range 540 / 630
[2026-04-16 19:17:53,436][anemoi.training.data.dataset][INFO] - Worker 6 (validation, pid 1767867, glob. rank 0, model comm group 0, group_rank 0, seed group id 0, base_seed 455000, sanity rnd 0.904419)
[2026-04-16 19:17:53,543][anemoi.models.data_indices.collection][INFO] - The order of the variables in the model matches the order in the data.
[2026-04-16 19:17:53,738][anemoi.training.data.dataset][INFO] - Worker 7 (pid 1767933, global_rank 0, model comm group 0)  has low/high range 630 / 720
[2026-04-16 19:17:53,834][anemoi.training.data.dataset][INFO] - Worker 7 (validation, pid 1767933, glob. rank 0, model comm group 0, group_rank 0, seed group id 0, base_seed 455000, sanity rnd 0.904419)
[2026-04-16 19:18:20,848][anemoi.utils.checkpoints][INFO] - Adding extra information to checkpoint /mnt/weatherloss/WindPower/training/EGU26/SyntheticGT/checkpoint/SyntheticGT/inference-anemoi-by_epoch-epoch_016-step_201001.ckpt
[2026-04-16 19:18:20,848][anemoi.utils.checkpoints][INFO] - Saving metadata to inference-anemoi-by_epoch-epoch_016-step_201001/anemoi-metadata/anemoi.json
[2026-04-16 19:18:20,850][anemoi.utils.checkpoints][INFO] - Saving supporting array `latitudes` to inference-anemoi-by_epoch-epoch_016-step_201001/anemoi-metadata/latitudes.numpy (shape=(82068,), dtype=float64)
[2026-04-16 19:18:20,851][anemoi.utils.checkpoints][INFO] - Saving supporting array `longitudes` to inference-anemoi-by_epoch-epoch_016-step_201001/anemoi-metadata/longitudes.numpy (shape=(82068,), dtype=float64)
[2026-04-16 19:18:20,852][anemoi.utils.checkpoints][INFO] - Saving supporting array `lam_0/cutout_mask` to inference-anemoi-by_epoch-epoch_016-step_201001/anemoi-metadata/lam_0/cutout_mask.numpy (shape=(72668,), dtype=bool)
[2026-04-16 19:18:20,852][anemoi.utils.checkpoints][INFO] - Saving supporting array `global/cutout_mask` to inference-anemoi-by_epoch-epoch_016-step_201001/anemoi-metadata/global/cutout_mask.numpy (shape=(13965,), dtype=bool)
[2026-04-16 19:18:20,852][anemoi.utils.checkpoints][INFO] - Saving supporting array `source0/latitudes` to inference-anemoi-by_epoch-epoch_016-step_201001/anemoi-metadata/source0/latitudes.numpy (shape=(72668,), dtype=float64)
[2026-04-16 19:18:20,853][anemoi.utils.checkpoints][INFO] - Saving supporting array `source0/longitudes` to inference-anemoi-by_epoch-epoch_016-step_201001/anemoi-metadata/source0/longitudes.numpy (shape=(72668,), dtype=float64)
[2026-04-16 19:18:20,854][anemoi.utils.checkpoints][INFO] - Saving supporting array `source1/latitudes` to inference-anemoi-by_epoch-epoch_016-step_201001/anemoi-metadata/source1/latitudes.numpy (shape=(13965,), dtype=float64)
[2026-04-16 19:18:20,854][anemoi.utils.checkpoints][INFO] - Saving supporting array `source1/longitudes` to inference-anemoi-by_epoch-epoch_016-step_201001/anemoi-metadata/source1/longitudes.numpy (shape=(13965,), dtype=float64)
[2026-04-16 19:18:20,854][anemoi.utils.checkpoints][INFO] - Saving supporting array `grid_indices` to inference-anemoi-by_epoch-epoch_016-step_201001/anemoi-metadata/grid_indices.numpy (shape=(77419,), dtype=int64)
[2026-04-16 19:18:24,451][anemoi.utils.checkpoints][INFO] - Adding extra information to checkpoint /mnt/weatherloss/WindPower/training/EGU26/SyntheticGT/checkpoint/SyntheticGT/anemoi-by_epoch-epoch_016-step_201001.ckpt
[2026-04-16 19:18:24,451][anemoi.utils.checkpoints][INFO] - Saving metadata to archive/anemoi-metadata/anemoi.json
[2026-04-16 19:18:24,453][anemoi.utils.checkpoints][INFO] - Saving supporting array `latitudes` to archive/anemoi-metadata/latitudes.numpy (shape=(82068,), dtype=float64)
[2026-04-16 19:18:24,454][anemoi.utils.checkpoints][INFO] - Saving supporting array `longitudes` to archive/anemoi-metadata/longitudes.numpy (shape=(82068,), dtype=float64)
[2026-04-16 19:18:24,454][anemoi.utils.checkpoints][INFO] - Saving supporting array `lam_0/cutout_mask` to archive/anemoi-metadata/lam_0/cutout_mask.numpy (shape=(72668,), dtype=bool)
[2026-04-16 19:18:24,455][anemoi.utils.checkpoints][INFO] - Saving supporting array `global/cutout_mask` to archive/anemoi-metadata/global/cutout_mask.numpy (shape=(13965,), dtype=bool)
[2026-04-16 19:18:24,455][anemoi.utils.checkpoints][INFO] - Saving supporting array `source0/latitudes` to archive/anemoi-metadata/source0/latitudes.numpy (shape=(72668,), dtype=float64)
[2026-04-16 19:18:24,455][anemoi.utils.checkpoints][INFO] - Saving supporting array `source0/longitudes` to archive/anemoi-metadata/source0/longitudes.numpy (shape=(72668,), dtype=float64)
[2026-04-16 19:18:24,456][anemoi.utils.checkpoints][INFO] - Saving supporting array `source1/latitudes` to archive/anemoi-metadata/source1/latitudes.numpy (shape=(13965,), dtype=float64)
[2026-04-16 19:18:24,456][anemoi.utils.checkpoints][INFO] - Saving supporting array `source1/longitudes` to archive/anemoi-metadata/source1/longitudes.numpy (shape=(13965,), dtype=float64)
[2026-04-16 19:18:24,456][anemoi.utils.checkpoints][INFO] - Saving supporting array `grid_indices` to archive/anemoi-metadata/grid_indices.numpy (shape=(77419,), dtype=int64)
[2026-04-16 19:18:24,977][anemoi.utils.checkpoints][INFO] - Adding extra information to checkpoint /mnt/weatherloss/WindPower/training/EGU26/SyntheticGT/checkpoint/SyntheticGT/inference-last.ckpt
[2026-04-16 19:18:24,977][anemoi.utils.checkpoints][INFO] - Saving metadata to inference-last/anemoi-metadata/anemoi.json
[2026-04-16 19:18:24,980][anemoi.utils.checkpoints][INFO] - Saving supporting array `latitudes` to inference-last/anemoi-metadata/latitudes.numpy (shape=(82068,), dtype=float64)
[2026-04-16 19:18:24,981][anemoi.utils.checkpoints][INFO] - Saving supporting array `longitudes` to inference-last/anemoi-metadata/longitudes.numpy (shape=(82068,), dtype=float64)
[2026-04-16 21:09:02,668][anemoi.utils.checkpoints][INFO] - Saving supporting array `lam_0/cutout_mask` to inference-last/anemoi-metadata/lam_0/cutout_mask.numpy (shape=(72668,), dtype=bool)
[2026-04-16 21:09:02,668][anemoi.utils.checkpoints][INFO] - Saving supporting array `global/cutout_mask` to inference-last/anemoi-metadata/global/cutout_mask.numpy (shape=(13965,), dtype=bool)
[2026-04-16 21:09:02,668][anemoi.utils.checkpoints][INFO] - Saving supporting array `source0/latitudes` to inference-last/anemoi-metadata/source0/latitudes.numpy (shape=(72668,), dtype=float64)
[2026-04-16 21:09:02,669][anemoi.utils.checkpoints][INFO] - Saving supporting array `source0/longitudes` to inference-last/anemoi-metadata/source0/longitudes.numpy (shape=(72668,), dtype=float64)
[2026-04-16 21:09:02,670][anemoi.utils.checkpoints][INFO] - Saving supporting array `source1/latitudes` to inference-last/anemoi-metadata/source1/latitudes.numpy (shape=(13965,), dtype=float64)
[2026-04-16 21:09:02,670][anemoi.utils.checkpoints][INFO] - Saving supporting array `source1/longitudes` to inference-last/anemoi-metadata/source1/longitudes.numpy (shape=(13965,), dtype=float64)
[2026-04-16 21:09:02,670][anemoi.utils.checkpoints][INFO] - Saving supporting array `grid_indices` to inference-last/anemoi-metadata/grid_indices.numpy (shape=(77419,), dtype=int64)
[2026-04-16 21:09:04,169][anemoi.utils.checkpoints][INFO] - Adding extra information to checkpoint /mnt/weatherloss/WindPower/training/EGU26/SyntheticGT/checkpoint/SyntheticGT/last.ckpt
[2026-04-16 21:09:04,169][anemoi.utils.checkpoints][INFO] - Saving metadata to archive/anemoi-metadata/anemoi.json
[2026-04-16 21:09:04,171][anemoi.utils.checkpoints][INFO] - Saving supporting array `latitudes` to archive/anemoi-metadata/latitudes.numpy (shape=(82068,), dtype=float64)
[2026-04-16 21:09:04,171][anemoi.utils.checkpoints][INFO] - Saving supporting array `longitudes` to archive/anemoi-metadata/longitudes.numpy (shape=(82068,), dtype=float64)
[2026-04-16 21:09:04,172][anemoi.utils.checkpoints][INFO] - Saving supporting array `lam_0/cutout_mask` to archive/anemoi-metadata/lam_0/cutout_mask.numpy (shape=(72668,), dtype=bool)
[2026-04-16 21:09:04,172][anemoi.utils.checkpoints][INFO] - Saving supporting array `global/cutout_mask` to archive/anemoi-metadata/global/cutout_mask.numpy (shape=(13965,), dtype=bool)
[2026-04-16 21:09:04,172][anemoi.utils.checkpoints][INFO] - Saving supporting array `source0/latitudes` to archive/anemoi-metadata/source0/latitudes.numpy (shape=(72668,), dtype=float64)
[2026-04-16 21:09:04,173][anemoi.utils.checkpoints][INFO] - Saving supporting array `source0/longitudes` to archive/anemoi-metadata/source0/longitudes.numpy (shape=(72668,), dtype=float64)
[2026-04-16 21:09:04,174][anemoi.utils.checkpoints][INFO] - Saving supporting array `source1/latitudes` to archive/anemoi-metadata/source1/latitudes.numpy (shape=(13965,), dtype=float64)
[2026-04-16 21:09:04,174][anemoi.utils.checkpoints][INFO] - Saving supporting array `source1/longitudes` to archive/anemoi-metadata/source1/longitudes.numpy (shape=(13965,), dtype=float64)
[2026-04-16 21:09:04,174][anemoi.utils.checkpoints][INFO] - Saving supporting array `grid_indices` to archive/anemoi-metadata/grid_indices.numpy (shape=(77419,), dtype=int64)
[2026-04-16 21:10:06,671][lightning_fabric.strategies.launchers.subprocess_script][INFO] - [rank: 1] Child process with PID 1751678 terminated with code -6. Forcefully terminating all other processes to avoid zombies 🧟
