[2026-04-16 18:59:30,122][anemoi.training.train.train][INFO] - Skipping config validation.
[2026-04-16 18:59:30,122][anemoi.training.train.train][INFO] - Starting from checkpoint: True
[2026-04-16 18:59:30,122][anemoi.training.train.train][INFO] - Run id: SyntheticGT
[2026-04-16 18:59:30,122][anemoi.training.train.train][INFO] - Checkpoints path: {'root': PosixPath('/mnt/weatherloss/WindPower/training/EGU26/SyntheticGT/checkpoint/SyntheticGT'), 'every_n_epochs': 'anemoi-by_epoch-epoch_{epoch:03d}-step_{step:06d}', 'every_n_train_steps': 'anemoi-by_step-epoch_{epoch:03d}-step_{step:06d}', 'every_n_minutes': 'anemoi-by_time-epoch_{epoch:03d}-step_{step:06d}'}
[2026-04-16 18:59:30,122][anemoi.training.train.train][INFO] - Plots path: /mnt/weatherloss/WindPower/training/EGU26/SyntheticGT/plots/SyntheticGT
[2026-04-16 18:59:30,596][anemoi.graphs.nodes.builders.from_file][INFO] - Reading the dataset from {'cutout': [{'dataset': '/mnt/weatherloss/WindPower/data/EGU26/Anemoidatasets/NewFilled_Cerra_A_large.zarr'}, {'dataset': '/mnt/weatherloss/WindPower/data/EGU26/Anemoidatasets/era5_A_large.zarr'}], 'min_distance_km': 0, 'adjust': 'all'}.
[2026-04-16 18:59:33,204][anemoi.graphs.generate.masks][INFO] - Fitting KNNAreaMaskBuilder with 72668 reference nodes from "data (cutout)".
[2026-04-16 18:59:52,860][anemoi.graphs.edges.builders.knn][INFO] - Using KNN-Edges (with 12 nearest neighbours) between data and hidden.
[2026-04-16 18:59:52,880][anemoi.graphs.edges.builders.base][WARNING] - The 'torch-cluster' library is not installed.
Installing 'torch-cluster' can significantly improve performance for graph creation.
You can install it using:
    TORCH_VERSION=$(python -c "import torch; print(torch.__version__)")
    pip install torch-cluster -f https://data.pyg.org/whl/torch-${TORCH_VERSION}.html

[2026-04-16 18:59:53,091][anemoi.graphs.edges.builders.cutoff][INFO] - Using CutOff-Edges (with radius = 15.0 km [direct]) between data and hidden.
[2026-04-16 18:59:53,092][anemoi.graphs.edges.builders.base][WARNING] - The 'torch-cluster' library is not installed.
Installing 'torch-cluster' can significantly improve performance for graph creation.
You can install it using:
    TORCH_VERSION=$(python -c "import torch; print(torch.__version__)")
    pip install torch-cluster -f https://data.pyg.org/whl/torch-${TORCH_VERSION}.html

[2026-04-16 19:00:51,655][anemoi.graphs.edges.builders.knn][INFO] - Using KNN-Edges (with 3 nearest neighbours) between hidden and data.
[2026-04-16 19:00:51,656][anemoi.graphs.edges.builders.base][WARNING] - The 'torch-cluster' library is not installed.
Installing 'torch-cluster' can significantly improve performance for graph creation.
You can install it using:
    TORCH_VERSION=$(python -c "import torch; print(torch.__version__)")
    pip install torch-cluster -f https://data.pyg.org/whl/torch-${TORCH_VERSION}.html

[2026-04-16 19:00:51,906][anemoi.graphs.create][INFO] - Cleaning graph.
[2026-04-16 19:00:51,906][anemoi.graphs.create][INFO] - _grid_reference_distance deleted from graph.
[2026-04-16 19:00:51,906][anemoi.graphs.create][INFO] - _dataset deleted from graph.
[2026-04-16 19:00:51,906][anemoi.graphs.create][INFO] - _grid_reference_distance deleted from graph.
[2026-04-16 19:00:51,906][anemoi.graphs.create][INFO] - _area_mask_builder deleted from graph.
[2026-04-16 19:00:51,907][anemoi.graphs.create][INFO] - _node_ordering deleted from graph.
[2026-04-16 19:00:51,907][anemoi.graphs.create][INFO] - _resolutions deleted from graph.
[2026-04-16 19:00:51,907][anemoi.graphs.create][INFO] - _nx_graph deleted from graph.
[2026-04-16 19:00:51,912][anemoi.graphs.processors.post_process][INFO] - Removing 120985 edges from ('data', 'to', 'hidden').
[2026-04-16 19:00:51,935][anemoi.graphs.processors.post_process][INFO] - Recomputing edge attribute edge_length.
[2026-04-16 19:00:51,937][anemoi.graphs.processors.post_process][INFO] - Recomputing edge attribute edge_dirs.
[2026-04-16 19:00:52,334][anemoi.graphs.processors.post_process][INFO] - Removing 4649 nodes from data.
[2026-04-16 19:00:52,841][anemoi.graphs.processors.post_process][INFO] - An attribute indices_connected_nodes has been added with the indices to mask the nodes from the original graph.
[2026-04-16 19:00:52,943][anemoi.graphs.create][INFO] - Graph saved at /mnt/weatherloss/WindPower/graphs/EGU26/EGUgraph15km.pt.
[2026-04-16 19:00:53,549][anemoi.training.data.datamodule][INFO] - Timeincrement set to 1 for data with frequency, 10800, and timestep, 10800
[2026-04-16 19:00:53,550][anemoi.training.data.grid_indices][INFO] - The graph attribute indices_connected_nodes of the data nodes will be used to masking the spatial dimension.
[2026-04-16 19:00:53,551][anemoi.training.train.train][INFO] - Number of data variables: 67
[2026-04-16 19:00:53,551][anemoi.training.train.train][INFO] - Variables: ['cos_julian_day', 'cos_latitude', 'cos_longitude', 'insolation', 'lsm', 'mcc', 'msl', 'q_1000', 'q_500', 'q_600', 'q_700', 'q_750', 'q_800', 'q_850', 'q_900', 'q_950', 'sin_julian_day', 'sin_latitude', 'sin_longitude', 't2m', 't_1000', 't_500', 't_600', 't_700', 't_750', 't_800', 't_850', 't_900', 't_950', 'u_1000', 'u_500', 'u_600', 'u_700', 'u_750', 'u_800', 'u_850', 'u_900', 'u_950', 'v_1000', 'v_500', 'v_600', 'v_700', 'v_750', 'v_800', 'v_850', 'v_900', 'v_950', 'wdir100_cos', 'wdir100_sin', 'wdir10_cos', 'wdir10_sin', 'ws10', 'ws100', 'z_1000', 'z_500', 'z_600', 'z_700', 'z_750', 'z_800', 'z_850', 'z_900', 'z_950', 'z_sfc', 'power', 'capacity', 'turbinecount', 'turbinemask']
[2026-04-16 19:00:53,551][anemoi.training.train.train][INFO] - Total number of prognostic variables: 55
[2026-04-16 19:00:53,552][anemoi.training.train.train][INFO] - Total number of auxiliary variables: 12
[2026-04-16 19:00:53,552][anemoi.training.train.train][INFO] - Total GPU count / model group size: 2 - NB: the learning rate will be scaled by this factor!
[2026-04-16 19:00:53,552][anemoi.training.train.train][INFO] - Effective learning rate: 1.280e-05
[2026-04-16 19:00:53,552][anemoi.training.train.train][INFO] - Training limits: max_epochs=30, max_steps=210000. Training will stop when either limit is reached first. Learning rate scheduler will run for 10000 steps.
[2026-04-16 19:00:53,581][anemoi.models.migrations.migrator][INFO] - Loading migration 1755530253_initial
[2026-04-16 19:00:53,581][anemoi.models.migrations.migrator][INFO] - Loading migration 1762857427_deprecate_eda
[2026-04-16 19:00:53,581][anemoi.models.migrations.migrator][INFO] - Loading migration 1762857428_chunking_fix
[2026-04-16 19:00:53,581][anemoi.models.migrations.migrator][INFO] - Loading migration 1763479917_hardware_schema_update
[2026-04-16 19:00:53,631][anemoi.training.train.train][INFO] - TensorBoard logger enabled
[2026-04-16 19:00:53,700][anemoi.training.train.train][INFO] - Initial seed: Rank 1, initial seed 455000, running with random seed: 455000
[2026-04-16 19:00:55,634][anemoi.models.preprocessing.imputer][WARNING] - If placement of NaNs for diagnostic variables in inference output is desired, this needs to be handled by postprocessors: power
[2026-04-16 19:00:55,634][anemoi.models.preprocessing.imputer][INFO] - Imputer: replacing NaNs in power with value 0.0
[2026-04-16 19:00:55,634][anemoi.models.preprocessing.imputer][INFO] - Imputer: replacing NaNs in capacity with value 0.0
[2026-04-16 19:00:55,634][anemoi.models.preprocessing.imputer][INFO] - Imputer: replacing NaNs in turbinecount with value 0.0
[2026-04-16 19:00:55,634][anemoi.models.preprocessing.imputer][INFO] - Imputer: replacing NaNs in turbinemask with value 0.0
[2026-04-16 19:00:55,637][anemoi.models.preprocessing.normalizer][INFO] - Normalizing: cos_latitude is not normalized.
[2026-04-16 19:00:55,637][anemoi.models.preprocessing.normalizer][INFO] - Normalizing: cos_longitude is not normalized.
[2026-04-16 19:00:55,637][anemoi.models.preprocessing.normalizer][INFO] - Normalizing: lsm is not normalized.
[2026-04-16 19:00:55,637][anemoi.models.preprocessing.normalizer][INFO] - Normalizing: mcc is not normalized.
[2026-04-16 19:00:55,637][anemoi.models.preprocessing.normalizer][INFO] - Normalizing: sin_latitude is not normalized.
[2026-04-16 19:00:55,637][anemoi.models.preprocessing.normalizer][INFO] - Normalizing: sin_longitude is not normalized.
[2026-04-16 19:00:55,637][anemoi.models.preprocessing.normalizer][INFO] - Normalizing: turbinemask is not normalized.
[2026-04-16 19:00:55,845][anemoi.models.layers.utils][INFO] - Linear kernel: torch.nn.Linear.
[2026-04-16 19:00:55,846][anemoi.models.layers.utils][INFO] - LayerNorm kernel: torch.nn.LayerNorm.
[2026-04-16 19:00:55,847][anemoi.models.layers.utils][INFO] - Activation kernel: torch.nn.GELU.
[2026-04-16 19:00:55,849][anemoi.models.layers.utils][INFO] - QueryNorm kernel: anemoi.models.layers.normalization.AutocastLayerNorm.
[2026-04-16 19:00:55,850][anemoi.models.layers.utils][INFO] - KeyNorm kernel: anemoi.models.layers.normalization.AutocastLayerNorm.
[2026-04-16 19:00:56,042][anemoi.models.layers.block][INFO] - GraphTransformerMapperBlock using triton graph attention backend.
[2026-04-16 19:00:56,051][anemoi.models.layers.utils][INFO] - Linear kernel: torch.nn.Linear.
[2026-04-16 19:00:56,052][anemoi.models.layers.utils][INFO] - LayerNorm kernel: torch.nn.LayerNorm.
[2026-04-16 19:00:56,053][anemoi.models.layers.utils][INFO] - Activation kernel: torch.nn.GELU.
[2026-04-16 19:00:56,054][anemoi.models.layers.utils][INFO] - QueryNorm kernel: anemoi.models.layers.normalization.AutocastLayerNorm.
[2026-04-16 19:00:56,055][anemoi.models.layers.utils][INFO] - KeyNorm kernel: anemoi.models.layers.normalization.AutocastLayerNorm.
[2026-04-16 19:00:56,250][anemoi.models.layers.block][INFO] - GraphTransformerProcessorBlock using triton graph attention backend.
[2026-04-16 19:00:56,270][anemoi.models.layers.block][INFO] - GraphTransformerProcessorBlock using triton graph attention backend.
[2026-04-16 19:00:56,352][anemoi.models.layers.block][INFO] - GraphTransformerProcessorBlock using triton graph attention backend.
[2026-04-16 19:00:56,374][anemoi.models.layers.block][INFO] - GraphTransformerProcessorBlock using triton graph attention backend.
[2026-04-16 19:00:56,392][anemoi.models.layers.block][INFO] - GraphTransformerProcessorBlock using triton graph attention backend.
[2026-04-16 19:00:56,406][anemoi.models.layers.block][INFO] - GraphTransformerProcessorBlock using triton graph attention backend.
[2026-04-16 19:00:56,417][anemoi.models.layers.block][INFO] - GraphTransformerProcessorBlock using triton graph attention backend.
[2026-04-16 19:00:56,428][anemoi.models.layers.block][INFO] - GraphTransformerProcessorBlock using triton graph attention backend.
[2026-04-16 19:00:56,433][anemoi.models.layers.utils][INFO] - Linear kernel: torch.nn.Linear.
[2026-04-16 19:00:56,434][anemoi.models.layers.utils][INFO] - LayerNorm kernel: torch.nn.LayerNorm.
[2026-04-16 19:00:56,434][anemoi.models.layers.utils][INFO] - Activation kernel: torch.nn.GELU.
[2026-04-16 19:00:56,435][anemoi.models.layers.utils][INFO] - QueryNorm kernel: anemoi.models.layers.normalization.AutocastLayerNorm.
[2026-04-16 19:00:56,436][anemoi.models.layers.utils][INFO] - KeyNorm kernel: anemoi.models.layers.normalization.AutocastLayerNorm.
[2026-04-16 19:00:56,449][anemoi.models.layers.block][INFO] - GraphTransformerMapperBlock using triton graph attention backend.
[2026-04-16 19:00:56,881][anemoi.training.losses.scalers.variable_level][INFO] - Variable Level Scaling: Applying ReluVariableLevelScaler scaling to pl variables (['q', 't', 'u', 'v', 'z'])
[2026-04-16 19:00:56,881][anemoi.training.losses.scalers.variable_level][INFO] - with slope = 0.001 and y-intercept/minimum = 0.2.
[2026-04-16 19:00:57,189][anemoi.training.data.grid_indices][INFO] - The graph attribute indices_connected_nodes of the data nodes will be used to masking the spatial dimension.
[2026-04-16 19:00:57,191][anemoi.training.train.train][INFO] - The following submodules will NOT be trained: []
[2026-04-16 19:00:57,193][anemoi.training.train.train][INFO] - Resuming training from last checkpoint: /mnt/weatherloss/WindPower/training/EGU26/SyntheticGT/checkpoint/SyntheticGT/last.ckpt
[2026-04-16 19:01:15,994][anemoi.training.data.dataset][INFO] - NativeGridDataset.set_group_info(): global_rank 1, model_comm_group_id 1, model_comm_group_rank 0, model_comm_num_groups 2, reader_group_rank 0
[2026-04-16 19:01:16,234][anemoi.training.data.dataset][INFO] - Worker 0 (pid 1752924, global_rank 1, model comm group 1)  has low/high range 13265 / 14923
[2026-04-16 19:01:16,334][anemoi.training.data.dataset][INFO] - Worker 0 (train, pid 1752924, glob. rank 1, model comm group 1, group_rank 0, seed group id 1, base_seed 455000, sanity rnd 0.904419)
[2026-04-16 19:01:17,135][anemoi.training.data.dataset][INFO] - Worker 1 (pid 1753020, global_rank 1, model comm group 1)  has low/high range 14923 / 16581
[2026-04-16 19:01:17,138][anemoi.training.data.dataset][INFO] - Worker 1 (train, pid 1753020, glob. rank 1, model comm group 1, group_rank 0, seed group id 1, base_seed 455000, sanity rnd 0.904419)
[2026-04-16 19:01:17,837][anemoi.training.data.dataset][INFO] - Worker 2 (pid 1753116, global_rank 1, model comm group 1)  has low/high range 16581 / 18239
[2026-04-16 19:01:17,933][anemoi.training.data.dataset][INFO] - Worker 2 (train, pid 1753116, glob. rank 1, model comm group 1, group_rank 0, seed group id 1, base_seed 455000, sanity rnd 0.904419)
[2026-04-16 19:01:18,737][anemoi.training.data.dataset][INFO] - Worker 3 (pid 1753216, global_rank 1, model comm group 1)  has low/high range 18239 / 19897
[2026-04-16 19:01:18,739][anemoi.training.data.dataset][INFO] - Worker 3 (train, pid 1753216, glob. rank 1, model comm group 1, group_rank 0, seed group id 1, base_seed 455000, sanity rnd 0.904419)
[2026-04-16 19:01:19,439][anemoi.training.data.dataset][INFO] - Worker 4 (pid 1753316, global_rank 1, model comm group 1)  has low/high range 19897 / 21555
[2026-04-16 19:01:19,441][anemoi.training.data.dataset][INFO] - Worker 4 (train, pid 1753316, glob. rank 1, model comm group 1, group_rank 0, seed group id 1, base_seed 455000, sanity rnd 0.904419)
[2026-04-16 19:01:20,239][anemoi.training.data.dataset][INFO] - Worker 5 (pid 1753412, global_rank 1, model comm group 1)  has low/high range 21555 / 23213
[2026-04-16 19:01:20,334][anemoi.training.data.dataset][INFO] - Worker 5 (train, pid 1753412, glob. rank 1, model comm group 1, group_rank 0, seed group id 1, base_seed 455000, sanity rnd 0.904419)
[2026-04-16 19:01:20,935][anemoi.training.data.dataset][INFO] - Worker 6 (pid 1753513, global_rank 1, model comm group 1)  has low/high range 23213 / 24871
[2026-04-16 19:01:20,939][anemoi.training.data.dataset][INFO] - Worker 6 (train, pid 1753513, glob. rank 1, model comm group 1, group_rank 0, seed group id 1, base_seed 455000, sanity rnd 0.904419)
[2026-04-16 19:01:21,739][anemoi.training.data.dataset][INFO] - Worker 7 (pid 1753612, global_rank 1, model comm group 1)  has low/high range 24871 / 26529
[2026-04-16 19:01:21,836][anemoi.training.data.dataset][INFO] - Worker 7 (train, pid 1753612, glob. rank 1, model comm group 1, group_rank 0, seed group id 1, base_seed 455000, sanity rnd 0.904419)
[2026-04-16 19:01:28,947][anemoi.training.data.dataset][INFO] - NativeGridDataset.set_group_info(): global_rank 1, model_comm_group_id 1, model_comm_group_rank 0, model_comm_num_groups 2, reader_group_rank 0
[2026-04-16 19:01:28,948][anemoi.models.data_indices.collection][INFO] - The order of the variables in the model matches the order in the data.
[2026-04-16 19:17:48,636][anemoi.training.data.dataset][INFO] - Worker 0 (pid 1767264, global_rank 1, model comm group 1)  has low/high range 721 / 811
[2026-04-16 19:17:48,639][anemoi.training.data.dataset][INFO] - Worker 0 (validation, pid 1767264, glob. rank 1, model comm group 1, group_rank 0, seed group id 1, base_seed 455000, sanity rnd 0.904419)
[2026-04-16 19:17:49,536][anemoi.training.data.dataset][INFO] - Worker 1 (pid 1767362, global_rank 1, model comm group 1)  has low/high range 811 / 901
[2026-04-16 19:17:49,538][anemoi.training.data.dataset][INFO] - Worker 1 (validation, pid 1767362, glob. rank 1, model comm group 1, group_rank 0, seed group id 1, base_seed 455000, sanity rnd 0.904419)
[2026-04-16 19:17:50,137][anemoi.training.data.dataset][INFO] - Worker 2 (pid 1767460, global_rank 1, model comm group 1)  has low/high range 901 / 991
[2026-04-16 19:17:50,235][anemoi.training.data.dataset][INFO] - Worker 2 (validation, pid 1767460, glob. rank 1, model comm group 1, group_rank 0, seed group id 1, base_seed 455000, sanity rnd 0.904419)
[2026-04-16 19:17:51,137][anemoi.training.data.dataset][INFO] - Worker 3 (pid 1767556, global_rank 1, model comm group 1)  has low/high range 991 / 1081
[2026-04-16 19:17:51,234][anemoi.training.data.dataset][INFO] - Worker 3 (validation, pid 1767556, glob. rank 1, model comm group 1, group_rank 0, seed group id 1, base_seed 455000, sanity rnd 0.904419)
[2026-04-16 19:17:52,234][anemoi.training.data.dataset][INFO] - Worker 4 (pid 1767665, global_rank 1, model comm group 1)  has low/high range 1081 / 1171
[2026-04-16 19:17:52,237][anemoi.training.data.dataset][INFO] - Worker 4 (validation, pid 1767665, glob. rank 1, model comm group 1, group_rank 0, seed group id 1, base_seed 455000, sanity rnd 0.904419)
[2026-04-16 19:17:52,738][anemoi.training.data.dataset][INFO] - Worker 5 (pid 1767819, global_rank 1, model comm group 1)  has low/high range 1171 / 1261
[2026-04-16 19:17:52,933][anemoi.training.data.dataset][INFO] - Worker 5 (validation, pid 1767819, glob. rank 1, model comm group 1, group_rank 0, seed group id 1, base_seed 455000, sanity rnd 0.904419)
[2026-04-16 19:17:54,334][anemoi.training.data.dataset][INFO] - Worker 6 (pid 1768009, global_rank 1, model comm group 1)  has low/high range 1261 / 1351
[2026-04-16 19:17:54,338][anemoi.training.data.dataset][INFO] - Worker 6 (validation, pid 1768009, glob. rank 1, model comm group 1, group_rank 0, seed group id 1, base_seed 455000, sanity rnd 0.904419)
[2026-04-16 19:17:54,736][anemoi.models.data_indices.collection][INFO] - The order of the variables in the model matches the order in the data.
[2026-04-16 19:17:54,738][anemoi.training.data.dataset][INFO] - Worker 7 (pid 1768059, global_rank 1, model comm group 1)  has low/high range 1351 / 1441
[2026-04-16 19:17:54,834][anemoi.training.data.dataset][INFO] - Worker 7 (validation, pid 1768059, glob. rank 1, model comm group 1, group_rank 0, seed group id 1, base_seed 455000, sanity rnd 0.904419)
