[2026-04-15 21:16:22,443][anemoi.training.train.train][INFO] - Skipping config validation.
[2026-04-15 21:16:22,443][anemoi.training.train.train][INFO] - Starting from checkpoint: True
[2026-04-15 21:16:22,444][anemoi.training.train.train][INFO] - Run id: SyntheticGT
[2026-04-15 21:16:22,444][anemoi.training.train.train][INFO] - Checkpoints path: {'root': PosixPath('/mnt/weatherloss/WindPower/training/EGU26/SyntheticGT/checkpoint/SyntheticGT'), 'every_n_epochs': 'anemoi-by_epoch-epoch_{epoch:03d}-step_{step:06d}', 'every_n_train_steps': 'anemoi-by_step-epoch_{epoch:03d}-step_{step:06d}', 'every_n_minutes': 'anemoi-by_time-epoch_{epoch:03d}-step_{step:06d}'}
[2026-04-15 21:16:22,444][anemoi.training.train.train][INFO] - Plots path: /mnt/weatherloss/WindPower/training/EGU26/SyntheticGT/plots/SyntheticGT
[2026-04-15 21:16:23,033][anemoi.graphs.nodes.builders.from_file][INFO] - Reading the dataset from {'cutout': [{'dataset': '/mnt/weatherloss/WindPower/data/EGU26/Anemoidatasets/NewFilled_Cerra_A_large.zarr'}, {'dataset': '/mnt/weatherloss/WindPower/data/EGU26/Anemoidatasets/era5_A_large.zarr'}], 'min_distance_km': 0, 'adjust': 'all'}.
[2026-04-15 21:16:25,681][anemoi.graphs.generate.masks][INFO] - Fitting KNNAreaMaskBuilder with 72668 reference nodes from "data (cutout)".
[2026-04-15 21:16:45,248][anemoi.graphs.edges.builders.knn][INFO] - Using KNN-Edges (with 12 nearest neighbours) between data and hidden.
[2026-04-15 21:16:45,265][anemoi.graphs.edges.builders.base][WARNING] - The 'torch-cluster' library is not installed.
Installing 'torch-cluster' can significantly improve performance for graph creation.
You can install it using:
    TORCH_VERSION=$(python -c "import torch; print(torch.__version__)")
    pip install torch-cluster -f https://data.pyg.org/whl/torch-${TORCH_VERSION}.html

[2026-04-15 21:16:45,501][anemoi.graphs.edges.builders.cutoff][INFO] - Using CutOff-Edges (with radius = 15.0 km [direct]) between data and hidden.
[2026-04-15 21:16:45,502][anemoi.graphs.edges.builders.base][WARNING] - The 'torch-cluster' library is not installed.
Installing 'torch-cluster' can significantly improve performance for graph creation.
You can install it using:
    TORCH_VERSION=$(python -c "import torch; print(torch.__version__)")
    pip install torch-cluster -f https://data.pyg.org/whl/torch-${TORCH_VERSION}.html

[2026-04-15 21:17:38,635][anemoi.graphs.edges.builders.knn][INFO] - Using KNN-Edges (with 3 nearest neighbours) between hidden and data.
[2026-04-15 21:17:38,636][anemoi.graphs.edges.builders.base][WARNING] - The 'torch-cluster' library is not installed.
Installing 'torch-cluster' can significantly improve performance for graph creation.
You can install it using:
    TORCH_VERSION=$(python -c "import torch; print(torch.__version__)")
    pip install torch-cluster -f https://data.pyg.org/whl/torch-${TORCH_VERSION}.html

[2026-04-15 21:17:38,913][anemoi.graphs.create][INFO] - Cleaning graph.
[2026-04-15 21:17:38,913][anemoi.graphs.create][INFO] - _grid_reference_distance deleted from graph.
[2026-04-15 21:17:38,913][anemoi.graphs.create][INFO] - _dataset deleted from graph.
[2026-04-15 21:17:38,913][anemoi.graphs.create][INFO] - _grid_reference_distance deleted from graph.
[2026-04-15 21:17:38,913][anemoi.graphs.create][INFO] - _nx_graph deleted from graph.
[2026-04-15 21:17:38,913][anemoi.graphs.create][INFO] - _area_mask_builder deleted from graph.
[2026-04-15 21:17:38,913][anemoi.graphs.create][INFO] - _resolutions deleted from graph.
[2026-04-15 21:17:38,914][anemoi.graphs.create][INFO] - _node_ordering deleted from graph.
[2026-04-15 21:17:38,920][anemoi.graphs.processors.post_process][INFO] - Removing 120985 edges from ('data', 'to', 'hidden').
[2026-04-15 21:17:38,936][anemoi.graphs.processors.post_process][INFO] - Recomputing edge attribute edge_length.
[2026-04-15 21:17:38,938][anemoi.graphs.processors.post_process][INFO] - Recomputing edge attribute edge_dirs.
[2026-04-15 21:17:39,034][anemoi.graphs.processors.post_process][INFO] - Removing 4649 nodes from data.
[2026-04-15 21:17:39,542][anemoi.graphs.processors.post_process][INFO] - An attribute indices_connected_nodes has been added with the indices to mask the nodes from the original graph.
[2026-04-15 21:17:39,647][anemoi.graphs.create][INFO] - Graph saved at /mnt/weatherloss/WindPower/graphs/EGU26/EGUgraph15km.pt.
[2026-04-15 21:17:40,257][anemoi.training.data.datamodule][WARNING] - Falling back rollout to: 1
[2026-04-15 21:17:40,257][anemoi.training.data.datamodule][INFO] - Timeincrement set to 1 for data with frequency, 10800, and timestep, 10800
[2026-04-15 21:17:40,258][anemoi.training.data.grid_indices][INFO] - The graph attribute indices_connected_nodes of the data nodes will be used to masking the spatial dimension.
[2026-04-15 21:17:40,259][anemoi.training.train.train][INFO] - Number of data variables: 67
[2026-04-15 21:17:40,260][anemoi.training.train.train][INFO] - Variables: ['cos_julian_day', 'cos_latitude', 'cos_longitude', 'insolation', 'lsm', 'mcc', 'msl', 'q_1000', 'q_500', 'q_600', 'q_700', 'q_750', 'q_800', 'q_850', 'q_900', 'q_950', 'sin_julian_day', 'sin_latitude', 'sin_longitude', 't2m', 't_1000', 't_500', 't_600', 't_700', 't_750', 't_800', 't_850', 't_900', 't_950', 'u_1000', 'u_500', 'u_600', 'u_700', 'u_750', 'u_800', 'u_850', 'u_900', 'u_950', 'v_1000', 'v_500', 'v_600', 'v_700', 'v_750', 'v_800', 'v_850', 'v_900', 'v_950', 'wdir100_cos', 'wdir100_sin', 'wdir10_cos', 'wdir10_sin', 'ws10', 'ws100', 'z_1000', 'z_500', 'z_600', 'z_700', 'z_750', 'z_800', 'z_850', 'z_900', 'z_950', 'z_sfc', 'power', 'capacity', 'turbinecount', 'turbinemask']
[2026-04-15 21:17:40,260][anemoi.training.train.train][INFO] - Total number of prognostic variables: 55
[2026-04-15 21:17:40,260][anemoi.training.train.train][INFO] - Total number of auxiliary variables: 12
[2026-04-15 21:17:40,260][anemoi.training.train.train][INFO] - Total GPU count / model group size: 2 - NB: the learning rate will be scaled by this factor!
[2026-04-15 21:17:40,260][anemoi.training.train.train][INFO] - Effective learning rate: 5.000e-04
[2026-04-15 21:17:40,260][anemoi.training.train.train][INFO] - Training limits: max_epochs=30, max_steps=200000. Training will stop when either limit is reached first. Learning rate scheduler will run for 200000 steps.
[2026-04-15 21:17:40,284][anemoi.models.migrations.migrator][INFO] - Loading migration 1755530253_initial
[2026-04-15 21:17:40,284][anemoi.models.migrations.migrator][INFO] - Loading migration 1762857427_deprecate_eda
[2026-04-15 21:17:40,285][anemoi.models.migrations.migrator][INFO] - Loading migration 1762857428_chunking_fix
[2026-04-15 21:17:40,285][anemoi.models.migrations.migrator][INFO] - Loading migration 1763479917_hardware_schema_update
[2026-04-15 21:17:40,603][anemoi.training.train.train][INFO] - TensorBoard logger enabled
[2026-04-15 21:17:40,658][anemoi.training.train.train][INFO] - Initial seed: Rank 1, initial seed 455000, running with random seed: 455000
[2026-04-15 21:17:42,592][anemoi.models.preprocessing.imputer][WARNING] - If placement of NaNs for diagnostic variables in inference output is desired, this needs to be handled by postprocessors: power
[2026-04-15 21:17:42,592][anemoi.models.preprocessing.imputer][INFO] - Imputer: replacing NaNs in power with value 0.0
[2026-04-15 21:17:42,592][anemoi.models.preprocessing.imputer][INFO] - Imputer: replacing NaNs in capacity with value 0.0
[2026-04-15 21:17:42,592][anemoi.models.preprocessing.imputer][INFO] - Imputer: replacing NaNs in turbinecount with value 0.0
[2026-04-15 21:17:42,592][anemoi.models.preprocessing.imputer][INFO] - Imputer: replacing NaNs in turbinemask with value 0.0
[2026-04-15 21:17:42,595][anemoi.models.preprocessing.normalizer][INFO] - Normalizing: cos_latitude is not normalized.
[2026-04-15 21:17:42,595][anemoi.models.preprocessing.normalizer][INFO] - Normalizing: cos_longitude is not normalized.
[2026-04-15 21:17:42,595][anemoi.models.preprocessing.normalizer][INFO] - Normalizing: lsm is not normalized.
[2026-04-15 21:17:42,595][anemoi.models.preprocessing.normalizer][INFO] - Normalizing: mcc is not normalized.
[2026-04-15 21:17:42,595][anemoi.models.preprocessing.normalizer][INFO] - Normalizing: sin_latitude is not normalized.
[2026-04-15 21:17:42,595][anemoi.models.preprocessing.normalizer][INFO] - Normalizing: sin_longitude is not normalized.
[2026-04-15 21:17:42,595][anemoi.models.preprocessing.normalizer][INFO] - Normalizing: turbinemask is not normalized.
[2026-04-15 21:17:42,836][anemoi.models.layers.utils][INFO] - Linear kernel: torch.nn.Linear.
[2026-04-15 21:17:42,837][anemoi.models.layers.utils][INFO] - LayerNorm kernel: torch.nn.LayerNorm.
[2026-04-15 21:17:42,838][anemoi.models.layers.utils][INFO] - Activation kernel: torch.nn.GELU.
[2026-04-15 21:17:42,840][anemoi.models.layers.utils][INFO] - QueryNorm kernel: anemoi.models.layers.normalization.AutocastLayerNorm.
[2026-04-15 21:17:42,843][anemoi.models.layers.utils][INFO] - KeyNorm kernel: anemoi.models.layers.normalization.AutocastLayerNorm.
[2026-04-15 21:17:43,042][anemoi.models.layers.block][INFO] - GraphTransformerMapperBlock using triton graph attention backend.
[2026-04-15 21:17:43,053][anemoi.models.layers.utils][INFO] - Linear kernel: torch.nn.Linear.
[2026-04-15 21:17:43,054][anemoi.models.layers.utils][INFO] - LayerNorm kernel: torch.nn.LayerNorm.
[2026-04-15 21:17:43,056][anemoi.models.layers.utils][INFO] - Activation kernel: torch.nn.GELU.
[2026-04-15 21:17:43,057][anemoi.models.layers.utils][INFO] - QueryNorm kernel: anemoi.models.layers.normalization.AutocastLayerNorm.
[2026-04-15 21:17:43,058][anemoi.models.layers.utils][INFO] - KeyNorm kernel: anemoi.models.layers.normalization.AutocastLayerNorm.
[2026-04-15 21:17:43,246][anemoi.models.layers.block][INFO] - GraphTransformerProcessorBlock using triton graph attention backend.
[2026-04-15 21:17:43,273][anemoi.models.layers.block][INFO] - GraphTransformerProcessorBlock using triton graph attention backend.
[2026-04-15 21:17:43,296][anemoi.models.layers.block][INFO] - GraphTransformerProcessorBlock using triton graph attention backend.
[2026-04-15 21:17:43,312][anemoi.models.layers.block][INFO] - GraphTransformerProcessorBlock using triton graph attention backend.
[2026-04-15 21:17:43,326][anemoi.models.layers.block][INFO] - GraphTransformerProcessorBlock using triton graph attention backend.
[2026-04-15 21:17:43,338][anemoi.models.layers.block][INFO] - GraphTransformerProcessorBlock using triton graph attention backend.
[2026-04-15 21:17:43,349][anemoi.models.layers.block][INFO] - GraphTransformerProcessorBlock using triton graph attention backend.
[2026-04-15 21:17:43,360][anemoi.models.layers.block][INFO] - GraphTransformerProcessorBlock using triton graph attention backend.
[2026-04-15 21:17:43,363][anemoi.models.layers.utils][INFO] - Linear kernel: torch.nn.Linear.
[2026-04-15 21:17:43,364][anemoi.models.layers.utils][INFO] - LayerNorm kernel: torch.nn.LayerNorm.
[2026-04-15 21:17:43,364][anemoi.models.layers.utils][INFO] - Activation kernel: torch.nn.GELU.
[2026-04-15 21:17:43,365][anemoi.models.layers.utils][INFO] - QueryNorm kernel: anemoi.models.layers.normalization.AutocastLayerNorm.
[2026-04-15 21:17:43,365][anemoi.models.layers.utils][INFO] - KeyNorm kernel: anemoi.models.layers.normalization.AutocastLayerNorm.
[2026-04-15 21:17:43,435][anemoi.models.layers.block][INFO] - GraphTransformerMapperBlock using triton graph attention backend.
[2026-04-15 21:17:43,934][anemoi.training.losses.scalers.variable_level][INFO] - Variable Level Scaling: Applying ReluVariableLevelScaler scaling to pl variables (['q', 't', 'u', 'v', 'z'])
[2026-04-15 21:17:43,934][anemoi.training.losses.scalers.variable_level][INFO] - with slope = 0.001 and y-intercept/minimum = 0.2.
[2026-04-15 21:17:44,175][anemoi.training.data.grid_indices][INFO] - The graph attribute indices_connected_nodes of the data nodes will be used to masking the spatial dimension.
[2026-04-15 21:17:44,176][anemoi.training.train.train][INFO] - The following submodules will NOT be trained: []
[2026-04-15 21:17:44,177][anemoi.training.train.train][INFO] - Resuming training from last checkpoint: /mnt/weatherloss/WindPower/training/EGU26/SyntheticGT/checkpoint/SyntheticGT/last.ckpt
[2026-04-15 21:18:02,444][anemoi.training.data.dataset][INFO] - NativeGridDataset.set_group_info(): global_rank 1, model_comm_group_id 1, model_comm_group_rank 0, model_comm_num_groups 2, reader_group_rank 0
[2026-04-15 21:18:02,636][anemoi.training.data.dataset][INFO] - Worker 0 (pid 759438, global_rank 1, model comm group 1)  has low/high range 13271 / 14929
[2026-04-15 21:18:02,638][anemoi.training.data.dataset][INFO] - Worker 0 (train, pid 759438, glob. rank 1, model comm group 1, group_rank 0, seed group id 1, base_seed 455000, sanity rnd 0.904419)
[2026-04-15 21:18:03,638][anemoi.training.data.dataset][INFO] - Worker 1 (pid 759585, global_rank 1, model comm group 1)  has low/high range 14929 / 16587
[2026-04-15 21:18:03,736][anemoi.training.data.dataset][INFO] - Worker 1 (train, pid 759585, glob. rank 1, model comm group 1, group_rank 0, seed group id 1, base_seed 455000, sanity rnd 0.904419)
[2026-04-15 21:18:04,339][anemoi.training.data.dataset][INFO] - Worker 2 (pid 759685, global_rank 1, model comm group 1)  has low/high range 16587 / 18245
[2026-04-15 21:18:04,341][anemoi.training.data.dataset][INFO] - Worker 2 (train, pid 759685, glob. rank 1, model comm group 1, group_rank 0, seed group id 1, base_seed 455000, sanity rnd 0.904419)
[2026-04-15 21:18:05,139][anemoi.training.data.dataset][INFO] - Worker 3 (pid 759770, global_rank 1, model comm group 1)  has low/high range 18245 / 19903
[2026-04-15 21:18:05,236][anemoi.training.data.dataset][INFO] - Worker 3 (train, pid 759770, glob. rank 1, model comm group 1, group_rank 0, seed group id 1, base_seed 455000, sanity rnd 0.904419)
[2026-04-15 21:18:05,838][anemoi.training.data.dataset][INFO] - Worker 4 (pid 759884, global_rank 1, model comm group 1)  has low/high range 19903 / 21561
[2026-04-15 21:18:05,840][anemoi.training.data.dataset][INFO] - Worker 4 (train, pid 759884, glob. rank 1, model comm group 1, group_rank 0, seed group id 1, base_seed 455000, sanity rnd 0.904419)
[2026-04-15 21:18:06,438][anemoi.training.data.dataset][INFO] - Worker 5 (pid 759950, global_rank 1, model comm group 1)  has low/high range 21561 / 23219
[2026-04-15 21:18:06,441][anemoi.training.data.dataset][INFO] - Worker 5 (train, pid 759950, glob. rank 1, model comm group 1, group_rank 0, seed group id 1, base_seed 455000, sanity rnd 0.904419)
[2026-04-15 21:18:06,934][anemoi.training.data.dataset][INFO] - Worker 6 (pid 760080, global_rank 1, model comm group 1)  has low/high range 23219 / 24877
[2026-04-15 21:18:06,936][anemoi.training.data.dataset][INFO] - Worker 6 (train, pid 760080, glob. rank 1, model comm group 1, group_rank 0, seed group id 1, base_seed 455000, sanity rnd 0.904419)
[2026-04-15 21:18:07,740][anemoi.training.data.dataset][INFO] - Worker 7 (pid 760185, global_rank 1, model comm group 1)  has low/high range 24877 / 26535
[2026-04-15 21:18:07,741][anemoi.training.data.dataset][INFO] - Worker 7 (train, pid 760185, glob. rank 1, model comm group 1, group_rank 0, seed group id 1, base_seed 455000, sanity rnd 0.904419)
[2026-04-15 21:18:11,958][anemoi.training.data.datamodule][WARNING] - Falling back rollout to: 1
[2026-04-15 21:18:11,960][anemoi.training.data.dataset][INFO] - NativeGridDataset.set_group_info(): global_rank 1, model_comm_group_id 1, model_comm_group_rank 0, model_comm_num_groups 2, reader_group_rank 0
[2026-04-15 21:18:11,962][anemoi.models.data_indices.collection][INFO] - The order of the variables in the model matches the order in the data.
[2026-04-15 22:28:59,140][anemoi.training.data.dataset][INFO] - Worker 0 (pid 819330, global_rank 1, model comm group 1)  has low/high range 727 / 817
[2026-04-15 22:28:59,535][anemoi.training.data.dataset][INFO] - Worker 0 (validation, pid 819330, glob. rank 1, model comm group 1, group_rank 0, seed group id 1, base_seed 455000, sanity rnd 0.904419)
[2026-04-15 22:29:00,237][anemoi.training.data.dataset][INFO] - Worker 1 (pid 819426, global_rank 1, model comm group 1)  has low/high range 817 / 907
[2026-04-15 22:29:00,336][anemoi.training.data.dataset][INFO] - Worker 1 (validation, pid 819426, glob. rank 1, model comm group 1, group_rank 0, seed group id 1, base_seed 455000, sanity rnd 0.904419)
[2026-04-15 22:29:01,240][anemoi.training.data.dataset][INFO] - Worker 2 (pid 819561, global_rank 1, model comm group 1)  has low/high range 907 / 997
[2026-04-15 22:29:01,244][anemoi.training.data.dataset][INFO] - Worker 2 (validation, pid 819561, glob. rank 1, model comm group 1, group_rank 0, seed group id 1, base_seed 455000, sanity rnd 0.904419)
[2026-04-15 22:29:01,739][anemoi.training.data.dataset][INFO] - Worker 3 (pid 819626, global_rank 1, model comm group 1)  has low/high range 997 / 1087
[2026-04-15 22:29:01,836][anemoi.training.data.dataset][INFO] - Worker 3 (validation, pid 819626, glob. rank 1, model comm group 1, group_rank 0, seed group id 1, base_seed 455000, sanity rnd 0.904419)
[2026-04-15 22:29:02,834][anemoi.training.data.dataset][INFO] - Worker 4 (pid 819773, global_rank 1, model comm group 1)  has low/high range 1087 / 1177
[2026-04-15 22:29:02,837][anemoi.training.data.dataset][INFO] - Worker 4 (validation, pid 819773, glob. rank 1, model comm group 1, group_rank 0, seed group id 1, base_seed 455000, sanity rnd 0.904419)
[2026-04-15 22:29:03,436][anemoi.training.data.dataset][INFO] - Worker 5 (pid 819885, global_rank 1, model comm group 1)  has low/high range 1177 / 1267
[2026-04-15 22:29:03,440][anemoi.training.data.dataset][INFO] - Worker 5 (validation, pid 819885, glob. rank 1, model comm group 1, group_rank 0, seed group id 1, base_seed 455000, sanity rnd 0.904419)
[2026-04-15 22:29:04,138][anemoi.training.data.dataset][INFO] - Worker 6 (pid 819985, global_rank 1, model comm group 1)  has low/high range 1267 / 1357
[2026-04-15 22:29:04,234][anemoi.training.data.dataset][INFO] - Worker 6 (validation, pid 819985, glob. rank 1, model comm group 1, group_rank 0, seed group id 1, base_seed 455000, sanity rnd 0.904419)
[2026-04-15 22:29:05,238][anemoi.training.data.dataset][INFO] - Worker 7 (pid 820103, global_rank 1, model comm group 1)  has low/high range 1357 / 1447
[2026-04-15 22:29:05,333][anemoi.training.data.dataset][INFO] - Worker 7 (validation, pid 820103, glob. rank 1, model comm group 1, group_rank 0, seed group id 1, base_seed 455000, sanity rnd 0.904419)
[2026-04-15 22:29:07,747][anemoi.models.data_indices.collection][INFO] - The order of the variables in the model matches the order in the data.
[2026-04-15 23:33:48,135][anemoi.models.data_indices.collection][INFO] - The order of the variables in the model matches the order in the data.
[2026-04-16 00:44:26,237][anemoi.models.data_indices.collection][INFO] - The order of the variables in the model matches the order in the data.
[2026-04-16 01:58:23,036][anemoi.models.data_indices.collection][INFO] - The order of the variables in the model matches the order in the data.
[2026-04-16 03:11:38,637][anemoi.models.data_indices.collection][INFO] - The order of the variables in the model matches the order in the data.
[2026-04-16 04:18:21,838][anemoi.models.data_indices.collection][INFO] - The order of the variables in the model matches the order in the data.
[2026-04-16 05:24:36,146][anemoi.models.data_indices.collection][INFO] - The order of the variables in the model matches the order in the data.
[2026-04-16 06:33:16,844][anemoi.models.data_indices.collection][INFO] - The order of the variables in the model matches the order in the data.
[2026-04-16 08:18:14,950][anemoi.models.data_indices.collection][INFO] - The order of the variables in the model matches the order in the data.
