[2026-04-15 07:23:40,336][anemoi.training.train.train][INFO] - Skipping config validation.
[2026-04-15 07:23:40,336][anemoi.training.train.train][INFO] - Starting from checkpoint: True
[2026-04-15 07:23:40,336][anemoi.training.train.train][INFO] - Run id: SyntheticGT
[2026-04-15 07:23:40,336][anemoi.training.train.train][INFO] - Checkpoints path: {'root': PosixPath('/mnt/weatherloss/WindPower/training/EGU26/SyntheticGT/checkpoint/SyntheticGT'), 'every_n_epochs': 'anemoi-by_epoch-epoch_{epoch:03d}-step_{step:06d}', 'every_n_train_steps': 'anemoi-by_step-epoch_{epoch:03d}-step_{step:06d}', 'every_n_minutes': 'anemoi-by_time-epoch_{epoch:03d}-step_{step:06d}'}
[2026-04-15 07:23:40,337][anemoi.training.train.train][INFO] - Plots path: /mnt/weatherloss/WindPower/training/EGU26/SyntheticGT/plots/SyntheticGT
[2026-04-15 07:23:41,102][anemoi.graphs.nodes.builders.from_file][INFO] - Reading the dataset from {'cutout': [{'dataset': '/mnt/weatherloss/WindPower/data/EGU26/Anemoidatasets/NewFilled_Cerra_A_large.zarr'}, {'dataset': '/mnt/weatherloss/WindPower/data/EGU26/Anemoidatasets/era5_A_large.zarr'}], 'min_distance_km': 0, 'adjust': 'all'}.
[2026-04-15 07:23:43,609][anemoi.graphs.generate.masks][INFO] - Fitting KNNAreaMaskBuilder with 72668 reference nodes from "data (cutout)".
[2026-04-15 07:24:01,486][anemoi.graphs.edges.builders.knn][INFO] - Using KNN-Edges (with 12 nearest neighbours) between data and hidden.
[2026-04-15 07:24:01,492][anemoi.graphs.edges.builders.base][WARNING] - The 'torch-cluster' library is not installed.
Installing 'torch-cluster' can significantly improve performance for graph creation.
You can install it using:
    TORCH_VERSION=$(python -c "import torch; print(torch.__version__)")
    pip install torch-cluster -f https://data.pyg.org/whl/torch-${TORCH_VERSION}.html

[2026-04-15 07:24:01,632][anemoi.graphs.edges.builders.cutoff][INFO] - Using CutOff-Edges (with radius = 15.0 km [direct]) between data and hidden.
[2026-04-15 07:24:01,633][anemoi.graphs.edges.builders.base][WARNING] - The 'torch-cluster' library is not installed.
Installing 'torch-cluster' can significantly improve performance for graph creation.
You can install it using:
    TORCH_VERSION=$(python -c "import torch; print(torch.__version__)")
    pip install torch-cluster -f https://data.pyg.org/whl/torch-${TORCH_VERSION}.html

[2026-04-15 07:24:54,081][anemoi.graphs.edges.builders.knn][INFO] - Using KNN-Edges (with 3 nearest neighbours) between hidden and data.
[2026-04-15 07:24:54,082][anemoi.graphs.edges.builders.base][WARNING] - The 'torch-cluster' library is not installed.
Installing 'torch-cluster' can significantly improve performance for graph creation.
You can install it using:
    TORCH_VERSION=$(python -c "import torch; print(torch.__version__)")
    pip install torch-cluster -f https://data.pyg.org/whl/torch-${TORCH_VERSION}.html

[2026-04-15 07:24:54,284][anemoi.graphs.create][INFO] - Cleaning graph.
[2026-04-15 07:24:54,284][anemoi.graphs.create][INFO] - _grid_reference_distance deleted from graph.
[2026-04-15 07:24:54,284][anemoi.graphs.create][INFO] - _dataset deleted from graph.
[2026-04-15 07:24:54,284][anemoi.graphs.create][INFO] - _grid_reference_distance deleted from graph.
[2026-04-15 07:24:54,284][anemoi.graphs.create][INFO] - _resolutions deleted from graph.
[2026-04-15 07:24:54,284][anemoi.graphs.create][INFO] - _nx_graph deleted from graph.
[2026-04-15 07:24:54,284][anemoi.graphs.create][INFO] - _node_ordering deleted from graph.
[2026-04-15 07:24:54,284][anemoi.graphs.create][INFO] - _area_mask_builder deleted from graph.
[2026-04-15 07:24:54,289][anemoi.graphs.processors.post_process][INFO] - Removing 120985 edges from ('data', 'to', 'hidden').
[2026-04-15 07:24:54,291][anemoi.graphs.processors.post_process][INFO] - Recomputing edge attribute edge_length.
[2026-04-15 07:24:54,293][anemoi.graphs.processors.post_process][INFO] - Recomputing edge attribute edge_dirs.
[2026-04-15 07:24:54,334][anemoi.graphs.processors.post_process][INFO] - Removing 4649 nodes from data.
[2026-04-15 07:24:54,660][anemoi.graphs.processors.post_process][INFO] - An attribute indices_connected_nodes has been added with the indices to mask the nodes from the original graph.
[2026-04-15 07:24:54,851][anemoi.graphs.create][INFO] - Graph saved at /mnt/weatherloss/WindPower/graphs/EGU26/EGUgraph15km.pt.
[2026-04-15 07:24:55,642][anemoi.training.data.datamodule][WARNING] - Falling back rollout to: 1
[2026-04-15 07:24:55,643][anemoi.training.data.datamodule][INFO] - Timeincrement set to 1 for data with frequency, 10800, and timestep, 10800
[2026-04-15 07:24:55,644][anemoi.training.data.grid_indices][INFO] - The graph attribute indices_connected_nodes of the data nodes will be used to masking the spatial dimension.
[2026-04-15 07:24:55,646][anemoi.training.train.train][INFO] - Number of data variables: 67
[2026-04-15 07:24:55,647][anemoi.training.train.train][INFO] - Variables: ['cos_julian_day', 'cos_latitude', 'cos_longitude', 'insolation', 'lsm', 'mcc', 'msl', 'q_1000', 'q_500', 'q_600', 'q_700', 'q_750', 'q_800', 'q_850', 'q_900', 'q_950', 'sin_julian_day', 'sin_latitude', 'sin_longitude', 't2m', 't_1000', 't_500', 't_600', 't_700', 't_750', 't_800', 't_850', 't_900', 't_950', 'u_1000', 'u_500', 'u_600', 'u_700', 'u_750', 'u_800', 'u_850', 'u_900', 'u_950', 'v_1000', 'v_500', 'v_600', 'v_700', 'v_750', 'v_800', 'v_850', 'v_900', 'v_950', 'wdir100_cos', 'wdir100_sin', 'wdir10_cos', 'wdir10_sin', 'ws10', 'ws100', 'z_1000', 'z_500', 'z_600', 'z_700', 'z_750', 'z_800', 'z_850', 'z_900', 'z_950', 'z_sfc', 'power', 'capacity', 'turbinecount', 'turbinemask']
[2026-04-15 07:24:55,647][anemoi.training.train.train][INFO] - Total number of prognostic variables: 55
[2026-04-15 07:24:55,647][anemoi.training.train.train][INFO] - Total number of auxiliary variables: 12
[2026-04-15 07:24:55,647][anemoi.training.train.train][INFO] - Total GPU count / model group size: 2 - NB: the learning rate will be scaled by this factor!
[2026-04-15 07:24:55,648][anemoi.training.train.train][INFO] - Effective learning rate: 5.000e-04
[2026-04-15 07:24:55,648][anemoi.training.train.train][INFO] - Training limits: max_epochs=30, max_steps=200000. Training will stop when either limit is reached first. Learning rate scheduler will run for 200000 steps.
[2026-04-15 07:24:55,682][anemoi.models.migrations.migrator][INFO] - Loading migration 1755530253_initial
[2026-04-15 07:24:55,682][anemoi.models.migrations.migrator][INFO] - Loading migration 1762857427_deprecate_eda
[2026-04-15 07:24:55,682][anemoi.models.migrations.migrator][INFO] - Loading migration 1762857428_chunking_fix
[2026-04-15 07:24:55,682][anemoi.models.migrations.migrator][INFO] - Loading migration 1763479917_hardware_schema_update
[2026-04-15 07:24:56,022][anemoi.training.train.train][INFO] - TensorBoard logger enabled
[2026-04-15 07:24:56,023][pytorch_lightning.utilities.rank_zero][INFO] - Using 16bit Automatic Mixed Precision (AMP)
[2026-04-15 07:24:56,032][pytorch_lightning.utilities.rank_zero][INFO] - GPU available: True (cuda), used: True
[2026-04-15 07:24:56,032][pytorch_lightning.utilities.rank_zero][INFO] - TPU available: False, using: 0 TPU cores
[2026-04-15 07:24:56,079][lightning_fabric.utilities.seed][INFO] - Seed set to 455000
[2026-04-15 07:24:56,081][anemoi.training.train.train][INFO] - Initial seed: Rank 0, initial seed 455000, running with random seed: 455000
[2026-04-15 07:24:57,978][anemoi.models.preprocessing.imputer][WARNING] - If placement of NaNs for diagnostic variables in inference output is desired, this needs to be handled by postprocessors: power
[2026-04-15 07:24:57,979][anemoi.models.preprocessing.imputer][INFO] - Imputer: replacing NaNs in power with value 0.0
[2026-04-15 07:24:57,979][anemoi.models.preprocessing.imputer][INFO] - Imputer: replacing NaNs in capacity with value 0.0
[2026-04-15 07:24:57,979][anemoi.models.preprocessing.imputer][INFO] - Imputer: replacing NaNs in turbinecount with value 0.0
[2026-04-15 07:24:57,979][anemoi.models.preprocessing.imputer][INFO] - Imputer: replacing NaNs in turbinemask with value 0.0
[2026-04-15 07:24:57,982][anemoi.models.preprocessing.normalizer][INFO] - Normalizing: cos_latitude is not normalized.
[2026-04-15 07:24:57,982][anemoi.models.preprocessing.normalizer][INFO] - Normalizing: cos_longitude is not normalized.
[2026-04-15 07:24:57,982][anemoi.models.preprocessing.normalizer][INFO] - Normalizing: lsm is not normalized.
[2026-04-15 07:24:57,982][anemoi.models.preprocessing.normalizer][INFO] - Normalizing: mcc is not normalized.
[2026-04-15 07:24:57,982][anemoi.models.preprocessing.normalizer][INFO] - Normalizing: sin_latitude is not normalized.
[2026-04-15 07:24:57,982][anemoi.models.preprocessing.normalizer][INFO] - Normalizing: sin_longitude is not normalized.
[2026-04-15 07:24:57,982][anemoi.models.preprocessing.normalizer][INFO] - Normalizing: turbinemask is not normalized.
[2026-04-15 07:24:58,135][anemoi.models.layers.utils][INFO] - Linear kernel: torch.nn.Linear.
[2026-04-15 07:24:58,135][anemoi.models.layers.utils][INFO] - LayerNorm kernel: torch.nn.LayerNorm.
[2026-04-15 07:24:58,136][anemoi.models.layers.utils][INFO] - Activation kernel: torch.nn.GELU.
[2026-04-15 07:24:58,137][anemoi.models.layers.utils][INFO] - QueryNorm kernel: anemoi.models.layers.normalization.AutocastLayerNorm.
[2026-04-15 07:24:58,138][anemoi.models.layers.utils][INFO] - KeyNorm kernel: anemoi.models.layers.normalization.AutocastLayerNorm.
[2026-04-15 07:24:58,236][anemoi.models.layers.block][INFO] - GraphTransformerMapperBlock using triton graph attention backend.
[2026-04-15 07:24:58,242][anemoi.models.layers.utils][INFO] - Linear kernel: torch.nn.Linear.
[2026-04-15 07:24:58,243][anemoi.models.layers.utils][INFO] - LayerNorm kernel: torch.nn.LayerNorm.
[2026-04-15 07:24:58,243][anemoi.models.layers.utils][INFO] - Activation kernel: torch.nn.GELU.
[2026-04-15 07:24:58,244][anemoi.models.layers.utils][INFO] - QueryNorm kernel: anemoi.models.layers.normalization.AutocastLayerNorm.
[2026-04-15 07:24:58,244][anemoi.models.layers.utils][INFO] - KeyNorm kernel: anemoi.models.layers.normalization.AutocastLayerNorm.
[2026-04-15 07:24:58,338][anemoi.models.layers.block][INFO] - GraphTransformerProcessorBlock using triton graph attention backend.
[2026-04-15 07:24:58,350][anemoi.models.layers.block][INFO] - GraphTransformerProcessorBlock using triton graph attention backend.
[2026-04-15 07:24:58,364][anemoi.models.layers.block][INFO] - GraphTransformerProcessorBlock using triton graph attention backend.
[2026-04-15 07:24:58,378][anemoi.models.layers.block][INFO] - GraphTransformerProcessorBlock using triton graph attention backend.
[2026-04-15 07:24:58,388][anemoi.models.layers.block][INFO] - GraphTransformerProcessorBlock using triton graph attention backend.
[2026-04-15 07:24:58,399][anemoi.models.layers.block][INFO] - GraphTransformerProcessorBlock using triton graph attention backend.
[2026-04-15 07:24:58,409][anemoi.models.layers.block][INFO] - GraphTransformerProcessorBlock using triton graph attention backend.
[2026-04-15 07:24:58,420][anemoi.models.layers.block][INFO] - GraphTransformerProcessorBlock using triton graph attention backend.
[2026-04-15 07:24:58,424][anemoi.models.layers.utils][INFO] - Linear kernel: torch.nn.Linear.
[2026-04-15 07:24:58,425][anemoi.models.layers.utils][INFO] - LayerNorm kernel: torch.nn.LayerNorm.
[2026-04-15 07:24:58,425][anemoi.models.layers.utils][INFO] - Activation kernel: torch.nn.GELU.
[2026-04-15 07:24:58,426][anemoi.models.layers.utils][INFO] - QueryNorm kernel: anemoi.models.layers.normalization.AutocastLayerNorm.
[2026-04-15 07:24:58,427][anemoi.models.layers.utils][INFO] - KeyNorm kernel: anemoi.models.layers.normalization.AutocastLayerNorm.
[2026-04-15 07:24:58,440][anemoi.models.layers.block][INFO] - GraphTransformerMapperBlock using triton graph attention backend.
[2026-04-15 07:24:58,590][anemoi.training.losses.scalers.variable_level][INFO] - Variable Level Scaling: Applying ReluVariableLevelScaler scaling to pl variables (['q', 't', 'u', 'v', 'z'])
[2026-04-15 07:24:58,590][anemoi.training.losses.scalers.variable_level][INFO] - with slope = 0.001 and y-intercept/minimum = 0.2.
[2026-04-15 07:24:58,712][anemoi.training.data.grid_indices][INFO] - The graph attribute indices_connected_nodes of the data nodes will be used to masking the spatial dimension.
[2026-04-15 07:24:58,713][anemoi.training.train.train][INFO] - The following submodules will NOT be trained: []
[2026-04-15 07:24:58,714][anemoi.training.train.train][INFO] - Resuming training from last checkpoint: /mnt/weatherloss/WindPower/training/EGU26/SyntheticGT/checkpoint/SyntheticGT/last.ckpt
[2026-04-15 07:24:58,847][lightning_fabric.utilities.distributed][INFO] - Initializing distributed: GLOBAL_RANK: 0, MEMBER: 1/2
[2026-04-15 07:26:16,938][pytorch_lightning.utilities.rank_zero][INFO] - ----------------------------------------------------------------------------------------------------
distributed_backend=nccl
All distributed processes registered. Starting with 2 processes
----------------------------------------------------------------------------------------------------

[2026-04-15 07:26:17,483][pytorch_lightning.utilities.rank_zero][INFO] - Restoring states from the checkpoint path at /mnt/weatherloss/WindPower/training/EGU26/SyntheticGT/checkpoint/SyntheticGT/last.ckpt
[2026-04-15 07:26:18,138][pytorch_lightning.accelerators.cuda][INFO] - LOCAL_RANK: 0 - CUDA_VISIBLE_DEVICES: [0,1]
[2026-04-15 07:26:18,975][lightning_fabric.utilities.seed][INFO] - [rank: 0] Seed set to 455000
[2026-04-15 07:26:34,919][pytorch_lightning.utilities.rank_zero][INFO] - Restored all states from the checkpoint at /mnt/weatherloss/WindPower/training/EGU26/SyntheticGT/checkpoint/SyntheticGT/last.ckpt
[2026-04-15 07:26:34,925][anemoi.training.data.dataset][INFO] - NativeGridDataset.set_group_info(): global_rank 0, model_comm_group_id 0, model_comm_group_rank 0, model_comm_num_groups 2, reader_group_rank 0
[2026-04-15 07:26:35,333][anemoi.training.data.dataset][INFO] - Worker 0 (pid 393099, global_rank 0, model comm group 0)  has low/high range 0 / 1658
[2026-04-15 07:26:35,336][anemoi.training.data.dataset][INFO] - Worker 0 (train, pid 393099, glob. rank 0, model comm group 0, group_rank 0, seed group id 0, base_seed 455000, sanity rnd 0.904419)
[2026-04-15 07:26:35,634][anemoi.training.data.dataset][INFO] - Worker 1 (pid 393194, global_rank 0, model comm group 0)  has low/high range 1658 / 3316
[2026-04-15 07:26:35,636][anemoi.training.data.dataset][INFO] - Worker 1 (train, pid 393194, glob. rank 0, model comm group 0, group_rank 0, seed group id 0, base_seed 455000, sanity rnd 0.904419)
[2026-04-15 07:26:36,136][anemoi.training.data.dataset][INFO] - Worker 2 (pid 393290, global_rank 0, model comm group 0)  has low/high range 3316 / 4974
[2026-04-15 07:26:36,138][anemoi.training.data.dataset][INFO] - Worker 2 (train, pid 393290, glob. rank 0, model comm group 0, group_rank 0, seed group id 0, base_seed 455000, sanity rnd 0.904419)
[2026-04-15 07:26:36,634][anemoi.training.data.dataset][INFO] - Worker 3 (pid 393390, global_rank 0, model comm group 0)  has low/high range 4974 / 6632
[2026-04-15 07:26:36,638][anemoi.training.data.dataset][INFO] - Worker 3 (train, pid 393390, glob. rank 0, model comm group 0, group_rank 0, seed group id 0, base_seed 455000, sanity rnd 0.904419)
[2026-04-15 07:26:37,037][anemoi.training.data.dataset][INFO] - Worker 4 (pid 393438, global_rank 0, model comm group 0)  has low/high range 6632 / 8290
[2026-04-15 07:26:37,039][anemoi.training.data.dataset][INFO] - Worker 4 (train, pid 393438, glob. rank 0, model comm group 0, group_rank 0, seed group id 0, base_seed 455000, sanity rnd 0.904419)
[2026-04-15 07:26:37,339][anemoi.training.data.dataset][INFO] - Worker 5 (pid 393542, global_rank 0, model comm group 0)  has low/high range 8290 / 9948
[2026-04-15 07:26:37,435][anemoi.training.data.dataset][INFO] - Worker 5 (train, pid 393542, glob. rank 0, model comm group 0, group_rank 0, seed group id 0, base_seed 455000, sanity rnd 0.904419)
[2026-04-15 07:26:37,935][anemoi.training.data.dataset][INFO] - Worker 6 (pid 393641, global_rank 0, model comm group 0)  has low/high range 9948 / 11606
[2026-04-15 07:26:37,937][anemoi.training.data.dataset][INFO] - Worker 6 (train, pid 393641, glob. rank 0, model comm group 0, group_rank 0, seed group id 0, base_seed 455000, sanity rnd 0.904419)
[2026-04-15 07:26:38,435][anemoi.training.data.dataset][INFO] - Worker 7 (pid 393737, global_rank 0, model comm group 0)  has low/high range 11606 / 13264
[2026-04-15 07:26:38,437][anemoi.training.data.dataset][INFO] - Worker 7 (train, pid 393737, glob. rank 0, model comm group 0, group_rank 0, seed group id 0, base_seed 455000, sanity rnd 0.904419)
[2026-04-15 07:26:42,026][anemoi.training.data.datamodule][WARNING] - Falling back rollout to: 1
[2026-04-15 07:26:42,027][anemoi.training.data.dataset][INFO] - NativeGridDataset.set_group_info(): global_rank 0, model_comm_group_id 0, model_comm_group_rank 0, model_comm_num_groups 2, reader_group_rank 0
[2026-04-15 07:26:42,028][anemoi.models.data_indices.collection][INFO] - The order of the variables in the model matches the order in the data.
[2026-04-15 09:00:58,035][anemoi.training.data.dataset][INFO] - Worker 0 (pid 440764, global_rank 0, model comm group 0)  has low/high range 0 / 90
[2026-04-15 09:00:58,134][anemoi.training.data.dataset][INFO] - Worker 0 (validation, pid 440764, glob. rank 0, model comm group 0, group_rank 0, seed group id 0, base_seed 455000, sanity rnd 0.904419)
[2026-04-15 09:00:58,539][anemoi.training.data.dataset][INFO] - Worker 1 (pid 440860, global_rank 0, model comm group 0)  has low/high range 90 / 180
[2026-04-15 09:00:58,636][anemoi.training.data.dataset][INFO] - Worker 1 (validation, pid 440860, glob. rank 0, model comm group 0, group_rank 0, seed group id 0, base_seed 455000, sanity rnd 0.904419)
[2026-04-15 09:00:59,236][anemoi.training.data.dataset][INFO] - Worker 2 (pid 440956, global_rank 0, model comm group 0)  has low/high range 180 / 270
[2026-04-15 09:00:59,239][anemoi.training.data.dataset][INFO] - Worker 2 (validation, pid 440956, glob. rank 0, model comm group 0, group_rank 0, seed group id 0, base_seed 455000, sanity rnd 0.904419)
[2026-04-15 09:00:59,937][anemoi.training.data.dataset][INFO] - Worker 3 (pid 441055, global_rank 0, model comm group 0)  has low/high range 270 / 360
[2026-04-15 09:00:59,939][anemoi.training.data.dataset][INFO] - Worker 3 (validation, pid 441055, glob. rank 0, model comm group 0, group_rank 0, seed group id 0, base_seed 455000, sanity rnd 0.904419)
[2026-04-15 09:01:00,236][anemoi.training.data.dataset][INFO] - Worker 4 (pid 441151, global_rank 0, model comm group 0)  has low/high range 360 / 450
[2026-04-15 09:01:00,239][anemoi.training.data.dataset][INFO] - Worker 4 (validation, pid 441151, glob. rank 0, model comm group 0, group_rank 0, seed group id 0, base_seed 455000, sanity rnd 0.904419)
[2026-04-15 09:01:00,838][anemoi.training.data.dataset][INFO] - Worker 5 (pid 441247, global_rank 0, model comm group 0)  has low/high range 450 / 540
[2026-04-15 09:01:00,934][anemoi.training.data.dataset][INFO] - Worker 5 (validation, pid 441247, glob. rank 0, model comm group 0, group_rank 0, seed group id 0, base_seed 455000, sanity rnd 0.904419)
[2026-04-15 09:01:01,735][anemoi.training.data.dataset][INFO] - Worker 6 (pid 441349, global_rank 0, model comm group 0)  has low/high range 540 / 630
[2026-04-15 09:01:01,738][anemoi.training.data.dataset][INFO] - Worker 6 (validation, pid 441349, glob. rank 0, model comm group 0, group_rank 0, seed group id 0, base_seed 455000, sanity rnd 0.904419)
[2026-04-15 09:01:02,441][anemoi.training.data.dataset][INFO] - Worker 7 (pid 441448, global_rank 0, model comm group 0)  has low/high range 630 / 720
[2026-04-15 09:01:02,443][anemoi.training.data.dataset][INFO] - Worker 7 (validation, pid 441448, glob. rank 0, model comm group 0, group_rank 0, seed group id 0, base_seed 455000, sanity rnd 0.904419)
[2026-04-15 09:01:04,937][anemoi.models.data_indices.collection][INFO] - The order of the variables in the model matches the order in the data.
[2026-04-15 09:09:22,618][anemoi.utils.checkpoints][INFO] - Adding extra information to checkpoint /mnt/weatherloss/WindPower/training/EGU26/SyntheticGT/checkpoint/SyntheticGT/inference-anemoi-by_epoch-epoch_002-step_039792.ckpt
[2026-04-15 09:09:22,619][anemoi.utils.checkpoints][INFO] - Saving metadata to inference-anemoi-by_epoch-epoch_002-step_039792/anemoi-metadata/anemoi.json
[2026-04-15 09:09:22,621][anemoi.utils.checkpoints][INFO] - Saving supporting array `latitudes` to inference-anemoi-by_epoch-epoch_002-step_039792/anemoi-metadata/latitudes.numpy (shape=(82068,), dtype=float64)
[2026-04-15 09:09:22,622][anemoi.utils.checkpoints][INFO] - Saving supporting array `longitudes` to inference-anemoi-by_epoch-epoch_002-step_039792/anemoi-metadata/longitudes.numpy (shape=(82068,), dtype=float64)
[2026-04-15 09:09:22,623][anemoi.utils.checkpoints][INFO] - Saving supporting array `lam_0/cutout_mask` to inference-anemoi-by_epoch-epoch_002-step_039792/anemoi-metadata/lam_0/cutout_mask.numpy (shape=(72668,), dtype=bool)
[2026-04-15 09:09:22,623][anemoi.utils.checkpoints][INFO] - Saving supporting array `global/cutout_mask` to inference-anemoi-by_epoch-epoch_002-step_039792/anemoi-metadata/global/cutout_mask.numpy (shape=(13965,), dtype=bool)
[2026-04-15 09:09:22,623][anemoi.utils.checkpoints][INFO] - Saving supporting array `source0/latitudes` to inference-anemoi-by_epoch-epoch_002-step_039792/anemoi-metadata/source0/latitudes.numpy (shape=(72668,), dtype=float64)
[2026-04-15 09:09:22,624][anemoi.utils.checkpoints][INFO] - Saving supporting array `source0/longitudes` to inference-anemoi-by_epoch-epoch_002-step_039792/anemoi-metadata/source0/longitudes.numpy (shape=(72668,), dtype=float64)
[2026-04-15 09:09:22,625][anemoi.utils.checkpoints][INFO] - Saving supporting array `source1/latitudes` to inference-anemoi-by_epoch-epoch_002-step_039792/anemoi-metadata/source1/latitudes.numpy (shape=(13965,), dtype=float64)
[2026-04-15 09:09:22,625][anemoi.utils.checkpoints][INFO] - Saving supporting array `source1/longitudes` to inference-anemoi-by_epoch-epoch_002-step_039792/anemoi-metadata/source1/longitudes.numpy (shape=(13965,), dtype=float64)
[2026-04-15 09:09:22,625][anemoi.utils.checkpoints][INFO] - Saving supporting array `grid_indices` to inference-anemoi-by_epoch-epoch_002-step_039792/anemoi-metadata/grid_indices.numpy (shape=(77419,), dtype=int64)
[2026-04-15 09:09:23,722][anemoi.utils.checkpoints][INFO] - Adding extra information to checkpoint /mnt/weatherloss/WindPower/training/EGU26/SyntheticGT/checkpoint/SyntheticGT/anemoi-by_epoch-epoch_002-step_039792.ckpt
[2026-04-15 09:09:23,722][anemoi.utils.checkpoints][INFO] - Saving metadata to archive/anemoi-metadata/anemoi.json
[2026-04-15 09:09:23,724][anemoi.utils.checkpoints][INFO] - Saving supporting array `latitudes` to archive/anemoi-metadata/latitudes.numpy (shape=(82068,), dtype=float64)
[2026-04-15 09:09:23,724][anemoi.utils.checkpoints][INFO] - Saving supporting array `longitudes` to archive/anemoi-metadata/longitudes.numpy (shape=(82068,), dtype=float64)
[2026-04-15 09:09:23,725][anemoi.utils.checkpoints][INFO] - Saving supporting array `lam_0/cutout_mask` to archive/anemoi-metadata/lam_0/cutout_mask.numpy (shape=(72668,), dtype=bool)
[2026-04-15 09:09:23,725][anemoi.utils.checkpoints][INFO] - Saving supporting array `global/cutout_mask` to archive/anemoi-metadata/global/cutout_mask.numpy (shape=(13965,), dtype=bool)
[2026-04-15 09:09:23,725][anemoi.utils.checkpoints][INFO] - Saving supporting array `source0/latitudes` to archive/anemoi-metadata/source0/latitudes.numpy (shape=(72668,), dtype=float64)
[2026-04-15 09:09:23,726][anemoi.utils.checkpoints][INFO] - Saving supporting array `source0/longitudes` to archive/anemoi-metadata/source0/longitudes.numpy (shape=(72668,), dtype=float64)
[2026-04-15 09:09:23,726][anemoi.utils.checkpoints][INFO] - Saving supporting array `source1/latitudes` to archive/anemoi-metadata/source1/latitudes.numpy (shape=(13965,), dtype=float64)
[2026-04-15 09:09:23,726][anemoi.utils.checkpoints][INFO] - Saving supporting array `source1/longitudes` to archive/anemoi-metadata/source1/longitudes.numpy (shape=(13965,), dtype=float64)
[2026-04-15 09:09:23,727][anemoi.utils.checkpoints][INFO] - Saving supporting array `grid_indices` to archive/anemoi-metadata/grid_indices.numpy (shape=(77419,), dtype=int64)
[2026-04-15 09:09:23,940][anemoi.utils.checkpoints][INFO] - Adding extra information to checkpoint /mnt/weatherloss/WindPower/training/EGU26/SyntheticGT/checkpoint/SyntheticGT/inference-last.ckpt
[2026-04-15 09:09:23,940][anemoi.utils.checkpoints][INFO] - Saving metadata to inference-last/anemoi-metadata/anemoi.json
[2026-04-15 09:09:23,943][anemoi.utils.checkpoints][INFO] - Saving supporting array `latitudes` to inference-last/anemoi-metadata/latitudes.numpy (shape=(82068,), dtype=float64)
[2026-04-15 09:09:23,944][anemoi.utils.checkpoints][INFO] - Saving supporting array `longitudes` to inference-last/anemoi-metadata/longitudes.numpy (shape=(82068,), dtype=float64)
[2026-04-15 09:09:23,945][anemoi.utils.checkpoints][INFO] - Saving supporting array `lam_0/cutout_mask` to inference-last/anemoi-metadata/lam_0/cutout_mask.numpy (shape=(72668,), dtype=bool)
[2026-04-15 09:09:23,945][anemoi.utils.checkpoints][INFO] - Saving supporting array `global/cutout_mask` to inference-last/anemoi-metadata/global/cutout_mask.numpy (shape=(13965,), dtype=bool)
[2026-04-15 09:09:23,945][anemoi.utils.checkpoints][INFO] - Saving supporting array `source0/latitudes` to inference-last/anemoi-metadata/source0/latitudes.numpy (shape=(72668,), dtype=float64)
[2026-04-15 09:09:23,946][anemoi.utils.checkpoints][INFO] - Saving supporting array `source0/longitudes` to inference-last/anemoi-metadata/source0/longitudes.numpy (shape=(72668,), dtype=float64)
[2026-04-15 09:09:23,947][anemoi.utils.checkpoints][INFO] - Saving supporting array `source1/latitudes` to inference-last/anemoi-metadata/source1/latitudes.numpy (shape=(13965,), dtype=float64)
[2026-04-15 09:09:23,947][anemoi.utils.checkpoints][INFO] - Saving supporting array `source1/longitudes` to inference-last/anemoi-metadata/source1/longitudes.numpy (shape=(13965,), dtype=float64)
[2026-04-15 09:09:23,948][anemoi.utils.checkpoints][INFO] - Saving supporting array `grid_indices` to inference-last/anemoi-metadata/grid_indices.numpy (shape=(77419,), dtype=int64)
[2026-04-15 09:09:25,109][anemoi.utils.checkpoints][INFO] - Adding extra information to checkpoint /mnt/weatherloss/WindPower/training/EGU26/SyntheticGT/checkpoint/SyntheticGT/last.ckpt
[2026-04-15 09:09:25,109][anemoi.utils.checkpoints][INFO] - Saving metadata to archive/anemoi-metadata/anemoi.json
[2026-04-15 09:09:25,111][anemoi.utils.checkpoints][INFO] - Saving supporting array `latitudes` to archive/anemoi-metadata/latitudes.numpy (shape=(82068,), dtype=float64)
[2026-04-15 09:09:25,112][anemoi.utils.checkpoints][INFO] - Saving supporting array `longitudes` to archive/anemoi-metadata/longitudes.numpy (shape=(82068,), dtype=float64)
[2026-04-15 09:09:25,113][anemoi.utils.checkpoints][INFO] - Saving supporting array `lam_0/cutout_mask` to archive/anemoi-metadata/lam_0/cutout_mask.numpy (shape=(72668,), dtype=bool)
[2026-04-15 09:09:25,113][anemoi.utils.checkpoints][INFO] - Saving supporting array `global/cutout_mask` to archive/anemoi-metadata/global/cutout_mask.numpy (shape=(13965,), dtype=bool)
[2026-04-15 09:09:25,113][anemoi.utils.checkpoints][INFO] - Saving supporting array `source0/latitudes` to archive/anemoi-metadata/source0/latitudes.numpy (shape=(72668,), dtype=float64)
[2026-04-15 09:09:25,113][anemoi.utils.checkpoints][INFO] - Saving supporting array `source0/longitudes` to archive/anemoi-metadata/source0/longitudes.numpy (shape=(72668,), dtype=float64)
[2026-04-15 09:09:25,114][anemoi.utils.checkpoints][INFO] - Saving supporting array `source1/latitudes` to archive/anemoi-metadata/source1/latitudes.numpy (shape=(13965,), dtype=float64)
[2026-04-15 09:09:25,114][anemoi.utils.checkpoints][INFO] - Saving supporting array `source1/longitudes` to archive/anemoi-metadata/source1/longitudes.numpy (shape=(13965,), dtype=float64)
[2026-04-15 09:09:25,114][anemoi.utils.checkpoints][INFO] - Saving supporting array `grid_indices` to archive/anemoi-metadata/grid_indices.numpy (shape=(77419,), dtype=int64)
[2026-04-15 10:08:33,340][anemoi.models.data_indices.collection][INFO] - The order of the variables in the model matches the order in the data.
[2026-04-15 10:11:00,394][anemoi.utils.checkpoints][INFO] - Adding extra information to checkpoint /mnt/weatherloss/WindPower/training/EGU26/SyntheticGT/checkpoint/SyntheticGT/inference-anemoi-by_epoch-epoch_003-step_053056.ckpt
[2026-04-15 10:11:00,394][anemoi.utils.checkpoints][INFO] - Saving metadata to inference-anemoi-by_epoch-epoch_003-step_053056/anemoi-metadata/anemoi.json
[2026-04-15 10:11:00,396][anemoi.utils.checkpoints][INFO] - Saving supporting array `latitudes` to inference-anemoi-by_epoch-epoch_003-step_053056/anemoi-metadata/latitudes.numpy (shape=(82068,), dtype=float64)
[2026-04-15 10:11:00,397][anemoi.utils.checkpoints][INFO] - Saving supporting array `longitudes` to inference-anemoi-by_epoch-epoch_003-step_053056/anemoi-metadata/longitudes.numpy (shape=(82068,), dtype=float64)
[2026-04-15 10:11:00,398][anemoi.utils.checkpoints][INFO] - Saving supporting array `lam_0/cutout_mask` to inference-anemoi-by_epoch-epoch_003-step_053056/anemoi-metadata/lam_0/cutout_mask.numpy (shape=(72668,), dtype=bool)
[2026-04-15 10:11:00,398][anemoi.utils.checkpoints][INFO] - Saving supporting array `global/cutout_mask` to inference-anemoi-by_epoch-epoch_003-step_053056/anemoi-metadata/global/cutout_mask.numpy (shape=(13965,), dtype=bool)
[2026-04-15 10:11:00,398][anemoi.utils.checkpoints][INFO] - Saving supporting array `source0/latitudes` to inference-anemoi-by_epoch-epoch_003-step_053056/anemoi-metadata/source0/latitudes.numpy (shape=(72668,), dtype=float64)
[2026-04-15 10:11:00,399][anemoi.utils.checkpoints][INFO] - Saving supporting array `source0/longitudes` to inference-anemoi-by_epoch-epoch_003-step_053056/anemoi-metadata/source0/longitudes.numpy (shape=(72668,), dtype=float64)
[2026-04-15 10:11:00,400][anemoi.utils.checkpoints][INFO] - Saving supporting array `source1/latitudes` to inference-anemoi-by_epoch-epoch_003-step_053056/anemoi-metadata/source1/latitudes.numpy (shape=(13965,), dtype=float64)
[2026-04-15 10:11:00,400][anemoi.utils.checkpoints][INFO] - Saving supporting array `source1/longitudes` to inference-anemoi-by_epoch-epoch_003-step_053056/anemoi-metadata/source1/longitudes.numpy (shape=(13965,), dtype=float64)
[2026-04-15 10:11:00,400][anemoi.utils.checkpoints][INFO] - Saving supporting array `grid_indices` to inference-anemoi-by_epoch-epoch_003-step_053056/anemoi-metadata/grid_indices.numpy (shape=(77419,), dtype=int64)
[2026-04-15 10:11:01,641][anemoi.utils.checkpoints][INFO] - Adding extra information to checkpoint /mnt/weatherloss/WindPower/training/EGU26/SyntheticGT/checkpoint/SyntheticGT/anemoi-by_epoch-epoch_003-step_053056.ckpt
[2026-04-15 10:11:01,641][anemoi.utils.checkpoints][INFO] - Saving metadata to archive/anemoi-metadata/anemoi.json
[2026-04-15 10:11:01,643][anemoi.utils.checkpoints][INFO] - Saving supporting array `latitudes` to archive/anemoi-metadata/latitudes.numpy (shape=(82068,), dtype=float64)
[2026-04-15 10:11:01,644][anemoi.utils.checkpoints][INFO] - Saving supporting array `longitudes` to archive/anemoi-metadata/longitudes.numpy (shape=(82068,), dtype=float64)
[2026-04-15 10:11:01,644][anemoi.utils.checkpoints][INFO] - Saving supporting array `lam_0/cutout_mask` to archive/anemoi-metadata/lam_0/cutout_mask.numpy (shape=(72668,), dtype=bool)
[2026-04-15 10:11:01,645][anemoi.utils.checkpoints][INFO] - Saving supporting array `global/cutout_mask` to archive/anemoi-metadata/global/cutout_mask.numpy (shape=(13965,), dtype=bool)
[2026-04-15 10:11:01,645][anemoi.utils.checkpoints][INFO] - Saving supporting array `source0/latitudes` to archive/anemoi-metadata/source0/latitudes.numpy (shape=(72668,), dtype=float64)
[2026-04-15 10:11:01,645][anemoi.utils.checkpoints][INFO] - Saving supporting array `source0/longitudes` to archive/anemoi-metadata/source0/longitudes.numpy (shape=(72668,), dtype=float64)
[2026-04-15 10:11:01,646][anemoi.utils.checkpoints][INFO] - Saving supporting array `source1/latitudes` to archive/anemoi-metadata/source1/latitudes.numpy (shape=(13965,), dtype=float64)
[2026-04-15 10:11:01,646][anemoi.utils.checkpoints][INFO] - Saving supporting array `source1/longitudes` to archive/anemoi-metadata/source1/longitudes.numpy (shape=(13965,), dtype=float64)
[2026-04-15 10:11:01,647][anemoi.utils.checkpoints][INFO] - Saving supporting array `grid_indices` to archive/anemoi-metadata/grid_indices.numpy (shape=(77419,), dtype=int64)
[2026-04-15 10:11:01,880][anemoi.utils.checkpoints][INFO] - Adding extra information to checkpoint /mnt/weatherloss/WindPower/training/EGU26/SyntheticGT/checkpoint/SyntheticGT/inference-last.ckpt
[2026-04-15 10:11:01,880][anemoi.utils.checkpoints][INFO] - Saving metadata to inference-last/anemoi-metadata/anemoi.json
[2026-04-15 10:11:01,882][anemoi.utils.checkpoints][INFO] - Saving supporting array `latitudes` to inference-last/anemoi-metadata/latitudes.numpy (shape=(82068,), dtype=float64)
[2026-04-15 10:11:01,882][anemoi.utils.checkpoints][INFO] - Saving supporting array `longitudes` to inference-last/anemoi-metadata/longitudes.numpy (shape=(82068,), dtype=float64)
[2026-04-15 10:11:01,883][anemoi.utils.checkpoints][INFO] - Saving supporting array `lam_0/cutout_mask` to inference-last/anemoi-metadata/lam_0/cutout_mask.numpy (shape=(72668,), dtype=bool)
[2026-04-15 10:11:01,883][anemoi.utils.checkpoints][INFO] - Saving supporting array `global/cutout_mask` to inference-last/anemoi-metadata/global/cutout_mask.numpy (shape=(13965,), dtype=bool)
[2026-04-15 10:11:01,884][anemoi.utils.checkpoints][INFO] - Saving supporting array `source0/latitudes` to inference-last/anemoi-metadata/source0/latitudes.numpy (shape=(72668,), dtype=float64)
[2026-04-15 10:11:01,884][anemoi.utils.checkpoints][INFO] - Saving supporting array `source0/longitudes` to inference-last/anemoi-metadata/source0/longitudes.numpy (shape=(72668,), dtype=float64)
[2026-04-15 10:11:01,885][anemoi.utils.checkpoints][INFO] - Saving supporting array `source1/latitudes` to inference-last/anemoi-metadata/source1/latitudes.numpy (shape=(13965,), dtype=float64)
[2026-04-15 10:11:01,885][anemoi.utils.checkpoints][INFO] - Saving supporting array `source1/longitudes` to inference-last/anemoi-metadata/source1/longitudes.numpy (shape=(13965,), dtype=float64)
[2026-04-15 10:11:01,885][anemoi.utils.checkpoints][INFO] - Saving supporting array `grid_indices` to inference-last/anemoi-metadata/grid_indices.numpy (shape=(77419,), dtype=int64)
[2026-04-15 10:11:03,177][anemoi.utils.checkpoints][INFO] - Adding extra information to checkpoint /mnt/weatherloss/WindPower/training/EGU26/SyntheticGT/checkpoint/SyntheticGT/last.ckpt
[2026-04-15 10:11:03,177][anemoi.utils.checkpoints][INFO] - Saving metadata to archive/anemoi-metadata/anemoi.json
[2026-04-15 10:11:03,179][anemoi.utils.checkpoints][INFO] - Saving supporting array `latitudes` to archive/anemoi-metadata/latitudes.numpy (shape=(82068,), dtype=float64)
[2026-04-15 10:11:03,179][anemoi.utils.checkpoints][INFO] - Saving supporting array `longitudes` to archive/anemoi-metadata/longitudes.numpy (shape=(82068,), dtype=float64)
[2026-04-15 10:11:03,180][anemoi.utils.checkpoints][INFO] - Saving supporting array `lam_0/cutout_mask` to archive/anemoi-metadata/lam_0/cutout_mask.numpy (shape=(72668,), dtype=bool)
[2026-04-15 10:11:03,181][anemoi.utils.checkpoints][INFO] - Saving supporting array `global/cutout_mask` to archive/anemoi-metadata/global/cutout_mask.numpy (shape=(13965,), dtype=bool)
[2026-04-15 10:11:03,181][anemoi.utils.checkpoints][INFO] - Saving supporting array `source0/latitudes` to archive/anemoi-metadata/source0/latitudes.numpy (shape=(72668,), dtype=float64)
[2026-04-15 10:11:03,182][anemoi.utils.checkpoints][INFO] - Saving supporting array `source0/longitudes` to archive/anemoi-metadata/source0/longitudes.numpy (shape=(72668,), dtype=float64)
[2026-04-15 10:11:03,182][anemoi.utils.checkpoints][INFO] - Saving supporting array `source1/latitudes` to archive/anemoi-metadata/source1/latitudes.numpy (shape=(13965,), dtype=float64)
[2026-04-15 10:11:03,183][anemoi.utils.checkpoints][INFO] - Saving supporting array `source1/longitudes` to archive/anemoi-metadata/source1/longitudes.numpy (shape=(13965,), dtype=float64)
[2026-04-15 10:11:03,183][anemoi.utils.checkpoints][INFO] - Saving supporting array `grid_indices` to archive/anemoi-metadata/grid_indices.numpy (shape=(77419,), dtype=int64)
[2026-04-15 12:14:57,947][anemoi.models.data_indices.collection][INFO] - The order of the variables in the model matches the order in the data.
[2026-04-15 12:25:47,653][anemoi.utils.checkpoints][INFO] - Adding extra information to checkpoint /mnt/weatherloss/WindPower/training/EGU26/SyntheticGT/checkpoint/SyntheticGT/inference-anemoi-by_epoch-epoch_004-step_066320.ckpt
[2026-04-15 12:25:47,653][anemoi.utils.checkpoints][INFO] - Saving metadata to inference-anemoi-by_epoch-epoch_004-step_066320/anemoi-metadata/anemoi.json
[2026-04-15 12:25:47,655][anemoi.utils.checkpoints][INFO] - Saving supporting array `latitudes` to inference-anemoi-by_epoch-epoch_004-step_066320/anemoi-metadata/latitudes.numpy (shape=(82068,), dtype=float64)
[2026-04-15 12:25:47,657][anemoi.utils.checkpoints][INFO] - Saving supporting array `longitudes` to inference-anemoi-by_epoch-epoch_004-step_066320/anemoi-metadata/longitudes.numpy (shape=(82068,), dtype=float64)
[2026-04-15 12:25:47,657][anemoi.utils.checkpoints][INFO] - Saving supporting array `lam_0/cutout_mask` to inference-anemoi-by_epoch-epoch_004-step_066320/anemoi-metadata/lam_0/cutout_mask.numpy (shape=(72668,), dtype=bool)
[2026-04-15 12:25:47,658][anemoi.utils.checkpoints][INFO] - Saving supporting array `global/cutout_mask` to inference-anemoi-by_epoch-epoch_004-step_066320/anemoi-metadata/global/cutout_mask.numpy (shape=(13965,), dtype=bool)
[2026-04-15 12:25:47,658][anemoi.utils.checkpoints][INFO] - Saving supporting array `source0/latitudes` to inference-anemoi-by_epoch-epoch_004-step_066320/anemoi-metadata/source0/latitudes.numpy (shape=(72668,), dtype=float64)
[2026-04-15 12:25:47,658][anemoi.utils.checkpoints][INFO] - Saving supporting array `source0/longitudes` to inference-anemoi-by_epoch-epoch_004-step_066320/anemoi-metadata/source0/longitudes.numpy (shape=(72668,), dtype=float64)
[2026-04-15 12:25:47,659][anemoi.utils.checkpoints][INFO] - Saving supporting array `source1/latitudes` to inference-anemoi-by_epoch-epoch_004-step_066320/anemoi-metadata/source1/latitudes.numpy (shape=(13965,), dtype=float64)
[2026-04-15 12:25:47,659][anemoi.utils.checkpoints][INFO] - Saving supporting array `source1/longitudes` to inference-anemoi-by_epoch-epoch_004-step_066320/anemoi-metadata/source1/longitudes.numpy (shape=(13965,), dtype=float64)
[2026-04-15 12:25:47,659][anemoi.utils.checkpoints][INFO] - Saving supporting array `grid_indices` to inference-anemoi-by_epoch-epoch_004-step_066320/anemoi-metadata/grid_indices.numpy (shape=(77419,), dtype=int64)
[2026-04-15 12:25:48,975][anemoi.utils.checkpoints][INFO] - Adding extra information to checkpoint /mnt/weatherloss/WindPower/training/EGU26/SyntheticGT/checkpoint/SyntheticGT/anemoi-by_epoch-epoch_004-step_066320.ckpt
[2026-04-15 12:25:48,975][anemoi.utils.checkpoints][INFO] - Saving metadata to archive/anemoi-metadata/anemoi.json
[2026-04-15 12:25:48,978][anemoi.utils.checkpoints][INFO] - Saving supporting array `latitudes` to archive/anemoi-metadata/latitudes.numpy (shape=(82068,), dtype=float64)
[2026-04-15 12:25:48,979][anemoi.utils.checkpoints][INFO] - Saving supporting array `longitudes` to archive/anemoi-metadata/longitudes.numpy (shape=(82068,), dtype=float64)
[2026-04-15 12:25:48,980][anemoi.utils.checkpoints][INFO] - Saving supporting array `lam_0/cutout_mask` to archive/anemoi-metadata/lam_0/cutout_mask.numpy (shape=(72668,), dtype=bool)
[2026-04-15 12:25:48,980][anemoi.utils.checkpoints][INFO] - Saving supporting array `global/cutout_mask` to archive/anemoi-metadata/global/cutout_mask.numpy (shape=(13965,), dtype=bool)
[2026-04-15 12:25:48,980][anemoi.utils.checkpoints][INFO] - Saving supporting array `source0/latitudes` to archive/anemoi-metadata/source0/latitudes.numpy (shape=(72668,), dtype=float64)
[2026-04-15 12:25:48,981][anemoi.utils.checkpoints][INFO] - Saving supporting array `source0/longitudes` to archive/anemoi-metadata/source0/longitudes.numpy (shape=(72668,), dtype=float64)
[2026-04-15 12:25:48,982][anemoi.utils.checkpoints][INFO] - Saving supporting array `source1/latitudes` to archive/anemoi-metadata/source1/latitudes.numpy (shape=(13965,), dtype=float64)
[2026-04-15 12:25:48,982][anemoi.utils.checkpoints][INFO] - Saving supporting array `source1/longitudes` to archive/anemoi-metadata/source1/longitudes.numpy (shape=(13965,), dtype=float64)
[2026-04-15 12:25:48,982][anemoi.utils.checkpoints][INFO] - Saving supporting array `grid_indices` to archive/anemoi-metadata/grid_indices.numpy (shape=(77419,), dtype=int64)
[2026-04-15 12:25:49,300][anemoi.utils.checkpoints][INFO] - Adding extra information to checkpoint /mnt/weatherloss/WindPower/training/EGU26/SyntheticGT/checkpoint/SyntheticGT/inference-last.ckpt
[2026-04-15 12:25:49,300][anemoi.utils.checkpoints][INFO] - Saving metadata to inference-last/anemoi-metadata/anemoi.json
[2026-04-15 12:25:49,302][anemoi.utils.checkpoints][INFO] - Saving supporting array `latitudes` to inference-last/anemoi-metadata/latitudes.numpy (shape=(82068,), dtype=float64)
[2026-04-15 12:25:49,303][anemoi.utils.checkpoints][INFO] - Saving supporting array `longitudes` to inference-last/anemoi-metadata/longitudes.numpy (shape=(82068,), dtype=float64)
[2026-04-15 12:25:49,304][anemoi.utils.checkpoints][INFO] - Saving supporting array `lam_0/cutout_mask` to inference-last/anemoi-metadata/lam_0/cutout_mask.numpy (shape=(72668,), dtype=bool)
[2026-04-15 12:25:49,304][anemoi.utils.checkpoints][INFO] - Saving supporting array `global/cutout_mask` to inference-last/anemoi-metadata/global/cutout_mask.numpy (shape=(13965,), dtype=bool)
[2026-04-15 12:25:49,304][anemoi.utils.checkpoints][INFO] - Saving supporting array `source0/latitudes` to inference-last/anemoi-metadata/source0/latitudes.numpy (shape=(72668,), dtype=float64)
[2026-04-15 12:25:49,305][anemoi.utils.checkpoints][INFO] - Saving supporting array `source0/longitudes` to inference-last/anemoi-metadata/source0/longitudes.numpy (shape=(72668,), dtype=float64)
[2026-04-15 12:25:49,306][anemoi.utils.checkpoints][INFO] - Saving supporting array `source1/latitudes` to inference-last/anemoi-metadata/source1/latitudes.numpy (shape=(13965,), dtype=float64)
[2026-04-15 12:25:49,306][anemoi.utils.checkpoints][INFO] - Saving supporting array `source1/longitudes` to inference-last/anemoi-metadata/source1/longitudes.numpy (shape=(13965,), dtype=float64)
[2026-04-15 12:25:49,306][anemoi.utils.checkpoints][INFO] - Saving supporting array `grid_indices` to inference-last/anemoi-metadata/grid_indices.numpy (shape=(77419,), dtype=int64)
[2026-04-15 12:25:50,913][anemoi.utils.checkpoints][INFO] - Adding extra information to checkpoint /mnt/weatherloss/WindPower/training/EGU26/SyntheticGT/checkpoint/SyntheticGT/last.ckpt
[2026-04-15 12:25:50,913][anemoi.utils.checkpoints][INFO] - Saving metadata to archive/anemoi-metadata/anemoi.json
[2026-04-15 12:25:50,915][anemoi.utils.checkpoints][INFO] - Saving supporting array `latitudes` to archive/anemoi-metadata/latitudes.numpy (shape=(82068,), dtype=float64)
[2026-04-15 12:25:50,916][anemoi.utils.checkpoints][INFO] - Saving supporting array `longitudes` to archive/anemoi-metadata/longitudes.numpy (shape=(82068,), dtype=float64)
[2026-04-15 12:25:50,917][anemoi.utils.checkpoints][INFO] - Saving supporting array `lam_0/cutout_mask` to archive/anemoi-metadata/lam_0/cutout_mask.numpy (shape=(72668,), dtype=bool)
[2026-04-15 12:25:50,917][anemoi.utils.checkpoints][INFO] - Saving supporting array `global/cutout_mask` to archive/anemoi-metadata/global/cutout_mask.numpy (shape=(13965,), dtype=bool)
[2026-04-15 12:25:50,917][anemoi.utils.checkpoints][INFO] - Saving supporting array `source0/latitudes` to archive/anemoi-metadata/source0/latitudes.numpy (shape=(72668,), dtype=float64)
[2026-04-15 12:25:50,918][anemoi.utils.checkpoints][INFO] - Saving supporting array `source0/longitudes` to archive/anemoi-metadata/source0/longitudes.numpy (shape=(72668,), dtype=float64)
[2026-04-15 12:25:50,919][anemoi.utils.checkpoints][INFO] - Saving supporting array `source1/latitudes` to archive/anemoi-metadata/source1/latitudes.numpy (shape=(13965,), dtype=float64)
[2026-04-15 12:25:50,919][anemoi.utils.checkpoints][INFO] - Saving supporting array `source1/longitudes` to archive/anemoi-metadata/source1/longitudes.numpy (shape=(13965,), dtype=float64)
[2026-04-15 12:25:50,919][anemoi.utils.checkpoints][INFO] - Saving supporting array `grid_indices` to archive/anemoi-metadata/grid_indices.numpy (shape=(77419,), dtype=int64)
[2026-04-15 14:09:46,540][anemoi.models.data_indices.collection][INFO] - The order of the variables in the model matches the order in the data.
[2026-04-15 14:12:04,873][anemoi.utils.checkpoints][INFO] - Adding extra information to checkpoint /mnt/weatherloss/WindPower/training/EGU26/SyntheticGT/checkpoint/SyntheticGT/inference-anemoi-by_epoch-epoch_005-step_079584.ckpt
[2026-04-15 14:12:04,873][anemoi.utils.checkpoints][INFO] - Saving metadata to inference-anemoi-by_epoch-epoch_005-step_079584/anemoi-metadata/anemoi.json
[2026-04-15 14:12:04,875][anemoi.utils.checkpoints][INFO] - Saving supporting array `latitudes` to inference-anemoi-by_epoch-epoch_005-step_079584/anemoi-metadata/latitudes.numpy (shape=(82068,), dtype=float64)
[2026-04-15 14:12:04,876][anemoi.utils.checkpoints][INFO] - Saving supporting array `longitudes` to inference-anemoi-by_epoch-epoch_005-step_079584/anemoi-metadata/longitudes.numpy (shape=(82068,), dtype=float64)
[2026-04-15 14:12:04,877][anemoi.utils.checkpoints][INFO] - Saving supporting array `lam_0/cutout_mask` to inference-anemoi-by_epoch-epoch_005-step_079584/anemoi-metadata/lam_0/cutout_mask.numpy (shape=(72668,), dtype=bool)
[2026-04-15 14:12:04,877][anemoi.utils.checkpoints][INFO] - Saving supporting array `global/cutout_mask` to inference-anemoi-by_epoch-epoch_005-step_079584/anemoi-metadata/global/cutout_mask.numpy (shape=(13965,), dtype=bool)
[2026-04-15 14:12:04,877][anemoi.utils.checkpoints][INFO] - Saving supporting array `source0/latitudes` to inference-anemoi-by_epoch-epoch_005-step_079584/anemoi-metadata/source0/latitudes.numpy (shape=(72668,), dtype=float64)
[2026-04-15 14:12:04,878][anemoi.utils.checkpoints][INFO] - Saving supporting array `source0/longitudes` to inference-anemoi-by_epoch-epoch_005-step_079584/anemoi-metadata/source0/longitudes.numpy (shape=(72668,), dtype=float64)
[2026-04-15 14:12:04,878][anemoi.utils.checkpoints][INFO] - Saving supporting array `source1/latitudes` to inference-anemoi-by_epoch-epoch_005-step_079584/anemoi-metadata/source1/latitudes.numpy (shape=(13965,), dtype=float64)
[2026-04-15 14:12:04,878][anemoi.utils.checkpoints][INFO] - Saving supporting array `source1/longitudes` to inference-anemoi-by_epoch-epoch_005-step_079584/anemoi-metadata/source1/longitudes.numpy (shape=(13965,), dtype=float64)
[2026-04-15 14:12:04,879][anemoi.utils.checkpoints][INFO] - Saving supporting array `grid_indices` to inference-anemoi-by_epoch-epoch_005-step_079584/anemoi-metadata/grid_indices.numpy (shape=(77419,), dtype=int64)
[2026-04-15 14:12:06,018][anemoi.utils.checkpoints][INFO] - Adding extra information to checkpoint /mnt/weatherloss/WindPower/training/EGU26/SyntheticGT/checkpoint/SyntheticGT/anemoi-by_epoch-epoch_005-step_079584.ckpt
[2026-04-15 14:12:06,018][anemoi.utils.checkpoints][INFO] - Saving metadata to archive/anemoi-metadata/anemoi.json
[2026-04-15 14:12:06,020][anemoi.utils.checkpoints][INFO] - Saving supporting array `latitudes` to archive/anemoi-metadata/latitudes.numpy (shape=(82068,), dtype=float64)
[2026-04-15 14:12:06,021][anemoi.utils.checkpoints][INFO] - Saving supporting array `longitudes` to archive/anemoi-metadata/longitudes.numpy (shape=(82068,), dtype=float64)
[2026-04-15 14:12:06,022][anemoi.utils.checkpoints][INFO] - Saving supporting array `lam_0/cutout_mask` to archive/anemoi-metadata/lam_0/cutout_mask.numpy (shape=(72668,), dtype=bool)
[2026-04-15 14:12:06,022][anemoi.utils.checkpoints][INFO] - Saving supporting array `global/cutout_mask` to archive/anemoi-metadata/global/cutout_mask.numpy (shape=(13965,), dtype=bool)
[2026-04-15 14:12:06,022][anemoi.utils.checkpoints][INFO] - Saving supporting array `source0/latitudes` to archive/anemoi-metadata/source0/latitudes.numpy (shape=(72668,), dtype=float64)
[2026-04-15 14:12:06,022][anemoi.utils.checkpoints][INFO] - Saving supporting array `source0/longitudes` to archive/anemoi-metadata/source0/longitudes.numpy (shape=(72668,), dtype=float64)
[2026-04-15 14:12:06,023][anemoi.utils.checkpoints][INFO] - Saving supporting array `source1/latitudes` to archive/anemoi-metadata/source1/latitudes.numpy (shape=(13965,), dtype=float64)
[2026-04-15 14:12:06,023][anemoi.utils.checkpoints][INFO] - Saving supporting array `source1/longitudes` to archive/anemoi-metadata/source1/longitudes.numpy (shape=(13965,), dtype=float64)
[2026-04-15 14:12:06,023][anemoi.utils.checkpoints][INFO] - Saving supporting array `grid_indices` to archive/anemoi-metadata/grid_indices.numpy (shape=(77419,), dtype=int64)
[2026-04-15 14:12:06,257][anemoi.utils.checkpoints][INFO] - Adding extra information to checkpoint /mnt/weatherloss/WindPower/training/EGU26/SyntheticGT/checkpoint/SyntheticGT/inference-last.ckpt
[2026-04-15 14:12:06,257][anemoi.utils.checkpoints][INFO] - Saving metadata to inference-last/anemoi-metadata/anemoi.json
[2026-04-15 14:12:06,259][anemoi.utils.checkpoints][INFO] - Saving supporting array `latitudes` to inference-last/anemoi-metadata/latitudes.numpy (shape=(82068,), dtype=float64)
[2026-04-15 14:12:06,260][anemoi.utils.checkpoints][INFO] - Saving supporting array `longitudes` to inference-last/anemoi-metadata/longitudes.numpy (shape=(82068,), dtype=float64)
[2026-04-15 14:12:06,261][anemoi.utils.checkpoints][INFO] - Saving supporting array `lam_0/cutout_mask` to inference-last/anemoi-metadata/lam_0/cutout_mask.numpy (shape=(72668,), dtype=bool)
[2026-04-15 14:12:06,261][anemoi.utils.checkpoints][INFO] - Saving supporting array `global/cutout_mask` to inference-last/anemoi-metadata/global/cutout_mask.numpy (shape=(13965,), dtype=bool)
[2026-04-15 14:12:06,261][anemoi.utils.checkpoints][INFO] - Saving supporting array `source0/latitudes` to inference-last/anemoi-metadata/source0/latitudes.numpy (shape=(72668,), dtype=float64)
[2026-04-15 14:12:06,262][anemoi.utils.checkpoints][INFO] - Saving supporting array `source0/longitudes` to inference-last/anemoi-metadata/source0/longitudes.numpy (shape=(72668,), dtype=float64)
[2026-04-15 14:12:06,263][anemoi.utils.checkpoints][INFO] - Saving supporting array `source1/latitudes` to inference-last/anemoi-metadata/source1/latitudes.numpy (shape=(13965,), dtype=float64)
[2026-04-15 14:12:06,263][anemoi.utils.checkpoints][INFO] - Saving supporting array `source1/longitudes` to inference-last/anemoi-metadata/source1/longitudes.numpy (shape=(13965,), dtype=float64)
[2026-04-15 14:12:06,263][anemoi.utils.checkpoints][INFO] - Saving supporting array `grid_indices` to inference-last/anemoi-metadata/grid_indices.numpy (shape=(77419,), dtype=int64)
[2026-04-15 14:12:07,571][anemoi.utils.checkpoints][INFO] - Adding extra information to checkpoint /mnt/weatherloss/WindPower/training/EGU26/SyntheticGT/checkpoint/SyntheticGT/last.ckpt
[2026-04-15 14:12:07,571][anemoi.utils.checkpoints][INFO] - Saving metadata to archive/anemoi-metadata/anemoi.json
[2026-04-15 14:12:07,574][anemoi.utils.checkpoints][INFO] - Saving supporting array `latitudes` to archive/anemoi-metadata/latitudes.numpy (shape=(82068,), dtype=float64)
[2026-04-15 14:12:07,575][anemoi.utils.checkpoints][INFO] - Saving supporting array `longitudes` to archive/anemoi-metadata/longitudes.numpy (shape=(82068,), dtype=float64)
[2026-04-15 14:12:07,576][anemoi.utils.checkpoints][INFO] - Saving supporting array `lam_0/cutout_mask` to archive/anemoi-metadata/lam_0/cutout_mask.numpy (shape=(72668,), dtype=bool)
[2026-04-15 14:12:07,576][anemoi.utils.checkpoints][INFO] - Saving supporting array `global/cutout_mask` to archive/anemoi-metadata/global/cutout_mask.numpy (shape=(13965,), dtype=bool)
[2026-04-15 14:12:07,576][anemoi.utils.checkpoints][INFO] - Saving supporting array `source0/latitudes` to archive/anemoi-metadata/source0/latitudes.numpy (shape=(72668,), dtype=float64)
[2026-04-15 14:12:07,577][anemoi.utils.checkpoints][INFO] - Saving supporting array `source0/longitudes` to archive/anemoi-metadata/source0/longitudes.numpy (shape=(72668,), dtype=float64)
[2026-04-15 14:12:07,578][anemoi.utils.checkpoints][INFO] - Saving supporting array `source1/latitudes` to archive/anemoi-metadata/source1/latitudes.numpy (shape=(13965,), dtype=float64)
[2026-04-15 14:12:07,578][anemoi.utils.checkpoints][INFO] - Saving supporting array `source1/longitudes` to archive/anemoi-metadata/source1/longitudes.numpy (shape=(13965,), dtype=float64)
[2026-04-15 14:12:07,578][anemoi.utils.checkpoints][INFO] - Saving supporting array `grid_indices` to archive/anemoi-metadata/grid_indices.numpy (shape=(77419,), dtype=int64)
[2026-04-15 14:12:15,634][pytorch_lightning.utilities.rank_zero][INFO] - 
Detected KeyboardInterrupt, attempting graceful shutdown ...
