[2026-04-15 07:25:03,733][anemoi.training.train.train][INFO] - Skipping config validation.
[2026-04-15 07:25:03,733][anemoi.training.train.train][INFO] - Starting from checkpoint: True
[2026-04-15 07:25:03,733][anemoi.training.train.train][INFO] - Run id: SyntheticGT
[2026-04-15 07:25:03,733][anemoi.training.train.train][INFO] - Checkpoints path: {'root': PosixPath('/mnt/weatherloss/WindPower/training/EGU26/SyntheticGT/checkpoint/SyntheticGT'), 'every_n_epochs': 'anemoi-by_epoch-epoch_{epoch:03d}-step_{step:06d}', 'every_n_train_steps': 'anemoi-by_step-epoch_{epoch:03d}-step_{step:06d}', 'every_n_minutes': 'anemoi-by_time-epoch_{epoch:03d}-step_{step:06d}'}
[2026-04-15 07:25:03,733][anemoi.training.train.train][INFO] - Plots path: /mnt/weatherloss/WindPower/training/EGU26/SyntheticGT/plots/SyntheticGT
[2026-04-15 07:25:04,215][anemoi.graphs.nodes.builders.from_file][INFO] - Reading the dataset from {'cutout': [{'dataset': '/mnt/weatherloss/WindPower/data/EGU26/Anemoidatasets/NewFilled_Cerra_A_large.zarr'}, {'dataset': '/mnt/weatherloss/WindPower/data/EGU26/Anemoidatasets/era5_A_large.zarr'}], 'min_distance_km': 0, 'adjust': 'all'}.
[2026-04-15 07:25:05,959][anemoi.graphs.generate.masks][INFO] - Fitting KNNAreaMaskBuilder with 72668 reference nodes from "data (cutout)".
[2026-04-15 07:25:21,497][anemoi.graphs.edges.builders.knn][INFO] - Using KNN-Edges (with 12 nearest neighbours) between data and hidden.
[2026-04-15 07:25:21,536][anemoi.graphs.edges.builders.base][WARNING] - The 'torch-cluster' library is not installed.
Installing 'torch-cluster' can significantly improve performance for graph creation.
You can install it using:
    TORCH_VERSION=$(python -c "import torch; print(torch.__version__)")
    pip install torch-cluster -f https://data.pyg.org/whl/torch-${TORCH_VERSION}.html

[2026-04-15 07:25:21,698][anemoi.graphs.edges.builders.cutoff][INFO] - Using CutOff-Edges (with radius = 15.0 km [direct]) between data and hidden.
[2026-04-15 07:25:21,698][anemoi.graphs.edges.builders.base][WARNING] - The 'torch-cluster' library is not installed.
Installing 'torch-cluster' can significantly improve performance for graph creation.
You can install it using:
    TORCH_VERSION=$(python -c "import torch; print(torch.__version__)")
    pip install torch-cluster -f https://data.pyg.org/whl/torch-${TORCH_VERSION}.html

[2026-04-15 07:26:11,308][anemoi.graphs.edges.builders.knn][INFO] - Using KNN-Edges (with 3 nearest neighbours) between hidden and data.
[2026-04-15 07:26:11,309][anemoi.graphs.edges.builders.base][WARNING] - The 'torch-cluster' library is not installed.
Installing 'torch-cluster' can significantly improve performance for graph creation.
You can install it using:
    TORCH_VERSION=$(python -c "import torch; print(torch.__version__)")
    pip install torch-cluster -f https://data.pyg.org/whl/torch-${TORCH_VERSION}.html

[2026-04-15 07:26:11,482][anemoi.graphs.create][INFO] - Cleaning graph.
[2026-04-15 07:26:11,483][anemoi.graphs.create][INFO] - _grid_reference_distance deleted from graph.
[2026-04-15 07:26:11,483][anemoi.graphs.create][INFO] - _dataset deleted from graph.
[2026-04-15 07:26:11,483][anemoi.graphs.create][INFO] - _grid_reference_distance deleted from graph.
[2026-04-15 07:26:11,483][anemoi.graphs.create][INFO] - _nx_graph deleted from graph.
[2026-04-15 07:26:11,483][anemoi.graphs.create][INFO] - _area_mask_builder deleted from graph.
[2026-04-15 07:26:11,483][anemoi.graphs.create][INFO] - _node_ordering deleted from graph.
[2026-04-15 07:26:11,483][anemoi.graphs.create][INFO] - _resolutions deleted from graph.
[2026-04-15 07:26:11,488][anemoi.graphs.processors.post_process][INFO] - Removing 120985 edges from ('data', 'to', 'hidden').
[2026-04-15 07:26:11,490][anemoi.graphs.processors.post_process][INFO] - Recomputing edge attribute edge_length.
[2026-04-15 07:26:11,492][anemoi.graphs.processors.post_process][INFO] - Recomputing edge attribute edge_dirs.
[2026-04-15 07:26:11,934][anemoi.graphs.processors.post_process][INFO] - Removing 4649 nodes from data.
[2026-04-15 07:26:12,257][anemoi.graphs.processors.post_process][INFO] - An attribute indices_connected_nodes has been added with the indices to mask the nodes from the original graph.
[2026-04-15 07:26:12,448][anemoi.graphs.create][INFO] - Graph saved at /mnt/weatherloss/WindPower/graphs/EGU26/EGUgraph15km.pt.
[2026-04-15 07:26:13,230][anemoi.training.data.datamodule][WARNING] - Falling back rollout to: 1
[2026-04-15 07:26:13,231][anemoi.training.data.datamodule][INFO] - Timeincrement set to 1 for data with frequency, 10800, and timestep, 10800
[2026-04-15 07:26:13,232][anemoi.training.data.grid_indices][INFO] - The graph attribute indices_connected_nodes of the data nodes will be used to masking the spatial dimension.
[2026-04-15 07:26:13,233][anemoi.training.train.train][INFO] - Number of data variables: 67
[2026-04-15 07:26:13,234][anemoi.training.train.train][INFO] - Variables: ['cos_julian_day', 'cos_latitude', 'cos_longitude', 'insolation', 'lsm', 'mcc', 'msl', 'q_1000', 'q_500', 'q_600', 'q_700', 'q_750', 'q_800', 'q_850', 'q_900', 'q_950', 'sin_julian_day', 'sin_latitude', 'sin_longitude', 't2m', 't_1000', 't_500', 't_600', 't_700', 't_750', 't_800', 't_850', 't_900', 't_950', 'u_1000', 'u_500', 'u_600', 'u_700', 'u_750', 'u_800', 'u_850', 'u_900', 'u_950', 'v_1000', 'v_500', 'v_600', 'v_700', 'v_750', 'v_800', 'v_850', 'v_900', 'v_950', 'wdir100_cos', 'wdir100_sin', 'wdir10_cos', 'wdir10_sin', 'ws10', 'ws100', 'z_1000', 'z_500', 'z_600', 'z_700', 'z_750', 'z_800', 'z_850', 'z_900', 'z_950', 'z_sfc', 'power', 'capacity', 'turbinecount', 'turbinemask']
[2026-04-15 07:26:13,234][anemoi.training.train.train][INFO] - Total number of prognostic variables: 55
[2026-04-15 07:26:13,234][anemoi.training.train.train][INFO] - Total number of auxiliary variables: 12
[2026-04-15 07:26:13,234][anemoi.training.train.train][INFO] - Total GPU count / model group size: 2 - NB: the learning rate will be scaled by this factor!
[2026-04-15 07:26:13,234][anemoi.training.train.train][INFO] - Effective learning rate: 5.000e-04
[2026-04-15 07:26:13,234][anemoi.training.train.train][INFO] - Training limits: max_epochs=30, max_steps=200000. Training will stop when either limit is reached first. Learning rate scheduler will run for 200000 steps.
[2026-04-15 07:26:13,263][anemoi.models.migrations.migrator][INFO] - Loading migration 1755530253_initial
[2026-04-15 07:26:13,264][anemoi.models.migrations.migrator][INFO] - Loading migration 1762857427_deprecate_eda
[2026-04-15 07:26:13,264][anemoi.models.migrations.migrator][INFO] - Loading migration 1762857428_chunking_fix
[2026-04-15 07:26:13,264][anemoi.models.migrations.migrator][INFO] - Loading migration 1763479917_hardware_schema_update
[2026-04-15 07:26:13,318][anemoi.training.train.train][INFO] - TensorBoard logger enabled
[2026-04-15 07:26:13,392][anemoi.training.train.train][INFO] - Initial seed: Rank 1, initial seed 455000, running with random seed: 455000
[2026-04-15 07:26:15,363][anemoi.models.preprocessing.imputer][WARNING] - If placement of NaNs for diagnostic variables in inference output is desired, this needs to be handled by postprocessors: power
[2026-04-15 07:26:15,363][anemoi.models.preprocessing.imputer][INFO] - Imputer: replacing NaNs in power with value 0.0
[2026-04-15 07:26:15,363][anemoi.models.preprocessing.imputer][INFO] - Imputer: replacing NaNs in capacity with value 0.0
[2026-04-15 07:26:15,363][anemoi.models.preprocessing.imputer][INFO] - Imputer: replacing NaNs in turbinecount with value 0.0
[2026-04-15 07:26:15,363][anemoi.models.preprocessing.imputer][INFO] - Imputer: replacing NaNs in turbinemask with value 0.0
[2026-04-15 07:26:15,367][anemoi.models.preprocessing.normalizer][INFO] - Normalizing: cos_latitude is not normalized.
[2026-04-15 07:26:15,367][anemoi.models.preprocessing.normalizer][INFO] - Normalizing: cos_longitude is not normalized.
[2026-04-15 07:26:15,367][anemoi.models.preprocessing.normalizer][INFO] - Normalizing: lsm is not normalized.
[2026-04-15 07:26:15,367][anemoi.models.preprocessing.normalizer][INFO] - Normalizing: mcc is not normalized.
[2026-04-15 07:26:15,367][anemoi.models.preprocessing.normalizer][INFO] - Normalizing: sin_latitude is not normalized.
[2026-04-15 07:26:15,367][anemoi.models.preprocessing.normalizer][INFO] - Normalizing: sin_longitude is not normalized.
[2026-04-15 07:26:15,367][anemoi.models.preprocessing.normalizer][INFO] - Normalizing: turbinemask is not normalized.
[2026-04-15 07:26:15,449][anemoi.models.layers.utils][INFO] - Linear kernel: torch.nn.Linear.
[2026-04-15 07:26:15,449][anemoi.models.layers.utils][INFO] - LayerNorm kernel: torch.nn.LayerNorm.
[2026-04-15 07:26:15,533][anemoi.models.layers.utils][INFO] - Activation kernel: torch.nn.GELU.
[2026-04-15 07:26:15,535][anemoi.models.layers.utils][INFO] - QueryNorm kernel: anemoi.models.layers.normalization.AutocastLayerNorm.
[2026-04-15 07:26:15,536][anemoi.models.layers.utils][INFO] - KeyNorm kernel: anemoi.models.layers.normalization.AutocastLayerNorm.
[2026-04-15 07:26:15,555][anemoi.models.layers.block][INFO] - GraphTransformerMapperBlock using triton graph attention backend.
[2026-04-15 07:26:15,637][anemoi.models.layers.utils][INFO] - Linear kernel: torch.nn.Linear.
[2026-04-15 07:26:15,638][anemoi.models.layers.utils][INFO] - LayerNorm kernel: torch.nn.LayerNorm.
[2026-04-15 07:26:15,638][anemoi.models.layers.utils][INFO] - Activation kernel: torch.nn.GELU.
[2026-04-15 07:26:15,639][anemoi.models.layers.utils][INFO] - QueryNorm kernel: anemoi.models.layers.normalization.AutocastLayerNorm.
[2026-04-15 07:26:15,640][anemoi.models.layers.utils][INFO] - KeyNorm kernel: anemoi.models.layers.normalization.AutocastLayerNorm.
[2026-04-15 07:26:15,654][anemoi.models.layers.block][INFO] - GraphTransformerProcessorBlock using triton graph attention backend.
[2026-04-15 07:26:15,745][anemoi.models.layers.block][INFO] - GraphTransformerProcessorBlock using triton graph attention backend.
[2026-04-15 07:26:15,760][anemoi.models.layers.block][INFO] - GraphTransformerProcessorBlock using triton graph attention backend.
[2026-04-15 07:26:15,775][anemoi.models.layers.block][INFO] - GraphTransformerProcessorBlock using triton graph attention backend.
[2026-04-15 07:26:15,792][anemoi.models.layers.block][INFO] - GraphTransformerProcessorBlock using triton graph attention backend.
[2026-04-15 07:26:15,806][anemoi.models.layers.block][INFO] - GraphTransformerProcessorBlock using triton graph attention backend.
[2026-04-15 07:26:15,820][anemoi.models.layers.block][INFO] - GraphTransformerProcessorBlock using triton graph attention backend.
[2026-04-15 07:26:15,833][anemoi.models.layers.block][INFO] - GraphTransformerProcessorBlock using triton graph attention backend.
[2026-04-15 07:26:15,838][anemoi.models.layers.utils][INFO] - Linear kernel: torch.nn.Linear.
[2026-04-15 07:26:15,838][anemoi.models.layers.utils][INFO] - LayerNorm kernel: torch.nn.LayerNorm.
[2026-04-15 07:26:15,839][anemoi.models.layers.utils][INFO] - Activation kernel: torch.nn.GELU.
[2026-04-15 07:26:15,840][anemoi.models.layers.utils][INFO] - QueryNorm kernel: anemoi.models.layers.normalization.AutocastLayerNorm.
[2026-04-15 07:26:15,840][anemoi.models.layers.utils][INFO] - KeyNorm kernel: anemoi.models.layers.normalization.AutocastLayerNorm.
[2026-04-15 07:26:15,857][anemoi.models.layers.block][INFO] - GraphTransformerMapperBlock using triton graph attention backend.
[2026-04-15 07:26:16,137][anemoi.training.losses.scalers.variable_level][INFO] - Variable Level Scaling: Applying ReluVariableLevelScaler scaling to pl variables (['q', 't', 'u', 'v', 'z'])
[2026-04-15 07:26:16,137][anemoi.training.losses.scalers.variable_level][INFO] - with slope = 0.001 and y-intercept/minimum = 0.2.
[2026-04-15 07:26:16,324][anemoi.training.data.grid_indices][INFO] - The graph attribute indices_connected_nodes of the data nodes will be used to masking the spatial dimension.
[2026-04-15 07:26:16,327][anemoi.training.train.train][INFO] - The following submodules will NOT be trained: []
[2026-04-15 07:26:16,328][anemoi.training.train.train][INFO] - Resuming training from last checkpoint: /mnt/weatherloss/WindPower/training/EGU26/SyntheticGT/checkpoint/SyntheticGT/last.ckpt
[2026-04-15 07:26:34,925][anemoi.training.data.dataset][INFO] - NativeGridDataset.set_group_info(): global_rank 1, model_comm_group_id 1, model_comm_group_rank 0, model_comm_num_groups 2, reader_group_rank 0
[2026-04-15 07:26:35,241][anemoi.training.data.dataset][INFO] - Worker 0 (pid 393098, global_rank 1, model comm group 1)  has low/high range 13271 / 14929
[2026-04-15 07:26:35,242][anemoi.training.data.dataset][INFO] - Worker 0 (train, pid 393098, glob. rank 1, model comm group 1, group_rank 0, seed group id 1, base_seed 455000, sanity rnd 0.904419)
[2026-04-15 07:26:35,934][anemoi.training.data.dataset][INFO] - Worker 1 (pid 393242, global_rank 1, model comm group 1)  has low/high range 14929 / 16587
[2026-04-15 07:26:35,936][anemoi.training.data.dataset][INFO] - Worker 1 (train, pid 393242, glob. rank 1, model comm group 1, group_rank 0, seed group id 1, base_seed 455000, sanity rnd 0.904419)
[2026-04-15 07:26:36,335][anemoi.training.data.dataset][INFO] - Worker 2 (pid 393342, global_rank 1, model comm group 1)  has low/high range 16587 / 18245
[2026-04-15 07:26:36,337][anemoi.training.data.dataset][INFO] - Worker 2 (train, pid 393342, glob. rank 1, model comm group 1, group_rank 0, seed group id 1, base_seed 455000, sanity rnd 0.904419)
[2026-04-15 07:26:37,234][anemoi.training.data.dataset][INFO] - Worker 3 (pid 393486, global_rank 1, model comm group 1)  has low/high range 18245 / 19903
[2026-04-15 07:26:37,236][anemoi.training.data.dataset][INFO] - Worker 3 (train, pid 393486, glob. rank 1, model comm group 1, group_rank 0, seed group id 1, base_seed 455000, sanity rnd 0.904419)
[2026-04-15 07:26:37,735][anemoi.training.data.dataset][INFO] - Worker 4 (pid 393590, global_rank 1, model comm group 1)  has low/high range 19903 / 21561
[2026-04-15 07:26:37,737][anemoi.training.data.dataset][INFO] - Worker 4 (train, pid 393590, glob. rank 1, model comm group 1, group_rank 0, seed group id 1, base_seed 455000, sanity rnd 0.904419)
[2026-04-15 07:26:38,136][anemoi.training.data.dataset][INFO] - Worker 5 (pid 393689, global_rank 1, model comm group 1)  has low/high range 21561 / 23219
[2026-04-15 07:26:38,138][anemoi.training.data.dataset][INFO] - Worker 5 (train, pid 393689, glob. rank 1, model comm group 1, group_rank 0, seed group id 1, base_seed 455000, sanity rnd 0.904419)
[2026-04-15 07:26:38,638][anemoi.training.data.dataset][INFO] - Worker 6 (pid 393795, global_rank 1, model comm group 1)  has low/high range 23219 / 24877
[2026-04-15 07:26:38,734][anemoi.training.data.dataset][INFO] - Worker 6 (train, pid 393795, glob. rank 1, model comm group 1, group_rank 0, seed group id 1, base_seed 455000, sanity rnd 0.904419)
[2026-04-15 07:26:39,039][anemoi.training.data.dataset][INFO] - Worker 7 (pid 393845, global_rank 1, model comm group 1)  has low/high range 24877 / 26535
[2026-04-15 07:26:39,135][anemoi.training.data.dataset][INFO] - Worker 7 (train, pid 393845, glob. rank 1, model comm group 1, group_rank 0, seed group id 1, base_seed 455000, sanity rnd 0.904419)
[2026-04-15 07:26:41,856][anemoi.training.data.datamodule][WARNING] - Falling back rollout to: 1
[2026-04-15 07:26:42,027][anemoi.training.data.dataset][INFO] - NativeGridDataset.set_group_info(): global_rank 1, model_comm_group_id 1, model_comm_group_rank 0, model_comm_num_groups 2, reader_group_rank 0
[2026-04-15 07:26:42,029][anemoi.models.data_indices.collection][INFO] - The order of the variables in the model matches the order in the data.
[2026-04-15 09:00:58,338][anemoi.training.data.dataset][INFO] - Worker 0 (pid 440812, global_rank 1, model comm group 1)  has low/high range 727 / 817
[2026-04-15 09:00:58,340][anemoi.training.data.dataset][INFO] - Worker 0 (validation, pid 440812, glob. rank 1, model comm group 1, group_rank 0, seed group id 1, base_seed 455000, sanity rnd 0.904419)
[2026-04-15 09:00:58,936][anemoi.training.data.dataset][INFO] - Worker 1 (pid 440908, global_rank 1, model comm group 1)  has low/high range 817 / 907
[2026-04-15 09:00:58,939][anemoi.training.data.dataset][INFO] - Worker 1 (validation, pid 440908, glob. rank 1, model comm group 1, group_rank 0, seed group id 1, base_seed 455000, sanity rnd 0.904419)
[2026-04-15 09:00:59,437][anemoi.training.data.dataset][INFO] - Worker 2 (pid 441007, global_rank 1, model comm group 1)  has low/high range 907 / 997
[2026-04-15 09:00:59,533][anemoi.training.data.dataset][INFO] - Worker 2 (validation, pid 441007, glob. rank 1, model comm group 1, group_rank 0, seed group id 1, base_seed 455000, sanity rnd 0.904419)
[2026-04-15 09:01:00,035][anemoi.training.data.dataset][INFO] - Worker 3 (pid 441056, global_rank 1, model comm group 1)  has low/high range 997 / 1087
[2026-04-15 09:01:00,037][anemoi.training.data.dataset][INFO] - Worker 3 (validation, pid 441056, glob. rank 1, model comm group 1, group_rank 0, seed group id 1, base_seed 455000, sanity rnd 0.904419)
[2026-04-15 09:01:00,640][anemoi.training.data.dataset][INFO] - Worker 4 (pid 441199, global_rank 1, model comm group 1)  has low/high range 1087 / 1177
[2026-04-15 09:01:00,735][anemoi.training.data.dataset][INFO] - Worker 4 (validation, pid 441199, glob. rank 1, model comm group 1, group_rank 0, seed group id 1, base_seed 455000, sanity rnd 0.904419)
[2026-04-15 09:01:01,234][anemoi.training.data.dataset][INFO] - Worker 5 (pid 441300, global_rank 1, model comm group 1)  has low/high range 1177 / 1267
[2026-04-15 09:01:01,237][anemoi.training.data.dataset][INFO] - Worker 5 (validation, pid 441300, glob. rank 1, model comm group 1, group_rank 0, seed group id 1, base_seed 455000, sanity rnd 0.904419)
[2026-04-15 09:01:01,533][anemoi.training.data.dataset][INFO] - Worker 6 (pid 441348, global_rank 1, model comm group 1)  has low/high range 1267 / 1357
[2026-04-15 09:01:01,536][anemoi.training.data.dataset][INFO] - Worker 6 (validation, pid 441348, glob. rank 1, model comm group 1, group_rank 0, seed group id 1, base_seed 455000, sanity rnd 0.904419)
[2026-04-15 09:01:02,038][anemoi.training.data.dataset][INFO] - Worker 7 (pid 441446, global_rank 1, model comm group 1)  has low/high range 1357 / 1447
[2026-04-15 09:01:02,134][anemoi.training.data.dataset][INFO] - Worker 7 (validation, pid 441446, glob. rank 1, model comm group 1, group_rank 0, seed group id 1, base_seed 455000, sanity rnd 0.904419)
[2026-04-15 09:01:04,753][anemoi.models.data_indices.collection][INFO] - The order of the variables in the model matches the order in the data.
[2026-04-15 10:08:32,846][anemoi.models.data_indices.collection][INFO] - The order of the variables in the model matches the order in the data.
[2026-04-15 12:14:57,536][anemoi.models.data_indices.collection][INFO] - The order of the variables in the model matches the order in the data.
[2026-04-15 14:09:46,843][anemoi.models.data_indices.collection][INFO] - The order of the variables in the model matches the order in the data.
