[2026-04-14 19:23:55,660][anemoi.training.train.train][INFO] - Skipping config validation.
[2026-04-14 19:23:55,661][anemoi.training.train.train][INFO] - Starting from checkpoint: False
[2026-04-14 19:23:55,661][anemoi.training.train.train][INFO] - Run id: bf8c67f9-486a-4e00-905c-e24ef5b54275
[2026-04-14 19:23:55,661][anemoi.training.train.train][INFO] - Checkpoints path: {'root': PosixPath('/mnt/weatherloss/WindPower/training/EGU26/BigTransformer/checkpoint/bf8c67f9-486a-4e00-905c-e24ef5b54275'), 'every_n_epochs': 'anemoi-by_epoch-epoch_{epoch:03d}-step_{step:06d}', 'every_n_train_steps': 'anemoi-by_step-epoch_{epoch:03d}-step_{step:06d}', 'every_n_minutes': 'anemoi-by_time-epoch_{epoch:03d}-step_{step:06d}'}
[2026-04-14 19:23:55,661][anemoi.training.train.train][INFO] - Plots path: /mnt/weatherloss/WindPower/training/EGU26/BigTransformer/plots/bf8c67f9-486a-4e00-905c-e24ef5b54275
[2026-04-14 19:23:56,235][anemoi.graphs.nodes.builders.from_file][INFO] - Reading the dataset from {'cutout': [{'dataset': '/mnt/weatherloss/WindPower/data/EGU26/Anemoidatasets/New_Cerra_A_large.zarr'}, {'dataset': '/mnt/weatherloss/WindPower/data/EGU26/Anemoidatasets/era5_A_large.zarr'}], 'min_distance_km': 0, 'adjust': 'all'}.
[2026-04-14 19:23:58,201][anemoi.graphs.generate.masks][INFO] - Fitting KNNAreaMaskBuilder with 72668 reference nodes from "data (cutout)".
[2026-04-14 19:24:15,888][anemoi.graphs.edges.builders.knn][INFO] - Using KNN-Edges (with 12 nearest neighbours) between data and hidden.
[2026-04-14 19:24:15,896][anemoi.graphs.edges.builders.base][WARNING] - The 'torch-cluster' library is not installed.
Installing 'torch-cluster' can significantly improve performance for graph creation.
You can install it using:
    TORCH_VERSION=$(python -c "import torch; print(torch.__version__)")
    pip install torch-cluster -f https://data.pyg.org/whl/torch-${TORCH_VERSION}.html

[2026-04-14 19:24:16,054][anemoi.graphs.edges.builders.cutoff][INFO] - Using CutOff-Edges (with radius = 15.0 km [direct]) between data and hidden.
[2026-04-14 19:24:16,055][anemoi.graphs.edges.builders.base][WARNING] - The 'torch-cluster' library is not installed.
Installing 'torch-cluster' can significantly improve performance for graph creation.
You can install it using:
    TORCH_VERSION=$(python -c "import torch; print(torch.__version__)")
    pip install torch-cluster -f https://data.pyg.org/whl/torch-${TORCH_VERSION}.html

[2026-04-14 19:25:06,769][anemoi.graphs.edges.builders.knn][INFO] - Using KNN-Edges (with 3 nearest neighbours) between hidden and data.
[2026-04-14 19:25:06,769][anemoi.graphs.edges.builders.base][WARNING] - The 'torch-cluster' library is not installed.
Installing 'torch-cluster' can significantly improve performance for graph creation.
You can install it using:
    TORCH_VERSION=$(python -c "import torch; print(torch.__version__)")
    pip install torch-cluster -f https://data.pyg.org/whl/torch-${TORCH_VERSION}.html

[2026-04-14 19:25:07,108][anemoi.graphs.create][INFO] - Cleaning graph.
[2026-04-14 19:25:07,108][anemoi.graphs.create][INFO] - _grid_reference_distance deleted from graph.
[2026-04-14 19:25:07,108][anemoi.graphs.create][INFO] - _dataset deleted from graph.
[2026-04-14 19:25:07,108][anemoi.graphs.create][INFO] - _grid_reference_distance deleted from graph.
[2026-04-14 19:25:07,108][anemoi.graphs.create][INFO] - _resolutions deleted from graph.
[2026-04-14 19:25:07,108][anemoi.graphs.create][INFO] - _area_mask_builder deleted from graph.
[2026-04-14 19:25:07,109][anemoi.graphs.create][INFO] - _nx_graph deleted from graph.
[2026-04-14 19:25:07,109][anemoi.graphs.create][INFO] - _node_ordering deleted from graph.
[2026-04-14 19:25:07,115][anemoi.graphs.processors.post_process][INFO] - Removing 120985 edges from ('data', 'to', 'hidden').
[2026-04-14 19:25:07,118][anemoi.graphs.processors.post_process][INFO] - Recomputing edge attribute edge_length.
[2026-04-14 19:25:07,121][anemoi.graphs.processors.post_process][INFO] - Recomputing edge attribute edge_dirs.
[2026-04-14 19:25:07,168][anemoi.graphs.processors.post_process][INFO] - Removing 4649 nodes from data.
[2026-04-14 19:25:07,767][anemoi.graphs.processors.post_process][INFO] - An attribute indices_connected_nodes has been added with the indices to mask the nodes from the original graph.
[2026-04-14 19:25:07,878][anemoi.graphs.create][INFO] - Graph saved at /mnt/weatherloss/WindPower/graphs/EGU26/EGUgraph15km.pt.
[2026-04-14 19:25:08,620][anemoi.training.data.datamodule][WARNING] - Falling back rollout to: 1
[2026-04-14 19:25:08,620][anemoi.training.data.datamodule][INFO] - Timeincrement set to 1 for data with frequency, 10800, and timestep, 10800
[2026-04-14 19:25:08,621][anemoi.training.data.grid_indices][INFO] - The graph attribute indices_connected_nodes of the data nodes will be used to masking the spatial dimension.
[2026-04-14 19:25:08,622][anemoi.training.train.train][INFO] - Number of data variables: 67
[2026-04-14 19:25:08,623][anemoi.training.train.train][INFO] - Variables: ['cos_julian_day', 'cos_latitude', 'cos_longitude', 'insolation', 'lsm', 'mcc', 'msl', 'q_1000', 'q_500', 'q_600', 'q_700', 'q_750', 'q_800', 'q_850', 'q_900', 'q_950', 'sin_julian_day', 'sin_latitude', 'sin_longitude', 't2m', 't_1000', 't_500', 't_600', 't_700', 't_750', 't_800', 't_850', 't_900', 't_950', 'u_1000', 'u_500', 'u_600', 'u_700', 'u_750', 'u_800', 'u_850', 'u_900', 'u_950', 'v_1000', 'v_500', 'v_600', 'v_700', 'v_750', 'v_800', 'v_850', 'v_900', 'v_950', 'wdir100_cos', 'wdir100_sin', 'wdir10_cos', 'wdir10_sin', 'ws10', 'ws100', 'z_1000', 'z_500', 'z_600', 'z_700', 'z_750', 'z_800', 'z_850', 'z_900', 'z_950', 'z_sfc', 'power', 'capacity', 'turbinecount', 'turbinemask']
[2026-04-14 19:25:08,623][anemoi.training.train.train][INFO] - Total number of prognostic variables: 55
[2026-04-14 19:25:08,623][anemoi.training.train.train][INFO] - Total number of auxiliary variables: 12
[2026-04-14 19:25:08,623][anemoi.training.train.train][INFO] - Total GPU count / model group size: 2 - NB: the learning rate will be scaled by this factor!
[2026-04-14 19:25:08,624][anemoi.training.train.train][INFO] - Effective learning rate: 2.500e-04
[2026-04-14 19:25:08,624][anemoi.training.train.train][INFO] - Training limits: max_epochs=30, max_steps=200000. Training will stop when either limit is reached first. Learning rate scheduler will run for 200000 steps.
[2026-04-14 19:25:08,654][anemoi.models.migrations.migrator][INFO] - Loading migration 1755530253_initial
[2026-04-14 19:25:08,654][anemoi.models.migrations.migrator][INFO] - Loading migration 1762857427_deprecate_eda
[2026-04-14 19:25:08,654][anemoi.models.migrations.migrator][INFO] - Loading migration 1762857428_chunking_fix
[2026-04-14 19:25:08,654][anemoi.models.migrations.migrator][INFO] - Loading migration 1763479917_hardware_schema_update
[2026-04-14 19:25:09,030][anemoi.training.train.train][INFO] - TensorBoard logger enabled
[2026-04-14 19:25:09,100][anemoi.training.train.train][INFO] - Initial seed: Rank 1, initial seed 4552, running with random seed: 4552
[2026-04-14 19:25:10,969][anemoi.models.preprocessing.imputer][WARNING] - If placement of NaNs for diagnostic variables in inference output is desired, this needs to be handled by postprocessors: power
[2026-04-14 19:25:10,969][anemoi.models.preprocessing.imputer][INFO] - Imputer: replacing NaNs in power with value 0.0
[2026-04-14 19:25:10,969][anemoi.models.preprocessing.imputer][INFO] - Imputer: replacing NaNs in capacity with value 0.0
[2026-04-14 19:25:10,969][anemoi.models.preprocessing.imputer][INFO] - Imputer: replacing NaNs in turbinecount with value 0.0
[2026-04-14 19:25:10,969][anemoi.models.preprocessing.imputer][INFO] - Imputer: replacing NaNs in turbinemask with value 0.0
[2026-04-14 19:25:10,972][anemoi.models.preprocessing.normalizer][INFO] - Normalizing: cos_latitude is not normalized.
[2026-04-14 19:25:10,972][anemoi.models.preprocessing.normalizer][INFO] - Normalizing: cos_longitude is not normalized.
[2026-04-14 19:25:10,972][anemoi.models.preprocessing.normalizer][INFO] - Normalizing: lsm is not normalized.
[2026-04-14 19:25:10,972][anemoi.models.preprocessing.normalizer][INFO] - Normalizing: mcc is not normalized.
[2026-04-14 19:25:10,972][anemoi.models.preprocessing.normalizer][INFO] - Normalizing: sin_latitude is not normalized.
[2026-04-14 19:25:10,972][anemoi.models.preprocessing.normalizer][INFO] - Normalizing: sin_longitude is not normalized.
[2026-04-14 19:25:10,972][anemoi.models.preprocessing.normalizer][INFO] - Normalizing: turbinemask is not normalized.
[2026-04-14 19:25:11,176][anemoi.models.layers.utils][INFO] - Linear kernel: torch.nn.Linear.
[2026-04-14 19:25:11,177][anemoi.models.layers.utils][INFO] - LayerNorm kernel: torch.nn.LayerNorm.
[2026-04-14 19:25:11,179][anemoi.models.layers.utils][INFO] - Activation kernel: torch.nn.GELU.
[2026-04-14 19:25:11,180][anemoi.models.layers.utils][INFO] - QueryNorm kernel: anemoi.models.layers.normalization.AutocastLayerNorm.
[2026-04-14 19:25:11,181][anemoi.models.layers.utils][INFO] - KeyNorm kernel: anemoi.models.layers.normalization.AutocastLayerNorm.
[2026-04-14 19:25:11,398][anemoi.models.layers.block][INFO] - GraphTransformerMapperBlock using triton graph attention backend.
[2026-04-14 19:25:11,408][anemoi.models.layers.utils][INFO] - Linear kernel: torch.nn.Linear.
[2026-04-14 19:25:11,409][anemoi.models.layers.utils][INFO] - LayerNorm kernel: torch.nn.LayerNorm.
[2026-04-14 19:25:11,410][anemoi.models.layers.utils][INFO] - Activation kernel: torch.nn.GELU.
[2026-04-14 19:25:11,411][anemoi.models.layers.utils][INFO] - QueryNorm kernel: anemoi.models.layers.normalization.AutocastLayerNorm.
[2026-04-14 19:25:11,412][anemoi.models.layers.utils][INFO] - KeyNorm kernel: anemoi.models.layers.normalization.AutocastLayerNorm.
[2026-04-14 19:25:11,550][anemoi.models.layers.attention][INFO] - Using flash attention v2
[2026-04-14 19:25:11,568][anemoi.models.layers.attention][INFO] - Using flash attention v2
[2026-04-14 19:25:11,584][anemoi.models.layers.attention][INFO] - Using flash attention v2
[2026-04-14 19:25:11,600][anemoi.models.layers.attention][INFO] - Using flash attention v2
[2026-04-14 19:25:11,616][anemoi.models.layers.attention][INFO] - Using flash attention v2
[2026-04-14 19:25:11,633][anemoi.models.layers.attention][INFO] - Using flash attention v2
[2026-04-14 19:25:11,649][anemoi.models.layers.attention][INFO] - Using flash attention v2
[2026-04-14 19:25:11,665][anemoi.models.layers.attention][INFO] - Using flash attention v2
[2026-04-14 19:25:11,682][anemoi.models.layers.attention][INFO] - Using flash attention v2
[2026-04-14 19:25:11,698][anemoi.models.layers.attention][INFO] - Using flash attention v2
[2026-04-14 19:25:11,714][anemoi.models.layers.attention][INFO] - Using flash attention v2
[2026-04-14 19:25:11,730][anemoi.models.layers.attention][INFO] - Using flash attention v2
[2026-04-14 19:25:11,749][anemoi.models.layers.utils][INFO] - Linear kernel: torch.nn.Linear.
[2026-04-14 19:25:11,750][anemoi.models.layers.utils][INFO] - LayerNorm kernel: torch.nn.LayerNorm.
[2026-04-14 19:25:11,750][anemoi.models.layers.utils][INFO] - Activation kernel: torch.nn.GELU.
[2026-04-14 19:25:11,751][anemoi.models.layers.utils][INFO] - QueryNorm kernel: anemoi.models.layers.normalization.AutocastLayerNorm.
[2026-04-14 19:25:11,751][anemoi.models.layers.utils][INFO] - KeyNorm kernel: anemoi.models.layers.normalization.AutocastLayerNorm.
[2026-04-14 19:25:11,774][anemoi.models.layers.block][INFO] - GraphTransformerMapperBlock using triton graph attention backend.
[2026-04-14 19:25:12,141][anemoi.training.losses.scalers.variable_level][INFO] - Variable Level Scaling: Applying ReluVariableLevelScaler scaling to pl variables (['q', 't', 'u', 'v', 'z'])
[2026-04-14 19:25:12,141][anemoi.training.losses.scalers.variable_level][INFO] - with slope = 0.001 and y-intercept/minimum = 0.2.
[2026-04-14 19:25:12,357][anemoi.training.data.grid_indices][INFO] - The graph attribute indices_connected_nodes of the data nodes will be used to masking the spatial dimension.
[2026-04-14 19:25:12,358][anemoi.training.train.train][INFO] - The following submodules will NOT be trained: []
[2026-04-14 19:25:30,153][anemoi.training.data.datamodule][WARNING] - Falling back rollout to: 1
[2026-04-14 19:25:30,418][anemoi.training.data.dataset][INFO] - NativeGridDataset.set_group_info(): global_rank 1, model_comm_group_id 1, model_comm_group_rank 0, model_comm_num_groups 2, reader_group_rank 0
[2026-04-14 19:25:30,465][anemoi.training.data.dataset][INFO] - Worker 0 (pid 28608, global_rank 1, model comm group 1)  has low/high range 727 / 817
[2026-04-14 19:25:30,467][anemoi.training.data.dataset][INFO] - Worker 0 (validation, pid 28608, glob. rank 1, model comm group 1, group_rank 0, seed group id 1, base_seed 4552, sanity rnd 0.767620)
[2026-04-14 19:25:31,164][anemoi.training.data.dataset][INFO] - Worker 1 (pid 28704, global_rank 1, model comm group 1)  has low/high range 817 / 907
[2026-04-14 19:25:31,265][anemoi.training.data.dataset][INFO] - Worker 1 (validation, pid 28704, glob. rank 1, model comm group 1, group_rank 0, seed group id 1, base_seed 4552, sanity rnd 0.767620)
[2026-04-14 19:25:31,764][anemoi.training.data.dataset][INFO] - Worker 2 (pid 28801, global_rank 1, model comm group 1)  has low/high range 907 / 997
[2026-04-14 19:25:31,766][anemoi.training.data.dataset][INFO] - Worker 2 (validation, pid 28801, glob. rank 1, model comm group 1, group_rank 0, seed group id 1, base_seed 4552, sanity rnd 0.767620)
[2026-04-14 19:25:32,468][anemoi.training.data.dataset][INFO] - Worker 3 (pid 28900, global_rank 1, model comm group 1)  has low/high range 997 / 1087
[2026-04-14 19:25:32,566][anemoi.training.data.dataset][INFO] - Worker 3 (validation, pid 28900, glob. rank 1, model comm group 1, group_rank 0, seed group id 1, base_seed 4552, sanity rnd 0.767620)
[2026-04-14 19:25:33,064][anemoi.training.data.dataset][INFO] - Worker 4 (pid 28996, global_rank 1, model comm group 1)  has low/high range 1087 / 1177
[2026-04-14 19:25:33,067][anemoi.training.data.dataset][INFO] - Worker 4 (validation, pid 28996, glob. rank 1, model comm group 1, group_rank 0, seed group id 1, base_seed 4552, sanity rnd 0.767620)
[2026-04-14 19:25:33,769][anemoi.training.data.dataset][INFO] - Worker 5 (pid 29095, global_rank 1, model comm group 1)  has low/high range 1177 / 1267
[2026-04-14 19:25:33,865][anemoi.training.data.dataset][INFO] - Worker 5 (validation, pid 29095, glob. rank 1, model comm group 1, group_rank 0, seed group id 1, base_seed 4552, sanity rnd 0.767620)
[2026-04-14 19:25:34,366][anemoi.training.data.dataset][INFO] - Worker 6 (pid 29193, global_rank 1, model comm group 1)  has low/high range 1267 / 1357
[2026-04-14 19:25:34,369][anemoi.training.data.dataset][INFO] - Worker 6 (validation, pid 29193, glob. rank 1, model comm group 1, group_rank 0, seed group id 1, base_seed 4552, sanity rnd 0.767620)
[2026-04-14 19:25:35,268][anemoi.training.data.dataset][INFO] - Worker 7 (pid 29292, global_rank 1, model comm group 1)  has low/high range 1357 / 1447
[2026-04-14 19:25:35,366][anemoi.training.data.dataset][INFO] - Worker 7 (validation, pid 29292, glob. rank 1, model comm group 1, group_rank 0, seed group id 1, base_seed 4552, sanity rnd 0.767620)
[2026-04-14 19:25:35,369][anemoi.models.data_indices.collection][INFO] - The order of the variables in the model matches the order in the data.
[2026-04-14 19:25:40,167][anemoi.training.data.dataset][INFO] - NativeGridDataset.set_group_info(): global_rank 1, model_comm_group_id 1, model_comm_group_rank 0, model_comm_num_groups 2, reader_group_rank 0
[2026-04-14 19:25:40,272][anemoi.training.data.dataset][INFO] - Worker 0 (pid 29458, global_rank 1, model comm group 1)  has low/high range 13271 / 14929
[2026-04-14 19:25:40,364][anemoi.training.data.dataset][INFO] - Worker 0 (train, pid 29458, glob. rank 1, model comm group 1, group_rank 0, seed group id 1, base_seed 4552, sanity rnd 0.767620)
[2026-04-14 19:25:41,065][anemoi.training.data.dataset][INFO] - Worker 1 (pid 29554, global_rank 1, model comm group 1)  has low/high range 14929 / 16587
[2026-04-14 19:25:41,067][anemoi.training.data.dataset][INFO] - Worker 1 (train, pid 29554, glob. rank 1, model comm group 1, group_rank 0, seed group id 1, base_seed 4552, sanity rnd 0.767620)
[2026-04-14 19:25:41,664][anemoi.training.data.dataset][INFO] - Worker 2 (pid 29652, global_rank 1, model comm group 1)  has low/high range 16587 / 18245
[2026-04-14 19:25:41,666][anemoi.training.data.dataset][INFO] - Worker 2 (train, pid 29652, glob. rank 1, model comm group 1, group_rank 0, seed group id 1, base_seed 4552, sanity rnd 0.767620)
[2026-04-14 19:25:42,371][anemoi.training.data.dataset][INFO] - Worker 3 (pid 29750, global_rank 1, model comm group 1)  has low/high range 18245 / 19903
[2026-04-14 19:25:42,468][anemoi.training.data.dataset][INFO] - Worker 3 (train, pid 29750, glob. rank 1, model comm group 1, group_rank 0, seed group id 1, base_seed 4552, sanity rnd 0.767620)
[2026-04-14 19:25:42,769][anemoi.training.data.dataset][INFO] - Worker 4 (pid 29808, global_rank 1, model comm group 1)  has low/high range 19903 / 21561
[2026-04-14 19:25:42,865][anemoi.training.data.dataset][INFO] - Worker 4 (train, pid 29808, glob. rank 1, model comm group 1, group_rank 0, seed group id 1, base_seed 4552, sanity rnd 0.767620)
[2026-04-14 19:25:43,469][anemoi.training.data.dataset][INFO] - Worker 5 (pid 29896, global_rank 1, model comm group 1)  has low/high range 21561 / 23219
[2026-04-14 19:25:43,472][anemoi.training.data.dataset][INFO] - Worker 5 (train, pid 29896, glob. rank 1, model comm group 1, group_rank 0, seed group id 1, base_seed 4552, sanity rnd 0.767620)
[2026-04-14 19:25:43,768][anemoi.training.data.dataset][INFO] - Worker 6 (pid 29995, global_rank 1, model comm group 1)  has low/high range 23219 / 24877
[2026-04-14 19:25:43,965][anemoi.training.data.dataset][INFO] - Worker 6 (train, pid 29995, glob. rank 1, model comm group 1, group_rank 0, seed group id 1, base_seed 4552, sanity rnd 0.767620)
[2026-04-14 19:25:44,367][anemoi.training.data.dataset][INFO] - Worker 7 (pid 30091, global_rank 1, model comm group 1)  has low/high range 24877 / 26535
[2026-04-14 19:25:44,369][anemoi.training.data.dataset][INFO] - Worker 7 (train, pid 30091, glob. rank 1, model comm group 1, group_rank 0, seed group id 1, base_seed 4552, sanity rnd 0.767620)
[2026-04-14 19:25:47,387][anemoi.models.data_indices.collection][INFO] - The order of the variables in the model matches the order in the data.
[2026-04-14 20:58:36,868][anemoi.models.data_indices.collection][INFO] - The order of the variables in the model matches the order in the data.
[2026-04-14 22:25:11,075][anemoi.models.data_indices.collection][INFO] - The order of the variables in the model matches the order in the data.
[2026-04-14 23:31:49,185][anemoi.models.data_indices.collection][INFO] - The order of the variables in the model matches the order in the data.
[2026-04-15 00:39:58,468][anemoi.models.data_indices.collection][INFO] - The order of the variables in the model matches the order in the data.
[2026-04-15 01:47:08,075][anemoi.models.data_indices.collection][INFO] - The order of the variables in the model matches the order in the data.
