[2026-04-14 14:10:33,039][anemoi.training.train.train][INFO] - Skipping config validation.
[2026-04-14 14:10:33,040][anemoi.training.train.train][INFO] - Starting from checkpoint: False
[2026-04-14 14:10:33,040][anemoi.training.train.train][INFO] - Run id: 968199f7-4a0b-4575-95ee-0a17ebedb0a8
[2026-04-14 14:10:33,040][anemoi.training.train.train][INFO] - Checkpoints path: {'root': PosixPath('/mnt/weatherloss/WindPower/training/EGU26/VanillaPower/checkpoint/968199f7-4a0b-4575-95ee-0a17ebedb0a8'), 'every_n_epochs': 'anemoi-by_epoch-epoch_{epoch:03d}-step_{step:06d}', 'every_n_train_steps': 'anemoi-by_step-epoch_{epoch:03d}-step_{step:06d}', 'every_n_minutes': 'anemoi-by_time-epoch_{epoch:03d}-step_{step:06d}'}
[2026-04-14 14:10:33,040][anemoi.training.train.train][INFO] - Plots path: /mnt/weatherloss/WindPower/training/EGU26/VanillaPower/plots/968199f7-4a0b-4575-95ee-0a17ebedb0a8
[2026-04-14 14:10:33,329][anemoi.graphs.nodes.builders.from_file][INFO] - Reading the dataset from {'cutout': [{'dataset': '/mnt/weatherloss/WindPower/data/EGU26/Anemoidatasets/NewFilled_Cerra_A_large.zarr'}, {'dataset': '/mnt/weatherloss/WindPower/data/EGU26/Anemoidatasets/era5_A_large.zarr'}], 'min_distance_km': 0, 'adjust': 'all'}.
[2026-04-14 14:10:35,853][anemoi.graphs.generate.masks][INFO] - Fitting KNNAreaMaskBuilder with 72668 reference nodes from "data (cutout)".
[2026-04-14 14:10:53,068][anemoi.graphs.edges.builders.knn][INFO] - Using KNN-Edges (with 12 nearest neighbours) between data and hidden.
[2026-04-14 14:10:53,097][anemoi.graphs.edges.builders.base][WARNING] - The 'torch-cluster' library is not installed.
Installing 'torch-cluster' can significantly improve performance for graph creation.
You can install it using:
    TORCH_VERSION=$(python -c "import torch; print(torch.__version__)")
    pip install torch-cluster -f https://data.pyg.org/whl/torch-${TORCH_VERSION}.html

[2026-04-14 14:10:53,318][anemoi.graphs.edges.builders.cutoff][INFO] - Using CutOff-Edges (with radius = 15.0 km [direct]) between data and hidden.
[2026-04-14 14:10:53,319][anemoi.graphs.edges.builders.base][WARNING] - The 'torch-cluster' library is not installed.
Installing 'torch-cluster' can significantly improve performance for graph creation.
You can install it using:
    TORCH_VERSION=$(python -c "import torch; print(torch.__version__)")
    pip install torch-cluster -f https://data.pyg.org/whl/torch-${TORCH_VERSION}.html

[2026-04-14 14:11:51,783][anemoi.graphs.edges.builders.knn][INFO] - Using KNN-Edges (with 3 nearest neighbours) between hidden and data.
[2026-04-14 14:11:51,784][anemoi.graphs.edges.builders.base][WARNING] - The 'torch-cluster' library is not installed.
Installing 'torch-cluster' can significantly improve performance for graph creation.
You can install it using:
    TORCH_VERSION=$(python -c "import torch; print(torch.__version__)")
    pip install torch-cluster -f https://data.pyg.org/whl/torch-${TORCH_VERSION}.html

[2026-04-14 14:11:52,051][anemoi.graphs.create][INFO] - Cleaning graph.
[2026-04-14 14:11:52,052][anemoi.graphs.create][INFO] - _grid_reference_distance deleted from graph.
[2026-04-14 14:11:52,052][anemoi.graphs.create][INFO] - _dataset deleted from graph.
[2026-04-14 14:11:52,052][anemoi.graphs.create][INFO] - _grid_reference_distance deleted from graph.
[2026-04-14 14:11:52,052][anemoi.graphs.create][INFO] - _nx_graph deleted from graph.
[2026-04-14 14:11:52,052][anemoi.graphs.create][INFO] - _resolutions deleted from graph.
[2026-04-14 14:11:52,052][anemoi.graphs.create][INFO] - _area_mask_builder deleted from graph.
[2026-04-14 14:11:52,052][anemoi.graphs.create][INFO] - _node_ordering deleted from graph.
[2026-04-14 14:11:52,057][anemoi.graphs.processors.post_process][INFO] - Removing 120985 edges from ('data', 'to', 'hidden').
[2026-04-14 14:11:52,060][anemoi.graphs.processors.post_process][INFO] - Recomputing edge attribute edge_length.
[2026-04-14 14:11:52,062][anemoi.graphs.processors.post_process][INFO] - Recomputing edge attribute edge_dirs.
[2026-04-14 14:11:52,096][anemoi.graphs.processors.post_process][INFO] - Removing 4649 nodes from data.
[2026-04-14 14:11:52,842][anemoi.graphs.processors.post_process][INFO] - An attribute indices_connected_nodes has been added with the indices to mask the nodes from the original graph.
[2026-04-14 14:11:53,025][anemoi.graphs.create][INFO] - Graph saved at /mnt/weatherloss/WindPower/graphs/EGU26/EGUgraph15km.pt.
[2026-04-14 14:11:53,584][anemoi.training.data.datamodule][WARNING] - Falling back rollout to: 1
[2026-04-14 14:11:53,585][anemoi.training.data.datamodule][INFO] - Timeincrement set to 1 for data with frequency, 10800, and timestep, 10800
[2026-04-14 14:11:53,586][anemoi.training.data.grid_indices][INFO] - The graph attribute indices_connected_nodes of the data nodes will be used to masking the spatial dimension.
[2026-04-14 14:11:53,587][anemoi.training.train.train][INFO] - Number of data variables: 67
[2026-04-14 14:11:53,587][anemoi.training.train.train][INFO] - Variables: ['cos_julian_day', 'cos_latitude', 'cos_longitude', 'insolation', 'lsm', 'mcc', 'msl', 'q_1000', 'q_500', 'q_600', 'q_700', 'q_750', 'q_800', 'q_850', 'q_900', 'q_950', 'sin_julian_day', 'sin_latitude', 'sin_longitude', 't2m', 't_1000', 't_500', 't_600', 't_700', 't_750', 't_800', 't_850', 't_900', 't_950', 'u_1000', 'u_500', 'u_600', 'u_700', 'u_750', 'u_800', 'u_850', 'u_900', 'u_950', 'v_1000', 'v_500', 'v_600', 'v_700', 'v_750', 'v_800', 'v_850', 'v_900', 'v_950', 'wdir100_cos', 'wdir100_sin', 'wdir10_cos', 'wdir10_sin', 'ws10', 'ws100', 'z_1000', 'z_500', 'z_600', 'z_700', 'z_750', 'z_800', 'z_850', 'z_900', 'z_950', 'z_sfc', 'power', 'capacity', 'turbinecount', 'turbinemask']
[2026-04-14 14:11:53,587][anemoi.training.train.train][INFO] - Total number of prognostic variables: 55
[2026-04-14 14:11:53,587][anemoi.training.train.train][INFO] - Total number of auxiliary variables: 12
[2026-04-14 14:11:53,587][anemoi.training.train.train][INFO] - Total GPU count / model group size: 2 - NB: the learning rate will be scaled by this factor!
[2026-04-14 14:11:53,588][anemoi.training.train.train][INFO] - Effective learning rate: 5.000e-04
[2026-04-14 14:11:53,588][anemoi.training.train.train][INFO] - Training limits: max_epochs=30, max_steps=200000. Training will stop when either limit is reached first. Learning rate scheduler will run for 200000 steps.
[2026-04-14 14:11:53,609][anemoi.models.migrations.migrator][INFO] - Loading migration 1755530253_initial
[2026-04-14 14:11:53,609][anemoi.models.migrations.migrator][INFO] - Loading migration 1762857427_deprecate_eda
[2026-04-14 14:11:53,609][anemoi.models.migrations.migrator][INFO] - Loading migration 1762857428_chunking_fix
[2026-04-14 14:11:53,609][anemoi.models.migrations.migrator][INFO] - Loading migration 1763479917_hardware_schema_update
[2026-04-14 14:11:53,643][anemoi.training.train.train][INFO] - TensorBoard logger enabled
[2026-04-14 14:11:54,044][anemoi.training.train.train][INFO] - Initial seed: Rank 1, initial seed 455000, running with random seed: 455000
[2026-04-14 14:11:55,693][anemoi.models.preprocessing.imputer][WARNING] - If placement of NaNs for diagnostic variables in inference output is desired, this needs to be handled by postprocessors: power
[2026-04-14 14:11:55,693][anemoi.models.preprocessing.imputer][INFO] - Imputer: replacing NaNs in power with value 0.0
[2026-04-14 14:11:55,693][anemoi.models.preprocessing.imputer][INFO] - Imputer: replacing NaNs in capacity with value 0.0
[2026-04-14 14:11:55,693][anemoi.models.preprocessing.imputer][INFO] - Imputer: replacing NaNs in turbinecount with value 0.0
[2026-04-14 14:11:55,693][anemoi.models.preprocessing.imputer][INFO] - Imputer: replacing NaNs in turbinemask with value 0.0
[2026-04-14 14:11:55,695][anemoi.models.preprocessing.normalizer][INFO] - Normalizing: cos_latitude is not normalized.
[2026-04-14 14:11:55,695][anemoi.models.preprocessing.normalizer][INFO] - Normalizing: cos_longitude is not normalized.
[2026-04-14 14:11:55,695][anemoi.models.preprocessing.normalizer][INFO] - Normalizing: lsm is not normalized.
[2026-04-14 14:11:55,695][anemoi.models.preprocessing.normalizer][INFO] - Normalizing: mcc is not normalized.
[2026-04-14 14:11:55,695][anemoi.models.preprocessing.normalizer][INFO] - Normalizing: sin_latitude is not normalized.
[2026-04-14 14:11:55,695][anemoi.models.preprocessing.normalizer][INFO] - Normalizing: sin_longitude is not normalized.
[2026-04-14 14:11:55,695][anemoi.models.preprocessing.normalizer][INFO] - Normalizing: turbinemask is not normalized.
[2026-04-14 14:11:55,793][anemoi.models.layers.utils][INFO] - Linear kernel: torch.nn.Linear.
[2026-04-14 14:11:55,794][anemoi.models.layers.utils][INFO] - LayerNorm kernel: torch.nn.LayerNorm.
[2026-04-14 14:11:55,794][anemoi.models.layers.utils][INFO] - Activation kernel: torch.nn.GELU.
[2026-04-14 14:11:55,795][anemoi.models.layers.utils][INFO] - QueryNorm kernel: anemoi.models.layers.normalization.AutocastLayerNorm.
[2026-04-14 14:11:55,796][anemoi.models.layers.utils][INFO] - KeyNorm kernel: anemoi.models.layers.normalization.AutocastLayerNorm.
[2026-04-14 14:11:56,004][anemoi.models.layers.block][INFO] - GraphTransformerMapperBlock using triton graph attention backend.
[2026-04-14 14:11:56,020][anemoi.models.layers.utils][INFO] - Linear kernel: torch.nn.Linear.
[2026-04-14 14:11:56,022][anemoi.models.layers.utils][INFO] - LayerNorm kernel: torch.nn.LayerNorm.
[2026-04-14 14:11:56,024][anemoi.models.layers.utils][INFO] - Activation kernel: torch.nn.GELU.
[2026-04-14 14:11:56,026][anemoi.models.layers.utils][INFO] - QueryNorm kernel: anemoi.models.layers.normalization.AutocastLayerNorm.
[2026-04-14 14:11:56,031][anemoi.models.layers.utils][INFO] - KeyNorm kernel: anemoi.models.layers.normalization.AutocastLayerNorm.
[2026-04-14 14:11:56,216][anemoi.models.layers.block][INFO] - GraphTransformerProcessorBlock using triton graph attention backend.
[2026-04-14 14:11:56,251][anemoi.models.layers.block][INFO] - GraphTransformerProcessorBlock using triton graph attention backend.
[2026-04-14 14:11:56,273][anemoi.models.layers.block][INFO] - GraphTransformerProcessorBlock using triton graph attention backend.
[2026-04-14 14:11:56,289][anemoi.models.layers.block][INFO] - GraphTransformerProcessorBlock using triton graph attention backend.
[2026-04-14 14:11:56,302][anemoi.models.layers.block][INFO] - GraphTransformerProcessorBlock using triton graph attention backend.
[2026-04-14 14:11:56,314][anemoi.models.layers.block][INFO] - GraphTransformerProcessorBlock using triton graph attention backend.
[2026-04-14 14:11:56,325][anemoi.models.layers.block][INFO] - GraphTransformerProcessorBlock using triton graph attention backend.
[2026-04-14 14:11:56,335][anemoi.models.layers.block][INFO] - GraphTransformerProcessorBlock using triton graph attention backend.
[2026-04-14 14:11:56,338][anemoi.models.layers.utils][INFO] - Linear kernel: torch.nn.Linear.
[2026-04-14 14:11:56,338][anemoi.models.layers.utils][INFO] - LayerNorm kernel: torch.nn.LayerNorm.
[2026-04-14 14:11:56,339][anemoi.models.layers.utils][INFO] - Activation kernel: torch.nn.GELU.
[2026-04-14 14:11:56,339][anemoi.models.layers.utils][INFO] - QueryNorm kernel: anemoi.models.layers.normalization.AutocastLayerNorm.
[2026-04-14 14:11:56,340][anemoi.models.layers.utils][INFO] - KeyNorm kernel: anemoi.models.layers.normalization.AutocastLayerNorm.
[2026-04-14 14:11:56,396][anemoi.models.layers.block][INFO] - GraphTransformerMapperBlock using triton graph attention backend.
[2026-04-14 14:11:56,902][anemoi.training.losses.scalers.variable_level][INFO] - Variable Level Scaling: Applying ReluVariableLevelScaler scaling to pl variables (['q', 't', 'u', 'v', 'z'])
[2026-04-14 14:11:56,902][anemoi.training.losses.scalers.variable_level][INFO] - with slope = 0.001 and y-intercept/minimum = 0.2.
[2026-04-14 14:11:57,214][anemoi.training.data.grid_indices][INFO] - The graph attribute indices_connected_nodes of the data nodes will be used to masking the spatial dimension.
[2026-04-14 14:11:57,217][anemoi.training.train.train][INFO] - The following submodules will NOT be trained: []
[2026-04-14 14:12:14,767][anemoi.training.data.datamodule][WARNING] - Falling back rollout to: 1
[2026-04-14 14:12:14,774][anemoi.training.data.dataset][INFO] - NativeGridDataset.set_group_info(): global_rank 1, model_comm_group_id 1, model_comm_group_rank 0, model_comm_num_groups 2, reader_group_rank 0
[2026-04-14 14:12:15,295][anemoi.training.data.dataset][INFO] - Worker 0 (pid 2901, global_rank 1, model comm group 1)  has low/high range 727 / 817
[2026-04-14 14:12:16,099][anemoi.training.data.dataset][INFO] - Worker 1 (pid 2997, global_rank 1, model comm group 1)  has low/high range 817 / 907
[2026-04-14 14:12:16,796][anemoi.training.data.dataset][INFO] - Worker 2 (pid 3095, global_rank 1, model comm group 1)  has low/high range 907 / 997
[2026-04-14 14:12:17,896][anemoi.training.data.dataset][INFO] - Worker 3 (pid 3193, global_rank 1, model comm group 1)  has low/high range 997 / 1087
[2026-04-14 14:12:19,695][anemoi.training.data.dataset][INFO] - Worker 5 (pid 3391, global_rank 1, model comm group 1)  has low/high range 1177 / 1267
[2026-04-14 14:12:18,898][anemoi.training.data.dataset][INFO] - Worker 4 (pid 3292, global_rank 1, model comm group 1)  has low/high range 1087 / 1177
[2026-04-14 14:12:20,901][anemoi.training.data.dataset][INFO] - Worker 6 (pid 3489, global_rank 1, model comm group 1)  has low/high range 1267 / 1357
[2026-04-14 14:12:21,898][anemoi.training.data.dataset][INFO] - Worker 7 (pid 3586, global_rank 1, model comm group 1)  has low/high range 1357 / 1447
[2026-04-14 14:12:22,093][anemoi.models.data_indices.collection][INFO] - The order of the variables in the model matches the order in the data.
