[2026-01-06 16:41:24,025][anemoi.training.train.train][INFO] - Skipping config validation.
[2026-01-06 16:41:24,026][anemoi.training.train.train][INFO] - Starting from checkpoint: True
[2026-01-06 16:41:24,026][anemoi.training.train.train][INFO] - Run id: 8276a997-e9e2-4382-89ef-ae78f97ac47c
[2026-01-06 16:41:24,026][anemoi.training.train.train][INFO] - Checkpoints path: {'root': PosixPath('/mnt/weatherloss/WindPower/training/CI/GraphTransformer/checkpoint/8276a997-e9e2-4382-89ef-ae78f97ac47c'), 'every_n_epochs': 'anemoi-by_epoch-epoch_{epoch:03d}-step_{step:06d}', 'every_n_train_steps': 'anemoi-by_step-epoch_{epoch:03d}-step_{step:06d}', 'every_n_minutes': 'anemoi-by_time-epoch_{epoch:03d}-step_{step:06d}'}
[2026-01-06 16:41:24,026][anemoi.training.train.train][INFO] - Plots path: /mnt/weatherloss/WindPower/training/CI/GraphTransformer/plots/8276a997-e9e2-4382-89ef-ae78f97ac47c
[2026-01-06 16:41:24,459][anemoi.graphs.nodes.builders.from_file][INFO] - Reading the dataset from {'cutout': [{'dataset': '/mnt/weatherloss/WindPower/data/NorthSea/Anemoidatasets/Cerra_CI_HR_A.zarr'}, {'dataset': '/mnt/weatherloss/WindPower/data/NorthSea/Anemoidatasets/Cerra_CI_LR_A.zarr'}], 'min_distance_km': 0, 'adjust': 'all'}.
[2026-01-06 16:41:25,128][anemoi.graphs.generate.masks][INFO] - Fitting KNNAreaMaskBuilder with 24386 reference nodes from "data (cutout)".
[2026-01-06 16:41:41,847][anemoi.graphs.edges.builders.knn][INFO] - Using KNN-Edges (with 12 nearest neighbours) between data and hidden.
[2026-01-06 16:41:41,864][anemoi.graphs.edges.builders.base][WARNING] - The 'torch-cluster' library is not installed.
Installing 'torch-cluster' can significantly improve performance for graph creation.
You can install it using:
    TORCH_VERSION=$(python -c "import torch; print(torch.__version__)")
    pip install torch-cluster -f https://data.pyg.org/whl/torch-${TORCH_VERSION}.html

[2026-01-06 16:41:41,983][anemoi.graphs.edges.builders.cutoff][INFO] - Using CutOff-Edges (with radius = 65.0 km [factor=4.00]) between data and hidden.
[2026-01-06 16:41:41,984][anemoi.graphs.edges.builders.base][WARNING] - The 'torch-cluster' library is not installed.
Installing 'torch-cluster' can significantly improve performance for graph creation.
You can install it using:
    TORCH_VERSION=$(python -c "import torch; print(torch.__version__)")
    pip install torch-cluster -f https://data.pyg.org/whl/torch-${TORCH_VERSION}.html

[2026-01-06 16:42:26,742][anemoi.graphs.edges.builders.knn][INFO] - Using KNN-Edges (with 3 nearest neighbours) between hidden and data.
[2026-01-06 16:42:26,743][anemoi.graphs.edges.builders.base][WARNING] - The 'torch-cluster' library is not installed.
Installing 'torch-cluster' can significantly improve performance for graph creation.
You can install it using:
    TORCH_VERSION=$(python -c "import torch; print(torch.__version__)")
    pip install torch-cluster -f https://data.pyg.org/whl/torch-${TORCH_VERSION}.html

[2026-01-06 16:42:26,816][anemoi.graphs.create][INFO] - Cleaning graph.
[2026-01-06 16:42:26,816][anemoi.graphs.create][INFO] - _grid_reference_distance deleted from graph.
[2026-01-06 16:42:26,816][anemoi.graphs.create][INFO] - _dataset deleted from graph.
[2026-01-06 16:42:26,816][anemoi.graphs.create][INFO] - _grid_reference_distance deleted from graph.
[2026-01-06 16:42:26,816][anemoi.graphs.create][INFO] - _resolutions deleted from graph.
[2026-01-06 16:42:26,816][anemoi.graphs.create][INFO] - _area_mask_builder deleted from graph.
[2026-01-06 16:42:26,817][anemoi.graphs.create][INFO] - _node_ordering deleted from graph.
[2026-01-06 16:42:26,817][anemoi.graphs.create][INFO] - _nx_graph deleted from graph.
[2026-01-06 16:42:26,821][anemoi.graphs.processors.post_process][INFO] - Removing 70655 edges from ('data', 'to', 'hidden').
[2026-01-06 16:42:26,826][anemoi.graphs.processors.post_process][INFO] - Recomputing edge attribute edge_length.
[2026-01-06 16:42:26,828][anemoi.graphs.processors.post_process][INFO] - Recomputing edge attribute edge_dirs.
[2026-01-06 16:42:26,832][anemoi.graphs.processors.post_process][INFO] - Removing 0 nodes from data.
[2026-01-06 16:42:26,854][anemoi.graphs.processors.post_process][INFO] - An attribute indices_connected_nodes has been added with the indices to mask the nodes from the original graph.
[2026-01-06 16:42:26,864][anemoi.graphs.create][INFO] - Graph saved at /mnt/weatherloss/WindPower/graphs/Northsea.pt.
[2026-01-06 16:42:27,060][anemoi.training.data.datamodule][INFO] - Timeincrement set to 1 for data with frequency, 10800, and timestep, 10800
[2026-01-06 16:42:27,060][anemoi.training.data.grid_indices][INFO] - The graph attribute indices_connected_nodes of the data nodes will be used to masking the spatial dimension.
[2026-01-06 16:42:27,061][anemoi.training.train.train][INFO] - Number of data variables: 71
[2026-01-06 16:42:27,062][anemoi.training.train.train][INFO] - Variables: ['cos_latitude', 'cos_longitude', 'insolation', 'julian_day', 'lsm', 'mcc', 'msl', 'r_1000', 'r_500', 'r_600', 'r_700', 'r_750', 'r_800', 'r_850', 'r_900', 'r_950', 'sin_latitude', 'sin_longitude', 'surface_geopotential', 't2m', 't_1000', 't_500', 't_600', 't_700', 't_750', 't_800', 't_850', 't_900', 't_950', 'u_1000', 'u_500', 'u_600', 'u_700', 'u_750', 'u_800', 'u_850', 'u_900', 'u_950', 'v_1000', 'v_500', 'v_600', 'v_700', 'v_750', 'v_800', 'v_850', 'v_900', 'v_950', 'wdir10_cos', 'wdir10_sin', 'wdir_cos100', 'wdir_cos150', 'wdir_cos200', 'wdir_cos50', 'wdir_sin100', 'wdir_sin150', 'wdir_sin200', 'wdir_sin50', 'ws10', 'ws100', 'ws150', 'ws200', 'ws50', 'z_1000', 'z_500', 'z_600', 'z_700', 'z_750', 'z_800', 'z_850', 'z_900', 'z_950']
[2026-01-06 16:42:27,062][anemoi.training.train.train][INFO] - Total number of prognostic variables: 63
[2026-01-06 16:42:27,062][anemoi.training.train.train][INFO] - Total number of auxiliary variables: 8
[2026-01-06 16:42:27,062][anemoi.training.train.train][INFO] - Total GPU count / model group size: 1 - NB: the learning rate will be scaled by this factor!
[2026-01-06 16:42:27,062][anemoi.training.train.train][INFO] - Effective learning rate: 2.500e-04
[2026-01-06 16:42:27,062][anemoi.training.train.train][INFO] - Training limits: max_epochs=25, max_steps=175000. Training will stop when either limit is reached first. Learning rate scheduler will run for 175000 steps.
[2026-01-06 16:42:27,076][anemoi.models.migrations.migrator][INFO] - Loading migration 1755530253_initial
[2026-01-06 16:42:27,076][anemoi.models.migrations.migrator][INFO] - Loading migration 1762857427_deprecate_eda
[2026-01-06 16:42:27,076][anemoi.models.migrations.migrator][INFO] - Loading migration 1762857428_chunking_fix
[2026-01-06 16:42:27,076][anemoi.models.migrations.migrator][INFO] - Loading migration 1763479917_hardware_schema_update
[2026-01-06 16:42:27,096][anemoi.training.train.train][INFO] - TensorBoard logger enabled
[2026-01-06 16:42:27,098][pytorch_lightning.utilities.rank_zero][INFO] - Using 16bit Automatic Mixed Precision (AMP)
[2026-01-06 16:42:27,106][pytorch_lightning.utilities.rank_zero][INFO] - GPU available: True (cuda), used: True
[2026-01-06 16:42:27,106][pytorch_lightning.utilities.rank_zero][INFO] - TPU available: False, using: 0 TPU cores
[2026-01-06 16:42:27,128][lightning_fabric.utilities.seed][INFO] - Seed set to 74125
[2026-01-06 16:42:27,130][anemoi.training.train.train][INFO] - Initial seed: Rank 0, initial seed 74125, running with random seed: 74125
[2026-01-06 16:42:27,484][anemoi.models.preprocessing.normalizer][INFO] - Normalizing: cos_latitude is not normalized.
[2026-01-06 16:42:27,484][anemoi.models.preprocessing.normalizer][INFO] - Normalizing: cos_longitude is not normalized.
[2026-01-06 16:42:27,484][anemoi.models.preprocessing.normalizer][INFO] - Normalizing: lsm is not normalized.
[2026-01-06 16:42:27,484][anemoi.models.preprocessing.normalizer][INFO] - Normalizing: sin_latitude is not normalized.
[2026-01-06 16:42:27,484][anemoi.models.preprocessing.normalizer][INFO] - Normalizing: sin_longitude is not normalized.
[2026-01-06 16:42:27,484][anemoi.models.preprocessing.normalizer][INFO] - Normalizing: wdir10_cos is not normalized.
[2026-01-06 16:42:27,484][anemoi.models.preprocessing.normalizer][INFO] - Normalizing: wdir10_sin is not normalized.
[2026-01-06 16:42:27,484][anemoi.models.preprocessing.normalizer][INFO] - Normalizing: wdir_cos100 is not normalized.
[2026-01-06 16:42:27,484][anemoi.models.preprocessing.normalizer][INFO] - Normalizing: wdir_cos150 is not normalized.
[2026-01-06 16:42:27,484][anemoi.models.preprocessing.normalizer][INFO] - Normalizing: wdir_cos200 is not normalized.
[2026-01-06 16:42:27,484][anemoi.models.preprocessing.normalizer][INFO] - Normalizing: wdir_cos50 is not normalized.
[2026-01-06 16:42:27,484][anemoi.models.preprocessing.normalizer][INFO] - Normalizing: wdir_sin100 is not normalized.
[2026-01-06 16:42:27,484][anemoi.models.preprocessing.normalizer][INFO] - Normalizing: wdir_sin150 is not normalized.
[2026-01-06 16:42:27,484][anemoi.models.preprocessing.normalizer][INFO] - Normalizing: wdir_sin200 is not normalized.
[2026-01-06 16:42:27,484][anemoi.models.preprocessing.normalizer][INFO] - Normalizing: wdir_sin50 is not normalized.
[2026-01-06 16:42:27,525][anemoi.models.layers.utils][INFO] - Linear kernel: torch.nn.Linear.
[2026-01-06 16:42:27,525][anemoi.models.layers.utils][INFO] - LayerNorm kernel: torch.nn.LayerNorm.
[2026-01-06 16:42:27,526][anemoi.models.layers.utils][INFO] - Activation kernel: torch.nn.GELU.
[2026-01-06 16:42:27,526][anemoi.models.layers.utils][INFO] - QueryNorm kernel: anemoi.models.layers.normalization.AutocastLayerNorm.
[2026-01-06 16:42:27,527][anemoi.models.layers.utils][INFO] - KeyNorm kernel: anemoi.models.layers.normalization.AutocastLayerNorm.
[2026-01-06 16:42:27,532][anemoi.models.layers.block][INFO] - GraphTransformerMapperBlock using triton graph attention backend.
[2026-01-06 16:42:27,537][anemoi.models.layers.utils][INFO] - Linear kernel: torch.nn.Linear.
[2026-01-06 16:42:27,537][anemoi.models.layers.utils][INFO] - LayerNorm kernel: torch.nn.LayerNorm.
[2026-01-06 16:42:27,538][anemoi.models.layers.utils][INFO] - Activation kernel: torch.nn.GELU.
[2026-01-06 16:42:27,538][anemoi.models.layers.utils][INFO] - QueryNorm kernel: anemoi.models.layers.normalization.AutocastLayerNorm.
[2026-01-06 16:42:27,539][anemoi.models.layers.utils][INFO] - KeyNorm kernel: anemoi.models.layers.normalization.AutocastLayerNorm.
[2026-01-06 16:42:27,544][anemoi.models.layers.block][INFO] - GraphTransformerProcessorBlock using triton graph attention backend.
[2026-01-06 16:42:27,547][anemoi.models.layers.block][INFO] - GraphTransformerProcessorBlock using triton graph attention backend.
[2026-01-06 16:42:27,549][anemoi.models.layers.block][INFO] - GraphTransformerProcessorBlock using triton graph attention backend.
[2026-01-06 16:42:27,552][anemoi.models.layers.block][INFO] - GraphTransformerProcessorBlock using triton graph attention backend.
[2026-01-06 16:42:27,554][anemoi.models.layers.block][INFO] - GraphTransformerProcessorBlock using triton graph attention backend.
[2026-01-06 16:42:27,556][anemoi.models.layers.block][INFO] - GraphTransformerProcessorBlock using triton graph attention backend.
[2026-01-06 16:42:27,558][anemoi.models.layers.block][INFO] - GraphTransformerProcessorBlock using triton graph attention backend.
[2026-01-06 16:42:27,560][anemoi.models.layers.block][INFO] - GraphTransformerProcessorBlock using triton graph attention backend.
[2026-01-06 16:42:27,563][anemoi.models.layers.utils][INFO] - Linear kernel: torch.nn.Linear.
[2026-01-06 16:42:27,564][anemoi.models.layers.utils][INFO] - LayerNorm kernel: torch.nn.LayerNorm.
[2026-01-06 16:42:27,564][anemoi.models.layers.utils][INFO] - Activation kernel: torch.nn.GELU.
[2026-01-06 16:42:27,564][anemoi.models.layers.utils][INFO] - QueryNorm kernel: anemoi.models.layers.normalization.AutocastLayerNorm.
[2026-01-06 16:42:27,565][anemoi.models.layers.utils][INFO] - KeyNorm kernel: anemoi.models.layers.normalization.AutocastLayerNorm.
[2026-01-06 16:42:27,569][anemoi.models.layers.block][INFO] - GraphTransformerMapperBlock using triton graph attention backend.
[2026-01-06 16:42:27,898][anemoi.training.losses.scalers.variable_level][INFO] - Variable Level Scaling: Applying ReluVariableLevelScaler scaling to pl variables ({'param': []})
[2026-01-06 16:42:27,898][anemoi.training.losses.scalers.variable_level][INFO] - with slope = 0.001 and y-intercept/minimum = 0.2.
[2026-01-06 16:42:27,936][anemoi.training.data.grid_indices][INFO] - The graph attribute indices_connected_nodes of the data nodes will be used to masking the spatial dimension.
[2026-01-06 16:42:27,937][anemoi.training.train.train][INFO] - The following submodules will NOT be trained: []
[2026-01-06 16:42:27,950][anemoi.models.utils.compile][INFO] - The following modules will be compiled: []
[2026-01-06 16:42:27,951][anemoi.training.train.train][INFO] - Recompile limit set to 32
[2026-01-06 16:42:27,951][anemoi.training.train.train][INFO] - Resuming training from last checkpoint: /mnt/weatherloss/WindPower/training/CI/GraphTransformer/checkpoint/8276a997-e9e2-4382-89ef-ae78f97ac47c/last.ckpt
[2026-01-06 16:42:27,970][lightning_fabric.utilities.distributed][INFO] - Initializing distributed: GLOBAL_RANK: 0, MEMBER: 1/1
[2026-01-06 16:42:28,117][pytorch_lightning.utilities.rank_zero][INFO] - ----------------------------------------------------------------------------------------------------
distributed_backend=nccl
All distributed processes registered. Starting with 1 processes
----------------------------------------------------------------------------------------------------

[2026-01-06 16:42:28,206][pytorch_lightning.utilities.rank_zero][INFO] - Restoring states from the checkpoint path at /mnt/weatherloss/WindPower/training/CI/GraphTransformer/checkpoint/8276a997-e9e2-4382-89ef-ae78f97ac47c/last.ckpt
[2026-01-06 16:42:29,246][pytorch_lightning.accelerators.cuda][INFO] - LOCAL_RANK: 0 - CUDA_VISIBLE_DEVICES: [0]
[2026-01-06 16:42:29,316][lightning_fabric.utilities.seed][INFO] - [rank: 0] Seed set to 74125
[2026-01-06 16:42:37,164][pytorch_lightning.utilities.rank_zero][INFO] - Restored all states from the checkpoint at /mnt/weatherloss/WindPower/training/CI/GraphTransformer/checkpoint/8276a997-e9e2-4382-89ef-ae78f97ac47c/last.ckpt
[2026-01-06 16:42:37,168][anemoi.training.data.dataset][INFO] - NativeGridDataset.set_group_info(): global_rank 0, model_comm_group_id 0, model_comm_group_rank 0, model_comm_num_groups 1, reader_group_rank 0
[2026-01-06 16:42:37,229][anemoi.training.data.dataset][INFO] - Worker 0 (pid 379812, global_rank 0, model comm group 0)  has low/high range 0 / 5963
[2026-01-06 16:42:37,232][anemoi.training.data.dataset][INFO] - Worker 0 (train, pid 379812, glob. rank 0, model comm group 0, group_rank 0, seed group id 0, base_seed 74125, sanity rnd 0.173022)
[2026-01-06 16:42:37,265][anemoi.training.data.dataset][INFO] - Worker 1 (pid 379908, global_rank 0, model comm group 0)  has low/high range 5963 / 11926
[2026-01-06 16:42:37,268][anemoi.training.data.dataset][INFO] - Worker 1 (train, pid 379908, glob. rank 0, model comm group 0, group_rank 0, seed group id 0, base_seed 74125, sanity rnd 0.173022)
[2026-01-06 16:42:37,913][anemoi.training.data.dataset][INFO] - NativeGridDataset.set_group_info(): global_rank 0, model_comm_group_id 0, model_comm_group_rank 0, model_comm_num_groups 1, reader_group_rank 0
[2026-01-06 16:42:37,914][anemoi.models.data_indices.collection][INFO] - The order of the variables in the model matches the order in the data.
[2026-01-06 18:12:14,106][anemoi.training.data.dataset][INFO] - Worker 0 (pid 401847, global_rank 0, model comm group 0)  has low/high range 0 / 723
[2026-01-06 18:12:14,109][anemoi.training.data.dataset][INFO] - Worker 0 (validation, pid 401847, glob. rank 0, model comm group 0, group_rank 0, seed group id 0, base_seed 74125, sanity rnd 0.173022)
[2026-01-06 18:12:14,160][anemoi.training.data.dataset][INFO] - Worker 1 (pid 401943, global_rank 0, model comm group 0)  has low/high range 723 / 1446
[2026-01-06 18:12:14,163][anemoi.training.data.dataset][INFO] - Worker 1 (validation, pid 401943, glob. rank 0, model comm group 0, group_rank 0, seed group id 0, base_seed 74125, sanity rnd 0.173022)
[2026-01-06 18:12:14,413][anemoi.models.data_indices.collection][INFO] - The order of the variables in the model matches the order in the data.
[2026-01-06 18:21:46,265][anemoi.utils.checkpoints][INFO] - Adding extra information to checkpoint /mnt/weatherloss/WindPower/training/CI/GraphTransformer/checkpoint/8276a997-e9e2-4382-89ef-ae78f97ac47c/inference-anemoi-by_epoch-epoch_008-step_111926.ckpt
[2026-01-06 18:21:46,265][anemoi.utils.checkpoints][INFO] - Saving metadata to inference-anemoi-by_epoch-epoch_008-step_111926/anemoi-metadata/ai-models.json
[2026-01-06 18:21:46,267][anemoi.utils.checkpoints][INFO] - Saving supporting array `latitudes` to inference-anemoi-by_epoch-epoch_008-step_111926/anemoi-metadata/latitudes.numpy (shape=(25427,), dtype=float64)
[2026-01-06 18:21:46,267][anemoi.utils.checkpoints][INFO] - Saving supporting array `longitudes` to inference-anemoi-by_epoch-epoch_008-step_111926/anemoi-metadata/longitudes.numpy (shape=(25427,), dtype=float64)
[2026-01-06 18:21:46,267][anemoi.utils.checkpoints][INFO] - Saving supporting array `lam_0/cutout_mask` to inference-anemoi-by_epoch-epoch_008-step_111926/anemoi-metadata/lam_0/cutout_mask.numpy (shape=(24386,), dtype=bool)
[2026-01-06 18:21:46,268][anemoi.utils.checkpoints][INFO] - Saving supporting array `global/cutout_mask` to inference-anemoi-by_epoch-epoch_008-step_111926/anemoi-metadata/global/cutout_mask.numpy (shape=(2021,), dtype=bool)
[2026-01-06 18:21:46,268][anemoi.utils.checkpoints][INFO] - Saving supporting array `source0/latitudes` to inference-anemoi-by_epoch-epoch_008-step_111926/anemoi-metadata/source0/latitudes.numpy (shape=(24386,), dtype=float64)
[2026-01-06 18:21:46,268][anemoi.utils.checkpoints][INFO] - Saving supporting array `source0/longitudes` to inference-anemoi-by_epoch-epoch_008-step_111926/anemoi-metadata/source0/longitudes.numpy (shape=(24386,), dtype=float64)
[2026-01-06 18:21:46,268][anemoi.utils.checkpoints][INFO] - Saving supporting array `source1/latitudes` to inference-anemoi-by_epoch-epoch_008-step_111926/anemoi-metadata/source1/latitudes.numpy (shape=(2021,), dtype=float64)
[2026-01-06 18:21:46,268][anemoi.utils.checkpoints][INFO] - Saving supporting array `source1/longitudes` to inference-anemoi-by_epoch-epoch_008-step_111926/anemoi-metadata/source1/longitudes.numpy (shape=(2021,), dtype=float64)
[2026-01-06 18:21:46,268][anemoi.utils.checkpoints][INFO] - Saving supporting array `grid_indices` to inference-anemoi-by_epoch-epoch_008-step_111926/anemoi-metadata/grid_indices.numpy (shape=(25427,), dtype=int64)
[2026-01-06 18:21:46,694][anemoi.utils.checkpoints][INFO] - Adding extra information to checkpoint /mnt/weatherloss/WindPower/training/CI/GraphTransformer/checkpoint/8276a997-e9e2-4382-89ef-ae78f97ac47c/anemoi-by_epoch-epoch_008-step_111926.ckpt
[2026-01-06 18:21:46,694][anemoi.utils.checkpoints][INFO] - Saving metadata to archive/anemoi-metadata/ai-models.json
[2026-01-06 18:21:46,695][anemoi.utils.checkpoints][INFO] - Saving supporting array `latitudes` to archive/anemoi-metadata/latitudes.numpy (shape=(25427,), dtype=float64)
[2026-01-06 18:21:46,696][anemoi.utils.checkpoints][INFO] - Saving supporting array `longitudes` to archive/anemoi-metadata/longitudes.numpy (shape=(25427,), dtype=float64)
[2026-01-06 18:21:46,696][anemoi.utils.checkpoints][INFO] - Saving supporting array `lam_0/cutout_mask` to archive/anemoi-metadata/lam_0/cutout_mask.numpy (shape=(24386,), dtype=bool)
[2026-01-06 18:21:46,696][anemoi.utils.checkpoints][INFO] - Saving supporting array `global/cutout_mask` to archive/anemoi-metadata/global/cutout_mask.numpy (shape=(2021,), dtype=bool)
[2026-01-06 18:21:46,696][anemoi.utils.checkpoints][INFO] - Saving supporting array `source0/latitudes` to archive/anemoi-metadata/source0/latitudes.numpy (shape=(24386,), dtype=float64)
[2026-01-06 18:21:46,697][anemoi.utils.checkpoints][INFO] - Saving supporting array `source0/longitudes` to archive/anemoi-metadata/source0/longitudes.numpy (shape=(24386,), dtype=float64)
[2026-01-06 18:21:46,697][anemoi.utils.checkpoints][INFO] - Saving supporting array `source1/latitudes` to archive/anemoi-metadata/source1/latitudes.numpy (shape=(2021,), dtype=float64)
[2026-01-06 18:21:46,697][anemoi.utils.checkpoints][INFO] - Saving supporting array `source1/longitudes` to archive/anemoi-metadata/source1/longitudes.numpy (shape=(2021,), dtype=float64)
[2026-01-06 18:21:46,697][anemoi.utils.checkpoints][INFO] - Saving supporting array `grid_indices` to archive/anemoi-metadata/grid_indices.numpy (shape=(25427,), dtype=int64)
[2026-01-06 18:21:46,797][anemoi.utils.checkpoints][INFO] - Adding extra information to checkpoint /mnt/weatherloss/WindPower/training/CI/GraphTransformer/checkpoint/8276a997-e9e2-4382-89ef-ae78f97ac47c/inference-last.ckpt
[2026-01-06 18:21:46,798][anemoi.utils.checkpoints][INFO] - Saving metadata to inference-last/anemoi-metadata/ai-models.json
[2026-01-06 18:21:46,799][anemoi.utils.checkpoints][INFO] - Saving supporting array `latitudes` to inference-last/anemoi-metadata/latitudes.numpy (shape=(25427,), dtype=float64)
[2026-01-06 18:21:46,800][anemoi.utils.checkpoints][INFO] - Saving supporting array `longitudes` to inference-last/anemoi-metadata/longitudes.numpy (shape=(25427,), dtype=float64)
[2026-01-06 18:21:46,800][anemoi.utils.checkpoints][INFO] - Saving supporting array `lam_0/cutout_mask` to inference-last/anemoi-metadata/lam_0/cutout_mask.numpy (shape=(24386,), dtype=bool)
[2026-01-06 18:21:46,800][anemoi.utils.checkpoints][INFO] - Saving supporting array `global/cutout_mask` to inference-last/anemoi-metadata/global/cutout_mask.numpy (shape=(2021,), dtype=bool)
[2026-01-06 18:21:46,800][anemoi.utils.checkpoints][INFO] - Saving supporting array `source0/latitudes` to inference-last/anemoi-metadata/source0/latitudes.numpy (shape=(24386,), dtype=float64)
[2026-01-06 18:21:46,800][anemoi.utils.checkpoints][INFO] - Saving supporting array `source0/longitudes` to inference-last/anemoi-metadata/source0/longitudes.numpy (shape=(24386,), dtype=float64)
[2026-01-06 18:21:46,801][anemoi.utils.checkpoints][INFO] - Saving supporting array `source1/latitudes` to inference-last/anemoi-metadata/source1/latitudes.numpy (shape=(2021,), dtype=float64)
[2026-01-06 18:21:46,801][anemoi.utils.checkpoints][INFO] - Saving supporting array `source1/longitudes` to inference-last/anemoi-metadata/source1/longitudes.numpy (shape=(2021,), dtype=float64)
[2026-01-06 18:21:46,801][anemoi.utils.checkpoints][INFO] - Saving supporting array `grid_indices` to inference-last/anemoi-metadata/grid_indices.numpy (shape=(25427,), dtype=int64)
[2026-01-06 18:21:47,262][anemoi.utils.checkpoints][INFO] - Adding extra information to checkpoint /mnt/weatherloss/WindPower/training/CI/GraphTransformer/checkpoint/8276a997-e9e2-4382-89ef-ae78f97ac47c/last.ckpt
[2026-01-06 18:21:47,262][anemoi.utils.checkpoints][INFO] - Saving metadata to archive/anemoi-metadata/ai-models.json
[2026-01-06 18:21:47,264][anemoi.utils.checkpoints][INFO] - Saving supporting array `latitudes` to archive/anemoi-metadata/latitudes.numpy (shape=(25427,), dtype=float64)
[2026-01-06 18:21:47,264][anemoi.utils.checkpoints][INFO] - Saving supporting array `longitudes` to archive/anemoi-metadata/longitudes.numpy (shape=(25427,), dtype=float64)
[2026-01-06 18:21:47,265][anemoi.utils.checkpoints][INFO] - Saving supporting array `lam_0/cutout_mask` to archive/anemoi-metadata/lam_0/cutout_mask.numpy (shape=(24386,), dtype=bool)
[2026-01-06 18:21:47,265][anemoi.utils.checkpoints][INFO] - Saving supporting array `global/cutout_mask` to archive/anemoi-metadata/global/cutout_mask.numpy (shape=(2021,), dtype=bool)
[2026-01-06 18:21:47,265][anemoi.utils.checkpoints][INFO] - Saving supporting array `source0/latitudes` to archive/anemoi-metadata/source0/latitudes.numpy (shape=(24386,), dtype=float64)
[2026-01-06 18:21:47,265][anemoi.utils.checkpoints][INFO] - Saving supporting array `source0/longitudes` to archive/anemoi-metadata/source0/longitudes.numpy (shape=(24386,), dtype=float64)
[2026-01-06 18:21:47,265][anemoi.utils.checkpoints][INFO] - Saving supporting array `source1/latitudes` to archive/anemoi-metadata/source1/latitudes.numpy (shape=(2021,), dtype=float64)
[2026-01-06 18:21:47,265][anemoi.utils.checkpoints][INFO] - Saving supporting array `source1/longitudes` to archive/anemoi-metadata/source1/longitudes.numpy (shape=(2021,), dtype=float64)
[2026-01-06 18:21:47,266][anemoi.utils.checkpoints][INFO] - Saving supporting array `grid_indices` to archive/anemoi-metadata/grid_indices.numpy (shape=(25427,), dtype=int64)
[2026-01-06 20:14:17,082][anemoi.models.data_indices.collection][INFO] - The order of the variables in the model matches the order in the data.
[2026-01-06 20:47:05,365][anemoi.utils.checkpoints][INFO] - Adding extra information to checkpoint /mnt/weatherloss/WindPower/training/CI/GraphTransformer/checkpoint/8276a997-e9e2-4382-89ef-ae78f97ac47c/inference-anemoi-by_epoch-epoch_009-step_123852.ckpt
[2026-01-06 20:47:05,366][anemoi.utils.checkpoints][INFO] - Saving metadata to inference-anemoi-by_epoch-epoch_009-step_123852/anemoi-metadata/ai-models.json
[2026-01-06 20:47:05,368][anemoi.utils.checkpoints][INFO] - Saving supporting array `latitudes` to inference-anemoi-by_epoch-epoch_009-step_123852/anemoi-metadata/latitudes.numpy (shape=(25427,), dtype=float64)
[2026-01-06 20:47:05,368][anemoi.utils.checkpoints][INFO] - Saving supporting array `longitudes` to inference-anemoi-by_epoch-epoch_009-step_123852/anemoi-metadata/longitudes.numpy (shape=(25427,), dtype=float64)
[2026-01-06 20:47:05,369][anemoi.utils.checkpoints][INFO] - Saving supporting array `lam_0/cutout_mask` to inference-anemoi-by_epoch-epoch_009-step_123852/anemoi-metadata/lam_0/cutout_mask.numpy (shape=(24386,), dtype=bool)
[2026-01-06 20:47:05,369][anemoi.utils.checkpoints][INFO] - Saving supporting array `global/cutout_mask` to inference-anemoi-by_epoch-epoch_009-step_123852/anemoi-metadata/global/cutout_mask.numpy (shape=(2021,), dtype=bool)
[2026-01-06 20:47:05,369][anemoi.utils.checkpoints][INFO] - Saving supporting array `source0/latitudes` to inference-anemoi-by_epoch-epoch_009-step_123852/anemoi-metadata/source0/latitudes.numpy (shape=(24386,), dtype=float64)
[2026-01-06 20:47:05,370][anemoi.utils.checkpoints][INFO] - Saving supporting array `source0/longitudes` to inference-anemoi-by_epoch-epoch_009-step_123852/anemoi-metadata/source0/longitudes.numpy (shape=(24386,), dtype=float64)
[2026-01-06 20:47:05,370][anemoi.utils.checkpoints][INFO] - Saving supporting array `source1/latitudes` to inference-anemoi-by_epoch-epoch_009-step_123852/anemoi-metadata/source1/latitudes.numpy (shape=(2021,), dtype=float64)
[2026-01-06 20:47:05,370][anemoi.utils.checkpoints][INFO] - Saving supporting array `source1/longitudes` to inference-anemoi-by_epoch-epoch_009-step_123852/anemoi-metadata/source1/longitudes.numpy (shape=(2021,), dtype=float64)
[2026-01-06 20:47:05,370][anemoi.utils.checkpoints][INFO] - Saving supporting array `grid_indices` to inference-anemoi-by_epoch-epoch_009-step_123852/anemoi-metadata/grid_indices.numpy (shape=(25427,), dtype=int64)
[2026-01-06 20:47:05,894][anemoi.utils.checkpoints][INFO] - Adding extra information to checkpoint /mnt/weatherloss/WindPower/training/CI/GraphTransformer/checkpoint/8276a997-e9e2-4382-89ef-ae78f97ac47c/anemoi-by_epoch-epoch_009-step_123852.ckpt
[2026-01-06 20:47:05,895][anemoi.utils.checkpoints][INFO] - Saving metadata to archive/anemoi-metadata/ai-models.json
[2026-01-06 20:47:05,896][anemoi.utils.checkpoints][INFO] - Saving supporting array `latitudes` to archive/anemoi-metadata/latitudes.numpy (shape=(25427,), dtype=float64)
[2026-01-06 20:47:05,897][anemoi.utils.checkpoints][INFO] - Saving supporting array `longitudes` to archive/anemoi-metadata/longitudes.numpy (shape=(25427,), dtype=float64)
[2026-01-06 20:47:05,897][anemoi.utils.checkpoints][INFO] - Saving supporting array `lam_0/cutout_mask` to archive/anemoi-metadata/lam_0/cutout_mask.numpy (shape=(24386,), dtype=bool)
[2026-01-06 20:47:05,897][anemoi.utils.checkpoints][INFO] - Saving supporting array `global/cutout_mask` to archive/anemoi-metadata/global/cutout_mask.numpy (shape=(2021,), dtype=bool)
[2026-01-06 20:47:05,897][anemoi.utils.checkpoints][INFO] - Saving supporting array `source0/latitudes` to archive/anemoi-metadata/source0/latitudes.numpy (shape=(24386,), dtype=float64)
[2026-01-06 20:47:05,898][anemoi.utils.checkpoints][INFO] - Saving supporting array `source0/longitudes` to archive/anemoi-metadata/source0/longitudes.numpy (shape=(24386,), dtype=float64)
[2026-01-06 20:47:05,898][anemoi.utils.checkpoints][INFO] - Saving supporting array `source1/latitudes` to archive/anemoi-metadata/source1/latitudes.numpy (shape=(2021,), dtype=float64)
[2026-01-06 20:47:05,898][anemoi.utils.checkpoints][INFO] - Saving supporting array `source1/longitudes` to archive/anemoi-metadata/source1/longitudes.numpy (shape=(2021,), dtype=float64)
[2026-01-06 20:47:05,898][anemoi.utils.checkpoints][INFO] - Saving supporting array `grid_indices` to archive/anemoi-metadata/grid_indices.numpy (shape=(25427,), dtype=int64)
[2026-01-06 20:47:06,003][anemoi.utils.checkpoints][INFO] - Adding extra information to checkpoint /mnt/weatherloss/WindPower/training/CI/GraphTransformer/checkpoint/8276a997-e9e2-4382-89ef-ae78f97ac47c/inference-last.ckpt
[2026-01-06 20:47:06,003][anemoi.utils.checkpoints][INFO] - Saving metadata to inference-last/anemoi-metadata/ai-models.json
[2026-01-06 20:47:06,005][anemoi.utils.checkpoints][INFO] - Saving supporting array `latitudes` to inference-last/anemoi-metadata/latitudes.numpy (shape=(25427,), dtype=float64)
[2026-01-06 20:47:06,005][anemoi.utils.checkpoints][INFO] - Saving supporting array `longitudes` to inference-last/anemoi-metadata/longitudes.numpy (shape=(25427,), dtype=float64)
[2026-01-06 20:47:06,006][anemoi.utils.checkpoints][INFO] - Saving supporting array `lam_0/cutout_mask` to inference-last/anemoi-metadata/lam_0/cutout_mask.numpy (shape=(24386,), dtype=bool)
[2026-01-06 20:47:06,006][anemoi.utils.checkpoints][INFO] - Saving supporting array `global/cutout_mask` to inference-last/anemoi-metadata/global/cutout_mask.numpy (shape=(2021,), dtype=bool)
[2026-01-06 20:47:06,006][anemoi.utils.checkpoints][INFO] - Saving supporting array `source0/latitudes` to inference-last/anemoi-metadata/source0/latitudes.numpy (shape=(24386,), dtype=float64)
[2026-01-06 20:47:06,006][anemoi.utils.checkpoints][INFO] - Saving supporting array `source0/longitudes` to inference-last/anemoi-metadata/source0/longitudes.numpy (shape=(24386,), dtype=float64)
[2026-01-06 20:47:06,006][anemoi.utils.checkpoints][INFO] - Saving supporting array `source1/latitudes` to inference-last/anemoi-metadata/source1/latitudes.numpy (shape=(2021,), dtype=float64)
[2026-01-06 20:47:06,006][anemoi.utils.checkpoints][INFO] - Saving supporting array `source1/longitudes` to inference-last/anemoi-metadata/source1/longitudes.numpy (shape=(2021,), dtype=float64)
[2026-01-06 20:47:06,006][anemoi.utils.checkpoints][INFO] - Saving supporting array `grid_indices` to inference-last/anemoi-metadata/grid_indices.numpy (shape=(25427,), dtype=int64)
[2026-01-06 20:47:06,526][anemoi.utils.checkpoints][INFO] - Adding extra information to checkpoint /mnt/weatherloss/WindPower/training/CI/GraphTransformer/checkpoint/8276a997-e9e2-4382-89ef-ae78f97ac47c/last.ckpt
[2026-01-06 20:47:06,526][anemoi.utils.checkpoints][INFO] - Saving metadata to archive/anemoi-metadata/ai-models.json
[2026-01-06 20:47:06,528][anemoi.utils.checkpoints][INFO] - Saving supporting array `latitudes` to archive/anemoi-metadata/latitudes.numpy (shape=(25427,), dtype=float64)
[2026-01-06 20:47:06,528][anemoi.utils.checkpoints][INFO] - Saving supporting array `longitudes` to archive/anemoi-metadata/longitudes.numpy (shape=(25427,), dtype=float64)
[2026-01-06 20:47:06,529][anemoi.utils.checkpoints][INFO] - Saving supporting array `lam_0/cutout_mask` to archive/anemoi-metadata/lam_0/cutout_mask.numpy (shape=(24386,), dtype=bool)
[2026-01-06 20:47:06,529][anemoi.utils.checkpoints][INFO] - Saving supporting array `global/cutout_mask` to archive/anemoi-metadata/global/cutout_mask.numpy (shape=(2021,), dtype=bool)
[2026-01-06 20:47:06,529][anemoi.utils.checkpoints][INFO] - Saving supporting array `source0/latitudes` to archive/anemoi-metadata/source0/latitudes.numpy (shape=(24386,), dtype=float64)
[2026-01-06 20:47:06,529][anemoi.utils.checkpoints][INFO] - Saving supporting array `source0/longitudes` to archive/anemoi-metadata/source0/longitudes.numpy (shape=(24386,), dtype=float64)
[2026-01-06 20:47:06,530][anemoi.utils.checkpoints][INFO] - Saving supporting array `source1/latitudes` to archive/anemoi-metadata/source1/latitudes.numpy (shape=(2021,), dtype=float64)
[2026-01-06 20:47:06,530][anemoi.utils.checkpoints][INFO] - Saving supporting array `source1/longitudes` to archive/anemoi-metadata/source1/longitudes.numpy (shape=(2021,), dtype=float64)
[2026-01-06 20:47:06,530][anemoi.utils.checkpoints][INFO] - Saving supporting array `grid_indices` to archive/anemoi-metadata/grid_indices.numpy (shape=(25427,), dtype=int64)
[2026-01-06 21:43:55,099][anemoi.models.data_indices.collection][INFO] - The order of the variables in the model matches the order in the data.
[2026-01-06 21:46:09,293][anemoi.utils.checkpoints][INFO] - Adding extra information to checkpoint /mnt/weatherloss/WindPower/training/CI/GraphTransformer/checkpoint/8276a997-e9e2-4382-89ef-ae78f97ac47c/inference-anemoi-by_epoch-epoch_010-step_135778.ckpt
[2026-01-06 21:46:09,293][anemoi.utils.checkpoints][INFO] - Saving metadata to inference-anemoi-by_epoch-epoch_010-step_135778/anemoi-metadata/ai-models.json
[2026-01-06 21:46:09,294][anemoi.utils.checkpoints][INFO] - Saving supporting array `latitudes` to inference-anemoi-by_epoch-epoch_010-step_135778/anemoi-metadata/latitudes.numpy (shape=(25427,), dtype=float64)
[2026-01-06 21:46:09,294][anemoi.utils.checkpoints][INFO] - Saving supporting array `longitudes` to inference-anemoi-by_epoch-epoch_010-step_135778/anemoi-metadata/longitudes.numpy (shape=(25427,), dtype=float64)
[2026-01-06 21:46:09,294][anemoi.utils.checkpoints][INFO] - Saving supporting array `lam_0/cutout_mask` to inference-anemoi-by_epoch-epoch_010-step_135778/anemoi-metadata/lam_0/cutout_mask.numpy (shape=(24386,), dtype=bool)
[2026-01-06 21:46:09,294][anemoi.utils.checkpoints][INFO] - Saving supporting array `global/cutout_mask` to inference-anemoi-by_epoch-epoch_010-step_135778/anemoi-metadata/global/cutout_mask.numpy (shape=(2021,), dtype=bool)
[2026-01-06 21:46:09,294][anemoi.utils.checkpoints][INFO] - Saving supporting array `source0/latitudes` to inference-anemoi-by_epoch-epoch_010-step_135778/anemoi-metadata/source0/latitudes.numpy (shape=(24386,), dtype=float64)
[2026-01-06 21:46:09,295][anemoi.utils.checkpoints][INFO] - Saving supporting array `source0/longitudes` to inference-anemoi-by_epoch-epoch_010-step_135778/anemoi-metadata/source0/longitudes.numpy (shape=(24386,), dtype=float64)
[2026-01-06 21:46:09,295][anemoi.utils.checkpoints][INFO] - Saving supporting array `source1/latitudes` to inference-anemoi-by_epoch-epoch_010-step_135778/anemoi-metadata/source1/latitudes.numpy (shape=(2021,), dtype=float64)
[2026-01-06 21:46:09,295][anemoi.utils.checkpoints][INFO] - Saving supporting array `source1/longitudes` to inference-anemoi-by_epoch-epoch_010-step_135778/anemoi-metadata/source1/longitudes.numpy (shape=(2021,), dtype=float64)
[2026-01-06 21:46:09,295][anemoi.utils.checkpoints][INFO] - Saving supporting array `grid_indices` to inference-anemoi-by_epoch-epoch_010-step_135778/anemoi-metadata/grid_indices.numpy (shape=(25427,), dtype=int64)
[2026-01-06 21:46:09,611][anemoi.utils.checkpoints][INFO] - Adding extra information to checkpoint /mnt/weatherloss/WindPower/training/CI/GraphTransformer/checkpoint/8276a997-e9e2-4382-89ef-ae78f97ac47c/anemoi-by_epoch-epoch_010-step_135778.ckpt
[2026-01-06 21:46:09,611][anemoi.utils.checkpoints][INFO] - Saving metadata to archive/anemoi-metadata/ai-models.json
[2026-01-06 21:46:09,612][anemoi.utils.checkpoints][INFO] - Saving supporting array `latitudes` to archive/anemoi-metadata/latitudes.numpy (shape=(25427,), dtype=float64)
[2026-01-06 21:46:09,612][anemoi.utils.checkpoints][INFO] - Saving supporting array `longitudes` to archive/anemoi-metadata/longitudes.numpy (shape=(25427,), dtype=float64)
[2026-01-06 21:46:09,613][anemoi.utils.checkpoints][INFO] - Saving supporting array `lam_0/cutout_mask` to archive/anemoi-metadata/lam_0/cutout_mask.numpy (shape=(24386,), dtype=bool)
[2026-01-06 21:46:09,613][anemoi.utils.checkpoints][INFO] - Saving supporting array `global/cutout_mask` to archive/anemoi-metadata/global/cutout_mask.numpy (shape=(2021,), dtype=bool)
[2026-01-06 21:46:09,613][anemoi.utils.checkpoints][INFO] - Saving supporting array `source0/latitudes` to archive/anemoi-metadata/source0/latitudes.numpy (shape=(24386,), dtype=float64)
[2026-01-06 21:46:09,613][anemoi.utils.checkpoints][INFO] - Saving supporting array `source0/longitudes` to archive/anemoi-metadata/source0/longitudes.numpy (shape=(24386,), dtype=float64)
[2026-01-06 21:46:09,613][anemoi.utils.checkpoints][INFO] - Saving supporting array `source1/latitudes` to archive/anemoi-metadata/source1/latitudes.numpy (shape=(2021,), dtype=float64)
[2026-01-06 21:46:09,613][anemoi.utils.checkpoints][INFO] - Saving supporting array `source1/longitudes` to archive/anemoi-metadata/source1/longitudes.numpy (shape=(2021,), dtype=float64)
[2026-01-06 21:46:09,613][anemoi.utils.checkpoints][INFO] - Saving supporting array `grid_indices` to archive/anemoi-metadata/grid_indices.numpy (shape=(25427,), dtype=int64)
[2026-01-06 21:46:09,695][anemoi.utils.checkpoints][INFO] - Adding extra information to checkpoint /mnt/weatherloss/WindPower/training/CI/GraphTransformer/checkpoint/8276a997-e9e2-4382-89ef-ae78f97ac47c/inference-last.ckpt
[2026-01-06 21:46:09,695][anemoi.utils.checkpoints][INFO] - Saving metadata to inference-last/anemoi-metadata/ai-models.json
[2026-01-06 21:46:09,696][anemoi.utils.checkpoints][INFO] - Saving supporting array `latitudes` to inference-last/anemoi-metadata/latitudes.numpy (shape=(25427,), dtype=float64)
[2026-01-06 21:46:09,696][anemoi.utils.checkpoints][INFO] - Saving supporting array `longitudes` to inference-last/anemoi-metadata/longitudes.numpy (shape=(25427,), dtype=float64)
[2026-01-06 21:46:09,696][anemoi.utils.checkpoints][INFO] - Saving supporting array `lam_0/cutout_mask` to inference-last/anemoi-metadata/lam_0/cutout_mask.numpy (shape=(24386,), dtype=bool)
[2026-01-06 21:46:09,697][anemoi.utils.checkpoints][INFO] - Saving supporting array `global/cutout_mask` to inference-last/anemoi-metadata/global/cutout_mask.numpy (shape=(2021,), dtype=bool)
[2026-01-06 21:46:09,697][anemoi.utils.checkpoints][INFO] - Saving supporting array `source0/latitudes` to inference-last/anemoi-metadata/source0/latitudes.numpy (shape=(24386,), dtype=float64)
[2026-01-06 21:46:09,697][anemoi.utils.checkpoints][INFO] - Saving supporting array `source0/longitudes` to inference-last/anemoi-metadata/source0/longitudes.numpy (shape=(24386,), dtype=float64)
[2026-01-06 21:46:09,697][anemoi.utils.checkpoints][INFO] - Saving supporting array `source1/latitudes` to inference-last/anemoi-metadata/source1/latitudes.numpy (shape=(2021,), dtype=float64)
[2026-01-06 21:46:09,697][anemoi.utils.checkpoints][INFO] - Saving supporting array `source1/longitudes` to inference-last/anemoi-metadata/source1/longitudes.numpy (shape=(2021,), dtype=float64)
[2026-01-06 21:46:09,697][anemoi.utils.checkpoints][INFO] - Saving supporting array `grid_indices` to inference-last/anemoi-metadata/grid_indices.numpy (shape=(25427,), dtype=int64)
[2026-01-06 21:46:10,064][anemoi.utils.checkpoints][INFO] - Adding extra information to checkpoint /mnt/weatherloss/WindPower/training/CI/GraphTransformer/checkpoint/8276a997-e9e2-4382-89ef-ae78f97ac47c/last.ckpt
[2026-01-06 21:46:10,064][anemoi.utils.checkpoints][INFO] - Saving metadata to archive/anemoi-metadata/ai-models.json
[2026-01-06 21:46:10,066][anemoi.utils.checkpoints][INFO] - Saving supporting array `latitudes` to archive/anemoi-metadata/latitudes.numpy (shape=(25427,), dtype=float64)
[2026-01-06 21:46:10,066][anemoi.utils.checkpoints][INFO] - Saving supporting array `longitudes` to archive/anemoi-metadata/longitudes.numpy (shape=(25427,), dtype=float64)
[2026-01-06 21:46:10,066][anemoi.utils.checkpoints][INFO] - Saving supporting array `lam_0/cutout_mask` to archive/anemoi-metadata/lam_0/cutout_mask.numpy (shape=(24386,), dtype=bool)
[2026-01-06 21:46:10,066][anemoi.utils.checkpoints][INFO] - Saving supporting array `global/cutout_mask` to archive/anemoi-metadata/global/cutout_mask.numpy (shape=(2021,), dtype=bool)
[2026-01-06 21:46:10,066][anemoi.utils.checkpoints][INFO] - Saving supporting array `source0/latitudes` to archive/anemoi-metadata/source0/latitudes.numpy (shape=(24386,), dtype=float64)
[2026-01-06 21:46:10,067][anemoi.utils.checkpoints][INFO] - Saving supporting array `source0/longitudes` to archive/anemoi-metadata/source0/longitudes.numpy (shape=(24386,), dtype=float64)
[2026-01-06 21:46:10,067][anemoi.utils.checkpoints][INFO] - Saving supporting array `source1/latitudes` to archive/anemoi-metadata/source1/latitudes.numpy (shape=(2021,), dtype=float64)
[2026-01-06 21:46:10,067][anemoi.utils.checkpoints][INFO] - Saving supporting array `source1/longitudes` to archive/anemoi-metadata/source1/longitudes.numpy (shape=(2021,), dtype=float64)
[2026-01-06 21:46:10,067][anemoi.utils.checkpoints][INFO] - Saving supporting array `grid_indices` to archive/anemoi-metadata/grid_indices.numpy (shape=(25427,), dtype=int64)
[2026-01-06 22:35:35,391][anemoi.models.data_indices.collection][INFO] - The order of the variables in the model matches the order in the data.
[2026-01-06 22:38:25,146][anemoi.utils.checkpoints][INFO] - Adding extra information to checkpoint /mnt/weatherloss/WindPower/training/CI/GraphTransformer/checkpoint/8276a997-e9e2-4382-89ef-ae78f97ac47c/inference-anemoi-by_epoch-epoch_011-step_147704.ckpt
[2026-01-06 22:38:25,146][anemoi.utils.checkpoints][INFO] - Saving metadata to inference-anemoi-by_epoch-epoch_011-step_147704/anemoi-metadata/ai-models.json
[2026-01-06 22:38:25,147][anemoi.utils.checkpoints][INFO] - Saving supporting array `latitudes` to inference-anemoi-by_epoch-epoch_011-step_147704/anemoi-metadata/latitudes.numpy (shape=(25427,), dtype=float64)
[2026-01-06 22:38:25,148][anemoi.utils.checkpoints][INFO] - Saving supporting array `longitudes` to inference-anemoi-by_epoch-epoch_011-step_147704/anemoi-metadata/longitudes.numpy (shape=(25427,), dtype=float64)
[2026-01-06 22:38:25,148][anemoi.utils.checkpoints][INFO] - Saving supporting array `lam_0/cutout_mask` to inference-anemoi-by_epoch-epoch_011-step_147704/anemoi-metadata/lam_0/cutout_mask.numpy (shape=(24386,), dtype=bool)
[2026-01-06 22:38:25,148][anemoi.utils.checkpoints][INFO] - Saving supporting array `global/cutout_mask` to inference-anemoi-by_epoch-epoch_011-step_147704/anemoi-metadata/global/cutout_mask.numpy (shape=(2021,), dtype=bool)
[2026-01-06 22:38:25,148][anemoi.utils.checkpoints][INFO] - Saving supporting array `source0/latitudes` to inference-anemoi-by_epoch-epoch_011-step_147704/anemoi-metadata/source0/latitudes.numpy (shape=(24386,), dtype=float64)
[2026-01-06 22:38:25,149][anemoi.utils.checkpoints][INFO] - Saving supporting array `source0/longitudes` to inference-anemoi-by_epoch-epoch_011-step_147704/anemoi-metadata/source0/longitudes.numpy (shape=(24386,), dtype=float64)
[2026-01-06 22:38:25,149][anemoi.utils.checkpoints][INFO] - Saving supporting array `source1/latitudes` to inference-anemoi-by_epoch-epoch_011-step_147704/anemoi-metadata/source1/latitudes.numpy (shape=(2021,), dtype=float64)
[2026-01-06 22:38:25,149][anemoi.utils.checkpoints][INFO] - Saving supporting array `source1/longitudes` to inference-anemoi-by_epoch-epoch_011-step_147704/anemoi-metadata/source1/longitudes.numpy (shape=(2021,), dtype=float64)
[2026-01-06 22:38:25,149][anemoi.utils.checkpoints][INFO] - Saving supporting array `grid_indices` to inference-anemoi-by_epoch-epoch_011-step_147704/anemoi-metadata/grid_indices.numpy (shape=(25427,), dtype=int64)
[2026-01-06 22:38:25,594][anemoi.utils.checkpoints][INFO] - Adding extra information to checkpoint /mnt/weatherloss/WindPower/training/CI/GraphTransformer/checkpoint/8276a997-e9e2-4382-89ef-ae78f97ac47c/anemoi-by_epoch-epoch_011-step_147704.ckpt
[2026-01-06 22:38:25,594][anemoi.utils.checkpoints][INFO] - Saving metadata to archive/anemoi-metadata/ai-models.json
[2026-01-06 22:38:25,595][anemoi.utils.checkpoints][INFO] - Saving supporting array `latitudes` to archive/anemoi-metadata/latitudes.numpy (shape=(25427,), dtype=float64)
[2026-01-06 22:38:25,596][anemoi.utils.checkpoints][INFO] - Saving supporting array `longitudes` to archive/anemoi-metadata/longitudes.numpy (shape=(25427,), dtype=float64)
[2026-01-06 22:38:25,596][anemoi.utils.checkpoints][INFO] - Saving supporting array `lam_0/cutout_mask` to archive/anemoi-metadata/lam_0/cutout_mask.numpy (shape=(24386,), dtype=bool)
[2026-01-06 22:38:25,596][anemoi.utils.checkpoints][INFO] - Saving supporting array `global/cutout_mask` to archive/anemoi-metadata/global/cutout_mask.numpy (shape=(2021,), dtype=bool)
[2026-01-06 22:38:25,596][anemoi.utils.checkpoints][INFO] - Saving supporting array `source0/latitudes` to archive/anemoi-metadata/source0/latitudes.numpy (shape=(24386,), dtype=float64)
[2026-01-06 22:38:25,597][anemoi.utils.checkpoints][INFO] - Saving supporting array `source0/longitudes` to archive/anemoi-metadata/source0/longitudes.numpy (shape=(24386,), dtype=float64)
[2026-01-06 22:38:25,597][anemoi.utils.checkpoints][INFO] - Saving supporting array `source1/latitudes` to archive/anemoi-metadata/source1/latitudes.numpy (shape=(2021,), dtype=float64)
[2026-01-06 22:38:25,597][anemoi.utils.checkpoints][INFO] - Saving supporting array `source1/longitudes` to archive/anemoi-metadata/source1/longitudes.numpy (shape=(2021,), dtype=float64)
[2026-01-06 22:38:25,597][anemoi.utils.checkpoints][INFO] - Saving supporting array `grid_indices` to archive/anemoi-metadata/grid_indices.numpy (shape=(25427,), dtype=int64)
[2026-01-06 22:38:25,703][anemoi.utils.checkpoints][INFO] - Adding extra information to checkpoint /mnt/weatherloss/WindPower/training/CI/GraphTransformer/checkpoint/8276a997-e9e2-4382-89ef-ae78f97ac47c/inference-last.ckpt
[2026-01-06 22:38:25,704][anemoi.utils.checkpoints][INFO] - Saving metadata to inference-last/anemoi-metadata/ai-models.json
[2026-01-06 22:38:25,705][anemoi.utils.checkpoints][INFO] - Saving supporting array `latitudes` to inference-last/anemoi-metadata/latitudes.numpy (shape=(25427,), dtype=float64)
[2026-01-06 22:38:25,706][anemoi.utils.checkpoints][INFO] - Saving supporting array `longitudes` to inference-last/anemoi-metadata/longitudes.numpy (shape=(25427,), dtype=float64)
[2026-01-06 22:38:25,706][anemoi.utils.checkpoints][INFO] - Saving supporting array `lam_0/cutout_mask` to inference-last/anemoi-metadata/lam_0/cutout_mask.numpy (shape=(24386,), dtype=bool)
[2026-01-06 22:38:25,706][anemoi.utils.checkpoints][INFO] - Saving supporting array `global/cutout_mask` to inference-last/anemoi-metadata/global/cutout_mask.numpy (shape=(2021,), dtype=bool)
[2026-01-06 22:38:25,706][anemoi.utils.checkpoints][INFO] - Saving supporting array `source0/latitudes` to inference-last/anemoi-metadata/source0/latitudes.numpy (shape=(24386,), dtype=float64)
[2026-01-06 22:38:25,706][anemoi.utils.checkpoints][INFO] - Saving supporting array `source0/longitudes` to inference-last/anemoi-metadata/source0/longitudes.numpy (shape=(24386,), dtype=float64)
[2026-01-06 22:38:25,707][anemoi.utils.checkpoints][INFO] - Saving supporting array `source1/latitudes` to inference-last/anemoi-metadata/source1/latitudes.numpy (shape=(2021,), dtype=float64)
[2026-01-06 22:38:25,707][anemoi.utils.checkpoints][INFO] - Saving supporting array `source1/longitudes` to inference-last/anemoi-metadata/source1/longitudes.numpy (shape=(2021,), dtype=float64)
[2026-01-06 22:38:25,707][anemoi.utils.checkpoints][INFO] - Saving supporting array `grid_indices` to inference-last/anemoi-metadata/grid_indices.numpy (shape=(25427,), dtype=int64)
[2026-01-06 22:38:26,193][anemoi.utils.checkpoints][INFO] - Adding extra information to checkpoint /mnt/weatherloss/WindPower/training/CI/GraphTransformer/checkpoint/8276a997-e9e2-4382-89ef-ae78f97ac47c/last.ckpt
[2026-01-06 22:38:26,193][anemoi.utils.checkpoints][INFO] - Saving metadata to archive/anemoi-metadata/ai-models.json
[2026-01-06 22:38:26,195][anemoi.utils.checkpoints][INFO] - Saving supporting array `latitudes` to archive/anemoi-metadata/latitudes.numpy (shape=(25427,), dtype=float64)
[2026-01-06 22:38:26,196][anemoi.utils.checkpoints][INFO] - Saving supporting array `longitudes` to archive/anemoi-metadata/longitudes.numpy (shape=(25427,), dtype=float64)
[2026-01-06 22:38:26,196][anemoi.utils.checkpoints][INFO] - Saving supporting array `lam_0/cutout_mask` to archive/anemoi-metadata/lam_0/cutout_mask.numpy (shape=(24386,), dtype=bool)
[2026-01-06 22:38:26,196][anemoi.utils.checkpoints][INFO] - Saving supporting array `global/cutout_mask` to archive/anemoi-metadata/global/cutout_mask.numpy (shape=(2021,), dtype=bool)
[2026-01-06 22:38:26,196][anemoi.utils.checkpoints][INFO] - Saving supporting array `source0/latitudes` to archive/anemoi-metadata/source0/latitudes.numpy (shape=(24386,), dtype=float64)
[2026-01-06 22:38:26,196][anemoi.utils.checkpoints][INFO] - Saving supporting array `source0/longitudes` to archive/anemoi-metadata/source0/longitudes.numpy (shape=(24386,), dtype=float64)
[2026-01-06 22:38:26,197][anemoi.utils.checkpoints][INFO] - Saving supporting array `source1/latitudes` to archive/anemoi-metadata/source1/latitudes.numpy (shape=(2021,), dtype=float64)
[2026-01-06 22:38:26,197][anemoi.utils.checkpoints][INFO] - Saving supporting array `source1/longitudes` to archive/anemoi-metadata/source1/longitudes.numpy (shape=(2021,), dtype=float64)
[2026-01-06 22:38:26,197][anemoi.utils.checkpoints][INFO] - Saving supporting array `grid_indices` to archive/anemoi-metadata/grid_indices.numpy (shape=(25427,), dtype=int64)
[2026-01-06 23:38:27,024][anemoi.models.data_indices.collection][INFO] - The order of the variables in the model matches the order in the data.
[2026-01-06 23:41:42,822][anemoi.utils.checkpoints][INFO] - Adding extra information to checkpoint /mnt/weatherloss/WindPower/training/CI/GraphTransformer/checkpoint/8276a997-e9e2-4382-89ef-ae78f97ac47c/inference-anemoi-by_epoch-epoch_012-step_159630.ckpt
[2026-01-06 23:41:42,822][anemoi.utils.checkpoints][INFO] - Saving metadata to inference-anemoi-by_epoch-epoch_012-step_159630/anemoi-metadata/ai-models.json
[2026-01-06 23:41:42,823][anemoi.utils.checkpoints][INFO] - Saving supporting array `latitudes` to inference-anemoi-by_epoch-epoch_012-step_159630/anemoi-metadata/latitudes.numpy (shape=(25427,), dtype=float64)
[2026-01-06 23:41:42,823][anemoi.utils.checkpoints][INFO] - Saving supporting array `longitudes` to inference-anemoi-by_epoch-epoch_012-step_159630/anemoi-metadata/longitudes.numpy (shape=(25427,), dtype=float64)
[2026-01-06 23:41:42,824][anemoi.utils.checkpoints][INFO] - Saving supporting array `lam_0/cutout_mask` to inference-anemoi-by_epoch-epoch_012-step_159630/anemoi-metadata/lam_0/cutout_mask.numpy (shape=(24386,), dtype=bool)
[2026-01-06 23:41:42,824][anemoi.utils.checkpoints][INFO] - Saving supporting array `global/cutout_mask` to inference-anemoi-by_epoch-epoch_012-step_159630/anemoi-metadata/global/cutout_mask.numpy (shape=(2021,), dtype=bool)
[2026-01-06 23:41:42,824][anemoi.utils.checkpoints][INFO] - Saving supporting array `source0/latitudes` to inference-anemoi-by_epoch-epoch_012-step_159630/anemoi-metadata/source0/latitudes.numpy (shape=(24386,), dtype=float64)
[2026-01-06 23:41:42,824][anemoi.utils.checkpoints][INFO] - Saving supporting array `source0/longitudes` to inference-anemoi-by_epoch-epoch_012-step_159630/anemoi-metadata/source0/longitudes.numpy (shape=(24386,), dtype=float64)
[2026-01-06 23:41:42,824][anemoi.utils.checkpoints][INFO] - Saving supporting array `source1/latitudes` to inference-anemoi-by_epoch-epoch_012-step_159630/anemoi-metadata/source1/latitudes.numpy (shape=(2021,), dtype=float64)
[2026-01-06 23:41:42,824][anemoi.utils.checkpoints][INFO] - Saving supporting array `source1/longitudes` to inference-anemoi-by_epoch-epoch_012-step_159630/anemoi-metadata/source1/longitudes.numpy (shape=(2021,), dtype=float64)
[2026-01-06 23:41:42,824][anemoi.utils.checkpoints][INFO] - Saving supporting array `grid_indices` to inference-anemoi-by_epoch-epoch_012-step_159630/anemoi-metadata/grid_indices.numpy (shape=(25427,), dtype=int64)
[2026-01-06 23:41:43,117][anemoi.utils.checkpoints][INFO] - Adding extra information to checkpoint /mnt/weatherloss/WindPower/training/CI/GraphTransformer/checkpoint/8276a997-e9e2-4382-89ef-ae78f97ac47c/anemoi-by_epoch-epoch_012-step_159630.ckpt
[2026-01-06 23:41:43,117][anemoi.utils.checkpoints][INFO] - Saving metadata to archive/anemoi-metadata/ai-models.json
[2026-01-06 23:41:43,118][anemoi.utils.checkpoints][INFO] - Saving supporting array `latitudes` to archive/anemoi-metadata/latitudes.numpy (shape=(25427,), dtype=float64)
[2026-01-06 23:41:43,118][anemoi.utils.checkpoints][INFO] - Saving supporting array `longitudes` to archive/anemoi-metadata/longitudes.numpy (shape=(25427,), dtype=float64)
[2026-01-06 23:41:43,119][anemoi.utils.checkpoints][INFO] - Saving supporting array `lam_0/cutout_mask` to archive/anemoi-metadata/lam_0/cutout_mask.numpy (shape=(24386,), dtype=bool)
[2026-01-06 23:41:43,119][anemoi.utils.checkpoints][INFO] - Saving supporting array `global/cutout_mask` to archive/anemoi-metadata/global/cutout_mask.numpy (shape=(2021,), dtype=bool)
[2026-01-06 23:41:43,119][anemoi.utils.checkpoints][INFO] - Saving supporting array `source0/latitudes` to archive/anemoi-metadata/source0/latitudes.numpy (shape=(24386,), dtype=float64)
[2026-01-06 23:41:43,119][anemoi.utils.checkpoints][INFO] - Saving supporting array `source0/longitudes` to archive/anemoi-metadata/source0/longitudes.numpy (shape=(24386,), dtype=float64)
[2026-01-06 23:41:43,119][anemoi.utils.checkpoints][INFO] - Saving supporting array `source1/latitudes` to archive/anemoi-metadata/source1/latitudes.numpy (shape=(2021,), dtype=float64)
[2026-01-06 23:41:43,119][anemoi.utils.checkpoints][INFO] - Saving supporting array `source1/longitudes` to archive/anemoi-metadata/source1/longitudes.numpy (shape=(2021,), dtype=float64)
[2026-01-06 23:41:43,119][anemoi.utils.checkpoints][INFO] - Saving supporting array `grid_indices` to archive/anemoi-metadata/grid_indices.numpy (shape=(25427,), dtype=int64)
[2026-01-06 23:41:43,188][anemoi.utils.checkpoints][INFO] - Adding extra information to checkpoint /mnt/weatherloss/WindPower/training/CI/GraphTransformer/checkpoint/8276a997-e9e2-4382-89ef-ae78f97ac47c/inference-last.ckpt
[2026-01-06 23:41:43,188][anemoi.utils.checkpoints][INFO] - Saving metadata to inference-last/anemoi-metadata/ai-models.json
[2026-01-06 23:41:43,190][anemoi.utils.checkpoints][INFO] - Saving supporting array `latitudes` to inference-last/anemoi-metadata/latitudes.numpy (shape=(25427,), dtype=float64)
[2026-01-06 23:41:43,190][anemoi.utils.checkpoints][INFO] - Saving supporting array `longitudes` to inference-last/anemoi-metadata/longitudes.numpy (shape=(25427,), dtype=float64)
[2026-01-06 23:41:43,190][anemoi.utils.checkpoints][INFO] - Saving supporting array `lam_0/cutout_mask` to inference-last/anemoi-metadata/lam_0/cutout_mask.numpy (shape=(24386,), dtype=bool)
[2026-01-06 23:41:43,190][anemoi.utils.checkpoints][INFO] - Saving supporting array `global/cutout_mask` to inference-last/anemoi-metadata/global/cutout_mask.numpy (shape=(2021,), dtype=bool)
[2026-01-06 23:41:43,190][anemoi.utils.checkpoints][INFO] - Saving supporting array `source0/latitudes` to inference-last/anemoi-metadata/source0/latitudes.numpy (shape=(24386,), dtype=float64)
[2026-01-06 23:41:43,190][anemoi.utils.checkpoints][INFO] - Saving supporting array `source0/longitudes` to inference-last/anemoi-metadata/source0/longitudes.numpy (shape=(24386,), dtype=float64)
[2026-01-06 23:41:43,190][anemoi.utils.checkpoints][INFO] - Saving supporting array `source1/latitudes` to inference-last/anemoi-metadata/source1/latitudes.numpy (shape=(2021,), dtype=float64)
[2026-01-06 23:41:43,191][anemoi.utils.checkpoints][INFO] - Saving supporting array `source1/longitudes` to inference-last/anemoi-metadata/source1/longitudes.numpy (shape=(2021,), dtype=float64)
[2026-01-06 23:41:43,191][anemoi.utils.checkpoints][INFO] - Saving supporting array `grid_indices` to inference-last/anemoi-metadata/grid_indices.numpy (shape=(25427,), dtype=int64)
[2026-01-06 23:41:43,525][anemoi.utils.checkpoints][INFO] - Adding extra information to checkpoint /mnt/weatherloss/WindPower/training/CI/GraphTransformer/checkpoint/8276a997-e9e2-4382-89ef-ae78f97ac47c/last.ckpt
[2026-01-06 23:41:43,525][anemoi.utils.checkpoints][INFO] - Saving metadata to archive/anemoi-metadata/ai-models.json
[2026-01-06 23:41:43,527][anemoi.utils.checkpoints][INFO] - Saving supporting array `latitudes` to archive/anemoi-metadata/latitudes.numpy (shape=(25427,), dtype=float64)
[2026-01-06 23:41:43,527][anemoi.utils.checkpoints][INFO] - Saving supporting array `longitudes` to archive/anemoi-metadata/longitudes.numpy (shape=(25427,), dtype=float64)
[2026-01-06 23:41:43,527][anemoi.utils.checkpoints][INFO] - Saving supporting array `lam_0/cutout_mask` to archive/anemoi-metadata/lam_0/cutout_mask.numpy (shape=(24386,), dtype=bool)
[2026-01-06 23:41:43,527][anemoi.utils.checkpoints][INFO] - Saving supporting array `global/cutout_mask` to archive/anemoi-metadata/global/cutout_mask.numpy (shape=(2021,), dtype=bool)
[2026-01-06 23:41:43,527][anemoi.utils.checkpoints][INFO] - Saving supporting array `source0/latitudes` to archive/anemoi-metadata/source0/latitudes.numpy (shape=(24386,), dtype=float64)
[2026-01-06 23:41:43,527][anemoi.utils.checkpoints][INFO] - Saving supporting array `source0/longitudes` to archive/anemoi-metadata/source0/longitudes.numpy (shape=(24386,), dtype=float64)
[2026-01-06 23:41:43,527][anemoi.utils.checkpoints][INFO] - Saving supporting array `source1/latitudes` to archive/anemoi-metadata/source1/latitudes.numpy (shape=(2021,), dtype=float64)
[2026-01-06 23:41:43,528][anemoi.utils.checkpoints][INFO] - Saving supporting array `source1/longitudes` to archive/anemoi-metadata/source1/longitudes.numpy (shape=(2021,), dtype=float64)
[2026-01-06 23:41:43,528][anemoi.utils.checkpoints][INFO] - Saving supporting array `grid_indices` to archive/anemoi-metadata/grid_indices.numpy (shape=(25427,), dtype=int64)
[2026-01-07 00:53:30,574][anemoi.models.data_indices.collection][INFO] - The order of the variables in the model matches the order in the data.
[2026-01-07 00:57:35,576][anemoi.utils.checkpoints][INFO] - Adding extra information to checkpoint /mnt/weatherloss/WindPower/training/CI/GraphTransformer/checkpoint/8276a997-e9e2-4382-89ef-ae78f97ac47c/inference-anemoi-by_epoch-epoch_013-step_171556.ckpt
[2026-01-07 00:57:35,576][anemoi.utils.checkpoints][INFO] - Saving metadata to inference-anemoi-by_epoch-epoch_013-step_171556/anemoi-metadata/ai-models.json
[2026-01-07 00:57:35,578][anemoi.utils.checkpoints][INFO] - Saving supporting array `latitudes` to inference-anemoi-by_epoch-epoch_013-step_171556/anemoi-metadata/latitudes.numpy (shape=(25427,), dtype=float64)
[2026-01-07 00:57:35,578][anemoi.utils.checkpoints][INFO] - Saving supporting array `longitudes` to inference-anemoi-by_epoch-epoch_013-step_171556/anemoi-metadata/longitudes.numpy (shape=(25427,), dtype=float64)
[2026-01-07 00:57:35,578][anemoi.utils.checkpoints][INFO] - Saving supporting array `lam_0/cutout_mask` to inference-anemoi-by_epoch-epoch_013-step_171556/anemoi-metadata/lam_0/cutout_mask.numpy (shape=(24386,), dtype=bool)
[2026-01-07 00:57:35,578][anemoi.utils.checkpoints][INFO] - Saving supporting array `global/cutout_mask` to inference-anemoi-by_epoch-epoch_013-step_171556/anemoi-metadata/global/cutout_mask.numpy (shape=(2021,), dtype=bool)
[2026-01-07 00:57:35,578][anemoi.utils.checkpoints][INFO] - Saving supporting array `source0/latitudes` to inference-anemoi-by_epoch-epoch_013-step_171556/anemoi-metadata/source0/latitudes.numpy (shape=(24386,), dtype=float64)
[2026-01-07 00:57:35,579][anemoi.utils.checkpoints][INFO] - Saving supporting array `source0/longitudes` to inference-anemoi-by_epoch-epoch_013-step_171556/anemoi-metadata/source0/longitudes.numpy (shape=(24386,), dtype=float64)
[2026-01-07 00:57:35,579][anemoi.utils.checkpoints][INFO] - Saving supporting array `source1/latitudes` to inference-anemoi-by_epoch-epoch_013-step_171556/anemoi-metadata/source1/latitudes.numpy (shape=(2021,), dtype=float64)
[2026-01-07 00:57:35,579][anemoi.utils.checkpoints][INFO] - Saving supporting array `source1/longitudes` to inference-anemoi-by_epoch-epoch_013-step_171556/anemoi-metadata/source1/longitudes.numpy (shape=(2021,), dtype=float64)
[2026-01-07 00:57:35,579][anemoi.utils.checkpoints][INFO] - Saving supporting array `grid_indices` to inference-anemoi-by_epoch-epoch_013-step_171556/anemoi-metadata/grid_indices.numpy (shape=(25427,), dtype=int64)
[2026-01-07 00:57:35,874][anemoi.utils.checkpoints][INFO] - Adding extra information to checkpoint /mnt/weatherloss/WindPower/training/CI/GraphTransformer/checkpoint/8276a997-e9e2-4382-89ef-ae78f97ac47c/anemoi-by_epoch-epoch_013-step_171556.ckpt
[2026-01-07 00:57:35,874][anemoi.utils.checkpoints][INFO] - Saving metadata to archive/anemoi-metadata/ai-models.json
[2026-01-07 00:57:35,875][anemoi.utils.checkpoints][INFO] - Saving supporting array `latitudes` to archive/anemoi-metadata/latitudes.numpy (shape=(25427,), dtype=float64)
[2026-01-07 00:57:35,875][anemoi.utils.checkpoints][INFO] - Saving supporting array `longitudes` to archive/anemoi-metadata/longitudes.numpy (shape=(25427,), dtype=float64)
[2026-01-07 00:57:35,875][anemoi.utils.checkpoints][INFO] - Saving supporting array `lam_0/cutout_mask` to archive/anemoi-metadata/lam_0/cutout_mask.numpy (shape=(24386,), dtype=bool)
[2026-01-07 00:57:35,875][anemoi.utils.checkpoints][INFO] - Saving supporting array `global/cutout_mask` to archive/anemoi-metadata/global/cutout_mask.numpy (shape=(2021,), dtype=bool)
[2026-01-07 00:57:35,875][anemoi.utils.checkpoints][INFO] - Saving supporting array `source0/latitudes` to archive/anemoi-metadata/source0/latitudes.numpy (shape=(24386,), dtype=float64)
[2026-01-07 00:57:35,876][anemoi.utils.checkpoints][INFO] - Saving supporting array `source0/longitudes` to archive/anemoi-metadata/source0/longitudes.numpy (shape=(24386,), dtype=float64)
[2026-01-07 00:57:35,876][anemoi.utils.checkpoints][INFO] - Saving supporting array `source1/latitudes` to archive/anemoi-metadata/source1/latitudes.numpy (shape=(2021,), dtype=float64)
[2026-01-07 00:57:35,876][anemoi.utils.checkpoints][INFO] - Saving supporting array `source1/longitudes` to archive/anemoi-metadata/source1/longitudes.numpy (shape=(2021,), dtype=float64)
[2026-01-07 00:57:35,876][anemoi.utils.checkpoints][INFO] - Saving supporting array `grid_indices` to archive/anemoi-metadata/grid_indices.numpy (shape=(25427,), dtype=int64)
[2026-01-07 00:57:35,943][anemoi.utils.checkpoints][INFO] - Adding extra information to checkpoint /mnt/weatherloss/WindPower/training/CI/GraphTransformer/checkpoint/8276a997-e9e2-4382-89ef-ae78f97ac47c/inference-last.ckpt
[2026-01-07 00:57:35,943][anemoi.utils.checkpoints][INFO] - Saving metadata to inference-last/anemoi-metadata/ai-models.json
[2026-01-07 00:57:35,945][anemoi.utils.checkpoints][INFO] - Saving supporting array `latitudes` to inference-last/anemoi-metadata/latitudes.numpy (shape=(25427,), dtype=float64)
[2026-01-07 00:57:35,945][anemoi.utils.checkpoints][INFO] - Saving supporting array `longitudes` to inference-last/anemoi-metadata/longitudes.numpy (shape=(25427,), dtype=float64)
[2026-01-07 00:57:35,945][anemoi.utils.checkpoints][INFO] - Saving supporting array `lam_0/cutout_mask` to inference-last/anemoi-metadata/lam_0/cutout_mask.numpy (shape=(24386,), dtype=bool)
[2026-01-07 00:57:35,945][anemoi.utils.checkpoints][INFO] - Saving supporting array `global/cutout_mask` to inference-last/anemoi-metadata/global/cutout_mask.numpy (shape=(2021,), dtype=bool)
[2026-01-07 00:57:35,946][anemoi.utils.checkpoints][INFO] - Saving supporting array `source0/latitudes` to inference-last/anemoi-metadata/source0/latitudes.numpy (shape=(24386,), dtype=float64)
[2026-01-07 00:57:35,946][anemoi.utils.checkpoints][INFO] - Saving supporting array `source0/longitudes` to inference-last/anemoi-metadata/source0/longitudes.numpy (shape=(24386,), dtype=float64)
[2026-01-07 00:57:35,946][anemoi.utils.checkpoints][INFO] - Saving supporting array `source1/latitudes` to inference-last/anemoi-metadata/source1/latitudes.numpy (shape=(2021,), dtype=float64)
[2026-01-07 00:57:35,946][anemoi.utils.checkpoints][INFO] - Saving supporting array `source1/longitudes` to inference-last/anemoi-metadata/source1/longitudes.numpy (shape=(2021,), dtype=float64)
[2026-01-07 00:57:35,946][anemoi.utils.checkpoints][INFO] - Saving supporting array `grid_indices` to inference-last/anemoi-metadata/grid_indices.numpy (shape=(25427,), dtype=int64)
[2026-01-07 00:57:36,266][anemoi.utils.checkpoints][INFO] - Adding extra information to checkpoint /mnt/weatherloss/WindPower/training/CI/GraphTransformer/checkpoint/8276a997-e9e2-4382-89ef-ae78f97ac47c/last.ckpt
[2026-01-07 00:57:36,266][anemoi.utils.checkpoints][INFO] - Saving metadata to archive/anemoi-metadata/ai-models.json
[2026-01-07 00:57:36,267][anemoi.utils.checkpoints][INFO] - Saving supporting array `latitudes` to archive/anemoi-metadata/latitudes.numpy (shape=(25427,), dtype=float64)
[2026-01-07 00:57:36,268][anemoi.utils.checkpoints][INFO] - Saving supporting array `longitudes` to archive/anemoi-metadata/longitudes.numpy (shape=(25427,), dtype=float64)
[2026-01-07 00:57:36,268][anemoi.utils.checkpoints][INFO] - Saving supporting array `lam_0/cutout_mask` to archive/anemoi-metadata/lam_0/cutout_mask.numpy (shape=(24386,), dtype=bool)
[2026-01-07 00:57:36,268][anemoi.utils.checkpoints][INFO] - Saving supporting array `global/cutout_mask` to archive/anemoi-metadata/global/cutout_mask.numpy (shape=(2021,), dtype=bool)
[2026-01-07 00:57:36,268][anemoi.utils.checkpoints][INFO] - Saving supporting array `source0/latitudes` to archive/anemoi-metadata/source0/latitudes.numpy (shape=(24386,), dtype=float64)
[2026-01-07 00:57:36,268][anemoi.utils.checkpoints][INFO] - Saving supporting array `source0/longitudes` to archive/anemoi-metadata/source0/longitudes.numpy (shape=(24386,), dtype=float64)
[2026-01-07 00:57:36,268][anemoi.utils.checkpoints][INFO] - Saving supporting array `source1/latitudes` to archive/anemoi-metadata/source1/latitudes.numpy (shape=(2021,), dtype=float64)
[2026-01-07 00:57:36,268][anemoi.utils.checkpoints][INFO] - Saving supporting array `source1/longitudes` to archive/anemoi-metadata/source1/longitudes.numpy (shape=(2021,), dtype=float64)
[2026-01-07 00:57:36,268][anemoi.utils.checkpoints][INFO] - Saving supporting array `grid_indices` to archive/anemoi-metadata/grid_indices.numpy (shape=(25427,), dtype=int64)
[2026-01-07 01:21:44,938][pytorch_lightning.utilities.rank_zero][INFO] - `Trainer.fit` stopped: `max_steps=175000` reached.
[2026-01-07 01:21:45,005][anemoi.utils.checkpoints][INFO] - Adding extra information to checkpoint /mnt/weatherloss/WindPower/training/CI/GraphTransformer/checkpoint/8276a997-e9e2-4382-89ef-ae78f97ac47c/inference-anemoi-by_time-epoch_014-step_175000.ckpt
[2026-01-07 01:21:45,005][anemoi.utils.checkpoints][INFO] - Saving metadata to inference-anemoi-by_time-epoch_014-step_175000/anemoi-metadata/ai-models.json
[2026-01-07 01:21:45,006][anemoi.utils.checkpoints][INFO] - Saving supporting array `latitudes` to inference-anemoi-by_time-epoch_014-step_175000/anemoi-metadata/latitudes.numpy (shape=(25427,), dtype=float64)
[2026-01-07 01:21:45,007][anemoi.utils.checkpoints][INFO] - Saving supporting array `longitudes` to inference-anemoi-by_time-epoch_014-step_175000/anemoi-metadata/longitudes.numpy (shape=(25427,), dtype=float64)
[2026-01-07 01:21:45,007][anemoi.utils.checkpoints][INFO] - Saving supporting array `lam_0/cutout_mask` to inference-anemoi-by_time-epoch_014-step_175000/anemoi-metadata/lam_0/cutout_mask.numpy (shape=(24386,), dtype=bool)
[2026-01-07 01:21:45,007][anemoi.utils.checkpoints][INFO] - Saving supporting array `global/cutout_mask` to inference-anemoi-by_time-epoch_014-step_175000/anemoi-metadata/global/cutout_mask.numpy (shape=(2021,), dtype=bool)
[2026-01-07 01:21:45,007][anemoi.utils.checkpoints][INFO] - Saving supporting array `source0/latitudes` to inference-anemoi-by_time-epoch_014-step_175000/anemoi-metadata/source0/latitudes.numpy (shape=(24386,), dtype=float64)
[2026-01-07 01:21:45,007][anemoi.utils.checkpoints][INFO] - Saving supporting array `source0/longitudes` to inference-anemoi-by_time-epoch_014-step_175000/anemoi-metadata/source0/longitudes.numpy (shape=(24386,), dtype=float64)
[2026-01-07 01:21:45,007][anemoi.utils.checkpoints][INFO] - Saving supporting array `source1/latitudes` to inference-anemoi-by_time-epoch_014-step_175000/anemoi-metadata/source1/latitudes.numpy (shape=(2021,), dtype=float64)
[2026-01-07 01:21:45,007][anemoi.utils.checkpoints][INFO] - Saving supporting array `source1/longitudes` to inference-anemoi-by_time-epoch_014-step_175000/anemoi-metadata/source1/longitudes.numpy (shape=(2021,), dtype=float64)
[2026-01-07 01:21:45,008][anemoi.utils.checkpoints][INFO] - Saving supporting array `grid_indices` to inference-anemoi-by_time-epoch_014-step_175000/anemoi-metadata/grid_indices.numpy (shape=(25427,), dtype=int64)
[2026-01-07 01:21:45,309][anemoi.utils.checkpoints][INFO] - Adding extra information to checkpoint /mnt/weatherloss/WindPower/training/CI/GraphTransformer/checkpoint/8276a997-e9e2-4382-89ef-ae78f97ac47c/anemoi-by_time-epoch_014-step_175000.ckpt
[2026-01-07 01:21:45,309][anemoi.utils.checkpoints][INFO] - Saving metadata to archive/anemoi-metadata/ai-models.json
[2026-01-07 01:21:45,310][anemoi.utils.checkpoints][INFO] - Saving supporting array `latitudes` to archive/anemoi-metadata/latitudes.numpy (shape=(25427,), dtype=float64)
[2026-01-07 01:21:45,311][anemoi.utils.checkpoints][INFO] - Saving supporting array `longitudes` to archive/anemoi-metadata/longitudes.numpy (shape=(25427,), dtype=float64)
[2026-01-07 01:21:45,311][anemoi.utils.checkpoints][INFO] - Saving supporting array `lam_0/cutout_mask` to archive/anemoi-metadata/lam_0/cutout_mask.numpy (shape=(24386,), dtype=bool)
[2026-01-07 01:21:45,311][anemoi.utils.checkpoints][INFO] - Saving supporting array `global/cutout_mask` to archive/anemoi-metadata/global/cutout_mask.numpy (shape=(2021,), dtype=bool)
[2026-01-07 01:21:45,311][anemoi.utils.checkpoints][INFO] - Saving supporting array `source0/latitudes` to archive/anemoi-metadata/source0/latitudes.numpy (shape=(24386,), dtype=float64)
[2026-01-07 01:21:45,311][anemoi.utils.checkpoints][INFO] - Saving supporting array `source0/longitudes` to archive/anemoi-metadata/source0/longitudes.numpy (shape=(24386,), dtype=float64)
[2026-01-07 01:21:45,311][anemoi.utils.checkpoints][INFO] - Saving supporting array `source1/latitudes` to archive/anemoi-metadata/source1/latitudes.numpy (shape=(2021,), dtype=float64)
[2026-01-07 01:21:45,311][anemoi.utils.checkpoints][INFO] - Saving supporting array `source1/longitudes` to archive/anemoi-metadata/source1/longitudes.numpy (shape=(2021,), dtype=float64)
[2026-01-07 01:21:45,311][anemoi.utils.checkpoints][INFO] - Saving supporting array `grid_indices` to archive/anemoi-metadata/grid_indices.numpy (shape=(25427,), dtype=int64)
[2026-01-07 01:21:45,384][anemoi.utils.checkpoints][INFO] - Adding extra information to checkpoint /mnt/weatherloss/WindPower/training/CI/GraphTransformer/checkpoint/8276a997-e9e2-4382-89ef-ae78f97ac47c/inference-last.ckpt
[2026-01-07 01:21:45,384][anemoi.utils.checkpoints][INFO] - Saving metadata to inference-last/anemoi-metadata/ai-models.json
[2026-01-07 01:21:45,385][anemoi.utils.checkpoints][INFO] - Saving supporting array `latitudes` to inference-last/anemoi-metadata/latitudes.numpy (shape=(25427,), dtype=float64)
[2026-01-07 01:21:45,385][anemoi.utils.checkpoints][INFO] - Saving supporting array `longitudes` to inference-last/anemoi-metadata/longitudes.numpy (shape=(25427,), dtype=float64)
[2026-01-07 01:21:45,385][anemoi.utils.checkpoints][INFO] - Saving supporting array `lam_0/cutout_mask` to inference-last/anemoi-metadata/lam_0/cutout_mask.numpy (shape=(24386,), dtype=bool)
[2026-01-07 01:21:45,385][anemoi.utils.checkpoints][INFO] - Saving supporting array `global/cutout_mask` to inference-last/anemoi-metadata/global/cutout_mask.numpy (shape=(2021,), dtype=bool)
[2026-01-07 01:21:45,385][anemoi.utils.checkpoints][INFO] - Saving supporting array `source0/latitudes` to inference-last/anemoi-metadata/source0/latitudes.numpy (shape=(24386,), dtype=float64)
[2026-01-07 01:21:45,385][anemoi.utils.checkpoints][INFO] - Saving supporting array `source0/longitudes` to inference-last/anemoi-metadata/source0/longitudes.numpy (shape=(24386,), dtype=float64)
[2026-01-07 01:21:45,386][anemoi.utils.checkpoints][INFO] - Saving supporting array `source1/latitudes` to inference-last/anemoi-metadata/source1/latitudes.numpy (shape=(2021,), dtype=float64)
[2026-01-07 01:21:45,386][anemoi.utils.checkpoints][INFO] - Saving supporting array `source1/longitudes` to inference-last/anemoi-metadata/source1/longitudes.numpy (shape=(2021,), dtype=float64)
[2026-01-07 01:21:45,386][anemoi.utils.checkpoints][INFO] - Saving supporting array `grid_indices` to inference-last/anemoi-metadata/grid_indices.numpy (shape=(25427,), dtype=int64)
[2026-01-07 01:21:45,723][anemoi.utils.checkpoints][INFO] - Adding extra information to checkpoint /mnt/weatherloss/WindPower/training/CI/GraphTransformer/checkpoint/8276a997-e9e2-4382-89ef-ae78f97ac47c/last.ckpt
[2026-01-07 01:21:45,723][anemoi.utils.checkpoints][INFO] - Saving metadata to archive/anemoi-metadata/ai-models.json
[2026-01-07 01:21:45,724][anemoi.utils.checkpoints][INFO] - Saving supporting array `latitudes` to archive/anemoi-metadata/latitudes.numpy (shape=(25427,), dtype=float64)
[2026-01-07 01:21:45,725][anemoi.utils.checkpoints][INFO] - Saving supporting array `longitudes` to archive/anemoi-metadata/longitudes.numpy (shape=(25427,), dtype=float64)
[2026-01-07 01:21:45,725][anemoi.utils.checkpoints][INFO] - Saving supporting array `lam_0/cutout_mask` to archive/anemoi-metadata/lam_0/cutout_mask.numpy (shape=(24386,), dtype=bool)
[2026-01-07 01:21:45,725][anemoi.utils.checkpoints][INFO] - Saving supporting array `global/cutout_mask` to archive/anemoi-metadata/global/cutout_mask.numpy (shape=(2021,), dtype=bool)
[2026-01-07 01:21:45,725][anemoi.utils.checkpoints][INFO] - Saving supporting array `source0/latitudes` to archive/anemoi-metadata/source0/latitudes.numpy (shape=(24386,), dtype=float64)
[2026-01-07 01:21:45,725][anemoi.utils.checkpoints][INFO] - Saving supporting array `source0/longitudes` to archive/anemoi-metadata/source0/longitudes.numpy (shape=(24386,), dtype=float64)
[2026-01-07 01:21:45,725][anemoi.utils.checkpoints][INFO] - Saving supporting array `source1/latitudes` to archive/anemoi-metadata/source1/latitudes.numpy (shape=(2021,), dtype=float64)
[2026-01-07 01:21:45,725][anemoi.utils.checkpoints][INFO] - Saving supporting array `source1/longitudes` to archive/anemoi-metadata/source1/longitudes.numpy (shape=(2021,), dtype=float64)
[2026-01-07 01:21:45,725][anemoi.utils.checkpoints][INFO] - Saving supporting array `grid_indices` to archive/anemoi-metadata/grid_indices.numpy (shape=(25427,), dtype=int64)
[2026-01-07 01:21:45,781][anemoi.utils.checkpoints][INFO] - Adding extra information to checkpoint /mnt/weatherloss/WindPower/training/CI/GraphTransformer/checkpoint/8276a997-e9e2-4382-89ef-ae78f97ac47c/inference-anemoi-by_epoch-epoch_014-step_175000.ckpt
[2026-01-07 01:21:45,781][anemoi.utils.checkpoints][INFO] - Saving metadata to inference-anemoi-by_epoch-epoch_014-step_175000/anemoi-metadata/ai-models.json
[2026-01-07 01:21:45,782][anemoi.utils.checkpoints][INFO] - Saving supporting array `latitudes` to inference-anemoi-by_epoch-epoch_014-step_175000/anemoi-metadata/latitudes.numpy (shape=(25427,), dtype=float64)
[2026-01-07 01:21:45,782][anemoi.utils.checkpoints][INFO] - Saving supporting array `longitudes` to inference-anemoi-by_epoch-epoch_014-step_175000/anemoi-metadata/longitudes.numpy (shape=(25427,), dtype=float64)
[2026-01-07 01:21:45,782][anemoi.utils.checkpoints][INFO] - Saving supporting array `lam_0/cutout_mask` to inference-anemoi-by_epoch-epoch_014-step_175000/anemoi-metadata/lam_0/cutout_mask.numpy (shape=(24386,), dtype=bool)
[2026-01-07 01:21:45,782][anemoi.utils.checkpoints][INFO] - Saving supporting array `global/cutout_mask` to inference-anemoi-by_epoch-epoch_014-step_175000/anemoi-metadata/global/cutout_mask.numpy (shape=(2021,), dtype=bool)
[2026-01-07 01:21:45,782][anemoi.utils.checkpoints][INFO] - Saving supporting array `source0/latitudes` to inference-anemoi-by_epoch-epoch_014-step_175000/anemoi-metadata/source0/latitudes.numpy (shape=(24386,), dtype=float64)
[2026-01-07 01:21:45,783][anemoi.utils.checkpoints][INFO] - Saving supporting array `source0/longitudes` to inference-anemoi-by_epoch-epoch_014-step_175000/anemoi-metadata/source0/longitudes.numpy (shape=(24386,), dtype=float64)
[2026-01-07 01:21:45,783][anemoi.utils.checkpoints][INFO] - Saving supporting array `source1/latitudes` to inference-anemoi-by_epoch-epoch_014-step_175000/anemoi-metadata/source1/latitudes.numpy (shape=(2021,), dtype=float64)
[2026-01-07 01:21:45,783][anemoi.utils.checkpoints][INFO] - Saving supporting array `source1/longitudes` to inference-anemoi-by_epoch-epoch_014-step_175000/anemoi-metadata/source1/longitudes.numpy (shape=(2021,), dtype=float64)
[2026-01-07 01:21:45,783][anemoi.utils.checkpoints][INFO] - Saving supporting array `grid_indices` to inference-anemoi-by_epoch-epoch_014-step_175000/anemoi-metadata/grid_indices.numpy (shape=(25427,), dtype=int64)
[2026-01-07 01:21:46,057][anemoi.utils.checkpoints][INFO] - Adding extra information to checkpoint /mnt/weatherloss/WindPower/training/CI/GraphTransformer/checkpoint/8276a997-e9e2-4382-89ef-ae78f97ac47c/anemoi-by_epoch-epoch_014-step_175000.ckpt
[2026-01-07 01:21:46,058][anemoi.utils.checkpoints][INFO] - Saving metadata to archive/anemoi-metadata/ai-models.json
[2026-01-07 01:21:46,059][anemoi.utils.checkpoints][INFO] - Saving supporting array `latitudes` to archive/anemoi-metadata/latitudes.numpy (shape=(25427,), dtype=float64)
[2026-01-07 01:21:46,059][anemoi.utils.checkpoints][INFO] - Saving supporting array `longitudes` to archive/anemoi-metadata/longitudes.numpy (shape=(25427,), dtype=float64)
[2026-01-07 01:21:46,059][anemoi.utils.checkpoints][INFO] - Saving supporting array `lam_0/cutout_mask` to archive/anemoi-metadata/lam_0/cutout_mask.numpy (shape=(24386,), dtype=bool)
[2026-01-07 01:21:46,059][anemoi.utils.checkpoints][INFO] - Saving supporting array `global/cutout_mask` to archive/anemoi-metadata/global/cutout_mask.numpy (shape=(2021,), dtype=bool)
[2026-01-07 01:21:46,059][anemoi.utils.checkpoints][INFO] - Saving supporting array `source0/latitudes` to archive/anemoi-metadata/source0/latitudes.numpy (shape=(24386,), dtype=float64)
[2026-01-07 01:21:46,059][anemoi.utils.checkpoints][INFO] - Saving supporting array `source0/longitudes` to archive/anemoi-metadata/source0/longitudes.numpy (shape=(24386,), dtype=float64)
[2026-01-07 01:21:46,060][anemoi.utils.checkpoints][INFO] - Saving supporting array `source1/latitudes` to archive/anemoi-metadata/source1/latitudes.numpy (shape=(2021,), dtype=float64)
[2026-01-07 01:21:46,060][anemoi.utils.checkpoints][INFO] - Saving supporting array `source1/longitudes` to archive/anemoi-metadata/source1/longitudes.numpy (shape=(2021,), dtype=float64)
[2026-01-07 01:21:46,060][anemoi.utils.checkpoints][INFO] - Saving supporting array `grid_indices` to archive/anemoi-metadata/grid_indices.numpy (shape=(25427,), dtype=int64)
[2026-01-07 01:21:46,124][anemoi.utils.checkpoints][INFO] - Adding extra information to checkpoint /mnt/weatherloss/WindPower/training/CI/GraphTransformer/checkpoint/8276a997-e9e2-4382-89ef-ae78f97ac47c/inference-last.ckpt
[2026-01-07 01:21:46,124][anemoi.utils.checkpoints][INFO] - Saving metadata to inference-last/anemoi-metadata/ai-models.json
[2026-01-07 01:21:46,125][anemoi.utils.checkpoints][INFO] - Saving supporting array `latitudes` to inference-last/anemoi-metadata/latitudes.numpy (shape=(25427,), dtype=float64)
[2026-01-07 01:21:46,126][anemoi.utils.checkpoints][INFO] - Saving supporting array `longitudes` to inference-last/anemoi-metadata/longitudes.numpy (shape=(25427,), dtype=float64)
[2026-01-07 01:21:46,126][anemoi.utils.checkpoints][INFO] - Saving supporting array `lam_0/cutout_mask` to inference-last/anemoi-metadata/lam_0/cutout_mask.numpy (shape=(24386,), dtype=bool)
[2026-01-07 01:21:46,126][anemoi.utils.checkpoints][INFO] - Saving supporting array `global/cutout_mask` to inference-last/anemoi-metadata/global/cutout_mask.numpy (shape=(2021,), dtype=bool)
[2026-01-07 01:21:46,126][anemoi.utils.checkpoints][INFO] - Saving supporting array `source0/latitudes` to inference-last/anemoi-metadata/source0/latitudes.numpy (shape=(24386,), dtype=float64)
[2026-01-07 01:21:46,126][anemoi.utils.checkpoints][INFO] - Saving supporting array `source0/longitudes` to inference-last/anemoi-metadata/source0/longitudes.numpy (shape=(24386,), dtype=float64)
[2026-01-07 01:21:46,126][anemoi.utils.checkpoints][INFO] - Saving supporting array `source1/latitudes` to inference-last/anemoi-metadata/source1/latitudes.numpy (shape=(2021,), dtype=float64)
[2026-01-07 01:21:46,127][anemoi.utils.checkpoints][INFO] - Saving supporting array `source1/longitudes` to inference-last/anemoi-metadata/source1/longitudes.numpy (shape=(2021,), dtype=float64)
[2026-01-07 01:21:46,127][anemoi.utils.checkpoints][INFO] - Saving supporting array `grid_indices` to inference-last/anemoi-metadata/grid_indices.numpy (shape=(25427,), dtype=int64)
[2026-01-07 01:21:46,455][anemoi.utils.checkpoints][INFO] - Adding extra information to checkpoint /mnt/weatherloss/WindPower/training/CI/GraphTransformer/checkpoint/8276a997-e9e2-4382-89ef-ae78f97ac47c/last.ckpt
[2026-01-07 01:21:46,456][anemoi.utils.checkpoints][INFO] - Saving metadata to archive/anemoi-metadata/ai-models.json
[2026-01-07 01:21:46,457][anemoi.utils.checkpoints][INFO] - Saving supporting array `latitudes` to archive/anemoi-metadata/latitudes.numpy (shape=(25427,), dtype=float64)
[2026-01-07 01:21:46,457][anemoi.utils.checkpoints][INFO] - Saving supporting array `longitudes` to archive/anemoi-metadata/longitudes.numpy (shape=(25427,), dtype=float64)
[2026-01-07 01:21:46,458][anemoi.utils.checkpoints][INFO] - Saving supporting array `lam_0/cutout_mask` to archive/anemoi-metadata/lam_0/cutout_mask.numpy (shape=(24386,), dtype=bool)
[2026-01-07 01:21:46,458][anemoi.utils.checkpoints][INFO] - Saving supporting array `global/cutout_mask` to archive/anemoi-metadata/global/cutout_mask.numpy (shape=(2021,), dtype=bool)
[2026-01-07 01:21:46,458][anemoi.utils.checkpoints][INFO] - Saving supporting array `source0/latitudes` to archive/anemoi-metadata/source0/latitudes.numpy (shape=(24386,), dtype=float64)
[2026-01-07 01:21:46,458][anemoi.utils.checkpoints][INFO] - Saving supporting array `source0/longitudes` to archive/anemoi-metadata/source0/longitudes.numpy (shape=(24386,), dtype=float64)
[2026-01-07 01:21:46,458][anemoi.utils.checkpoints][INFO] - Saving supporting array `source1/latitudes` to archive/anemoi-metadata/source1/latitudes.numpy (shape=(2021,), dtype=float64)
[2026-01-07 01:21:46,458][anemoi.utils.checkpoints][INFO] - Saving supporting array `source1/longitudes` to archive/anemoi-metadata/source1/longitudes.numpy (shape=(2021,), dtype=float64)
[2026-01-07 01:21:46,458][anemoi.utils.checkpoints][INFO] - Saving supporting array `grid_indices` to archive/anemoi-metadata/grid_indices.numpy (shape=(25427,), dtype=int64)
