[2025-09-23 08:25:40,006][anemoi.training.train.train][INFO] - Skipping config validation.
[2025-09-23 08:25:40,006][anemoi.training.train.train][INFO] - Starting from checkpoint: False
[2025-09-23 08:25:40,006][anemoi.training.train.train][INFO] - Run id: 8ee501fc-c2d3-4fa6-a190-96a7ff3a407e
[2025-09-23 08:25:40,006][anemoi.training.train.train][INFO] - Checkpoints path: /mnt/data/weatherloss/WindPower/Runs/checkpoint/8ee501fc-c2d3-4fa6-a190-96a7ff3a407e
[2025-09-23 08:25:40,006][anemoi.training.train.train][INFO] - Plots path: /mnt/data/weatherloss/WindPower/Runs/plots/8ee501fc-c2d3-4fa6-a190-96a7ff3a407e
[2025-09-23 08:25:40,372][anemoi.graphs.nodes.builders.from_file][INFO] - Reading the dataset from {'dataset': '/mnt/data/weatherloss/WindPower/data/CERRA5.zarr', 'select': ['t2m', 'mcc', 'msl', 'si10', 'sr', 'wdir10', 'orog', 'ws100', 'wind_power']}.
[2025-09-23 08:25:43,929][anemoi.graphs.edges.builders.knn][INFO] - Using KNN-Edges (with 12 nearest neighbours) between data and hidden.
[2025-09-23 08:26:05,819][anemoi.graphs.edges.builders.knn][INFO] - Using KNN-Edges (with 3 nearest neighbours) between hidden and data.
[2025-09-23 08:26:05,920][anemoi.graphs.create][INFO] - Cleaning graph.
[2025-09-23 08:26:05,920][anemoi.graphs.create][INFO] - _grid_reference_distance deleted from graph.
[2025-09-23 08:26:05,920][anemoi.graphs.create][INFO] - _dataset deleted from graph.
[2025-09-23 08:26:05,920][anemoi.graphs.create][INFO] - _grid_reference_distance deleted from graph.
[2025-09-23 08:26:05,921][anemoi.graphs.create][INFO] - _resolutions deleted from graph.
[2025-09-23 08:26:05,922][anemoi.graphs.create][INFO] - _node_ordering deleted from graph.
[2025-09-23 08:26:05,922][anemoi.graphs.create][INFO] - _nx_graph deleted from graph.
[2025-09-23 08:26:05,984][anemoi.graphs.create][INFO] - Graph saved at /mnt/data/weatherloss/WindPower/Runs/graphs/pretrain_n320.pt.
[2025-09-23 08:26:06,002][anemoi.training.data.datamodule.singledatamodule][WARNING] - Falling back rollout to: 1
[2025-09-23 08:26:06,002][anemoi.training.data.datamodule.singledatamodule][INFO] - Timeincrement set to 1 for data with frequency, 10800, and timestep, 10800
[2025-09-23 08:26:06,003][anemoi.training.train.train][INFO] - Number of data variables: 9
[2025-09-23 08:26:06,003][anemoi.training.train.train][INFO] - Variables: ['t2m', 'mcc', 'msl', 'si10', 'sr', 'wdir10', 'orog', 'ws100', 'wind_power']
[2025-09-23 08:26:06,003][anemoi.training.train.train][INFO] - Total number of prognostic variables: 9
[2025-09-23 08:26:06,003][anemoi.training.train.train][INFO] - Total number of auxiliary variables: 0
[2025-09-23 08:26:06,003][anemoi.training.train.train][INFO] - Total GPU count / model group size: 6 - NB: the learning rate will be scaled by this factor!
[2025-09-23 08:26:06,003][anemoi.training.train.train][INFO] - Effective learning rate: 2.500e-04
[2025-09-23 08:26:06,003][anemoi.training.train.train][INFO] - Training limits: max_epochs=5, max_steps=3000. Training will stop when either limit is reached first. Learning rate scheduler will run for 3000 steps.
[2025-09-23 08:26:06,015][anemoi.models.migrations.migrator][INFO] - Loading migration 1755530253_initial
[2025-09-23 08:26:06,032][anemoi.training.train.train][INFO] - TensorBoard logger enabled
[2025-09-23 08:26:06,061][anemoi.training.train.train][INFO] - Initial seed: Rank 4, initial seed 42000, running with random seed: 42000
[2025-09-23 08:26:06,438][anemoi.models.layers.utils][INFO] - Linear kernel: torch.nn.Linear.
[2025-09-23 08:26:06,438][anemoi.models.layers.utils][INFO] - LayerNorm kernel: torch.nn.LayerNorm.
[2025-09-23 08:26:06,439][anemoi.models.layers.utils][INFO] - Activation kernel: torch.nn.GELU.
[2025-09-23 08:26:06,439][anemoi.models.layers.utils][INFO] - QueryNorm kernel: anemoi.models.layers.normalization.AutocastLayerNorm.
[2025-09-23 08:26:06,440][anemoi.models.layers.utils][INFO] - KeyNorm kernel: anemoi.models.layers.normalization.AutocastLayerNorm.
[2025-09-23 08:26:06,479][anemoi.models.layers.utils][INFO] - Linear kernel: torch.nn.Linear.
[2025-09-23 08:26:06,480][anemoi.models.layers.utils][INFO] - LayerNorm kernel: torch.nn.LayerNorm.
[2025-09-23 08:26:06,480][anemoi.models.layers.utils][INFO] - Activation kernel: torch.nn.GELU.
[2025-09-23 08:26:06,481][anemoi.models.layers.utils][INFO] - QueryNorm kernel: anemoi.models.layers.normalization.AutocastLayerNorm.
[2025-09-23 08:26:06,481][anemoi.models.layers.utils][INFO] - KeyNorm kernel: anemoi.models.layers.normalization.AutocastLayerNorm.
[2025-09-23 08:26:06,572][anemoi.models.layers.utils][INFO] - Linear kernel: torch.nn.Linear.
[2025-09-23 08:26:06,573][anemoi.models.layers.utils][INFO] - LayerNorm kernel: torch.nn.LayerNorm.
[2025-09-23 08:26:06,574][anemoi.models.layers.utils][INFO] - Activation kernel: torch.nn.GELU.
[2025-09-23 08:26:06,574][anemoi.models.layers.utils][INFO] - QueryNorm kernel: anemoi.models.layers.normalization.AutocastLayerNorm.
[2025-09-23 08:26:06,575][anemoi.models.layers.utils][INFO] - KeyNorm kernel: anemoi.models.layers.normalization.AutocastLayerNorm.
[2025-09-23 08:26:06,696][anemoi.training.losses.scalers.variable_level][INFO] - Variable Level Scaling: Applying ReluVariableLevelScaler scaling to pl variables ({'param': []})
[2025-09-23 08:26:06,696][anemoi.training.losses.scalers.variable_level][INFO] - with slope = 0.001 and y-intercept/minimum = 0.2.
[2025-09-23 08:26:06,747][anemoi.training.train.train][INFO] - The following submodules will NOT be trained: []
[2025-09-23 08:27:00,081][anemoi.training.data.datamodule.singledatamodule][WARNING] - Falling back rollout to: 1
[2025-09-23 08:27:00,147][anemoi.training.data.dataset.singledataset][INFO] - Worker 0 (pid 2864287, global_rank 4, model comm group 4)  has low/high range 316 / 325
[2025-09-23 08:27:00,148][anemoi.training.data.dataset.singledataset][INFO] - Worker 0 (validation, pid 2864287, glob. rank 4, model comm group 4, group_rank 0, seed group id 4, base_seed 42000, sanity rnd 0.315034)
[2025-09-23 08:27:00,180][anemoi.training.data.dataset.singledataset][INFO] - Worker 1 (pid 2864383, global_rank 4, model comm group 4)  has low/high range 325 / 334
[2025-09-23 08:27:00,181][anemoi.training.data.dataset.singledataset][INFO] - Worker 1 (validation, pid 2864383, glob. rank 4, model comm group 4, group_rank 0, seed group id 4, base_seed 42000, sanity rnd 0.315034)
[2025-09-23 08:27:00,213][anemoi.training.data.dataset.singledataset][INFO] - Worker 2 (pid 2864479, global_rank 4, model comm group 4)  has low/high range 334 / 343
[2025-09-23 08:27:00,214][anemoi.training.data.dataset.singledataset][INFO] - Worker 2 (validation, pid 2864479, glob. rank 4, model comm group 4, group_rank 0, seed group id 4, base_seed 42000, sanity rnd 0.315034)
[2025-09-23 08:27:00,245][anemoi.training.data.dataset.singledataset][INFO] - Worker 3 (pid 2864575, global_rank 4, model comm group 4)  has low/high range 343 / 352
[2025-09-23 08:27:00,246][anemoi.training.data.dataset.singledataset][INFO] - Worker 3 (validation, pid 2864575, glob. rank 4, model comm group 4, group_rank 0, seed group id 4, base_seed 42000, sanity rnd 0.315034)
[2025-09-23 08:27:00,289][anemoi.training.data.dataset.singledataset][INFO] - Worker 4 (pid 2864671, global_rank 4, model comm group 4)  has low/high range 352 / 361
[2025-09-23 08:27:00,291][anemoi.training.data.dataset.singledataset][INFO] - Worker 4 (validation, pid 2864671, glob. rank 4, model comm group 4, group_rank 0, seed group id 4, base_seed 42000, sanity rnd 0.315034)
[2025-09-23 08:27:00,316][anemoi.training.data.dataset.singledataset][INFO] - Worker 5 (pid 2864767, global_rank 4, model comm group 4)  has low/high range 361 / 370
[2025-09-23 08:27:00,317][anemoi.training.data.dataset.singledataset][INFO] - Worker 5 (validation, pid 2864767, glob. rank 4, model comm group 4, group_rank 0, seed group id 4, base_seed 42000, sanity rnd 0.315034)
[2025-09-23 08:27:00,348][anemoi.training.data.dataset.singledataset][INFO] - Worker 6 (pid 2864860, global_rank 4, model comm group 4)  has low/high range 370 / 379
[2025-09-23 08:27:00,350][anemoi.training.data.dataset.singledataset][INFO] - Worker 6 (validation, pid 2864860, glob. rank 4, model comm group 4, group_rank 0, seed group id 4, base_seed 42000, sanity rnd 0.315034)
[2025-09-23 08:27:00,383][anemoi.models.data_indices.collection][INFO] - The order of the variables in the model matches the order in the data.
[2025-09-23 08:27:00,383][anemoi.training.data.dataset.singledataset][INFO] - Worker 7 (pid 2864961, global_rank 4, model comm group 4)  has low/high range 379 / 388
[2025-09-23 08:27:00,385][anemoi.training.data.dataset.singledataset][INFO] - Worker 7 (validation, pid 2864961, glob. rank 4, model comm group 4, group_rank 0, seed group id 4, base_seed 42000, sanity rnd 0.315034)
[2025-09-23 08:27:04,339][anemoi.training.data.dataset.singledataset][INFO] - Worker 0 (pid 2865189, global_rank 4, model comm group 4)  has low/high range 1944 / 2025
[2025-09-23 08:27:04,341][anemoi.training.data.dataset.singledataset][INFO] - Worker 0 (train, pid 2865189, glob. rank 4, model comm group 4, group_rank 0, seed group id 4, base_seed 42000, sanity rnd 0.315034)
[2025-09-23 08:27:04,378][anemoi.training.data.dataset.singledataset][INFO] - Worker 1 (pid 2865285, global_rank 4, model comm group 4)  has low/high range 2025 / 2106
[2025-09-23 08:27:04,380][anemoi.training.data.dataset.singledataset][INFO] - Worker 1 (train, pid 2865285, glob. rank 4, model comm group 4, group_rank 0, seed group id 4, base_seed 42000, sanity rnd 0.315034)
[2025-09-23 08:27:04,417][anemoi.training.data.dataset.singledataset][INFO] - Worker 2 (pid 2865382, global_rank 4, model comm group 4)  has low/high range 2106 / 2187
[2025-09-23 08:27:04,418][anemoi.training.data.dataset.singledataset][INFO] - Worker 2 (train, pid 2865382, glob. rank 4, model comm group 4, group_rank 0, seed group id 4, base_seed 42000, sanity rnd 0.315034)
[2025-09-23 08:27:04,452][anemoi.training.data.dataset.singledataset][INFO] - Worker 3 (pid 2865478, global_rank 4, model comm group 4)  has low/high range 2187 / 2268
[2025-09-23 08:27:04,454][anemoi.training.data.dataset.singledataset][INFO] - Worker 3 (train, pid 2865478, glob. rank 4, model comm group 4, group_rank 0, seed group id 4, base_seed 42000, sanity rnd 0.315034)
[2025-09-23 08:27:04,492][anemoi.training.data.dataset.singledataset][INFO] - Worker 4 (pid 2865574, global_rank 4, model comm group 4)  has low/high range 2268 / 2349
[2025-09-23 08:27:04,494][anemoi.training.data.dataset.singledataset][INFO] - Worker 4 (train, pid 2865574, glob. rank 4, model comm group 4, group_rank 0, seed group id 4, base_seed 42000, sanity rnd 0.315034)
[2025-09-23 08:27:04,533][anemoi.training.data.dataset.singledataset][INFO] - Worker 5 (pid 2865670, global_rank 4, model comm group 4)  has low/high range 2349 / 2430
[2025-09-23 08:27:04,535][anemoi.training.data.dataset.singledataset][INFO] - Worker 5 (train, pid 2865670, glob. rank 4, model comm group 4, group_rank 0, seed group id 4, base_seed 42000, sanity rnd 0.315034)
[2025-09-23 08:27:04,547][anemoi.models.data_indices.collection][INFO] - The order of the variables in the model matches the order in the data.
[2025-09-23 08:45:17,650][anemoi.models.data_indices.collection][INFO] - The order of the variables in the model matches the order in the data.
[2025-09-23 09:04:16,485][anemoi.models.data_indices.collection][INFO] - The order of the variables in the model matches the order in the data.
[2025-09-23 09:23:15,510][anemoi.models.data_indices.collection][INFO] - The order of the variables in the model matches the order in the data.
[2025-09-23 09:42:14,417][anemoi.models.data_indices.collection][INFO] - The order of the variables in the model matches the order in the data.
[2025-09-23 10:01:13,689][anemoi.models.data_indices.collection][INFO] - The order of the variables in the model matches the order in the data.
