[2025-09-23 08:25:10,459][anemoi.training.train.train][INFO] - Skipping config validation.
[2025-09-23 08:25:10,459][anemoi.training.train.train][INFO] - Starting from checkpoint: False
[2025-09-23 08:25:10,460][anemoi.training.train.train][INFO] - Run id: 9473f691-a592-40d5-b725-541580c630ad
[2025-09-23 08:25:10,460][anemoi.training.train.train][INFO] - Checkpoints path: /mnt/data/weatherloss/WindPower/Runs/checkpoint/9473f691-a592-40d5-b725-541580c630ad
[2025-09-23 08:25:10,460][anemoi.training.train.train][INFO] - Plots path: /mnt/data/weatherloss/WindPower/Runs/plots/9473f691-a592-40d5-b725-541580c630ad
[2025-09-23 08:25:10,823][anemoi.graphs.nodes.builders.from_file][INFO] - Reading the dataset from {'dataset': '/mnt/data/weatherloss/WindPower/data/CERRA5.zarr', 'select': ['t2m', 'mcc', 'msl', 'si10', 'sr', 'wdir10', 'orog', 'ws100', 'wind_power']}.
[2025-09-23 08:25:14,040][anemoi.graphs.edges.builders.knn][INFO] - Using KNN-Edges (with 12 nearest neighbours) between data and hidden.
[2025-09-23 08:25:35,301][anemoi.graphs.edges.builders.knn][INFO] - Using KNN-Edges (with 3 nearest neighbours) between hidden and data.
[2025-09-23 08:25:35,347][anemoi.graphs.create][INFO] - Cleaning graph.
[2025-09-23 08:25:35,347][anemoi.graphs.create][INFO] - _grid_reference_distance deleted from graph.
[2025-09-23 08:25:35,347][anemoi.graphs.create][INFO] - _dataset deleted from graph.
[2025-09-23 08:25:35,347][anemoi.graphs.create][INFO] - _grid_reference_distance deleted from graph.
[2025-09-23 08:25:35,347][anemoi.graphs.create][INFO] - _resolutions deleted from graph.
[2025-09-23 08:25:35,348][anemoi.graphs.create][INFO] - _node_ordering deleted from graph.
[2025-09-23 08:25:35,348][anemoi.graphs.create][INFO] - _nx_graph deleted from graph.
[2025-09-23 08:25:35,439][anemoi.graphs.create][INFO] - Graph saved at /mnt/data/weatherloss/WindPower/Runs/graphs/pretrain_n320.pt.
[2025-09-23 08:25:35,465][anemoi.training.data.datamodule.singledatamodule][WARNING] - Falling back rollout to: 1
[2025-09-23 08:25:35,466][anemoi.training.data.datamodule.singledatamodule][INFO] - Timeincrement set to 1 for data with frequency, 10800, and timestep, 10800
[2025-09-23 08:25:35,467][anemoi.training.train.train][INFO] - Number of data variables: 9
[2025-09-23 08:25:35,467][anemoi.training.train.train][INFO] - Variables: ['t2m', 'mcc', 'msl', 'si10', 'sr', 'wdir10', 'orog', 'ws100', 'wind_power']
[2025-09-23 08:25:35,467][anemoi.training.train.train][INFO] - Total number of prognostic variables: 9
[2025-09-23 08:25:35,467][anemoi.training.train.train][INFO] - Total number of auxiliary variables: 0
[2025-09-23 08:25:35,467][anemoi.training.train.train][INFO] - Total GPU count / model group size: 6 - NB: the learning rate will be scaled by this factor!
[2025-09-23 08:25:35,467][anemoi.training.train.train][INFO] - Effective learning rate: 2.500e-04
[2025-09-23 08:25:35,467][anemoi.training.train.train][INFO] - Training limits: max_epochs=5, max_steps=3000. Training will stop when either limit is reached first. Learning rate scheduler will run for 3000 steps.
[2025-09-23 08:25:35,480][anemoi.models.migrations.migrator][INFO] - Loading migration 1755530253_initial
[2025-09-23 08:25:35,497][anemoi.training.train.train][INFO] - TensorBoard logger enabled
[2025-09-23 08:25:35,498][pytorch_lightning.utilities.rank_zero][INFO] - Using 16bit Automatic Mixed Precision (AMP)
[2025-09-23 08:25:35,506][pytorch_lightning.utilities.rank_zero][INFO] - GPU available: True (cuda), used: True
[2025-09-23 08:25:35,506][pytorch_lightning.utilities.rank_zero][INFO] - TPU available: False, using: 0 TPU cores
[2025-09-23 08:25:35,506][pytorch_lightning.utilities.rank_zero][INFO] - HPU available: False, using: 0 HPUs
[2025-09-23 08:25:35,525][lightning_fabric.utilities.seed][INFO] - Seed set to 42000
[2025-09-23 08:25:35,526][anemoi.training.train.train][INFO] - Initial seed: Rank 0, initial seed 42000, running with random seed: 42000
[2025-09-23 08:25:35,892][anemoi.models.layers.utils][INFO] - Linear kernel: torch.nn.Linear.
[2025-09-23 08:25:35,892][anemoi.models.layers.utils][INFO] - LayerNorm kernel: torch.nn.LayerNorm.
[2025-09-23 08:25:35,893][anemoi.models.layers.utils][INFO] - Activation kernel: torch.nn.GELU.
[2025-09-23 08:25:35,894][anemoi.models.layers.utils][INFO] - QueryNorm kernel: anemoi.models.layers.normalization.AutocastLayerNorm.
[2025-09-23 08:25:35,894][anemoi.models.layers.utils][INFO] - KeyNorm kernel: anemoi.models.layers.normalization.AutocastLayerNorm.
[2025-09-23 08:25:35,931][anemoi.models.layers.utils][INFO] - Linear kernel: torch.nn.Linear.
[2025-09-23 08:25:35,932][anemoi.models.layers.utils][INFO] - LayerNorm kernel: torch.nn.LayerNorm.
[2025-09-23 08:25:35,932][anemoi.models.layers.utils][INFO] - Activation kernel: torch.nn.GELU.
[2025-09-23 08:25:35,932][anemoi.models.layers.utils][INFO] - QueryNorm kernel: anemoi.models.layers.normalization.AutocastLayerNorm.
[2025-09-23 08:25:35,933][anemoi.models.layers.utils][INFO] - KeyNorm kernel: anemoi.models.layers.normalization.AutocastLayerNorm.
[2025-09-23 08:25:36,008][anemoi.models.layers.utils][INFO] - Linear kernel: torch.nn.Linear.
[2025-09-23 08:25:36,008][anemoi.models.layers.utils][INFO] - LayerNorm kernel: torch.nn.LayerNorm.
[2025-09-23 08:25:36,008][anemoi.models.layers.utils][INFO] - Activation kernel: torch.nn.GELU.
[2025-09-23 08:25:36,009][anemoi.models.layers.utils][INFO] - QueryNorm kernel: anemoi.models.layers.normalization.AutocastLayerNorm.
[2025-09-23 08:25:36,009][anemoi.models.layers.utils][INFO] - KeyNorm kernel: anemoi.models.layers.normalization.AutocastLayerNorm.
[2025-09-23 08:25:36,062][anemoi.training.losses.scalers.variable_level][INFO] - Variable Level Scaling: Applying ReluVariableLevelScaler scaling to pl variables ({'param': []})
[2025-09-23 08:25:36,063][anemoi.training.losses.scalers.variable_level][INFO] - with slope = 0.001 and y-intercept/minimum = 0.2.
[2025-09-23 08:25:36,095][anemoi.training.train.train][INFO] - The following submodules will NOT be trained: []
[2025-09-23 08:25:36,172][lightning_fabric.utilities.distributed][INFO] - Initializing distributed: GLOBAL_RANK: 0, MEMBER: 1/6
[2025-09-23 08:26:07,682][pytorch_lightning.utilities.rank_zero][INFO] - ----------------------------------------------------------------------------------------------------
distributed_backend=nccl
All distributed processes registered. Starting with 6 processes
----------------------------------------------------------------------------------------------------

[2025-09-23 08:26:07,830][pytorch_lightning.accelerators.cuda][INFO] - LOCAL_RANK: 0 - CUDA_VISIBLE_DEVICES: [0,1,2,3,4,5]
[2025-09-23 08:26:08,304][lightning_fabric.utilities.seed][INFO] - [rank: 0] Seed set to 42000
[2025-09-23 08:26:08,311][pytorch_lightning.callbacks.model_summary][INFO] - 
  | Name    | Type                 | Params | Mode 
---------------------------------------------------------
0 | model   | AnemoiModelInterface | 43.1 M | train
1 | loss    | MSELoss              | 0      | train
2 | metrics | ModuleDict           | 0      | train
---------------------------------------------------------
43.1 M    Trainable params
0         Non-trainable params
43.1 M    Total params
172.441   Total estimated model params size (MB)
312       Modules in train mode
0         Modules in eval mode
[2025-09-23 08:27:00,081][anemoi.training.data.datamodule.singledatamodule][WARNING] - Falling back rollout to: 1
[2025-09-23 08:27:00,133][anemoi.training.data.dataset.singledataset][INFO] - Worker 0 (pid 2864271, global_rank 0, model comm group 0)  has low/high range 0 / 9
[2025-09-23 08:27:00,135][anemoi.training.data.dataset.singledataset][INFO] - Worker 0 (validation, pid 2864271, glob. rank 0, model comm group 0, group_rank 0, seed group id 0, base_seed 42000, sanity rnd 0.315034)
[2025-09-23 08:27:00,166][anemoi.training.data.dataset.singledataset][INFO] - Worker 1 (pid 2864367, global_rank 0, model comm group 0)  has low/high range 9 / 18
[2025-09-23 08:27:00,167][anemoi.training.data.dataset.singledataset][INFO] - Worker 1 (validation, pid 2864367, glob. rank 0, model comm group 0, group_rank 0, seed group id 0, base_seed 42000, sanity rnd 0.315034)
[2025-09-23 08:27:00,202][anemoi.training.data.dataset.singledataset][INFO] - Worker 2 (pid 2864463, global_rank 0, model comm group 0)  has low/high range 18 / 27
[2025-09-23 08:27:00,203][anemoi.training.data.dataset.singledataset][INFO] - Worker 2 (validation, pid 2864463, glob. rank 0, model comm group 0, group_rank 0, seed group id 0, base_seed 42000, sanity rnd 0.315034)
[2025-09-23 08:27:00,243][anemoi.training.data.dataset.singledataset][INFO] - Worker 3 (pid 2864559, global_rank 0, model comm group 0)  has low/high range 27 / 36
[2025-09-23 08:27:00,245][anemoi.training.data.dataset.singledataset][INFO] - Worker 3 (validation, pid 2864559, glob. rank 0, model comm group 0, group_rank 0, seed group id 0, base_seed 42000, sanity rnd 0.315034)
[2025-09-23 08:27:00,277][anemoi.training.data.dataset.singledataset][INFO] - Worker 4 (pid 2864655, global_rank 0, model comm group 0)  has low/high range 36 / 45
[2025-09-23 08:27:00,279][anemoi.training.data.dataset.singledataset][INFO] - Worker 4 (validation, pid 2864655, glob. rank 0, model comm group 0, group_rank 0, seed group id 0, base_seed 42000, sanity rnd 0.315034)
[2025-09-23 08:27:00,310][anemoi.training.data.dataset.singledataset][INFO] - Worker 5 (pid 2864751, global_rank 0, model comm group 0)  has low/high range 45 / 54
[2025-09-23 08:27:00,311][anemoi.training.data.dataset.singledataset][INFO] - Worker 5 (validation, pid 2864751, glob. rank 0, model comm group 0, group_rank 0, seed group id 0, base_seed 42000, sanity rnd 0.315034)
[2025-09-23 08:27:00,345][anemoi.training.data.dataset.singledataset][INFO] - Worker 6 (pid 2864847, global_rank 0, model comm group 0)  has low/high range 54 / 63
[2025-09-23 08:27:00,346][anemoi.training.data.dataset.singledataset][INFO] - Worker 6 (validation, pid 2864847, glob. rank 0, model comm group 0, group_rank 0, seed group id 0, base_seed 42000, sanity rnd 0.315034)
[2025-09-23 08:27:00,380][anemoi.models.data_indices.collection][INFO] - The order of the variables in the model matches the order in the data.
[2025-09-23 08:27:00,381][anemoi.training.data.dataset.singledataset][INFO] - Worker 7 (pid 2864943, global_rank 0, model comm group 0)  has low/high range 63 / 72
[2025-09-23 08:27:00,382][anemoi.training.data.dataset.singledataset][INFO] - Worker 7 (validation, pid 2864943, glob. rank 0, model comm group 0, group_rank 0, seed group id 0, base_seed 42000, sanity rnd 0.315034)
[2025-09-23 08:27:04,338][anemoi.training.data.dataset.singledataset][INFO] - Worker 0 (pid 2865192, global_rank 0, model comm group 0)  has low/high range 0 / 81
[2025-09-23 08:27:04,339][anemoi.training.data.dataset.singledataset][INFO] - Worker 0 (train, pid 2865192, glob. rank 0, model comm group 0, group_rank 0, seed group id 0, base_seed 42000, sanity rnd 0.315034)
[2025-09-23 08:27:04,384][anemoi.training.data.dataset.singledataset][INFO] - Worker 1 (pid 2865320, global_rank 0, model comm group 0)  has low/high range 81 / 162
[2025-09-23 08:27:04,385][anemoi.training.data.dataset.singledataset][INFO] - Worker 1 (train, pid 2865320, glob. rank 0, model comm group 0, group_rank 0, seed group id 0, base_seed 42000, sanity rnd 0.315034)
[2025-09-23 08:27:04,421][anemoi.training.data.dataset.singledataset][INFO] - Worker 2 (pid 2865431, global_rank 0, model comm group 0)  has low/high range 162 / 243
[2025-09-23 08:27:04,423][anemoi.training.data.dataset.singledataset][INFO] - Worker 2 (train, pid 2865431, glob. rank 0, model comm group 0, group_rank 0, seed group id 0, base_seed 42000, sanity rnd 0.315034)
[2025-09-23 08:27:04,468][anemoi.training.data.dataset.singledataset][INFO] - Worker 3 (pid 2865542, global_rank 0, model comm group 0)  has low/high range 243 / 324
[2025-09-23 08:27:04,469][anemoi.training.data.dataset.singledataset][INFO] - Worker 3 (train, pid 2865542, glob. rank 0, model comm group 0, group_rank 0, seed group id 0, base_seed 42000, sanity rnd 0.315034)
[2025-09-23 08:27:04,507][anemoi.training.data.dataset.singledataset][INFO] - Worker 4 (pid 2865622, global_rank 0, model comm group 0)  has low/high range 324 / 405
[2025-09-23 08:27:04,509][anemoi.training.data.dataset.singledataset][INFO] - Worker 4 (train, pid 2865622, glob. rank 0, model comm group 0, group_rank 0, seed group id 0, base_seed 42000, sanity rnd 0.315034)
[2025-09-23 08:27:04,543][anemoi.training.data.dataset.singledataset][INFO] - Worker 5 (pid 2865786, global_rank 0, model comm group 0)  has low/high range 405 / 486
[2025-09-23 08:27:04,544][anemoi.training.data.dataset.singledataset][INFO] - Worker 5 (train, pid 2865786, glob. rank 0, model comm group 0, group_rank 0, seed group id 0, base_seed 42000, sanity rnd 0.315034)
[2025-09-23 08:27:04,549][anemoi.models.data_indices.collection][INFO] - The order of the variables in the model matches the order in the data.
[2025-09-23 08:45:17,655][anemoi.models.data_indices.collection][INFO] - The order of the variables in the model matches the order in the data.
[2025-09-23 08:46:01,054][anemoi.utils.checkpoints][INFO] - Adding extra information to checkpoint /mnt/data/weatherloss/WindPower/Runs/checkpoint/9473f691-a592-40d5-b725-541580c630ad/inference-last.ckpt
[2025-09-23 08:46:01,054][anemoi.utils.checkpoints][INFO] - Saving metadata to inference-last/anemoi-metadata/ai-models.json
[2025-09-23 08:46:01,055][anemoi.utils.checkpoints][INFO] - Saving supporting array `latitudes` to inference-last/anemoi-metadata/latitudes.numpy (shape=(3355,), dtype=float64)
[2025-09-23 08:46:01,055][anemoi.utils.checkpoints][INFO] - Saving supporting array `longitudes` to inference-last/anemoi-metadata/longitudes.numpy (shape=(3355,), dtype=float64)
[2025-09-23 08:46:02,548][anemoi.utils.checkpoints][INFO] - Adding extra information to checkpoint /mnt/data/weatherloss/WindPower/Runs/checkpoint/9473f691-a592-40d5-b725-541580c630ad/last.ckpt
[2025-09-23 08:46:02,548][anemoi.utils.checkpoints][INFO] - Saving metadata to archive/anemoi-metadata/ai-models.json
[2025-09-23 08:46:02,549][anemoi.utils.checkpoints][INFO] - Saving supporting array `latitudes` to archive/anemoi-metadata/latitudes.numpy (shape=(3355,), dtype=float64)
[2025-09-23 08:46:02,549][anemoi.utils.checkpoints][INFO] - Saving supporting array `longitudes` to archive/anemoi-metadata/longitudes.numpy (shape=(3355,), dtype=float64)
[2025-09-23 08:46:02,784][anemoi.utils.checkpoints][INFO] - Adding extra information to checkpoint /mnt/data/weatherloss/WindPower/Runs/checkpoint/9473f691-a592-40d5-b725-541580c630ad/inference-anemoi-by_epoch-epoch_000-step_000486.ckpt
[2025-09-23 08:46:02,785][anemoi.utils.checkpoints][INFO] - Saving metadata to inference-anemoi-by_epoch-epoch_000-step_000486/anemoi-metadata/ai-models.json
[2025-09-23 08:46:02,785][anemoi.utils.checkpoints][INFO] - Saving supporting array `latitudes` to inference-anemoi-by_epoch-epoch_000-step_000486/anemoi-metadata/latitudes.numpy (shape=(3355,), dtype=float64)
[2025-09-23 08:46:02,785][anemoi.utils.checkpoints][INFO] - Saving supporting array `longitudes` to inference-anemoi-by_epoch-epoch_000-step_000486/anemoi-metadata/longitudes.numpy (shape=(3355,), dtype=float64)
[2025-09-23 08:46:04,216][anemoi.utils.checkpoints][INFO] - Adding extra information to checkpoint /mnt/data/weatherloss/WindPower/Runs/checkpoint/9473f691-a592-40d5-b725-541580c630ad/anemoi-by_epoch-epoch_000-step_000486.ckpt
[2025-09-23 08:46:04,216][anemoi.utils.checkpoints][INFO] - Saving metadata to archive/anemoi-metadata/ai-models.json
[2025-09-23 08:46:04,216][anemoi.utils.checkpoints][INFO] - Saving supporting array `latitudes` to archive/anemoi-metadata/latitudes.numpy (shape=(3355,), dtype=float64)
[2025-09-23 08:46:04,216][anemoi.utils.checkpoints][INFO] - Saving supporting array `longitudes` to archive/anemoi-metadata/longitudes.numpy (shape=(3355,), dtype=float64)
[2025-09-23 08:46:04,576][anemoi.utils.checkpoints][INFO] - Adding extra information to checkpoint /mnt/data/weatherloss/WindPower/Runs/checkpoint/9473f691-a592-40d5-b725-541580c630ad/inference-last.ckpt
[2025-09-23 08:46:04,576][anemoi.utils.checkpoints][INFO] - Saving metadata to inference-last/anemoi-metadata/ai-models.json
[2025-09-23 08:46:04,576][anemoi.utils.checkpoints][INFO] - Saving supporting array `latitudes` to inference-last/anemoi-metadata/latitudes.numpy (shape=(3355,), dtype=float64)
[2025-09-23 08:46:04,576][anemoi.utils.checkpoints][INFO] - Saving supporting array `longitudes` to inference-last/anemoi-metadata/longitudes.numpy (shape=(3355,), dtype=float64)
[2025-09-23 08:46:06,450][anemoi.utils.checkpoints][INFO] - Adding extra information to checkpoint /mnt/data/weatherloss/WindPower/Runs/checkpoint/9473f691-a592-40d5-b725-541580c630ad/last.ckpt
[2025-09-23 08:46:06,450][anemoi.utils.checkpoints][INFO] - Saving metadata to archive/anemoi-metadata/ai-models.json
[2025-09-23 08:46:06,450][anemoi.utils.checkpoints][INFO] - Saving supporting array `latitudes` to archive/anemoi-metadata/latitudes.numpy (shape=(3355,), dtype=float64)
[2025-09-23 08:46:06,450][anemoi.utils.checkpoints][INFO] - Saving supporting array `longitudes` to archive/anemoi-metadata/longitudes.numpy (shape=(3355,), dtype=float64)
[2025-09-23 09:04:16,485][anemoi.models.data_indices.collection][INFO] - The order of the variables in the model matches the order in the data.
[2025-09-23 09:04:59,976][anemoi.utils.checkpoints][INFO] - Adding extra information to checkpoint /mnt/data/weatherloss/WindPower/Runs/checkpoint/9473f691-a592-40d5-b725-541580c630ad/inference-last.ckpt
[2025-09-23 09:04:59,976][anemoi.utils.checkpoints][INFO] - Saving metadata to inference-last/anemoi-metadata/ai-models.json
[2025-09-23 09:04:59,977][anemoi.utils.checkpoints][INFO] - Saving supporting array `latitudes` to inference-last/anemoi-metadata/latitudes.numpy (shape=(3355,), dtype=float64)
[2025-09-23 09:04:59,977][anemoi.utils.checkpoints][INFO] - Saving supporting array `longitudes` to inference-last/anemoi-metadata/longitudes.numpy (shape=(3355,), dtype=float64)
[2025-09-23 09:05:01,675][anemoi.utils.checkpoints][INFO] - Adding extra information to checkpoint /mnt/data/weatherloss/WindPower/Runs/checkpoint/9473f691-a592-40d5-b725-541580c630ad/last.ckpt
[2025-09-23 09:05:01,675][anemoi.utils.checkpoints][INFO] - Saving metadata to archive/anemoi-metadata/ai-models.json
[2025-09-23 09:05:01,676][anemoi.utils.checkpoints][INFO] - Saving supporting array `latitudes` to archive/anemoi-metadata/latitudes.numpy (shape=(3355,), dtype=float64)
[2025-09-23 09:05:01,676][anemoi.utils.checkpoints][INFO] - Saving supporting array `longitudes` to archive/anemoi-metadata/longitudes.numpy (shape=(3355,), dtype=float64)
[2025-09-23 09:05:01,892][anemoi.utils.checkpoints][INFO] - Adding extra information to checkpoint /mnt/data/weatherloss/WindPower/Runs/checkpoint/9473f691-a592-40d5-b725-541580c630ad/inference-anemoi-by_epoch-epoch_001-step_000972.ckpt
[2025-09-23 09:05:01,893][anemoi.utils.checkpoints][INFO] - Saving metadata to inference-anemoi-by_epoch-epoch_001-step_000972/anemoi-metadata/ai-models.json
[2025-09-23 09:05:01,893][anemoi.utils.checkpoints][INFO] - Saving supporting array `latitudes` to inference-anemoi-by_epoch-epoch_001-step_000972/anemoi-metadata/latitudes.numpy (shape=(3355,), dtype=float64)
[2025-09-23 09:05:01,893][anemoi.utils.checkpoints][INFO] - Saving supporting array `longitudes` to inference-anemoi-by_epoch-epoch_001-step_000972/anemoi-metadata/longitudes.numpy (shape=(3355,), dtype=float64)
[2025-09-23 09:05:03,516][anemoi.utils.checkpoints][INFO] - Adding extra information to checkpoint /mnt/data/weatherloss/WindPower/Runs/checkpoint/9473f691-a592-40d5-b725-541580c630ad/anemoi-by_epoch-epoch_001-step_000972.ckpt
[2025-09-23 09:05:03,516][anemoi.utils.checkpoints][INFO] - Saving metadata to archive/anemoi-metadata/ai-models.json
[2025-09-23 09:05:03,517][anemoi.utils.checkpoints][INFO] - Saving supporting array `latitudes` to archive/anemoi-metadata/latitudes.numpy (shape=(3355,), dtype=float64)
[2025-09-23 09:05:03,517][anemoi.utils.checkpoints][INFO] - Saving supporting array `longitudes` to archive/anemoi-metadata/longitudes.numpy (shape=(3355,), dtype=float64)
[2025-09-23 09:05:03,876][anemoi.utils.checkpoints][INFO] - Adding extra information to checkpoint /mnt/data/weatherloss/WindPower/Runs/checkpoint/9473f691-a592-40d5-b725-541580c630ad/inference-last.ckpt
[2025-09-23 09:05:03,876][anemoi.utils.checkpoints][INFO] - Saving metadata to inference-last/anemoi-metadata/ai-models.json
[2025-09-23 09:05:03,876][anemoi.utils.checkpoints][INFO] - Saving supporting array `latitudes` to inference-last/anemoi-metadata/latitudes.numpy (shape=(3355,), dtype=float64)
[2025-09-23 09:05:03,876][anemoi.utils.checkpoints][INFO] - Saving supporting array `longitudes` to inference-last/anemoi-metadata/longitudes.numpy (shape=(3355,), dtype=float64)
[2025-09-23 09:05:05,600][anemoi.utils.checkpoints][INFO] - Adding extra information to checkpoint /mnt/data/weatherloss/WindPower/Runs/checkpoint/9473f691-a592-40d5-b725-541580c630ad/last.ckpt
[2025-09-23 09:05:05,600][anemoi.utils.checkpoints][INFO] - Saving metadata to archive/anemoi-metadata/ai-models.json
[2025-09-23 09:05:05,601][anemoi.utils.checkpoints][INFO] - Saving supporting array `latitudes` to archive/anemoi-metadata/latitudes.numpy (shape=(3355,), dtype=float64)
[2025-09-23 09:05:05,601][anemoi.utils.checkpoints][INFO] - Saving supporting array `longitudes` to archive/anemoi-metadata/longitudes.numpy (shape=(3355,), dtype=float64)
[2025-09-23 09:23:15,503][anemoi.models.data_indices.collection][INFO] - The order of the variables in the model matches the order in the data.
[2025-09-23 09:23:58,968][anemoi.utils.checkpoints][INFO] - Adding extra information to checkpoint /mnt/data/weatherloss/WindPower/Runs/checkpoint/9473f691-a592-40d5-b725-541580c630ad/inference-last.ckpt
[2025-09-23 09:23:58,968][anemoi.utils.checkpoints][INFO] - Saving metadata to inference-last/anemoi-metadata/ai-models.json
[2025-09-23 09:23:58,969][anemoi.utils.checkpoints][INFO] - Saving supporting array `latitudes` to inference-last/anemoi-metadata/latitudes.numpy (shape=(3355,), dtype=float64)
[2025-09-23 09:23:58,969][anemoi.utils.checkpoints][INFO] - Saving supporting array `longitudes` to inference-last/anemoi-metadata/longitudes.numpy (shape=(3355,), dtype=float64)
[2025-09-23 09:24:00,645][anemoi.utils.checkpoints][INFO] - Adding extra information to checkpoint /mnt/data/weatherloss/WindPower/Runs/checkpoint/9473f691-a592-40d5-b725-541580c630ad/last.ckpt
[2025-09-23 09:24:00,645][anemoi.utils.checkpoints][INFO] - Saving metadata to archive/anemoi-metadata/ai-models.json
[2025-09-23 09:24:00,645][anemoi.utils.checkpoints][INFO] - Saving supporting array `latitudes` to archive/anemoi-metadata/latitudes.numpy (shape=(3355,), dtype=float64)
[2025-09-23 09:24:00,645][anemoi.utils.checkpoints][INFO] - Saving supporting array `longitudes` to archive/anemoi-metadata/longitudes.numpy (shape=(3355,), dtype=float64)
[2025-09-23 09:24:00,862][anemoi.utils.checkpoints][INFO] - Adding extra information to checkpoint /mnt/data/weatherloss/WindPower/Runs/checkpoint/9473f691-a592-40d5-b725-541580c630ad/inference-anemoi-by_epoch-epoch_002-step_001458.ckpt
[2025-09-23 09:24:00,862][anemoi.utils.checkpoints][INFO] - Saving metadata to inference-anemoi-by_epoch-epoch_002-step_001458/anemoi-metadata/ai-models.json
[2025-09-23 09:24:00,862][anemoi.utils.checkpoints][INFO] - Saving supporting array `latitudes` to inference-anemoi-by_epoch-epoch_002-step_001458/anemoi-metadata/latitudes.numpy (shape=(3355,), dtype=float64)
[2025-09-23 09:24:00,862][anemoi.utils.checkpoints][INFO] - Saving supporting array `longitudes` to inference-anemoi-by_epoch-epoch_002-step_001458/anemoi-metadata/longitudes.numpy (shape=(3355,), dtype=float64)
[2025-09-23 09:24:02,293][anemoi.utils.checkpoints][INFO] - Adding extra information to checkpoint /mnt/data/weatherloss/WindPower/Runs/checkpoint/9473f691-a592-40d5-b725-541580c630ad/anemoi-by_epoch-epoch_002-step_001458.ckpt
[2025-09-23 09:24:02,293][anemoi.utils.checkpoints][INFO] - Saving metadata to archive/anemoi-metadata/ai-models.json
[2025-09-23 09:24:02,294][anemoi.utils.checkpoints][INFO] - Saving supporting array `latitudes` to archive/anemoi-metadata/latitudes.numpy (shape=(3355,), dtype=float64)
[2025-09-23 09:24:02,294][anemoi.utils.checkpoints][INFO] - Saving supporting array `longitudes` to archive/anemoi-metadata/longitudes.numpy (shape=(3355,), dtype=float64)
[2025-09-23 09:24:02,840][anemoi.utils.checkpoints][INFO] - Adding extra information to checkpoint /mnt/data/weatherloss/WindPower/Runs/checkpoint/9473f691-a592-40d5-b725-541580c630ad/inference-last.ckpt
[2025-09-23 09:24:02,840][anemoi.utils.checkpoints][INFO] - Saving metadata to inference-last/anemoi-metadata/ai-models.json
[2025-09-23 09:24:02,841][anemoi.utils.checkpoints][INFO] - Saving supporting array `latitudes` to inference-last/anemoi-metadata/latitudes.numpy (shape=(3355,), dtype=float64)
[2025-09-23 09:24:02,841][anemoi.utils.checkpoints][INFO] - Saving supporting array `longitudes` to inference-last/anemoi-metadata/longitudes.numpy (shape=(3355,), dtype=float64)
[2025-09-23 09:24:04,519][anemoi.utils.checkpoints][INFO] - Adding extra information to checkpoint /mnt/data/weatherloss/WindPower/Runs/checkpoint/9473f691-a592-40d5-b725-541580c630ad/last.ckpt
[2025-09-23 09:24:04,519][anemoi.utils.checkpoints][INFO] - Saving metadata to archive/anemoi-metadata/ai-models.json
[2025-09-23 09:24:04,520][anemoi.utils.checkpoints][INFO] - Saving supporting array `latitudes` to archive/anemoi-metadata/latitudes.numpy (shape=(3355,), dtype=float64)
[2025-09-23 09:24:04,520][anemoi.utils.checkpoints][INFO] - Saving supporting array `longitudes` to archive/anemoi-metadata/longitudes.numpy (shape=(3355,), dtype=float64)
[2025-09-23 09:42:14,418][anemoi.models.data_indices.collection][INFO] - The order of the variables in the model matches the order in the data.
[2025-09-23 09:42:57,856][anemoi.utils.checkpoints][INFO] - Adding extra information to checkpoint /mnt/data/weatherloss/WindPower/Runs/checkpoint/9473f691-a592-40d5-b725-541580c630ad/inference-last.ckpt
[2025-09-23 09:42:57,856][anemoi.utils.checkpoints][INFO] - Saving metadata to inference-last/anemoi-metadata/ai-models.json
[2025-09-23 09:42:57,856][anemoi.utils.checkpoints][INFO] - Saving supporting array `latitudes` to inference-last/anemoi-metadata/latitudes.numpy (shape=(3355,), dtype=float64)
[2025-09-23 09:42:57,857][anemoi.utils.checkpoints][INFO] - Saving supporting array `longitudes` to inference-last/anemoi-metadata/longitudes.numpy (shape=(3355,), dtype=float64)
[2025-09-23 09:42:59,580][anemoi.utils.checkpoints][INFO] - Adding extra information to checkpoint /mnt/data/weatherloss/WindPower/Runs/checkpoint/9473f691-a592-40d5-b725-541580c630ad/last.ckpt
[2025-09-23 09:42:59,580][anemoi.utils.checkpoints][INFO] - Saving metadata to archive/anemoi-metadata/ai-models.json
[2025-09-23 09:42:59,581][anemoi.utils.checkpoints][INFO] - Saving supporting array `latitudes` to archive/anemoi-metadata/latitudes.numpy (shape=(3355,), dtype=float64)
[2025-09-23 09:42:59,581][anemoi.utils.checkpoints][INFO] - Saving supporting array `longitudes` to archive/anemoi-metadata/longitudes.numpy (shape=(3355,), dtype=float64)
[2025-09-23 09:42:59,808][anemoi.utils.checkpoints][INFO] - Adding extra information to checkpoint /mnt/data/weatherloss/WindPower/Runs/checkpoint/9473f691-a592-40d5-b725-541580c630ad/inference-anemoi-by_epoch-epoch_003-step_001944.ckpt
[2025-09-23 09:42:59,808][anemoi.utils.checkpoints][INFO] - Saving metadata to inference-anemoi-by_epoch-epoch_003-step_001944/anemoi-metadata/ai-models.json
[2025-09-23 09:42:59,808][anemoi.utils.checkpoints][INFO] - Saving supporting array `latitudes` to inference-anemoi-by_epoch-epoch_003-step_001944/anemoi-metadata/latitudes.numpy (shape=(3355,), dtype=float64)
[2025-09-23 09:42:59,808][anemoi.utils.checkpoints][INFO] - Saving supporting array `longitudes` to inference-anemoi-by_epoch-epoch_003-step_001944/anemoi-metadata/longitudes.numpy (shape=(3355,), dtype=float64)
[2025-09-23 09:43:01,233][anemoi.utils.checkpoints][INFO] - Adding extra information to checkpoint /mnt/data/weatherloss/WindPower/Runs/checkpoint/9473f691-a592-40d5-b725-541580c630ad/anemoi-by_epoch-epoch_003-step_001944.ckpt
[2025-09-23 09:43:01,233][anemoi.utils.checkpoints][INFO] - Saving metadata to archive/anemoi-metadata/ai-models.json
[2025-09-23 09:43:01,234][anemoi.utils.checkpoints][INFO] - Saving supporting array `latitudes` to archive/anemoi-metadata/latitudes.numpy (shape=(3355,), dtype=float64)
[2025-09-23 09:43:01,234][anemoi.utils.checkpoints][INFO] - Saving supporting array `longitudes` to archive/anemoi-metadata/longitudes.numpy (shape=(3355,), dtype=float64)
[2025-09-23 09:43:01,592][anemoi.utils.checkpoints][INFO] - Adding extra information to checkpoint /mnt/data/weatherloss/WindPower/Runs/checkpoint/9473f691-a592-40d5-b725-541580c630ad/inference-last.ckpt
[2025-09-23 09:43:01,592][anemoi.utils.checkpoints][INFO] - Saving metadata to inference-last/anemoi-metadata/ai-models.json
[2025-09-23 09:43:01,592][anemoi.utils.checkpoints][INFO] - Saving supporting array `latitudes` to inference-last/anemoi-metadata/latitudes.numpy (shape=(3355,), dtype=float64)
[2025-09-23 09:43:01,592][anemoi.utils.checkpoints][INFO] - Saving supporting array `longitudes` to inference-last/anemoi-metadata/longitudes.numpy (shape=(3355,), dtype=float64)
[2025-09-23 09:43:03,472][anemoi.utils.checkpoints][INFO] - Adding extra information to checkpoint /mnt/data/weatherloss/WindPower/Runs/checkpoint/9473f691-a592-40d5-b725-541580c630ad/last.ckpt
[2025-09-23 09:43:03,473][anemoi.utils.checkpoints][INFO] - Saving metadata to archive/anemoi-metadata/ai-models.json
[2025-09-23 09:43:03,473][anemoi.utils.checkpoints][INFO] - Saving supporting array `latitudes` to archive/anemoi-metadata/latitudes.numpy (shape=(3355,), dtype=float64)
[2025-09-23 09:43:03,473][anemoi.utils.checkpoints][INFO] - Saving supporting array `longitudes` to archive/anemoi-metadata/longitudes.numpy (shape=(3355,), dtype=float64)
[2025-09-23 10:01:13,689][anemoi.models.data_indices.collection][INFO] - The order of the variables in the model matches the order in the data.
[2025-09-23 10:01:57,254][anemoi.utils.checkpoints][INFO] - Adding extra information to checkpoint /mnt/data/weatherloss/WindPower/Runs/checkpoint/9473f691-a592-40d5-b725-541580c630ad/inference-last.ckpt
[2025-09-23 10:01:57,254][anemoi.utils.checkpoints][INFO] - Saving metadata to inference-last/anemoi-metadata/ai-models.json
[2025-09-23 10:01:57,255][anemoi.utils.checkpoints][INFO] - Saving supporting array `latitudes` to inference-last/anemoi-metadata/latitudes.numpy (shape=(3355,), dtype=float64)
[2025-09-23 10:01:57,255][anemoi.utils.checkpoints][INFO] - Saving supporting array `longitudes` to inference-last/anemoi-metadata/longitudes.numpy (shape=(3355,), dtype=float64)
[2025-09-23 10:01:59,012][anemoi.utils.checkpoints][INFO] - Adding extra information to checkpoint /mnt/data/weatherloss/WindPower/Runs/checkpoint/9473f691-a592-40d5-b725-541580c630ad/last.ckpt
[2025-09-23 10:01:59,013][anemoi.utils.checkpoints][INFO] - Saving metadata to archive/anemoi-metadata/ai-models.json
[2025-09-23 10:01:59,013][anemoi.utils.checkpoints][INFO] - Saving supporting array `latitudes` to archive/anemoi-metadata/latitudes.numpy (shape=(3355,), dtype=float64)
[2025-09-23 10:01:59,013][anemoi.utils.checkpoints][INFO] - Saving supporting array `longitudes` to archive/anemoi-metadata/longitudes.numpy (shape=(3355,), dtype=float64)
[2025-09-23 10:01:59,256][anemoi.utils.checkpoints][INFO] - Adding extra information to checkpoint /mnt/data/weatherloss/WindPower/Runs/checkpoint/9473f691-a592-40d5-b725-541580c630ad/inference-anemoi-by_epoch-epoch_004-step_002430.ckpt
[2025-09-23 10:01:59,256][anemoi.utils.checkpoints][INFO] - Saving metadata to inference-anemoi-by_epoch-epoch_004-step_002430/anemoi-metadata/ai-models.json
[2025-09-23 10:01:59,256][anemoi.utils.checkpoints][INFO] - Saving supporting array `latitudes` to inference-anemoi-by_epoch-epoch_004-step_002430/anemoi-metadata/latitudes.numpy (shape=(3355,), dtype=float64)
[2025-09-23 10:01:59,256][anemoi.utils.checkpoints][INFO] - Saving supporting array `longitudes` to inference-anemoi-by_epoch-epoch_004-step_002430/anemoi-metadata/longitudes.numpy (shape=(3355,), dtype=float64)
[2025-09-23 10:02:00,699][anemoi.utils.checkpoints][INFO] - Adding extra information to checkpoint /mnt/data/weatherloss/WindPower/Runs/checkpoint/9473f691-a592-40d5-b725-541580c630ad/anemoi-by_epoch-epoch_004-step_002430.ckpt
[2025-09-23 10:02:00,699][anemoi.utils.checkpoints][INFO] - Saving metadata to archive/anemoi-metadata/ai-models.json
[2025-09-23 10:02:00,700][anemoi.utils.checkpoints][INFO] - Saving supporting array `latitudes` to archive/anemoi-metadata/latitudes.numpy (shape=(3355,), dtype=float64)
[2025-09-23 10:02:00,700][anemoi.utils.checkpoints][INFO] - Saving supporting array `longitudes` to archive/anemoi-metadata/longitudes.numpy (shape=(3355,), dtype=float64)
[2025-09-23 10:02:01,057][anemoi.utils.checkpoints][INFO] - Adding extra information to checkpoint /mnt/data/weatherloss/WindPower/Runs/checkpoint/9473f691-a592-40d5-b725-541580c630ad/inference-last.ckpt
[2025-09-23 10:02:01,057][anemoi.utils.checkpoints][INFO] - Saving metadata to inference-last/anemoi-metadata/ai-models.json
[2025-09-23 10:02:01,058][anemoi.utils.checkpoints][INFO] - Saving supporting array `latitudes` to inference-last/anemoi-metadata/latitudes.numpy (shape=(3355,), dtype=float64)
[2025-09-23 10:02:01,058][anemoi.utils.checkpoints][INFO] - Saving supporting array `longitudes` to inference-last/anemoi-metadata/longitudes.numpy (shape=(3355,), dtype=float64)
[2025-09-23 10:02:02,751][anemoi.utils.checkpoints][INFO] - Adding extra information to checkpoint /mnt/data/weatherloss/WindPower/Runs/checkpoint/9473f691-a592-40d5-b725-541580c630ad/last.ckpt
[2025-09-23 10:02:02,751][anemoi.utils.checkpoints][INFO] - Saving metadata to archive/anemoi-metadata/ai-models.json
[2025-09-23 10:02:02,752][anemoi.utils.checkpoints][INFO] - Saving supporting array `latitudes` to archive/anemoi-metadata/latitudes.numpy (shape=(3355,), dtype=float64)
[2025-09-23 10:02:02,752][anemoi.utils.checkpoints][INFO] - Saving supporting array `longitudes` to archive/anemoi-metadata/longitudes.numpy (shape=(3355,), dtype=float64)
[2025-09-23 10:02:02,756][pytorch_lightning.utilities.rank_zero][INFO] - `Trainer.fit` stopped: `max_epochs=5` reached.
