[2025-09-23 08:25:39,927][anemoi.training.train.train][INFO] - Skipping config validation.
[2025-09-23 08:25:39,927][anemoi.training.train.train][INFO] - Starting from checkpoint: False
[2025-09-23 08:25:39,928][anemoi.training.train.train][INFO] - Run id: dc401984-998f-4648-9509-1dfee7652f1f
[2025-09-23 08:25:39,928][anemoi.training.train.train][INFO] - Checkpoints path: /mnt/data/weatherloss/WindPower/Runs/checkpoint/dc401984-998f-4648-9509-1dfee7652f1f
[2025-09-23 08:25:39,928][anemoi.training.train.train][INFO] - Plots path: /mnt/data/weatherloss/WindPower/Runs/plots/dc401984-998f-4648-9509-1dfee7652f1f
[2025-09-23 08:25:40,289][anemoi.graphs.nodes.builders.from_file][INFO] - Reading the dataset from {'dataset': '/mnt/data/weatherloss/WindPower/data/CERRA5.zarr', 'select': ['t2m', 'mcc', 'msl', 'si10', 'sr', 'wdir10', 'orog', 'ws100', 'wind_power']}.
[2025-09-23 08:25:43,972][anemoi.graphs.edges.builders.knn][INFO] - Using KNN-Edges (with 12 nearest neighbours) between data and hidden.
[2025-09-23 08:26:05,847][anemoi.graphs.edges.builders.knn][INFO] - Using KNN-Edges (with 3 nearest neighbours) between hidden and data.
[2025-09-23 08:26:05,981][anemoi.graphs.create][INFO] - Cleaning graph.
[2025-09-23 08:26:05,981][anemoi.graphs.create][INFO] - _grid_reference_distance deleted from graph.
[2025-09-23 08:26:05,981][anemoi.graphs.create][INFO] - _dataset deleted from graph.
[2025-09-23 08:26:05,981][anemoi.graphs.create][INFO] - _grid_reference_distance deleted from graph.
[2025-09-23 08:26:05,981][anemoi.graphs.create][INFO] - _resolutions deleted from graph.
[2025-09-23 08:26:05,981][anemoi.graphs.create][INFO] - _nx_graph deleted from graph.
[2025-09-23 08:26:05,982][anemoi.graphs.create][INFO] - _node_ordering deleted from graph.
[2025-09-23 08:26:06,077][anemoi.graphs.create][INFO] - Graph saved at /mnt/data/weatherloss/WindPower/Runs/graphs/pretrain_n320.pt.
[2025-09-23 08:26:06,094][anemoi.training.data.datamodule.singledatamodule][WARNING] - Falling back rollout to: 1
[2025-09-23 08:26:06,095][anemoi.training.data.datamodule.singledatamodule][INFO] - Timeincrement set to 1 for data with frequency, 10800, and timestep, 10800
[2025-09-23 08:26:06,095][anemoi.training.train.train][INFO] - Number of data variables: 9
[2025-09-23 08:26:06,095][anemoi.training.train.train][INFO] - Variables: ['t2m', 'mcc', 'msl', 'si10', 'sr', 'wdir10', 'orog', 'ws100', 'wind_power']
[2025-09-23 08:26:06,095][anemoi.training.train.train][INFO] - Total number of prognostic variables: 9
[2025-09-23 08:26:06,095][anemoi.training.train.train][INFO] - Total number of auxiliary variables: 0
[2025-09-23 08:26:06,095][anemoi.training.train.train][INFO] - Total GPU count / model group size: 6 - NB: the learning rate will be scaled by this factor!
[2025-09-23 08:26:06,096][anemoi.training.train.train][INFO] - Effective learning rate: 2.500e-04
[2025-09-23 08:26:06,096][anemoi.training.train.train][INFO] - Training limits: max_epochs=5, max_steps=3000. Training will stop when either limit is reached first. Learning rate scheduler will run for 3000 steps.
[2025-09-23 08:26:06,107][anemoi.models.migrations.migrator][INFO] - Loading migration 1755530253_initial
[2025-09-23 08:26:06,124][anemoi.training.train.train][INFO] - TensorBoard logger enabled
[2025-09-23 08:26:06,153][anemoi.training.train.train][INFO] - Initial seed: Rank 1, initial seed 42000, running with random seed: 42000
[2025-09-23 08:26:06,533][anemoi.models.layers.utils][INFO] - Linear kernel: torch.nn.Linear.
[2025-09-23 08:26:06,534][anemoi.models.layers.utils][INFO] - LayerNorm kernel: torch.nn.LayerNorm.
[2025-09-23 08:26:06,534][anemoi.models.layers.utils][INFO] - Activation kernel: torch.nn.GELU.
[2025-09-23 08:26:06,535][anemoi.models.layers.utils][INFO] - QueryNorm kernel: anemoi.models.layers.normalization.AutocastLayerNorm.
[2025-09-23 08:26:06,536][anemoi.models.layers.utils][INFO] - KeyNorm kernel: anemoi.models.layers.normalization.AutocastLayerNorm.
[2025-09-23 08:26:06,600][anemoi.models.layers.utils][INFO] - Linear kernel: torch.nn.Linear.
[2025-09-23 08:26:06,600][anemoi.models.layers.utils][INFO] - LayerNorm kernel: torch.nn.LayerNorm.
[2025-09-23 08:26:06,601][anemoi.models.layers.utils][INFO] - Activation kernel: torch.nn.GELU.
[2025-09-23 08:26:06,601][anemoi.models.layers.utils][INFO] - QueryNorm kernel: anemoi.models.layers.normalization.AutocastLayerNorm.
[2025-09-23 08:26:06,602][anemoi.models.layers.utils][INFO] - KeyNorm kernel: anemoi.models.layers.normalization.AutocastLayerNorm.
[2025-09-23 08:26:06,743][anemoi.models.layers.utils][INFO] - Linear kernel: torch.nn.Linear.
[2025-09-23 08:26:06,743][anemoi.models.layers.utils][INFO] - LayerNorm kernel: torch.nn.LayerNorm.
[2025-09-23 08:26:06,744][anemoi.models.layers.utils][INFO] - Activation kernel: torch.nn.GELU.
[2025-09-23 08:26:06,745][anemoi.models.layers.utils][INFO] - QueryNorm kernel: anemoi.models.layers.normalization.AutocastLayerNorm.
[2025-09-23 08:26:06,745][anemoi.models.layers.utils][INFO] - KeyNorm kernel: anemoi.models.layers.normalization.AutocastLayerNorm.
[2025-09-23 08:26:06,812][anemoi.training.losses.scalers.variable_level][INFO] - Variable Level Scaling: Applying ReluVariableLevelScaler scaling to pl variables ({'param': []})
[2025-09-23 08:26:06,812][anemoi.training.losses.scalers.variable_level][INFO] - with slope = 0.001 and y-intercept/minimum = 0.2.
[2025-09-23 08:26:06,862][anemoi.training.train.train][INFO] - The following submodules will NOT be trained: []
[2025-09-23 08:27:00,081][anemoi.training.data.datamodule.singledatamodule][WARNING] - Falling back rollout to: 1
[2025-09-23 08:27:00,162][anemoi.training.data.dataset.singledataset][INFO] - Worker 0 (pid 2864306, global_rank 1, model comm group 1)  has low/high range 79 / 88
[2025-09-23 08:27:00,164][anemoi.training.data.dataset.singledataset][INFO] - Worker 0 (validation, pid 2864306, glob. rank 1, model comm group 1, group_rank 0, seed group id 1, base_seed 42000, sanity rnd 0.315034)
[2025-09-23 08:27:00,204][anemoi.training.data.dataset.singledataset][INFO] - Worker 1 (pid 2864432, global_rank 1, model comm group 1)  has low/high range 88 / 97
[2025-09-23 08:27:00,206][anemoi.training.data.dataset.singledataset][INFO] - Worker 1 (validation, pid 2864432, glob. rank 1, model comm group 1, group_rank 0, seed group id 1, base_seed 42000, sanity rnd 0.315034)
[2025-09-23 08:27:00,228][anemoi.training.data.dataset.singledataset][INFO] - Worker 2 (pid 2864530, global_rank 1, model comm group 1)  has low/high range 97 / 106
[2025-09-23 08:27:00,229][anemoi.training.data.dataset.singledataset][INFO] - Worker 2 (validation, pid 2864530, glob. rank 1, model comm group 1, group_rank 0, seed group id 1, base_seed 42000, sanity rnd 0.315034)
[2025-09-23 08:27:00,259][anemoi.training.data.dataset.singledataset][INFO] - Worker 3 (pid 2864592, global_rank 1, model comm group 1)  has low/high range 106 / 115
[2025-09-23 08:27:00,260][anemoi.training.data.dataset.singledataset][INFO] - Worker 3 (validation, pid 2864592, glob. rank 1, model comm group 1, group_rank 0, seed group id 1, base_seed 42000, sanity rnd 0.315034)
[2025-09-23 08:27:00,292][anemoi.training.data.dataset.singledataset][INFO] - Worker 4 (pid 2864688, global_rank 1, model comm group 1)  has low/high range 115 / 124
[2025-09-23 08:27:00,294][anemoi.training.data.dataset.singledataset][INFO] - Worker 4 (validation, pid 2864688, glob. rank 1, model comm group 1, group_rank 0, seed group id 1, base_seed 42000, sanity rnd 0.315034)
[2025-09-23 08:27:00,329][anemoi.training.data.dataset.singledataset][INFO] - Worker 5 (pid 2864799, global_rank 1, model comm group 1)  has low/high range 124 / 133
[2025-09-23 08:27:00,331][anemoi.training.data.dataset.singledataset][INFO] - Worker 5 (validation, pid 2864799, glob. rank 1, model comm group 1, group_rank 0, seed group id 1, base_seed 42000, sanity rnd 0.315034)
[2025-09-23 08:27:00,362][anemoi.training.data.dataset.singledataset][INFO] - Worker 6 (pid 2864880, global_rank 1, model comm group 1)  has low/high range 133 / 142
[2025-09-23 08:27:00,364][anemoi.training.data.dataset.singledataset][INFO] - Worker 6 (validation, pid 2864880, glob. rank 1, model comm group 1, group_rank 0, seed group id 1, base_seed 42000, sanity rnd 0.315034)
[2025-09-23 08:27:00,396][anemoi.training.data.dataset.singledataset][INFO] - Worker 7 (pid 2865017, global_rank 1, model comm group 1)  has low/high range 142 / 151
[2025-09-23 08:27:00,396][anemoi.models.data_indices.collection][INFO] - The order of the variables in the model matches the order in the data.
[2025-09-23 08:27:00,397][anemoi.training.data.dataset.singledataset][INFO] - Worker 7 (validation, pid 2865017, glob. rank 1, model comm group 1, group_rank 0, seed group id 1, base_seed 42000, sanity rnd 0.315034)
[2025-09-23 08:27:04,341][anemoi.training.data.dataset.singledataset][INFO] - Worker 0 (pid 2865194, global_rank 1, model comm group 1)  has low/high range 486 / 567
[2025-09-23 08:27:04,343][anemoi.training.data.dataset.singledataset][INFO] - Worker 0 (train, pid 2865194, glob. rank 1, model comm group 1, group_rank 0, seed group id 1, base_seed 42000, sanity rnd 0.315034)
[2025-09-23 08:27:04,374][anemoi.training.data.dataset.singledataset][INFO] - Worker 1 (pid 2865289, global_rank 1, model comm group 1)  has low/high range 567 / 648
[2025-09-23 08:27:04,376][anemoi.training.data.dataset.singledataset][INFO] - Worker 1 (train, pid 2865289, glob. rank 1, model comm group 1, group_rank 0, seed group id 1, base_seed 42000, sanity rnd 0.315034)
[2025-09-23 08:27:04,417][anemoi.training.data.dataset.singledataset][INFO] - Worker 2 (pid 2865430, global_rank 1, model comm group 1)  has low/high range 648 / 729
[2025-09-23 08:27:04,418][anemoi.training.data.dataset.singledataset][INFO] - Worker 2 (train, pid 2865430, glob. rank 1, model comm group 1, group_rank 0, seed group id 1, base_seed 42000, sanity rnd 0.315034)
[2025-09-23 08:27:04,461][anemoi.training.data.dataset.singledataset][INFO] - Worker 3 (pid 2865541, global_rank 1, model comm group 1)  has low/high range 729 / 810
[2025-09-23 08:27:04,463][anemoi.training.data.dataset.singledataset][INFO] - Worker 3 (train, pid 2865541, glob. rank 1, model comm group 1, group_rank 0, seed group id 1, base_seed 42000, sanity rnd 0.315034)
[2025-09-23 08:27:04,501][anemoi.training.data.dataset.singledataset][INFO] - Worker 4 (pid 2865638, global_rank 1, model comm group 1)  has low/high range 810 / 891
[2025-09-23 08:27:04,502][anemoi.training.data.dataset.singledataset][INFO] - Worker 4 (train, pid 2865638, glob. rank 1, model comm group 1, group_rank 0, seed group id 1, base_seed 42000, sanity rnd 0.315034)
[2025-09-23 08:27:04,548][anemoi.models.data_indices.collection][INFO] - The order of the variables in the model matches the order in the data.
[2025-09-23 08:27:04,548][anemoi.training.data.dataset.singledataset][INFO] - Worker 5 (pid 2865796, global_rank 1, model comm group 1)  has low/high range 891 / 972
[2025-09-23 08:27:04,549][anemoi.training.data.dataset.singledataset][INFO] - Worker 5 (train, pid 2865796, glob. rank 1, model comm group 1, group_rank 0, seed group id 1, base_seed 42000, sanity rnd 0.315034)
[2025-09-23 08:45:17,661][anemoi.models.data_indices.collection][INFO] - The order of the variables in the model matches the order in the data.
[2025-09-23 09:04:16,484][anemoi.models.data_indices.collection][INFO] - The order of the variables in the model matches the order in the data.
[2025-09-23 09:23:15,502][anemoi.models.data_indices.collection][INFO] - The order of the variables in the model matches the order in the data.
[2025-09-23 09:42:14,415][anemoi.models.data_indices.collection][INFO] - The order of the variables in the model matches the order in the data.
[2025-09-23 10:01:13,686][anemoi.models.data_indices.collection][INFO] - The order of the variables in the model matches the order in the data.
