[2025-09-23 08:25:40,593][anemoi.training.train.train][INFO] - Skipping config validation.
[2025-09-23 08:25:40,594][anemoi.training.train.train][INFO] - Starting from checkpoint: False
[2025-09-23 08:25:40,594][anemoi.training.train.train][INFO] - Run id: aa2b4829-b6d1-476f-b983-085996cc0d94
[2025-09-23 08:25:40,594][anemoi.training.train.train][INFO] - Checkpoints path: /mnt/data/weatherloss/WindPower/Runs/checkpoint/aa2b4829-b6d1-476f-b983-085996cc0d94
[2025-09-23 08:25:40,594][anemoi.training.train.train][INFO] - Plots path: /mnt/data/weatherloss/WindPower/Runs/plots/aa2b4829-b6d1-476f-b983-085996cc0d94
[2025-09-23 08:25:40,985][anemoi.graphs.nodes.builders.from_file][INFO] - Reading the dataset from {'dataset': '/mnt/data/weatherloss/WindPower/data/CERRA5.zarr', 'select': ['t2m', 'mcc', 'msl', 'si10', 'sr', 'wdir10', 'orog', 'ws100', 'wind_power']}.
[2025-09-23 08:25:44,496][anemoi.graphs.edges.builders.knn][INFO] - Using KNN-Edges (with 12 nearest neighbours) between data and hidden.
[2025-09-23 08:26:06,424][anemoi.graphs.edges.builders.knn][INFO] - Using KNN-Edges (with 3 nearest neighbours) between hidden and data.
[2025-09-23 08:26:06,470][anemoi.graphs.create][INFO] - Cleaning graph.
[2025-09-23 08:26:06,471][anemoi.graphs.create][INFO] - _grid_reference_distance deleted from graph.
[2025-09-23 08:26:06,471][anemoi.graphs.create][INFO] - _dataset deleted from graph.
[2025-09-23 08:26:06,471][anemoi.graphs.create][INFO] - _grid_reference_distance deleted from graph.
[2025-09-23 08:26:06,471][anemoi.graphs.create][INFO] - _resolutions deleted from graph.
[2025-09-23 08:26:06,471][anemoi.graphs.create][INFO] - _nx_graph deleted from graph.
[2025-09-23 08:26:06,472][anemoi.graphs.create][INFO] - _node_ordering deleted from graph.
[2025-09-23 08:26:06,561][anemoi.graphs.create][INFO] - Graph saved at /mnt/data/weatherloss/WindPower/Runs/graphs/pretrain_n320.pt.
[2025-09-23 08:26:06,591][anemoi.training.data.datamodule.singledatamodule][WARNING] - Falling back rollout to: 1
[2025-09-23 08:26:06,591][anemoi.training.data.datamodule.singledatamodule][INFO] - Timeincrement set to 1 for data with frequency, 10800, and timestep, 10800
[2025-09-23 08:26:06,592][anemoi.training.train.train][INFO] - Number of data variables: 9
[2025-09-23 08:26:06,592][anemoi.training.train.train][INFO] - Variables: ['t2m', 'mcc', 'msl', 'si10', 'sr', 'wdir10', 'orog', 'ws100', 'wind_power']
[2025-09-23 08:26:06,592][anemoi.training.train.train][INFO] - Total number of prognostic variables: 9
[2025-09-23 08:26:06,592][anemoi.training.train.train][INFO] - Total number of auxiliary variables: 0
[2025-09-23 08:26:06,592][anemoi.training.train.train][INFO] - Total GPU count / model group size: 6 - NB: the learning rate will be scaled by this factor!
[2025-09-23 08:26:06,592][anemoi.training.train.train][INFO] - Effective learning rate: 2.500e-04
[2025-09-23 08:26:06,593][anemoi.training.train.train][INFO] - Training limits: max_epochs=5, max_steps=3000. Training will stop when either limit is reached first. Learning rate scheduler will run for 3000 steps.
[2025-09-23 08:26:06,609][anemoi.models.migrations.migrator][INFO] - Loading migration 1755530253_initial
[2025-09-23 08:26:06,635][anemoi.training.train.train][INFO] - TensorBoard logger enabled
[2025-09-23 08:26:06,676][anemoi.training.train.train][INFO] - Initial seed: Rank 5, initial seed 42000, running with random seed: 42000
[2025-09-23 08:26:07,080][anemoi.models.layers.utils][INFO] - Linear kernel: torch.nn.Linear.
[2025-09-23 08:26:07,081][anemoi.models.layers.utils][INFO] - LayerNorm kernel: torch.nn.LayerNorm.
[2025-09-23 08:26:07,081][anemoi.models.layers.utils][INFO] - Activation kernel: torch.nn.GELU.
[2025-09-23 08:26:07,082][anemoi.models.layers.utils][INFO] - QueryNorm kernel: anemoi.models.layers.normalization.AutocastLayerNorm.
[2025-09-23 08:26:07,082][anemoi.models.layers.utils][INFO] - KeyNorm kernel: anemoi.models.layers.normalization.AutocastLayerNorm.
[2025-09-23 08:26:07,118][anemoi.models.layers.utils][INFO] - Linear kernel: torch.nn.Linear.
[2025-09-23 08:26:07,118][anemoi.models.layers.utils][INFO] - LayerNorm kernel: torch.nn.LayerNorm.
[2025-09-23 08:26:07,118][anemoi.models.layers.utils][INFO] - Activation kernel: torch.nn.GELU.
[2025-09-23 08:26:07,119][anemoi.models.layers.utils][INFO] - QueryNorm kernel: anemoi.models.layers.normalization.AutocastLayerNorm.
[2025-09-23 08:26:07,119][anemoi.models.layers.utils][INFO] - KeyNorm kernel: anemoi.models.layers.normalization.AutocastLayerNorm.
[2025-09-23 08:26:07,194][anemoi.models.layers.utils][INFO] - Linear kernel: torch.nn.Linear.
[2025-09-23 08:26:07,194][anemoi.models.layers.utils][INFO] - LayerNorm kernel: torch.nn.LayerNorm.
[2025-09-23 08:26:07,195][anemoi.models.layers.utils][INFO] - Activation kernel: torch.nn.GELU.
[2025-09-23 08:26:07,195][anemoi.models.layers.utils][INFO] - QueryNorm kernel: anemoi.models.layers.normalization.AutocastLayerNorm.
[2025-09-23 08:26:07,196][anemoi.models.layers.utils][INFO] - KeyNorm kernel: anemoi.models.layers.normalization.AutocastLayerNorm.
[2025-09-23 08:26:07,244][anemoi.training.losses.scalers.variable_level][INFO] - Variable Level Scaling: Applying ReluVariableLevelScaler scaling to pl variables ({'param': []})
[2025-09-23 08:26:07,244][anemoi.training.losses.scalers.variable_level][INFO] - with slope = 0.001 and y-intercept/minimum = 0.2.
[2025-09-23 08:26:07,277][anemoi.training.train.train][INFO] - The following submodules will NOT be trained: []
[2025-09-23 08:27:00,081][anemoi.training.data.datamodule.singledatamodule][WARNING] - Falling back rollout to: 1
[2025-09-23 08:27:00,152][anemoi.training.data.dataset.singledataset][INFO] - Worker 0 (pid 2864304, global_rank 5, model comm group 5)  has low/high range 395 / 404
[2025-09-23 08:27:00,153][anemoi.training.data.dataset.singledataset][INFO] - Worker 0 (validation, pid 2864304, glob. rank 5, model comm group 5, group_rank 0, seed group id 5, base_seed 42000, sanity rnd 0.315034)
[2025-09-23 08:27:00,184][anemoi.training.data.dataset.singledataset][INFO] - Worker 1 (pid 2864399, global_rank 5, model comm group 5)  has low/high range 404 / 413
[2025-09-23 08:27:00,185][anemoi.training.data.dataset.singledataset][INFO] - Worker 1 (validation, pid 2864399, glob. rank 5, model comm group 5, group_rank 0, seed group id 5, base_seed 42000, sanity rnd 0.315034)
[2025-09-23 08:27:00,226][anemoi.training.data.dataset.singledataset][INFO] - Worker 2 (pid 2864497, global_rank 5, model comm group 5)  has low/high range 413 / 422
[2025-09-23 08:27:00,228][anemoi.training.data.dataset.singledataset][INFO] - Worker 2 (validation, pid 2864497, glob. rank 5, model comm group 5, group_rank 0, seed group id 5, base_seed 42000, sanity rnd 0.315034)
[2025-09-23 08:27:00,266][anemoi.training.data.dataset.singledataset][INFO] - Worker 3 (pid 2864639, global_rank 5, model comm group 5)  has low/high range 422 / 431
[2025-09-23 08:27:00,267][anemoi.training.data.dataset.singledataset][INFO] - Worker 3 (validation, pid 2864639, glob. rank 5, model comm group 5, group_rank 0, seed group id 5, base_seed 42000, sanity rnd 0.315034)
[2025-09-23 08:27:00,300][anemoi.training.data.dataset.singledataset][INFO] - Worker 4 (pid 2864735, global_rank 5, model comm group 5)  has low/high range 431 / 440
[2025-09-23 08:27:00,301][anemoi.training.data.dataset.singledataset][INFO] - Worker 4 (validation, pid 2864735, glob. rank 5, model comm group 5, group_rank 0, seed group id 5, base_seed 42000, sanity rnd 0.315034)
[2025-09-23 08:27:00,335][anemoi.training.data.dataset.singledataset][INFO] - Worker 5 (pid 2864831, global_rank 5, model comm group 5)  has low/high range 440 / 449
[2025-09-23 08:27:00,336][anemoi.training.data.dataset.singledataset][INFO] - Worker 5 (validation, pid 2864831, glob. rank 5, model comm group 5, group_rank 0, seed group id 5, base_seed 42000, sanity rnd 0.315034)
[2025-09-23 08:27:00,373][anemoi.training.data.dataset.singledataset][INFO] - Worker 6 (pid 2864927, global_rank 5, model comm group 5)  has low/high range 449 / 458
[2025-09-23 08:27:00,375][anemoi.training.data.dataset.singledataset][INFO] - Worker 6 (validation, pid 2864927, glob. rank 5, model comm group 5, group_rank 0, seed group id 5, base_seed 42000, sanity rnd 0.315034)
[2025-09-23 08:27:00,408][anemoi.models.data_indices.collection][INFO] - The order of the variables in the model matches the order in the data.
[2025-09-23 08:27:00,410][anemoi.training.data.dataset.singledataset][INFO] - Worker 7 (pid 2865120, global_rank 5, model comm group 5)  has low/high range 458 / 467
[2025-09-23 08:27:00,411][anemoi.training.data.dataset.singledataset][INFO] - Worker 7 (validation, pid 2865120, glob. rank 5, model comm group 5, group_rank 0, seed group id 5, base_seed 42000, sanity rnd 0.315034)
[2025-09-23 08:27:04,334][anemoi.training.data.dataset.singledataset][INFO] - Worker 0 (pid 2865190, global_rank 5, model comm group 5)  has low/high range 2430 / 2511
[2025-09-23 08:27:04,336][anemoi.training.data.dataset.singledataset][INFO] - Worker 0 (train, pid 2865190, glob. rank 5, model comm group 5, group_rank 0, seed group id 5, base_seed 42000, sanity rnd 0.315034)
[2025-09-23 08:27:04,373][anemoi.training.data.dataset.singledataset][INFO] - Worker 1 (pid 2865287, global_rank 5, model comm group 5)  has low/high range 2511 / 2592
[2025-09-23 08:27:04,375][anemoi.training.data.dataset.singledataset][INFO] - Worker 1 (train, pid 2865287, glob. rank 5, model comm group 5, group_rank 0, seed group id 5, base_seed 42000, sanity rnd 0.315034)
[2025-09-23 08:27:04,412][anemoi.training.data.dataset.singledataset][INFO] - Worker 2 (pid 2865381, global_rank 5, model comm group 5)  has low/high range 2592 / 2673
[2025-09-23 08:27:04,414][anemoi.training.data.dataset.singledataset][INFO] - Worker 2 (train, pid 2865381, glob. rank 5, model comm group 5, group_rank 0, seed group id 5, base_seed 42000, sanity rnd 0.315034)
[2025-09-23 08:27:04,453][anemoi.training.data.dataset.singledataset][INFO] - Worker 3 (pid 2865477, global_rank 5, model comm group 5)  has low/high range 2673 / 2754
[2025-09-23 08:27:04,455][anemoi.training.data.dataset.singledataset][INFO] - Worker 3 (train, pid 2865477, glob. rank 5, model comm group 5, group_rank 0, seed group id 5, base_seed 42000, sanity rnd 0.315034)
[2025-09-23 08:27:04,493][anemoi.training.data.dataset.singledataset][INFO] - Worker 4 (pid 2865573, global_rank 5, model comm group 5)  has low/high range 2754 / 2835
[2025-09-23 08:27:04,494][anemoi.training.data.dataset.singledataset][INFO] - Worker 4 (train, pid 2865573, glob. rank 5, model comm group 5, group_rank 0, seed group id 5, base_seed 42000, sanity rnd 0.315034)
[2025-09-23 08:27:04,532][anemoi.training.data.dataset.singledataset][INFO] - Worker 5 (pid 2865669, global_rank 5, model comm group 5)  has low/high range 2835 / 2916
[2025-09-23 08:27:04,534][anemoi.training.data.dataset.singledataset][INFO] - Worker 5 (train, pid 2865669, glob. rank 5, model comm group 5, group_rank 0, seed group id 5, base_seed 42000, sanity rnd 0.315034)
[2025-09-23 08:27:04,539][anemoi.models.data_indices.collection][INFO] - The order of the variables in the model matches the order in the data.
[2025-09-23 08:45:17,657][anemoi.models.data_indices.collection][INFO] - The order of the variables in the model matches the order in the data.
[2025-09-23 09:04:16,483][anemoi.models.data_indices.collection][INFO] - The order of the variables in the model matches the order in the data.
[2025-09-23 09:23:15,503][anemoi.models.data_indices.collection][INFO] - The order of the variables in the model matches the order in the data.
[2025-09-23 09:42:14,415][anemoi.models.data_indices.collection][INFO] - The order of the variables in the model matches the order in the data.
[2025-09-23 10:01:13,698][anemoi.models.data_indices.collection][INFO] - The order of the variables in the model matches the order in the data.
